1.4474 	WARNING 	We strongly recommend you activate the PTB sound engine in PsychoPy prefs as the preferred audio engine. Its timing is vastly superior. Your prefs are currently set to use ['sounddevice', 'PTB', 'pyo', 'pygame'] (in that order).
7.3104 	WARNING 	Requested an unavailable screen number - using first available.
8.0207 	EXP 	Created window1 = Window(allowGUI=True, allowStencil=False, autoLog=True, backendConf=UNKNOWN, bitsMode=UNKNOWN, blendMode='avg', bpc=(8, 8, 8), color=array([0, 0, 0]), colorSpace='rgb', depthBits=8, fullscr=<method-wrapper '__getattribute__' of attributeSetter object at 0x0000023938063700>, gamma=None, gammaErrorPolicy='raise', lms=UNKNOWN, monitor=<psychopy.monitors.calibTools.Monitor object at 0x000002395E4F5CD0>, multiSample=False, name='window1', numSamples=2, pos=(0, 0), screen=1, size=array([2560, 1440]), stencilBits=0, stereo=False, units='height', useFBO=True, useRetina=False, viewOri=0.0, viewPos=None, viewScale=None, waitBlanking=True, winType='pyglet')
8.0208 	EXP 	window1: mouseVisible = True
8.0209 	EXP 	window1: mouseVisible = False
8.0209 	EXP 	window1: Attempting to measure frame rate of screen (1) ...
8.0209 	EXP 	window1: recordFrameIntervals = False
8.1875 	EXP 	window1: recordFrameIntervals = True
8.3708 	EXP 	Screen (1) actual frame rate measured at 59.96Hz
8.3708 	EXP 	window1: recordFrameIntervals = False
10.0038 	EXP 	Created instrTrainText = TextStim(__class__=<class 'psychopy.visual.text.TextStim'>, alignHoriz=method-wrapper(...), alignText='center', alignVert=method-wrapper(...), anchorHoriz='center', anchorVert='center', antialias=True, autoDraw=False, autoLog=True, bold=False, color=array([1., 1., 1.]), colorSpace='rgb', contrast=1.0, depth=0.0, flipHoriz=False, flipVert=False, font='Arial', fontFiles=[], height=0.04, italic=False, languageStyle='LTR', name='instrTrainText', opacity=1.0, ori=0, pos=array([0., 0.]), rgb=UNKNOWN, text=str(...), units='height', win=Window(...), wrapWidth=1.5)
10.0114 	EXP 	Sound sound_1 set volume 1.000
10.0145 	EXP 	Created fixation = ShapeStim(__class__=<class 'psychopy.visual.shape.ShapeStim'>, anchor=('center', 'center'), autoDraw=False, autoLog=True, closeShape=True, color=method-wrapper(...), colorSpace='rgb', contrast=None, depth=-1.0, fillColor=array([1, 1, 1]), fillColorSpace='rgb', fillRGB=array([1, 1, 1]), interpolate=True, lineColor=array([1., 1., 1.]), lineColorSpace='rgb', lineRGB=array([1, 1, 1]), lineWidth=1.0, name='fixation', opacity=1.0, ori=0.0, pos=array([0., 0.]), size=array([0.15, 0.15]), units='height', vertices=ndarray(...), win=Window(...), windingRule=None)
10.0334 	EXP 	Created screenAfterAudio = ImageStim(__class__=<class 'psychopy.visual.image.ImageStim'>, anchor=('center', 'center'), autoLog=True, color=array([1., 1., 1.]), colorSpace='rgb', contrast=1.0, depth=-2.0, flipHoriz=False, flipVert=False, image='images/grayScreen.png', interpolate=True, mask=None, maskParams=None, name='screenAfterAudio', opacity=1.0, ori=0.0, pos=array([0., 0.]), size=array([0.5, 0.5]), texRes=128.0, units='height', win=Window(...))
10.0348 	EXP 	Created polygon = ShapeStim(__class__=<class 'psychopy.visual.shape.ShapeStim'>, anchor=('center', 'center'), autoDraw=False, autoLog=True, closeShape=True, color=method-wrapper(...), colorSpace='rgb', contrast=None, depth=-4.0, fillColor=array([1, 1, 1]), fillColorSpace='rgb', fillRGB=array([1, 1, 1]), interpolate=True, lineColor=array([1., 1., 1.]), lineColorSpace='rgb', lineRGB=array([1, 1, 1]), lineWidth=1.0, name='polygon', opacity=1.0, ori=0.0, pos=array([0., 0.]), size=array([0.15, 0.15]), units='height', vertices=ndarray(...), win=Window(...), windingRule=None)
10.0479 	EXP 	Created blankScreen = ImageStim(__class__=<class 'psychopy.visual.image.ImageStim'>, anchor=('center', 'center'), autoLog=True, color=array([1., 1., 1.]), colorSpace='rgb', contrast=1.0, depth=-5.0, flipHoriz=False, flipVert=False, image='images/grayScreen.png', interpolate=True, mask=None, maskParams=None, name='blankScreen', opacity=1.0, ori=0.0, pos=array([0., 0.]), size=array([1920., 1080.]), texRes=128, units='height', win=Window(...))
10.1399 	EXP 	Created call1 = ImageStim(__class__=<class 'psychopy.visual.image.ImageStim'>, anchor=('center', 'center'), autoLog=True, color=array([1., 1., 1.]), colorSpace='rgb', contrast=1.0, depth=-6.0, flipHoriz=False, flipVert=False, image='images/adler.png', interpolate=True, mask=None, maskParams=None, name='call1', opacity=1.0, ori=0.0, pos=array([-0.4   ,  0.3125]), size=array([0.18, 0.18]), texRes=128, units='height', win=Window(...))
10.2347 	EXP 	Created call2 = ImageStim(__class__=<class 'psychopy.visual.image.ImageStim'>, anchor=('center', 'center'), autoLog=True, color=array([1., 1., 1.]), colorSpace='rgb', contrast=1.0, depth=-7.0, flipHoriz=False, flipVert=False, image='images/drossel.png', interpolate=True, mask=None, maskParams=None, name='call2', opacity=1.0, ori=0.0, pos=array([-0.4       ,  0.10416667]), size=array([0.18, 0.18]), texRes=128, units='height', win=Window(...))
10.3301 	EXP 	Created call3 = ImageStim(__class__=<class 'psychopy.visual.image.ImageStim'>, anchor=('center', 'center'), autoLog=True, color=array([1., 1., 1.]), colorSpace='rgb', contrast=1.0, depth=-8.0, flipHoriz=False, flipVert=False, image='images/tiger.png', interpolate=True, mask=None, maskParams=None, name='call3', opacity=1.0, ori=0.0, pos=array([-0.4       , -0.10416667]), size=array([0.18, 0.18]), texRes=128, units='height', win=Window(...))
10.4896 	EXP 	Created call4 = ImageStim(__class__=<class 'psychopy.visual.image.ImageStim'>, anchor=('center', 'center'), autoLog=True, color=array([1., 1., 1.]), colorSpace='rgb', contrast=1.0, depth=-9.0, flipHoriz=False, flipVert=False, image='images/unke.png', interpolate=True, mask=None, maskParams=None, name='call4', opacity=1.0, ori=0.0, pos=array([-0.4   , -0.3125]), size=array([0.18, 0.18]), texRes=128, units='height', win=Window(...))
10.5097 	EXP 	Created colour1 = ImageStim(__class__=<class 'psychopy.visual.image.ImageStim'>, anchor=('center', 'center'), autoLog=True, color=array([1., 1., 1.]), colorSpace='rgb', contrast=1.0, depth=-10.0, flipHoriz=False, flipVert=False, image='images/gelb.png', interpolate=True, mask=None, maskParams=None, name='colour1', opacity=1.0, ori=0.0, pos=array([0.    , 0.3125]), size=array([0.18, 0.18]), texRes=128, units='height', win=Window(...))
10.5299 	EXP 	Created colour2 = ImageStim(__class__=<class 'psychopy.visual.image.ImageStim'>, anchor=('center', 'center'), autoLog=True, color=array([1., 1., 1.]), colorSpace='rgb', contrast=1.0, depth=-11.0, flipHoriz=False, flipVert=False, image='images/gruen.png', interpolate=True, mask=None, maskParams=None, name='colour2', opacity=1.0, ori=0.0, pos=array([0.        , 0.10416667]), size=array([0.18, 0.18]), texRes=128, units='height', win=Window(...))
10.5522 	EXP 	Created colour3 = ImageStim(__class__=<class 'psychopy.visual.image.ImageStim'>, anchor=('center', 'center'), autoLog=True, color=array([1., 1., 1.]), colorSpace='rgb', contrast=1.0, depth=-12.0, flipHoriz=False, flipVert=False, image='images/rot.png', interpolate=True, mask=None, maskParams=None, name='colour3', opacity=1.0, ori=0.0, pos=array([ 0.        , -0.10416667]), size=array([0.18, 0.18]), texRes=128, units='height', win=Window(...))
10.5729 	EXP 	Created colour4 = ImageStim(__class__=<class 'psychopy.visual.image.ImageStim'>, anchor=('center', 'center'), autoLog=True, color=array([1., 1., 1.]), colorSpace='rgb', contrast=1.0, depth=-13.0, flipHoriz=False, flipVert=False, image='images/weiss.png', interpolate=True, mask=None, maskParams=None, name='colour4', opacity=1.0, ori=0.0, pos=array([ 0.    , -0.3125]), size=array([0.18, 0.18]), texRes=128, units='height', win=Window(...))
10.5926 	EXP 	Created number1 = ImageStim(__class__=<class 'psychopy.visual.image.ImageStim'>, anchor=('center', 'center'), autoLog=True, color=array([1., 1., 1.]), colorSpace='rgb', contrast=1.0, depth=-14.0, flipHoriz=False, flipVert=False, image='images/1.png', interpolate=True, mask=None, maskParams=None, name='number1', opacity=1.0, ori=0.0, pos=array([0.4   , 0.3125]), size=array([0.18, 0.18]), texRes=128, units='height', win=Window(...))
10.6138 	EXP 	Created number2 = ImageStim(__class__=<class 'psychopy.visual.image.ImageStim'>, anchor=('center', 'center'), autoLog=True, color=array([1., 1., 1.]), colorSpace='rgb', contrast=1.0, depth=-15.0, flipHoriz=False, flipVert=False, image='images/2.png', interpolate=True, mask=None, maskParams=None, name='number2', opacity=1.0, ori=0.0, pos=array([0.4       , 0.10416667]), size=array([0.18, 0.18]), texRes=128, units='height', win=Window(...))
10.6324 	EXP 	Created number3 = ImageStim(__class__=<class 'psychopy.visual.image.ImageStim'>, anchor=('center', 'center'), autoLog=True, color=array([1., 1., 1.]), colorSpace='rgb', contrast=1.0, depth=-16.0, flipHoriz=False, flipVert=False, image='images/3.png', interpolate=True, mask=None, maskParams=None, name='number3', opacity=1.0, ori=0.0, pos=array([ 0.4       , -0.10416667]), size=array([0.18, 0.18]), texRes=128, units='height', win=Window(...))
10.6522 	EXP 	Created number4 = ImageStim(__class__=<class 'psychopy.visual.image.ImageStim'>, anchor=('center', 'center'), autoLog=True, color=array([1., 1., 1.]), colorSpace='rgb', contrast=1.0, depth=-17.0, flipHoriz=False, flipVert=False, image='images/4.png', interpolate=True, mask=None, maskParams=None, name='number4', opacity=1.0, ori=0.0, pos=array([ 0.4   , -0.3125]), size=array([0.18, 0.18]), texRes=128, units='height', win=Window(...))
10.6525 	EXP 	window1: mouseVisible = True
10.6526 	EXP 	window1: mouseVisible = True
10.6526 	EXP 	window1: mouseVisible = True
10.6716 	EXP 	Created blankScreenAfterResponse = ImageStim(__class__=<class 'psychopy.visual.image.ImageStim'>, anchor=('center', 'center'), autoLog=True, color=array([1., 1., 1.]), colorSpace='rgb', contrast=1.0, depth=-26.0, flipHoriz=False, flipVert=False, image='images/blankScreen.png', interpolate=True, mask=None, maskParams=None, name='blankScreenAfterResponse', opacity=1.0, ori=0.0, pos=array([0., 0.]), size=array([1920., 1080.]), texRes=128, units='height', win=Window(...))
10.6825 	EXP 	Created instrExpText = TextStim(__class__=<class 'psychopy.visual.text.TextStim'>, alignHoriz=method-wrapper(...), alignText='center', alignVert=method-wrapper(...), anchorHoriz='center', anchorVert='center', antialias=True, autoDraw=False, autoLog=True, bold=False, color=array([1., 1., 1.]), colorSpace='rgb', contrast=1.0, depth=0.0, flipHoriz=False, flipVert=False, font='Arial', fontFiles=[], height=0.04, italic=False, languageStyle='LTR', name='instrExpText', opacity=1.0, ori=0, pos=array([0., 0.]), rgb=UNKNOWN, text=str(...), units='height', win=Window(...), wrapWidth=1)
10.6904 	EXP 	Created thanksText = TextStim(__class__=<class 'psychopy.visual.text.TextStim'>, alignHoriz=method-wrapper(...), alignText='center', alignVert=method-wrapper(...), anchorHoriz='center', anchorVert='center', antialias=True, autoDraw=False, autoLog=True, bold=False, color=array([1., 1., 1.]), colorSpace='rgb', contrast=1.0, depth=0.0, flipHoriz=False, flipVert=False, font='Arial', fontFiles=[], height=0.04, italic=False, languageStyle='LTR', name='thanksText', opacity=1.0, ori=0, pos=array([0., 0.]), rgb=UNKNOWN, text=str(...), units='height', win=Window(...), wrapWidth=1)
10.6906 	EXP 	window1: mouseVisible = False
10.7062 	EXP 	instrTrainText: autoDraw = True
12.0923 	EXP 	Imported stimList.xlsx as conditions, 4 conditions, 5 params
12.0926 	EXP 	Created sequence: sequential, trialTypes=4, nReps=1, seed=None
12.0929 	EXP 	New trial (rep=0, index=0): {'audioFile': 'audio/zh_sp01_Ad_Ge_1.wav', 'speaker': 'sp01', 'callSign': 'Ad', 'colour': 'Ge', 'number': 1}
12.1826 	DATA 	Keypress: space
12.1906 	EXP 	instrTrainText: autoDraw = False
12.1906 	EXP 	fixation: autoDraw = True
15.5744 	EXP 	window1: mouseVisible = False
15.5936 	EXP 	fixation: autoDraw = False
15.5936 	EXP 	screenAfterAudio: autoDraw = True
15.5936 	EXP 	screenAfterAudio: autoDraw = False
15.5936 	EXP 	fixation: autoDraw = False
15.5936 	EXP 	screenAfterAudio: autoDraw = False
15.5936 	EXP 	call1: texRes = 128
15.5936 	EXP 	call2: texRes = 128
15.5936 	EXP 	call3: texRes = 128
15.5936 	EXP 	call4: texRes = 128
15.5936 	EXP 	colour1: texRes = 128
15.5936 	EXP 	colour2: texRes = 128
15.5936 	EXP 	colour3: texRes = 128
15.5936 	EXP 	colour4: texRes = 128
15.5936 	EXP 	number1: texRes = 128
15.5936 	EXP 	number2: texRes = 128
15.5936 	EXP 	number3: texRes = 128
15.5936 	EXP 	number4: texRes = 128
15.5936 	EXP 	polygon: autoDraw = True
15.5936 	EXP 	blankScreen: autoDraw = True
15.5938 	EXP 	window1: mouseVisible = False
15.6114 	EXP 	window1: mouseVisible = False
15.6271 	EXP 	window1: mouseVisible = False
15.6439 	EXP 	window1: mouseVisible = False
15.6612 	EXP 	window1: mouseVisible = False
15.6772 	EXP 	window1: mouseVisible = False
15.6943 	EXP 	window1: mouseVisible = False
15.7104 	EXP 	window1: mouseVisible = False
15.7276 	EXP 	window1: mouseVisible = False
15.7443 	EXP 	window1: mouseVisible = False
15.7605 	EXP 	window1: mouseVisible = False
15.7773 	EXP 	window1: mouseVisible = False
15.7942 	EXP 	window1: mouseVisible = False
15.8104 	EXP 	window1: mouseVisible = False
15.8273 	EXP 	window1: mouseVisible = False
15.8444 	EXP 	window1: mouseVisible = False
15.8606 	EXP 	window1: mouseVisible = False
15.8776 	EXP 	window1: mouseVisible = False
15.8946 	EXP 	window1: mouseVisible = False
15.9106 	EXP 	window1: mouseVisible = False
15.9274 	EXP 	window1: mouseVisible = False
15.9440 	EXP 	window1: mouseVisible = False
15.9608 	EXP 	window1: mouseVisible = False
15.9778 	EXP 	window1: mouseVisible = False
15.9946 	EXP 	window1: mouseVisible = False
16.0107 	EXP 	window1: mouseVisible = False
16.0275 	EXP 	window1: mouseVisible = False
16.0446 	EXP 	window1: mouseVisible = False
16.0607 	EXP 	window1: mouseVisible = False
16.0780 	EXP 	window1: mouseVisible = False
16.0943 	EXP 	window1: mouseVisible = False
16.1108 	EXP 	window1: mouseVisible = False
16.1279 	EXP 	window1: mouseVisible = False
16.1443 	EXP 	window1: mouseVisible = False
16.1609 	EXP 	window1: mouseVisible = False
16.1781 	EXP 	window1: mouseVisible = False
16.1942 	EXP 	window1: mouseVisible = False
16.2108 	EXP 	window1: mouseVisible = False
16.2280 	EXP 	window1: mouseVisible = False
16.2447 	EXP 	window1: mouseVisible = False
16.2610 	EXP 	window1: mouseVisible = False
16.2781 	EXP 	window1: mouseVisible = False
16.2947 	EXP 	window1: mouseVisible = False
16.3112 	EXP 	window1: mouseVisible = False
16.3280 	EXP 	window1: mouseVisible = False
16.3447 	EXP 	window1: mouseVisible = False
16.3611 	EXP 	window1: mouseVisible = False
16.3784 	EXP 	window1: mouseVisible = False
16.3946 	EXP 	window1: mouseVisible = False
16.4110 	EXP 	window1: mouseVisible = False
16.4283 	EXP 	window1: mouseVisible = False
16.4450 	EXP 	window1: mouseVisible = False
16.4610 	EXP 	window1: mouseVisible = False
16.4785 	EXP 	window1: mouseVisible = False
16.4946 	EXP 	window1: mouseVisible = False
16.5111 	EXP 	window1: mouseVisible = False
16.5282 	EXP 	window1: mouseVisible = False
16.5449 	EXP 	window1: mouseVisible = False
16.5613 	EXP 	window1: mouseVisible = False
16.5780 	EXP 	window1: mouseVisible = False
16.5944 	EXP 	polygon: autoDraw = False
16.5944 	EXP 	blankScreen: autoDraw = False
16.5944 	EXP 	call1: autoDraw = True
16.5944 	EXP 	call2: autoDraw = True
16.5944 	EXP 	call3: autoDraw = True
16.5944 	EXP 	call4: autoDraw = True
16.5944 	EXP 	colour1: autoDraw = True
16.5944 	EXP 	colour2: autoDraw = True
16.5944 	EXP 	colour3: autoDraw = True
16.5944 	EXP 	colour4: autoDraw = True
16.5944 	EXP 	number1: autoDraw = True
16.5944 	EXP 	number2: autoDraw = True
16.5944 	EXP 	number3: autoDraw = True
16.5944 	EXP 	number4: autoDraw = True
16.5946 	EXP 	window1: mouseVisible = False
16.5948 	EXP 	window1: mouseVisible = True
16.6112 	EXP 	window1: mouseVisible = False
16.6115 	EXP 	window1: mouseVisible = True
16.6284 	EXP 	window1: mouseVisible = False
16.6288 	EXP 	window1: mouseVisible = True
16.6449 	EXP 	window1: mouseVisible = False
16.6452 	EXP 	window1: mouseVisible = True
16.6616 	EXP 	window1: mouseVisible = False
16.6620 	EXP 	window1: mouseVisible = True
16.6786 	EXP 	window1: mouseVisible = False
16.6790 	EXP 	window1: mouseVisible = True
16.6949 	EXP 	window1: mouseVisible = False
16.6951 	EXP 	window1: mouseVisible = True
16.7113 	EXP 	window1: mouseVisible = False
16.7116 	EXP 	window1: mouseVisible = True
16.7282 	EXP 	window1: mouseVisible = False
16.7284 	EXP 	window1: mouseVisible = True
16.7452 	EXP 	window1: mouseVisible = False
16.7455 	EXP 	window1: mouseVisible = True
16.7623 	EXP 	window1: mouseVisible = False
16.7627 	EXP 	window1: mouseVisible = True
16.7782 	EXP 	window1: mouseVisible = False
16.7784 	EXP 	window1: mouseVisible = True
16.7950 	EXP 	window1: mouseVisible = False
16.7952 	EXP 	window1: mouseVisible = True
16.8115 	EXP 	window1: mouseVisible = False
16.8117 	EXP 	window1: mouseVisible = True
16.8285 	EXP 	window1: mouseVisible = False
16.8287 	EXP 	window1: mouseVisible = True
16.8455 	EXP 	window1: mouseVisible = False
16.8459 	EXP 	window1: mouseVisible = True
16.8615 	EXP 	window1: mouseVisible = False
16.8619 	EXP 	window1: mouseVisible = True
16.8783 	EXP 	window1: mouseVisible = False
16.8786 	EXP 	window1: mouseVisible = True
16.8950 	EXP 	window1: mouseVisible = False
16.8953 	EXP 	window1: mouseVisible = True
16.9115 	EXP 	window1: mouseVisible = False
16.9119 	EXP 	window1: mouseVisible = True
16.9286 	EXP 	window1: mouseVisible = False
16.9289 	EXP 	window1: mouseVisible = True
16.9451 	EXP 	window1: mouseVisible = False
16.9454 	EXP 	window1: mouseVisible = True
16.9616 	EXP 	window1: mouseVisible = False
16.9619 	EXP 	window1: mouseVisible = True
16.9790 	EXP 	window1: mouseVisible = False
16.9793 	EXP 	window1: mouseVisible = True
16.9951 	EXP 	window1: mouseVisible = False
16.9954 	EXP 	window1: mouseVisible = True
17.0116 	EXP 	window1: mouseVisible = False
17.0119 	EXP 	window1: mouseVisible = True
17.0285 	EXP 	window1: mouseVisible = False
17.0290 	EXP 	window1: mouseVisible = True
17.0451 	EXP 	window1: mouseVisible = False
17.0456 	EXP 	window1: mouseVisible = True
17.0618 	EXP 	window1: mouseVisible = False
17.0621 	EXP 	window1: mouseVisible = True
17.0786 	EXP 	window1: mouseVisible = False
17.0788 	EXP 	window1: mouseVisible = True
17.0953 	EXP 	window1: mouseVisible = False
17.0957 	EXP 	window1: mouseVisible = True
17.1123 	EXP 	window1: mouseVisible = False
17.1128 	EXP 	window1: mouseVisible = True
17.1290 	EXP 	window1: mouseVisible = False
17.1292 	EXP 	window1: mouseVisible = True
17.1454 	EXP 	window1: mouseVisible = False
17.1458 	EXP 	window1: mouseVisible = True
17.1617 	EXP 	window1: mouseVisible = False
17.1619 	EXP 	window1: mouseVisible = True
17.1786 	EXP 	window1: mouseVisible = False
17.1791 	EXP 	window1: mouseVisible = True
17.1952 	EXP 	window1: mouseVisible = False
17.1955 	EXP 	window1: mouseVisible = True
17.2119 	EXP 	window1: mouseVisible = False
17.2121 	EXP 	window1: mouseVisible = True
17.2291 	EXP 	window1: mouseVisible = False
17.2295 	EXP 	window1: mouseVisible = True
17.2453 	EXP 	window1: mouseVisible = False
17.2457 	EXP 	window1: mouseVisible = True
17.2619 	EXP 	window1: mouseVisible = False
17.2622 	EXP 	window1: mouseVisible = True
17.2793 	EXP 	window1: mouseVisible = False
17.2795 	EXP 	window1: mouseVisible = True
17.2953 	EXP 	window1: mouseVisible = False
17.2957 	EXP 	window1: mouseVisible = True
17.3119 	EXP 	window1: mouseVisible = False
17.3121 	EXP 	window1: mouseVisible = True
17.3289 	EXP 	window1: mouseVisible = False
17.3292 	EXP 	window1: mouseVisible = True
17.3455 	EXP 	window1: mouseVisible = False
17.3458 	EXP 	window1: mouseVisible = True
17.3621 	EXP 	window1: mouseVisible = False
17.3623 	EXP 	window1: mouseVisible = True
17.3786 	EXP 	window1: mouseVisible = False
17.3788 	EXP 	window1: mouseVisible = True
17.3953 	EXP 	window1: mouseVisible = False
17.3957 	EXP 	window1: mouseVisible = True
17.4121 	EXP 	window1: mouseVisible = False
17.4124 	EXP 	window1: mouseVisible = True
17.4289 	EXP 	window1: mouseVisible = False
17.4294 	EXP 	window1: mouseVisible = True
17.4454 	EXP 	window1: mouseVisible = False
17.4457 	EXP 	window1: mouseVisible = True
17.4625 	EXP 	window1: mouseVisible = False
17.4628 	EXP 	window1: mouseVisible = True
17.4795 	EXP 	window1: mouseVisible = False
17.4799 	EXP 	window1: mouseVisible = True
17.4955 	EXP 	window1: mouseVisible = False
17.4957 	EXP 	window1: mouseVisible = True
17.5122 	EXP 	window1: mouseVisible = False
17.5125 	EXP 	window1: mouseVisible = True
17.5293 	EXP 	window1: mouseVisible = False
17.5297 	EXP 	window1: mouseVisible = True
17.5455 	EXP 	window1: mouseVisible = False
17.5458 	EXP 	window1: mouseVisible = True
17.5627 	EXP 	window1: mouseVisible = False
17.5630 	EXP 	window1: mouseVisible = True
17.5796 	EXP 	window1: mouseVisible = False
17.5799 	EXP 	window1: mouseVisible = True
17.5956 	EXP 	window1: mouseVisible = False
17.5958 	EXP 	window1: mouseVisible = True
17.6122 	EXP 	window1: mouseVisible = False
17.6125 	EXP 	window1: mouseVisible = True
17.6297 	EXP 	window1: mouseVisible = False
17.6300 	EXP 	window1: mouseVisible = True
17.6457 	EXP 	window1: mouseVisible = False
17.6459 	EXP 	window1: mouseVisible = True
17.6629 	EXP 	window1: mouseVisible = False
17.6632 	EXP 	window1: mouseVisible = True
17.6790 	EXP 	window1: mouseVisible = False
17.6794 	EXP 	window1: mouseVisible = True
17.6959 	EXP 	window1: mouseVisible = False
17.6963 	EXP 	window1: mouseVisible = True
17.7123 	EXP 	window1: mouseVisible = False
17.7126 	EXP 	window1: mouseVisible = True
17.7295 	EXP 	window1: mouseVisible = False
17.7298 	EXP 	window1: mouseVisible = True
17.7457 	EXP 	window1: mouseVisible = False
17.7460 	EXP 	window1: mouseVisible = True
17.7624 	EXP 	window1: mouseVisible = False
17.7627 	EXP 	window1: mouseVisible = True
17.7794 	EXP 	window1: mouseVisible = False
17.7798 	EXP 	window1: mouseVisible = True
17.7958 	EXP 	window1: mouseVisible = False
17.7962 	EXP 	window1: mouseVisible = True
17.8123 	EXP 	window1: mouseVisible = False
17.8127 	EXP 	window1: mouseVisible = True
17.8297 	EXP 	window1: mouseVisible = False
17.8302 	EXP 	window1: mouseVisible = True
17.8458 	EXP 	window1: mouseVisible = False
17.8461 	EXP 	window1: mouseVisible = True
17.8623 	EXP 	window1: mouseVisible = False
17.8626 	EXP 	window1: mouseVisible = True
17.8792 	EXP 	window1: mouseVisible = False
17.8794 	EXP 	window1: mouseVisible = True
17.8958 	EXP 	window1: mouseVisible = False
17.8962 	EXP 	window1: mouseVisible = True
17.9123 	EXP 	window1: mouseVisible = False
17.9127 	EXP 	window1: mouseVisible = True
17.9293 	EXP 	window1: mouseVisible = False
17.9295 	EXP 	window1: mouseVisible = True
17.9459 	EXP 	window1: mouseVisible = False
17.9462 	EXP 	window1: mouseVisible = True
17.9626 	EXP 	window1: mouseVisible = False
17.9628 	EXP 	window1: mouseVisible = True
17.9795 	EXP 	window1: mouseVisible = False
17.9798 	EXP 	window1: mouseVisible = True
17.9959 	EXP 	window1: mouseVisible = False
17.9963 	EXP 	window1: mouseVisible = True
18.0126 	EXP 	window1: mouseVisible = False
18.0129 	EXP 	window1: mouseVisible = True
18.0298 	EXP 	window1: mouseVisible = False
18.0302 	EXP 	window1: mouseVisible = True
18.0464 	EXP 	window1: mouseVisible = False
18.0468 	EXP 	window1: mouseVisible = True
18.0626 	EXP 	window1: mouseVisible = False
18.0629 	EXP 	window1: mouseVisible = True
18.0632 	DATA 	Mouse: Left button down, pos=(994,840)
18.0798 	EXP 	window1: mouseVisible = False
18.0801 	EXP 	window1: mouseVisible = True
18.0961 	EXP 	window1: mouseVisible = False
18.0965 	EXP 	window1: mouseVisible = True
18.1131 	EXP 	window1: mouseVisible = False
18.1134 	EXP 	window1: mouseVisible = True
18.1296 	EXP 	window1: mouseVisible = False
18.1298 	EXP 	window1: mouseVisible = True
18.1460 	EXP 	window1: mouseVisible = False
18.1463 	EXP 	window1: mouseVisible = True
18.1628 	EXP 	window1: mouseVisible = False
18.1631 	EXP 	window1: mouseVisible = True
18.1795 	EXP 	window1: mouseVisible = False
18.1799 	EXP 	window1: mouseVisible = True
18.1803 	DATA 	Mouse:  Left button up, pos=(994,840)
18.1962 	EXP 	window1: mouseVisible = False
18.1965 	EXP 	window1: mouseVisible = True
18.2126 	EXP 	window1: mouseVisible = False
18.2128 	EXP 	window1: mouseVisible = True
18.2297 	EXP 	window1: mouseVisible = False
18.2300 	EXP 	window1: mouseVisible = True
18.2462 	EXP 	window1: mouseVisible = False
18.2467 	EXP 	window1: mouseVisible = True
18.2628 	EXP 	window1: mouseVisible = False
18.2631 	EXP 	window1: mouseVisible = True
18.2798 	EXP 	window1: mouseVisible = False
18.2801 	EXP 	window1: mouseVisible = True
18.2962 	EXP 	window1: mouseVisible = False
18.2966 	EXP 	window1: mouseVisible = True
18.3129 	EXP 	window1: mouseVisible = False
18.3131 	EXP 	window1: mouseVisible = True
18.3300 	EXP 	window1: mouseVisible = False
18.3302 	EXP 	window1: mouseVisible = True
18.3462 	EXP 	window1: mouseVisible = False
18.3465 	EXP 	window1: mouseVisible = True
18.3632 	EXP 	window1: mouseVisible = False
18.3635 	EXP 	window1: mouseVisible = True
18.3795 	EXP 	window1: mouseVisible = False
18.3798 	EXP 	window1: mouseVisible = True
18.3962 	EXP 	window1: mouseVisible = False
18.3965 	EXP 	window1: mouseVisible = True
18.4136 	EXP 	window1: mouseVisible = False
18.4142 	EXP 	window1: mouseVisible = True
18.4296 	EXP 	window1: mouseVisible = False
18.4298 	EXP 	window1: mouseVisible = True
18.4463 	EXP 	window1: mouseVisible = False
18.4465 	EXP 	window1: mouseVisible = True
18.4629 	EXP 	window1: mouseVisible = False
18.4632 	EXP 	window1: mouseVisible = True
18.4796 	EXP 	window1: mouseVisible = False
18.4802 	EXP 	window1: mouseVisible = True
18.4964 	EXP 	window1: mouseVisible = False
18.4966 	EXP 	window1: mouseVisible = True
18.5131 	EXP 	window1: mouseVisible = False
18.5135 	EXP 	window1: mouseVisible = True
18.5302 	EXP 	window1: mouseVisible = False
18.5304 	EXP 	window1: mouseVisible = True
18.5462 	EXP 	window1: mouseVisible = False
18.5465 	EXP 	window1: mouseVisible = True
18.5630 	EXP 	window1: mouseVisible = False
18.5632 	EXP 	window1: mouseVisible = True
18.5797 	EXP 	window1: mouseVisible = False
18.5800 	EXP 	window1: mouseVisible = True
18.5966 	EXP 	window1: mouseVisible = False
18.5968 	EXP 	window1: mouseVisible = True
18.6130 	EXP 	window1: mouseVisible = False
18.6135 	EXP 	window1: mouseVisible = True
18.6138 	DATA 	Mouse: Left button down, pos=(1195,814)
18.6300 	EXP 	window1: mouseVisible = False
18.6303 	EXP 	window1: mouseVisible = True
18.6464 	EXP 	window1: mouseVisible = False
18.6466 	EXP 	window1: mouseVisible = True
18.6633 	EXP 	window1: mouseVisible = False
18.6638 	EXP 	window1: mouseVisible = True
18.6799 	EXP 	window1: mouseVisible = False
18.6802 	EXP 	window1: mouseVisible = True
18.6964 	EXP 	window1: mouseVisible = False
18.6966 	EXP 	window1: mouseVisible = True
18.6970 	DATA 	Mouse:  Left button up, pos=(1196,814)
18.7133 	EXP 	window1: mouseVisible = False
18.7136 	EXP 	window1: mouseVisible = True
18.7297 	EXP 	window1: mouseVisible = False
18.7300 	EXP 	window1: mouseVisible = True
18.7466 	EXP 	window1: mouseVisible = False
18.7469 	EXP 	window1: mouseVisible = True
18.7633 	EXP 	window1: mouseVisible = False
18.7636 	EXP 	window1: mouseVisible = True
18.7800 	EXP 	window1: mouseVisible = False
18.7802 	EXP 	window1: mouseVisible = True
18.7965 	EXP 	window1: mouseVisible = False
18.7968 	EXP 	window1: mouseVisible = True
18.8132 	EXP 	window1: mouseVisible = False
18.8136 	EXP 	window1: mouseVisible = True
18.8298 	EXP 	window1: mouseVisible = False
18.8300 	EXP 	window1: mouseVisible = True
18.8467 	EXP 	window1: mouseVisible = False
18.8470 	EXP 	window1: mouseVisible = True
18.8634 	EXP 	window1: mouseVisible = False
18.8637 	EXP 	window1: mouseVisible = True
18.8803 	EXP 	window1: mouseVisible = False
18.8806 	EXP 	window1: mouseVisible = True
18.8966 	EXP 	window1: mouseVisible = False
18.8968 	EXP 	window1: mouseVisible = True
18.9132 	EXP 	window1: mouseVisible = False
18.9135 	EXP 	window1: mouseVisible = True
18.9301 	EXP 	window1: mouseVisible = False
18.9303 	EXP 	window1: mouseVisible = True
18.9467 	EXP 	window1: mouseVisible = False
18.9469 	EXP 	window1: mouseVisible = True
18.9633 	EXP 	window1: mouseVisible = False
18.9635 	EXP 	window1: mouseVisible = True
18.9802 	EXP 	window1: mouseVisible = False
18.9804 	EXP 	window1: mouseVisible = True
18.9968 	EXP 	window1: mouseVisible = False
18.9971 	EXP 	window1: mouseVisible = True
19.0134 	EXP 	window1: mouseVisible = False
19.0136 	EXP 	window1: mouseVisible = True
19.0302 	EXP 	window1: mouseVisible = False
19.0305 	EXP 	window1: mouseVisible = True
19.0469 	EXP 	window1: mouseVisible = False
19.0472 	EXP 	window1: mouseVisible = True
19.0635 	EXP 	window1: mouseVisible = False
19.0637 	EXP 	window1: mouseVisible = True
19.0801 	EXP 	window1: mouseVisible = False
19.0803 	EXP 	window1: mouseVisible = True
19.0970 	EXP 	window1: mouseVisible = False
19.0974 	EXP 	window1: mouseVisible = True
19.1137 	EXP 	window1: mouseVisible = False
19.1141 	EXP 	window1: mouseVisible = True
19.1303 	EXP 	window1: mouseVisible = False
19.1305 	EXP 	window1: mouseVisible = True
19.1468 	EXP 	window1: mouseVisible = False
19.1471 	EXP 	window1: mouseVisible = True
19.1477 	DATA 	Mouse: Left button down, pos=(1993,520)
19.1636 	EXP 	window1: mouseVisible = False
19.1639 	EXP 	window1: mouseVisible = True
19.1802 	EXP 	window1: mouseVisible = False
19.1805 	EXP 	window1: mouseVisible = True
19.1970 	EXP 	window1: mouseVisible = False
19.1973 	EXP 	window1: mouseVisible = True
19.2137 	EXP 	window1: mouseVisible = False
19.2140 	EXP 	window1: mouseVisible = True
19.2304 	EXP 	window1: mouseVisible = False
19.2308 	EXP 	window1: mouseVisible = True
19.2471 	EXP 	window1: mouseVisible = False
19.2474 	EXP 	window1: mouseVisible = True
19.2480 	DATA 	Mouse:  Left button up, pos=(1993,520)
19.2641 	EXP 	window1: mouseVisible = False
19.2645 	EXP 	window1: mouseVisible = True
19.2804 	EXP 	window1: mouseVisible = False
19.2807 	EXP 	window1: mouseVisible = True
19.2971 	EXP 	window1: mouseVisible = False
19.2974 	EXP 	window1: mouseVisible = True
19.3138 	EXP 	window1: mouseVisible = False
19.3141 	EXP 	window1: mouseVisible = True
19.3303 	EXP 	window1: mouseVisible = False
19.3305 	EXP 	window1: mouseVisible = True
19.3471 	EXP 	window1: mouseVisible = False
19.3473 	EXP 	window1: mouseVisible = True
19.3639 	EXP 	window1: mouseVisible = False
19.3642 	EXP 	window1: mouseVisible = True
19.3804 	EXP 	window1: mouseVisible = False
19.3806 	EXP 	window1: mouseVisible = True
19.3970 	EXP 	window1: mouseVisible = False
19.3972 	EXP 	window1: mouseVisible = True
19.4139 	EXP 	window1: mouseVisible = False
19.4143 	EXP 	window1: mouseVisible = True
19.4305 	EXP 	window1: mouseVisible = False
19.4307 	EXP 	window1: mouseVisible = True
19.4472 	EXP 	window1: mouseVisible = False
19.4476 	EXP 	window1: mouseVisible = True
19.4644 	EXP 	window1: mouseVisible = False
19.4647 	EXP 	window1: mouseVisible = True
19.4805 	EXP 	window1: mouseVisible = False
19.4807 	EXP 	window1: mouseVisible = True
19.4972 	EXP 	window1: mouseVisible = False
19.4975 	EXP 	window1: mouseVisible = True
19.5139 	EXP 	window1: mouseVisible = False
19.5142 	EXP 	window1: mouseVisible = True
19.5304 	EXP 	window1: mouseVisible = False
19.5306 	EXP 	window1: mouseVisible = True
19.5473 	EXP 	window1: mouseVisible = False
19.5477 	EXP 	window1: mouseVisible = True
19.5642 	EXP 	window1: mouseVisible = False
19.5645 	EXP 	window1: mouseVisible = True
19.5806 	EXP 	window1: mouseVisible = False
19.5808 	EXP 	window1: mouseVisible = True
19.5974 	EXP 	window1: mouseVisible = False
19.5977 	EXP 	window1: mouseVisible = True
19.6139 	EXP 	window1: mouseVisible = False
19.6141 	EXP 	window1: mouseVisible = True
19.6306 	EXP 	window1: mouseVisible = False
19.6309 	EXP 	window1: mouseVisible = True
19.6472 	EXP 	window1: mouseVisible = False
19.6474 	EXP 	window1: mouseVisible = True
19.6640 	EXP 	window1: mouseVisible = False
19.6644 	EXP 	window1: mouseVisible = True
19.6807 	EXP 	window1: mouseVisible = False
19.6810 	EXP 	window1: mouseVisible = True
19.6974 	EXP 	window1: mouseVisible = False
19.6977 	EXP 	window1: mouseVisible = True
19.7141 	EXP 	window1: mouseVisible = False
19.7145 	EXP 	window1: mouseVisible = True
19.7306 	EXP 	window1: mouseVisible = False
19.7308 	EXP 	window1: mouseVisible = True
19.7475 	EXP 	window1: mouseVisible = False
19.7478 	EXP 	window1: mouseVisible = True
19.7642 	EXP 	window1: mouseVisible = False
19.7645 	EXP 	window1: mouseVisible = True
19.7807 	EXP 	window1: mouseVisible = False
19.7809 	EXP 	window1: mouseVisible = True
19.7976 	EXP 	window1: mouseVisible = False
19.7981 	EXP 	window1: mouseVisible = True
19.8141 	EXP 	window1: mouseVisible = False
19.8144 	EXP 	window1: mouseVisible = True
19.8306 	EXP 	window1: mouseVisible = False
19.8309 	EXP 	window1: mouseVisible = True
19.8474 	EXP 	window1: mouseVisible = False
19.8476 	EXP 	window1: mouseVisible = True
19.8642 	EXP 	window1: mouseVisible = False
19.8644 	EXP 	window1: mouseVisible = True
19.8808 	EXP 	window1: mouseVisible = False
19.8811 	EXP 	window1: mouseVisible = True
19.8976 	EXP 	window1: mouseVisible = False
19.8979 	EXP 	window1: mouseVisible = True
19.9142 	EXP 	window1: mouseVisible = False
19.9145 	EXP 	window1: mouseVisible = True
19.9308 	EXP 	window1: mouseVisible = False
19.9310 	EXP 	window1: mouseVisible = True
19.9477 	EXP 	window1: mouseVisible = False
19.9480 	EXP 	window1: mouseVisible = True
19.9643 	EXP 	window1: mouseVisible = False
19.9645 	EXP 	window1: mouseVisible = True
19.9648 	DATA 	Mouse: Left button down, pos=(742,480)
19.9974 	EXP 	call1: texRes = 128
19.9974 	EXP 	call2: texRes = 128
19.9974 	EXP 	call4: texRes = 128
19.9976 	EXP 	window1: mouseVisible = False
19.9981 	EXP 	window1: mouseVisible = True
20.0143 	EXP 	window1: mouseVisible = False
20.0145 	EXP 	window1: mouseVisible = True
20.0308 	EXP 	window1: mouseVisible = False
20.0310 	EXP 	window1: mouseVisible = True
20.0479 	EXP 	window1: mouseVisible = False
20.0483 	EXP 	window1: mouseVisible = True
20.0642 	EXP 	window1: mouseVisible = False
20.0644 	EXP 	window1: mouseVisible = True
20.0647 	DATA 	Mouse:  Left button up, pos=(741,482)
20.0811 	EXP 	window1: mouseVisible = False
20.0814 	EXP 	window1: mouseVisible = True
20.0978 	EXP 	window1: mouseVisible = False
20.0980 	EXP 	window1: mouseVisible = True
20.1143 	EXP 	window1: mouseVisible = False
20.1145 	EXP 	window1: mouseVisible = True
20.1310 	EXP 	window1: mouseVisible = False
20.1313 	EXP 	window1: mouseVisible = True
20.1476 	EXP 	window1: mouseVisible = False
20.1480 	EXP 	window1: mouseVisible = True
20.1645 	EXP 	window1: mouseVisible = False
20.1648 	EXP 	window1: mouseVisible = True
20.1811 	EXP 	window1: mouseVisible = False
20.1813 	EXP 	window1: mouseVisible = True
20.1978 	EXP 	window1: mouseVisible = False
20.1982 	EXP 	window1: mouseVisible = True
20.2145 	EXP 	window1: mouseVisible = False
20.2149 	EXP 	window1: mouseVisible = True
20.2310 	EXP 	window1: mouseVisible = False
20.2313 	EXP 	window1: mouseVisible = True
20.2479 	EXP 	window1: mouseVisible = False
20.2481 	EXP 	window1: mouseVisible = True
20.2647 	EXP 	window1: mouseVisible = False
20.2652 	EXP 	window1: mouseVisible = True
20.2812 	EXP 	window1: mouseVisible = False
20.2815 	EXP 	window1: mouseVisible = True
20.2981 	EXP 	window1: mouseVisible = False
20.2983 	EXP 	window1: mouseVisible = True
20.3146 	EXP 	window1: mouseVisible = False
20.3149 	EXP 	window1: mouseVisible = True
20.3311 	EXP 	window1: mouseVisible = False
20.3313 	EXP 	window1: mouseVisible = True
20.3479 	EXP 	window1: mouseVisible = False
20.3482 	EXP 	window1: mouseVisible = True
20.3646 	EXP 	window1: mouseVisible = False
20.3648 	EXP 	window1: mouseVisible = True
20.3812 	EXP 	window1: mouseVisible = False
20.3815 	EXP 	window1: mouseVisible = True
20.3980 	EXP 	window1: mouseVisible = False
20.3983 	EXP 	window1: mouseVisible = True
20.4148 	EXP 	window1: mouseVisible = False
20.4152 	EXP 	window1: mouseVisible = True
20.4312 	EXP 	window1: mouseVisible = False
20.4316 	EXP 	window1: mouseVisible = True
20.4481 	EXP 	window1: mouseVisible = False
20.4484 	EXP 	window1: mouseVisible = True
20.4652 	EXP 	window1: mouseVisible = False
20.4654 	EXP 	window1: mouseVisible = True
20.4812 	EXP 	window1: mouseVisible = False
20.4815 	EXP 	window1: mouseVisible = True
20.4981 	EXP 	window1: mouseVisible = False
20.4984 	EXP 	window1: mouseVisible = True
20.5148 	EXP 	window1: mouseVisible = False
20.5151 	EXP 	window1: mouseVisible = True
20.5154 	DATA 	Mouse: Left button down, pos=(1302,512)
20.5478 	EXP 	colour1: texRes = 128
20.5478 	EXP 	colour2: texRes = 128
20.5478 	EXP 	colour4: texRes = 128
20.5480 	EXP 	window1: mouseVisible = False
20.5482 	EXP 	window1: mouseVisible = True
20.5649 	EXP 	window1: mouseVisible = False
20.5651 	EXP 	window1: mouseVisible = True
20.5819 	EXP 	window1: mouseVisible = False
20.5821 	EXP 	window1: mouseVisible = True
20.5984 	EXP 	window1: mouseVisible = False
20.5987 	EXP 	window1: mouseVisible = True
20.6148 	EXP 	window1: mouseVisible = False
20.6150 	EXP 	window1: mouseVisible = True
20.6154 	DATA 	Mouse:  Left button up, pos=(1302,512)
20.6313 	EXP 	window1: mouseVisible = False
20.6316 	EXP 	window1: mouseVisible = True
20.6483 	EXP 	window1: mouseVisible = False
20.6487 	EXP 	window1: mouseVisible = True
20.6648 	EXP 	window1: mouseVisible = False
20.6652 	EXP 	window1: mouseVisible = True
20.6814 	EXP 	window1: mouseVisible = False
20.6816 	EXP 	window1: mouseVisible = True
20.6982 	EXP 	window1: mouseVisible = False
20.6984 	EXP 	window1: mouseVisible = True
20.7149 	EXP 	window1: mouseVisible = False
20.7152 	EXP 	window1: mouseVisible = True
20.7314 	EXP 	window1: mouseVisible = False
20.7317 	EXP 	window1: mouseVisible = True
20.7488 	EXP 	window1: mouseVisible = False
20.7492 	EXP 	window1: mouseVisible = True
20.7651 	EXP 	window1: mouseVisible = False
20.7654 	EXP 	window1: mouseVisible = True
20.7816 	EXP 	window1: mouseVisible = False
20.7819 	EXP 	window1: mouseVisible = True
20.7984 	EXP 	window1: mouseVisible = False
20.7986 	EXP 	window1: mouseVisible = True
20.8150 	EXP 	window1: mouseVisible = False
20.8152 	EXP 	window1: mouseVisible = True
20.8317 	EXP 	window1: mouseVisible = False
20.8320 	EXP 	window1: mouseVisible = True
20.8490 	EXP 	window1: mouseVisible = False
20.8493 	EXP 	window1: mouseVisible = True
20.8650 	EXP 	window1: mouseVisible = False
20.8653 	EXP 	window1: mouseVisible = True
20.8818 	EXP 	window1: mouseVisible = False
20.8821 	EXP 	window1: mouseVisible = True
20.8985 	EXP 	window1: mouseVisible = False
20.8988 	EXP 	window1: mouseVisible = True
20.9151 	EXP 	window1: mouseVisible = False
20.9154 	EXP 	window1: mouseVisible = True
20.9318 	EXP 	window1: mouseVisible = False
20.9321 	EXP 	window1: mouseVisible = True
20.9488 	EXP 	window1: mouseVisible = False
20.9491 	EXP 	window1: mouseVisible = True
20.9651 	EXP 	window1: mouseVisible = False
20.9654 	EXP 	window1: mouseVisible = True
20.9819 	EXP 	window1: mouseVisible = False
20.9823 	EXP 	window1: mouseVisible = True
20.9984 	EXP 	window1: mouseVisible = False
20.9989 	EXP 	window1: mouseVisible = True
21.0153 	EXP 	window1: mouseVisible = False
21.0156 	EXP 	window1: mouseVisible = True
21.0317 	EXP 	window1: mouseVisible = False
21.0319 	EXP 	window1: mouseVisible = True
21.0322 	DATA 	Mouse: Left button down, pos=(1934,254)
21.0469 	EXP 	New trial (rep=0, index=1): {'audioFile': 'audio/zh_sp01_Dr_Gr_2.wav', 'speaker': 'sp01', 'callSign': 'Dr', 'colour': 'Gr', 'number': 2}
21.1341 	DATA 	Mouse:  Left button up, pos=(1934,254)
21.1494 	EXP 	number1: texRes = 128
21.1494 	EXP 	number2: texRes = 128
21.1494 	EXP 	number3: texRes = 128
21.1494 	EXP 	blankScreenAfterResponse: autoDraw = True
21.1494 	EXP 	polygon: autoDraw = False
21.1494 	EXP 	blankScreen: autoDraw = False
21.1494 	EXP 	call1: autoDraw = False
21.1494 	EXP 	call2: autoDraw = False
21.1494 	EXP 	call3: autoDraw = False
21.1494 	EXP 	call4: autoDraw = False
21.1494 	EXP 	colour1: autoDraw = False
21.1494 	EXP 	colour2: autoDraw = False
21.1494 	EXP 	colour3: autoDraw = False
21.1494 	EXP 	colour4: autoDraw = False
21.1494 	EXP 	number1: autoDraw = False
21.1494 	EXP 	number2: autoDraw = False
21.1494 	EXP 	number3: autoDraw = False
21.1494 	EXP 	number4: autoDraw = False
21.1494 	EXP 	blankScreenAfterResponse: autoDraw = False
21.1494 	EXP 	fixation: autoDraw = True
22.4854 	DATA 	Keypress: escape
23.4940 	EXP 	window1: mouseVisible = True
