1.3624 	WARNING 	We strongly recommend you activate the PTB sound engine in PsychoPy prefs as the preferred audio engine. Its timing is vastly superior. Your prefs are currently set to use ['sounddevice', 'PTB', 'pyo', 'pygame'] (in that order).
5.8645 	WARNING 	Requested an unavailable screen number - using first available.
6.5372 	EXP 	Created window1 = Window(allowGUI=True, allowStencil=False, autoLog=True, backendConf=UNKNOWN, bitsMode=UNKNOWN, blendMode='avg', bpc=(8, 8, 8), color=array([0, 0, 0]), colorSpace='rgb', depthBits=8, fullscr=<method-wrapper '__getattribute__' of attributeSetter object at 0x00000242686626D0>, gamma=None, gammaErrorPolicy='raise', lms=UNKNOWN, monitor=<psychopy.monitors.calibTools.Monitor object at 0x00000242125EBC70>, multiSample=False, name='window1', numSamples=2, pos=(0, 0), screen=1, size=array([2560, 1440]), stencilBits=0, stereo=False, units='height', useFBO=True, useRetina=False, viewOri=0.0, viewPos=None, viewScale=None, waitBlanking=True, winType='pyglet')
6.5373 	EXP 	window1: mouseVisible = True
6.5374 	EXP 	window1: mouseVisible = False
6.5374 	EXP 	window1: Attempting to measure frame rate of screen (1) ...
6.5374 	EXP 	window1: recordFrameIntervals = False
6.7030 	EXP 	window1: recordFrameIntervals = True
6.8864 	EXP 	Screen (1) actual frame rate measured at 60.08Hz
6.8864 	EXP 	window1: recordFrameIntervals = False
8.4190 	EXP 	Created instrTrainText = TextStim(__class__=<class 'psychopy.visual.text.TextStim'>, alignHoriz=method-wrapper(...), alignText='center', alignVert=method-wrapper(...), anchorHoriz='center', anchorVert='center', antialias=True, autoDraw=False, autoLog=True, bold=False, color=array([1., 1., 1.]), colorSpace='rgb', contrast=1.0, depth=0.0, flipHoriz=False, flipVert=False, font='Arial', fontFiles=[], height=0.04, italic=False, languageStyle='LTR', name='instrTrainText', opacity=1.0, ori=0, pos=array([0., 0.]), rgb=UNKNOWN, text=str(...), units='height', win=Window(...), wrapWidth=1.5)
8.4263 	EXP 	Sound sound_1 set volume 1.000
8.4463 	EXP 	Created screenAfterAudio = ImageStim(__class__=<class 'psychopy.visual.image.ImageStim'>, anchor=('center', 'center'), autoLog=True, color=array([1., 1., 1.]), colorSpace='rgb', contrast=1.0, depth=-1.0, flipHoriz=False, flipVert=False, image='images/gelb.png', interpolate=True, mask=None, maskParams=None, name='screenAfterAudio', opacity=1.0, ori=0.0, pos=array([0., 0.]), size=array([0.5, 0.5]), texRes=128.0, units='height', win=Window(...))
8.4592 	EXP 	Created blankScreen = ImageStim(__class__=<class 'psychopy.visual.image.ImageStim'>, anchor=('center', 'center'), autoLog=True, color=array([1., 1., 1.]), colorSpace='rgb', contrast=1.0, depth=-4.0, flipHoriz=False, flipVert=False, image='images/grayScreen.png', interpolate=True, mask=None, maskParams=None, name='blankScreen', opacity=1.0, ori=0.0, pos=array([0., 0.]), size=array([1920., 1080.]), texRes=128, units='height', win=Window(...))
8.5399 	EXP 	Created call1 = ImageStim(__class__=<class 'psychopy.visual.image.ImageStim'>, anchor=('center', 'center'), autoLog=True, color=array([1., 1., 1.]), colorSpace='rgb', contrast=1.0, depth=-5.0, flipHoriz=False, flipVert=False, image='images/adler.png', interpolate=True, mask=None, maskParams=None, name='call1', opacity=1.0, ori=0.0, pos=array([-0.4   ,  0.3125]), size=array([0.18, 0.18]), texRes=128, units='height', win=Window(...))
8.6190 	EXP 	Created call2 = ImageStim(__class__=<class 'psychopy.visual.image.ImageStim'>, anchor=('center', 'center'), autoLog=True, color=array([1., 1., 1.]), colorSpace='rgb', contrast=1.0, depth=-6.0, flipHoriz=False, flipVert=False, image='images/drossel.png', interpolate=True, mask=None, maskParams=None, name='call2', opacity=1.0, ori=0.0, pos=array([-0.4       ,  0.10416667]), size=array([0.18, 0.18]), texRes=128, units='height', win=Window(...))
8.7021 	EXP 	Created call3 = ImageStim(__class__=<class 'psychopy.visual.image.ImageStim'>, anchor=('center', 'center'), autoLog=True, color=array([1., 1., 1.]), colorSpace='rgb', contrast=1.0, depth=-7.0, flipHoriz=False, flipVert=False, image='images/tiger.png', interpolate=True, mask=None, maskParams=None, name='call3', opacity=1.0, ori=0.0, pos=array([-0.4       , -0.10416667]), size=array([0.18, 0.18]), texRes=128, units='height', win=Window(...))
8.7867 	EXP 	Created call4 = ImageStim(__class__=<class 'psychopy.visual.image.ImageStim'>, anchor=('center', 'center'), autoLog=True, color=array([1., 1., 1.]), colorSpace='rgb', contrast=1.0, depth=-8.0, flipHoriz=False, flipVert=False, image='images/unke.png', interpolate=True, mask=None, maskParams=None, name='call4', opacity=1.0, ori=0.0, pos=array([-0.4   , -0.3125]), size=array([0.18, 0.18]), texRes=128, units='height', win=Window(...))
8.8020 	EXP 	Created colour1 = ImageStim(__class__=<class 'psychopy.visual.image.ImageStim'>, anchor=('center', 'center'), autoLog=True, color=array([1., 1., 1.]), colorSpace='rgb', contrast=1.0, depth=-9.0, flipHoriz=False, flipVert=False, image='images/gelb.png', interpolate=True, mask=None, maskParams=None, name='colour1', opacity=1.0, ori=0.0, pos=array([0.    , 0.3125]), size=array([0.18, 0.18]), texRes=128, units='height', win=Window(...))
8.8200 	EXP 	Created colour2 = ImageStim(__class__=<class 'psychopy.visual.image.ImageStim'>, anchor=('center', 'center'), autoLog=True, color=array([1., 1., 1.]), colorSpace='rgb', contrast=1.0, depth=-10.0, flipHoriz=False, flipVert=False, image='images/gruen.png', interpolate=True, mask=None, maskParams=None, name='colour2', opacity=1.0, ori=0.0, pos=array([0.        , 0.10416667]), size=array([0.18, 0.18]), texRes=128, units='height', win=Window(...))
8.8386 	EXP 	Created colour3 = ImageStim(__class__=<class 'psychopy.visual.image.ImageStim'>, anchor=('center', 'center'), autoLog=True, color=array([1., 1., 1.]), colorSpace='rgb', contrast=1.0, depth=-11.0, flipHoriz=False, flipVert=False, image='images/rot.png', interpolate=True, mask=None, maskParams=None, name='colour3', opacity=1.0, ori=0.0, pos=array([ 0.        , -0.10416667]), size=array([0.18, 0.18]), texRes=128, units='height', win=Window(...))
8.8587 	EXP 	Created colour4 = ImageStim(__class__=<class 'psychopy.visual.image.ImageStim'>, anchor=('center', 'center'), autoLog=True, color=array([1., 1., 1.]), colorSpace='rgb', contrast=1.0, depth=-12.0, flipHoriz=False, flipVert=False, image='images/weiss.png', interpolate=True, mask=None, maskParams=None, name='colour4', opacity=1.0, ori=0.0, pos=array([ 0.    , -0.3125]), size=array([0.18, 0.18]), texRes=128, units='height', win=Window(...))
8.8775 	EXP 	Created number1 = ImageStim(__class__=<class 'psychopy.visual.image.ImageStim'>, anchor=('center', 'center'), autoLog=True, color=array([1., 1., 1.]), colorSpace='rgb', contrast=1.0, depth=-13.0, flipHoriz=False, flipVert=False, image='images/1.png', interpolate=True, mask=None, maskParams=None, name='number1', opacity=1.0, ori=0.0, pos=array([0.4   , 0.3125]), size=array([0.18, 0.18]), texRes=128, units='height', win=Window(...))
8.8959 	EXP 	Created number2 = ImageStim(__class__=<class 'psychopy.visual.image.ImageStim'>, anchor=('center', 'center'), autoLog=True, color=array([1., 1., 1.]), colorSpace='rgb', contrast=1.0, depth=-14.0, flipHoriz=False, flipVert=False, image='images/2.png', interpolate=True, mask=None, maskParams=None, name='number2', opacity=1.0, ori=0.0, pos=array([0.4       , 0.10416667]), size=array([0.18, 0.18]), texRes=128, units='height', win=Window(...))
8.9149 	EXP 	Created number3 = ImageStim(__class__=<class 'psychopy.visual.image.ImageStim'>, anchor=('center', 'center'), autoLog=True, color=array([1., 1., 1.]), colorSpace='rgb', contrast=1.0, depth=-15.0, flipHoriz=False, flipVert=False, image='images/3.png', interpolate=True, mask=None, maskParams=None, name='number3', opacity=1.0, ori=0.0, pos=array([ 0.4       , -0.10416667]), size=array([0.18, 0.18]), texRes=128, units='height', win=Window(...))
8.9341 	EXP 	Created number4 = ImageStim(__class__=<class 'psychopy.visual.image.ImageStim'>, anchor=('center', 'center'), autoLog=True, color=array([1., 1., 1.]), colorSpace='rgb', contrast=1.0, depth=-16.0, flipHoriz=False, flipVert=False, image='images/4.png', interpolate=True, mask=None, maskParams=None, name='number4', opacity=1.0, ori=0.0, pos=array([ 0.4   , -0.3125]), size=array([0.18, 0.18]), texRes=128, units='height', win=Window(...))
8.9343 	EXP 	window1: mouseVisible = True
8.9345 	EXP 	window1: mouseVisible = True
8.9345 	EXP 	window1: mouseVisible = True
8.9533 	EXP 	Created blankScreenAfterResponse = ImageStim(__class__=<class 'psychopy.visual.image.ImageStim'>, anchor=('center', 'center'), autoLog=True, color=array([1., 1., 1.]), colorSpace='rgb', contrast=1.0, depth=-25.0, flipHoriz=False, flipVert=False, image='images/blankScreen.png', interpolate=True, mask=None, maskParams=None, name='blankScreenAfterResponse', opacity=1.0, ori=0.0, pos=array([0., 0.]), size=array([1920., 1080.]), texRes=128, units='height', win=Window(...))
8.9643 	EXP 	Created instrExpText = TextStim(__class__=<class 'psychopy.visual.text.TextStim'>, alignHoriz=method-wrapper(...), alignText='center', alignVert=method-wrapper(...), anchorHoriz='center', anchorVert='center', antialias=True, autoDraw=False, autoLog=True, bold=False, color=array([1., 1., 1.]), colorSpace='rgb', contrast=1.0, depth=0.0, flipHoriz=False, flipVert=False, font='Arial', fontFiles=[], height=0.04, italic=False, languageStyle='LTR', name='instrExpText', opacity=1.0, ori=0, pos=array([0., 0.]), rgb=UNKNOWN, text=str(...), units='height', win=Window(...), wrapWidth=1)
8.9705 	EXP 	Created thanksText = TextStim(__class__=<class 'psychopy.visual.text.TextStim'>, alignHoriz=method-wrapper(...), alignText='center', alignVert=method-wrapper(...), anchorHoriz='center', anchorVert='center', antialias=True, autoDraw=False, autoLog=True, bold=False, color=array([1., 1., 1.]), colorSpace='rgb', contrast=1.0, depth=0.0, flipHoriz=False, flipVert=False, font='Arial', fontFiles=[], height=0.04, italic=False, languageStyle='LTR', name='thanksText', opacity=1.0, ori=0, pos=array([0., 0.]), rgb=UNKNOWN, text=str(...), units='height', win=Window(...), wrapWidth=1)
8.9706 	EXP 	window1: mouseVisible = False
8.9870 	EXP 	instrTrainText: autoDraw = True
9.8399 	DATA 	Mouse: Left button down, pos=(1147,821)
9.9395 	DATA 	Mouse:  Left button up, pos=(1146,820)
10.4499 	EXP 	Imported stimList.xlsx as conditions, 4 conditions, 5 params
10.4503 	EXP 	Created sequence: sequential, trialTypes=4, nReps=1, seed=None
10.4505 	EXP 	New trial (rep=0, index=0): {'audioFile': 'audio/zh_sp01_Ad_Ge_1.wav', 'speaker': 'sp01', 'callSign': 'Ad', 'colour': 'Ge', 'number': 1}
10.5291 	DATA 	Keypress: space
10.5381 	EXP 	instrTrainText: autoDraw = False
10.5381 	EXP 	screenAfterAudio: autoDraw = True
11.7900 	DATA 	Keypress: s
13.7421 	DATA 	Keypress: s
13.9184 	EXP 	window1: mouseVisible = False
13.9265 	EXP 	screenAfterAudio: autoDraw = False
13.9265 	EXP 	screenAfterAudio: autoDraw = False
13.9265 	EXP 	call1: texRes = 128
13.9265 	EXP 	call2: texRes = 128
13.9265 	EXP 	call3: texRes = 128
13.9265 	EXP 	call4: texRes = 128
13.9265 	EXP 	colour1: texRes = 128
13.9265 	EXP 	colour2: texRes = 128
13.9265 	EXP 	colour3: texRes = 128
13.9265 	EXP 	colour4: texRes = 128
13.9265 	EXP 	number1: texRes = 128
13.9265 	EXP 	number2: texRes = 128
13.9265 	EXP 	number3: texRes = 128
13.9265 	EXP 	number4: texRes = 128
13.9265 	EXP 	blankScreen: autoDraw = True
13.9266 	EXP 	window1: mouseVisible = False
13.9474 	EXP 	window1: mouseVisible = False
13.9637 	EXP 	window1: mouseVisible = False
13.9802 	EXP 	window1: mouseVisible = False
13.9969 	EXP 	window1: mouseVisible = False
14.0140 	EXP 	window1: mouseVisible = False
14.0302 	EXP 	window1: mouseVisible = False
14.0472 	EXP 	window1: mouseVisible = False
14.0639 	EXP 	window1: mouseVisible = False
14.0808 	EXP 	window1: mouseVisible = False
14.0973 	EXP 	window1: mouseVisible = False
14.1136 	EXP 	window1: mouseVisible = False
14.1303 	EXP 	window1: mouseVisible = False
14.1475 	EXP 	window1: mouseVisible = False
14.1643 	EXP 	window1: mouseVisible = False
14.1804 	EXP 	window1: mouseVisible = False
14.1973 	EXP 	window1: mouseVisible = False
14.2137 	EXP 	window1: mouseVisible = False
14.2304 	EXP 	window1: mouseVisible = False
14.2476 	EXP 	window1: mouseVisible = False
14.2642 	EXP 	window1: mouseVisible = False
14.2807 	EXP 	window1: mouseVisible = False
14.2977 	EXP 	window1: mouseVisible = False
14.3137 	EXP 	window1: mouseVisible = False
14.3306 	EXP 	window1: mouseVisible = False
14.3476 	EXP 	window1: mouseVisible = False
14.3646 	EXP 	window1: mouseVisible = False
14.3808 	EXP 	window1: mouseVisible = False
14.3980 	EXP 	window1: mouseVisible = False
14.4138 	EXP 	window1: mouseVisible = False
14.4309 	EXP 	window1: mouseVisible = False
14.4474 	EXP 	window1: mouseVisible = False
14.4639 	EXP 	window1: mouseVisible = False
14.4812 	EXP 	window1: mouseVisible = False
14.4979 	EXP 	window1: mouseVisible = False
14.5137 	EXP 	window1: mouseVisible = False
14.5311 	EXP 	window1: mouseVisible = False
14.5481 	EXP 	window1: mouseVisible = False
14.5640 	EXP 	window1: mouseVisible = False
14.5812 	EXP 	window1: mouseVisible = False
14.5977 	EXP 	window1: mouseVisible = False
14.6140 	EXP 	window1: mouseVisible = False
14.6314 	EXP 	window1: mouseVisible = False
14.6479 	EXP 	window1: mouseVisible = False
14.6641 	EXP 	window1: mouseVisible = False
14.6813 	EXP 	window1: mouseVisible = False
14.6981 	EXP 	window1: mouseVisible = False
14.7147 	EXP 	window1: mouseVisible = False
14.7311 	EXP 	window1: mouseVisible = False
14.7479 	EXP 	window1: mouseVisible = False
14.7640 	EXP 	window1: mouseVisible = False
14.7814 	EXP 	window1: mouseVisible = False
14.7976 	EXP 	window1: mouseVisible = False
14.8147 	EXP 	window1: mouseVisible = False
14.8314 	EXP 	window1: mouseVisible = False
14.8478 	EXP 	window1: mouseVisible = False
14.8642 	EXP 	window1: mouseVisible = False
14.8816 	EXP 	window1: mouseVisible = False
14.8985 	EXP 	window1: mouseVisible = False
14.9146 	EXP 	window1: mouseVisible = False
14.9285 	EXP 	blankScreen: autoDraw = False
14.9285 	EXP 	call1: autoDraw = True
14.9285 	EXP 	call2: autoDraw = True
14.9285 	EXP 	call3: autoDraw = True
14.9285 	EXP 	call4: autoDraw = True
14.9285 	EXP 	colour1: autoDraw = True
14.9285 	EXP 	colour2: autoDraw = True
14.9285 	EXP 	colour3: autoDraw = True
14.9285 	EXP 	colour4: autoDraw = True
14.9285 	EXP 	number1: autoDraw = True
14.9285 	EXP 	number2: autoDraw = True
14.9285 	EXP 	number3: autoDraw = True
14.9285 	EXP 	number4: autoDraw = True
14.9287 	EXP 	window1: mouseVisible = False
14.9289 	EXP 	window1: mouseVisible = True
14.9461 	EXP 	window1: mouseVisible = False
14.9466 	EXP 	window1: mouseVisible = True
14.9624 	EXP 	window1: mouseVisible = False
14.9627 	EXP 	window1: mouseVisible = True
14.9791 	EXP 	window1: mouseVisible = False
14.9794 	EXP 	window1: mouseVisible = True
14.9957 	EXP 	window1: mouseVisible = False
14.9959 	EXP 	window1: mouseVisible = True
15.0127 	EXP 	window1: mouseVisible = False
15.0130 	EXP 	window1: mouseVisible = True
15.0290 	EXP 	window1: mouseVisible = False
15.0292 	EXP 	window1: mouseVisible = True
15.0463 	EXP 	window1: mouseVisible = False
15.0466 	EXP 	window1: mouseVisible = True
15.0626 	EXP 	window1: mouseVisible = False
15.0628 	EXP 	window1: mouseVisible = True
15.0791 	EXP 	window1: mouseVisible = False
15.0794 	EXP 	window1: mouseVisible = True
15.0958 	EXP 	window1: mouseVisible = False
15.0961 	EXP 	window1: mouseVisible = True
15.1123 	EXP 	window1: mouseVisible = False
15.1125 	EXP 	window1: mouseVisible = True
15.1294 	EXP 	window1: mouseVisible = False
15.1297 	EXP 	window1: mouseVisible = True
15.1459 	EXP 	window1: mouseVisible = False
15.1462 	EXP 	window1: mouseVisible = True
15.1624 	EXP 	window1: mouseVisible = False
15.1627 	EXP 	window1: mouseVisible = True
15.1792 	EXP 	window1: mouseVisible = False
15.1795 	EXP 	window1: mouseVisible = True
15.1960 	EXP 	window1: mouseVisible = False
15.1963 	EXP 	window1: mouseVisible = True
15.2124 	EXP 	window1: mouseVisible = False
15.2127 	EXP 	window1: mouseVisible = True
15.2296 	EXP 	window1: mouseVisible = False
15.2298 	EXP 	window1: mouseVisible = True
15.2461 	EXP 	window1: mouseVisible = False
15.2464 	EXP 	window1: mouseVisible = True
15.2625 	EXP 	window1: mouseVisible = False
15.2626 	EXP 	window1: mouseVisible = True
15.2797 	EXP 	window1: mouseVisible = False
15.2800 	EXP 	window1: mouseVisible = True
15.2965 	EXP 	window1: mouseVisible = False
15.2968 	EXP 	window1: mouseVisible = True
15.3125 	EXP 	window1: mouseVisible = False
15.3127 	EXP 	window1: mouseVisible = True
15.3293 	EXP 	window1: mouseVisible = False
15.3296 	EXP 	window1: mouseVisible = True
15.3462 	EXP 	window1: mouseVisible = False
15.3464 	EXP 	window1: mouseVisible = True
15.3627 	EXP 	window1: mouseVisible = False
15.3629 	EXP 	window1: mouseVisible = True
15.3798 	EXP 	window1: mouseVisible = False
15.3801 	EXP 	window1: mouseVisible = True
15.3958 	EXP 	window1: mouseVisible = False
15.3960 	EXP 	window1: mouseVisible = True
15.4127 	EXP 	window1: mouseVisible = False
15.4129 	EXP 	window1: mouseVisible = True
15.4299 	EXP 	window1: mouseVisible = False
15.4301 	EXP 	window1: mouseVisible = True
15.4459 	EXP 	window1: mouseVisible = False
15.4462 	EXP 	window1: mouseVisible = True
15.4628 	EXP 	window1: mouseVisible = False
15.4629 	EXP 	window1: mouseVisible = True
15.4800 	EXP 	window1: mouseVisible = False
15.4803 	EXP 	window1: mouseVisible = True
15.4960 	EXP 	window1: mouseVisible = False
15.4963 	EXP 	window1: mouseVisible = True
15.5128 	EXP 	window1: mouseVisible = False
15.5131 	EXP 	window1: mouseVisible = True
15.5299 	EXP 	window1: mouseVisible = False
15.5301 	EXP 	window1: mouseVisible = True
15.5461 	EXP 	window1: mouseVisible = False
15.5464 	EXP 	window1: mouseVisible = True
15.5629 	EXP 	window1: mouseVisible = False
15.5631 	EXP 	window1: mouseVisible = True
15.5798 	EXP 	window1: mouseVisible = False
15.5801 	EXP 	window1: mouseVisible = True
15.5963 	EXP 	window1: mouseVisible = False
15.5966 	EXP 	window1: mouseVisible = True
15.6129 	EXP 	window1: mouseVisible = False
15.6132 	EXP 	window1: mouseVisible = True
15.6300 	EXP 	window1: mouseVisible = False
15.6303 	EXP 	window1: mouseVisible = True
15.6463 	EXP 	window1: mouseVisible = False
15.6465 	EXP 	window1: mouseVisible = True
15.6629 	EXP 	window1: mouseVisible = False
15.6632 	EXP 	window1: mouseVisible = True
15.6800 	EXP 	window1: mouseVisible = False
15.6803 	EXP 	window1: mouseVisible = True
15.6963 	EXP 	window1: mouseVisible = False
15.6966 	EXP 	window1: mouseVisible = True
15.7130 	EXP 	window1: mouseVisible = False
15.7133 	EXP 	window1: mouseVisible = True
15.7299 	EXP 	window1: mouseVisible = False
15.7302 	EXP 	window1: mouseVisible = True
15.7462 	EXP 	window1: mouseVisible = False
15.7465 	EXP 	window1: mouseVisible = True
15.7632 	EXP 	window1: mouseVisible = False
15.7634 	EXP 	window1: mouseVisible = True
15.7797 	EXP 	window1: mouseVisible = False
15.7800 	EXP 	window1: mouseVisible = True
15.7964 	EXP 	window1: mouseVisible = False
15.7966 	EXP 	window1: mouseVisible = True
15.8133 	EXP 	window1: mouseVisible = False
15.8135 	EXP 	window1: mouseVisible = True
15.8297 	EXP 	window1: mouseVisible = False
15.8301 	EXP 	window1: mouseVisible = True
15.8468 	EXP 	window1: mouseVisible = False
15.8469 	EXP 	window1: mouseVisible = True
15.8633 	EXP 	window1: mouseVisible = False
15.8635 	EXP 	window1: mouseVisible = True
15.8802 	EXP 	window1: mouseVisible = False
15.8805 	EXP 	window1: mouseVisible = True
15.8965 	EXP 	window1: mouseVisible = False
15.8970 	EXP 	window1: mouseVisible = True
15.9135 	EXP 	window1: mouseVisible = False
15.9137 	EXP 	window1: mouseVisible = True
15.9140 	DATA 	Mouse: Left button down, pos=(827,830)
15.9429 	EXP 	call1: texRes = 128
15.9429 	EXP 	call3: texRes = 128
15.9429 	EXP 	call4: texRes = 128
15.9431 	EXP 	window1: mouseVisible = False
15.9436 	EXP 	window1: mouseVisible = True
15.9601 	EXP 	window1: mouseVisible = False
15.9603 	EXP 	window1: mouseVisible = True
15.9770 	EXP 	window1: mouseVisible = False
15.9772 	EXP 	window1: mouseVisible = True
15.9937 	EXP 	window1: mouseVisible = False
15.9940 	EXP 	window1: mouseVisible = True
16.0103 	EXP 	window1: mouseVisible = False
16.0106 	EXP 	window1: mouseVisible = True
16.0110 	DATA 	Mouse:  Left button up, pos=(827,830)
16.0271 	EXP 	window1: mouseVisible = False
16.0275 	EXP 	window1: mouseVisible = True
16.0444 	EXP 	window1: mouseVisible = False
16.0449 	EXP 	window1: mouseVisible = True
16.0597 	EXP 	window1: mouseVisible = False
16.0600 	EXP 	window1: mouseVisible = True
16.0771 	EXP 	window1: mouseVisible = False
16.0775 	EXP 	window1: mouseVisible = True
16.0931 	EXP 	window1: mouseVisible = False
16.0934 	EXP 	window1: mouseVisible = True
16.1102 	EXP 	window1: mouseVisible = False
16.1105 	EXP 	window1: mouseVisible = True
16.1275 	EXP 	window1: mouseVisible = False
16.1277 	EXP 	window1: mouseVisible = True
16.1433 	EXP 	window1: mouseVisible = False
16.1436 	EXP 	window1: mouseVisible = True
16.1612 	EXP 	window1: mouseVisible = False
16.1615 	EXP 	window1: mouseVisible = True
16.1767 	EXP 	window1: mouseVisible = False
16.1772 	EXP 	window1: mouseVisible = True
16.1940 	EXP 	window1: mouseVisible = False
16.1943 	EXP 	window1: mouseVisible = True
16.2104 	EXP 	window1: mouseVisible = False
16.2107 	EXP 	window1: mouseVisible = True
16.2274 	EXP 	window1: mouseVisible = False
16.2276 	EXP 	window1: mouseVisible = True
16.2438 	EXP 	window1: mouseVisible = False
16.2441 	EXP 	window1: mouseVisible = True
16.2606 	EXP 	window1: mouseVisible = False
16.2610 	EXP 	window1: mouseVisible = True
16.2776 	EXP 	window1: mouseVisible = False
16.2779 	EXP 	window1: mouseVisible = True
16.2942 	EXP 	window1: mouseVisible = False
16.2944 	EXP 	window1: mouseVisible = True
16.3106 	EXP 	window1: mouseVisible = False
16.3109 	EXP 	window1: mouseVisible = True
16.3280 	EXP 	window1: mouseVisible = False
16.3284 	EXP 	window1: mouseVisible = True
16.3436 	EXP 	window1: mouseVisible = False
16.3440 	EXP 	window1: mouseVisible = True
16.3606 	EXP 	window1: mouseVisible = False
16.3608 	EXP 	window1: mouseVisible = True
16.3774 	EXP 	window1: mouseVisible = False
16.3777 	EXP 	window1: mouseVisible = True
16.3938 	EXP 	window1: mouseVisible = False
16.3940 	EXP 	window1: mouseVisible = True
16.4107 	EXP 	window1: mouseVisible = False
16.4110 	EXP 	window1: mouseVisible = True
16.4282 	EXP 	window1: mouseVisible = False
16.4285 	EXP 	window1: mouseVisible = True
16.4434 	EXP 	window1: mouseVisible = False
16.4436 	EXP 	window1: mouseVisible = True
16.4440 	DATA 	Mouse: Left button down, pos=(1212,846)
16.4772 	EXP 	colour1: texRes = 128
16.4772 	EXP 	colour3: texRes = 128
16.4772 	EXP 	colour4: texRes = 128
16.4774 	EXP 	window1: mouseVisible = False
16.4777 	EXP 	window1: mouseVisible = True
16.4941 	EXP 	window1: mouseVisible = False
16.4944 	EXP 	window1: mouseVisible = True
16.5107 	EXP 	window1: mouseVisible = False
16.5111 	EXP 	window1: mouseVisible = True
16.5279 	EXP 	window1: mouseVisible = False
16.5282 	EXP 	window1: mouseVisible = True
16.5286 	DATA 	Mouse:  Left button up, pos=(1212,846)
16.5437 	EXP 	window1: mouseVisible = False
16.5439 	EXP 	window1: mouseVisible = True
16.5608 	EXP 	window1: mouseVisible = False
16.5611 	EXP 	window1: mouseVisible = True
16.5778 	EXP 	window1: mouseVisible = False
16.5781 	EXP 	window1: mouseVisible = True
16.5941 	EXP 	window1: mouseVisible = False
16.5945 	EXP 	window1: mouseVisible = True
16.6111 	EXP 	window1: mouseVisible = False
16.6114 	EXP 	window1: mouseVisible = True
16.6278 	EXP 	window1: mouseVisible = False
16.6281 	EXP 	window1: mouseVisible = True
16.6443 	EXP 	window1: mouseVisible = False
16.6446 	EXP 	window1: mouseVisible = True
16.6604 	EXP 	window1: mouseVisible = False
16.6608 	EXP 	window1: mouseVisible = True
16.6772 	EXP 	window1: mouseVisible = False
16.6775 	EXP 	window1: mouseVisible = True
16.6938 	EXP 	window1: mouseVisible = False
16.6940 	EXP 	window1: mouseVisible = True
16.7106 	EXP 	window1: mouseVisible = False
16.7109 	EXP 	window1: mouseVisible = True
16.7270 	EXP 	window1: mouseVisible = False
16.7273 	EXP 	window1: mouseVisible = True
16.7443 	EXP 	window1: mouseVisible = False
16.7446 	EXP 	window1: mouseVisible = True
16.7605 	EXP 	window1: mouseVisible = False
16.7609 	EXP 	window1: mouseVisible = True
16.7772 	EXP 	window1: mouseVisible = False
16.7774 	EXP 	window1: mouseVisible = True
16.7939 	EXP 	window1: mouseVisible = False
16.7942 	EXP 	window1: mouseVisible = True
16.8105 	EXP 	window1: mouseVisible = False
16.8110 	EXP 	window1: mouseVisible = True
16.8279 	EXP 	window1: mouseVisible = False
16.8282 	EXP 	window1: mouseVisible = True
16.8440 	EXP 	window1: mouseVisible = False
16.8443 	EXP 	window1: mouseVisible = True
16.8605 	EXP 	window1: mouseVisible = False
16.8607 	EXP 	window1: mouseVisible = True
16.8773 	EXP 	window1: mouseVisible = False
16.8775 	EXP 	window1: mouseVisible = True
16.8939 	EXP 	window1: mouseVisible = False
16.8943 	EXP 	window1: mouseVisible = True
16.9105 	EXP 	window1: mouseVisible = False
16.9107 	EXP 	window1: mouseVisible = True
16.9273 	EXP 	window1: mouseVisible = False
16.9278 	EXP 	window1: mouseVisible = True
16.9441 	EXP 	window1: mouseVisible = False
16.9443 	EXP 	window1: mouseVisible = True
16.9606 	EXP 	window1: mouseVisible = False
16.9609 	EXP 	window1: mouseVisible = True
16.9612 	DATA 	Mouse: Left button down, pos=(1838,512)
16.9742 	EXP 	New trial (rep=0, index=1): {'audioFile': 'audio/zh_sp01_Dr_Gr_2.wav', 'speaker': 'sp01', 'callSign': 'Dr', 'colour': 'Gr', 'number': 2}
17.0547 	DATA 	Mouse:  Left button up, pos=(1838,512)
17.0605 	EXP 	number1: texRes = 128
17.0605 	EXP 	number2: texRes = 128
17.0605 	EXP 	number4: texRes = 128
17.0605 	EXP 	blankScreenAfterResponse: autoDraw = True
17.0605 	EXP 	blankScreen: autoDraw = False
17.0605 	EXP 	call1: autoDraw = False
17.0605 	EXP 	call2: autoDraw = False
17.0605 	EXP 	call3: autoDraw = False
17.0605 	EXP 	call4: autoDraw = False
17.0605 	EXP 	colour1: autoDraw = False
17.0605 	EXP 	colour2: autoDraw = False
17.0605 	EXP 	colour3: autoDraw = False
17.0605 	EXP 	colour4: autoDraw = False
17.0605 	EXP 	number1: autoDraw = False
17.0605 	EXP 	number2: autoDraw = False
17.0605 	EXP 	number3: autoDraw = False
17.0605 	EXP 	number4: autoDraw = False
17.0605 	EXP 	blankScreenAfterResponse: autoDraw = False
17.0605 	EXP 	screenAfterAudio: autoDraw = True
20.5107 	EXP 	window1: mouseVisible = False
20.5180 	EXP 	screenAfterAudio: autoDraw = False
20.5180 	EXP 	screenAfterAudio: autoDraw = False
20.5180 	EXP 	call1: texRes = 128
20.5180 	EXP 	call2: texRes = 128
20.5180 	EXP 	call3: texRes = 128
20.5180 	EXP 	call4: texRes = 128
20.5180 	EXP 	colour1: texRes = 128
20.5180 	EXP 	colour2: texRes = 128
20.5180 	EXP 	colour3: texRes = 128
20.5180 	EXP 	colour4: texRes = 128
20.5180 	EXP 	number1: texRes = 128
20.5180 	EXP 	number2: texRes = 128
20.5180 	EXP 	number3: texRes = 128
20.5180 	EXP 	number4: texRes = 128
20.5180 	EXP 	blankScreen: autoDraw = True
20.5181 	EXP 	window1: mouseVisible = False
20.5358 	EXP 	window1: mouseVisible = False
20.5534 	EXP 	window1: mouseVisible = False
20.5691 	EXP 	window1: mouseVisible = False
20.5856 	EXP 	window1: mouseVisible = False
20.6026 	EXP 	window1: mouseVisible = False
20.6192 	EXP 	window1: mouseVisible = False
20.6359 	EXP 	window1: mouseVisible = False
20.6528 	EXP 	window1: mouseVisible = False
20.6697 	EXP 	window1: mouseVisible = False
20.6865 	EXP 	window1: mouseVisible = False
20.7029 	EXP 	window1: mouseVisible = False
20.7193 	EXP 	window1: mouseVisible = False
20.7360 	EXP 	window1: mouseVisible = False
20.7527 	EXP 	window1: mouseVisible = False
20.7697 	EXP 	window1: mouseVisible = False
20.7859 	EXP 	window1: mouseVisible = False
20.8032 	EXP 	window1: mouseVisible = False
20.8199 	EXP 	window1: mouseVisible = False
20.8368 	EXP 	window1: mouseVisible = False
20.8529 	EXP 	window1: mouseVisible = False
20.8699 	EXP 	window1: mouseVisible = False
20.8870 	EXP 	window1: mouseVisible = False
20.9027 	EXP 	window1: mouseVisible = False
20.9199 	EXP 	window1: mouseVisible = False
20.9362 	EXP 	window1: mouseVisible = False
20.9534 	EXP 	window1: mouseVisible = False
20.9705 	EXP 	window1: mouseVisible = False
20.9863 	EXP 	window1: mouseVisible = False
21.0035 	EXP 	window1: mouseVisible = False
21.0198 	EXP 	window1: mouseVisible = False
21.0363 	EXP 	window1: mouseVisible = False
21.0534 	EXP 	window1: mouseVisible = False
21.0702 	EXP 	window1: mouseVisible = False
21.0864 	EXP 	window1: mouseVisible = False
21.1024 	EXP 	window1: mouseVisible = False
21.1203 	EXP 	window1: mouseVisible = False
21.1364 	EXP 	window1: mouseVisible = False
21.1534 	EXP 	window1: mouseVisible = False
21.1695 	EXP 	window1: mouseVisible = False
21.1873 	EXP 	window1: mouseVisible = False
21.2036 	EXP 	window1: mouseVisible = False
21.2200 	EXP 	window1: mouseVisible = False
21.2368 	EXP 	window1: mouseVisible = False
21.2536 	EXP 	window1: mouseVisible = False
21.2697 	EXP 	window1: mouseVisible = False
21.2866 	EXP 	window1: mouseVisible = False
21.3036 	EXP 	window1: mouseVisible = False
21.3198 	EXP 	window1: mouseVisible = False
21.3369 	EXP 	window1: mouseVisible = False
21.3538 	EXP 	window1: mouseVisible = False
21.3700 	EXP 	window1: mouseVisible = False
21.3869 	EXP 	window1: mouseVisible = False
21.4033 	EXP 	window1: mouseVisible = False
21.4199 	EXP 	window1: mouseVisible = False
21.4371 	EXP 	window1: mouseVisible = False
21.4539 	EXP 	window1: mouseVisible = False
21.4702 	EXP 	window1: mouseVisible = False
21.4870 	EXP 	window1: mouseVisible = False
21.5036 	EXP 	window1: mouseVisible = False
21.5316 	EXP 	blankScreen: autoDraw = False
21.5316 	EXP 	call1: autoDraw = True
21.5316 	EXP 	call2: autoDraw = True
21.5316 	EXP 	call3: autoDraw = True
21.5316 	EXP 	call4: autoDraw = True
21.5316 	EXP 	colour1: autoDraw = True
21.5316 	EXP 	colour2: autoDraw = True
21.5316 	EXP 	colour3: autoDraw = True
21.5316 	EXP 	colour4: autoDraw = True
21.5316 	EXP 	number1: autoDraw = True
21.5316 	EXP 	number2: autoDraw = True
21.5316 	EXP 	number3: autoDraw = True
21.5316 	EXP 	number4: autoDraw = True
21.5318 	EXP 	window1: mouseVisible = False
21.5321 	EXP 	window1: mouseVisible = True
21.5488 	EXP 	window1: mouseVisible = False
21.5491 	EXP 	window1: mouseVisible = True
21.5649 	EXP 	window1: mouseVisible = False
21.5651 	EXP 	window1: mouseVisible = True
21.5818 	EXP 	window1: mouseVisible = False
21.5820 	EXP 	window1: mouseVisible = True
21.5985 	EXP 	window1: mouseVisible = False
21.5987 	EXP 	window1: mouseVisible = True
21.6151 	EXP 	window1: mouseVisible = False
21.6153 	EXP 	window1: mouseVisible = True
21.6323 	EXP 	window1: mouseVisible = False
21.6326 	EXP 	window1: mouseVisible = True
21.6484 	EXP 	window1: mouseVisible = False
21.6487 	EXP 	window1: mouseVisible = True
21.6655 	EXP 	window1: mouseVisible = False
21.6659 	EXP 	window1: mouseVisible = True
21.6821 	EXP 	window1: mouseVisible = False
21.6825 	EXP 	window1: mouseVisible = True
21.6990 	EXP 	window1: mouseVisible = False
21.6994 	EXP 	window1: mouseVisible = True
21.7153 	EXP 	window1: mouseVisible = False
21.7157 	EXP 	window1: mouseVisible = True
21.7321 	EXP 	window1: mouseVisible = False
21.7324 	EXP 	window1: mouseVisible = True
21.7481 	EXP 	window1: mouseVisible = False
21.7484 	EXP 	window1: mouseVisible = True
21.7654 	EXP 	window1: mouseVisible = False
21.7658 	EXP 	window1: mouseVisible = True
21.7827 	EXP 	window1: mouseVisible = False
21.7830 	EXP 	window1: mouseVisible = True
21.7981 	EXP 	window1: mouseVisible = False
21.7983 	EXP 	window1: mouseVisible = True
21.8154 	EXP 	window1: mouseVisible = False
21.8156 	EXP 	window1: mouseVisible = True
21.8320 	EXP 	window1: mouseVisible = False
21.8323 	EXP 	window1: mouseVisible = True
21.8488 	EXP 	window1: mouseVisible = False
21.8492 	EXP 	window1: mouseVisible = True
21.8655 	EXP 	window1: mouseVisible = False
21.8658 	EXP 	window1: mouseVisible = True
21.8825 	EXP 	window1: mouseVisible = False
21.8828 	EXP 	window1: mouseVisible = True
21.8988 	EXP 	window1: mouseVisible = False
21.8991 	EXP 	window1: mouseVisible = True
21.9156 	EXP 	window1: mouseVisible = False
21.9159 	EXP 	window1: mouseVisible = True
21.9316 	EXP 	window1: mouseVisible = False
21.9318 	EXP 	window1: mouseVisible = True
21.9486 	EXP 	window1: mouseVisible = False
21.9489 	EXP 	window1: mouseVisible = True
21.9655 	EXP 	window1: mouseVisible = False
21.9659 	EXP 	window1: mouseVisible = True
21.9828 	EXP 	window1: mouseVisible = False
21.9831 	EXP 	window1: mouseVisible = True
21.9985 	EXP 	window1: mouseVisible = False
21.9987 	EXP 	window1: mouseVisible = True
22.0155 	EXP 	window1: mouseVisible = False
22.0159 	EXP 	window1: mouseVisible = True
22.0324 	EXP 	window1: mouseVisible = False
22.0327 	EXP 	window1: mouseVisible = True
22.0485 	EXP 	window1: mouseVisible = False
22.0487 	EXP 	window1: mouseVisible = True
22.0656 	EXP 	window1: mouseVisible = False
22.0659 	EXP 	window1: mouseVisible = True
22.0828 	EXP 	window1: mouseVisible = False
22.0830 	EXP 	window1: mouseVisible = True
22.0989 	EXP 	window1: mouseVisible = False
22.0990 	EXP 	window1: mouseVisible = True
22.1156 	EXP 	window1: mouseVisible = False
22.1160 	EXP 	window1: mouseVisible = True
22.1322 	EXP 	window1: mouseVisible = False
22.1325 	EXP 	window1: mouseVisible = True
22.1490 	EXP 	window1: mouseVisible = False
22.1492 	EXP 	window1: mouseVisible = True
22.1657 	EXP 	window1: mouseVisible = False
22.1660 	EXP 	window1: mouseVisible = True
22.1817 	EXP 	window1: mouseVisible = False
22.1822 	EXP 	window1: mouseVisible = True
22.1990 	EXP 	window1: mouseVisible = False
22.1992 	EXP 	window1: mouseVisible = True
22.2157 	EXP 	window1: mouseVisible = False
22.2161 	EXP 	window1: mouseVisible = True
22.2323 	EXP 	window1: mouseVisible = False
22.2326 	EXP 	window1: mouseVisible = True
22.2493 	EXP 	window1: mouseVisible = False
22.2495 	EXP 	window1: mouseVisible = True
22.2652 	EXP 	window1: mouseVisible = False
22.2656 	EXP 	window1: mouseVisible = True
22.2832 	EXP 	window1: mouseVisible = False
22.2836 	EXP 	window1: mouseVisible = True
22.2985 	EXP 	window1: mouseVisible = False
22.2987 	EXP 	window1: mouseVisible = True
22.3159 	EXP 	window1: mouseVisible = False
22.3161 	EXP 	window1: mouseVisible = True
22.3323 	EXP 	window1: mouseVisible = False
22.3325 	EXP 	window1: mouseVisible = True
22.3490 	EXP 	window1: mouseVisible = False
22.3492 	EXP 	window1: mouseVisible = True
22.3658 	EXP 	window1: mouseVisible = False
22.3660 	EXP 	window1: mouseVisible = True
22.3825 	EXP 	window1: mouseVisible = False
22.3828 	EXP 	window1: mouseVisible = True
22.3992 	EXP 	window1: mouseVisible = False
22.3995 	EXP 	window1: mouseVisible = True
22.4158 	EXP 	window1: mouseVisible = False
22.4161 	EXP 	window1: mouseVisible = True
22.4326 	EXP 	window1: mouseVisible = False
22.4329 	EXP 	window1: mouseVisible = True
22.4495 	EXP 	window1: mouseVisible = False
22.4498 	EXP 	window1: mouseVisible = True
22.4654 	EXP 	window1: mouseVisible = False
22.4657 	EXP 	window1: mouseVisible = True
22.4826 	EXP 	window1: mouseVisible = False
22.4829 	EXP 	window1: mouseVisible = True
22.4987 	EXP 	window1: mouseVisible = False
22.4989 	EXP 	window1: mouseVisible = True
22.5160 	EXP 	window1: mouseVisible = False
22.5162 	EXP 	window1: mouseVisible = True
22.5327 	EXP 	window1: mouseVisible = False
22.5330 	EXP 	window1: mouseVisible = True
22.5486 	EXP 	window1: mouseVisible = False
22.5488 	EXP 	window1: mouseVisible = True
22.5658 	EXP 	window1: mouseVisible = False
22.5661 	EXP 	window1: mouseVisible = True
22.5822 	EXP 	window1: mouseVisible = False
22.5825 	EXP 	window1: mouseVisible = True
22.5988 	EXP 	window1: mouseVisible = False
22.5990 	EXP 	window1: mouseVisible = True
22.6155 	EXP 	window1: mouseVisible = False
22.6158 	EXP 	window1: mouseVisible = True
22.6323 	EXP 	window1: mouseVisible = False
22.6325 	EXP 	window1: mouseVisible = True
22.6490 	EXP 	window1: mouseVisible = False
22.6491 	EXP 	window1: mouseVisible = True
22.6654 	EXP 	window1: mouseVisible = False
22.6656 	EXP 	window1: mouseVisible = True
22.6823 	EXP 	window1: mouseVisible = False
22.6826 	EXP 	window1: mouseVisible = True
22.6987 	EXP 	window1: mouseVisible = False
22.6990 	EXP 	window1: mouseVisible = True
22.7161 	EXP 	window1: mouseVisible = False
22.7163 	EXP 	window1: mouseVisible = True
22.7323 	EXP 	window1: mouseVisible = False
22.7325 	EXP 	window1: mouseVisible = True
22.7489 	EXP 	window1: mouseVisible = False
22.7491 	EXP 	window1: mouseVisible = True
22.7657 	EXP 	window1: mouseVisible = False
22.7659 	EXP 	window1: mouseVisible = True
22.7823 	EXP 	window1: mouseVisible = False
22.7826 	EXP 	window1: mouseVisible = True
22.7988 	EXP 	window1: mouseVisible = False
22.7991 	EXP 	window1: mouseVisible = True
22.8157 	EXP 	window1: mouseVisible = False
22.8160 	EXP 	window1: mouseVisible = True
22.8326 	EXP 	window1: mouseVisible = False
22.8328 	EXP 	window1: mouseVisible = True
22.8490 	EXP 	window1: mouseVisible = False
22.8493 	EXP 	window1: mouseVisible = True
22.8658 	EXP 	window1: mouseVisible = False
22.8661 	EXP 	window1: mouseVisible = True
22.8823 	EXP 	window1: mouseVisible = False
22.8826 	EXP 	window1: mouseVisible = True
22.8989 	EXP 	window1: mouseVisible = False
22.8991 	EXP 	window1: mouseVisible = True
22.9159 	EXP 	window1: mouseVisible = False
22.9162 	EXP 	window1: mouseVisible = True
22.9325 	EXP 	window1: mouseVisible = False
22.9328 	EXP 	window1: mouseVisible = True
22.9489 	EXP 	window1: mouseVisible = False
22.9493 	EXP 	window1: mouseVisible = True
22.9496 	DATA 	Mouse: Left button down, pos=(728,227)
22.9825 	EXP 	call1: texRes = 128
22.9825 	EXP 	call2: texRes = 128
22.9825 	EXP 	call3: texRes = 128
22.9828 	EXP 	window1: mouseVisible = False
22.9831 	EXP 	window1: mouseVisible = True
22.9990 	EXP 	window1: mouseVisible = False
22.9992 	EXP 	window1: mouseVisible = True
23.0164 	EXP 	window1: mouseVisible = False
23.0166 	EXP 	window1: mouseVisible = True
23.0325 	EXP 	window1: mouseVisible = False
23.0329 	EXP 	window1: mouseVisible = True
23.0492 	EXP 	window1: mouseVisible = False
23.0494 	EXP 	window1: mouseVisible = True
23.0514 	DATA 	Mouse:  Left button up, pos=(728,227)
23.0660 	EXP 	window1: mouseVisible = False
23.0663 	EXP 	window1: mouseVisible = True
23.0826 	EXP 	window1: mouseVisible = False
23.0829 	EXP 	window1: mouseVisible = True
23.0991 	EXP 	window1: mouseVisible = False
23.0993 	EXP 	window1: mouseVisible = True
23.1161 	EXP 	window1: mouseVisible = False
23.1165 	EXP 	window1: mouseVisible = True
23.1326 	EXP 	window1: mouseVisible = False
23.1330 	EXP 	window1: mouseVisible = True
23.1491 	EXP 	window1: mouseVisible = False
23.1493 	EXP 	window1: mouseVisible = True
23.1666 	EXP 	window1: mouseVisible = False
23.1669 	EXP 	window1: mouseVisible = True
23.1830 	EXP 	window1: mouseVisible = False
23.1833 	EXP 	window1: mouseVisible = True
23.1992 	EXP 	window1: mouseVisible = False
23.1994 	EXP 	window1: mouseVisible = True
23.2159 	EXP 	window1: mouseVisible = False
23.2162 	EXP 	window1: mouseVisible = True
23.2331 	EXP 	window1: mouseVisible = False
23.2334 	EXP 	window1: mouseVisible = True
23.2494 	EXP 	window1: mouseVisible = False
23.2497 	EXP 	window1: mouseVisible = True
23.2664 	EXP 	window1: mouseVisible = False
23.2667 	EXP 	window1: mouseVisible = True
23.2828 	EXP 	window1: mouseVisible = False
23.2830 	EXP 	window1: mouseVisible = True
23.2996 	EXP 	window1: mouseVisible = False
23.2999 	EXP 	window1: mouseVisible = True
23.3162 	EXP 	window1: mouseVisible = False
23.3165 	EXP 	window1: mouseVisible = True
23.3329 	EXP 	window1: mouseVisible = False
23.3331 	EXP 	window1: mouseVisible = True
23.3492 	EXP 	window1: mouseVisible = False
23.3494 	EXP 	window1: mouseVisible = True
23.3663 	EXP 	window1: mouseVisible = False
23.3666 	EXP 	window1: mouseVisible = True
23.3832 	EXP 	window1: mouseVisible = False
23.3835 	EXP 	window1: mouseVisible = True
23.4000 	EXP 	window1: mouseVisible = False
23.4003 	EXP 	window1: mouseVisible = True
23.4163 	EXP 	window1: mouseVisible = False
23.4167 	EXP 	window1: mouseVisible = True
23.4330 	EXP 	window1: mouseVisible = False
23.4332 	EXP 	window1: mouseVisible = True
23.4494 	EXP 	window1: mouseVisible = False
23.4496 	EXP 	window1: mouseVisible = True
23.4662 	EXP 	window1: mouseVisible = False
23.4664 	EXP 	window1: mouseVisible = True
23.4829 	EXP 	window1: mouseVisible = False
23.4832 	EXP 	window1: mouseVisible = True
23.4995 	EXP 	window1: mouseVisible = False
23.4999 	EXP 	window1: mouseVisible = True
23.5164 	EXP 	window1: mouseVisible = False
23.5166 	EXP 	window1: mouseVisible = True
23.5331 	EXP 	window1: mouseVisible = False
23.5334 	EXP 	window1: mouseVisible = True
23.5496 	EXP 	window1: mouseVisible = False
23.5499 	EXP 	window1: mouseVisible = True
23.5667 	EXP 	window1: mouseVisible = False
23.5671 	EXP 	window1: mouseVisible = True
23.5831 	EXP 	window1: mouseVisible = False
23.5834 	EXP 	window1: mouseVisible = True
23.5995 	EXP 	window1: mouseVisible = False
23.5997 	EXP 	window1: mouseVisible = True
23.6165 	EXP 	window1: mouseVisible = False
23.6168 	EXP 	window1: mouseVisible = True
23.6331 	EXP 	window1: mouseVisible = False
23.6335 	EXP 	window1: mouseVisible = True
23.6499 	EXP 	window1: mouseVisible = False
23.6502 	EXP 	window1: mouseVisible = True
23.6668 	EXP 	window1: mouseVisible = False
23.6672 	EXP 	window1: mouseVisible = True
23.6832 	EXP 	window1: mouseVisible = False
23.6835 	EXP 	window1: mouseVisible = True
23.6838 	DATA 	Mouse: Left button down, pos=(1301,251)
23.7161 	EXP 	colour1: texRes = 128
23.7161 	EXP 	colour2: texRes = 128
23.7161 	EXP 	colour3: texRes = 128
23.7163 	EXP 	window1: mouseVisible = False
23.7166 	EXP 	window1: mouseVisible = True
23.7331 	EXP 	window1: mouseVisible = False
23.7334 	EXP 	window1: mouseVisible = True
23.7496 	EXP 	window1: mouseVisible = False
23.7498 	EXP 	window1: mouseVisible = True
23.7666 	EXP 	window1: mouseVisible = False
23.7671 	EXP 	window1: mouseVisible = True
23.7834 	EXP 	window1: mouseVisible = False
23.7837 	EXP 	window1: mouseVisible = True
23.7859 	DATA 	Mouse:  Left button up, pos=(1301,251)
23.7997 	EXP 	window1: mouseVisible = False
23.7999 	EXP 	window1: mouseVisible = True
23.8167 	EXP 	window1: mouseVisible = False
23.8170 	EXP 	window1: mouseVisible = True
23.8332 	EXP 	window1: mouseVisible = False
23.8335 	EXP 	window1: mouseVisible = True
23.8499 	EXP 	window1: mouseVisible = False
23.8501 	EXP 	window1: mouseVisible = True
23.8671 	EXP 	window1: mouseVisible = False
23.8674 	EXP 	window1: mouseVisible = True
23.8837 	EXP 	window1: mouseVisible = False
23.8841 	EXP 	window1: mouseVisible = True
23.8998 	EXP 	window1: mouseVisible = False
23.9001 	EXP 	window1: mouseVisible = True
23.9172 	EXP 	window1: mouseVisible = False
23.9175 	EXP 	window1: mouseVisible = True
23.9332 	EXP 	window1: mouseVisible = False
23.9335 	EXP 	window1: mouseVisible = True
23.9500 	EXP 	window1: mouseVisible = False
23.9503 	EXP 	window1: mouseVisible = True
23.9668 	EXP 	window1: mouseVisible = False
23.9673 	EXP 	window1: mouseVisible = True
23.9834 	EXP 	window1: mouseVisible = False
23.9837 	EXP 	window1: mouseVisible = True
24.0001 	EXP 	window1: mouseVisible = False
24.0003 	EXP 	window1: mouseVisible = True
24.0168 	EXP 	window1: mouseVisible = False
24.0172 	EXP 	window1: mouseVisible = True
24.0334 	EXP 	window1: mouseVisible = False
24.0337 	EXP 	window1: mouseVisible = True
24.0499 	EXP 	window1: mouseVisible = False
24.0501 	EXP 	window1: mouseVisible = True
24.0672 	EXP 	window1: mouseVisible = False
24.0674 	EXP 	window1: mouseVisible = True
24.0833 	EXP 	window1: mouseVisible = False
24.0835 	EXP 	window1: mouseVisible = True
24.1002 	EXP 	window1: mouseVisible = False
24.1004 	EXP 	window1: mouseVisible = True
24.1174 	EXP 	window1: mouseVisible = False
24.1177 	EXP 	window1: mouseVisible = True
24.1335 	EXP 	window1: mouseVisible = False
24.1338 	EXP 	window1: mouseVisible = True
24.1503 	EXP 	window1: mouseVisible = False
24.1505 	EXP 	window1: mouseVisible = True
24.1668 	EXP 	window1: mouseVisible = False
24.1671 	EXP 	window1: mouseVisible = True
24.1835 	EXP 	window1: mouseVisible = False
24.1838 	EXP 	window1: mouseVisible = True
24.2003 	EXP 	window1: mouseVisible = False
24.2005 	EXP 	window1: mouseVisible = True
24.2176 	EXP 	window1: mouseVisible = False
24.2178 	EXP 	window1: mouseVisible = True
24.2336 	EXP 	window1: mouseVisible = False
24.2338 	EXP 	window1: mouseVisible = True
24.2502 	EXP 	window1: mouseVisible = False
24.2506 	EXP 	window1: mouseVisible = True
24.2674 	EXP 	window1: mouseVisible = False
24.2679 	EXP 	window1: mouseVisible = True
24.2836 	EXP 	window1: mouseVisible = False
24.2839 	EXP 	window1: mouseVisible = True
24.3008 	EXP 	window1: mouseVisible = False
24.3010 	EXP 	window1: mouseVisible = True
24.3172 	EXP 	window1: mouseVisible = False
24.3175 	EXP 	window1: mouseVisible = True
24.3337 	EXP 	window1: mouseVisible = False
24.3339 	EXP 	window1: mouseVisible = True
24.3503 	EXP 	window1: mouseVisible = False
24.3506 	EXP 	window1: mouseVisible = True
24.3672 	EXP 	window1: mouseVisible = False
24.3674 	EXP 	window1: mouseVisible = True
24.3842 	EXP 	window1: mouseVisible = False
24.3844 	EXP 	window1: mouseVisible = True
24.4003 	EXP 	window1: mouseVisible = False
24.4006 	EXP 	window1: mouseVisible = True
24.4169 	EXP 	window1: mouseVisible = False
24.4172 	EXP 	window1: mouseVisible = True
24.4339 	EXP 	window1: mouseVisible = False
24.4341 	EXP 	window1: mouseVisible = True
24.4344 	DATA 	Mouse: Left button down, pos=(1861,472)
24.4463 	EXP 	New trial (rep=0, index=2): {'audioFile': 'audio/zh_sp07_Ti_Ro_3.wav', 'speaker': 'sp07', 'callSign': 'Ti', 'colour': 'Ro', 'number': 3}
24.5315 	DATA 	Mouse:  Left button up, pos=(1861,472)
24.5358 	EXP 	number1: texRes = 128
24.5358 	EXP 	number2: texRes = 128
24.5358 	EXP 	number4: texRes = 128
24.5358 	EXP 	blankScreenAfterResponse: autoDraw = True
24.5358 	EXP 	blankScreen: autoDraw = False
24.5358 	EXP 	call1: autoDraw = False
24.5358 	EXP 	call2: autoDraw = False
24.5358 	EXP 	call3: autoDraw = False
24.5358 	EXP 	call4: autoDraw = False
24.5358 	EXP 	colour1: autoDraw = False
24.5358 	EXP 	colour2: autoDraw = False
24.5358 	EXP 	colour3: autoDraw = False
24.5358 	EXP 	colour4: autoDraw = False
24.5358 	EXP 	number1: autoDraw = False
24.5358 	EXP 	number2: autoDraw = False
24.5358 	EXP 	number3: autoDraw = False
24.5358 	EXP 	number4: autoDraw = False
24.5358 	EXP 	blankScreenAfterResponse: autoDraw = False
24.5358 	EXP 	screenAfterAudio: autoDraw = True
25.2385 	DATA 	Mouse: Left button down, pos=(1547,568)
25.3562 	DATA 	Mouse:  Left button up, pos=(1547,568)
25.7397 	DATA 	Keypress: escape
27.0028 	EXP 	window1: mouseVisible = True
