1.3172 	WARNING 	We strongly recommend you activate the PTB sound engine in PsychoPy prefs as the preferred audio engine. Its timing is vastly superior. Your prefs are currently set to use ['sounddevice', 'PTB', 'pyo', 'pygame'] (in that order).
11.6667 	EXP 	Created window1 = Window(allowGUI=True, allowStencil=False, autoLog=True, backendConf=UNKNOWN, bitsMode=UNKNOWN, blendMode='avg', bpc=(8, 8, 8), color=array([0, 0, 0]), colorSpace='rgb', depthBits=8, fullscr=<method-wrapper '__getattribute__' of attributeSetter object at 0x000002279B1FC640>, gamma=None, gammaErrorPolicy='raise', lms=UNKNOWN, monitor=<psychopy.monitors.calibTools.Monitor object at 0x00000227C1FD0220>, multiSample=False, name='window1', numSamples=2, pos=(2560, 0), screen=1, size=array([2560, 1440]), stencilBits=0, stereo=False, units='height', useFBO=True, useRetina=False, viewOri=0.0, viewPos=None, viewScale=None, waitBlanking=True, winType='pyglet')
11.6668 	EXP 	window1: mouseVisible = True
11.6668 	EXP 	window1: mouseVisible = False
11.6668 	EXP 	window1: Attempting to measure frame rate of screen (1) ...
11.6668 	EXP 	window1: recordFrameIntervals = False
11.8339 	EXP 	window1: recordFrameIntervals = True
12.0512 	EXP 	Screen (1) actual frame rate measured at 60.18Hz
12.0512 	EXP 	window1: recordFrameIntervals = False
13.6973 	EXP 	Created instrTrainText = TextStim(__class__=<class 'psychopy.visual.text.TextStim'>, alignHoriz=method-wrapper(...), alignText='center', alignVert=method-wrapper(...), anchorHoriz='center', anchorVert='center', antialias=True, autoDraw=False, autoLog=True, bold=False, color=array([1., 1., 1.]), colorSpace='rgb', contrast=1.0, depth=-1.0, flipHoriz=False, flipVert=False, font='Arial', fontFiles=[], height=0.04, italic=False, languageStyle='LTR', name='instrTrainText', opacity=1.0, ori=0, pos=array([0., 0.]), rgb=UNKNOWN, text=str(...), units='height', win=Window(...), wrapWidth=1.5)
14.8984 	EXP 	Sound sound_1 set volume 1.000
14.9021 	EXP 	Created fixation = ShapeStim(__class__=<class 'psychopy.visual.shape.ShapeStim'>, anchor=('center', 'center'), autoDraw=False, autoLog=True, closeShape=True, color=method-wrapper(...), colorSpace='rgb', contrast=None, depth=-2.0, fillColor=array([1, 1, 1]), fillColorSpace='rgb', fillRGB=array([1, 1, 1]), interpolate=True, lineColor=array([1., 1., 1.]), lineColorSpace='rgb', lineRGB=array([1, 1, 1]), lineWidth=0.5, name='fixation', opacity=0.75, ori=0.0, pos=array([0., 0.]), size=array([0.05, 0.05]), units='height', vertices=ndarray(...), win=Window(...), windingRule=None)
14.9215 	EXP 	Created screenAfterAudio = ImageStim(__class__=<class 'psychopy.visual.image.ImageStim'>, anchor=('center', 'center'), autoLog=True, color=array([1., 1., 1.]), colorSpace='rgb', contrast=1.0, depth=-3.0, flipHoriz=False, flipVert=False, image='images/grayScreen.png', interpolate=True, mask=None, maskParams=None, name='screenAfterAudio', opacity=1.0, ori=0.0, pos=array([0., 0.]), size=array([0.5, 0.5]), texRes=128.0, units='height', win=Window(...))
14.9349 	EXP 	Created blankScreen = ImageStim(__class__=<class 'psychopy.visual.image.ImageStim'>, anchor=('center', 'center'), autoLog=True, color=array([1., 1., 1.]), colorSpace='rgb', contrast=1.0, depth=-4.0, flipHoriz=False, flipVert=False, image='images/grayScreen.png', interpolate=True, mask=None, maskParams=None, name='blankScreen', opacity=1.0, ori=0.0, pos=array([0., 0.]), size=array([1920., 1080.]), texRes=128, units='height', win=Window(...))
15.0332 	EXP 	Created call1 = ImageStim(__class__=<class 'psychopy.visual.image.ImageStim'>, anchor=('center', 'center'), autoLog=True, color=array([1., 1., 1.]), colorSpace='rgb', contrast=1.0, depth=-5.0, flipHoriz=False, flipVert=False, image='images/adler.png', interpolate=True, mask=None, maskParams=None, name='call1', opacity=1.0, ori=0.0, pos=array([-0.4   ,  0.3125]), size=array([0.18, 0.18]), texRes=128, units='height', win=Window(...))
15.1305 	EXP 	Created call2 = ImageStim(__class__=<class 'psychopy.visual.image.ImageStim'>, anchor=('center', 'center'), autoLog=True, color=array([1., 1., 1.]), colorSpace='rgb', contrast=1.0, depth=-6.0, flipHoriz=False, flipVert=False, image='images/drossel.png', interpolate=True, mask=None, maskParams=None, name='call2', opacity=1.0, ori=0.0, pos=array([-0.4       ,  0.10416667]), size=array([0.18, 0.18]), texRes=128, units='height', win=Window(...))
15.2302 	EXP 	Created call3 = ImageStim(__class__=<class 'psychopy.visual.image.ImageStim'>, anchor=('center', 'center'), autoLog=True, color=array([1., 1., 1.]), colorSpace='rgb', contrast=1.0, depth=-7.0, flipHoriz=False, flipVert=False, image='images/tiger.png', interpolate=True, mask=None, maskParams=None, name='call3', opacity=1.0, ori=0.0, pos=array([-0.4       , -0.10416667]), size=array([0.18, 0.18]), texRes=128, units='height', win=Window(...))
15.3280 	EXP 	Created call4 = ImageStim(__class__=<class 'psychopy.visual.image.ImageStim'>, anchor=('center', 'center'), autoLog=True, color=array([1., 1., 1.]), colorSpace='rgb', contrast=1.0, depth=-8.0, flipHoriz=False, flipVert=False, image='images/kroete.png', interpolate=True, mask=None, maskParams=None, name='call4', opacity=1.0, ori=0.0, pos=array([-0.4   , -0.3125]), size=array([0.18, 0.18]), texRes=128, units='height', win=Window(...))
15.3487 	EXP 	Created colour1 = ImageStim(__class__=<class 'psychopy.visual.image.ImageStim'>, anchor=('center', 'center'), autoLog=True, color=array([1., 1., 1.]), colorSpace='rgb', contrast=1.0, depth=-9.0, flipHoriz=False, flipVert=False, image='images/gelb.png', interpolate=True, mask=None, maskParams=None, name='colour1', opacity=1.0, ori=0.0, pos=array([0.    , 0.3125]), size=array([0.18, 0.18]), texRes=128, units='height', win=Window(...))
15.3698 	EXP 	Created colour2 = ImageStim(__class__=<class 'psychopy.visual.image.ImageStim'>, anchor=('center', 'center'), autoLog=True, color=array([1., 1., 1.]), colorSpace='rgb', contrast=1.0, depth=-10.0, flipHoriz=False, flipVert=False, image='images/gruen.png', interpolate=True, mask=None, maskParams=None, name='colour2', opacity=1.0, ori=0.0, pos=array([0.        , 0.10416667]), size=array([0.18, 0.18]), texRes=128, units='height', win=Window(...))
15.3904 	EXP 	Created colour3 = ImageStim(__class__=<class 'psychopy.visual.image.ImageStim'>, anchor=('center', 'center'), autoLog=True, color=array([1., 1., 1.]), colorSpace='rgb', contrast=1.0, depth=-11.0, flipHoriz=False, flipVert=False, image='images/rot.png', interpolate=True, mask=None, maskParams=None, name='colour3', opacity=1.0, ori=0.0, pos=array([ 0.        , -0.10416667]), size=array([0.18, 0.18]), texRes=128, units='height', win=Window(...))
15.4107 	EXP 	Created colour4 = ImageStim(__class__=<class 'psychopy.visual.image.ImageStim'>, anchor=('center', 'center'), autoLog=True, color=array([1., 1., 1.]), colorSpace='rgb', contrast=1.0, depth=-12.0, flipHoriz=False, flipVert=False, image='images/weiss.png', interpolate=True, mask=None, maskParams=None, name='colour4', opacity=1.0, ori=0.0, pos=array([ 0.    , -0.3125]), size=array([0.18, 0.18]), texRes=128, units='height', win=Window(...))
15.4333 	EXP 	Created number1 = ImageStim(__class__=<class 'psychopy.visual.image.ImageStim'>, anchor=('center', 'center'), autoLog=True, color=array([1., 1., 1.]), colorSpace='rgb', contrast=1.0, depth=-13.0, flipHoriz=False, flipVert=False, image='images/1.png', interpolate=True, mask=None, maskParams=None, name='number1', opacity=1.0, ori=0.0, pos=array([0.4   , 0.3125]), size=array([0.18, 0.18]), texRes=128, units='height', win=Window(...))
15.4531 	EXP 	Created number2 = ImageStim(__class__=<class 'psychopy.visual.image.ImageStim'>, anchor=('center', 'center'), autoLog=True, color=array([1., 1., 1.]), colorSpace='rgb', contrast=1.0, depth=-14.0, flipHoriz=False, flipVert=False, image='images/2.png', interpolate=True, mask=None, maskParams=None, name='number2', opacity=1.0, ori=0.0, pos=array([0.4       , 0.10416667]), size=array([0.18, 0.18]), texRes=128, units='height', win=Window(...))
15.4731 	EXP 	Created number3 = ImageStim(__class__=<class 'psychopy.visual.image.ImageStim'>, anchor=('center', 'center'), autoLog=True, color=array([1., 1., 1.]), colorSpace='rgb', contrast=1.0, depth=-15.0, flipHoriz=False, flipVert=False, image='images/3.png', interpolate=True, mask=None, maskParams=None, name='number3', opacity=1.0, ori=0.0, pos=array([ 0.4       , -0.10416667]), size=array([0.18, 0.18]), texRes=128, units='height', win=Window(...))
15.4947 	EXP 	Created number4 = ImageStim(__class__=<class 'psychopy.visual.image.ImageStim'>, anchor=('center', 'center'), autoLog=True, color=array([1., 1., 1.]), colorSpace='rgb', contrast=1.0, depth=-16.0, flipHoriz=False, flipVert=False, image='images/4.png', interpolate=True, mask=None, maskParams=None, name='number4', opacity=1.0, ori=0.0, pos=array([ 0.4   , -0.3125]), size=array([0.18, 0.18]), texRes=128, units='height', win=Window(...))
15.4950 	EXP 	window1: mouseVisible = True
15.4951 	EXP 	window1: mouseVisible = True
15.4952 	EXP 	window1: mouseVisible = True
15.5165 	EXP 	Created blankScreenAfterResponse = ImageStim(__class__=<class 'psychopy.visual.image.ImageStim'>, anchor=('center', 'center'), autoLog=True, color=array([1., 1., 1.]), colorSpace='rgb', contrast=1.0, depth=-26.0, flipHoriz=False, flipVert=False, image='images/blankScreen.png', interpolate=True, mask=None, maskParams=None, name='blankScreenAfterResponse', opacity=1.0, ori=0.0, pos=array([0., 0.]), size=array([1920., 1080.]), texRes=128, units='height', win=Window(...))
15.5283 	EXP 	Created instrExpText = TextStim(__class__=<class 'psychopy.visual.text.TextStim'>, alignHoriz=method-wrapper(...), alignText='center', alignVert=method-wrapper(...), anchorHoriz='center', anchorVert='center', antialias=True, autoDraw=False, autoLog=True, bold=False, color=array([1., 1., 1.]), colorSpace='rgb', contrast=1.0, depth=0.0, flipHoriz=False, flipVert=False, font='Arial', fontFiles=[], height=0.04, italic=False, languageStyle='LTR', name='instrExpText', opacity=1.0, ori=0, pos=array([0., 0.]), rgb=UNKNOWN, text=str(...), units='height', win=Window(...), wrapWidth=1)
15.5344 	EXP 	Created thanksText = TextStim(__class__=<class 'psychopy.visual.text.TextStim'>, alignHoriz=method-wrapper(...), alignText='center', alignVert=method-wrapper(...), anchorHoriz='center', anchorVert='center', antialias=True, autoDraw=False, autoLog=True, bold=False, color=array([1., 1., 1.]), colorSpace='rgb', contrast=1.0, depth=0.0, flipHoriz=False, flipVert=False, font='Arial', fontFiles=[], height=0.04, italic=False, languageStyle='LTR', name='thanksText', opacity=1.0, ori=0, pos=array([0., 0.]), rgb=UNKNOWN, text=str(...), units='height', win=Window(...), wrapWidth=1)
15.5345 	EXP 	window1: mouseVisible = False
15.5523 	EXP 	instrTrainText: autoDraw = True
16.0545 	DATA 	Mouse: Left button down, pos=(230,469)
16.1547 	DATA 	Mouse:  Left button up, pos=(230,469)
17.1337 	EXP 	Imported tempStimList.csv as conditions, 1152 conditions, 19 params
17.1372 	EXP 	Created sequence: sequential, trialTypes=1152, nReps=1, seed=None
17.1376 	EXP 	New trial (rep=0, index=0): OrderedDict([('audiofile', 'audio/NV_DE_Neural2-D_Ti-ge-Dr_0.75p.wav'), ('duration', 5.4022), ('noise', 'NV'), ('voice', 'Neural2-D'), ('words', 'Ti-ge-Dr'), ('callSign', 'Ti'), ('colour', 'ge'), ('number', 'Dr'), ('levels', '0.75p'), ('file', 'DE_Neural2-D_Ti-ge-Dr.TextGrid'), ('firstSound_tmin', 0.17712), ('lastSound_tmax', 4.64712), ('token_1_tmin', 0.84712), ('token_1_tmax', 1.32712), ('token_2_tmin', 2.35712), ('token_2_tmax', 2.68712), ('token_3_tmin', 3.82712), ('token_3_tmax', 4.33712), ('RAND_formula', 0.000806393)])
17.1669 	DATA 	Keypress: space
17.1671 	DATA 	Keypress: n
17.1717 	EXP 	instrTrainText: autoDraw = False
17.1717 	EXP 	fixation: autoDraw = True
20.2100 	DATA 	Mouse: Left button down, pos=(187,498)
20.5606 	DATA 	Mouse:  Left button up, pos=(186,498)
22.6227 	EXP 	window1: mouseVisible = False
22.6418 	EXP 	fixation: autoDraw = False
22.6418 	EXP 	screenAfterAudio: autoDraw = True
22.6418 	EXP 	screenAfterAudio: autoDraw = False
22.6418 	EXP 	fixation: autoDraw = False
22.6418 	EXP 	screenAfterAudio: autoDraw = False
22.6418 	EXP 	call1: texRes = 128
22.6418 	EXP 	call2: texRes = 128
22.6418 	EXP 	call3: texRes = 128
22.6418 	EXP 	call4: texRes = 128
22.6418 	EXP 	colour1: texRes = 128
22.6418 	EXP 	colour2: texRes = 128
22.6418 	EXP 	colour3: texRes = 128
22.6418 	EXP 	colour4: texRes = 128
22.6418 	EXP 	number1: texRes = 128
22.6418 	EXP 	number2: texRes = 128
22.6418 	EXP 	number3: texRes = 128
22.6418 	EXP 	number4: texRes = 128
22.6418 	EXP 	blankScreen: autoDraw = True
22.6421 	EXP 	window1: mouseVisible = False
22.6584 	EXP 	window1: mouseVisible = False
22.6744 	EXP 	window1: mouseVisible = False
22.6917 	EXP 	window1: mouseVisible = False
22.7087 	EXP 	window1: mouseVisible = False
22.7251 	EXP 	window1: mouseVisible = False
22.7427 	EXP 	window1: mouseVisible = False
22.7588 	EXP 	window1: mouseVisible = False
22.7759 	EXP 	window1: mouseVisible = False
22.7925 	EXP 	window1: mouseVisible = False
22.8099 	EXP 	window1: mouseVisible = False
22.8260 	EXP 	window1: mouseVisible = False
22.8422 	EXP 	window1: mouseVisible = False
22.8584 	EXP 	window1: mouseVisible = False
22.8760 	EXP 	window1: mouseVisible = False
22.8931 	EXP 	window1: mouseVisible = False
22.9089 	EXP 	window1: mouseVisible = False
22.9262 	EXP 	window1: mouseVisible = False
22.9426 	EXP 	window1: mouseVisible = False
22.9599 	EXP 	window1: mouseVisible = False
22.9757 	EXP 	window1: mouseVisible = False
22.9929 	EXP 	window1: mouseVisible = False
23.0095 	EXP 	window1: mouseVisible = False
23.0256 	EXP 	window1: mouseVisible = False
23.0427 	EXP 	window1: mouseVisible = False
23.0594 	EXP 	window1: mouseVisible = False
23.0758 	EXP 	window1: mouseVisible = False
23.0927 	EXP 	window1: mouseVisible = False
23.1090 	EXP 	window1: mouseVisible = False
23.1257 	EXP 	window1: mouseVisible = False
23.1423 	EXP 	window1: mouseVisible = False
23.1588 	EXP 	window1: mouseVisible = False
23.1757 	EXP 	window1: mouseVisible = False
23.1928 	EXP 	window1: mouseVisible = False
23.2095 	EXP 	window1: mouseVisible = False
23.2269 	EXP 	window1: mouseVisible = False
23.2424 	EXP 	window1: mouseVisible = False
23.2590 	EXP 	window1: mouseVisible = False
23.2770 	EXP 	window1: mouseVisible = False
23.2935 	EXP 	window1: mouseVisible = False
23.3097 	EXP 	window1: mouseVisible = False
23.3264 	EXP 	window1: mouseVisible = False
23.3435 	EXP 	window1: mouseVisible = False
23.3595 	EXP 	window1: mouseVisible = False
23.3765 	EXP 	window1: mouseVisible = False
23.3936 	EXP 	window1: mouseVisible = False
23.4098 	EXP 	window1: mouseVisible = False
23.4263 	EXP 	window1: mouseVisible = False
23.4432 	EXP 	window1: mouseVisible = False
23.4595 	EXP 	window1: mouseVisible = False
23.4766 	EXP 	window1: mouseVisible = False
23.4930 	EXP 	window1: mouseVisible = False
23.5083 	EXP 	window1: mouseVisible = False
23.5271 	EXP 	window1: mouseVisible = False
23.5430 	EXP 	window1: mouseVisible = False
23.5583 	EXP 	window1: mouseVisible = False
23.5753 	EXP 	window1: mouseVisible = False
23.5922 	EXP 	window1: mouseVisible = False
23.6086 	EXP 	window1: mouseVisible = False
23.6251 	EXP 	window1: mouseVisible = False
23.6417 	EXP 	blankScreen: autoDraw = False
23.6417 	EXP 	call1: autoDraw = True
23.6417 	EXP 	call2: autoDraw = True
23.6417 	EXP 	call3: autoDraw = True
23.6417 	EXP 	call4: autoDraw = True
23.6417 	EXP 	colour1: autoDraw = True
23.6417 	EXP 	colour2: autoDraw = True
23.6417 	EXP 	colour3: autoDraw = True
23.6417 	EXP 	colour4: autoDraw = True
23.6417 	EXP 	number1: autoDraw = True
23.6417 	EXP 	number2: autoDraw = True
23.6417 	EXP 	number3: autoDraw = True
23.6417 	EXP 	number4: autoDraw = True
23.6421 	EXP 	window1: mouseVisible = False
23.6421 	EXP 	window1: mouseVisible = True
23.6586 	EXP 	window1: mouseVisible = False
23.6586 	EXP 	window1: mouseVisible = True
23.6751 	EXP 	window1: mouseVisible = False
23.6752 	EXP 	window1: mouseVisible = True
23.6925 	EXP 	window1: mouseVisible = False
23.6925 	EXP 	window1: mouseVisible = True
23.7091 	EXP 	window1: mouseVisible = False
23.7092 	EXP 	window1: mouseVisible = True
23.7257 	EXP 	window1: mouseVisible = False
23.7257 	EXP 	window1: mouseVisible = True
23.7425 	EXP 	window1: mouseVisible = False
23.7426 	EXP 	window1: mouseVisible = True
23.7589 	EXP 	window1: mouseVisible = False
23.7589 	EXP 	window1: mouseVisible = True
23.7760 	EXP 	window1: mouseVisible = False
23.7760 	EXP 	window1: mouseVisible = True
23.7922 	EXP 	window1: mouseVisible = False
23.7922 	EXP 	window1: mouseVisible = True
23.8090 	EXP 	window1: mouseVisible = False
23.8091 	EXP 	window1: mouseVisible = True
23.8252 	EXP 	window1: mouseVisible = False
23.8253 	EXP 	window1: mouseVisible = True
23.8421 	EXP 	window1: mouseVisible = False
23.8421 	EXP 	window1: mouseVisible = True
23.8590 	EXP 	window1: mouseVisible = False
23.8591 	EXP 	window1: mouseVisible = True
23.8756 	EXP 	window1: mouseVisible = False
23.8756 	EXP 	window1: mouseVisible = True
23.8922 	EXP 	window1: mouseVisible = False
23.8922 	EXP 	window1: mouseVisible = True
23.9092 	EXP 	window1: mouseVisible = False
23.9093 	EXP 	window1: mouseVisible = True
23.9265 	EXP 	window1: mouseVisible = False
23.9265 	EXP 	window1: mouseVisible = True
23.9425 	EXP 	window1: mouseVisible = False
23.9425 	EXP 	window1: mouseVisible = True
23.9588 	EXP 	window1: mouseVisible = False
23.9588 	EXP 	window1: mouseVisible = True
23.9756 	EXP 	window1: mouseVisible = False
23.9757 	EXP 	window1: mouseVisible = True
23.9923 	EXP 	window1: mouseVisible = False
23.9923 	EXP 	window1: mouseVisible = True
24.0092 	EXP 	window1: mouseVisible = False
24.0092 	EXP 	window1: mouseVisible = True
24.0258 	EXP 	window1: mouseVisible = False
24.0260 	EXP 	window1: mouseVisible = True
24.0422 	EXP 	window1: mouseVisible = False
24.0422 	EXP 	window1: mouseVisible = True
24.0588 	EXP 	window1: mouseVisible = False
24.0588 	EXP 	window1: mouseVisible = True
24.0756 	EXP 	window1: mouseVisible = False
24.0756 	EXP 	window1: mouseVisible = True
24.0924 	EXP 	window1: mouseVisible = False
24.0924 	EXP 	window1: mouseVisible = True
24.1105 	EXP 	window1: mouseVisible = False
24.1106 	EXP 	window1: mouseVisible = True
24.1259 	EXP 	window1: mouseVisible = False
24.1260 	EXP 	window1: mouseVisible = True
24.1429 	EXP 	window1: mouseVisible = False
24.1430 	EXP 	window1: mouseVisible = True
24.1591 	EXP 	window1: mouseVisible = False
24.1592 	EXP 	window1: mouseVisible = True
24.1758 	EXP 	window1: mouseVisible = False
24.1759 	EXP 	window1: mouseVisible = True
24.1924 	EXP 	window1: mouseVisible = False
24.1925 	EXP 	window1: mouseVisible = True
24.2089 	EXP 	window1: mouseVisible = False
24.2090 	EXP 	window1: mouseVisible = True
24.2255 	EXP 	window1: mouseVisible = False
24.2256 	EXP 	window1: mouseVisible = True
24.2424 	EXP 	window1: mouseVisible = False
24.2424 	EXP 	window1: mouseVisible = True
24.2591 	EXP 	window1: mouseVisible = False
24.2592 	EXP 	window1: mouseVisible = True
24.2756 	EXP 	window1: mouseVisible = False
24.2756 	EXP 	window1: mouseVisible = True
24.2930 	EXP 	window1: mouseVisible = False
24.2930 	EXP 	window1: mouseVisible = True
24.3095 	EXP 	window1: mouseVisible = False
24.3095 	EXP 	window1: mouseVisible = True
24.3256 	EXP 	window1: mouseVisible = False
24.3256 	EXP 	window1: mouseVisible = True
24.3429 	EXP 	window1: mouseVisible = False
24.3430 	EXP 	window1: mouseVisible = True
24.3590 	EXP 	window1: mouseVisible = False
24.3590 	EXP 	window1: mouseVisible = True
24.3759 	EXP 	window1: mouseVisible = False
24.3760 	EXP 	window1: mouseVisible = True
24.3926 	EXP 	window1: mouseVisible = False
24.3926 	EXP 	window1: mouseVisible = True
24.4093 	EXP 	window1: mouseVisible = False
24.4094 	EXP 	window1: mouseVisible = True
24.4259 	EXP 	window1: mouseVisible = False
24.4260 	EXP 	window1: mouseVisible = True
24.4428 	EXP 	window1: mouseVisible = False
24.4428 	EXP 	window1: mouseVisible = True
24.4593 	EXP 	window1: mouseVisible = False
24.4593 	EXP 	window1: mouseVisible = True
24.4758 	EXP 	window1: mouseVisible = False
24.4758 	EXP 	window1: mouseVisible = True
24.4925 	EXP 	window1: mouseVisible = False
24.4926 	EXP 	window1: mouseVisible = True
24.5097 	EXP 	window1: mouseVisible = False
24.5097 	EXP 	window1: mouseVisible = True
24.5263 	EXP 	window1: mouseVisible = False
24.5264 	EXP 	window1: mouseVisible = True
24.5430 	EXP 	window1: mouseVisible = False
24.5431 	EXP 	window1: mouseVisible = True
24.5598 	EXP 	window1: mouseVisible = False
24.5598 	EXP 	window1: mouseVisible = True
24.5772 	EXP 	window1: mouseVisible = False
24.5772 	EXP 	window1: mouseVisible = True
24.5795 	DATA 	Mouse: Left button down, pos=(819,208)
24.6110 	EXP 	call1: texRes = 128
24.6110 	EXP 	call2: texRes = 128
24.6110 	EXP 	call3: texRes = 128
24.6112 	EXP 	window1: mouseVisible = False
24.6113 	EXP 	window1: mouseVisible = True
24.6268 	EXP 	window1: mouseVisible = False
24.6270 	EXP 	window1: mouseVisible = True
24.6443 	EXP 	window1: mouseVisible = False
24.6446 	EXP 	window1: mouseVisible = True
24.6599 	EXP 	window1: mouseVisible = False
24.6601 	EXP 	window1: mouseVisible = True
24.6777 	EXP 	window1: mouseVisible = False
24.6779 	EXP 	window1: mouseVisible = True
24.6937 	EXP 	window1: mouseVisible = False
24.6939 	EXP 	window1: mouseVisible = True
24.7107 	EXP 	window1: mouseVisible = False
24.7110 	EXP 	window1: mouseVisible = True
24.7112 	DATA 	Mouse:  Left button up, pos=(819,208)
24.7264 	EXP 	window1: mouseVisible = False
24.7266 	EXP 	window1: mouseVisible = True
24.7433 	EXP 	window1: mouseVisible = False
24.7435 	EXP 	window1: mouseVisible = True
24.7600 	EXP 	window1: mouseVisible = False
24.7601 	EXP 	window1: mouseVisible = True
24.7765 	EXP 	window1: mouseVisible = False
24.7767 	EXP 	window1: mouseVisible = True
24.7929 	EXP 	window1: mouseVisible = False
24.7931 	EXP 	window1: mouseVisible = True
24.8094 	EXP 	window1: mouseVisible = False
24.8096 	EXP 	window1: mouseVisible = True
24.8266 	EXP 	window1: mouseVisible = False
24.8268 	EXP 	window1: mouseVisible = True
24.8434 	EXP 	window1: mouseVisible = False
24.8436 	EXP 	window1: mouseVisible = True
24.8594 	EXP 	window1: mouseVisible = False
24.8596 	EXP 	window1: mouseVisible = True
24.8767 	EXP 	window1: mouseVisible = False
24.8769 	EXP 	window1: mouseVisible = True
24.8934 	EXP 	window1: mouseVisible = False
24.8936 	EXP 	window1: mouseVisible = True
24.9101 	EXP 	window1: mouseVisible = False
24.9103 	EXP 	window1: mouseVisible = True
24.9267 	EXP 	window1: mouseVisible = False
24.9269 	EXP 	window1: mouseVisible = True
24.9435 	EXP 	window1: mouseVisible = False
24.9437 	EXP 	window1: mouseVisible = True
24.9602 	EXP 	window1: mouseVisible = False
24.9603 	EXP 	window1: mouseVisible = True
24.9764 	EXP 	window1: mouseVisible = False
24.9766 	EXP 	window1: mouseVisible = True
24.9935 	EXP 	window1: mouseVisible = False
24.9937 	EXP 	window1: mouseVisible = True
25.0104 	EXP 	window1: mouseVisible = False
25.0106 	EXP 	window1: mouseVisible = True
25.0268 	EXP 	window1: mouseVisible = False
25.0272 	EXP 	window1: mouseVisible = True
25.0436 	EXP 	window1: mouseVisible = False
25.0438 	EXP 	window1: mouseVisible = True
25.0602 	EXP 	window1: mouseVisible = False
25.0604 	EXP 	window1: mouseVisible = True
25.0768 	EXP 	window1: mouseVisible = False
25.0771 	EXP 	window1: mouseVisible = True
25.0937 	EXP 	window1: mouseVisible = False
25.0938 	EXP 	window1: mouseVisible = True
25.1102 	EXP 	window1: mouseVisible = False
25.1105 	EXP 	window1: mouseVisible = True
25.1263 	EXP 	window1: mouseVisible = False
25.1265 	EXP 	window1: mouseVisible = True
25.1431 	EXP 	window1: mouseVisible = False
25.1433 	EXP 	window1: mouseVisible = True
25.1604 	EXP 	window1: mouseVisible = False
25.1606 	EXP 	window1: mouseVisible = True
25.1767 	EXP 	window1: mouseVisible = False
25.1768 	EXP 	window1: mouseVisible = True
25.1931 	EXP 	window1: mouseVisible = False
25.1933 	EXP 	window1: mouseVisible = True
25.2098 	EXP 	window1: mouseVisible = False
25.2100 	EXP 	window1: mouseVisible = True
25.2269 	EXP 	window1: mouseVisible = False
25.2271 	EXP 	window1: mouseVisible = True
25.2430 	EXP 	window1: mouseVisible = False
25.2433 	EXP 	window1: mouseVisible = True
25.2600 	EXP 	window1: mouseVisible = False
25.2602 	EXP 	window1: mouseVisible = True
25.2767 	EXP 	window1: mouseVisible = False
25.2769 	EXP 	window1: mouseVisible = True
25.2938 	EXP 	window1: mouseVisible = False
25.2940 	EXP 	window1: mouseVisible = True
25.3105 	EXP 	window1: mouseVisible = False
25.3107 	EXP 	window1: mouseVisible = True
25.3268 	EXP 	window1: mouseVisible = False
25.3270 	EXP 	window1: mouseVisible = True
25.3440 	EXP 	window1: mouseVisible = False
25.3441 	EXP 	window1: mouseVisible = True
25.3603 	EXP 	window1: mouseVisible = False
25.3606 	EXP 	window1: mouseVisible = True
25.3769 	EXP 	window1: mouseVisible = False
25.3770 	EXP 	window1: mouseVisible = True
25.3932 	EXP 	window1: mouseVisible = False
25.3936 	EXP 	window1: mouseVisible = True
25.4101 	EXP 	window1: mouseVisible = False
25.4103 	EXP 	window1: mouseVisible = True
25.4267 	EXP 	window1: mouseVisible = False
25.4268 	EXP 	window1: mouseVisible = True
25.4433 	EXP 	window1: mouseVisible = False
25.4434 	EXP 	window1: mouseVisible = True
25.4605 	EXP 	window1: mouseVisible = False
25.4608 	EXP 	window1: mouseVisible = True
25.4769 	EXP 	window1: mouseVisible = False
25.4771 	EXP 	window1: mouseVisible = True
25.4934 	EXP 	window1: mouseVisible = False
25.4935 	EXP 	window1: mouseVisible = True
25.5099 	EXP 	window1: mouseVisible = False
25.5101 	EXP 	window1: mouseVisible = True
25.5103 	DATA 	Mouse: Left button down, pos=(1204,272)
25.5440 	EXP 	colour1: texRes = 128
25.5440 	EXP 	colour2: texRes = 128
25.5440 	EXP 	colour3: texRes = 128
25.5442 	EXP 	window1: mouseVisible = False
25.5444 	EXP 	window1: mouseVisible = True
25.5606 	EXP 	window1: mouseVisible = False
25.5609 	EXP 	window1: mouseVisible = True
25.5774 	EXP 	window1: mouseVisible = False
25.5775 	EXP 	window1: mouseVisible = True
25.5943 	EXP 	window1: mouseVisible = False
25.5946 	EXP 	window1: mouseVisible = True
25.6106 	EXP 	window1: mouseVisible = False
25.6108 	EXP 	window1: mouseVisible = True
25.6270 	EXP 	window1: mouseVisible = False
25.6272 	EXP 	window1: mouseVisible = True
25.6440 	EXP 	window1: mouseVisible = False
25.6442 	EXP 	window1: mouseVisible = True
25.6608 	EXP 	window1: mouseVisible = False
25.6610 	EXP 	window1: mouseVisible = True
25.6613 	DATA 	Mouse:  Left button up, pos=(1204,272)
25.6771 	EXP 	window1: mouseVisible = False
25.6774 	EXP 	window1: mouseVisible = True
25.6936 	EXP 	window1: mouseVisible = False
25.6938 	EXP 	window1: mouseVisible = True
25.7108 	EXP 	window1: mouseVisible = False
25.7110 	EXP 	window1: mouseVisible = True
25.7274 	EXP 	window1: mouseVisible = False
25.7276 	EXP 	window1: mouseVisible = True
25.7441 	EXP 	window1: mouseVisible = False
25.7443 	EXP 	window1: mouseVisible = True
25.7607 	EXP 	window1: mouseVisible = False
25.7609 	EXP 	window1: mouseVisible = True
25.7770 	EXP 	window1: mouseVisible = False
25.7771 	EXP 	window1: mouseVisible = True
25.7941 	EXP 	window1: mouseVisible = False
25.7943 	EXP 	window1: mouseVisible = True
25.8109 	EXP 	window1: mouseVisible = False
25.8111 	EXP 	window1: mouseVisible = True
25.8272 	EXP 	window1: mouseVisible = False
25.8274 	EXP 	window1: mouseVisible = True
25.8440 	EXP 	window1: mouseVisible = False
25.8442 	EXP 	window1: mouseVisible = True
25.8607 	EXP 	window1: mouseVisible = False
25.8609 	EXP 	window1: mouseVisible = True
25.8771 	EXP 	window1: mouseVisible = False
25.8773 	EXP 	window1: mouseVisible = True
25.8936 	EXP 	window1: mouseVisible = False
25.8938 	EXP 	window1: mouseVisible = True
25.9112 	EXP 	window1: mouseVisible = False
25.9114 	EXP 	window1: mouseVisible = True
25.9270 	EXP 	window1: mouseVisible = False
25.9272 	EXP 	window1: mouseVisible = True
25.9441 	EXP 	window1: mouseVisible = False
25.9443 	EXP 	window1: mouseVisible = True
25.9606 	EXP 	window1: mouseVisible = False
25.9608 	EXP 	window1: mouseVisible = True
25.9772 	EXP 	window1: mouseVisible = False
25.9774 	EXP 	window1: mouseVisible = True
25.9942 	EXP 	window1: mouseVisible = False
25.9943 	EXP 	window1: mouseVisible = True
26.0106 	EXP 	window1: mouseVisible = False
26.0108 	EXP 	window1: mouseVisible = True
26.0272 	EXP 	window1: mouseVisible = False
26.0274 	EXP 	window1: mouseVisible = True
26.0438 	EXP 	window1: mouseVisible = False
26.0439 	EXP 	window1: mouseVisible = True
26.0610 	EXP 	window1: mouseVisible = False
26.0613 	EXP 	window1: mouseVisible = True
26.0775 	EXP 	window1: mouseVisible = False
26.0778 	EXP 	window1: mouseVisible = True
26.0943 	EXP 	window1: mouseVisible = False
26.0945 	EXP 	window1: mouseVisible = True
26.1108 	EXP 	window1: mouseVisible = False
26.1110 	EXP 	window1: mouseVisible = True
26.1272 	EXP 	window1: mouseVisible = False
26.1274 	EXP 	window1: mouseVisible = True
26.1439 	EXP 	window1: mouseVisible = False
26.1440 	EXP 	window1: mouseVisible = True
26.1607 	EXP 	window1: mouseVisible = False
26.1608 	EXP 	window1: mouseVisible = True
26.1774 	EXP 	window1: mouseVisible = False
26.1776 	EXP 	window1: mouseVisible = True
26.1945 	EXP 	window1: mouseVisible = False
26.1947 	EXP 	window1: mouseVisible = True
26.2112 	EXP 	window1: mouseVisible = False
26.2114 	EXP 	window1: mouseVisible = True
26.2275 	EXP 	window1: mouseVisible = False
26.2277 	EXP 	window1: mouseVisible = True
26.2280 	DATA 	Mouse: Left button down, pos=(1736,261)
26.2490 	EXP 	New trial (rep=0, index=1): OrderedDict([('audiofile', 'audio/NV_DE_Neural2-F_Ti-gr-Vi_0.85p.wav'), ('duration', 4.9453), ('noise', 'NV'), ('voice', 'Neural2-F'), ('words', 'Ti-gr-Vi'), ('callSign', 'Ti'), ('colour', 'gr'), ('number', 'Vi'), ('levels', '0.85p'), ('file', 'DE_Neural2-F_Ti-gr-Vi.TextGrid'), ('firstSound_tmin', 0.15712), ('lastSound_tmax', 4.21712), ('token_1_tmin', 0.74712), ('token_1_tmax', 1.17712), ('token_2_tmin', 1.97712), ('token_2_tmax', 2.22712), ('token_3_tmin', 3.31712), ('token_3_tmax', 3.75712), ('RAND_formula', 0.002036265)])
26.2790 	EXP 	number1: texRes = 128
26.2790 	EXP 	number2: texRes = 128
26.2790 	EXP 	number3: texRes = 128
26.2790 	EXP 	blankScreenAfterResponse: autoDraw = True
26.2790 	EXP 	blankScreen: autoDraw = False
26.2790 	EXP 	call1: autoDraw = False
26.2790 	EXP 	call2: autoDraw = False
26.2790 	EXP 	call3: autoDraw = False
26.2790 	EXP 	call4: autoDraw = False
26.2790 	EXP 	colour1: autoDraw = False
26.2790 	EXP 	colour2: autoDraw = False
26.2790 	EXP 	colour3: autoDraw = False
26.2790 	EXP 	colour4: autoDraw = False
26.2790 	EXP 	number1: autoDraw = False
26.2790 	EXP 	number2: autoDraw = False
26.2790 	EXP 	number3: autoDraw = False
26.2790 	EXP 	number4: autoDraw = False
26.2790 	EXP 	blankScreenAfterResponse: autoDraw = False
26.2790 	EXP 	fixation: autoDraw = True
26.4148 	DATA 	Mouse:  Left button up, pos=(1763,255)
31.2633 	EXP 	window1: mouseVisible = False
31.2814 	EXP 	fixation: autoDraw = False
31.2814 	EXP 	screenAfterAudio: autoDraw = True
31.2814 	EXP 	screenAfterAudio: autoDraw = False
31.2814 	EXP 	fixation: autoDraw = False
31.2814 	EXP 	screenAfterAudio: autoDraw = False
31.2814 	EXP 	call1: texRes = 128
31.2814 	EXP 	call2: texRes = 128
31.2814 	EXP 	call3: texRes = 128
31.2814 	EXP 	call4: texRes = 128
31.2814 	EXP 	colour1: texRes = 128
31.2814 	EXP 	colour2: texRes = 128
31.2814 	EXP 	colour3: texRes = 128
31.2814 	EXP 	colour4: texRes = 128
31.2814 	EXP 	number1: texRes = 128
31.2814 	EXP 	number2: texRes = 128
31.2814 	EXP 	number3: texRes = 128
31.2814 	EXP 	number4: texRes = 128
31.2814 	EXP 	blankScreen: autoDraw = True
31.2816 	EXP 	window1: mouseVisible = False
31.2986 	EXP 	window1: mouseVisible = False
31.3155 	EXP 	window1: mouseVisible = False
31.3322 	EXP 	window1: mouseVisible = False
31.3486 	EXP 	window1: mouseVisible = False
31.3654 	EXP 	window1: mouseVisible = False
31.3817 	EXP 	window1: mouseVisible = False
31.3982 	EXP 	window1: mouseVisible = False
31.4153 	EXP 	window1: mouseVisible = False
31.4321 	EXP 	window1: mouseVisible = False
31.4484 	EXP 	window1: mouseVisible = False
31.4655 	EXP 	window1: mouseVisible = False
31.4820 	EXP 	window1: mouseVisible = False
31.4982 	EXP 	window1: mouseVisible = False
31.5149 	EXP 	window1: mouseVisible = False
31.5319 	EXP 	window1: mouseVisible = False
31.5486 	EXP 	window1: mouseVisible = False
31.5656 	EXP 	window1: mouseVisible = False
31.5819 	EXP 	window1: mouseVisible = False
31.5986 	EXP 	window1: mouseVisible = False
31.6155 	EXP 	window1: mouseVisible = False
31.6322 	EXP 	window1: mouseVisible = False
31.6489 	EXP 	window1: mouseVisible = False
31.6652 	EXP 	window1: mouseVisible = False
31.6823 	EXP 	window1: mouseVisible = False
31.6986 	EXP 	window1: mouseVisible = False
31.7154 	EXP 	window1: mouseVisible = False
31.7323 	EXP 	window1: mouseVisible = False
31.7493 	EXP 	window1: mouseVisible = False
31.7656 	EXP 	window1: mouseVisible = False
31.7820 	EXP 	window1: mouseVisible = False
31.7987 	EXP 	window1: mouseVisible = False
31.8152 	EXP 	window1: mouseVisible = False
31.8323 	EXP 	window1: mouseVisible = False
31.8489 	EXP 	window1: mouseVisible = False
31.8658 	EXP 	window1: mouseVisible = False
31.8824 	EXP 	window1: mouseVisible = False
31.8987 	EXP 	window1: mouseVisible = False
31.9157 	EXP 	window1: mouseVisible = False
31.9319 	EXP 	window1: mouseVisible = False
31.9491 	EXP 	window1: mouseVisible = False
31.9658 	EXP 	window1: mouseVisible = False
31.9822 	EXP 	window1: mouseVisible = False
31.9994 	EXP 	window1: mouseVisible = False
32.0160 	EXP 	window1: mouseVisible = False
32.0329 	EXP 	window1: mouseVisible = False
32.0486 	EXP 	window1: mouseVisible = False
32.0660 	EXP 	window1: mouseVisible = False
32.0822 	EXP 	window1: mouseVisible = False
32.0988 	EXP 	window1: mouseVisible = False
32.1159 	EXP 	window1: mouseVisible = False
32.1329 	EXP 	window1: mouseVisible = False
32.1493 	EXP 	window1: mouseVisible = False
32.1657 	EXP 	window1: mouseVisible = False
32.1828 	EXP 	window1: mouseVisible = False
32.1990 	EXP 	window1: mouseVisible = False
32.2160 	EXP 	window1: mouseVisible = False
32.2323 	EXP 	window1: mouseVisible = False
32.2491 	EXP 	window1: mouseVisible = False
32.2661 	EXP 	window1: mouseVisible = False
32.2821 	EXP 	blankScreen: autoDraw = False
32.2821 	EXP 	call1: autoDraw = True
32.2821 	EXP 	call2: autoDraw = True
32.2821 	EXP 	call3: autoDraw = True
32.2821 	EXP 	call4: autoDraw = True
32.2821 	EXP 	colour1: autoDraw = True
32.2821 	EXP 	colour2: autoDraw = True
32.2821 	EXP 	colour3: autoDraw = True
32.2821 	EXP 	colour4: autoDraw = True
32.2821 	EXP 	number1: autoDraw = True
32.2821 	EXP 	number2: autoDraw = True
32.2821 	EXP 	number3: autoDraw = True
32.2821 	EXP 	number4: autoDraw = True
32.2823 	EXP 	window1: mouseVisible = False
32.2823 	EXP 	window1: mouseVisible = True
32.2991 	EXP 	window1: mouseVisible = False
32.2991 	EXP 	window1: mouseVisible = True
32.3156 	EXP 	window1: mouseVisible = False
32.3157 	EXP 	window1: mouseVisible = True
32.3328 	EXP 	window1: mouseVisible = False
32.3328 	EXP 	window1: mouseVisible = True
32.3494 	EXP 	window1: mouseVisible = False
32.3495 	EXP 	window1: mouseVisible = True
32.3659 	EXP 	window1: mouseVisible = False
32.3660 	EXP 	window1: mouseVisible = True
32.3822 	EXP 	window1: mouseVisible = False
32.3823 	EXP 	window1: mouseVisible = True
32.3994 	EXP 	window1: mouseVisible = False
32.3994 	EXP 	window1: mouseVisible = True
32.4162 	EXP 	window1: mouseVisible = False
32.4162 	EXP 	window1: mouseVisible = True
32.4324 	EXP 	window1: mouseVisible = False
32.4324 	EXP 	window1: mouseVisible = True
32.4495 	EXP 	window1: mouseVisible = False
32.4495 	EXP 	window1: mouseVisible = True
32.4660 	EXP 	window1: mouseVisible = False
32.4660 	EXP 	window1: mouseVisible = True
32.4827 	EXP 	window1: mouseVisible = False
32.4827 	EXP 	window1: mouseVisible = True
32.4997 	EXP 	window1: mouseVisible = False
32.4997 	EXP 	window1: mouseVisible = True
32.5167 	EXP 	window1: mouseVisible = False
32.5167 	EXP 	window1: mouseVisible = True
32.5328 	EXP 	window1: mouseVisible = False
32.5329 	EXP 	window1: mouseVisible = True
32.5495 	EXP 	window1: mouseVisible = False
32.5495 	EXP 	window1: mouseVisible = True
32.5664 	EXP 	window1: mouseVisible = False
32.5664 	EXP 	window1: mouseVisible = True
32.5828 	EXP 	window1: mouseVisible = False
32.5828 	EXP 	window1: mouseVisible = True
32.5998 	EXP 	window1: mouseVisible = False
32.5998 	EXP 	window1: mouseVisible = True
32.6163 	EXP 	window1: mouseVisible = False
32.6163 	EXP 	window1: mouseVisible = True
32.6327 	EXP 	window1: mouseVisible = False
32.6328 	EXP 	window1: mouseVisible = True
32.6497 	EXP 	window1: mouseVisible = False
32.6497 	EXP 	window1: mouseVisible = True
32.6664 	EXP 	window1: mouseVisible = False
32.6664 	EXP 	window1: mouseVisible = True
32.6831 	EXP 	window1: mouseVisible = False
32.6831 	EXP 	window1: mouseVisible = True
32.6993 	EXP 	window1: mouseVisible = False
32.6993 	EXP 	window1: mouseVisible = True
32.7165 	EXP 	window1: mouseVisible = False
32.7165 	EXP 	window1: mouseVisible = True
32.7326 	EXP 	window1: mouseVisible = False
32.7326 	EXP 	window1: mouseVisible = True
32.7512 	EXP 	window1: mouseVisible = False
32.7513 	EXP 	window1: mouseVisible = True
32.7665 	EXP 	window1: mouseVisible = False
32.7666 	EXP 	window1: mouseVisible = True
32.7835 	EXP 	window1: mouseVisible = False
32.7835 	EXP 	window1: mouseVisible = True
32.7995 	EXP 	window1: mouseVisible = False
32.7996 	EXP 	window1: mouseVisible = True
32.8164 	EXP 	window1: mouseVisible = False
32.8164 	EXP 	window1: mouseVisible = True
32.8333 	EXP 	window1: mouseVisible = False
32.8333 	EXP 	window1: mouseVisible = True
32.8493 	EXP 	window1: mouseVisible = False
32.8494 	EXP 	window1: mouseVisible = True
32.8666 	EXP 	window1: mouseVisible = False
32.8667 	EXP 	window1: mouseVisible = True
32.8834 	EXP 	window1: mouseVisible = False
32.8834 	EXP 	window1: mouseVisible = True
32.9004 	EXP 	window1: mouseVisible = False
32.9004 	EXP 	window1: mouseVisible = True
32.9168 	EXP 	window1: mouseVisible = False
32.9169 	EXP 	window1: mouseVisible = True
32.9344 	EXP 	window1: mouseVisible = False
32.9345 	EXP 	window1: mouseVisible = True
32.9515 	EXP 	window1: mouseVisible = False
32.9515 	EXP 	window1: mouseVisible = True
32.9661 	EXP 	window1: mouseVisible = False
32.9662 	EXP 	window1: mouseVisible = True
32.9841 	EXP 	window1: mouseVisible = False
32.9842 	EXP 	window1: mouseVisible = True
32.9995 	EXP 	window1: mouseVisible = False
32.9996 	EXP 	window1: mouseVisible = True
33.0167 	EXP 	window1: mouseVisible = False
33.0167 	EXP 	window1: mouseVisible = True
33.0330 	EXP 	window1: mouseVisible = False
33.0330 	EXP 	window1: mouseVisible = True
33.0503 	EXP 	window1: mouseVisible = False
33.0504 	EXP 	window1: mouseVisible = True
33.0667 	EXP 	window1: mouseVisible = False
33.0667 	EXP 	window1: mouseVisible = True
33.0831 	EXP 	window1: mouseVisible = False
33.0832 	EXP 	window1: mouseVisible = True
33.1001 	EXP 	window1: mouseVisible = False
33.1001 	EXP 	window1: mouseVisible = True
33.1163 	EXP 	window1: mouseVisible = False
33.1163 	EXP 	window1: mouseVisible = True
33.1335 	EXP 	window1: mouseVisible = False
33.1335 	EXP 	window1: mouseVisible = True
33.1502 	EXP 	window1: mouseVisible = False
33.1502 	EXP 	window1: mouseVisible = True
33.1668 	EXP 	window1: mouseVisible = False
33.1668 	EXP 	window1: mouseVisible = True
33.1835 	EXP 	window1: mouseVisible = False
33.1835 	EXP 	window1: mouseVisible = True
33.1999 	EXP 	window1: mouseVisible = False
33.1999 	EXP 	window1: mouseVisible = True
33.2165 	EXP 	window1: mouseVisible = False
33.2165 	EXP 	window1: mouseVisible = True
33.2331 	EXP 	window1: mouseVisible = False
33.2332 	EXP 	window1: mouseVisible = True
33.2500 	EXP 	window1: mouseVisible = False
33.2500 	EXP 	window1: mouseVisible = True
33.2673 	EXP 	window1: mouseVisible = False
33.2674 	EXP 	window1: mouseVisible = True
33.2836 	EXP 	window1: mouseVisible = False
33.2837 	EXP 	window1: mouseVisible = True
33.2999 	EXP 	window1: mouseVisible = False
33.3000 	EXP 	window1: mouseVisible = True
33.3166 	EXP 	window1: mouseVisible = False
33.3167 	EXP 	window1: mouseVisible = True
33.3336 	EXP 	window1: mouseVisible = False
33.3337 	EXP 	window1: mouseVisible = True
33.3498 	EXP 	window1: mouseVisible = False
33.3498 	EXP 	window1: mouseVisible = True
33.3666 	EXP 	window1: mouseVisible = False
33.3666 	EXP 	window1: mouseVisible = True
33.3832 	EXP 	window1: mouseVisible = False
33.3832 	EXP 	window1: mouseVisible = True
33.4005 	EXP 	window1: mouseVisible = False
33.4005 	EXP 	window1: mouseVisible = True
33.4171 	EXP 	window1: mouseVisible = False
33.4171 	EXP 	window1: mouseVisible = True
33.4337 	EXP 	window1: mouseVisible = False
33.4338 	EXP 	window1: mouseVisible = True
33.4505 	EXP 	window1: mouseVisible = False
33.4505 	EXP 	window1: mouseVisible = True
33.4667 	EXP 	window1: mouseVisible = False
33.4667 	EXP 	window1: mouseVisible = True
33.4838 	EXP 	window1: mouseVisible = False
33.4838 	EXP 	window1: mouseVisible = True
33.5003 	EXP 	window1: mouseVisible = False
33.5003 	EXP 	window1: mouseVisible = True
33.5168 	EXP 	window1: mouseVisible = False
33.5168 	EXP 	window1: mouseVisible = True
33.5334 	EXP 	window1: mouseVisible = False
33.5334 	EXP 	window1: mouseVisible = True
33.5505 	EXP 	window1: mouseVisible = False
33.5505 	EXP 	window1: mouseVisible = True
33.5668 	EXP 	window1: mouseVisible = False
33.5668 	EXP 	window1: mouseVisible = True
33.5838 	EXP 	window1: mouseVisible = False
33.5838 	EXP 	window1: mouseVisible = True
33.6002 	EXP 	window1: mouseVisible = False
33.6002 	EXP 	window1: mouseVisible = True
33.6168 	EXP 	window1: mouseVisible = False
33.6168 	EXP 	window1: mouseVisible = True
33.6338 	EXP 	window1: mouseVisible = False
33.6338 	EXP 	window1: mouseVisible = True
33.6500 	EXP 	window1: mouseVisible = False
33.6500 	EXP 	window1: mouseVisible = True
33.6669 	EXP 	window1: mouseVisible = False
33.6669 	EXP 	window1: mouseVisible = True
33.6839 	EXP 	window1: mouseVisible = False
33.6839 	EXP 	window1: mouseVisible = True
33.7002 	EXP 	window1: mouseVisible = False
33.7003 	EXP 	window1: mouseVisible = True
33.7169 	EXP 	window1: mouseVisible = False
33.7169 	EXP 	window1: mouseVisible = True
33.7337 	EXP 	window1: mouseVisible = False
33.7337 	EXP 	window1: mouseVisible = True
33.7504 	EXP 	window1: mouseVisible = False
33.7504 	EXP 	window1: mouseVisible = True
33.7671 	EXP 	window1: mouseVisible = False
33.7673 	EXP 	window1: mouseVisible = True
33.7723 	DATA 	Mouse: Left button down, pos=(710,627)
33.8019 	EXP 	call1: texRes = 128
33.8019 	EXP 	call2: texRes = 128
33.8019 	EXP 	call4: texRes = 128
33.8021 	EXP 	window1: mouseVisible = False
33.8023 	EXP 	window1: mouseVisible = True
33.8180 	EXP 	window1: mouseVisible = False
33.8182 	EXP 	window1: mouseVisible = True
33.8345 	EXP 	window1: mouseVisible = False
33.8346 	EXP 	window1: mouseVisible = True
33.8518 	EXP 	window1: mouseVisible = False
33.8520 	EXP 	window1: mouseVisible = True
33.8522 	DATA 	Mouse:  Left button up, pos=(704,625)
33.8673 	EXP 	window1: mouseVisible = False
33.8675 	EXP 	window1: mouseVisible = True
33.8846 	EXP 	window1: mouseVisible = False
33.8848 	EXP 	window1: mouseVisible = True
33.9015 	EXP 	window1: mouseVisible = False
33.9017 	EXP 	window1: mouseVisible = True
33.9172 	EXP 	window1: mouseVisible = False
33.9173 	EXP 	window1: mouseVisible = True
33.9342 	EXP 	window1: mouseVisible = False
33.9344 	EXP 	window1: mouseVisible = True
33.9509 	EXP 	window1: mouseVisible = False
33.9511 	EXP 	window1: mouseVisible = True
33.9678 	EXP 	window1: mouseVisible = False
33.9680 	EXP 	window1: mouseVisible = True
33.9844 	EXP 	window1: mouseVisible = False
33.9846 	EXP 	window1: mouseVisible = True
34.0005 	EXP 	window1: mouseVisible = False
34.0007 	EXP 	window1: mouseVisible = True
34.0172 	EXP 	window1: mouseVisible = False
34.0174 	EXP 	window1: mouseVisible = True
34.0344 	EXP 	window1: mouseVisible = False
34.0346 	EXP 	window1: mouseVisible = True
34.0510 	EXP 	window1: mouseVisible = False
34.0512 	EXP 	window1: mouseVisible = True
34.0673 	EXP 	window1: mouseVisible = False
34.0675 	EXP 	window1: mouseVisible = True
34.0842 	EXP 	window1: mouseVisible = False
34.0845 	EXP 	window1: mouseVisible = True
34.1010 	EXP 	window1: mouseVisible = False
34.1012 	EXP 	window1: mouseVisible = True
34.1175 	EXP 	window1: mouseVisible = False
34.1177 	EXP 	window1: mouseVisible = True
34.1345 	EXP 	window1: mouseVisible = False
34.1347 	EXP 	window1: mouseVisible = True
34.1505 	EXP 	window1: mouseVisible = False
34.1506 	EXP 	window1: mouseVisible = True
34.1673 	EXP 	window1: mouseVisible = False
34.1675 	EXP 	window1: mouseVisible = True
34.1839 	EXP 	window1: mouseVisible = False
34.1841 	EXP 	window1: mouseVisible = True
34.2007 	EXP 	window1: mouseVisible = False
34.2009 	EXP 	window1: mouseVisible = True
34.2174 	EXP 	window1: mouseVisible = False
34.2176 	EXP 	window1: mouseVisible = True
34.2345 	EXP 	window1: mouseVisible = False
34.2347 	EXP 	window1: mouseVisible = True
34.2506 	EXP 	window1: mouseVisible = False
34.2508 	EXP 	window1: mouseVisible = True
34.2673 	EXP 	window1: mouseVisible = False
34.2675 	EXP 	window1: mouseVisible = True
34.2841 	EXP 	window1: mouseVisible = False
34.2843 	EXP 	window1: mouseVisible = True
34.3012 	EXP 	window1: mouseVisible = False
34.3014 	EXP 	window1: mouseVisible = True
34.3175 	EXP 	window1: mouseVisible = False
34.3177 	EXP 	window1: mouseVisible = True
34.3346 	EXP 	window1: mouseVisible = False
34.3349 	EXP 	window1: mouseVisible = True
34.3512 	EXP 	window1: mouseVisible = False
34.3514 	EXP 	window1: mouseVisible = True
34.3677 	EXP 	window1: mouseVisible = False
34.3680 	EXP 	window1: mouseVisible = True
34.3842 	EXP 	window1: mouseVisible = False
34.3843 	EXP 	window1: mouseVisible = True
34.4009 	EXP 	window1: mouseVisible = False
34.4011 	EXP 	window1: mouseVisible = True
34.4174 	EXP 	window1: mouseVisible = False
34.4176 	EXP 	window1: mouseVisible = True
34.4344 	EXP 	window1: mouseVisible = False
34.4346 	EXP 	window1: mouseVisible = True
34.4509 	EXP 	window1: mouseVisible = False
34.4511 	EXP 	window1: mouseVisible = True
34.4675 	EXP 	window1: mouseVisible = False
34.4677 	EXP 	window1: mouseVisible = True
34.4846 	EXP 	window1: mouseVisible = False
34.4848 	EXP 	window1: mouseVisible = True
34.5010 	EXP 	window1: mouseVisible = False
34.5012 	EXP 	window1: mouseVisible = True
34.5177 	EXP 	window1: mouseVisible = False
34.5179 	EXP 	window1: mouseVisible = True
34.5343 	EXP 	window1: mouseVisible = False
34.5345 	EXP 	window1: mouseVisible = True
34.5510 	EXP 	window1: mouseVisible = False
34.5512 	EXP 	window1: mouseVisible = True
34.5515 	DATA 	Mouse: Left button down, pos=(1257,572)
34.5842 	EXP 	colour1: texRes = 128
34.5842 	EXP 	colour2: texRes = 128
34.5842 	EXP 	colour4: texRes = 128
34.5845 	EXP 	window1: mouseVisible = False
34.5847 	EXP 	window1: mouseVisible = True
34.6014 	EXP 	window1: mouseVisible = False
34.6016 	EXP 	window1: mouseVisible = True
34.6178 	EXP 	window1: mouseVisible = False
34.6180 	EXP 	window1: mouseVisible = True
34.6347 	EXP 	window1: mouseVisible = False
34.6349 	EXP 	window1: mouseVisible = True
34.6510 	EXP 	window1: mouseVisible = False
34.6512 	EXP 	window1: mouseVisible = True
34.6514 	DATA 	Mouse:  Left button up, pos=(1257,572)
34.6676 	EXP 	window1: mouseVisible = False
34.6678 	EXP 	window1: mouseVisible = True
34.6843 	EXP 	window1: mouseVisible = False
34.6845 	EXP 	window1: mouseVisible = True
34.7012 	EXP 	window1: mouseVisible = False
34.7015 	EXP 	window1: mouseVisible = True
34.7179 	EXP 	window1: mouseVisible = False
34.7181 	EXP 	window1: mouseVisible = True
34.7350 	EXP 	window1: mouseVisible = False
34.7354 	EXP 	window1: mouseVisible = True
34.7511 	EXP 	window1: mouseVisible = False
34.7513 	EXP 	window1: mouseVisible = True
34.7676 	EXP 	window1: mouseVisible = False
34.7678 	EXP 	window1: mouseVisible = True
34.7846 	EXP 	window1: mouseVisible = False
34.7848 	EXP 	window1: mouseVisible = True
34.8011 	EXP 	window1: mouseVisible = False
34.8013 	EXP 	window1: mouseVisible = True
34.8181 	EXP 	window1: mouseVisible = False
34.8182 	EXP 	window1: mouseVisible = True
34.8351 	EXP 	window1: mouseVisible = False
34.8353 	EXP 	window1: mouseVisible = True
34.8516 	EXP 	window1: mouseVisible = False
34.8518 	EXP 	window1: mouseVisible = True
34.8679 	EXP 	window1: mouseVisible = False
34.8682 	EXP 	window1: mouseVisible = True
34.8847 	EXP 	window1: mouseVisible = False
34.8851 	EXP 	window1: mouseVisible = True
34.9017 	EXP 	window1: mouseVisible = False
34.9019 	EXP 	window1: mouseVisible = True
34.9180 	EXP 	window1: mouseVisible = False
34.9182 	EXP 	window1: mouseVisible = True
34.9351 	EXP 	window1: mouseVisible = False
34.9352 	EXP 	window1: mouseVisible = True
34.9517 	EXP 	window1: mouseVisible = False
34.9519 	EXP 	window1: mouseVisible = True
34.9681 	EXP 	window1: mouseVisible = False
34.9683 	EXP 	window1: mouseVisible = True
34.9851 	EXP 	window1: mouseVisible = False
34.9853 	EXP 	window1: mouseVisible = True
35.0018 	EXP 	window1: mouseVisible = False
35.0021 	EXP 	window1: mouseVisible = True
35.0185 	EXP 	window1: mouseVisible = False
35.0186 	EXP 	window1: mouseVisible = True
35.0350 	EXP 	window1: mouseVisible = False
35.0352 	EXP 	window1: mouseVisible = True
35.0515 	EXP 	window1: mouseVisible = False
35.0517 	EXP 	window1: mouseVisible = True
35.0679 	EXP 	window1: mouseVisible = False
35.0681 	EXP 	window1: mouseVisible = True
35.0848 	EXP 	window1: mouseVisible = False
35.0850 	EXP 	window1: mouseVisible = True
35.1013 	EXP 	window1: mouseVisible = False
35.1015 	EXP 	window1: mouseVisible = True
35.1181 	EXP 	window1: mouseVisible = False
35.1183 	EXP 	window1: mouseVisible = True
35.1351 	EXP 	window1: mouseVisible = False
35.1353 	EXP 	window1: mouseVisible = True
35.1521 	EXP 	window1: mouseVisible = False
35.1523 	EXP 	window1: mouseVisible = True
35.1682 	EXP 	window1: mouseVisible = False
35.1684 	EXP 	window1: mouseVisible = True
35.1848 	EXP 	window1: mouseVisible = False
35.1849 	EXP 	window1: mouseVisible = True
35.2018 	EXP 	window1: mouseVisible = False
35.2020 	EXP 	window1: mouseVisible = True
35.2182 	EXP 	window1: mouseVisible = False
35.2184 	EXP 	window1: mouseVisible = True
35.2349 	EXP 	window1: mouseVisible = False
35.2351 	EXP 	window1: mouseVisible = True
35.2515 	EXP 	window1: mouseVisible = False
35.2517 	EXP 	window1: mouseVisible = True
35.2520 	DATA 	Mouse: Left button down, pos=(2009,630)
35.2688 	EXP 	window1: mouseVisible = False
35.2690 	EXP 	window1: mouseVisible = True
35.2853 	EXP 	window1: mouseVisible = False
35.2855 	EXP 	window1: mouseVisible = True
35.3016 	EXP 	window1: mouseVisible = False
35.3018 	EXP 	window1: mouseVisible = True
35.3020 	DATA 	Mouse:  Left button up, pos=(2009,630)
35.3184 	EXP 	window1: mouseVisible = False
35.3187 	EXP 	window1: mouseVisible = True
35.3348 	EXP 	window1: mouseVisible = False
35.3350 	EXP 	window1: mouseVisible = True
35.3515 	EXP 	window1: mouseVisible = False
35.3516 	EXP 	window1: mouseVisible = True
35.3686 	EXP 	window1: mouseVisible = False
35.3688 	EXP 	window1: mouseVisible = True
35.3855 	EXP 	window1: mouseVisible = False
35.3857 	EXP 	window1: mouseVisible = True
35.4019 	EXP 	window1: mouseVisible = False
35.4021 	EXP 	window1: mouseVisible = True
35.4182 	EXP 	window1: mouseVisible = False
35.4184 	EXP 	window1: mouseVisible = True
35.4348 	EXP 	window1: mouseVisible = False
35.4350 	EXP 	window1: mouseVisible = True
35.4515 	EXP 	window1: mouseVisible = False
35.4517 	EXP 	window1: mouseVisible = True
35.4684 	EXP 	window1: mouseVisible = False
35.4685 	EXP 	window1: mouseVisible = True
35.4854 	EXP 	window1: mouseVisible = False
35.4858 	EXP 	window1: mouseVisible = True
35.5022 	EXP 	window1: mouseVisible = False
35.5024 	EXP 	window1: mouseVisible = True
35.5184 	EXP 	window1: mouseVisible = False
35.5186 	EXP 	window1: mouseVisible = True
35.5357 	EXP 	window1: mouseVisible = False
35.5358 	EXP 	window1: mouseVisible = True
35.5522 	EXP 	window1: mouseVisible = False
35.5524 	EXP 	window1: mouseVisible = True
35.5683 	EXP 	window1: mouseVisible = False
35.5684 	EXP 	window1: mouseVisible = True
35.5854 	EXP 	window1: mouseVisible = False
35.5856 	EXP 	window1: mouseVisible = True
35.6017 	EXP 	window1: mouseVisible = False
35.6019 	EXP 	window1: mouseVisible = True
35.6183 	EXP 	window1: mouseVisible = False
35.6185 	EXP 	window1: mouseVisible = True
35.6352 	EXP 	window1: mouseVisible = False
35.6354 	EXP 	window1: mouseVisible = True
35.6524 	EXP 	window1: mouseVisible = False
35.6527 	EXP 	window1: mouseVisible = True
35.6686 	EXP 	window1: mouseVisible = False
35.6687 	EXP 	window1: mouseVisible = True
35.6689 	DATA 	Mouse: Left button down, pos=(1939,637)
35.6817 	EXP 	New trial (rep=0, index=2): OrderedDict([('audiofile', 'audio/NV_DE_Neural2-F_Dr-ro-Dr_0.6p.wav'), ('duration', 4.8729), ('noise', 'NV'), ('voice', 'Neural2-F'), ('words', 'Dr-ro-Dr'), ('callSign', 'Dr'), ('colour', 'ro'), ('number', 'Dr'), ('levels', '0.6p'), ('file', 'DE_Neural2-F_Dr-ro-Dr.TextGrid'), ('firstSound_tmin', 0.16712), ('lastSound_tmax', 4.12712), ('token_1_tmin', 0.66712), ('token_1_tmax', 1.20712), ('token_2_tmin', 2.04712), ('token_2_tmax', 2.24712), ('token_3_tmin', 3.28712), ('token_3_tmax', 3.76712), ('RAND_formula', 0.002205194)])
35.7183 	EXP 	number1: texRes = 128
35.7183 	EXP 	number2: texRes = 128
35.7183 	EXP 	number4: texRes = 128
35.7183 	EXP 	blankScreenAfterResponse: autoDraw = True
35.7183 	EXP 	blankScreen: autoDraw = False
35.7183 	EXP 	call1: autoDraw = False
35.7183 	EXP 	call2: autoDraw = False
35.7183 	EXP 	call3: autoDraw = False
35.7183 	EXP 	call4: autoDraw = False
35.7183 	EXP 	colour1: autoDraw = False
35.7183 	EXP 	colour2: autoDraw = False
35.7183 	EXP 	colour3: autoDraw = False
35.7183 	EXP 	colour4: autoDraw = False
35.7183 	EXP 	number1: autoDraw = False
35.7183 	EXP 	number2: autoDraw = False
35.7183 	EXP 	number3: autoDraw = False
35.7183 	EXP 	number4: autoDraw = False
35.7183 	EXP 	blankScreenAfterResponse: autoDraw = False
35.7183 	EXP 	fixation: autoDraw = True
35.7704 	DATA 	Mouse:  Left button up, pos=(1939,637)
36.3035 	DATA 	Keypress: escape
37.9464 	EXP 	window1: mouseVisible = True
