9.7235 	WARNING 	We strongly recommend you activate the PTB sound engine in PsychoPy prefs as the preferred audio engine. Its timing is vastly superior. Your prefs are currently set to use ['sounddevice', 'PTB', 'pyo', 'pygame'] (in that order).
19.4868 	EXP 	Created window1 = Window(allowGUI=True, allowStencil=False, autoLog=True, backendConf=UNKNOWN, bitsMode=UNKNOWN, blendMode='avg', bpc=(8, 8, 8), color=array([0, 0, 0]), colorSpace='rgb', depthBits=8, fullscr=<method-wrapper '__getattribute__' of attributeSetter object at 0x000002878FC29640>, gamma=None, gammaErrorPolicy='raise', lms=UNKNOWN, monitor=<psychopy.monitors.calibTools.Monitor object at 0x00000287B6A41280>, multiSample=False, name='window1', numSamples=2, pos=(2560, 0), screen=1, size=array([2560, 1440]), stencilBits=0, stereo=False, units='height', useFBO=True, useRetina=False, viewOri=0.0, viewPos=None, viewScale=None, waitBlanking=True, winType='pyglet')
19.4869 	EXP 	window1: mouseVisible = True
19.4870 	EXP 	window1: mouseVisible = False
19.4870 	EXP 	window1: Attempting to measure frame rate of screen (1) ...
19.4871 	EXP 	window1: recordFrameIntervals = False
19.6534 	EXP 	window1: recordFrameIntervals = True
19.8369 	EXP 	Screen (1) actual frame rate measured at 60.01Hz
19.8369 	EXP 	window1: recordFrameIntervals = False
22.2779 	EXP 	Created instrTrainText = TextStim(__class__=<class 'psychopy.visual.text.TextStim'>, alignHoriz=method-wrapper(...), alignText='center', alignVert=method-wrapper(...), anchorHoriz='center', anchorVert='center', antialias=True, autoDraw=False, autoLog=True, bold=False, color=array([1., 1., 1.]), colorSpace='rgb', contrast=1.0, depth=-1.0, flipHoriz=False, flipVert=False, font='Arial', fontFiles=[], height=0.04, italic=False, languageStyle='LTR', name='instrTrainText', opacity=1.0, ori=0, pos=array([0., 0.]), rgb=UNKNOWN, text=str(...), units='height', win=Window(...), wrapWidth=1.5)
22.2860 	EXP 	Sound sound_1 set volume 1.000
22.2979 	EXP 	Created fixation = ShapeStim(__class__=<class 'psychopy.visual.shape.ShapeStim'>, anchor=('center', 'center'), autoDraw=False, autoLog=True, closeShape=True, color=method-wrapper(...), colorSpace='rgb', contrast=None, depth=-2.0, fillColor=array([1, 1, 1]), fillColorSpace='rgb', fillRGB=array([1, 1, 1]), interpolate=True, lineColor=array([1., 1., 1.]), lineColorSpace='rgb', lineRGB=array([1, 1, 1]), lineWidth=0.5, name='fixation', opacity=0.75, ori=0.0, pos=array([0., 0.]), size=array([0.05, 0.05]), units='height', vertices=ndarray(...), win=Window(...), windingRule=None)
22.4823 	EXP 	Created screenAfterAudio = ImageStim(__class__=<class 'psychopy.visual.image.ImageStim'>, anchor=('center', 'center'), autoLog=True, color=array([1., 1., 1.]), colorSpace='rgb', contrast=1.0, depth=-3.0, flipHoriz=False, flipVert=False, image='images/grayScreen.png', interpolate=True, mask=None, maskParams=None, name='screenAfterAudio', opacity=1.0, ori=0.0, pos=array([0., 0.]), size=array([0.5, 0.5]), texRes=128.0, units='height', win=Window(...))
22.4955 	EXP 	Created blankScreen = ImageStim(__class__=<class 'psychopy.visual.image.ImageStim'>, anchor=('center', 'center'), autoLog=True, color=array([1., 1., 1.]), colorSpace='rgb', contrast=1.0, depth=-4.0, flipHoriz=False, flipVert=False, image='images/grayScreen.png', interpolate=True, mask=None, maskParams=None, name='blankScreen', opacity=1.0, ori=0.0, pos=array([0., 0.]), size=array([1920., 1080.]), texRes=128, units='height', win=Window(...))
22.7040 	EXP 	Created call1 = ImageStim(__class__=<class 'psychopy.visual.image.ImageStim'>, anchor=('center', 'center'), autoLog=True, color=array([1., 1., 1.]), colorSpace='rgb', contrast=1.0, depth=-5.0, flipHoriz=False, flipVert=False, image='images/adler.png', interpolate=True, mask=None, maskParams=None, name='call1', opacity=1.0, ori=0.0, pos=array([-0.4   ,  0.3125]), size=array([0.18, 0.18]), texRes=128, units='height', win=Window(...))
22.8659 	EXP 	Created call2 = ImageStim(__class__=<class 'psychopy.visual.image.ImageStim'>, anchor=('center', 'center'), autoLog=True, color=array([1., 1., 1.]), colorSpace='rgb', contrast=1.0, depth=-6.0, flipHoriz=False, flipVert=False, image='images/drossel.png', interpolate=True, mask=None, maskParams=None, name='call2', opacity=1.0, ori=0.0, pos=array([-0.4       ,  0.10416667]), size=array([0.18, 0.18]), texRes=128, units='height', win=Window(...))
23.0139 	EXP 	Created call3 = ImageStim(__class__=<class 'psychopy.visual.image.ImageStim'>, anchor=('center', 'center'), autoLog=True, color=array([1., 1., 1.]), colorSpace='rgb', contrast=1.0, depth=-7.0, flipHoriz=False, flipVert=False, image='images/tiger.png', interpolate=True, mask=None, maskParams=None, name='call3', opacity=1.0, ori=0.0, pos=array([-0.4       , -0.10416667]), size=array([0.18, 0.18]), texRes=128, units='height', win=Window(...))
23.1294 	EXP 	Created call4 = ImageStim(__class__=<class 'psychopy.visual.image.ImageStim'>, anchor=('center', 'center'), autoLog=True, color=array([1., 1., 1.]), colorSpace='rgb', contrast=1.0, depth=-8.0, flipHoriz=False, flipVert=False, image='images/kroete.png', interpolate=True, mask=None, maskParams=None, name='call4', opacity=1.0, ori=0.0, pos=array([-0.4   , -0.3125]), size=array([0.18, 0.18]), texRes=128, units='height', win=Window(...))
23.2648 	EXP 	Created colour1 = ImageStim(__class__=<class 'psychopy.visual.image.ImageStim'>, anchor=('center', 'center'), autoLog=True, color=array([1., 1., 1.]), colorSpace='rgb', contrast=1.0, depth=-9.0, flipHoriz=False, flipVert=False, image='images/gelb.png', interpolate=True, mask=None, maskParams=None, name='colour1', opacity=1.0, ori=0.0, pos=array([0.    , 0.3125]), size=array([0.18, 0.18]), texRes=128, units='height', win=Window(...))
23.3835 	EXP 	Created colour2 = ImageStim(__class__=<class 'psychopy.visual.image.ImageStim'>, anchor=('center', 'center'), autoLog=True, color=array([1., 1., 1.]), colorSpace='rgb', contrast=1.0, depth=-10.0, flipHoriz=False, flipVert=False, image='images/gruen.png', interpolate=True, mask=None, maskParams=None, name='colour2', opacity=1.0, ori=0.0, pos=array([0.        , 0.10416667]), size=array([0.18, 0.18]), texRes=128, units='height', win=Window(...))
23.5072 	EXP 	Created colour3 = ImageStim(__class__=<class 'psychopy.visual.image.ImageStim'>, anchor=('center', 'center'), autoLog=True, color=array([1., 1., 1.]), colorSpace='rgb', contrast=1.0, depth=-11.0, flipHoriz=False, flipVert=False, image='images/rot.png', interpolate=True, mask=None, maskParams=None, name='colour3', opacity=1.0, ori=0.0, pos=array([ 0.        , -0.10416667]), size=array([0.18, 0.18]), texRes=128, units='height', win=Window(...))
23.6415 	EXP 	Created colour4 = ImageStim(__class__=<class 'psychopy.visual.image.ImageStim'>, anchor=('center', 'center'), autoLog=True, color=array([1., 1., 1.]), colorSpace='rgb', contrast=1.0, depth=-12.0, flipHoriz=False, flipVert=False, image='images/weiss.png', interpolate=True, mask=None, maskParams=None, name='colour4', opacity=1.0, ori=0.0, pos=array([ 0.    , -0.3125]), size=array([0.18, 0.18]), texRes=128, units='height', win=Window(...))
23.6639 	EXP 	Created number1 = ImageStim(__class__=<class 'psychopy.visual.image.ImageStim'>, anchor=('center', 'center'), autoLog=True, color=array([1., 1., 1.]), colorSpace='rgb', contrast=1.0, depth=-13.0, flipHoriz=False, flipVert=False, image='images/1.png', interpolate=True, mask=None, maskParams=None, name='number1', opacity=1.0, ori=0.0, pos=array([0.4   , 0.3125]), size=array([0.18, 0.18]), texRes=128, units='height', win=Window(...))
23.8665 	EXP 	Created number2 = ImageStim(__class__=<class 'psychopy.visual.image.ImageStim'>, anchor=('center', 'center'), autoLog=True, color=array([1., 1., 1.]), colorSpace='rgb', contrast=1.0, depth=-14.0, flipHoriz=False, flipVert=False, image='images/2.png', interpolate=True, mask=None, maskParams=None, name='number2', opacity=1.0, ori=0.0, pos=array([0.4       , 0.10416667]), size=array([0.18, 0.18]), texRes=128, units='height', win=Window(...))
24.0409 	EXP 	Created number3 = ImageStim(__class__=<class 'psychopy.visual.image.ImageStim'>, anchor=('center', 'center'), autoLog=True, color=array([1., 1., 1.]), colorSpace='rgb', contrast=1.0, depth=-15.0, flipHoriz=False, flipVert=False, image='images/3.png', interpolate=True, mask=None, maskParams=None, name='number3', opacity=1.0, ori=0.0, pos=array([ 0.4       , -0.10416667]), size=array([0.18, 0.18]), texRes=128, units='height', win=Window(...))
24.1510 	EXP 	Created number4 = ImageStim(__class__=<class 'psychopy.visual.image.ImageStim'>, anchor=('center', 'center'), autoLog=True, color=array([1., 1., 1.]), colorSpace='rgb', contrast=1.0, depth=-16.0, flipHoriz=False, flipVert=False, image='images/4.png', interpolate=True, mask=None, maskParams=None, name='number4', opacity=1.0, ori=0.0, pos=array([ 0.4   , -0.3125]), size=array([0.18, 0.18]), texRes=128, units='height', win=Window(...))
24.1513 	EXP 	window1: mouseVisible = True
24.1514 	EXP 	window1: mouseVisible = True
24.1514 	EXP 	window1: mouseVisible = True
24.1730 	EXP 	Created blankScreenAfterResponse = ImageStim(__class__=<class 'psychopy.visual.image.ImageStim'>, anchor=('center', 'center'), autoLog=True, color=array([1., 1., 1.]), colorSpace='rgb', contrast=1.0, depth=-25.0, flipHoriz=False, flipVert=False, image='images/blankScreen.png', interpolate=True, mask=None, maskParams=None, name='blankScreenAfterResponse', opacity=1.0, ori=0.0, pos=array([0., 0.]), size=array([1920., 1080.]), texRes=128, units='height', win=Window(...))
24.1850 	EXP 	Created instrExpText = TextStim(__class__=<class 'psychopy.visual.text.TextStim'>, alignHoriz=method-wrapper(...), alignText='center', alignVert=method-wrapper(...), anchorHoriz='center', anchorVert='center', antialias=True, autoDraw=False, autoLog=True, bold=False, color=array([1., 1., 1.]), colorSpace='rgb', contrast=1.0, depth=0.0, flipHoriz=False, flipVert=False, font='Arial', fontFiles=[], height=0.04, italic=False, languageStyle='LTR', name='instrExpText', opacity=1.0, ori=0, pos=array([0., 0.]), rgb=UNKNOWN, text=str(...), units='height', win=Window(...), wrapWidth=1)
24.1917 	EXP 	Created thanksText = TextStim(__class__=<class 'psychopy.visual.text.TextStim'>, alignHoriz=method-wrapper(...), alignText='center', alignVert=method-wrapper(...), anchorHoriz='center', anchorVert='center', antialias=True, autoDraw=False, autoLog=True, bold=False, color=array([1., 1., 1.]), colorSpace='rgb', contrast=1.0, depth=0.0, flipHoriz=False, flipVert=False, font='Arial', fontFiles=[], height=0.04, italic=False, languageStyle='LTR', name='thanksText', opacity=1.0, ori=0, pos=array([0., 0.]), rgb=UNKNOWN, text=str(...), units='height', win=Window(...), wrapWidth=1)
24.1918 	EXP 	window1: mouseVisible = False
24.2068 	EXP 	instrTrainText: autoDraw = True
25.0167 	EXP 	Imported tts-golang-selected_stimList.csv as conditions, 1792 conditions, 18 params
25.0220 	EXP 	Created sequence: sequential, trialTypes=1792, nReps=1, seed=None
25.0223 	EXP 	New trial (rep=0, index=0): OrderedDict([('audiofile', 'audio/NV_DE_Neural2-D_Ad-ge-Dr_0.2p.wav'), ('duration', 5.4325), ('noise', 'NV'), ('voice', 'Neural2-D'), ('words', 'Ad-ge-Dr'), ('callSign', 'Ad'), ('colour', 'ge'), ('number', 'Dr'), ('levels', '0.2p'), ('file', 'DE_Neural2-D_Ad-ge-Dr.TextGrid'), ('firstSound_tmin', 0.16712), ('lastSound_tmax', 4.69712), ('token_1_tmin', 0.76712), ('token_1_tmax', 1.34712), ('token_2_tmin', 2.49712), ('token_2_tmax', 2.76712), ('token_3_tmin', 3.92712), ('token_3_tmax', 4.36712)])
25.0536 	DATA 	Keypress: space
25.0579 	EXP 	instrTrainText: autoDraw = False
25.0579 	EXP 	fixation: autoDraw = True
30.5432 	EXP 	window1: mouseVisible = False
30.5626 	EXP 	fixation: autoDraw = False
30.5626 	EXP 	screenAfterAudio: autoDraw = True
30.5626 	EXP 	screenAfterAudio: autoDraw = False
30.5626 	EXP 	fixation: autoDraw = False
30.5626 	EXP 	screenAfterAudio: autoDraw = False
30.5626 	EXP 	call1: texRes = 128
30.5626 	EXP 	call2: texRes = 128
30.5626 	EXP 	call3: texRes = 128
30.5626 	EXP 	call4: texRes = 128
30.5626 	EXP 	colour1: texRes = 128
30.5626 	EXP 	colour2: texRes = 128
30.5626 	EXP 	colour3: texRes = 128
30.5626 	EXP 	colour4: texRes = 128
30.5626 	EXP 	number1: texRes = 128
30.5626 	EXP 	number2: texRes = 128
30.5626 	EXP 	number3: texRes = 128
30.5626 	EXP 	number4: texRes = 128
30.5626 	EXP 	blankScreen: autoDraw = True
30.5628 	EXP 	window1: mouseVisible = False
30.5787 	EXP 	window1: mouseVisible = False
30.5955 	EXP 	window1: mouseVisible = False
30.6123 	EXP 	window1: mouseVisible = False
30.6287 	EXP 	window1: mouseVisible = False
30.6455 	EXP 	window1: mouseVisible = False
30.6624 	EXP 	window1: mouseVisible = False
30.6789 	EXP 	window1: mouseVisible = False
30.6956 	EXP 	window1: mouseVisible = False
30.7125 	EXP 	window1: mouseVisible = False
30.7289 	EXP 	window1: mouseVisible = False
30.7457 	EXP 	window1: mouseVisible = False
30.7625 	EXP 	window1: mouseVisible = False
30.7790 	EXP 	window1: mouseVisible = False
30.7959 	EXP 	window1: mouseVisible = False
30.8123 	EXP 	window1: mouseVisible = False
30.8290 	EXP 	window1: mouseVisible = False
30.8459 	EXP 	window1: mouseVisible = False
30.8625 	EXP 	window1: mouseVisible = False
30.8790 	EXP 	window1: mouseVisible = False
30.8958 	EXP 	window1: mouseVisible = False
30.9125 	EXP 	window1: mouseVisible = False
30.9291 	EXP 	window1: mouseVisible = False
30.9461 	EXP 	window1: mouseVisible = False
30.9626 	EXP 	window1: mouseVisible = False
30.9792 	EXP 	window1: mouseVisible = False
30.9961 	EXP 	window1: mouseVisible = False
31.0126 	EXP 	window1: mouseVisible = False
31.0292 	EXP 	window1: mouseVisible = False
31.0458 	EXP 	window1: mouseVisible = False
31.0628 	EXP 	window1: mouseVisible = False
31.0793 	EXP 	window1: mouseVisible = False
31.0960 	EXP 	window1: mouseVisible = False
31.1125 	EXP 	window1: mouseVisible = False
31.1293 	EXP 	window1: mouseVisible = False
31.1460 	EXP 	window1: mouseVisible = False
31.1628 	EXP 	window1: mouseVisible = False
31.1793 	EXP 	window1: mouseVisible = False
31.1960 	EXP 	window1: mouseVisible = False
31.2128 	EXP 	window1: mouseVisible = False
31.2295 	EXP 	window1: mouseVisible = False
31.2461 	EXP 	window1: mouseVisible = False
31.2627 	EXP 	window1: mouseVisible = False
31.2794 	EXP 	window1: mouseVisible = False
31.2969 	EXP 	window1: mouseVisible = False
31.3127 	EXP 	window1: mouseVisible = False
31.3294 	EXP 	window1: mouseVisible = False
31.3464 	EXP 	window1: mouseVisible = False
31.3628 	EXP 	window1: mouseVisible = False
31.3795 	EXP 	window1: mouseVisible = False
31.3962 	EXP 	window1: mouseVisible = False
31.4128 	EXP 	window1: mouseVisible = False
31.4296 	EXP 	window1: mouseVisible = False
31.4464 	EXP 	window1: mouseVisible = False
31.4631 	EXP 	window1: mouseVisible = False
31.4798 	EXP 	window1: mouseVisible = False
31.4965 	EXP 	window1: mouseVisible = False
31.5131 	EXP 	window1: mouseVisible = False
31.5295 	EXP 	window1: mouseVisible = False
31.5464 	EXP 	window1: mouseVisible = False
31.5630 	EXP 	blankScreen: autoDraw = False
31.5630 	EXP 	call1: autoDraw = True
31.5630 	EXP 	call2: autoDraw = True
31.5630 	EXP 	call3: autoDraw = True
31.5630 	EXP 	call4: autoDraw = True
31.5630 	EXP 	colour1: autoDraw = True
31.5630 	EXP 	colour2: autoDraw = True
31.5630 	EXP 	colour3: autoDraw = True
31.5630 	EXP 	colour4: autoDraw = True
31.5630 	EXP 	number1: autoDraw = True
31.5630 	EXP 	number2: autoDraw = True
31.5630 	EXP 	number3: autoDraw = True
31.5630 	EXP 	number4: autoDraw = True
31.5632 	EXP 	window1: mouseVisible = False
31.5634 	EXP 	window1: mouseVisible = True
31.5797 	EXP 	window1: mouseVisible = False
31.5800 	EXP 	window1: mouseVisible = True
31.5964 	EXP 	window1: mouseVisible = False
31.5968 	EXP 	window1: mouseVisible = True
31.6133 	EXP 	window1: mouseVisible = False
31.6136 	EXP 	window1: mouseVisible = True
31.6298 	EXP 	window1: mouseVisible = False
31.6301 	EXP 	window1: mouseVisible = True
31.6468 	EXP 	window1: mouseVisible = False
31.6471 	EXP 	window1: mouseVisible = True
31.6633 	EXP 	window1: mouseVisible = False
31.6636 	EXP 	window1: mouseVisible = True
31.6799 	EXP 	window1: mouseVisible = False
31.6801 	EXP 	window1: mouseVisible = True
31.6967 	EXP 	window1: mouseVisible = False
31.6970 	EXP 	window1: mouseVisible = True
31.7134 	EXP 	window1: mouseVisible = False
31.7137 	EXP 	window1: mouseVisible = True
31.7300 	EXP 	window1: mouseVisible = False
31.7302 	EXP 	window1: mouseVisible = True
31.7469 	EXP 	window1: mouseVisible = False
31.7472 	EXP 	window1: mouseVisible = True
31.7635 	EXP 	window1: mouseVisible = False
31.7638 	EXP 	window1: mouseVisible = True
31.7800 	EXP 	window1: mouseVisible = False
31.7802 	EXP 	window1: mouseVisible = True
31.7968 	EXP 	window1: mouseVisible = False
31.7970 	EXP 	window1: mouseVisible = True
31.8133 	EXP 	window1: mouseVisible = False
31.8135 	EXP 	window1: mouseVisible = True
31.8298 	EXP 	window1: mouseVisible = False
31.8300 	EXP 	window1: mouseVisible = True
31.8469 	EXP 	window1: mouseVisible = False
31.8471 	EXP 	window1: mouseVisible = True
31.8634 	EXP 	window1: mouseVisible = False
31.8636 	EXP 	window1: mouseVisible = True
31.8802 	EXP 	window1: mouseVisible = False
31.8804 	EXP 	window1: mouseVisible = True
31.8968 	EXP 	window1: mouseVisible = False
31.8971 	EXP 	window1: mouseVisible = True
31.9134 	EXP 	window1: mouseVisible = False
31.9137 	EXP 	window1: mouseVisible = True
31.9302 	EXP 	window1: mouseVisible = False
31.9304 	EXP 	window1: mouseVisible = True
31.9471 	EXP 	window1: mouseVisible = False
31.9473 	EXP 	window1: mouseVisible = True
31.9637 	EXP 	window1: mouseVisible = False
31.9639 	EXP 	window1: mouseVisible = True
31.9802 	EXP 	window1: mouseVisible = False
31.9804 	EXP 	window1: mouseVisible = True
31.9970 	EXP 	window1: mouseVisible = False
31.9972 	EXP 	window1: mouseVisible = True
32.0137 	EXP 	window1: mouseVisible = False
32.0140 	EXP 	window1: mouseVisible = True
32.0304 	EXP 	window1: mouseVisible = False
32.0306 	EXP 	window1: mouseVisible = True
32.0468 	EXP 	window1: mouseVisible = False
32.0471 	EXP 	window1: mouseVisible = True
32.0635 	EXP 	window1: mouseVisible = False
32.0637 	EXP 	window1: mouseVisible = True
32.0801 	EXP 	window1: mouseVisible = False
32.0803 	EXP 	window1: mouseVisible = True
32.0972 	EXP 	window1: mouseVisible = False
32.0975 	EXP 	window1: mouseVisible = True
32.1136 	EXP 	window1: mouseVisible = False
32.1137 	EXP 	window1: mouseVisible = True
32.1304 	EXP 	window1: mouseVisible = False
32.1306 	EXP 	window1: mouseVisible = True
32.1472 	EXP 	window1: mouseVisible = False
32.1475 	EXP 	window1: mouseVisible = True
32.1637 	EXP 	window1: mouseVisible = False
32.1639 	EXP 	window1: mouseVisible = True
32.1804 	EXP 	window1: mouseVisible = False
32.1806 	EXP 	window1: mouseVisible = True
32.1972 	EXP 	window1: mouseVisible = False
32.1974 	EXP 	window1: mouseVisible = True
32.2136 	EXP 	window1: mouseVisible = False
32.2138 	EXP 	window1: mouseVisible = True
32.2304 	EXP 	window1: mouseVisible = False
32.2306 	EXP 	window1: mouseVisible = True
32.2472 	EXP 	window1: mouseVisible = False
32.2475 	EXP 	window1: mouseVisible = True
32.2639 	EXP 	window1: mouseVisible = False
32.2641 	EXP 	window1: mouseVisible = True
32.2806 	EXP 	window1: mouseVisible = False
32.2809 	EXP 	window1: mouseVisible = True
32.2973 	EXP 	window1: mouseVisible = False
32.2975 	EXP 	window1: mouseVisible = True
32.3137 	EXP 	window1: mouseVisible = False
32.3139 	EXP 	window1: mouseVisible = True
32.3304 	EXP 	window1: mouseVisible = False
32.3306 	EXP 	window1: mouseVisible = True
32.3470 	EXP 	window1: mouseVisible = False
32.3473 	EXP 	window1: mouseVisible = True
32.3638 	EXP 	window1: mouseVisible = False
32.3640 	EXP 	window1: mouseVisible = True
32.3805 	EXP 	window1: mouseVisible = False
32.3808 	EXP 	window1: mouseVisible = True
32.3973 	EXP 	window1: mouseVisible = False
32.3975 	EXP 	window1: mouseVisible = True
32.4140 	EXP 	window1: mouseVisible = False
32.4142 	EXP 	window1: mouseVisible = True
32.4307 	EXP 	window1: mouseVisible = False
32.4309 	EXP 	window1: mouseVisible = True
32.4336 	DATA 	Mouse: Left button down, pos=(840,605)
32.4472 	EXP 	window1: mouseVisible = False
32.4474 	EXP 	window1: mouseVisible = True
32.4640 	EXP 	window1: mouseVisible = False
32.4642 	EXP 	window1: mouseVisible = True
32.4808 	EXP 	window1: mouseVisible = False
32.4811 	EXP 	window1: mouseVisible = True
32.4971 	EXP 	window1: mouseVisible = False
32.4974 	EXP 	window1: mouseVisible = True
32.5141 	EXP 	window1: mouseVisible = False
32.5143 	EXP 	window1: mouseVisible = True
32.5306 	EXP 	window1: mouseVisible = False
32.5309 	EXP 	window1: mouseVisible = True
32.5311 	DATA 	Mouse:  Left button up, pos=(840,605)
32.5475 	EXP 	window1: mouseVisible = False
32.5477 	EXP 	window1: mouseVisible = True
32.5638 	EXP 	window1: mouseVisible = False
32.5640 	EXP 	window1: mouseVisible = True
32.5803 	EXP 	window1: mouseVisible = False
32.5806 	EXP 	window1: mouseVisible = True
32.5972 	EXP 	window1: mouseVisible = False
32.5975 	EXP 	window1: mouseVisible = True
32.6140 	EXP 	window1: mouseVisible = False
32.6143 	EXP 	window1: mouseVisible = True
32.6306 	EXP 	window1: mouseVisible = False
32.6308 	EXP 	window1: mouseVisible = True
32.6474 	EXP 	window1: mouseVisible = False
32.6477 	EXP 	window1: mouseVisible = True
32.6642 	EXP 	window1: mouseVisible = False
32.6644 	EXP 	window1: mouseVisible = True
32.6808 	EXP 	window1: mouseVisible = False
32.6810 	EXP 	window1: mouseVisible = True
32.6976 	EXP 	window1: mouseVisible = False
32.6978 	EXP 	window1: mouseVisible = True
32.7143 	EXP 	window1: mouseVisible = False
32.7145 	EXP 	window1: mouseVisible = True
32.7309 	EXP 	window1: mouseVisible = False
32.7311 	EXP 	window1: mouseVisible = True
32.7475 	EXP 	window1: mouseVisible = False
32.7477 	EXP 	window1: mouseVisible = True
32.7644 	EXP 	window1: mouseVisible = False
32.7647 	EXP 	window1: mouseVisible = True
32.7811 	EXP 	window1: mouseVisible = False
32.7813 	EXP 	window1: mouseVisible = True
32.7974 	EXP 	window1: mouseVisible = False
32.7976 	EXP 	window1: mouseVisible = True
32.8141 	EXP 	window1: mouseVisible = False
32.8144 	EXP 	window1: mouseVisible = True
32.8308 	EXP 	window1: mouseVisible = False
32.8310 	EXP 	window1: mouseVisible = True
32.8313 	DATA 	Mouse: Left button down, pos=(745,605)
32.8639 	EXP 	call1: texRes = 128
32.8639 	EXP 	call2: texRes = 128
32.8639 	EXP 	call4: texRes = 128
32.8641 	EXP 	window1: mouseVisible = False
32.8643 	EXP 	window1: mouseVisible = True
32.8810 	EXP 	window1: mouseVisible = False
32.8812 	EXP 	window1: mouseVisible = True
32.8975 	EXP 	window1: mouseVisible = False
32.8978 	EXP 	window1: mouseVisible = True
32.9143 	EXP 	window1: mouseVisible = False
32.9145 	EXP 	window1: mouseVisible = True
32.9148 	DATA 	Mouse:  Left button up, pos=(745,605)
32.9310 	EXP 	window1: mouseVisible = False
32.9313 	EXP 	window1: mouseVisible = True
32.9475 	EXP 	window1: mouseVisible = False
32.9477 	EXP 	window1: mouseVisible = True
32.9644 	EXP 	window1: mouseVisible = False
32.9646 	EXP 	window1: mouseVisible = True
32.9812 	EXP 	window1: mouseVisible = False
32.9814 	EXP 	window1: mouseVisible = True
32.9976 	EXP 	window1: mouseVisible = False
32.9978 	EXP 	window1: mouseVisible = True
33.0143 	EXP 	window1: mouseVisible = False
33.0145 	EXP 	window1: mouseVisible = True
33.0311 	EXP 	window1: mouseVisible = False
33.0313 	EXP 	window1: mouseVisible = True
33.0476 	EXP 	window1: mouseVisible = False
33.0478 	EXP 	window1: mouseVisible = True
33.0642 	EXP 	window1: mouseVisible = False
33.0644 	EXP 	window1: mouseVisible = True
33.0812 	EXP 	window1: mouseVisible = False
33.0814 	EXP 	window1: mouseVisible = True
33.0977 	EXP 	window1: mouseVisible = False
33.0979 	EXP 	window1: mouseVisible = True
33.1145 	EXP 	window1: mouseVisible = False
33.1147 	EXP 	window1: mouseVisible = True
33.1311 	EXP 	window1: mouseVisible = False
33.1314 	EXP 	window1: mouseVisible = True
33.1477 	EXP 	window1: mouseVisible = False
33.1479 	EXP 	window1: mouseVisible = True
33.1645 	EXP 	window1: mouseVisible = False
33.1647 	EXP 	window1: mouseVisible = True
33.1813 	EXP 	window1: mouseVisible = False
33.1816 	EXP 	window1: mouseVisible = True
33.1979 	EXP 	window1: mouseVisible = False
33.1981 	EXP 	window1: mouseVisible = True
33.2149 	EXP 	window1: mouseVisible = False
33.2153 	EXP 	window1: mouseVisible = True
33.2157 	DATA 	Mouse: Left button down, pos=(1344,842)
33.2477 	EXP 	colour1: texRes = 128
33.2477 	EXP 	colour3: texRes = 128
33.2477 	EXP 	colour4: texRes = 128
33.2480 	EXP 	window1: mouseVisible = False
33.2482 	EXP 	window1: mouseVisible = True
33.2646 	EXP 	window1: mouseVisible = False
33.2649 	EXP 	window1: mouseVisible = True
33.2812 	EXP 	window1: mouseVisible = False
33.2815 	EXP 	window1: mouseVisible = True
33.2978 	EXP 	window1: mouseVisible = False
33.2980 	EXP 	window1: mouseVisible = True
33.3150 	EXP 	window1: mouseVisible = False
33.3152 	EXP 	window1: mouseVisible = True
33.3313 	EXP 	window1: mouseVisible = False
33.3316 	EXP 	window1: mouseVisible = True
33.3479 	EXP 	window1: mouseVisible = False
33.3481 	EXP 	window1: mouseVisible = True
33.3483 	DATA 	Mouse:  Left button up, pos=(1344,842)
33.3647 	EXP 	window1: mouseVisible = False
33.3649 	EXP 	window1: mouseVisible = True
33.3813 	EXP 	window1: mouseVisible = False
33.3815 	EXP 	window1: mouseVisible = True
33.3981 	EXP 	window1: mouseVisible = False
33.3983 	EXP 	window1: mouseVisible = True
33.4148 	EXP 	window1: mouseVisible = False
33.4151 	EXP 	window1: mouseVisible = True
33.4315 	EXP 	window1: mouseVisible = False
33.4318 	EXP 	window1: mouseVisible = True
33.4479 	EXP 	window1: mouseVisible = False
33.4482 	EXP 	window1: mouseVisible = True
33.4654 	EXP 	window1: mouseVisible = False
33.4656 	EXP 	window1: mouseVisible = True
33.4814 	EXP 	window1: mouseVisible = False
33.4817 	EXP 	window1: mouseVisible = True
33.4979 	EXP 	window1: mouseVisible = False
33.4981 	EXP 	window1: mouseVisible = True
33.5147 	EXP 	window1: mouseVisible = False
33.5149 	EXP 	window1: mouseVisible = True
33.5314 	EXP 	window1: mouseVisible = False
33.5317 	EXP 	window1: mouseVisible = True
33.5480 	EXP 	window1: mouseVisible = False
33.5482 	EXP 	window1: mouseVisible = True
33.5647 	EXP 	window1: mouseVisible = False
33.5649 	EXP 	window1: mouseVisible = True
33.5814 	EXP 	window1: mouseVisible = False
33.5817 	EXP 	window1: mouseVisible = True
33.5981 	EXP 	window1: mouseVisible = False
33.5983 	EXP 	window1: mouseVisible = True
33.6148 	EXP 	window1: mouseVisible = False
33.6151 	EXP 	window1: mouseVisible = True
33.6315 	EXP 	window1: mouseVisible = False
33.6317 	EXP 	window1: mouseVisible = True
33.6480 	EXP 	window1: mouseVisible = False
33.6482 	EXP 	window1: mouseVisible = True
33.6649 	EXP 	window1: mouseVisible = False
33.6652 	EXP 	window1: mouseVisible = True
33.6815 	EXP 	window1: mouseVisible = False
33.6817 	EXP 	window1: mouseVisible = True
33.6982 	EXP 	window1: mouseVisible = False
33.6985 	EXP 	window1: mouseVisible = True
33.6987 	DATA 	Mouse: Left button down, pos=(1793,541)
33.7203 	EXP 	New trial (rep=0, index=1): OrderedDict([('audiofile', 'audio/NV_DE_Neural2-D_Ad-ge-Dr_0.4p.wav'), ('duration', 5.4325), ('noise', 'NV'), ('voice', 'Neural2-D'), ('words', 'Ad-ge-Dr'), ('callSign', 'Ad'), ('colour', 'ge'), ('number', 'Dr'), ('levels', '0.4p'), ('file', 'DE_Neural2-D_Ad-ge-Dr.TextGrid'), ('firstSound_tmin', 0.16712), ('lastSound_tmax', 4.69712), ('token_1_tmin', 0.76712), ('token_1_tmax', 1.34712), ('token_2_tmin', 2.49712), ('token_2_tmax', 2.76712), ('token_3_tmin', 3.92712), ('token_3_tmax', 4.36712)])
33.7651 	EXP 	number1: texRes = 128
33.7651 	EXP 	number2: texRes = 128
33.7651 	EXP 	number4: texRes = 128
33.7651 	EXP 	blankScreenAfterResponse: autoDraw = True
33.7651 	EXP 	blankScreen: autoDraw = False
33.7651 	EXP 	call1: autoDraw = False
33.7651 	EXP 	call2: autoDraw = False
33.7651 	EXP 	call3: autoDraw = False
33.7651 	EXP 	call4: autoDraw = False
33.7651 	EXP 	colour1: autoDraw = False
33.7651 	EXP 	colour2: autoDraw = False
33.7651 	EXP 	colour3: autoDraw = False
33.7651 	EXP 	colour4: autoDraw = False
33.7651 	EXP 	number1: autoDraw = False
33.7651 	EXP 	number2: autoDraw = False
33.7651 	EXP 	number3: autoDraw = False
33.7651 	EXP 	number4: autoDraw = False
33.7651 	EXP 	blankScreenAfterResponse: autoDraw = False
33.7651 	EXP 	fixation: autoDraw = True
33.8161 	DATA 	Mouse:  Left button up, pos=(1798,537)
39.2499 	EXP 	window1: mouseVisible = False
39.2667 	EXP 	fixation: autoDraw = False
39.2667 	EXP 	screenAfterAudio: autoDraw = True
39.2667 	EXP 	screenAfterAudio: autoDraw = False
39.2667 	EXP 	fixation: autoDraw = False
39.2667 	EXP 	screenAfterAudio: autoDraw = False
39.2667 	EXP 	call1: texRes = 128
39.2667 	EXP 	call2: texRes = 128
39.2667 	EXP 	call3: texRes = 128
39.2667 	EXP 	call4: texRes = 128
39.2667 	EXP 	colour1: texRes = 128
39.2667 	EXP 	colour2: texRes = 128
39.2667 	EXP 	colour3: texRes = 128
39.2667 	EXP 	colour4: texRes = 128
39.2667 	EXP 	number1: texRes = 128
39.2667 	EXP 	number2: texRes = 128
39.2667 	EXP 	number3: texRes = 128
39.2667 	EXP 	number4: texRes = 128
39.2667 	EXP 	blankScreen: autoDraw = True
39.2669 	EXP 	window1: mouseVisible = False
39.2843 	EXP 	window1: mouseVisible = False
39.3027 	EXP 	window1: mouseVisible = False
39.3193 	EXP 	window1: mouseVisible = False
39.3361 	EXP 	window1: mouseVisible = False
39.3526 	EXP 	window1: mouseVisible = False
39.3693 	EXP 	window1: mouseVisible = False
39.3860 	EXP 	window1: mouseVisible = False
39.4027 	EXP 	window1: mouseVisible = False
39.4193 	EXP 	window1: mouseVisible = False
39.4361 	EXP 	window1: mouseVisible = False
39.4528 	EXP 	window1: mouseVisible = False
39.4695 	EXP 	window1: mouseVisible = False
39.4862 	EXP 	window1: mouseVisible = False
39.5028 	EXP 	window1: mouseVisible = False
39.5194 	EXP 	window1: mouseVisible = False
39.5362 	EXP 	window1: mouseVisible = False
39.5528 	EXP 	window1: mouseVisible = False
39.5696 	EXP 	window1: mouseVisible = False
39.5862 	EXP 	window1: mouseVisible = False
39.6028 	EXP 	window1: mouseVisible = False
39.6195 	EXP 	window1: mouseVisible = False
39.6364 	EXP 	window1: mouseVisible = False
39.6529 	EXP 	window1: mouseVisible = False
39.6696 	EXP 	window1: mouseVisible = False
39.6863 	EXP 	window1: mouseVisible = False
39.7029 	EXP 	window1: mouseVisible = False
39.7197 	EXP 	window1: mouseVisible = False
39.7364 	EXP 	window1: mouseVisible = False
39.7529 	EXP 	window1: mouseVisible = False
39.7697 	EXP 	window1: mouseVisible = False
39.7864 	EXP 	window1: mouseVisible = False
39.8030 	EXP 	window1: mouseVisible = False
39.8197 	EXP 	window1: mouseVisible = False
39.8365 	EXP 	window1: mouseVisible = False
39.8530 	EXP 	window1: mouseVisible = False
39.8698 	EXP 	window1: mouseVisible = False
39.8864 	EXP 	window1: mouseVisible = False
39.9031 	EXP 	window1: mouseVisible = False
39.9198 	EXP 	window1: mouseVisible = False
39.9365 	EXP 	window1: mouseVisible = False
39.9532 	EXP 	window1: mouseVisible = False
39.9698 	EXP 	window1: mouseVisible = False
39.9865 	EXP 	window1: mouseVisible = False
40.0032 	EXP 	window1: mouseVisible = False
40.0199 	EXP 	window1: mouseVisible = False
40.0366 	EXP 	window1: mouseVisible = False
40.0534 	EXP 	window1: mouseVisible = False
40.0699 	EXP 	window1: mouseVisible = False
40.0867 	EXP 	window1: mouseVisible = False
40.1034 	EXP 	window1: mouseVisible = False
40.1201 	EXP 	window1: mouseVisible = False
40.1367 	EXP 	window1: mouseVisible = False
40.1533 	EXP 	window1: mouseVisible = False
40.1700 	EXP 	window1: mouseVisible = False
40.1866 	EXP 	window1: mouseVisible = False
40.2034 	EXP 	window1: mouseVisible = False
40.2200 	EXP 	window1: mouseVisible = False
40.2368 	EXP 	window1: mouseVisible = False
40.2536 	EXP 	window1: mouseVisible = False
40.2870 	EXP 	blankScreen: autoDraw = False
40.2870 	EXP 	call1: autoDraw = True
40.2870 	EXP 	call2: autoDraw = True
40.2870 	EXP 	call3: autoDraw = True
40.2870 	EXP 	call4: autoDraw = True
40.2870 	EXP 	colour1: autoDraw = True
40.2870 	EXP 	colour2: autoDraw = True
40.2870 	EXP 	colour3: autoDraw = True
40.2870 	EXP 	colour4: autoDraw = True
40.2870 	EXP 	number1: autoDraw = True
40.2870 	EXP 	number2: autoDraw = True
40.2870 	EXP 	number3: autoDraw = True
40.2870 	EXP 	number4: autoDraw = True
40.2872 	EXP 	window1: mouseVisible = False
40.2875 	EXP 	window1: mouseVisible = True
40.3041 	EXP 	window1: mouseVisible = False
40.3043 	EXP 	window1: mouseVisible = True
40.3209 	EXP 	window1: mouseVisible = False
40.3211 	EXP 	window1: mouseVisible = True
40.3372 	EXP 	window1: mouseVisible = False
40.3375 	EXP 	window1: mouseVisible = True
40.3537 	EXP 	window1: mouseVisible = False
40.3539 	EXP 	window1: mouseVisible = True
40.3703 	EXP 	window1: mouseVisible = False
40.3705 	EXP 	window1: mouseVisible = True
40.3870 	EXP 	window1: mouseVisible = False
40.3872 	EXP 	window1: mouseVisible = True
40.4038 	EXP 	window1: mouseVisible = False
40.4040 	EXP 	window1: mouseVisible = True
40.4202 	EXP 	window1: mouseVisible = False
40.4204 	EXP 	window1: mouseVisible = True
40.4371 	EXP 	window1: mouseVisible = False
40.4374 	EXP 	window1: mouseVisible = True
40.4536 	EXP 	window1: mouseVisible = False
40.4538 	EXP 	window1: mouseVisible = True
40.4704 	EXP 	window1: mouseVisible = False
40.4706 	EXP 	window1: mouseVisible = True
40.4870 	EXP 	window1: mouseVisible = False
40.4872 	EXP 	window1: mouseVisible = True
40.5038 	EXP 	window1: mouseVisible = False
40.5040 	EXP 	window1: mouseVisible = True
40.5205 	EXP 	window1: mouseVisible = False
40.5207 	EXP 	window1: mouseVisible = True
40.5370 	EXP 	window1: mouseVisible = False
40.5373 	EXP 	window1: mouseVisible = True
40.5539 	EXP 	window1: mouseVisible = False
40.5541 	EXP 	window1: mouseVisible = True
40.5706 	EXP 	window1: mouseVisible = False
40.5708 	EXP 	window1: mouseVisible = True
40.5871 	EXP 	window1: mouseVisible = False
40.5874 	EXP 	window1: mouseVisible = True
40.6038 	EXP 	window1: mouseVisible = False
40.6040 	EXP 	window1: mouseVisible = True
40.6205 	EXP 	window1: mouseVisible = False
40.6207 	EXP 	window1: mouseVisible = True
40.6373 	EXP 	window1: mouseVisible = False
40.6375 	EXP 	window1: mouseVisible = True
40.6538 	EXP 	window1: mouseVisible = False
40.6541 	EXP 	window1: mouseVisible = True
40.6705 	EXP 	window1: mouseVisible = False
40.6708 	EXP 	window1: mouseVisible = True
40.6873 	EXP 	window1: mouseVisible = False
40.6876 	EXP 	window1: mouseVisible = True
40.7040 	EXP 	window1: mouseVisible = False
40.7042 	EXP 	window1: mouseVisible = True
40.7207 	EXP 	window1: mouseVisible = False
40.7208 	EXP 	window1: mouseVisible = True
40.7373 	EXP 	window1: mouseVisible = False
40.7376 	EXP 	window1: mouseVisible = True
40.7540 	EXP 	window1: mouseVisible = False
40.7542 	EXP 	window1: mouseVisible = True
40.7709 	EXP 	window1: mouseVisible = False
40.7711 	EXP 	window1: mouseVisible = True
40.7875 	EXP 	window1: mouseVisible = False
40.7877 	EXP 	window1: mouseVisible = True
40.8040 	EXP 	window1: mouseVisible = False
40.8042 	EXP 	window1: mouseVisible = True
40.8207 	EXP 	window1: mouseVisible = False
40.8209 	EXP 	window1: mouseVisible = True
40.8374 	EXP 	window1: mouseVisible = False
40.8376 	EXP 	window1: mouseVisible = True
40.8541 	EXP 	window1: mouseVisible = False
40.8543 	EXP 	window1: mouseVisible = True
40.8706 	EXP 	window1: mouseVisible = False
40.8709 	EXP 	window1: mouseVisible = True
40.8873 	EXP 	window1: mouseVisible = False
40.8875 	EXP 	window1: mouseVisible = True
40.9042 	EXP 	window1: mouseVisible = False
40.9044 	EXP 	window1: mouseVisible = True
40.9208 	EXP 	window1: mouseVisible = False
40.9210 	EXP 	window1: mouseVisible = True
40.9375 	EXP 	window1: mouseVisible = False
40.9377 	EXP 	window1: mouseVisible = True
40.9542 	EXP 	window1: mouseVisible = False
40.9544 	EXP 	window1: mouseVisible = True
40.9708 	EXP 	window1: mouseVisible = False
40.9711 	EXP 	window1: mouseVisible = True
40.9876 	EXP 	window1: mouseVisible = False
40.9878 	EXP 	window1: mouseVisible = True
41.0042 	EXP 	window1: mouseVisible = False
41.0045 	EXP 	window1: mouseVisible = True
41.0207 	EXP 	window1: mouseVisible = False
41.0210 	EXP 	window1: mouseVisible = True
41.0376 	EXP 	window1: mouseVisible = False
41.0379 	EXP 	window1: mouseVisible = True
41.0541 	EXP 	window1: mouseVisible = False
41.0544 	EXP 	window1: mouseVisible = True
41.0708 	EXP 	window1: mouseVisible = False
41.0710 	EXP 	window1: mouseVisible = True
41.0876 	EXP 	window1: mouseVisible = False
41.0879 	EXP 	window1: mouseVisible = True
41.1044 	EXP 	window1: mouseVisible = False
41.1046 	EXP 	window1: mouseVisible = True
41.1209 	EXP 	window1: mouseVisible = False
41.1211 	EXP 	window1: mouseVisible = True
41.1378 	EXP 	window1: mouseVisible = False
41.1380 	EXP 	window1: mouseVisible = True
41.1544 	EXP 	window1: mouseVisible = False
41.1546 	EXP 	window1: mouseVisible = True
41.1709 	EXP 	window1: mouseVisible = False
41.1711 	EXP 	window1: mouseVisible = True
41.1877 	EXP 	window1: mouseVisible = False
41.1879 	EXP 	window1: mouseVisible = True
41.2043 	EXP 	window1: mouseVisible = False
41.2045 	EXP 	window1: mouseVisible = True
41.2210 	EXP 	window1: mouseVisible = False
41.2212 	EXP 	window1: mouseVisible = True
41.2378 	EXP 	window1: mouseVisible = False
41.2380 	EXP 	window1: mouseVisible = True
41.2545 	EXP 	window1: mouseVisible = False
41.2547 	EXP 	window1: mouseVisible = True
41.2710 	EXP 	window1: mouseVisible = False
41.2713 	EXP 	window1: mouseVisible = True
41.2878 	EXP 	window1: mouseVisible = False
41.2880 	EXP 	window1: mouseVisible = True
41.3044 	EXP 	window1: mouseVisible = False
41.3047 	EXP 	window1: mouseVisible = True
41.3211 	EXP 	window1: mouseVisible = False
41.3213 	EXP 	window1: mouseVisible = True
41.3216 	DATA 	Mouse: Left button down, pos=(733,865)
41.3567 	EXP 	call1: texRes = 128
41.3567 	EXP 	call3: texRes = 128
41.3567 	EXP 	call4: texRes = 128
41.3570 	EXP 	window1: mouseVisible = False
41.3573 	EXP 	window1: mouseVisible = True
41.3713 	EXP 	window1: mouseVisible = False
41.3715 	EXP 	window1: mouseVisible = True
41.3882 	EXP 	window1: mouseVisible = False
41.3885 	EXP 	window1: mouseVisible = True
41.4045 	EXP 	window1: mouseVisible = False
41.4047 	EXP 	window1: mouseVisible = True
41.4210 	EXP 	window1: mouseVisible = False
41.4213 	EXP 	window1: mouseVisible = True
41.4215 	DATA 	Mouse:  Left button up, pos=(733,865)
41.4378 	EXP 	window1: mouseVisible = False
41.4380 	EXP 	window1: mouseVisible = True
41.4548 	EXP 	window1: mouseVisible = False
41.4550 	EXP 	window1: mouseVisible = True
41.4712 	EXP 	window1: mouseVisible = False
41.4714 	EXP 	window1: mouseVisible = True
41.4879 	EXP 	window1: mouseVisible = False
41.4882 	EXP 	window1: mouseVisible = True
41.5046 	EXP 	window1: mouseVisible = False
41.5049 	EXP 	window1: mouseVisible = True
41.5211 	EXP 	window1: mouseVisible = False
41.5214 	EXP 	window1: mouseVisible = True
41.5378 	EXP 	window1: mouseVisible = False
41.5381 	EXP 	window1: mouseVisible = True
41.5553 	EXP 	window1: mouseVisible = False
41.5555 	EXP 	window1: mouseVisible = True
41.5713 	EXP 	window1: mouseVisible = False
41.5715 	EXP 	window1: mouseVisible = True
41.5881 	EXP 	window1: mouseVisible = False
41.5884 	EXP 	window1: mouseVisible = True
41.6047 	EXP 	window1: mouseVisible = False
41.6049 	EXP 	window1: mouseVisible = True
41.6212 	EXP 	window1: mouseVisible = False
41.6214 	EXP 	window1: mouseVisible = True
41.6379 	EXP 	window1: mouseVisible = False
41.6381 	EXP 	window1: mouseVisible = True
41.6549 	EXP 	window1: mouseVisible = False
41.6552 	EXP 	window1: mouseVisible = True
41.6718 	EXP 	window1: mouseVisible = False
41.6720 	EXP 	window1: mouseVisible = True
41.6881 	EXP 	window1: mouseVisible = False
41.6883 	EXP 	window1: mouseVisible = True
41.7049 	EXP 	window1: mouseVisible = False
41.7052 	EXP 	window1: mouseVisible = True
41.7215 	EXP 	window1: mouseVisible = False
41.7217 	EXP 	window1: mouseVisible = True
41.7381 	EXP 	window1: mouseVisible = False
41.7384 	EXP 	window1: mouseVisible = True
41.7547 	EXP 	window1: mouseVisible = False
41.7550 	EXP 	window1: mouseVisible = True
41.7714 	EXP 	window1: mouseVisible = False
41.7716 	EXP 	window1: mouseVisible = True
41.7881 	EXP 	window1: mouseVisible = False
41.7883 	EXP 	window1: mouseVisible = True
41.8051 	EXP 	window1: mouseVisible = False
41.8054 	EXP 	window1: mouseVisible = True
41.8213 	EXP 	window1: mouseVisible = False
41.8215 	EXP 	window1: mouseVisible = True
41.8381 	EXP 	window1: mouseVisible = False
41.8384 	EXP 	window1: mouseVisible = True
41.8549 	EXP 	window1: mouseVisible = False
41.8551 	EXP 	window1: mouseVisible = True
41.8715 	EXP 	window1: mouseVisible = False
41.8717 	EXP 	window1: mouseVisible = True
41.8720 	DATA 	Mouse: Left button down, pos=(1236,1157)
41.9047 	EXP 	colour2: texRes = 128
41.9047 	EXP 	colour3: texRes = 128
41.9047 	EXP 	colour4: texRes = 128
41.9049 	EXP 	window1: mouseVisible = False
41.9051 	EXP 	window1: mouseVisible = True
41.9217 	EXP 	window1: mouseVisible = False
41.9219 	EXP 	window1: mouseVisible = True
41.9382 	EXP 	window1: mouseVisible = False
41.9384 	EXP 	window1: mouseVisible = True
41.9549 	EXP 	window1: mouseVisible = False
41.9552 	EXP 	window1: mouseVisible = True
41.9716 	EXP 	window1: mouseVisible = False
41.9719 	EXP 	window1: mouseVisible = True
41.9882 	EXP 	window1: mouseVisible = False
41.9884 	EXP 	window1: mouseVisible = True
41.9887 	DATA 	Mouse:  Left button up, pos=(1237,1157)
42.0051 	EXP 	window1: mouseVisible = False
42.0054 	EXP 	window1: mouseVisible = True
42.0216 	EXP 	window1: mouseVisible = False
42.0218 	EXP 	window1: mouseVisible = True
42.0382 	EXP 	window1: mouseVisible = False
42.0384 	EXP 	window1: mouseVisible = True
42.0550 	EXP 	window1: mouseVisible = False
42.0553 	EXP 	window1: mouseVisible = True
42.0715 	EXP 	window1: mouseVisible = False
42.0717 	EXP 	window1: mouseVisible = True
42.0883 	EXP 	window1: mouseVisible = False
42.0885 	EXP 	window1: mouseVisible = True
42.1052 	EXP 	window1: mouseVisible = False
42.1054 	EXP 	window1: mouseVisible = True
42.1217 	EXP 	window1: mouseVisible = False
42.1220 	EXP 	window1: mouseVisible = True
42.1383 	EXP 	window1: mouseVisible = False
42.1385 	EXP 	window1: mouseVisible = True
42.1551 	EXP 	window1: mouseVisible = False
42.1553 	EXP 	window1: mouseVisible = True
42.1717 	EXP 	window1: mouseVisible = False
42.1719 	EXP 	window1: mouseVisible = True
42.1888 	EXP 	window1: mouseVisible = False
42.1890 	EXP 	window1: mouseVisible = True
42.2051 	EXP 	window1: mouseVisible = False
42.2054 	EXP 	window1: mouseVisible = True
42.2218 	EXP 	window1: mouseVisible = False
42.2220 	EXP 	window1: mouseVisible = True
42.2385 	EXP 	window1: mouseVisible = False
42.2387 	EXP 	window1: mouseVisible = True
42.2552 	EXP 	window1: mouseVisible = False
42.2554 	EXP 	window1: mouseVisible = True
42.2718 	EXP 	window1: mouseVisible = False
42.2720 	EXP 	window1: mouseVisible = True
42.2886 	EXP 	window1: mouseVisible = False
42.2889 	EXP 	window1: mouseVisible = True
42.3054 	EXP 	window1: mouseVisible = False
42.3056 	EXP 	window1: mouseVisible = True
42.3218 	EXP 	window1: mouseVisible = False
42.3220 	EXP 	window1: mouseVisible = True
42.3386 	EXP 	window1: mouseVisible = False
42.3388 	EXP 	window1: mouseVisible = True
42.3552 	EXP 	window1: mouseVisible = False
42.3555 	EXP 	window1: mouseVisible = True
42.3719 	EXP 	window1: mouseVisible = False
42.3721 	EXP 	window1: mouseVisible = True
42.3885 	EXP 	window1: mouseVisible = False
42.3888 	EXP 	window1: mouseVisible = True
42.4053 	EXP 	window1: mouseVisible = False
42.4055 	EXP 	window1: mouseVisible = True
42.4220 	EXP 	window1: mouseVisible = False
42.4222 	EXP 	window1: mouseVisible = True
42.4387 	EXP 	window1: mouseVisible = False
42.4389 	EXP 	window1: mouseVisible = True
42.4553 	EXP 	window1: mouseVisible = False
42.4555 	EXP 	window1: mouseVisible = True
42.4720 	EXP 	window1: mouseVisible = False
42.4723 	EXP 	window1: mouseVisible = True
42.4887 	EXP 	window1: mouseVisible = False
42.4889 	EXP 	window1: mouseVisible = True
42.5054 	EXP 	window1: mouseVisible = False
42.5057 	EXP 	window1: mouseVisible = True
42.5221 	EXP 	window1: mouseVisible = False
42.5223 	EXP 	window1: mouseVisible = True
42.5388 	EXP 	window1: mouseVisible = False
42.5390 	EXP 	window1: mouseVisible = True
42.5553 	EXP 	window1: mouseVisible = False
42.5555 	EXP 	window1: mouseVisible = True
42.5722 	EXP 	window1: mouseVisible = False
42.5725 	EXP 	window1: mouseVisible = True
42.5887 	EXP 	window1: mouseVisible = False
42.5889 	EXP 	window1: mouseVisible = True
42.6054 	EXP 	window1: mouseVisible = False
42.6057 	EXP 	window1: mouseVisible = True
42.6223 	EXP 	window1: mouseVisible = False
42.6226 	EXP 	window1: mouseVisible = True
42.6229 	DATA 	Mouse: Left button down, pos=(1893,1158)
42.6366 	EXP 	New trial (rep=0, index=2): OrderedDict([('audiofile', 'audio/NV_DE_Neural2-D_Ad-ge-Dr_0.6p.wav'), ('duration', 5.4325), ('noise', 'NV'), ('voice', 'Neural2-D'), ('words', 'Ad-ge-Dr'), ('callSign', 'Ad'), ('colour', 'ge'), ('number', 'Dr'), ('levels', '0.6p'), ('file', 'DE_Neural2-D_Ad-ge-Dr.TextGrid'), ('firstSound_tmin', 0.16712), ('lastSound_tmax', 4.69712), ('token_1_tmin', 0.76712), ('token_1_tmax', 1.34712), ('token_2_tmin', 2.49712), ('token_2_tmax', 2.76712), ('token_3_tmin', 3.92712), ('token_3_tmax', 4.36712)])
42.6719 	EXP 	number2: texRes = 128
42.6719 	EXP 	number3: texRes = 128
42.6719 	EXP 	number4: texRes = 128
42.6719 	EXP 	blankScreenAfterResponse: autoDraw = True
42.6719 	EXP 	blankScreen: autoDraw = False
42.6719 	EXP 	call1: autoDraw = False
42.6719 	EXP 	call2: autoDraw = False
42.6719 	EXP 	call3: autoDraw = False
42.6719 	EXP 	call4: autoDraw = False
42.6719 	EXP 	colour1: autoDraw = False
42.6719 	EXP 	colour2: autoDraw = False
42.6719 	EXP 	colour3: autoDraw = False
42.6719 	EXP 	colour4: autoDraw = False
42.6719 	EXP 	number1: autoDraw = False
42.6719 	EXP 	number2: autoDraw = False
42.6719 	EXP 	number3: autoDraw = False
42.6719 	EXP 	number4: autoDraw = False
42.6719 	EXP 	blankScreenAfterResponse: autoDraw = False
42.6719 	EXP 	fixation: autoDraw = True
42.7235 	DATA 	Mouse:  Left button up, pos=(1892,1158)
48.1566 	EXP 	window1: mouseVisible = False
48.1647 	EXP 	fixation: autoDraw = False
48.1647 	EXP 	screenAfterAudio: autoDraw = True
48.1647 	EXP 	screenAfterAudio: autoDraw = False
48.1647 	EXP 	fixation: autoDraw = False
48.1647 	EXP 	screenAfterAudio: autoDraw = False
48.1647 	EXP 	call1: texRes = 128
48.1647 	EXP 	call2: texRes = 128
48.1647 	EXP 	call3: texRes = 128
48.1647 	EXP 	call4: texRes = 128
48.1647 	EXP 	colour1: texRes = 128
48.1647 	EXP 	colour2: texRes = 128
48.1647 	EXP 	colour3: texRes = 128
48.1647 	EXP 	colour4: texRes = 128
48.1647 	EXP 	number1: texRes = 128
48.1647 	EXP 	number2: texRes = 128
48.1647 	EXP 	number3: texRes = 128
48.1647 	EXP 	number4: texRes = 128
48.1647 	EXP 	blankScreen: autoDraw = True
48.1649 	EXP 	window1: mouseVisible = False
48.1822 	EXP 	window1: mouseVisible = False
48.1989 	EXP 	window1: mouseVisible = False
48.2158 	EXP 	window1: mouseVisible = False
48.2320 	EXP 	window1: mouseVisible = False
48.2490 	EXP 	window1: mouseVisible = False
48.2658 	EXP 	window1: mouseVisible = False
48.2827 	EXP 	window1: mouseVisible = False
48.2995 	EXP 	window1: mouseVisible = False
48.3156 	EXP 	window1: mouseVisible = False
48.3326 	EXP 	window1: mouseVisible = False
48.3495 	EXP 	window1: mouseVisible = False
48.3660 	EXP 	window1: mouseVisible = False
48.3827 	EXP 	window1: mouseVisible = False
48.3994 	EXP 	window1: mouseVisible = False
48.4163 	EXP 	window1: mouseVisible = False
48.4324 	EXP 	window1: mouseVisible = False
48.4493 	EXP 	window1: mouseVisible = False
48.4663 	EXP 	window1: mouseVisible = False
48.4825 	EXP 	window1: mouseVisible = False
48.4995 	EXP 	window1: mouseVisible = False
48.5163 	EXP 	window1: mouseVisible = False
48.5325 	EXP 	window1: mouseVisible = False
48.5494 	EXP 	window1: mouseVisible = False
48.5659 	EXP 	window1: mouseVisible = False
48.5825 	EXP 	window1: mouseVisible = False
48.5995 	EXP 	window1: mouseVisible = False
48.6159 	EXP 	window1: mouseVisible = False
48.6328 	EXP 	window1: mouseVisible = False
48.6496 	EXP 	window1: mouseVisible = False
48.6661 	EXP 	window1: mouseVisible = False
48.6828 	EXP 	window1: mouseVisible = False
48.6997 	EXP 	window1: mouseVisible = False
48.7161 	EXP 	window1: mouseVisible = False
48.7327 	EXP 	window1: mouseVisible = False
48.7498 	EXP 	window1: mouseVisible = False
48.7660 	EXP 	window1: mouseVisible = False
48.7829 	EXP 	window1: mouseVisible = False
48.7999 	EXP 	window1: mouseVisible = False
48.8161 	EXP 	window1: mouseVisible = False
48.8329 	EXP 	window1: mouseVisible = False
48.8499 	EXP 	window1: mouseVisible = False
48.8663 	EXP 	window1: mouseVisible = False
48.8831 	EXP 	window1: mouseVisible = False
48.8995 	EXP 	window1: mouseVisible = False
48.9161 	EXP 	window1: mouseVisible = False
48.9330 	EXP 	window1: mouseVisible = False
48.9494 	EXP 	window1: mouseVisible = False
48.9664 	EXP 	window1: mouseVisible = False
48.9831 	EXP 	window1: mouseVisible = False
48.9996 	EXP 	window1: mouseVisible = False
49.0164 	EXP 	window1: mouseVisible = False
49.0328 	EXP 	window1: mouseVisible = False
49.0496 	EXP 	window1: mouseVisible = False
49.0663 	EXP 	window1: mouseVisible = False
49.0829 	EXP 	window1: mouseVisible = False
49.0997 	EXP 	window1: mouseVisible = False
49.1165 	EXP 	window1: mouseVisible = False
49.1334 	EXP 	window1: mouseVisible = False
49.1498 	EXP 	window1: mouseVisible = False
49.1783 	EXP 	blankScreen: autoDraw = False
49.1783 	EXP 	call1: autoDraw = True
49.1783 	EXP 	call2: autoDraw = True
49.1783 	EXP 	call3: autoDraw = True
49.1783 	EXP 	call4: autoDraw = True
49.1783 	EXP 	colour1: autoDraw = True
49.1783 	EXP 	colour2: autoDraw = True
49.1783 	EXP 	colour3: autoDraw = True
49.1783 	EXP 	colour4: autoDraw = True
49.1783 	EXP 	number1: autoDraw = True
49.1783 	EXP 	number2: autoDraw = True
49.1783 	EXP 	number3: autoDraw = True
49.1783 	EXP 	number4: autoDraw = True
49.1785 	EXP 	window1: mouseVisible = False
49.1787 	EXP 	window1: mouseVisible = True
49.1942 	EXP 	window1: mouseVisible = False
49.1945 	EXP 	window1: mouseVisible = True
49.2109 	EXP 	window1: mouseVisible = False
49.2111 	EXP 	window1: mouseVisible = True
49.2278 	EXP 	window1: mouseVisible = False
49.2281 	EXP 	window1: mouseVisible = True
49.2443 	EXP 	window1: mouseVisible = False
49.2446 	EXP 	window1: mouseVisible = True
49.2611 	EXP 	window1: mouseVisible = False
49.2613 	EXP 	window1: mouseVisible = True
49.2778 	EXP 	window1: mouseVisible = False
49.2780 	EXP 	window1: mouseVisible = True
49.2947 	EXP 	window1: mouseVisible = False
49.2949 	EXP 	window1: mouseVisible = True
49.3112 	EXP 	window1: mouseVisible = False
49.3115 	EXP 	window1: mouseVisible = True
49.3277 	EXP 	window1: mouseVisible = False
49.3280 	EXP 	window1: mouseVisible = True
49.3446 	EXP 	window1: mouseVisible = False
49.3448 	EXP 	window1: mouseVisible = True
49.3610 	EXP 	window1: mouseVisible = False
49.3612 	EXP 	window1: mouseVisible = True
49.3778 	EXP 	window1: mouseVisible = False
49.3781 	EXP 	window1: mouseVisible = True
49.3944 	EXP 	window1: mouseVisible = False
49.3946 	EXP 	window1: mouseVisible = True
49.4111 	EXP 	window1: mouseVisible = False
49.4113 	EXP 	window1: mouseVisible = True
49.4278 	EXP 	window1: mouseVisible = False
49.4280 	EXP 	window1: mouseVisible = True
49.4448 	EXP 	window1: mouseVisible = False
49.4450 	EXP 	window1: mouseVisible = True
49.4614 	EXP 	window1: mouseVisible = False
49.4617 	EXP 	window1: mouseVisible = True
49.4778 	EXP 	window1: mouseVisible = False
49.4781 	EXP 	window1: mouseVisible = True
49.4946 	EXP 	window1: mouseVisible = False
49.4948 	EXP 	window1: mouseVisible = True
49.5114 	EXP 	window1: mouseVisible = False
49.5117 	EXP 	window1: mouseVisible = True
49.5279 	EXP 	window1: mouseVisible = False
49.5281 	EXP 	window1: mouseVisible = True
49.5447 	EXP 	window1: mouseVisible = False
49.5449 	EXP 	window1: mouseVisible = True
49.5614 	EXP 	window1: mouseVisible = False
49.5616 	EXP 	window1: mouseVisible = True
49.5780 	EXP 	window1: mouseVisible = False
49.5782 	EXP 	window1: mouseVisible = True
49.5945 	EXP 	window1: mouseVisible = False
49.5947 	EXP 	window1: mouseVisible = True
49.6111 	EXP 	window1: mouseVisible = False
49.6113 	EXP 	window1: mouseVisible = True
49.6279 	EXP 	window1: mouseVisible = False
49.6281 	EXP 	window1: mouseVisible = True
49.6447 	EXP 	window1: mouseVisible = False
49.6449 	EXP 	window1: mouseVisible = True
49.6613 	EXP 	window1: mouseVisible = False
49.6616 	EXP 	window1: mouseVisible = True
49.6779 	EXP 	window1: mouseVisible = False
49.6782 	EXP 	window1: mouseVisible = True
49.6946 	EXP 	window1: mouseVisible = False
49.6948 	EXP 	window1: mouseVisible = True
49.7112 	EXP 	window1: mouseVisible = False
49.7114 	EXP 	window1: mouseVisible = True
49.7280 	EXP 	window1: mouseVisible = False
49.7282 	EXP 	window1: mouseVisible = True
49.7447 	EXP 	window1: mouseVisible = False
49.7450 	EXP 	window1: mouseVisible = True
49.7613 	EXP 	window1: mouseVisible = False
49.7615 	EXP 	window1: mouseVisible = True
49.7618 	DATA 	Mouse: Left button down, pos=(772,273)
49.7946 	EXP 	call1: texRes = 128
49.7946 	EXP 	call2: texRes = 128
49.7946 	EXP 	call3: texRes = 128
49.7948 	EXP 	window1: mouseVisible = False
49.7951 	EXP 	window1: mouseVisible = True
49.8116 	EXP 	window1: mouseVisible = False
49.8118 	EXP 	window1: mouseVisible = True
49.8280 	EXP 	window1: mouseVisible = False
49.8283 	EXP 	window1: mouseVisible = True
49.8305 	DATA 	Mouse:  Left button up, pos=(772,273)
49.8450 	EXP 	window1: mouseVisible = False
49.8452 	EXP 	window1: mouseVisible = True
49.8614 	EXP 	window1: mouseVisible = False
49.8616 	EXP 	window1: mouseVisible = True
49.8783 	EXP 	window1: mouseVisible = False
49.8785 	EXP 	window1: mouseVisible = True
49.8948 	EXP 	window1: mouseVisible = False
49.8951 	EXP 	window1: mouseVisible = True
49.9114 	EXP 	window1: mouseVisible = False
49.9117 	EXP 	window1: mouseVisible = True
49.9282 	EXP 	window1: mouseVisible = False
49.9284 	EXP 	window1: mouseVisible = True
49.9449 	EXP 	window1: mouseVisible = False
49.9451 	EXP 	window1: mouseVisible = True
49.9614 	EXP 	window1: mouseVisible = False
49.9616 	EXP 	window1: mouseVisible = True
49.9782 	EXP 	window1: mouseVisible = False
49.9785 	EXP 	window1: mouseVisible = True
49.9949 	EXP 	window1: mouseVisible = False
49.9951 	EXP 	window1: mouseVisible = True
50.0116 	EXP 	window1: mouseVisible = False
50.0119 	EXP 	window1: mouseVisible = True
50.0283 	EXP 	window1: mouseVisible = False
50.0286 	EXP 	window1: mouseVisible = True
50.0448 	EXP 	window1: mouseVisible = False
50.0450 	EXP 	window1: mouseVisible = True
50.0618 	EXP 	window1: mouseVisible = False
50.0620 	EXP 	window1: mouseVisible = True
50.0784 	EXP 	window1: mouseVisible = False
50.0787 	EXP 	window1: mouseVisible = True
50.0950 	EXP 	window1: mouseVisible = False
50.0952 	EXP 	window1: mouseVisible = True
50.1116 	EXP 	window1: mouseVisible = False
50.1118 	EXP 	window1: mouseVisible = True
50.1285 	EXP 	window1: mouseVisible = False
50.1289 	EXP 	window1: mouseVisible = True
50.1296 	DATA 	Mouse: Left button down, pos=(1295,238)
50.1616 	EXP 	colour1: texRes = 128
50.1616 	EXP 	colour2: texRes = 128
50.1616 	EXP 	colour3: texRes = 128
50.1619 	EXP 	window1: mouseVisible = False
50.1622 	EXP 	window1: mouseVisible = True
50.1784 	EXP 	window1: mouseVisible = False
50.1787 	EXP 	window1: mouseVisible = True
50.1951 	EXP 	window1: mouseVisible = False
50.1953 	EXP 	window1: mouseVisible = True
50.2120 	EXP 	window1: mouseVisible = False
50.2123 	EXP 	window1: mouseVisible = True
50.2286 	EXP 	window1: mouseVisible = False
50.2288 	EXP 	window1: mouseVisible = True
50.2291 	DATA 	Mouse:  Left button up, pos=(1295,238)
50.2452 	EXP 	window1: mouseVisible = False
50.2454 	EXP 	window1: mouseVisible = True
50.2620 	EXP 	window1: mouseVisible = False
50.2622 	EXP 	window1: mouseVisible = True
50.2784 	EXP 	window1: mouseVisible = False
50.2787 	EXP 	window1: mouseVisible = True
50.2952 	EXP 	window1: mouseVisible = False
50.2954 	EXP 	window1: mouseVisible = True
50.3119 	EXP 	window1: mouseVisible = False
50.3122 	EXP 	window1: mouseVisible = True
50.3287 	EXP 	window1: mouseVisible = False
50.3289 	EXP 	window1: mouseVisible = True
50.3451 	EXP 	window1: mouseVisible = False
50.3454 	EXP 	window1: mouseVisible = True
50.3621 	EXP 	window1: mouseVisible = False
50.3624 	EXP 	window1: mouseVisible = True
50.3785 	EXP 	window1: mouseVisible = False
50.3787 	EXP 	window1: mouseVisible = True
50.3953 	EXP 	window1: mouseVisible = False
50.3955 	EXP 	window1: mouseVisible = True
50.4119 	EXP 	window1: mouseVisible = False
50.4122 	EXP 	window1: mouseVisible = True
50.4285 	EXP 	window1: mouseVisible = False
50.4288 	EXP 	window1: mouseVisible = True
50.4452 	EXP 	window1: mouseVisible = False
50.4454 	EXP 	window1: mouseVisible = True
50.4622 	EXP 	window1: mouseVisible = False
50.4625 	EXP 	window1: mouseVisible = True
50.4785 	EXP 	window1: mouseVisible = False
50.4787 	EXP 	window1: mouseVisible = True
50.4954 	EXP 	window1: mouseVisible = False
50.4957 	EXP 	window1: mouseVisible = True
50.5121 	EXP 	window1: mouseVisible = False
50.5124 	EXP 	window1: mouseVisible = True
50.5288 	EXP 	window1: mouseVisible = False
50.5290 	EXP 	window1: mouseVisible = True
50.5293 	DATA 	Mouse: Left button down, pos=(1964,233)
50.5430 	EXP 	New trial (rep=0, index=3): OrderedDict([('audiofile', 'audio/NV_DE_Neural2-D_Ad-ge-Dr_0.75p.wav'), ('duration', 5.4325), ('noise', 'NV'), ('voice', 'Neural2-D'), ('words', 'Ad-ge-Dr'), ('callSign', 'Ad'), ('colour', 'ge'), ('number', 'Dr'), ('levels', '0.75p'), ('file', 'DE_Neural2-D_Ad-ge-Dr.TextGrid'), ('firstSound_tmin', 0.16712), ('lastSound_tmax', 4.69712), ('token_1_tmin', 0.76712), ('token_1_tmax', 1.34712), ('token_2_tmin', 2.49712), ('token_2_tmax', 2.76712), ('token_3_tmin', 3.92712), ('token_3_tmax', 4.36712)])
50.5788 	EXP 	number1: texRes = 128
50.5788 	EXP 	number2: texRes = 128
50.5788 	EXP 	number3: texRes = 128
50.5788 	EXP 	blankScreenAfterResponse: autoDraw = True
50.5788 	EXP 	blankScreen: autoDraw = False
50.5788 	EXP 	call1: autoDraw = False
50.5788 	EXP 	call2: autoDraw = False
50.5788 	EXP 	call3: autoDraw = False
50.5788 	EXP 	call4: autoDraw = False
50.5788 	EXP 	colour1: autoDraw = False
50.5788 	EXP 	colour2: autoDraw = False
50.5788 	EXP 	colour3: autoDraw = False
50.5788 	EXP 	colour4: autoDraw = False
50.5788 	EXP 	number1: autoDraw = False
50.5788 	EXP 	number2: autoDraw = False
50.5788 	EXP 	number3: autoDraw = False
50.5788 	EXP 	number4: autoDraw = False
50.5788 	EXP 	blankScreenAfterResponse: autoDraw = False
50.5788 	EXP 	fixation: autoDraw = True
50.6643 	DATA 	Mouse:  Left button up, pos=(1964,233)
56.0617 	EXP 	window1: mouseVisible = False
56.0690 	EXP 	fixation: autoDraw = False
56.0690 	EXP 	screenAfterAudio: autoDraw = True
56.0690 	EXP 	screenAfterAudio: autoDraw = False
56.0690 	EXP 	fixation: autoDraw = False
56.0690 	EXP 	screenAfterAudio: autoDraw = False
56.0690 	EXP 	call1: texRes = 128
56.0690 	EXP 	call2: texRes = 128
56.0690 	EXP 	call3: texRes = 128
56.0690 	EXP 	call4: texRes = 128
56.0690 	EXP 	colour1: texRes = 128
56.0690 	EXP 	colour2: texRes = 128
56.0690 	EXP 	colour3: texRes = 128
56.0690 	EXP 	colour4: texRes = 128
56.0690 	EXP 	number1: texRes = 128
56.0690 	EXP 	number2: texRes = 128
56.0690 	EXP 	number3: texRes = 128
56.0690 	EXP 	number4: texRes = 128
56.0690 	EXP 	blankScreen: autoDraw = True
56.0692 	EXP 	window1: mouseVisible = False
56.0889 	EXP 	window1: mouseVisible = False
56.1059 	EXP 	window1: mouseVisible = False
56.1219 	EXP 	window1: mouseVisible = False
56.1389 	EXP 	window1: mouseVisible = False
56.1561 	EXP 	window1: mouseVisible = False
56.1719 	EXP 	window1: mouseVisible = False
56.1891 	EXP 	window1: mouseVisible = False
56.2058 	EXP 	window1: mouseVisible = False
56.2221 	EXP 	window1: mouseVisible = False
56.2391 	EXP 	window1: mouseVisible = False
56.2557 	EXP 	window1: mouseVisible = False
56.2722 	EXP 	window1: mouseVisible = False
56.2895 	EXP 	window1: mouseVisible = False
56.3053 	EXP 	window1: mouseVisible = False
56.3223 	EXP 	window1: mouseVisible = False
56.3395 	EXP 	window1: mouseVisible = False
56.3562 	EXP 	window1: mouseVisible = False
56.3725 	EXP 	window1: mouseVisible = False
56.3894 	EXP 	window1: mouseVisible = False
56.4053 	EXP 	window1: mouseVisible = False
56.4226 	EXP 	window1: mouseVisible = False
56.4397 	EXP 	window1: mouseVisible = False
56.4554 	EXP 	window1: mouseVisible = False
56.4726 	EXP 	window1: mouseVisible = False
56.4895 	EXP 	window1: mouseVisible = False
56.5055 	EXP 	window1: mouseVisible = False
56.5226 	EXP 	window1: mouseVisible = False
56.5387 	EXP 	window1: mouseVisible = False
56.5556 	EXP 	window1: mouseVisible = False
56.5728 	EXP 	window1: mouseVisible = False
56.5894 	EXP 	window1: mouseVisible = False
56.6062 	EXP 	window1: mouseVisible = False
56.6228 	EXP 	window1: mouseVisible = False
56.6389 	EXP 	window1: mouseVisible = False
56.6556 	EXP 	window1: mouseVisible = False
56.6729 	EXP 	window1: mouseVisible = False
56.6889 	EXP 	window1: mouseVisible = False
56.7060 	EXP 	window1: mouseVisible = False
56.7227 	EXP 	window1: mouseVisible = False
56.7393 	EXP 	window1: mouseVisible = False
56.7563 	EXP 	window1: mouseVisible = False
56.7732 	EXP 	window1: mouseVisible = False
56.7891 	EXP 	window1: mouseVisible = False
56.8060 	EXP 	window1: mouseVisible = False
56.8231 	EXP 	window1: mouseVisible = False
56.8395 	EXP 	window1: mouseVisible = False
56.8564 	EXP 	window1: mouseVisible = False
56.8729 	EXP 	window1: mouseVisible = False
56.8895 	EXP 	window1: mouseVisible = False
56.9065 	EXP 	window1: mouseVisible = False
56.9230 	EXP 	window1: mouseVisible = False
56.9396 	EXP 	window1: mouseVisible = False
56.9567 	EXP 	window1: mouseVisible = False
56.9734 	EXP 	window1: mouseVisible = False
56.9895 	EXP 	window1: mouseVisible = False
57.0066 	EXP 	window1: mouseVisible = False
57.0232 	EXP 	window1: mouseVisible = False
57.0399 	EXP 	window1: mouseVisible = False
57.0565 	EXP 	window1: mouseVisible = False
57.0845 	EXP 	blankScreen: autoDraw = False
57.0845 	EXP 	call1: autoDraw = True
57.0845 	EXP 	call2: autoDraw = True
57.0845 	EXP 	call3: autoDraw = True
57.0845 	EXP 	call4: autoDraw = True
57.0845 	EXP 	colour1: autoDraw = True
57.0845 	EXP 	colour2: autoDraw = True
57.0845 	EXP 	colour3: autoDraw = True
57.0845 	EXP 	colour4: autoDraw = True
57.0845 	EXP 	number1: autoDraw = True
57.0845 	EXP 	number2: autoDraw = True
57.0845 	EXP 	number3: autoDraw = True
57.0845 	EXP 	number4: autoDraw = True
57.0847 	EXP 	window1: mouseVisible = False
57.0850 	EXP 	window1: mouseVisible = True
57.1017 	EXP 	window1: mouseVisible = False
57.1020 	EXP 	window1: mouseVisible = True
57.1177 	EXP 	window1: mouseVisible = False
57.1179 	EXP 	window1: mouseVisible = True
57.1342 	EXP 	window1: mouseVisible = False
57.1344 	EXP 	window1: mouseVisible = True
57.1514 	EXP 	window1: mouseVisible = False
57.1517 	EXP 	window1: mouseVisible = True
57.1677 	EXP 	window1: mouseVisible = False
57.1679 	EXP 	window1: mouseVisible = True
57.1844 	EXP 	window1: mouseVisible = False
57.1847 	EXP 	window1: mouseVisible = True
57.2012 	EXP 	window1: mouseVisible = False
57.2014 	EXP 	window1: mouseVisible = True
57.2175 	EXP 	window1: mouseVisible = False
57.2177 	EXP 	window1: mouseVisible = True
57.2344 	EXP 	window1: mouseVisible = False
57.2347 	EXP 	window1: mouseVisible = True
57.2511 	EXP 	window1: mouseVisible = False
57.2513 	EXP 	window1: mouseVisible = True
57.2676 	EXP 	window1: mouseVisible = False
57.2678 	EXP 	window1: mouseVisible = True
57.2845 	EXP 	window1: mouseVisible = False
57.2847 	EXP 	window1: mouseVisible = True
57.3010 	EXP 	window1: mouseVisible = False
57.3013 	EXP 	window1: mouseVisible = True
57.3175 	EXP 	window1: mouseVisible = False
57.3177 	EXP 	window1: mouseVisible = True
57.3345 	EXP 	window1: mouseVisible = False
57.3348 	EXP 	window1: mouseVisible = True
57.3515 	EXP 	window1: mouseVisible = False
57.3518 	EXP 	window1: mouseVisible = True
57.3678 	EXP 	window1: mouseVisible = False
57.3681 	EXP 	window1: mouseVisible = True
57.3846 	EXP 	window1: mouseVisible = False
57.3849 	EXP 	window1: mouseVisible = True
57.4011 	EXP 	window1: mouseVisible = False
57.4013 	EXP 	window1: mouseVisible = True
57.4177 	EXP 	window1: mouseVisible = False
57.4179 	EXP 	window1: mouseVisible = True
57.4348 	EXP 	window1: mouseVisible = False
57.4350 	EXP 	window1: mouseVisible = True
57.4511 	EXP 	window1: mouseVisible = False
57.4513 	EXP 	window1: mouseVisible = True
57.4680 	EXP 	window1: mouseVisible = False
57.4682 	EXP 	window1: mouseVisible = True
57.4847 	EXP 	window1: mouseVisible = False
57.4850 	EXP 	window1: mouseVisible = True
57.5012 	EXP 	window1: mouseVisible = False
57.5015 	EXP 	window1: mouseVisible = True
57.5178 	EXP 	window1: mouseVisible = False
57.5180 	EXP 	window1: mouseVisible = True
57.5347 	EXP 	window1: mouseVisible = False
57.5350 	EXP 	window1: mouseVisible = True
57.5513 	EXP 	window1: mouseVisible = False
57.5515 	EXP 	window1: mouseVisible = True
57.5678 	EXP 	window1: mouseVisible = False
57.5680 	EXP 	window1: mouseVisible = True
57.5848 	EXP 	window1: mouseVisible = False
57.5851 	EXP 	window1: mouseVisible = True
57.6013 	EXP 	window1: mouseVisible = False
57.6015 	EXP 	window1: mouseVisible = True
57.6178 	EXP 	window1: mouseVisible = False
57.6180 	EXP 	window1: mouseVisible = True
57.6345 	EXP 	window1: mouseVisible = False
57.6348 	EXP 	window1: mouseVisible = True
57.6514 	EXP 	window1: mouseVisible = False
57.6516 	EXP 	window1: mouseVisible = True
57.6679 	EXP 	window1: mouseVisible = False
57.6682 	EXP 	window1: mouseVisible = True
57.6845 	EXP 	window1: mouseVisible = False
57.6848 	EXP 	window1: mouseVisible = True
57.7014 	EXP 	window1: mouseVisible = False
57.7016 	EXP 	window1: mouseVisible = True
57.7180 	EXP 	window1: mouseVisible = False
57.7182 	EXP 	window1: mouseVisible = True
57.7347 	EXP 	window1: mouseVisible = False
57.7350 	EXP 	window1: mouseVisible = True
57.7514 	EXP 	window1: mouseVisible = False
57.7517 	EXP 	window1: mouseVisible = True
57.7680 	EXP 	window1: mouseVisible = False
57.7683 	EXP 	window1: mouseVisible = True
57.7848 	EXP 	window1: mouseVisible = False
57.7852 	EXP 	window1: mouseVisible = True
57.7860 	DATA 	Mouse: Left button down, pos=(785,348)
57.8180 	EXP 	call1: texRes = 128
57.8180 	EXP 	call2: texRes = 128
57.8180 	EXP 	call3: texRes = 128
57.8182 	EXP 	window1: mouseVisible = False
57.8184 	EXP 	window1: mouseVisible = True
57.8349 	EXP 	window1: mouseVisible = False
57.8351 	EXP 	window1: mouseVisible = True
57.8524 	EXP 	window1: mouseVisible = False
57.8527 	EXP 	window1: mouseVisible = True
57.8681 	EXP 	window1: mouseVisible = False
57.8683 	EXP 	window1: mouseVisible = True
57.8846 	EXP 	window1: mouseVisible = False
57.8848 	EXP 	window1: mouseVisible = True
57.8851 	DATA 	Mouse:  Left button up, pos=(784,348)
57.9016 	EXP 	window1: mouseVisible = False
57.9018 	EXP 	window1: mouseVisible = True
57.9181 	EXP 	window1: mouseVisible = False
57.9183 	EXP 	window1: mouseVisible = True
57.9350 	EXP 	window1: mouseVisible = False
57.9352 	EXP 	window1: mouseVisible = True
57.9517 	EXP 	window1: mouseVisible = False
57.9520 	EXP 	window1: mouseVisible = True
57.9682 	EXP 	window1: mouseVisible = False
57.9684 	EXP 	window1: mouseVisible = True
57.9851 	EXP 	window1: mouseVisible = False
57.9853 	EXP 	window1: mouseVisible = True
58.0017 	EXP 	window1: mouseVisible = False
58.0019 	EXP 	window1: mouseVisible = True
58.0182 	EXP 	window1: mouseVisible = False
58.0185 	EXP 	window1: mouseVisible = True
58.0350 	EXP 	window1: mouseVisible = False
58.0353 	EXP 	window1: mouseVisible = True
58.0518 	EXP 	window1: mouseVisible = False
58.0521 	EXP 	window1: mouseVisible = True
58.0682 	EXP 	window1: mouseVisible = False
58.0684 	EXP 	window1: mouseVisible = True
58.0851 	EXP 	window1: mouseVisible = False
58.0854 	EXP 	window1: mouseVisible = True
58.1014 	EXP 	window1: mouseVisible = False
58.1016 	EXP 	window1: mouseVisible = True
58.1182 	EXP 	window1: mouseVisible = False
58.1184 	EXP 	window1: mouseVisible = True
58.1351 	EXP 	window1: mouseVisible = False
58.1353 	EXP 	window1: mouseVisible = True
58.1518 	EXP 	window1: mouseVisible = False
58.1520 	EXP 	window1: mouseVisible = True
58.1683 	EXP 	window1: mouseVisible = False
58.1685 	EXP 	window1: mouseVisible = True
58.1852 	EXP 	window1: mouseVisible = False
58.1855 	EXP 	window1: mouseVisible = True
58.2017 	EXP 	window1: mouseVisible = False
58.2020 	EXP 	window1: mouseVisible = True
58.2048 	DATA 	Mouse: Left button down, pos=(1146,274)
58.2183 	EXP 	window1: mouseVisible = False
58.2185 	EXP 	window1: mouseVisible = True
58.2353 	EXP 	window1: mouseVisible = False
58.2355 	EXP 	window1: mouseVisible = True
58.2518 	EXP 	window1: mouseVisible = False
58.2521 	EXP 	window1: mouseVisible = True
58.2684 	EXP 	window1: mouseVisible = False
58.2686 	EXP 	window1: mouseVisible = True
58.2852 	EXP 	window1: mouseVisible = False
58.2855 	EXP 	window1: mouseVisible = True
58.3019 	EXP 	window1: mouseVisible = False
58.3023 	EXP 	window1: mouseVisible = True
58.3025 	DATA 	Mouse:  Left button up, pos=(1148,274)
58.3185 	EXP 	window1: mouseVisible = False
58.3187 	EXP 	window1: mouseVisible = True
58.3351 	EXP 	window1: mouseVisible = False
58.3353 	EXP 	window1: mouseVisible = True
58.3518 	EXP 	window1: mouseVisible = False
58.3520 	EXP 	window1: mouseVisible = True
58.3685 	EXP 	window1: mouseVisible = False
58.3687 	EXP 	window1: mouseVisible = True
58.3852 	EXP 	window1: mouseVisible = False
58.3855 	EXP 	window1: mouseVisible = True
58.4019 	EXP 	window1: mouseVisible = False
58.4021 	EXP 	window1: mouseVisible = True
58.4185 	EXP 	window1: mouseVisible = False
58.4187 	EXP 	window1: mouseVisible = True
58.4357 	EXP 	window1: mouseVisible = False
58.4362 	EXP 	window1: mouseVisible = True
58.4520 	EXP 	window1: mouseVisible = False
58.4522 	EXP 	window1: mouseVisible = True
58.4687 	EXP 	window1: mouseVisible = False
58.4690 	EXP 	window1: mouseVisible = True
58.4855 	EXP 	window1: mouseVisible = False
58.4860 	EXP 	window1: mouseVisible = True
58.5019 	EXP 	window1: mouseVisible = False
58.5021 	EXP 	window1: mouseVisible = True
58.5186 	EXP 	window1: mouseVisible = False
58.5188 	EXP 	window1: mouseVisible = True
58.5191 	DATA 	Mouse: Left button down, pos=(1247,257)
58.5519 	EXP 	colour1: texRes = 128
58.5519 	EXP 	colour2: texRes = 128
58.5519 	EXP 	colour3: texRes = 128
58.5522 	EXP 	window1: mouseVisible = False
58.5524 	EXP 	window1: mouseVisible = True
58.5686 	EXP 	window1: mouseVisible = False
58.5689 	EXP 	window1: mouseVisible = True
58.5853 	EXP 	window1: mouseVisible = False
58.5856 	EXP 	window1: mouseVisible = True
58.6021 	EXP 	window1: mouseVisible = False
58.6023 	EXP 	window1: mouseVisible = True
58.6025 	DATA 	Mouse:  Left button up, pos=(1247,257)
58.6187 	EXP 	window1: mouseVisible = False
58.6190 	EXP 	window1: mouseVisible = True
58.6354 	EXP 	window1: mouseVisible = False
58.6356 	EXP 	window1: mouseVisible = True
58.6520 	EXP 	window1: mouseVisible = False
58.6523 	EXP 	window1: mouseVisible = True
58.6688 	EXP 	window1: mouseVisible = False
58.6690 	EXP 	window1: mouseVisible = True
58.6855 	EXP 	window1: mouseVisible = False
58.6857 	EXP 	window1: mouseVisible = True
58.7023 	EXP 	window1: mouseVisible = False
58.7026 	EXP 	window1: mouseVisible = True
58.7187 	EXP 	window1: mouseVisible = False
58.7189 	EXP 	window1: mouseVisible = True
58.7356 	EXP 	window1: mouseVisible = False
58.7360 	EXP 	window1: mouseVisible = True
58.7525 	EXP 	window1: mouseVisible = False
58.7527 	EXP 	window1: mouseVisible = True
58.7689 	EXP 	window1: mouseVisible = False
58.7692 	EXP 	window1: mouseVisible = True
58.7858 	EXP 	window1: mouseVisible = False
58.7861 	EXP 	window1: mouseVisible = True
58.8021 	EXP 	window1: mouseVisible = False
58.8023 	EXP 	window1: mouseVisible = True
58.8189 	EXP 	window1: mouseVisible = False
58.8192 	EXP 	window1: mouseVisible = True
58.8357 	EXP 	window1: mouseVisible = False
58.8359 	EXP 	window1: mouseVisible = True
58.8525 	EXP 	window1: mouseVisible = False
58.8527 	EXP 	window1: mouseVisible = True
58.8691 	EXP 	window1: mouseVisible = False
58.8694 	EXP 	window1: mouseVisible = True
58.8858 	EXP 	window1: mouseVisible = False
58.8861 	EXP 	window1: mouseVisible = True
58.9024 	EXP 	window1: mouseVisible = False
58.9027 	EXP 	window1: mouseVisible = True
58.9189 	EXP 	window1: mouseVisible = False
58.9191 	EXP 	window1: mouseVisible = True
58.9358 	EXP 	window1: mouseVisible = False
58.9360 	EXP 	window1: mouseVisible = True
58.9527 	EXP 	window1: mouseVisible = False
58.9531 	EXP 	window1: mouseVisible = True
58.9690 	EXP 	window1: mouseVisible = False
58.9693 	EXP 	window1: mouseVisible = True
58.9859 	EXP 	window1: mouseVisible = False
58.9864 	EXP 	window1: mouseVisible = True
59.0026 	EXP 	window1: mouseVisible = False
59.0029 	EXP 	window1: mouseVisible = True
59.0191 	EXP 	window1: mouseVisible = False
59.0193 	EXP 	window1: mouseVisible = True
59.0358 	EXP 	window1: mouseVisible = False
59.0361 	EXP 	window1: mouseVisible = True
59.0366 	DATA 	Mouse: Left button down, pos=(1780,565)
59.0495 	EXP 	New trial (rep=0, index=4): OrderedDict([('audiofile', 'audio/NV_DE_Neural2-D_Ad-ge-Dr_0.8p.wav'), ('duration', 5.4325), ('noise', 'NV'), ('voice', 'Neural2-D'), ('words', 'Ad-ge-Dr'), ('callSign', 'Ad'), ('colour', 'ge'), ('number', 'Dr'), ('levels', '0.8p'), ('file', 'DE_Neural2-D_Ad-ge-Dr.TextGrid'), ('firstSound_tmin', 0.16712), ('lastSound_tmax', 4.69712), ('token_1_tmin', 0.76712), ('token_1_tmax', 1.34712), ('token_2_tmin', 2.49712), ('token_2_tmax', 2.76712), ('token_3_tmin', 3.92712), ('token_3_tmax', 4.36712)])
59.1022 	EXP 	number1: texRes = 128
59.1022 	EXP 	number2: texRes = 128
59.1022 	EXP 	number4: texRes = 128
59.1022 	EXP 	blankScreenAfterResponse: autoDraw = True
59.1022 	EXP 	blankScreen: autoDraw = False
59.1022 	EXP 	call1: autoDraw = False
59.1022 	EXP 	call2: autoDraw = False
59.1022 	EXP 	call3: autoDraw = False
59.1022 	EXP 	call4: autoDraw = False
59.1022 	EXP 	colour1: autoDraw = False
59.1022 	EXP 	colour2: autoDraw = False
59.1022 	EXP 	colour3: autoDraw = False
59.1022 	EXP 	colour4: autoDraw = False
59.1022 	EXP 	number1: autoDraw = False
59.1022 	EXP 	number2: autoDraw = False
59.1022 	EXP 	number3: autoDraw = False
59.1022 	EXP 	number4: autoDraw = False
59.1022 	EXP 	blankScreenAfterResponse: autoDraw = False
59.1022 	EXP 	fixation: autoDraw = True
59.1213 	DATA 	Mouse:  Left button up, pos=(1783,568)
63.2914 	DATA 	Mouse: Left button down, pos=(1469,781)
63.4584 	DATA 	Mouse:  Left button up, pos=(1469,781)
64.5874 	EXP 	window1: mouseVisible = False
64.5959 	EXP 	fixation: autoDraw = False
64.5959 	EXP 	screenAfterAudio: autoDraw = True
64.5959 	EXP 	screenAfterAudio: autoDraw = False
64.5959 	EXP 	fixation: autoDraw = False
64.5959 	EXP 	screenAfterAudio: autoDraw = False
64.5959 	EXP 	call1: texRes = 128
64.5959 	EXP 	call2: texRes = 128
64.5959 	EXP 	call3: texRes = 128
64.5959 	EXP 	call4: texRes = 128
64.5959 	EXP 	colour1: texRes = 128
64.5959 	EXP 	colour2: texRes = 128
64.5959 	EXP 	colour3: texRes = 128
64.5959 	EXP 	colour4: texRes = 128
64.5959 	EXP 	number1: texRes = 128
64.5959 	EXP 	number2: texRes = 128
64.5959 	EXP 	number3: texRes = 128
64.5959 	EXP 	number4: texRes = 128
64.5959 	EXP 	blankScreen: autoDraw = True
64.5960 	EXP 	window1: mouseVisible = False
64.6135 	EXP 	window1: mouseVisible = False
64.6297 	EXP 	window1: mouseVisible = False
64.6463 	EXP 	window1: mouseVisible = False
64.6627 	EXP 	window1: mouseVisible = False
64.6794 	EXP 	window1: mouseVisible = False
64.6961 	EXP 	window1: mouseVisible = False
64.7129 	EXP 	window1: mouseVisible = False
64.7294 	EXP 	window1: mouseVisible = False
64.7463 	EXP 	window1: mouseVisible = False
64.7631 	EXP 	window1: mouseVisible = False
64.7796 	EXP 	window1: mouseVisible = False
64.7961 	EXP 	window1: mouseVisible = False
64.8132 	EXP 	window1: mouseVisible = False
64.8296 	EXP 	window1: mouseVisible = False
64.8463 	EXP 	window1: mouseVisible = False
64.8632 	EXP 	window1: mouseVisible = False
64.8796 	EXP 	window1: mouseVisible = False
64.8964 	EXP 	window1: mouseVisible = False
64.9132 	EXP 	window1: mouseVisible = False
64.9296 	EXP 	window1: mouseVisible = False
64.9464 	EXP 	window1: mouseVisible = False
64.9629 	EXP 	window1: mouseVisible = False
64.9798 	EXP 	window1: mouseVisible = False
64.9964 	EXP 	window1: mouseVisible = False
65.0131 	EXP 	window1: mouseVisible = False
65.0298 	EXP 	window1: mouseVisible = False
65.0465 	EXP 	window1: mouseVisible = False
65.0628 	EXP 	window1: mouseVisible = False
65.0801 	EXP 	window1: mouseVisible = False
65.0970 	EXP 	window1: mouseVisible = False
65.1129 	EXP 	window1: mouseVisible = False
65.1299 	EXP 	window1: mouseVisible = False
65.1467 	EXP 	window1: mouseVisible = False
65.1633 	EXP 	window1: mouseVisible = False
65.1799 	EXP 	window1: mouseVisible = False
65.1965 	EXP 	window1: mouseVisible = False
65.2130 	EXP 	window1: mouseVisible = False
65.2298 	EXP 	window1: mouseVisible = False
65.2466 	EXP 	window1: mouseVisible = False
65.2636 	EXP 	window1: mouseVisible = False
65.2797 	EXP 	window1: mouseVisible = False
65.2970 	EXP 	window1: mouseVisible = False
65.3136 	EXP 	window1: mouseVisible = False
65.3302 	EXP 	window1: mouseVisible = False
65.3476 	EXP 	window1: mouseVisible = False
65.3630 	EXP 	window1: mouseVisible = False
65.3802 	EXP 	window1: mouseVisible = False
65.3965 	EXP 	window1: mouseVisible = False
65.4129 	EXP 	window1: mouseVisible = False
65.4299 	EXP 	window1: mouseVisible = False
65.4471 	EXP 	window1: mouseVisible = False
65.4633 	EXP 	window1: mouseVisible = False
65.4804 	EXP 	window1: mouseVisible = False
65.4967 	EXP 	window1: mouseVisible = False
65.5137 	EXP 	window1: mouseVisible = False
65.5303 	EXP 	window1: mouseVisible = False
65.5467 	EXP 	window1: mouseVisible = False
65.5634 	EXP 	window1: mouseVisible = False
65.5802 	EXP 	window1: mouseVisible = False
65.6075 	EXP 	blankScreen: autoDraw = False
65.6075 	EXP 	call1: autoDraw = True
65.6075 	EXP 	call2: autoDraw = True
65.6075 	EXP 	call3: autoDraw = True
65.6075 	EXP 	call4: autoDraw = True
65.6075 	EXP 	colour1: autoDraw = True
65.6075 	EXP 	colour2: autoDraw = True
65.6075 	EXP 	colour3: autoDraw = True
65.6075 	EXP 	colour4: autoDraw = True
65.6075 	EXP 	number1: autoDraw = True
65.6075 	EXP 	number2: autoDraw = True
65.6075 	EXP 	number3: autoDraw = True
65.6075 	EXP 	number4: autoDraw = True
65.6077 	EXP 	window1: mouseVisible = False
65.6079 	EXP 	window1: mouseVisible = True
65.6251 	EXP 	window1: mouseVisible = False
65.6254 	EXP 	window1: mouseVisible = True
65.6421 	EXP 	window1: mouseVisible = False
65.6424 	EXP 	window1: mouseVisible = True
65.6578 	EXP 	window1: mouseVisible = False
65.6580 	EXP 	window1: mouseVisible = True
65.6747 	EXP 	window1: mouseVisible = False
65.6749 	EXP 	window1: mouseVisible = True
65.6912 	EXP 	window1: mouseVisible = False
65.6915 	EXP 	window1: mouseVisible = True
65.7077 	EXP 	window1: mouseVisible = False
65.7080 	EXP 	window1: mouseVisible = True
65.7247 	EXP 	window1: mouseVisible = False
65.7250 	EXP 	window1: mouseVisible = True
65.7412 	EXP 	window1: mouseVisible = False
65.7415 	EXP 	window1: mouseVisible = True
65.7578 	EXP 	window1: mouseVisible = False
65.7582 	EXP 	window1: mouseVisible = True
65.7749 	EXP 	window1: mouseVisible = False
65.7751 	EXP 	window1: mouseVisible = True
65.7912 	EXP 	window1: mouseVisible = False
65.7916 	EXP 	window1: mouseVisible = True
65.8078 	EXP 	window1: mouseVisible = False
65.8080 	EXP 	window1: mouseVisible = True
65.8247 	EXP 	window1: mouseVisible = False
65.8251 	EXP 	window1: mouseVisible = True
65.8413 	EXP 	window1: mouseVisible = False
65.8415 	EXP 	window1: mouseVisible = True
65.8581 	EXP 	window1: mouseVisible = False
65.8585 	EXP 	window1: mouseVisible = True
65.8749 	EXP 	window1: mouseVisible = False
65.8752 	EXP 	window1: mouseVisible = True
65.8916 	EXP 	window1: mouseVisible = False
65.8918 	EXP 	window1: mouseVisible = True
65.9079 	EXP 	window1: mouseVisible = False
65.9081 	EXP 	window1: mouseVisible = True
65.9250 	EXP 	window1: mouseVisible = False
65.9253 	EXP 	window1: mouseVisible = True
65.9415 	EXP 	window1: mouseVisible = False
65.9417 	EXP 	window1: mouseVisible = True
65.9582 	EXP 	window1: mouseVisible = False
65.9585 	EXP 	window1: mouseVisible = True
65.9749 	EXP 	window1: mouseVisible = False
65.9752 	EXP 	window1: mouseVisible = True
65.9916 	EXP 	window1: mouseVisible = False
65.9918 	EXP 	window1: mouseVisible = True
66.0080 	EXP 	window1: mouseVisible = False
66.0083 	EXP 	window1: mouseVisible = True
66.0253 	EXP 	window1: mouseVisible = False
66.0255 	EXP 	window1: mouseVisible = True
66.0417 	EXP 	window1: mouseVisible = False
66.0420 	EXP 	window1: mouseVisible = True
66.0581 	EXP 	window1: mouseVisible = False
66.0583 	EXP 	window1: mouseVisible = True
66.0748 	EXP 	window1: mouseVisible = False
66.0750 	EXP 	window1: mouseVisible = True
66.0916 	EXP 	window1: mouseVisible = False
66.0919 	EXP 	window1: mouseVisible = True
66.1081 	EXP 	window1: mouseVisible = False
66.1083 	EXP 	window1: mouseVisible = True
66.1251 	EXP 	window1: mouseVisible = False
66.1254 	EXP 	window1: mouseVisible = True
66.1417 	EXP 	window1: mouseVisible = False
66.1419 	EXP 	window1: mouseVisible = True
66.1582 	EXP 	window1: mouseVisible = False
66.1585 	EXP 	window1: mouseVisible = True
66.1750 	EXP 	window1: mouseVisible = False
66.1753 	EXP 	window1: mouseVisible = True
66.1918 	EXP 	window1: mouseVisible = False
66.1921 	EXP 	window1: mouseVisible = True
66.2082 	EXP 	window1: mouseVisible = False
66.2085 	EXP 	window1: mouseVisible = True
66.2250 	EXP 	window1: mouseVisible = False
66.2252 	EXP 	window1: mouseVisible = True
66.2420 	EXP 	window1: mouseVisible = False
66.2422 	EXP 	window1: mouseVisible = True
66.2585 	EXP 	window1: mouseVisible = False
66.2590 	EXP 	window1: mouseVisible = True
66.2752 	EXP 	window1: mouseVisible = False
66.2755 	EXP 	window1: mouseVisible = True
66.2919 	EXP 	window1: mouseVisible = False
66.2922 	EXP 	window1: mouseVisible = True
66.3085 	EXP 	window1: mouseVisible = False
66.3089 	EXP 	window1: mouseVisible = True
66.3253 	EXP 	window1: mouseVisible = False
66.3255 	EXP 	window1: mouseVisible = True
66.3419 	EXP 	window1: mouseVisible = False
66.3421 	EXP 	window1: mouseVisible = True
66.3584 	EXP 	window1: mouseVisible = False
66.3587 	EXP 	window1: mouseVisible = True
66.3749 	EXP 	window1: mouseVisible = False
66.3751 	EXP 	window1: mouseVisible = True
66.3754 	DATA 	Mouse: Left button down, pos=(737,1128)
66.4083 	EXP 	call2: texRes = 128
66.4083 	EXP 	call3: texRes = 128
66.4083 	EXP 	call4: texRes = 128
66.4085 	EXP 	window1: mouseVisible = False
66.4087 	EXP 	window1: mouseVisible = True
66.4254 	EXP 	window1: mouseVisible = False
66.4256 	EXP 	window1: mouseVisible = True
66.4420 	EXP 	window1: mouseVisible = False
66.4423 	EXP 	window1: mouseVisible = True
66.4585 	EXP 	window1: mouseVisible = False
66.4589 	EXP 	window1: mouseVisible = True
66.4756 	EXP 	window1: mouseVisible = False
66.4758 	EXP 	window1: mouseVisible = True
66.4920 	EXP 	window1: mouseVisible = False
66.4924 	EXP 	window1: mouseVisible = True
66.5086 	EXP 	window1: mouseVisible = False
66.5089 	EXP 	window1: mouseVisible = True
66.5092 	DATA 	Mouse:  Left button up, pos=(736,1129)
66.5251 	EXP 	window1: mouseVisible = False
66.5253 	EXP 	window1: mouseVisible = True
66.5422 	EXP 	window1: mouseVisible = False
66.5424 	EXP 	window1: mouseVisible = True
66.5584 	EXP 	window1: mouseVisible = False
66.5587 	EXP 	window1: mouseVisible = True
66.5754 	EXP 	window1: mouseVisible = False
66.5756 	EXP 	window1: mouseVisible = True
66.5918 	EXP 	window1: mouseVisible = False
66.5921 	EXP 	window1: mouseVisible = True
66.6086 	EXP 	window1: mouseVisible = False
66.6089 	EXP 	window1: mouseVisible = True
66.6253 	EXP 	window1: mouseVisible = False
66.6255 	EXP 	window1: mouseVisible = True
66.6421 	EXP 	window1: mouseVisible = False
66.6424 	EXP 	window1: mouseVisible = True
66.6587 	EXP 	window1: mouseVisible = False
66.6590 	EXP 	window1: mouseVisible = True
66.6755 	EXP 	window1: mouseVisible = False
66.6757 	EXP 	window1: mouseVisible = True
66.6921 	EXP 	window1: mouseVisible = False
66.6924 	EXP 	window1: mouseVisible = True
66.7090 	EXP 	window1: mouseVisible = False
66.7092 	EXP 	window1: mouseVisible = True
66.7256 	EXP 	window1: mouseVisible = False
66.7259 	EXP 	window1: mouseVisible = True
66.7420 	EXP 	window1: mouseVisible = False
66.7423 	EXP 	window1: mouseVisible = True
66.7587 	EXP 	window1: mouseVisible = False
66.7589 	EXP 	window1: mouseVisible = True
66.7756 	EXP 	window1: mouseVisible = False
66.7759 	EXP 	window1: mouseVisible = True
66.7921 	EXP 	window1: mouseVisible = False
66.7924 	EXP 	window1: mouseVisible = True
66.8088 	EXP 	window1: mouseVisible = False
66.8091 	EXP 	window1: mouseVisible = True
66.8257 	EXP 	window1: mouseVisible = False
66.8259 	EXP 	window1: mouseVisible = True
66.8422 	EXP 	window1: mouseVisible = False
66.8424 	EXP 	window1: mouseVisible = True
66.8589 	EXP 	window1: mouseVisible = False
66.8591 	EXP 	window1: mouseVisible = True
66.8755 	EXP 	window1: mouseVisible = False
66.8759 	EXP 	window1: mouseVisible = True
66.8766 	DATA 	Mouse: Left button down, pos=(1357,592)
66.9089 	EXP 	colour1: texRes = 128
66.9089 	EXP 	colour2: texRes = 128
66.9089 	EXP 	colour4: texRes = 128
66.9091 	EXP 	window1: mouseVisible = False
66.9093 	EXP 	window1: mouseVisible = True
66.9258 	EXP 	window1: mouseVisible = False
66.9260 	EXP 	window1: mouseVisible = True
66.9421 	EXP 	window1: mouseVisible = False
66.9424 	EXP 	window1: mouseVisible = True
66.9588 	EXP 	window1: mouseVisible = False
66.9591 	EXP 	window1: mouseVisible = True
66.9757 	EXP 	window1: mouseVisible = False
66.9762 	EXP 	window1: mouseVisible = True
66.9787 	DATA 	Mouse:  Left button up, pos=(1358,592)
66.9924 	EXP 	window1: mouseVisible = False
66.9928 	EXP 	window1: mouseVisible = True
67.0089 	EXP 	window1: mouseVisible = False
67.0092 	EXP 	window1: mouseVisible = True
67.0257 	EXP 	window1: mouseVisible = False
67.0259 	EXP 	window1: mouseVisible = True
67.0424 	EXP 	window1: mouseVisible = False
67.0426 	EXP 	window1: mouseVisible = True
67.0591 	EXP 	window1: mouseVisible = False
67.0595 	EXP 	window1: mouseVisible = True
67.0760 	EXP 	window1: mouseVisible = False
67.0763 	EXP 	window1: mouseVisible = True
67.0926 	EXP 	window1: mouseVisible = False
67.0928 	EXP 	window1: mouseVisible = True
67.1091 	EXP 	window1: mouseVisible = False
67.1093 	EXP 	window1: mouseVisible = True
67.1257 	EXP 	window1: mouseVisible = False
67.1259 	EXP 	window1: mouseVisible = True
67.1425 	EXP 	window1: mouseVisible = False
67.1428 	EXP 	window1: mouseVisible = True
67.1591 	EXP 	window1: mouseVisible = False
67.1594 	EXP 	window1: mouseVisible = True
67.1760 	EXP 	window1: mouseVisible = False
67.1763 	EXP 	window1: mouseVisible = True
67.1925 	EXP 	window1: mouseVisible = False
67.1927 	EXP 	window1: mouseVisible = True
67.2092 	EXP 	window1: mouseVisible = False
67.2095 	EXP 	window1: mouseVisible = True
67.2260 	EXP 	window1: mouseVisible = False
67.2263 	EXP 	window1: mouseVisible = True
67.2427 	EXP 	window1: mouseVisible = False
67.2430 	EXP 	window1: mouseVisible = True
67.2594 	EXP 	window1: mouseVisible = False
67.2597 	EXP 	window1: mouseVisible = True
67.2760 	EXP 	window1: mouseVisible = False
67.2762 	EXP 	window1: mouseVisible = True
67.2925 	EXP 	window1: mouseVisible = False
67.2927 	EXP 	window1: mouseVisible = True
67.3093 	EXP 	window1: mouseVisible = False
67.3096 	EXP 	window1: mouseVisible = True
67.3261 	EXP 	window1: mouseVisible = False
67.3265 	EXP 	window1: mouseVisible = True
67.3427 	EXP 	window1: mouseVisible = False
67.3430 	EXP 	window1: mouseVisible = True
67.3594 	EXP 	window1: mouseVisible = False
67.3597 	EXP 	window1: mouseVisible = True
67.3761 	EXP 	window1: mouseVisible = False
67.3764 	EXP 	window1: mouseVisible = True
67.3926 	EXP 	window1: mouseVisible = False
67.3928 	EXP 	window1: mouseVisible = True
67.4094 	EXP 	window1: mouseVisible = False
67.4096 	EXP 	window1: mouseVisible = True
67.4262 	EXP 	window1: mouseVisible = False
67.4264 	EXP 	window1: mouseVisible = True
67.4430 	EXP 	window1: mouseVisible = False
67.4432 	EXP 	window1: mouseVisible = True
67.4597 	EXP 	window1: mouseVisible = False
67.4599 	EXP 	window1: mouseVisible = True
67.4761 	EXP 	window1: mouseVisible = False
67.4765 	EXP 	window1: mouseVisible = True
67.4790 	DATA 	Mouse: Left button down, pos=(1778,1139)
67.4930 	EXP 	window1: mouseVisible = False
67.4934 	EXP 	window1: mouseVisible = True
67.5066 	EXP 	New trial (rep=0, index=5): OrderedDict([('audiofile', 'audio/NV_DE_Neural2-D_Ad-ge-Dr_0.85p.wav'), ('duration', 5.4325), ('noise', 'NV'), ('voice', 'Neural2-D'), ('words', 'Ad-ge-Dr'), ('callSign', 'Ad'), ('colour', 'ge'), ('number', 'Dr'), ('levels', '0.85p'), ('file', 'DE_Neural2-D_Ad-ge-Dr.TextGrid'), ('firstSound_tmin', 0.16712), ('lastSound_tmax', 4.69712), ('token_1_tmin', 0.76712), ('token_1_tmax', 1.34712), ('token_2_tmin', 2.49712), ('token_2_tmax', 2.76712), ('token_3_tmin', 3.92712), ('token_3_tmax', 4.36712)])
67.7843 	DATA 	Mouse:  Left button up, pos=(1778,1139)
67.7928 	EXP 	number2: texRes = 128
67.7928 	EXP 	number3: texRes = 128
67.7928 	EXP 	number4: texRes = 128
67.7928 	EXP 	blankScreenAfterResponse: autoDraw = True
67.7928 	EXP 	blankScreen: autoDraw = False
67.7928 	EXP 	call1: autoDraw = False
67.7928 	EXP 	call2: autoDraw = False
67.7928 	EXP 	call3: autoDraw = False
67.7928 	EXP 	call4: autoDraw = False
67.7928 	EXP 	colour1: autoDraw = False
67.7928 	EXP 	colour2: autoDraw = False
67.7928 	EXP 	colour3: autoDraw = False
67.7928 	EXP 	colour4: autoDraw = False
67.7928 	EXP 	number1: autoDraw = False
67.7928 	EXP 	number2: autoDraw = False
67.7928 	EXP 	number3: autoDraw = False
67.7928 	EXP 	number4: autoDraw = False
67.7928 	EXP 	blankScreenAfterResponse: autoDraw = False
67.7928 	EXP 	fixation: autoDraw = True
69.7635 	DATA 	Keypress: escape
71.9695 	EXP 	window1: mouseVisible = True
