1.3661 	WARNING 	We strongly recommend you activate the PTB sound engine in PsychoPy prefs as the preferred audio engine. Its timing is vastly superior. Your prefs are currently set to use ['sounddevice', 'PTB', 'pyo', 'pygame'] (in that order).
6.3061 	EXP 	Created window1 = Window(allowGUI=True, allowStencil=False, autoLog=True, backendConf=UNKNOWN, bitsMode=UNKNOWN, blendMode='avg', bpc=(8, 8, 8), color=array([0, 0, 0]), colorSpace='rgb', depthBits=8, fullscr=<method-wrapper '__getattribute__' of attributeSetter object at 0x000002DEBEAFC640>, gamma=None, gammaErrorPolicy='raise', lms=UNKNOWN, monitor=<psychopy.monitors.calibTools.Monitor object at 0x000002DEE597D190>, multiSample=False, name='window1', numSamples=2, pos=(2560, 0), screen=1, size=array([2560, 1440]), stencilBits=0, stereo=False, units='height', useFBO=True, useRetina=False, viewOri=0.0, viewPos=None, viewScale=None, waitBlanking=True, winType='pyglet')
6.3062 	EXP 	window1: mouseVisible = True
6.3062 	EXP 	window1: mouseVisible = False
6.3062 	EXP 	window1: Attempting to measure frame rate of screen (1) ...
6.3063 	EXP 	window1: recordFrameIntervals = False
6.4732 	EXP 	window1: recordFrameIntervals = True
6.6564 	EXP 	Screen (1) actual frame rate measured at 60.01Hz
6.6565 	EXP 	window1: recordFrameIntervals = False
8.1832 	EXP 	Created instrTrainText = TextStim(__class__=<class 'psychopy.visual.text.TextStim'>, alignHoriz=method-wrapper(...), alignText='center', alignVert=method-wrapper(...), anchorHoriz='center', anchorVert='center', antialias=True, autoDraw=False, autoLog=True, bold=False, color=array([1., 1., 1.]), colorSpace='rgb', contrast=1.0, depth=-1.0, flipHoriz=False, flipVert=False, font='Arial', fontFiles=[], height=0.04, italic=False, languageStyle='LTR', name='instrTrainText', opacity=1.0, ori=0, pos=array([0., 0.]), rgb=UNKNOWN, text=str(...), units='height', win=Window(...), wrapWidth=1.5)
8.1913 	EXP 	Sound sound_1 set volume 1.000
8.1945 	EXP 	Created fixation = ShapeStim(__class__=<class 'psychopy.visual.shape.ShapeStim'>, anchor=('center', 'center'), autoDraw=False, autoLog=True, closeShape=True, color=method-wrapper(...), colorSpace='rgb', contrast=None, depth=-2.0, fillColor=array([1, 1, 1]), fillColorSpace='rgb', fillRGB=array([1, 1, 1]), interpolate=True, lineColor=array([1., 1., 1.]), lineColorSpace='rgb', lineRGB=array([1, 1, 1]), lineWidth=0.5, name='fixation', opacity=0.75, ori=0.0, pos=array([0., 0.]), size=array([0.05, 0.05]), units='height', vertices=ndarray(...), win=Window(...), windingRule=None)
8.2133 	EXP 	Created screenAfterAudio = ImageStim(__class__=<class 'psychopy.visual.image.ImageStim'>, anchor=('center', 'center'), autoLog=True, color=array([1., 1., 1.]), colorSpace='rgb', contrast=1.0, depth=-3.0, flipHoriz=False, flipVert=False, image='images/grayScreen.png', interpolate=True, mask=None, maskParams=None, name='screenAfterAudio', opacity=1.0, ori=0.0, pos=array([0., 0.]), size=array([0.5, 0.5]), texRes=128.0, units='height', win=Window(...))
8.2257 	EXP 	Created blankScreen = ImageStim(__class__=<class 'psychopy.visual.image.ImageStim'>, anchor=('center', 'center'), autoLog=True, color=array([1., 1., 1.]), colorSpace='rgb', contrast=1.0, depth=-4.0, flipHoriz=False, flipVert=False, image='images/grayScreen.png', interpolate=True, mask=None, maskParams=None, name='blankScreen', opacity=1.0, ori=0.0, pos=array([0., 0.]), size=array([1920., 1080.]), texRes=128, units='height', win=Window(...))
8.3330 	EXP 	Created call1 = ImageStim(__class__=<class 'psychopy.visual.image.ImageStim'>, anchor=('center', 'center'), autoLog=True, color=array([1., 1., 1.]), colorSpace='rgb', contrast=1.0, depth=-5.0, flipHoriz=False, flipVert=False, image='images/adler.png', interpolate=True, mask=None, maskParams=None, name='call1', opacity=1.0, ori=0.0, pos=array([-0.4   ,  0.3125]), size=array([0.18, 0.18]), texRes=128, units='height', win=Window(...))
8.4382 	EXP 	Created call2 = ImageStim(__class__=<class 'psychopy.visual.image.ImageStim'>, anchor=('center', 'center'), autoLog=True, color=array([1., 1., 1.]), colorSpace='rgb', contrast=1.0, depth=-6.0, flipHoriz=False, flipVert=False, image='images/drossel.png', interpolate=True, mask=None, maskParams=None, name='call2', opacity=1.0, ori=0.0, pos=array([-0.4       ,  0.10416667]), size=array([0.18, 0.18]), texRes=128, units='height', win=Window(...))
8.5495 	EXP 	Created call3 = ImageStim(__class__=<class 'psychopy.visual.image.ImageStim'>, anchor=('center', 'center'), autoLog=True, color=array([1., 1., 1.]), colorSpace='rgb', contrast=1.0, depth=-7.0, flipHoriz=False, flipVert=False, image='images/tiger.png', interpolate=True, mask=None, maskParams=None, name='call3', opacity=1.0, ori=0.0, pos=array([-0.4       , -0.10416667]), size=array([0.18, 0.18]), texRes=128, units='height', win=Window(...))
8.6610 	EXP 	Created call4 = ImageStim(__class__=<class 'psychopy.visual.image.ImageStim'>, anchor=('center', 'center'), autoLog=True, color=array([1., 1., 1.]), colorSpace='rgb', contrast=1.0, depth=-8.0, flipHoriz=False, flipVert=False, image='images/kroete.png', interpolate=True, mask=None, maskParams=None, name='call4', opacity=1.0, ori=0.0, pos=array([-0.4   , -0.3125]), size=array([0.18, 0.18]), texRes=128, units='height', win=Window(...))
8.6809 	EXP 	Created colour1 = ImageStim(__class__=<class 'psychopy.visual.image.ImageStim'>, anchor=('center', 'center'), autoLog=True, color=array([1., 1., 1.]), colorSpace='rgb', contrast=1.0, depth=-9.0, flipHoriz=False, flipVert=False, image='images/gelb.png', interpolate=True, mask=None, maskParams=None, name='colour1', opacity=1.0, ori=0.0, pos=array([0.    , 0.3125]), size=array([0.18, 0.18]), texRes=128, units='height', win=Window(...))
8.7006 	EXP 	Created colour2 = ImageStim(__class__=<class 'psychopy.visual.image.ImageStim'>, anchor=('center', 'center'), autoLog=True, color=array([1., 1., 1.]), colorSpace='rgb', contrast=1.0, depth=-10.0, flipHoriz=False, flipVert=False, image='images/gruen.png', interpolate=True, mask=None, maskParams=None, name='colour2', opacity=1.0, ori=0.0, pos=array([0.        , 0.10416667]), size=array([0.18, 0.18]), texRes=128, units='height', win=Window(...))
8.7198 	EXP 	Created colour3 = ImageStim(__class__=<class 'psychopy.visual.image.ImageStim'>, anchor=('center', 'center'), autoLog=True, color=array([1., 1., 1.]), colorSpace='rgb', contrast=1.0, depth=-11.0, flipHoriz=False, flipVert=False, image='images/rot.png', interpolate=True, mask=None, maskParams=None, name='colour3', opacity=1.0, ori=0.0, pos=array([ 0.        , -0.10416667]), size=array([0.18, 0.18]), texRes=128, units='height', win=Window(...))
8.7400 	EXP 	Created colour4 = ImageStim(__class__=<class 'psychopy.visual.image.ImageStim'>, anchor=('center', 'center'), autoLog=True, color=array([1., 1., 1.]), colorSpace='rgb', contrast=1.0, depth=-12.0, flipHoriz=False, flipVert=False, image='images/weiss.png', interpolate=True, mask=None, maskParams=None, name='colour4', opacity=1.0, ori=0.0, pos=array([ 0.    , -0.3125]), size=array([0.18, 0.18]), texRes=128, units='height', win=Window(...))
8.7586 	EXP 	Created number1 = ImageStim(__class__=<class 'psychopy.visual.image.ImageStim'>, anchor=('center', 'center'), autoLog=True, color=array([1., 1., 1.]), colorSpace='rgb', contrast=1.0, depth=-13.0, flipHoriz=False, flipVert=False, image='images/1.png', interpolate=True, mask=None, maskParams=None, name='number1', opacity=1.0, ori=0.0, pos=array([0.4   , 0.3125]), size=array([0.18, 0.18]), texRes=128, units='height', win=Window(...))
8.7777 	EXP 	Created number2 = ImageStim(__class__=<class 'psychopy.visual.image.ImageStim'>, anchor=('center', 'center'), autoLog=True, color=array([1., 1., 1.]), colorSpace='rgb', contrast=1.0, depth=-14.0, flipHoriz=False, flipVert=False, image='images/2.png', interpolate=True, mask=None, maskParams=None, name='number2', opacity=1.0, ori=0.0, pos=array([0.4       , 0.10416667]), size=array([0.18, 0.18]), texRes=128, units='height', win=Window(...))
8.7978 	EXP 	Created number3 = ImageStim(__class__=<class 'psychopy.visual.image.ImageStim'>, anchor=('center', 'center'), autoLog=True, color=array([1., 1., 1.]), colorSpace='rgb', contrast=1.0, depth=-15.0, flipHoriz=False, flipVert=False, image='images/3.png', interpolate=True, mask=None, maskParams=None, name='number3', opacity=1.0, ori=0.0, pos=array([ 0.4       , -0.10416667]), size=array([0.18, 0.18]), texRes=128, units='height', win=Window(...))
8.8179 	EXP 	Created number4 = ImageStim(__class__=<class 'psychopy.visual.image.ImageStim'>, anchor=('center', 'center'), autoLog=True, color=array([1., 1., 1.]), colorSpace='rgb', contrast=1.0, depth=-16.0, flipHoriz=False, flipVert=False, image='images/4.png', interpolate=True, mask=None, maskParams=None, name='number4', opacity=1.0, ori=0.0, pos=array([ 0.4   , -0.3125]), size=array([0.18, 0.18]), texRes=128, units='height', win=Window(...))
8.8180 	EXP 	window1: mouseVisible = True
8.8181 	EXP 	window1: mouseVisible = True
8.8182 	EXP 	window1: mouseVisible = True
8.8367 	EXP 	Created blankScreenAfterResponse = ImageStim(__class__=<class 'psychopy.visual.image.ImageStim'>, anchor=('center', 'center'), autoLog=True, color=array([1., 1., 1.]), colorSpace='rgb', contrast=1.0, depth=-26.0, flipHoriz=False, flipVert=False, image='images/blankScreen.png', interpolate=True, mask=None, maskParams=None, name='blankScreenAfterResponse', opacity=1.0, ori=0.0, pos=array([0., 0.]), size=array([1920., 1080.]), texRes=128, units='height', win=Window(...))
8.8482 	EXP 	Created instrExpText = TextStim(__class__=<class 'psychopy.visual.text.TextStim'>, alignHoriz=method-wrapper(...), alignText='center', alignVert=method-wrapper(...), anchorHoriz='center', anchorVert='center', antialias=True, autoDraw=False, autoLog=True, bold=False, color=array([1., 1., 1.]), colorSpace='rgb', contrast=1.0, depth=0.0, flipHoriz=False, flipVert=False, font='Arial', fontFiles=[], height=0.04, italic=False, languageStyle='LTR', name='instrExpText', opacity=1.0, ori=0, pos=array([0., 0.]), rgb=UNKNOWN, text=str(...), units='height', win=Window(...), wrapWidth=1)
8.8544 	EXP 	Created thanksText = TextStim(__class__=<class 'psychopy.visual.text.TextStim'>, alignHoriz=method-wrapper(...), alignText='center', alignVert=method-wrapper(...), anchorHoriz='center', anchorVert='center', antialias=True, autoDraw=False, autoLog=True, bold=False, color=array([1., 1., 1.]), colorSpace='rgb', contrast=1.0, depth=0.0, flipHoriz=False, flipVert=False, font='Arial', fontFiles=[], height=0.04, italic=False, languageStyle='LTR', name='thanksText', opacity=1.0, ori=0, pos=array([0., 0.]), rgb=UNKNOWN, text=str(...), units='height', win=Window(...), wrapWidth=1)
8.8544 	EXP 	window1: mouseVisible = False
8.8743 	EXP 	instrTrainText: autoDraw = True
9.6102 	DATA 	Mouse: Left button down, pos=(1106,447)
9.7434 	DATA 	Mouse:  Left button up, pos=(1106,447)
11.2614 	DATA 	Mouse: Left button down, pos=(1094,451)
11.3946 	DATA 	Mouse:  Left button up, pos=(1094,451)
12.4126 	EXP 	Imported tempStimList.csv as conditions, 1152 conditions, 19 params
12.4161 	EXP 	Created sequence: sequential, trialTypes=1152, nReps=1, seed=None
12.4164 	EXP 	New trial (rep=0, index=0): OrderedDict([('audiofile', 'audio/NV_DE_Neural2-D_Ti-ge-Dr_0.75p.wav'), ('duration', 5.4022), ('noise', 'NV'), ('voice', 'Neural2-D'), ('words', 'Ti-ge-Dr'), ('callSign', 'Ti'), ('colour', 'ge'), ('number', 'Dr'), ('levels', '0.75p'), ('file', 'DE_Neural2-D_Ti-ge-Dr.TextGrid'), ('firstSound_tmin', 0.17712), ('lastSound_tmax', 4.64712), ('token_1_tmin', 0.84712), ('token_1_tmax', 1.32712), ('token_2_tmin', 2.35712), ('token_2_tmax', 2.68712), ('token_3_tmin', 3.82712), ('token_3_tmax', 4.33712), ('RAND_formula', 0.000806393)])
12.4456 	DATA 	Keypress: space
12.4606 	EXP 	instrTrainText: autoDraw = False
12.4606 	EXP 	fixation: autoDraw = True
17.8932 	EXP 	window1: mouseVisible = False
17.9031 	EXP 	fixation: autoDraw = False
17.9031 	EXP 	screenAfterAudio: autoDraw = True
17.9031 	EXP 	screenAfterAudio: autoDraw = False
17.9031 	EXP 	fixation: autoDraw = False
17.9031 	EXP 	screenAfterAudio: autoDraw = False
17.9031 	EXP 	call1: texRes = 128
17.9031 	EXP 	call2: texRes = 128
17.9031 	EXP 	call3: texRes = 128
17.9031 	EXP 	call4: texRes = 128
17.9031 	EXP 	colour1: texRes = 128
17.9031 	EXP 	colour2: texRes = 128
17.9031 	EXP 	colour3: texRes = 128
17.9031 	EXP 	colour4: texRes = 128
17.9031 	EXP 	number1: texRes = 128
17.9031 	EXP 	number2: texRes = 128
17.9031 	EXP 	number3: texRes = 128
17.9031 	EXP 	number4: texRes = 128
17.9031 	EXP 	blankScreen: autoDraw = True
17.9032 	EXP 	window1: mouseVisible = False
17.9202 	EXP 	window1: mouseVisible = False
17.9374 	EXP 	window1: mouseVisible = False
17.9536 	EXP 	window1: mouseVisible = False
17.9704 	EXP 	window1: mouseVisible = False
17.9868 	EXP 	window1: mouseVisible = False
18.0039 	EXP 	window1: mouseVisible = False
18.0203 	EXP 	window1: mouseVisible = False
18.0368 	EXP 	window1: mouseVisible = False
18.0540 	EXP 	window1: mouseVisible = False
18.0705 	EXP 	window1: mouseVisible = False
18.0868 	EXP 	window1: mouseVisible = False
18.1041 	EXP 	window1: mouseVisible = False
18.1207 	EXP 	window1: mouseVisible = False
18.1370 	EXP 	window1: mouseVisible = False
18.1544 	EXP 	window1: mouseVisible = False
18.1711 	EXP 	window1: mouseVisible = False
18.1874 	EXP 	window1: mouseVisible = False
18.2036 	EXP 	window1: mouseVisible = False
18.2209 	EXP 	window1: mouseVisible = False
18.2374 	EXP 	window1: mouseVisible = False
18.2542 	EXP 	window1: mouseVisible = False
18.2707 	EXP 	window1: mouseVisible = False
18.2874 	EXP 	window1: mouseVisible = False
18.3042 	EXP 	window1: mouseVisible = False
18.3206 	EXP 	window1: mouseVisible = False
18.3378 	EXP 	window1: mouseVisible = False
18.3541 	EXP 	window1: mouseVisible = False
18.3708 	EXP 	window1: mouseVisible = False
18.3872 	EXP 	window1: mouseVisible = False
18.4040 	EXP 	window1: mouseVisible = False
18.4207 	EXP 	window1: mouseVisible = False
18.4377 	EXP 	window1: mouseVisible = False
18.4540 	EXP 	window1: mouseVisible = False
18.4709 	EXP 	window1: mouseVisible = False
18.4878 	EXP 	window1: mouseVisible = False
18.5043 	EXP 	window1: mouseVisible = False
18.5208 	EXP 	window1: mouseVisible = False
18.5375 	EXP 	window1: mouseVisible = False
18.5540 	EXP 	window1: mouseVisible = False
18.5711 	EXP 	window1: mouseVisible = False
18.5877 	EXP 	window1: mouseVisible = False
18.6041 	EXP 	window1: mouseVisible = False
18.6209 	EXP 	window1: mouseVisible = False
18.6377 	EXP 	window1: mouseVisible = False
18.6547 	EXP 	window1: mouseVisible = False
18.6708 	EXP 	window1: mouseVisible = False
18.6877 	EXP 	window1: mouseVisible = False
18.7040 	EXP 	window1: mouseVisible = False
18.7213 	EXP 	window1: mouseVisible = False
18.7379 	EXP 	window1: mouseVisible = False
18.7541 	EXP 	window1: mouseVisible = False
18.7715 	EXP 	window1: mouseVisible = False
18.7877 	EXP 	window1: mouseVisible = False
18.8041 	EXP 	window1: mouseVisible = False
18.8211 	EXP 	window1: mouseVisible = False
18.8382 	EXP 	window1: mouseVisible = False
18.8542 	EXP 	window1: mouseVisible = False
18.8713 	EXP 	window1: mouseVisible = False
18.8882 	EXP 	window1: mouseVisible = False
18.9018 	EXP 	blankScreen: autoDraw = False
18.9018 	EXP 	call1: autoDraw = True
18.9018 	EXP 	call2: autoDraw = True
18.9018 	EXP 	call3: autoDraw = True
18.9018 	EXP 	call4: autoDraw = True
18.9018 	EXP 	colour1: autoDraw = True
18.9018 	EXP 	colour2: autoDraw = True
18.9018 	EXP 	colour3: autoDraw = True
18.9018 	EXP 	colour4: autoDraw = True
18.9018 	EXP 	number1: autoDraw = True
18.9018 	EXP 	number2: autoDraw = True
18.9018 	EXP 	number3: autoDraw = True
18.9018 	EXP 	number4: autoDraw = True
18.9020 	EXP 	window1: mouseVisible = False
18.9023 	EXP 	window1: mouseVisible = True
18.9191 	EXP 	window1: mouseVisible = False
18.9193 	EXP 	window1: mouseVisible = True
18.9361 	EXP 	window1: mouseVisible = False
18.9363 	EXP 	window1: mouseVisible = True
18.9526 	EXP 	window1: mouseVisible = False
18.9528 	EXP 	window1: mouseVisible = True
18.9692 	EXP 	window1: mouseVisible = False
18.9694 	EXP 	window1: mouseVisible = True
18.9861 	EXP 	window1: mouseVisible = False
18.9862 	EXP 	window1: mouseVisible = True
19.0026 	EXP 	window1: mouseVisible = False
19.0028 	EXP 	window1: mouseVisible = True
19.0192 	EXP 	window1: mouseVisible = False
19.0193 	EXP 	window1: mouseVisible = True
19.0364 	EXP 	window1: mouseVisible = False
19.0367 	EXP 	window1: mouseVisible = True
19.0528 	EXP 	window1: mouseVisible = False
19.0530 	EXP 	window1: mouseVisible = True
19.0693 	EXP 	window1: mouseVisible = False
19.0694 	EXP 	window1: mouseVisible = True
19.0859 	EXP 	window1: mouseVisible = False
19.0861 	EXP 	window1: mouseVisible = True
19.1024 	EXP 	window1: mouseVisible = False
19.1026 	EXP 	window1: mouseVisible = True
19.1192 	EXP 	window1: mouseVisible = False
19.1194 	EXP 	window1: mouseVisible = True
19.1366 	EXP 	window1: mouseVisible = False
19.1368 	EXP 	window1: mouseVisible = True
19.1525 	EXP 	window1: mouseVisible = False
19.1527 	EXP 	window1: mouseVisible = True
19.1696 	EXP 	window1: mouseVisible = False
19.1697 	EXP 	window1: mouseVisible = True
19.1861 	EXP 	window1: mouseVisible = False
19.1863 	EXP 	window1: mouseVisible = True
19.2025 	EXP 	window1: mouseVisible = False
19.2027 	EXP 	window1: mouseVisible = True
19.2194 	EXP 	window1: mouseVisible = False
19.2196 	EXP 	window1: mouseVisible = True
19.2361 	EXP 	window1: mouseVisible = False
19.2363 	EXP 	window1: mouseVisible = True
19.2527 	EXP 	window1: mouseVisible = False
19.2529 	EXP 	window1: mouseVisible = True
19.2693 	EXP 	window1: mouseVisible = False
19.2695 	EXP 	window1: mouseVisible = True
19.2863 	EXP 	window1: mouseVisible = False
19.2865 	EXP 	window1: mouseVisible = True
19.3027 	EXP 	window1: mouseVisible = False
19.3030 	EXP 	window1: mouseVisible = True
19.3194 	EXP 	window1: mouseVisible = False
19.3196 	EXP 	window1: mouseVisible = True
19.3362 	EXP 	window1: mouseVisible = False
19.3364 	EXP 	window1: mouseVisible = True
19.3527 	EXP 	window1: mouseVisible = False
19.3529 	EXP 	window1: mouseVisible = True
19.3697 	EXP 	window1: mouseVisible = False
19.3699 	EXP 	window1: mouseVisible = True
19.3864 	EXP 	window1: mouseVisible = False
19.3866 	EXP 	window1: mouseVisible = True
19.4027 	EXP 	window1: mouseVisible = False
19.4029 	EXP 	window1: mouseVisible = True
19.4196 	EXP 	window1: mouseVisible = False
19.4198 	EXP 	window1: mouseVisible = True
19.4362 	EXP 	window1: mouseVisible = False
19.4365 	EXP 	window1: mouseVisible = True
19.4528 	EXP 	window1: mouseVisible = False
19.4529 	EXP 	window1: mouseVisible = True
19.4697 	EXP 	window1: mouseVisible = False
19.4699 	EXP 	window1: mouseVisible = True
19.4861 	EXP 	window1: mouseVisible = False
19.4863 	EXP 	window1: mouseVisible = True
19.5029 	EXP 	window1: mouseVisible = False
19.5030 	EXP 	window1: mouseVisible = True
19.5196 	EXP 	window1: mouseVisible = False
19.5199 	EXP 	window1: mouseVisible = True
19.5361 	EXP 	window1: mouseVisible = False
19.5363 	EXP 	window1: mouseVisible = True
19.5529 	EXP 	window1: mouseVisible = False
19.5530 	EXP 	window1: mouseVisible = True
19.5698 	EXP 	window1: mouseVisible = False
19.5700 	EXP 	window1: mouseVisible = True
19.5863 	EXP 	window1: mouseVisible = False
19.5864 	EXP 	window1: mouseVisible = True
19.6031 	EXP 	window1: mouseVisible = False
19.6032 	EXP 	window1: mouseVisible = True
19.6199 	EXP 	window1: mouseVisible = False
19.6201 	EXP 	window1: mouseVisible = True
19.6363 	EXP 	window1: mouseVisible = False
19.6365 	EXP 	window1: mouseVisible = True
19.6530 	EXP 	window1: mouseVisible = False
19.6532 	EXP 	window1: mouseVisible = True
19.6699 	EXP 	window1: mouseVisible = False
19.6700 	EXP 	window1: mouseVisible = True
19.6865 	EXP 	window1: mouseVisible = False
19.6867 	EXP 	window1: mouseVisible = True
19.7031 	EXP 	window1: mouseVisible = False
19.7032 	EXP 	window1: mouseVisible = True
19.7199 	EXP 	window1: mouseVisible = False
19.7201 	EXP 	window1: mouseVisible = True
19.7367 	EXP 	window1: mouseVisible = False
19.7368 	EXP 	window1: mouseVisible = True
19.7532 	EXP 	window1: mouseVisible = False
19.7534 	EXP 	window1: mouseVisible = True
19.7696 	EXP 	window1: mouseVisible = False
19.7698 	EXP 	window1: mouseVisible = True
19.7864 	EXP 	window1: mouseVisible = False
19.7866 	EXP 	window1: mouseVisible = True
19.8032 	EXP 	window1: mouseVisible = False
19.8034 	EXP 	window1: mouseVisible = True
19.8197 	EXP 	window1: mouseVisible = False
19.8198 	EXP 	window1: mouseVisible = True
19.8365 	EXP 	window1: mouseVisible = False
19.8367 	EXP 	window1: mouseVisible = True
19.8533 	EXP 	window1: mouseVisible = False
19.8535 	EXP 	window1: mouseVisible = True
19.8699 	EXP 	window1: mouseVisible = False
19.8701 	EXP 	window1: mouseVisible = True
19.8866 	EXP 	window1: mouseVisible = False
19.8867 	EXP 	window1: mouseVisible = True
19.9034 	EXP 	window1: mouseVisible = False
19.9035 	EXP 	window1: mouseVisible = True
19.9200 	EXP 	window1: mouseVisible = False
19.9201 	EXP 	window1: mouseVisible = True
19.9367 	EXP 	window1: mouseVisible = False
19.9369 	EXP 	window1: mouseVisible = True
19.9535 	EXP 	window1: mouseVisible = False
19.9537 	EXP 	window1: mouseVisible = True
19.9700 	EXP 	window1: mouseVisible = False
19.9702 	EXP 	window1: mouseVisible = True
19.9866 	EXP 	window1: mouseVisible = False
19.9868 	EXP 	window1: mouseVisible = True
20.0034 	EXP 	window1: mouseVisible = False
20.0037 	EXP 	window1: mouseVisible = True
20.0202 	EXP 	window1: mouseVisible = False
20.0204 	EXP 	window1: mouseVisible = True
20.0367 	EXP 	window1: mouseVisible = False
20.0370 	EXP 	window1: mouseVisible = True
20.0535 	EXP 	window1: mouseVisible = False
20.0537 	EXP 	window1: mouseVisible = True
20.0700 	EXP 	window1: mouseVisible = False
20.0701 	EXP 	window1: mouseVisible = True
20.0868 	EXP 	window1: mouseVisible = False
20.0870 	EXP 	window1: mouseVisible = True
20.1032 	EXP 	window1: mouseVisible = False
20.1034 	EXP 	window1: mouseVisible = True
20.1201 	EXP 	window1: mouseVisible = False
20.1203 	EXP 	window1: mouseVisible = True
20.1370 	EXP 	window1: mouseVisible = False
20.1371 	EXP 	window1: mouseVisible = True
20.1533 	EXP 	window1: mouseVisible = False
20.1535 	EXP 	window1: mouseVisible = True
20.1707 	EXP 	window1: mouseVisible = False
20.1709 	EXP 	window1: mouseVisible = True
20.1869 	EXP 	window1: mouseVisible = False
20.1871 	EXP 	window1: mouseVisible = True
20.2035 	EXP 	window1: mouseVisible = False
20.2037 	EXP 	window1: mouseVisible = True
20.2202 	EXP 	window1: mouseVisible = False
20.2204 	EXP 	window1: mouseVisible = True
20.2372 	EXP 	window1: mouseVisible = False
20.2374 	EXP 	window1: mouseVisible = True
20.2537 	EXP 	window1: mouseVisible = False
20.2539 	EXP 	window1: mouseVisible = True
20.2703 	EXP 	window1: mouseVisible = False
20.2705 	EXP 	window1: mouseVisible = True
20.2873 	EXP 	window1: mouseVisible = False
20.2874 	EXP 	window1: mouseVisible = True
20.3035 	EXP 	window1: mouseVisible = False
20.3037 	EXP 	window1: mouseVisible = True
20.3206 	EXP 	window1: mouseVisible = False
20.3208 	EXP 	window1: mouseVisible = True
20.3377 	EXP 	window1: mouseVisible = False
20.3379 	EXP 	window1: mouseVisible = True
20.3536 	EXP 	window1: mouseVisible = False
20.3538 	EXP 	window1: mouseVisible = True
20.3704 	EXP 	window1: mouseVisible = False
20.3705 	EXP 	window1: mouseVisible = True
20.3868 	EXP 	window1: mouseVisible = False
20.3871 	EXP 	window1: mouseVisible = True
20.4036 	EXP 	window1: mouseVisible = False
20.4037 	EXP 	window1: mouseVisible = True
20.4204 	EXP 	window1: mouseVisible = False
20.4206 	EXP 	window1: mouseVisible = True
20.4371 	EXP 	window1: mouseVisible = False
20.4373 	EXP 	window1: mouseVisible = True
20.4537 	EXP 	window1: mouseVisible = False
20.4538 	EXP 	window1: mouseVisible = True
20.4707 	EXP 	window1: mouseVisible = False
20.4708 	EXP 	window1: mouseVisible = True
20.4871 	EXP 	window1: mouseVisible = False
20.4872 	EXP 	window1: mouseVisible = True
20.5038 	EXP 	window1: mouseVisible = False
20.5040 	EXP 	window1: mouseVisible = True
20.5206 	EXP 	window1: mouseVisible = False
20.5207 	EXP 	window1: mouseVisible = True
20.5371 	EXP 	window1: mouseVisible = False
20.5373 	EXP 	window1: mouseVisible = True
20.5537 	EXP 	window1: mouseVisible = False
20.5539 	EXP 	window1: mouseVisible = True
20.5706 	EXP 	window1: mouseVisible = False
20.5708 	EXP 	window1: mouseVisible = True
20.5871 	EXP 	window1: mouseVisible = False
20.5873 	EXP 	window1: mouseVisible = True
20.6040 	EXP 	window1: mouseVisible = False
20.6041 	EXP 	window1: mouseVisible = True
20.6209 	EXP 	window1: mouseVisible = False
20.6211 	EXP 	window1: mouseVisible = True
20.6371 	EXP 	window1: mouseVisible = False
20.6373 	EXP 	window1: mouseVisible = True
20.6539 	EXP 	window1: mouseVisible = False
20.6540 	EXP 	window1: mouseVisible = True
20.6707 	EXP 	window1: mouseVisible = False
20.6709 	EXP 	window1: mouseVisible = True
20.6872 	EXP 	window1: mouseVisible = False
20.6874 	EXP 	window1: mouseVisible = True
20.7040 	EXP 	window1: mouseVisible = False
20.7043 	EXP 	window1: mouseVisible = True
20.7205 	EXP 	window1: mouseVisible = False
20.7206 	EXP 	window1: mouseVisible = True
20.7375 	EXP 	window1: mouseVisible = False
20.7376 	EXP 	window1: mouseVisible = True
20.7539 	EXP 	window1: mouseVisible = False
20.7541 	EXP 	window1: mouseVisible = True
20.7707 	EXP 	window1: mouseVisible = False
20.7710 	EXP 	window1: mouseVisible = True
20.7873 	EXP 	window1: mouseVisible = False
20.7874 	EXP 	window1: mouseVisible = True
20.8041 	EXP 	window1: mouseVisible = False
20.8043 	EXP 	window1: mouseVisible = True
20.8206 	EXP 	window1: mouseVisible = False
20.8208 	EXP 	window1: mouseVisible = True
20.8375 	EXP 	window1: mouseVisible = False
20.8376 	EXP 	window1: mouseVisible = True
20.8542 	EXP 	window1: mouseVisible = False
20.8544 	EXP 	window1: mouseVisible = True
20.8709 	EXP 	window1: mouseVisible = False
20.8711 	EXP 	window1: mouseVisible = True
20.8873 	EXP 	window1: mouseVisible = False
20.8875 	EXP 	window1: mouseVisible = True
20.9041 	EXP 	window1: mouseVisible = False
20.9043 	EXP 	window1: mouseVisible = True
20.9207 	EXP 	window1: mouseVisible = False
20.9208 	EXP 	window1: mouseVisible = True
20.9375 	EXP 	window1: mouseVisible = False
20.9377 	EXP 	window1: mouseVisible = True
20.9544 	EXP 	window1: mouseVisible = False
20.9546 	EXP 	window1: mouseVisible = True
20.9708 	EXP 	window1: mouseVisible = False
20.9710 	EXP 	window1: mouseVisible = True
20.9874 	EXP 	window1: mouseVisible = False
20.9876 	EXP 	window1: mouseVisible = True
21.0040 	EXP 	window1: mouseVisible = False
21.0042 	EXP 	window1: mouseVisible = True
21.0208 	EXP 	window1: mouseVisible = False
21.0210 	EXP 	window1: mouseVisible = True
21.0376 	EXP 	window1: mouseVisible = False
21.0377 	EXP 	window1: mouseVisible = True
21.0540 	EXP 	window1: mouseVisible = False
21.0542 	EXP 	window1: mouseVisible = True
21.0712 	EXP 	window1: mouseVisible = False
21.0714 	EXP 	window1: mouseVisible = True
21.0880 	EXP 	window1: mouseVisible = False
21.0882 	EXP 	window1: mouseVisible = True
21.1047 	EXP 	window1: mouseVisible = False
21.1049 	EXP 	window1: mouseVisible = True
21.1071 	DATA 	Mouse: Left button down, pos=(772,232)
21.1212 	EXP 	window1: mouseVisible = False
21.1213 	EXP 	window1: mouseVisible = True
21.1507 	EXP 	call1: texRes = 128
21.1507 	EXP 	call2: texRes = 128
21.1507 	EXP 	call3: texRes = 128
21.1509 	EXP 	window1: mouseVisible = False
21.1511 	EXP 	window1: mouseVisible = True
21.1681 	EXP 	window1: mouseVisible = False
21.1683 	EXP 	window1: mouseVisible = True
21.1849 	EXP 	window1: mouseVisible = False
21.1850 	EXP 	window1: mouseVisible = True
21.2014 	EXP 	window1: mouseVisible = False
21.2016 	EXP 	window1: mouseVisible = True
21.2018 	DATA 	Mouse:  Left button up, pos=(772,232)
21.2186 	EXP 	window1: mouseVisible = False
21.2188 	EXP 	window1: mouseVisible = True
21.2348 	EXP 	window1: mouseVisible = False
21.2350 	EXP 	window1: mouseVisible = True
21.2515 	EXP 	window1: mouseVisible = False
21.2517 	EXP 	window1: mouseVisible = True
21.2686 	EXP 	window1: mouseVisible = False
21.2688 	EXP 	window1: mouseVisible = True
21.2846 	EXP 	window1: mouseVisible = False
21.2848 	EXP 	window1: mouseVisible = True
21.3014 	EXP 	window1: mouseVisible = False
21.3016 	EXP 	window1: mouseVisible = True
21.3186 	EXP 	window1: mouseVisible = False
21.3188 	EXP 	window1: mouseVisible = True
21.3350 	EXP 	window1: mouseVisible = False
21.3352 	EXP 	window1: mouseVisible = True
21.3520 	EXP 	window1: mouseVisible = False
21.3523 	EXP 	window1: mouseVisible = True
21.3679 	EXP 	window1: mouseVisible = False
21.3682 	EXP 	window1: mouseVisible = True
21.3851 	EXP 	window1: mouseVisible = False
21.3852 	EXP 	window1: mouseVisible = True
21.4017 	EXP 	window1: mouseVisible = False
21.4019 	EXP 	window1: mouseVisible = True
21.4184 	EXP 	window1: mouseVisible = False
21.4186 	EXP 	window1: mouseVisible = True
21.4352 	EXP 	window1: mouseVisible = False
21.4354 	EXP 	window1: mouseVisible = True
21.4522 	EXP 	window1: mouseVisible = False
21.4524 	EXP 	window1: mouseVisible = True
21.4682 	EXP 	window1: mouseVisible = False
21.4684 	EXP 	window1: mouseVisible = True
21.4852 	EXP 	window1: mouseVisible = False
21.4855 	EXP 	window1: mouseVisible = True
21.5023 	EXP 	window1: mouseVisible = False
21.5026 	EXP 	window1: mouseVisible = True
21.5179 	EXP 	window1: mouseVisible = False
21.5181 	EXP 	window1: mouseVisible = True
21.5352 	EXP 	window1: mouseVisible = False
21.5354 	EXP 	window1: mouseVisible = True
21.5524 	EXP 	window1: mouseVisible = False
21.5526 	EXP 	window1: mouseVisible = True
21.5680 	EXP 	window1: mouseVisible = False
21.5682 	EXP 	window1: mouseVisible = True
21.5851 	EXP 	window1: mouseVisible = False
21.5853 	EXP 	window1: mouseVisible = True
21.6018 	EXP 	window1: mouseVisible = False
21.6020 	EXP 	window1: mouseVisible = True
21.6185 	EXP 	window1: mouseVisible = False
21.6187 	EXP 	window1: mouseVisible = True
21.6355 	EXP 	window1: mouseVisible = False
21.6357 	EXP 	window1: mouseVisible = True
21.6526 	EXP 	window1: mouseVisible = False
21.6528 	EXP 	window1: mouseVisible = True
21.6683 	EXP 	window1: mouseVisible = False
21.6685 	EXP 	window1: mouseVisible = True
21.6858 	EXP 	window1: mouseVisible = False
21.6860 	EXP 	window1: mouseVisible = True
21.7027 	EXP 	window1: mouseVisible = False
21.7029 	EXP 	window1: mouseVisible = True
21.7180 	EXP 	window1: mouseVisible = False
21.7182 	EXP 	window1: mouseVisible = True
21.7356 	EXP 	window1: mouseVisible = False
21.7358 	EXP 	window1: mouseVisible = True
21.7513 	EXP 	window1: mouseVisible = False
21.7515 	EXP 	window1: mouseVisible = True
21.7690 	EXP 	window1: mouseVisible = False
21.7692 	EXP 	window1: mouseVisible = True
21.7855 	EXP 	window1: mouseVisible = False
21.7857 	EXP 	window1: mouseVisible = True
21.8018 	EXP 	window1: mouseVisible = False
21.8020 	EXP 	window1: mouseVisible = True
21.8184 	EXP 	window1: mouseVisible = False
21.8186 	EXP 	window1: mouseVisible = True
21.8352 	EXP 	window1: mouseVisible = False
21.8355 	EXP 	window1: mouseVisible = True
21.8523 	EXP 	window1: mouseVisible = False
21.8524 	EXP 	window1: mouseVisible = True
21.8687 	EXP 	window1: mouseVisible = False
21.8689 	EXP 	window1: mouseVisible = True
21.8856 	EXP 	window1: mouseVisible = False
21.8859 	EXP 	window1: mouseVisible = True
21.9017 	EXP 	window1: mouseVisible = False
21.9020 	EXP 	window1: mouseVisible = True
21.9184 	EXP 	window1: mouseVisible = False
21.9187 	EXP 	window1: mouseVisible = True
21.9350 	EXP 	window1: mouseVisible = False
21.9353 	EXP 	window1: mouseVisible = True
21.9519 	EXP 	window1: mouseVisible = False
21.9521 	EXP 	window1: mouseVisible = True
21.9681 	EXP 	window1: mouseVisible = False
21.9682 	EXP 	window1: mouseVisible = True
21.9850 	EXP 	window1: mouseVisible = False
21.9852 	EXP 	window1: mouseVisible = True
22.0016 	EXP 	window1: mouseVisible = False
22.0018 	EXP 	window1: mouseVisible = True
22.0182 	EXP 	window1: mouseVisible = False
22.0184 	EXP 	window1: mouseVisible = True
22.0352 	EXP 	window1: mouseVisible = False
22.0354 	EXP 	window1: mouseVisible = True
22.0516 	EXP 	window1: mouseVisible = False
22.0518 	EXP 	window1: mouseVisible = True
22.0682 	EXP 	window1: mouseVisible = False
22.0683 	EXP 	window1: mouseVisible = True
22.0849 	EXP 	window1: mouseVisible = False
22.0851 	EXP 	window1: mouseVisible = True
22.1017 	EXP 	window1: mouseVisible = False
22.1018 	EXP 	window1: mouseVisible = True
22.1185 	EXP 	window1: mouseVisible = False
22.1187 	EXP 	window1: mouseVisible = True
22.1351 	EXP 	window1: mouseVisible = False
22.1353 	EXP 	window1: mouseVisible = True
22.1517 	EXP 	window1: mouseVisible = False
22.1519 	EXP 	window1: mouseVisible = True
22.1683 	EXP 	window1: mouseVisible = False
22.1685 	EXP 	window1: mouseVisible = True
22.1851 	EXP 	window1: mouseVisible = False
22.1853 	EXP 	window1: mouseVisible = True
22.2018 	EXP 	window1: mouseVisible = False
22.2019 	EXP 	window1: mouseVisible = True
22.2183 	EXP 	window1: mouseVisible = False
22.2184 	EXP 	window1: mouseVisible = True
22.2351 	EXP 	window1: mouseVisible = False
22.2353 	EXP 	window1: mouseVisible = True
22.2518 	EXP 	window1: mouseVisible = False
22.2521 	EXP 	window1: mouseVisible = True
22.2685 	EXP 	window1: mouseVisible = False
22.2687 	EXP 	window1: mouseVisible = True
22.2853 	EXP 	window1: mouseVisible = False
22.2854 	EXP 	window1: mouseVisible = True
22.3022 	EXP 	window1: mouseVisible = False
22.3024 	EXP 	window1: mouseVisible = True
22.3185 	EXP 	window1: mouseVisible = False
22.3187 	EXP 	window1: mouseVisible = True
22.3352 	EXP 	window1: mouseVisible = False
22.3354 	EXP 	window1: mouseVisible = True
22.3523 	EXP 	window1: mouseVisible = False
22.3525 	EXP 	window1: mouseVisible = True
22.3688 	EXP 	window1: mouseVisible = False
22.3691 	EXP 	window1: mouseVisible = True
22.3854 	EXP 	window1: mouseVisible = False
22.3855 	EXP 	window1: mouseVisible = True
22.4024 	EXP 	window1: mouseVisible = False
22.4026 	EXP 	window1: mouseVisible = True
22.4185 	EXP 	window1: mouseVisible = False
22.4186 	EXP 	window1: mouseVisible = True
22.4354 	EXP 	window1: mouseVisible = False
22.4355 	EXP 	window1: mouseVisible = True
22.4525 	EXP 	window1: mouseVisible = False
22.4526 	EXP 	window1: mouseVisible = True
22.4686 	EXP 	window1: mouseVisible = False
22.4688 	EXP 	window1: mouseVisible = True
22.4854 	EXP 	window1: mouseVisible = False
22.4856 	EXP 	window1: mouseVisible = True
22.5027 	EXP 	window1: mouseVisible = False
22.5029 	EXP 	window1: mouseVisible = True
22.5190 	EXP 	window1: mouseVisible = False
22.5192 	EXP 	window1: mouseVisible = True
22.5354 	EXP 	window1: mouseVisible = False
22.5356 	EXP 	window1: mouseVisible = True
22.5521 	EXP 	window1: mouseVisible = False
22.5523 	EXP 	window1: mouseVisible = True
22.5686 	EXP 	window1: mouseVisible = False
22.5688 	EXP 	window1: mouseVisible = True
22.5854 	EXP 	window1: mouseVisible = False
22.5856 	EXP 	window1: mouseVisible = True
22.5859 	DATA 	Mouse: Left button down, pos=(1229,573)
22.6185 	EXP 	colour1: texRes = 128
22.6185 	EXP 	colour2: texRes = 128
22.6185 	EXP 	colour4: texRes = 128
22.6187 	EXP 	window1: mouseVisible = False
22.6189 	EXP 	window1: mouseVisible = True
22.6355 	EXP 	window1: mouseVisible = False
22.6357 	EXP 	window1: mouseVisible = True
22.6521 	EXP 	window1: mouseVisible = False
22.6523 	EXP 	window1: mouseVisible = True
22.6686 	EXP 	window1: mouseVisible = False
22.6688 	EXP 	window1: mouseVisible = True
22.6855 	EXP 	window1: mouseVisible = False
22.6857 	EXP 	window1: mouseVisible = True
22.7022 	EXP 	window1: mouseVisible = False
22.7025 	EXP 	window1: mouseVisible = True
22.7187 	EXP 	window1: mouseVisible = False
22.7189 	EXP 	window1: mouseVisible = True
22.7209 	DATA 	Mouse:  Left button up, pos=(1229,573)
22.7356 	EXP 	window1: mouseVisible = False
22.7358 	EXP 	window1: mouseVisible = True
22.7523 	EXP 	window1: mouseVisible = False
22.7525 	EXP 	window1: mouseVisible = True
22.7690 	EXP 	window1: mouseVisible = False
22.7691 	EXP 	window1: mouseVisible = True
22.7856 	EXP 	window1: mouseVisible = False
22.7858 	EXP 	window1: mouseVisible = True
22.8026 	EXP 	window1: mouseVisible = False
22.8028 	EXP 	window1: mouseVisible = True
22.8188 	EXP 	window1: mouseVisible = False
22.8189 	EXP 	window1: mouseVisible = True
22.8357 	EXP 	window1: mouseVisible = False
22.8359 	EXP 	window1: mouseVisible = True
22.8527 	EXP 	window1: mouseVisible = False
22.8529 	EXP 	window1: mouseVisible = True
22.8688 	EXP 	window1: mouseVisible = False
22.8689 	EXP 	window1: mouseVisible = True
22.8858 	EXP 	window1: mouseVisible = False
22.8860 	EXP 	window1: mouseVisible = True
22.9028 	EXP 	window1: mouseVisible = False
22.9030 	EXP 	window1: mouseVisible = True
22.9189 	EXP 	window1: mouseVisible = False
22.9192 	EXP 	window1: mouseVisible = True
22.9357 	EXP 	window1: mouseVisible = False
22.9359 	EXP 	window1: mouseVisible = True
22.9529 	EXP 	window1: mouseVisible = False
22.9531 	EXP 	window1: mouseVisible = True
22.9689 	EXP 	window1: mouseVisible = False
22.9690 	EXP 	window1: mouseVisible = True
22.9858 	EXP 	window1: mouseVisible = False
22.9860 	EXP 	window1: mouseVisible = True
23.0024 	EXP 	window1: mouseVisible = False
23.0026 	EXP 	window1: mouseVisible = True
23.0190 	EXP 	window1: mouseVisible = False
23.0191 	EXP 	window1: mouseVisible = True
23.0358 	EXP 	window1: mouseVisible = False
23.0360 	EXP 	window1: mouseVisible = True
23.0529 	EXP 	window1: mouseVisible = False
23.0531 	EXP 	window1: mouseVisible = True
23.0691 	EXP 	window1: mouseVisible = False
23.0692 	EXP 	window1: mouseVisible = True
23.0859 	EXP 	window1: mouseVisible = False
23.0861 	EXP 	window1: mouseVisible = True
23.1029 	EXP 	window1: mouseVisible = False
23.1031 	EXP 	window1: mouseVisible = True
23.1190 	EXP 	window1: mouseVisible = False
23.1192 	EXP 	window1: mouseVisible = True
23.1360 	EXP 	window1: mouseVisible = False
23.1363 	EXP 	window1: mouseVisible = True
23.1526 	EXP 	window1: mouseVisible = False
23.1528 	EXP 	window1: mouseVisible = True
23.1692 	EXP 	window1: mouseVisible = False
23.1694 	EXP 	window1: mouseVisible = True
23.1858 	EXP 	window1: mouseVisible = False
23.1860 	EXP 	window1: mouseVisible = True
23.2026 	EXP 	window1: mouseVisible = False
23.2028 	EXP 	window1: mouseVisible = True
23.2192 	EXP 	window1: mouseVisible = False
23.2194 	EXP 	window1: mouseVisible = True
23.2359 	EXP 	window1: mouseVisible = False
23.2361 	EXP 	window1: mouseVisible = True
23.2527 	EXP 	window1: mouseVisible = False
23.2529 	EXP 	window1: mouseVisible = True
23.2693 	EXP 	window1: mouseVisible = False
23.2695 	EXP 	window1: mouseVisible = True
23.2859 	EXP 	window1: mouseVisible = False
23.2861 	EXP 	window1: mouseVisible = True
23.3026 	EXP 	window1: mouseVisible = False
23.3028 	EXP 	window1: mouseVisible = True
23.3192 	EXP 	window1: mouseVisible = False
23.3195 	EXP 	window1: mouseVisible = True
23.3358 	EXP 	window1: mouseVisible = False
23.3360 	EXP 	window1: mouseVisible = True
23.3527 	EXP 	window1: mouseVisible = False
23.3531 	EXP 	window1: mouseVisible = True
23.3693 	EXP 	window1: mouseVisible = False
23.3695 	EXP 	window1: mouseVisible = True
23.3859 	EXP 	window1: mouseVisible = False
23.3861 	EXP 	window1: mouseVisible = True
23.4029 	EXP 	window1: mouseVisible = False
23.4031 	EXP 	window1: mouseVisible = True
23.4194 	EXP 	window1: mouseVisible = False
23.4197 	EXP 	window1: mouseVisible = True
23.4361 	EXP 	window1: mouseVisible = False
23.4363 	EXP 	window1: mouseVisible = True
23.4528 	EXP 	window1: mouseVisible = False
23.4530 	EXP 	window1: mouseVisible = True
23.4695 	EXP 	window1: mouseVisible = False
23.4697 	EXP 	window1: mouseVisible = True
23.4861 	EXP 	window1: mouseVisible = False
23.4863 	EXP 	window1: mouseVisible = True
23.5028 	EXP 	window1: mouseVisible = False
23.5030 	EXP 	window1: mouseVisible = True
23.5194 	EXP 	window1: mouseVisible = False
23.5195 	EXP 	window1: mouseVisible = True
23.5363 	EXP 	window1: mouseVisible = False
23.5365 	EXP 	window1: mouseVisible = True
23.5530 	EXP 	window1: mouseVisible = False
23.5533 	EXP 	window1: mouseVisible = True
23.5694 	EXP 	window1: mouseVisible = False
23.5695 	EXP 	window1: mouseVisible = True
23.5861 	EXP 	window1: mouseVisible = False
23.5863 	EXP 	window1: mouseVisible = True
23.6028 	EXP 	window1: mouseVisible = False
23.6030 	EXP 	window1: mouseVisible = True
23.6195 	EXP 	window1: mouseVisible = False
23.6197 	EXP 	window1: mouseVisible = True
23.6199 	DATA 	Mouse: Left button down, pos=(1858,295)
23.6400 	EXP 	New trial (rep=0, index=1): OrderedDict([('audiofile', 'audio/NV_DE_Neural2-F_Ti-gr-Vi_0.85p.wav'), ('duration', 4.9453), ('noise', 'NV'), ('voice', 'Neural2-F'), ('words', 'Ti-gr-Vi'), ('callSign', 'Ti'), ('colour', 'gr'), ('number', 'Vi'), ('levels', '0.85p'), ('file', 'DE_Neural2-F_Ti-gr-Vi.TextGrid'), ('firstSound_tmin', 0.15712), ('lastSound_tmax', 4.21712), ('token_1_tmin', 0.74712), ('token_1_tmax', 1.17712), ('token_2_tmin', 1.97712), ('token_2_tmax', 2.22712), ('token_3_tmin', 3.31712), ('token_3_tmax', 3.75712), ('RAND_formula', 0.002036265)])
23.6716 	EXP 	number1: texRes = 128
23.6716 	EXP 	number2: texRes = 128
23.6716 	EXP 	number3: texRes = 128
23.6716 	EXP 	blankScreenAfterResponse: autoDraw = True
23.6716 	EXP 	blankScreen: autoDraw = False
23.6716 	EXP 	call1: autoDraw = False
23.6716 	EXP 	call2: autoDraw = False
23.6716 	EXP 	call3: autoDraw = False
23.6716 	EXP 	call4: autoDraw = False
23.6716 	EXP 	colour1: autoDraw = False
23.6716 	EXP 	colour2: autoDraw = False
23.6716 	EXP 	colour3: autoDraw = False
23.6716 	EXP 	colour4: autoDraw = False
23.6716 	EXP 	number1: autoDraw = False
23.6716 	EXP 	number2: autoDraw = False
23.6716 	EXP 	number3: autoDraw = False
23.6716 	EXP 	number4: autoDraw = False
23.6716 	EXP 	blankScreenAfterResponse: autoDraw = False
23.6716 	EXP 	fixation: autoDraw = True
23.7403 	DATA 	Mouse:  Left button up, pos=(1852,295)
24.9418 	DATA 	Keypress: escape
26.5319 	EXP 	window1: mouseVisible = True
