17.7123 	WARNING 	User requested fullscreen with size [1280  720], but screen is actually [2560, 1440]. Using actual size
21.6650 	EXP 	Created window1 = Window(allowGUI=False, allowStencil=False, autoLog=True, backendConf=UNKNOWN, bitsMode=UNKNOWN, blendMode='avg', bpc=(8, 8, 8), color=array([0, 0, 0]), colorSpace='rgb', depthBits=8, fullscr=<method-wrapper '__getattribute__' of attributeSetter object at 0x0000029E356677F0>, gamma=None, gammaErrorPolicy='raise', lms=UNKNOWN, monitor=<psychopy.monitors.calibTools.Monitor object at 0x0000029E356A79E8>, multiSample=False, name='window1', numSamples=2, pos=[0.0, 0.0], screen=0, size=array([2560, 1440]), stencilBits=0, stereo=False, units='height', useFBO=True, useRetina=False, viewOri=0.0, viewPos=None, viewScale=None, waitBlanking=True, winType='pyglet')
21.6655 	EXP 	window1: mouseVisible = True
21.6655 	EXP 	window1: recordFrameIntervals = False
21.8309 	EXP 	window1: recordFrameIntervals = True
22.0143 	EXP 	window1: recordFrameIntervals = False
24.1648 	EXP 	Created Instructions_Background_Noise = TextStim(__class__=<class 'psychopy.visual.text.TextStim'>, alignHoriz=method-wrapper(...), alignText='center', alignVert=method-wrapper(...), anchorHoriz='center', anchorVert='center', antialias=True, autoLog=True, bold=False, color=array([-1., -1., -1.]), colorSpace='rgb', contrast=1.0, depth=-1.0, flipHoriz=False, flipVert=False, font='Arial', fontFiles=[], height=0.03, italic=False, languageStyle='LTR', name='Instructions_Background_Noise', opacity=1, ori=0, pos=array([0., 0.]), rgb=UNKNOWN, text=str(...), units='height', win=Window(...), wrapWidth=1)
24.2204 	EXP 	Created Fixation_cross_Test = TextStim(__class__=<class 'psychopy.visual.text.TextStim'>, alignHoriz=method-wrapper(...), alignText='center', alignVert=method-wrapper(...), anchorHoriz='center', anchorVert='center', antialias=True, autoLog=True, bold=False, color=array([-1., -1., -1.]), colorSpace='rgb', contrast=1.0, depth=-1.0, flipHoriz=False, flipVert=False, font='Arial', fontFiles=[], height=0.2, italic=False, languageStyle='LTR', name='Fixation_cross_Test', opacity=1, ori=0, pos=array([0., 0.]), rgb=UNKNOWN, text='+', units='height', win=Window(...), wrapWidth=1)
24.2792 	EXP 	Created text_practice = TextStim(__class__=<class 'psychopy.visual.text.TextStim'>, alignHoriz=method-wrapper(...), alignText='center', alignVert=method-wrapper(...), anchorHoriz='center', anchorVert='center', antialias=True, autoLog=True, bold=False, color=array([-1., -1., -1.]), colorSpace='rgb', contrast=1.0, depth=-1.0, flipHoriz=False, flipVert=False, font='Arial', fontFiles=[], height=0.03, italic=False, languageStyle='LTR', name='text_practice', opacity=1, ori=0, pos=array([0., 0.]), rgb=UNKNOWN, text=str(...), units='height', win=Window(...), wrapWidth=1)
24.2903 	EXP 	Sound Digit1_clear set volume 1.000
24.3012 	EXP 	Sound Digit2_clear set volume 1.000
24.3125 	EXP 	Sound Digit3_clear set volume 1.000
24.3155 	EXP 	Created text_practice_resp = TextStim(__class__=<class 'psychopy.visual.text.TextStim'>, alignHoriz=method-wrapper(...), alignText='center', alignVert=method-wrapper(...), anchorHoriz='center', anchorVert='center', antialias=True, autoLog=True, bold=False, color=array([-1., -1., -1.]), colorSpace='rgb', contrast=1.0, depth=-2.0, flipHoriz=False, flipVert=False, font='Arial', fontFiles=[], height=0.1, italic=False, languageStyle='LTR', name='text_practice_resp', opacity=1, ori=0, pos=array([0., 0.]), rgb=UNKNOWN, text='', units='height', win=Window(...), wrapWidth=1)
24.3503 	EXP 	Created text_practice_repeat = TextStim(__class__=<class 'psychopy.visual.text.TextStim'>, alignHoriz=method-wrapper(...), alignText='center', alignVert=method-wrapper(...), anchorHoriz='center', anchorVert='center', antialias=True, autoLog=True, bold=False, color=array([-1., -1., -1.]), colorSpace='rgb', contrast=1.0, depth=-1.0, flipHoriz=False, flipVert=False, font='Arial', fontFiles=[], height=0.05, italic=False, languageStyle='LTR', name='text_practice_repeat', opacity=1, ori=0, pos=array([0., 0.]), rgb=UNKNOWN, text=str(...), units='height', win=Window(...), wrapWidth=1)
24.4197 	EXP 	Created text_4 = TextStim(__class__=<class 'psychopy.visual.text.TextStim'>, alignHoriz=method-wrapper(...), alignText='center', alignVert=method-wrapper(...), anchorHoriz='center', anchorVert='center', antialias=True, autoLog=True, bold=False, color=array([-1., -1., -1.]), colorSpace='rgb', contrast=1.0, depth=-1.0, flipHoriz=False, flipVert=False, font='Arial', fontFiles=[], height=0.03, italic=False, languageStyle='LTR', name='text_4', opacity=1.0, ori=0.0, pos=array([0., 0.]), rgb=UNKNOWN, text=str(...), units='height', win=Window(...), wrapWidth=1)
24.4307 	EXP 	Created Fixation_ME = TextStim(__class__=<class 'psychopy.visual.text.TextStim'>, alignHoriz=method-wrapper(...), alignText='center', alignVert=method-wrapper(...), anchorHoriz='center', anchorVert='center', antialias=True, autoLog=True, bold=False, color=array([-1., -1., -1.]), colorSpace='rgb', contrast=1.0, depth=-1.0, flipHoriz=False, flipVert=False, font='Open Sans', fontFiles=[], height=0.1, italic=False, languageStyle='LTR', name='Fixation_ME', opacity=1.0, ori=0.0, pos=array([0., 0.]), rgb=UNKNOWN, text='+', units='height', win=Window(...), wrapWidth=1)
24.4488 	EXP 	Sound sound_digit_1_ME set volume 1.000
24.4671 	EXP 	Sound sound_digit_2_ME set volume 1.000
24.4792 	EXP 	Sound sound_digit_3_ME set volume 1.000
24.4823 	EXP 	Created text_2 = TextStim(__class__=<class 'psychopy.visual.text.TextStim'>, alignHoriz=method-wrapper(...), alignText='center', alignVert=method-wrapper(...), anchorHoriz='center', anchorVert='center', antialias=True, autoLog=True, bold=False, color=array([-1., -1., -1.]), colorSpace='rgb', contrast=1.0, depth=-4.0, flipHoriz=False, flipVert=False, font='Open Sans', fontFiles=[], height=0.1, italic=False, languageStyle='LTR', name='text_2', opacity=1.0, ori=0.0, pos=array([0., 0.]), rgb=UNKNOWN, text='', units='height', win=Window(...), wrapWidth=1)
24.4842 	EXP 	Created disp_answer_ME = TextStim(__class__=<class 'psychopy.visual.text.TextStim'>, alignHoriz=method-wrapper(...), alignText='center', alignVert=method-wrapper(...), anchorHoriz='center', anchorVert='center', antialias=True, autoLog=True, bold=False, color=array([-1., -1., -1.]), colorSpace='rgb', contrast=1.0, depth=-2.0, flipHoriz=False, flipVert=False, font='Arial', fontFiles=[], height=0.1, italic=False, languageStyle='LTR', name='disp_answer_ME', opacity=1.0, ori=0.0, pos=array([0., 0.]), rgb=UNKNOWN, text='', units='height', win=Window(...), wrapWidth=1)
24.4860 	EXP 	Created text_5 = TextStim(__class__=<class 'psychopy.visual.text.TextStim'>, alignHoriz=method-wrapper(...), alignText='center', alignVert=method-wrapper(...), anchorHoriz='center', anchorVert='center', antialias=True, autoLog=True, bold=False, color=array([1., 1., 1.]), colorSpace='rgb', contrast=1.0, depth=-1.0, flipHoriz=False, flipVert=False, font='Open Sans', fontFiles=[], height=0.1, italic=False, languageStyle='LTR', name='text_5', opacity=1, ori=0.0, pos=array([0., 0.]), rgb=UNKNOWN, text='', units='height', win=Window(...), wrapWidth=1)
24.4878 	EXP 	Created text_next_block_ME = TextStim(__class__=<class 'psychopy.visual.text.TextStim'>, alignHoriz=method-wrapper(...), alignText='center', alignVert=method-wrapper(...), anchorHoriz='center', anchorVert='center', antialias=True, autoLog=True, bold=False, color=array([1., 1., 1.]), colorSpace='rgb', contrast=1.0, depth=-1.0, flipHoriz=False, flipVert=False, font='Open Sans', fontFiles=[], height=0.1, italic=False, languageStyle='LTR', name='text_next_block_ME', opacity=1, ori=0.0, pos=array([0., 0.]), rgb=UNKNOWN, text='', units='height', win=Window(...), wrapWidth=1)
24.5730 	EXP 	Created text_break = TextStim(__class__=<class 'psychopy.visual.text.TextStim'>, alignHoriz=method-wrapper(...), alignText='center', alignVert=method-wrapper(...), anchorHoriz='center', anchorVert='center', antialias=True, autoLog=True, bold=False, color=array([-1., -1., -1.]), colorSpace='rgb', contrast=1.0, depth=-1.0, flipHoriz=False, flipVert=False, font='Arial', fontFiles=[], height=0.05, italic=False, languageStyle='LTR', name='text_break', opacity=1, ori=0, pos=array([0., 0.]), rgb=UNKNOWN, text=str(...), units='height', win=Window(...), wrapWidth=1)
24.5926 	EXP 	Created Fixation = TextStim(__class__=<class 'psychopy.visual.text.TextStim'>, alignHoriz=method-wrapper(...), alignText='center', alignVert=method-wrapper(...), anchorHoriz='center', anchorVert='center', antialias=True, autoLog=True, bold=False, color=array([-1., -1., -1.]), colorSpace='rgb', contrast=1.0, depth=-1.0, flipHoriz=False, flipVert=False, font='Arial', fontFiles=[], height=0.2, italic=False, languageStyle='LTR', name='Fixation', opacity=1, ori=0, pos=array([0., 0.]), rgb=UNKNOWN, text='+', units='height', win=Window(...), wrapWidth=1)
24.5949 	EXP 	Created text_6 = TextStim(__class__=<class 'psychopy.visual.text.TextStim'>, alignHoriz=method-wrapper(...), alignText='center', alignVert=method-wrapper(...), anchorHoriz='center', anchorVert='center', antialias=True, autoLog=True, bold=False, color=array([1., 1., 1.]), colorSpace='rgb', contrast=1.0, depth=-2.0, flipHoriz=False, flipVert=False, font='Open Sans', fontFiles=[], height=0.1, italic=False, languageStyle='LTR', name='text_6', opacity=1, ori=0.0, pos=array([ 0. , -0.1]), rgb=UNKNOWN, text='', units='height', win=Window(...), wrapWidth=1)
24.5988 	EXP 	Created Fixation_Play = TextStim(__class__=<class 'psychopy.visual.text.TextStim'>, alignHoriz=method-wrapper(...), alignText='center', alignVert=method-wrapper(...), anchorHoriz='center', anchorVert='center', antialias=True, autoLog=True, bold=False, color=array([-1., -1., -1.]), colorSpace='rgb', contrast=1.0, depth=-1.0, flipHoriz=False, flipVert=False, font='Arial', fontFiles=[], height=0.2, italic=False, languageStyle='LTR', name='Fixation_Play', opacity=1.0, ori=0.0, pos=array([0., 0.]), rgb=UNKNOWN, text='+', units='height', win=Window(...), wrapWidth=1)
24.6106 	EXP 	Sound sound_digit1 set volume 1.000
24.6280 	EXP 	Sound sound_digit2 set volume 1.000
24.6390 	EXP 	Sound sound_digit3 set volume 1.000
24.6410 	EXP 	Created disp_answer = TextStim(__class__=<class 'psychopy.visual.text.TextStim'>, alignHoriz=method-wrapper(...), alignText='center', alignVert=method-wrapper(...), anchorHoriz='center', anchorVert='center', antialias=True, autoLog=True, bold=False, color=array([-1., -1., -1.]), colorSpace='rgb', contrast=1.0, depth=-2.0, flipHoriz=False, flipVert=False, font='Arial', fontFiles=[], height=0.1, italic=False, languageStyle='LTR', name='disp_answer', opacity=1, ori=0, pos=array([0., 0.]), rgb=UNKNOWN, text='', units='height', win=Window(...), wrapWidth=1)
24.6431 	EXP 	Created text_nextblock = TextStim(__class__=<class 'psychopy.visual.text.TextStim'>, alignHoriz=method-wrapper(...), alignText='center', alignVert=method-wrapper(...), anchorHoriz='center', anchorVert='center', antialias=True, autoLog=True, bold=False, color=array([-1., -1., -1.]), colorSpace='rgb', contrast=1.0, depth=-1.0, flipHoriz=False, flipVert=False, font='Arial', fontFiles=[], height=0.05, italic=False, languageStyle='LTR', name='text_nextblock', opacity=1.0, ori=0.0, pos=array([0., 0.]), rgb=UNKNOWN, text='', units='height', win=Window(...), wrapWidth=1)
24.9125 	DATA 	Mouse: Left button down, pos=(1651,588)
24.9127 	DATA 	Mouse:  Left button up, pos=(1651,588)
24.9255 	EXP 	Instructions_Background_Noise: autoDraw = True
25.4322 	DATA 	Mouse: Left button down, pos=(1407,632)
25.5320 	DATA 	Mouse:  Left button up, pos=(1407,632)
25.6488 	DATA 	Keypress: return
25.6510 	EXP 	Sound  started
25.6639 	EXP 	Instructions_Background_Noise: autoDraw = False
25.6639 	EXP 	Fixation_cross_Test: autoDraw = True
30.6672 	EXP 	Sound  stopped
30.6676 	EXP 	Created sequence: sequential, trialTypes=1, nReps=100, seed=None
30.6682 	EXP 	New trial (rep=0, index=0): None
30.6763 	EXP 	Fixation_cross_Test: autoDraw = False
30.6763 	EXP 	Fixation_cross_Test: autoDraw = False
30.6763 	EXP 	text_practice: autoDraw = True
31.1690 	DATA 	Keypress: return
31.1916 	EXP 	Imported data/practice_trials.xlsx as conditions, 1 conditions, 5 params
31.1919 	EXP 	Created sequence: sequential, trialTypes=1, nReps=1, seed=None
31.1921 	EXP 	New trial (rep=0, index=0): {'TrialID': 0.0, 'NFB_digit1': 6.0, 'NFB_digit2': 2.0, 'NFB_digit3': 4.0, 'Speaker_trial': 33.0}
31.1952 	EXP 	Sound Digit1_clear started
31.2005 	EXP 	text_practice: autoDraw = False
31.6819 	EXP 	Sound Digit1_clear reached end of file
31.6819 	EXP 	Sound Digit2_clear started
32.1587 	EXP 	Sound Digit2_clear reached end of file
32.1587 	EXP 	Sound Digit3_clear started
32.6416 	EXP 	Sound Digit3_clear reached end of file
32.6442 	EXP 	Created sequence: sequential, trialTypes=1, nReps=3, seed=None
32.6444 	EXP 	New trial (rep=0, index=0): None
32.6622 	EXP 	text_practice_resp: autoDraw = True
33.1522 	DATA 	Keypress: return
33.1717 	EXP 	New trial (rep=1, index=0): None
33.1811 	EXP 	text_practice_resp: autoDraw = False
33.1811 	EXP 	text_practice_resp: autoDraw = True
33.5513 	DATA 	Keypress: return
33.5706 	EXP 	New trial (rep=2, index=0): None
33.5806 	EXP 	text_practice_resp: autoDraw = False
33.5806 	EXP 	text_practice_resp: autoDraw = True
33.9363 	DATA 	Keypress: return
33.9637 	EXP 	text_practice_resp: autoDraw = False
33.9637 	EXP 	text_practice_repeat: autoDraw = True
34.6857 	DATA 	Keypress: return
34.7138 	EXP 	text_practice_repeat: autoDraw = False
34.7138 	EXP 	text_4: autoDraw = True
35.4709 	EXP 	Imported data/Stimuli_ME_cond.xlsx as conditions, 280 conditions, 8 params
35.4718 	EXP 	Created sequence: sequential, trialTypes=280, nReps=1, seed=None
35.4721 	EXP 	New trial (rep=0, index=0): {'TrialID_ME': 0.0, 'NFB_digit1_ME': 1.0, 'NFB_digit2_ME': 2.0, 'NFB_digit3_ME': 0.0, 'Speaker_trial_ME': 33.0, 'NV_trial_ME': 1.0, 'Triggered_trial_ME': 1.0, 'Jitter_trial_ME': 0.0}
35.4738 	EXP 	Sound  set loops 2
35.4739 	EXP 	Sound  started
36.1689 	DATA 	Keypress: return
36.1725 	EXP 	text_4: autoDraw = False
36.1725 	EXP 	Fixation_ME: autoDraw = True
37.5817 	EXP 	Sound sound_digit_1_ME started
37.5881 	EXP 	Fixation_ME: autoDraw = False
37.5881 	EXP 	text_2: text = 0
37.5881 	EXP 	text_2: autoDraw = True
38.0535 	EXP 	Sound sound_digit_1_ME reached end of file
38.0536 	EXP 	Sound sound_digit_2_ME started
38.5385 	EXP 	Sound sound_digit_2_ME reached end of file
38.5385 	EXP 	Sound sound_digit_3_ME started
38.5960 	EXP 	text_2: autoDraw = False
39.0142 	EXP 	Sound sound_digit_3_ME reached end of file
39.0176 	EXP 	Created sequence: sequential, trialTypes=1, nReps=3, seed=None
39.0178 	EXP 	New trial (rep=0, index=0): None
39.0178 	EXP 	Sound  started
40.4134 	EXP 	window1: mouseVisible = True
