6.5568 	WARNING 	User requested fullscreen with size [1280  720], but screen is actually [2560, 1440]. Using actual size
9.3976 	EXP 	Created window1 = Window(allowGUI=False, allowStencil=False, autoLog=True, backendConf=UNKNOWN, bitsMode=UNKNOWN, blendMode='avg', bpc=(8, 8, 8), color=array([0, 0, 0]), colorSpace='rgb', depthBits=8, fullscr=<method-wrapper '__getattribute__' of attributeSetter object at 0x0000029A001BE8D0>, gamma=None, gammaErrorPolicy='raise', lms=UNKNOWN, monitor=<psychopy.monitors.calibTools.Monitor object at 0x0000029A00218EF0>, multiSample=False, name='window1', numSamples=2, pos=[0.0, 0.0], screen=0, size=array([2560, 1440]), stencilBits=0, stereo=False, units='height', useFBO=True, useRetina=False, viewOri=0.0, viewPos=None, viewScale=None, waitBlanking=True, winType='pyglet')
9.3979 	EXP 	window1: mouseVisible = True
9.3979 	EXP 	window1: recordFrameIntervals = False
9.5638 	EXP 	window1: recordFrameIntervals = True
9.7473 	EXP 	window1: recordFrameIntervals = False
10.2654 	WARNING 	Monitor specification not found. Creating a temporary one...
11.7118 	EXP 	Created window1 = Window(allowGUI=True, allowStencil=False, autoLog=True, backendConf=UNKNOWN, bitsMode=UNKNOWN, blendMode='avg', bpc=(8, 8, 8), color=array([0, 0, 0]), colorSpace='rgb', depthBits=8, fullscr=<method-wrapper '__getattribute__' of attributeSetter object at 0x0000029A001BE8D0>, gamma=None, gammaErrorPolicy='raise', lms=UNKNOWN, monitor=<psychopy.monitors.calibTools.Monitor object at 0x0000029A64025208>, multiSample=False, name='window1', numSamples=2, pos=[1120.0, 620.0], screen=1, size=array([320, 200]), stencilBits=0, stereo=False, units='norm', useFBO=False, useRetina=False, viewOri=0.0, viewPos=None, viewScale=None, waitBlanking=True, winType='pyglet')
11.7119 	EXP 	window1: mouseVisible = True
13.1050 	EXP 	Created Instructions_Background_Noise = TextStim(__class__=<class 'psychopy.visual.text.TextStim'>, alignHoriz=method-wrapper(...), alignText='center', alignVert=method-wrapper(...), anchorHoriz='center', anchorVert='center', antialias=True, autoLog=True, bold=False, color=array([-1., -1., -1.]), colorSpace='rgb', contrast=1.0, depth=-1.0, flipHoriz=False, flipVert=False, font='Arial', fontFiles=[], height=0.03, italic=False, languageStyle='LTR', name='Instructions_Background_Noise', opacity=1, ori=0, pos=array([0., 0.]), rgb=UNKNOWN, text=str(...), units='height', win=Window(...), wrapWidth=1)
13.1427 	EXP 	Created Fixation_cross_Test = TextStim(__class__=<class 'psychopy.visual.text.TextStim'>, alignHoriz=method-wrapper(...), alignText='center', alignVert=method-wrapper(...), anchorHoriz='center', anchorVert='center', antialias=True, autoLog=True, bold=False, color=array([-1., -1., -1.]), colorSpace='rgb', contrast=1.0, depth=-1.0, flipHoriz=False, flipVert=False, font='Arial', fontFiles=[], height=0.2, italic=False, languageStyle='LTR', name='Fixation_cross_Test', opacity=1, ori=0, pos=array([0., 0.]), rgb=UNKNOWN, text='+', units='height', win=Window(...), wrapWidth=1)
13.1857 	EXP 	Created text_practice = TextStim(__class__=<class 'psychopy.visual.text.TextStim'>, alignHoriz=method-wrapper(...), alignText='center', alignVert=method-wrapper(...), anchorHoriz='center', anchorVert='center', antialias=True, autoLog=True, bold=False, color=array([-1., -1., -1.]), colorSpace='rgb', contrast=1.0, depth=-1.0, flipHoriz=False, flipVert=False, font='Arial', fontFiles=[], height=0.03, italic=False, languageStyle='LTR', name='text_practice', opacity=1, ori=0, pos=array([0., 0.]), rgb=UNKNOWN, text=str(...), units='height', win=Window(...), wrapWidth=1)
13.1942 	EXP 	Sound Digit1_clear set volume 1.000
13.1965 	EXP 	Created text_practice_resp = TextStim(__class__=<class 'psychopy.visual.text.TextStim'>, alignHoriz=method-wrapper(...), alignText='center', alignVert=method-wrapper(...), anchorHoriz='center', anchorVert='center', antialias=True, autoLog=True, bold=False, color=array([-1., -1., -1.]), colorSpace='rgb', contrast=1.0, depth=-2.0, flipHoriz=False, flipVert=False, font='Arial', fontFiles=[], height=0.1, italic=False, languageStyle='LTR', name='text_practice_resp', opacity=1, ori=0, pos=array([0., 0.]), rgb=UNKNOWN, text='', units='height', win=Window(...), wrapWidth=1)
13.2197 	EXP 	Created text_practice_repeat = TextStim(__class__=<class 'psychopy.visual.text.TextStim'>, alignHoriz=method-wrapper(...), alignText='center', alignVert=method-wrapper(...), anchorHoriz='center', anchorVert='center', antialias=True, autoLog=True, bold=False, color=array([-1., -1., -1.]), colorSpace='rgb', contrast=1.0, depth=-1.0, flipHoriz=False, flipVert=False, font='Arial', fontFiles=[], height=0.05, italic=False, languageStyle='LTR', name='text_practice_repeat', opacity=1, ori=0, pos=array([0., 0.]), rgb=UNKNOWN, text=str(...), units='height', win=Window(...), wrapWidth=1)
13.2591 	EXP 	Created text_4 = TextStim(__class__=<class 'psychopy.visual.text.TextStim'>, alignHoriz=method-wrapper(...), alignText='center', alignVert=method-wrapper(...), anchorHoriz='center', anchorVert='center', antialias=True, autoLog=True, bold=False, color=array([-1., -1., -1.]), colorSpace='rgb', contrast=1.0, depth=-1.0, flipHoriz=False, flipVert=False, font='Arial', fontFiles=[], height=0.03, italic=False, languageStyle='LTR', name='text_4', opacity=1.0, ori=0.0, pos=array([0., 0.]), rgb=UNKNOWN, text=str(...), units='height', win=Window(...), wrapWidth=1)
13.2658 	EXP 	Created Fixation_ME = TextStim(__class__=<class 'psychopy.visual.text.TextStim'>, alignHoriz=method-wrapper(...), alignText='center', alignVert=method-wrapper(...), anchorHoriz='center', anchorVert='center', antialias=True, autoLog=True, bold=False, color=array([-1., -1., -1.]), colorSpace='rgb', contrast=1.0, depth=-1.0, flipHoriz=False, flipVert=False, font='Open Sans', fontFiles=[], height=0.1, italic=False, languageStyle='LTR', name='Fixation_ME', opacity=1.0, ori=0.0, pos=array([0., 0.]), rgb=UNKNOWN, text='+', units='height', win=Window(...), wrapWidth=1)
13.2739 	EXP 	Sound sound_digit_1_ME set volume 1.000
13.2756 	EXP 	Created text_2 = TextStim(__class__=<class 'psychopy.visual.text.TextStim'>, alignHoriz=method-wrapper(...), alignText='center', alignVert=method-wrapper(...), anchorHoriz='center', anchorVert='center', antialias=True, autoLog=True, bold=False, color=array([-1., -1., -1.]), colorSpace='rgb', contrast=1.0, depth=-2.0, flipHoriz=False, flipVert=False, font='Open Sans', fontFiles=[], height=0.1, italic=False, languageStyle='LTR', name='text_2', opacity=1.0, ori=0.0, pos=array([0., 0.]), rgb=UNKNOWN, text='', units='height', win=Window(...), wrapWidth=1)
13.2770 	EXP 	Created disp_answer_ME = TextStim(__class__=<class 'psychopy.visual.text.TextStim'>, alignHoriz=method-wrapper(...), alignText='center', alignVert=method-wrapper(...), anchorHoriz='center', anchorVert='center', antialias=True, autoLog=True, bold=False, color=array([-1., -1., -1.]), colorSpace='rgb', contrast=1.0, depth=-2.0, flipHoriz=False, flipVert=False, font='Arial', fontFiles=[], height=0.1, italic=False, languageStyle='LTR', name='disp_answer_ME', opacity=1.0, ori=0.0, pos=array([0., 0.]), rgb=UNKNOWN, text='', units='height', win=Window(...), wrapWidth=1)
13.2784 	EXP 	Created text_7 = TextStim(__class__=<class 'psychopy.visual.text.TextStim'>, alignHoriz=method-wrapper(...), alignText='center', alignVert=method-wrapper(...), anchorHoriz='center', anchorVert='center', antialias=True, autoLog=True, bold=False, color=array([1., 1., 1.]), colorSpace='rgb', contrast=1.0, depth=-3.0, flipHoriz=False, flipVert=False, font='Open Sans', fontFiles=[], height=0.1, italic=False, languageStyle='LTR', name='text_7', opacity=1, ori=0.0, pos=array([ 0. , -0.1]), rgb=UNKNOWN, text='', units='height', win=Window(...), wrapWidth=1)
13.2797 	EXP 	Created text_5 = TextStim(__class__=<class 'psychopy.visual.text.TextStim'>, alignHoriz=method-wrapper(...), alignText='center', alignVert=method-wrapper(...), anchorHoriz='center', anchorVert='center', antialias=True, autoLog=True, bold=False, color=array([1., 1., 1.]), colorSpace='rgb', contrast=1.0, depth=-1.0, flipHoriz=False, flipVert=False, font='Open Sans', fontFiles=[], height=0.1, italic=False, languageStyle='LTR', name='text_5', opacity=1, ori=0.0, pos=array([0., 0.]), rgb=UNKNOWN, text='', units='height', win=Window(...), wrapWidth=1)
13.2811 	EXP 	Created text_8 = TextStim(__class__=<class 'psychopy.visual.text.TextStim'>, alignHoriz=method-wrapper(...), alignText='center', alignVert=method-wrapper(...), anchorHoriz='center', anchorVert='center', antialias=True, autoLog=True, bold=False, color=array([1., 1., 1.]), colorSpace='rgb', contrast=1.0, depth=-2.0, flipHoriz=False, flipVert=False, font='Open Sans', fontFiles=[], height=0.1, italic=False, languageStyle='LTR', name='text_8', opacity=1, ori=0.0, pos=array([ 0. , -0.2]), rgb=UNKNOWN, text='', units='height', win=Window(...), wrapWidth=1)
13.2824 	EXP 	Created text_next_block_ME = TextStim(__class__=<class 'psychopy.visual.text.TextStim'>, alignHoriz=method-wrapper(...), alignText='center', alignVert=method-wrapper(...), anchorHoriz='center', anchorVert='center', antialias=True, autoLog=True, bold=False, color=array([1., 1., 1.]), colorSpace='rgb', contrast=1.0, depth=-1.0, flipHoriz=False, flipVert=False, font='Open Sans', fontFiles=[], height=0.1, italic=False, languageStyle='LTR', name='text_next_block_ME', opacity=1, ori=0.0, pos=array([0., 0.]), rgb=UNKNOWN, text='', units='height', win=Window(...), wrapWidth=1)
13.3413 	EXP 	Created text_break = TextStim(__class__=<class 'psychopy.visual.text.TextStim'>, alignHoriz=method-wrapper(...), alignText='center', alignVert=method-wrapper(...), anchorHoriz='center', anchorVert='center', antialias=True, autoLog=True, bold=False, color=array([-1., -1., -1.]), colorSpace='rgb', contrast=1.0, depth=-1.0, flipHoriz=False, flipVert=False, font='Arial', fontFiles=[], height=0.05, italic=False, languageStyle='LTR', name='text_break', opacity=1, ori=0, pos=array([0., 0.]), rgb=UNKNOWN, text=str(...), units='height', win=Window(...), wrapWidth=1)
13.3545 	EXP 	Created Fixation = TextStim(__class__=<class 'psychopy.visual.text.TextStim'>, alignHoriz=method-wrapper(...), alignText='center', alignVert=method-wrapper(...), anchorHoriz='center', anchorVert='center', antialias=True, autoLog=True, bold=False, color=array([-1., -1., -1.]), colorSpace='rgb', contrast=1.0, depth=-1.0, flipHoriz=False, flipVert=False, font='Arial', fontFiles=[], height=0.2, italic=False, languageStyle='LTR', name='Fixation', opacity=1, ori=0, pos=array([0., 0.]), rgb=UNKNOWN, text='+', units='height', win=Window(...), wrapWidth=1)
13.3559 	EXP 	Created text_6 = TextStim(__class__=<class 'psychopy.visual.text.TextStim'>, alignHoriz=method-wrapper(...), alignText='center', alignVert=method-wrapper(...), anchorHoriz='center', anchorVert='center', antialias=True, autoLog=True, bold=False, color=array([1., 1., 1.]), colorSpace='rgb', contrast=1.0, depth=-2.0, flipHoriz=False, flipVert=False, font='Open Sans', fontFiles=[], height=0.1, italic=False, languageStyle='LTR', name='text_6', opacity=1, ori=0.0, pos=array([ 0. , -0.1]), rgb=UNKNOWN, text='', units='height', win=Window(...), wrapWidth=1)
13.3586 	EXP 	Created Fixation_Play = TextStim(__class__=<class 'psychopy.visual.text.TextStim'>, alignHoriz=method-wrapper(...), alignText='center', alignVert=method-wrapper(...), anchorHoriz='center', anchorVert='center', antialias=True, autoLog=True, bold=False, color=array([-1., -1., -1.]), colorSpace='rgb', contrast=1.0, depth=-1.0, flipHoriz=False, flipVert=False, font='Arial', fontFiles=[], height=0.2, italic=False, languageStyle='LTR', name='Fixation_Play', opacity=1.0, ori=0.0, pos=array([0., 0.]), rgb=UNKNOWN, text='+', units='height', win=Window(...), wrapWidth=1)
13.3666 	EXP 	Sound sound_digit1 set volume 1.000
13.3682 	EXP 	Created disp_answer = TextStim(__class__=<class 'psychopy.visual.text.TextStim'>, alignHoriz=method-wrapper(...), alignText='center', alignVert=method-wrapper(...), anchorHoriz='center', anchorVert='center', antialias=True, autoLog=True, bold=False, color=array([-1., -1., -1.]), colorSpace='rgb', contrast=1.0, depth=-2.0, flipHoriz=False, flipVert=False, font='Arial', fontFiles=[], height=0.1, italic=False, languageStyle='LTR', name='disp_answer', opacity=1, ori=0, pos=array([0., 0.]), rgb=UNKNOWN, text='', units='height', win=Window(...), wrapWidth=1)
13.3696 	EXP 	Created text_nextblock = TextStim(__class__=<class 'psychopy.visual.text.TextStim'>, alignHoriz=method-wrapper(...), alignText='center', alignVert=method-wrapper(...), anchorHoriz='center', anchorVert='center', antialias=True, autoLog=True, bold=False, color=array([-1., -1., -1.]), colorSpace='rgb', contrast=1.0, depth=-1.0, flipHoriz=False, flipVert=False, font='Arial', fontFiles=[], height=0.05, italic=False, languageStyle='LTR', name='text_nextblock', opacity=1.0, ori=0.0, pos=array([0., 0.]), rgb=UNKNOWN, text='', units='height', win=Window(...), wrapWidth=1)
13.4801 	EXP 	Instructions_Background_Noise: autoDraw = True
13.8841 	DATA 	Mouse: Left button down, pos=(1234,869)
14.0013 	DATA 	Mouse:  Left button up, pos=(1234,869)
14.3317 	DATA 	Keypress: return
14.3343 	EXP 	Sound  started
14.3467 	EXP 	Instructions_Background_Noise: autoDraw = False
14.3467 	EXP 	Fixation_cross_Test: autoDraw = True
19.3451 	EXP 	Sound  stopped
19.3455 	EXP 	Created sequence: sequential, trialTypes=1, nReps=100, seed=None
19.3460 	EXP 	New trial (rep=0, index=0): None
19.3539 	EXP 	Fixation_cross_Test: autoDraw = False
19.3539 	EXP 	Fixation_cross_Test: autoDraw = False
19.3539 	EXP 	text_practice: autoDraw = True
20.1253 	EXP 	Imported data/practice_trials.xlsx as conditions, 10 conditions, 5 params
20.1258 	EXP 	Created sequence: sequential, trialTypes=10, nReps=1, seed=None
20.1261 	EXP 	New trial (rep=0, index=0): {'TrialID': 0.0, 'NFB_digit1': 6.0, 'NFB_digit2': 2.0, 'NFB_digit3': 4.0, 'Speaker_trial': 33.0}
20.1271 	EXP 	Sound Digit1_clear started
20.1286 	DATA 	Keypress: return
20.1324 	EXP 	text_practice: autoDraw = False
20.6076 	EXP 	Sound Digit1_clear reached end of file
20.6102 	EXP 	Created sequence: sequential, trialTypes=1, nReps=1, seed=None
20.6104 	EXP 	New trial (rep=0, index=0): None
20.6217 	EXP 	Created unnamed TextStim = TextStim(__class__=<class 'psychopy.visual.text.TextStim'>, alignHoriz=method-wrapper(...), alignText='center', alignVert=method-wrapper(...), anchorHoriz='center', anchorVert='center', antialias=True, autoLog=True, bold=False, color=array([1., 1., 1.]), colorSpace='rgb', contrast=1.0, depth=0, flipHoriz=False, flipVert=False, font='', fontFiles=[], height=0.1, italic=False, languageStyle='LTR', name='unnamed TextStim', opacity=1.0, ori=0.0, pos=array([0., 0.]), rgb=UNKNOWN, text='Practice trials going on', units='norm', win=Window(...), wrapWidth=1)
20.6307 	EXP 	unnamed TextStim: autoDraw = True
20.6525 	EXP 	text_practice_resp: autoDraw = True
22.5340 	DATA 	Keypress: 6
22.6681 	DATA 	Keypress: return
22.7105 	EXP 	unnamed TextStim: autoDraw = False
22.7114 	EXP 	New trial (rep=0, index=1): {'TrialID': 1.0, 'NFB_digit1': 1.0, 'NFB_digit2': 9.0, 'NFB_digit3': 3.0, 'Speaker_trial': 13.0}
22.7121 	EXP 	Sound Digit1_clear started
22.7174 	EXP 	text_practice_resp: autoDraw = False
23.2003 	EXP 	Sound Digit1_clear reached end of file
23.2024 	EXP 	Created sequence: sequential, trialTypes=1, nReps=1, seed=None
23.2025 	EXP 	New trial (rep=0, index=0): None
23.2075 	EXP 	Created unnamed TextStim = TextStim(__class__=<class 'psychopy.visual.text.TextStim'>, alignHoriz=method-wrapper(...), alignText='center', alignVert=method-wrapper(...), anchorHoriz='center', anchorVert='center', antialias=True, autoLog=True, bold=False, color=array([1., 1., 1.]), colorSpace='rgb', contrast=1.0, depth=0, flipHoriz=False, flipVert=False, font='', fontFiles=[], height=0.1, italic=False, languageStyle='LTR', name='unnamed TextStim', opacity=1.0, ori=0.0, pos=array([0., 0.]), rgb=UNKNOWN, text='Practice trials going on', units='norm', win=Window(...), wrapWidth=1)
23.2104 	EXP 	unnamed TextStim: autoDraw = True
23.2202 	EXP 	text_practice_resp: autoDraw = True
23.3353 	DATA 	Keypress: return
23.3772 	EXP 	unnamed TextStim: autoDraw = False
23.3779 	EXP 	New trial (rep=0, index=2): {'TrialID': 2.0, 'NFB_digit1': 8.0, 'NFB_digit2': 0.0, 'NFB_digit3': 1.0, 'Speaker_trial': 21.0}
23.3786 	EXP 	Sound Digit1_clear started
23.3848 	EXP 	text_practice_resp: autoDraw = False
23.8658 	EXP 	Sound Digit1_clear reached end of file
23.8680 	EXP 	Created sequence: sequential, trialTypes=1, nReps=1, seed=None
23.8682 	EXP 	New trial (rep=0, index=0): None
23.8710 	EXP 	Created unnamed TextStim = TextStim(__class__=<class 'psychopy.visual.text.TextStim'>, alignHoriz=method-wrapper(...), alignText='center', alignVert=method-wrapper(...), anchorHoriz='center', anchorVert='center', antialias=True, autoLog=True, bold=False, color=array([1., 1., 1.]), colorSpace='rgb', contrast=1.0, depth=0, flipHoriz=False, flipVert=False, font='', fontFiles=[], height=0.1, italic=False, languageStyle='LTR', name='unnamed TextStim', opacity=1.0, ori=0.0, pos=array([0., 0.]), rgb=UNKNOWN, text='Practice trials going on', units='norm', win=Window(...), wrapWidth=1)
23.8773 	EXP 	unnamed TextStim: autoDraw = True
23.8867 	EXP 	text_practice_resp: autoDraw = True
23.9682 	DATA 	Keypress: return
23.9936 	EXP 	unnamed TextStim: autoDraw = False
23.9944 	EXP 	New trial (rep=0, index=3): {'TrialID': 3.0, 'NFB_digit1': 9.0, 'NFB_digit2': 6.0, 'NFB_digit3': 1.0, 'Speaker_trial': 61.0}
23.9950 	EXP 	Sound Digit1_clear started
24.0004 	EXP 	text_practice_resp: autoDraw = False
24.4702 	EXP 	Sound Digit1_clear reached end of file
24.4726 	EXP 	Created sequence: sequential, trialTypes=1, nReps=1, seed=None
24.4727 	EXP 	New trial (rep=0, index=0): None
24.4758 	EXP 	Created unnamed TextStim = TextStim(__class__=<class 'psychopy.visual.text.TextStim'>, alignHoriz=method-wrapper(...), alignText='center', alignVert=method-wrapper(...), anchorHoriz='center', anchorVert='center', antialias=True, autoLog=True, bold=False, color=array([1., 1., 1.]), colorSpace='rgb', contrast=1.0, depth=0, flipHoriz=False, flipVert=False, font='', fontFiles=[], height=0.1, italic=False, languageStyle='LTR', name='unnamed TextStim', opacity=1.0, ori=0.0, pos=array([0., 0.]), rgb=UNKNOWN, text='Practice trials going on', units='norm', win=Window(...), wrapWidth=1)
24.4938 	EXP 	unnamed TextStim: autoDraw = True
24.5034 	EXP 	text_practice_resp: autoDraw = True
24.6012 	DATA 	Keypress: return
24.6442 	EXP 	unnamed TextStim: autoDraw = False
24.6451 	EXP 	New trial (rep=0, index=4): {'TrialID': 4.0, 'NFB_digit1': 8.0, 'NFB_digit2': 1.0, 'NFB_digit3': 5.0, 'Speaker_trial': 7.0}
24.6457 	EXP 	Sound Digit1_clear started
24.6515 	EXP 	text_practice_resp: autoDraw = False
25.1183 	EXP 	Sound Digit1_clear reached end of file
25.1205 	EXP 	Created sequence: sequential, trialTypes=1, nReps=1, seed=None
25.1207 	EXP 	New trial (rep=0, index=0): None
25.1236 	EXP 	Created unnamed TextStim = TextStim(__class__=<class 'psychopy.visual.text.TextStim'>, alignHoriz=method-wrapper(...), alignText='center', alignVert=method-wrapper(...), anchorHoriz='center', anchorVert='center', antialias=True, autoLog=True, bold=False, color=array([1., 1., 1.]), colorSpace='rgb', contrast=1.0, depth=0, flipHoriz=False, flipVert=False, font='', fontFiles=[], height=0.1, italic=False, languageStyle='LTR', name='unnamed TextStim', opacity=1.0, ori=0.0, pos=array([0., 0.]), rgb=UNKNOWN, text='Practice trials going on', units='norm', win=Window(...), wrapWidth=1)
25.1274 	EXP 	unnamed TextStim: autoDraw = True
25.1373 	EXP 	text_practice_resp: autoDraw = True
25.5837 	DATA 	Keypress: return
25.6105 	EXP 	unnamed TextStim: autoDraw = False
25.6113 	EXP 	New trial (rep=0, index=5): {'TrialID': 5.0, 'NFB_digit1': 4.0, 'NFB_digit2': 1.0, 'NFB_digit3': 0.0, 'Speaker_trial': 33.0}
25.6120 	EXP 	Sound Digit1_clear started
25.6172 	EXP 	text_practice_resp: autoDraw = False
26.0947 	EXP 	Sound Digit1_clear reached end of file
26.0952 	EXP 	Created sequence: sequential, trialTypes=1, nReps=1, seed=None
26.0954 	EXP 	New trial (rep=0, index=0): None
26.0988 	EXP 	Created unnamed TextStim = TextStim(__class__=<class 'psychopy.visual.text.TextStim'>, alignHoriz=method-wrapper(...), alignText='center', alignVert=method-wrapper(...), anchorHoriz='center', anchorVert='center', antialias=True, autoLog=True, bold=False, color=array([1., 1., 1.]), colorSpace='rgb', contrast=1.0, depth=0, flipHoriz=False, flipVert=False, font='', fontFiles=[], height=0.1, italic=False, languageStyle='LTR', name='unnamed TextStim', opacity=1.0, ori=0.0, pos=array([0., 0.]), rgb=UNKNOWN, text='Practice trials going on', units='norm', win=Window(...), wrapWidth=1)
26.1105 	EXP 	unnamed TextStim: autoDraw = True
26.1206 	EXP 	text_practice_resp: autoDraw = True
26.4180 	DATA 	Keypress: return
26.4437 	EXP 	unnamed TextStim: autoDraw = False
26.4444 	EXP 	New trial (rep=0, index=6): {'TrialID': 6.0, 'NFB_digit1': 9.0, 'NFB_digit2': 2.0, 'NFB_digit3': 6.0, 'Speaker_trial': 13.0}
26.4451 	EXP 	Sound Digit1_clear started
26.4501 	EXP 	text_practice_resp: autoDraw = False
26.9319 	EXP 	Sound Digit1_clear reached end of file
26.9341 	EXP 	Created sequence: sequential, trialTypes=1, nReps=1, seed=None
26.9343 	EXP 	New trial (rep=0, index=0): None
26.9373 	EXP 	Created unnamed TextStim = TextStim(__class__=<class 'psychopy.visual.text.TextStim'>, alignHoriz=method-wrapper(...), alignText='center', alignVert=method-wrapper(...), anchorHoriz='center', anchorVert='center', antialias=True, autoLog=True, bold=False, color=array([1., 1., 1.]), colorSpace='rgb', contrast=1.0, depth=0, flipHoriz=False, flipVert=False, font='', fontFiles=[], height=0.1, italic=False, languageStyle='LTR', name='unnamed TextStim', opacity=1.0, ori=0.0, pos=array([0., 0.]), rgb=UNKNOWN, text='Practice trials going on', units='norm', win=Window(...), wrapWidth=1)
26.9448 	EXP 	unnamed TextStim: autoDraw = True
26.9550 	EXP 	text_practice_resp: autoDraw = True
27.2338 	DATA 	Keypress: return
27.2602 	EXP 	unnamed TextStim: autoDraw = False
27.2609 	EXP 	New trial (rep=0, index=7): {'TrialID': 7.0, 'NFB_digit1': 2.0, 'NFB_digit2': 3.0, 'NFB_digit3': 0.0, 'Speaker_trial': 10.0}
27.2617 	EXP 	Sound Digit1_clear started
27.2678 	EXP 	text_practice_resp: autoDraw = False
27.7445 	EXP 	Sound Digit1_clear reached end of file
27.7466 	EXP 	Created sequence: sequential, trialTypes=1, nReps=1, seed=None
27.7468 	EXP 	New trial (rep=0, index=0): None
27.7497 	EXP 	Created unnamed TextStim = TextStim(__class__=<class 'psychopy.visual.text.TextStim'>, alignHoriz=method-wrapper(...), alignText='center', alignVert=method-wrapper(...), anchorHoriz='center', anchorVert='center', antialias=True, autoLog=True, bold=False, color=array([1., 1., 1.]), colorSpace='rgb', contrast=1.0, depth=0, flipHoriz=False, flipVert=False, font='', fontFiles=[], height=0.1, italic=False, languageStyle='LTR', name='unnamed TextStim', opacity=1.0, ori=0.0, pos=array([0., 0.]), rgb=UNKNOWN, text='Practice trials going on', units='norm', win=Window(...), wrapWidth=1)
27.7602 	EXP 	unnamed TextStim: autoDraw = True
27.7702 	EXP 	text_practice_resp: autoDraw = True
28.0845 	DATA 	Keypress: return
28.1102 	EXP 	unnamed TextStim: autoDraw = False
28.1110 	EXP 	New trial (rep=0, index=8): {'TrialID': 8.0, 'NFB_digit1': 1.0, 'NFB_digit2': 9.0, 'NFB_digit3': 2.0, 'Speaker_trial': 48.0}
28.1117 	EXP 	Sound Digit1_clear started
28.1167 	EXP 	text_practice_resp: autoDraw = False
28.5943 	EXP 	Sound Digit1_clear reached end of file
28.5963 	EXP 	Created sequence: sequential, trialTypes=1, nReps=1, seed=None
28.5965 	EXP 	New trial (rep=0, index=0): None
28.5993 	EXP 	Created unnamed TextStim = TextStim(__class__=<class 'psychopy.visual.text.TextStim'>, alignHoriz=method-wrapper(...), alignText='center', alignVert=method-wrapper(...), anchorHoriz='center', anchorVert='center', antialias=True, autoLog=True, bold=False, color=array([1., 1., 1.]), colorSpace='rgb', contrast=1.0, depth=0, flipHoriz=False, flipVert=False, font='', fontFiles=[], height=0.1, italic=False, languageStyle='LTR', name='unnamed TextStim', opacity=1.0, ori=0.0, pos=array([0., 0.]), rgb=UNKNOWN, text='Practice trials going on', units='norm', win=Window(...), wrapWidth=1)
28.6100 	EXP 	unnamed TextStim: autoDraw = True
28.6190 	EXP 	text_practice_resp: autoDraw = True
28.9178 	DATA 	Keypress: return
28.9437 	EXP 	unnamed TextStim: autoDraw = False
28.9444 	EXP 	New trial (rep=0, index=9): {'TrialID': 9.0, 'NFB_digit1': 8.0, 'NFB_digit2': 1.0, 'NFB_digit3': 0.0, 'Speaker_trial': 21.0}
28.9451 	EXP 	Sound Digit1_clear started
28.9503 	EXP 	text_practice_resp: autoDraw = False
29.4234 	EXP 	Sound Digit1_clear reached end of file
29.4252 	EXP 	Created sequence: sequential, trialTypes=1, nReps=1, seed=None
29.4253 	EXP 	New trial (rep=0, index=0): None
29.4285 	EXP 	Created unnamed TextStim = TextStim(__class__=<class 'psychopy.visual.text.TextStim'>, alignHoriz=method-wrapper(...), alignText='center', alignVert=method-wrapper(...), anchorHoriz='center', anchorVert='center', antialias=True, autoLog=True, bold=False, color=array([1., 1., 1.]), colorSpace='rgb', contrast=1.0, depth=0, flipHoriz=False, flipVert=False, font='', fontFiles=[], height=0.1, italic=False, languageStyle='LTR', name='unnamed TextStim', opacity=1.0, ori=0.0, pos=array([0., 0.]), rgb=UNKNOWN, text='Practice trials going on', units='norm', win=Window(...), wrapWidth=1)
29.4436 	EXP 	unnamed TextStim: autoDraw = True
29.4539 	EXP 	text_practice_resp: autoDraw = True
29.8008 	DATA 	Keypress: return
29.8265 	EXP 	unnamed TextStim: autoDraw = False
29.8333 	EXP 	text_practice_resp: autoDraw = False
29.8333 	EXP 	text_practice_repeat: autoDraw = True
31.4008 	DATA 	Keypress: return
31.4296 	EXP 	text_practice_repeat: autoDraw = False
31.4296 	EXP 	text_4: autoDraw = True
32.7503 	EXP 	Imported data/Stimuli_ME_cond.xlsx as conditions, 280 conditions, 8 params
32.7512 	EXP 	Created sequence: sequential, trialTypes=280, nReps=1, seed=None
32.7516 	EXP 	New trial (rep=0, index=0): {'TrialID_ME': 0.0, 'NFB_digit1_ME': 1.0, 'NFB_digit2_ME': 2.0, 'NFB_digit3_ME': 0.0, 'Speaker_trial_ME': 33.0, 'NV_trial_ME': 1.0, 'Triggered_trial_ME': 1.0, 'Jitter_trial_ME': 0.0}
32.7531 	EXP 	Sound  set loops 2
32.7531 	EXP 	Sound  started
33.4211 	DATA 	Keypress: return
33.4253 	EXP 	text_4: autoDraw = False
33.4253 	EXP 	Fixation_ME: autoDraw = True
34.8328 	EXP 	Sound sound_digit_1_ME started
34.8395 	EXP 	Fixation_ME: autoDraw = False
34.8395 	EXP 	text_2: text = 0
34.8395 	EXP 	text_2: autoDraw = True
35.3201 	EXP 	Sound sound_digit_1_ME reached end of file
35.6978 	DATA 	Keypress: 1
35.8310 	EXP 	Created sequence: sequential, trialTypes=1, nReps=1, seed=None
35.8312 	EXP 	New trial (rep=0, index=0): None
35.8313 	EXP 	Sound  started
35.8397 	DATA 	Keypress: return
35.8454 	EXP 	text_2: autoDraw = False
35.8454 	EXP 	text_2: autoDraw = False
35.8454 	EXP 	text_7: text = 0
35.8454 	EXP 	disp_answer_ME: autoDraw = True
35.8454 	EXP 	text_7: autoDraw = True
36.8453 	EXP 	text_7: autoDraw = False
39.5668 	DATA 	Keypress: return
39.5955 	EXP 	Created unnamed TextStim = TextStim(__class__=<class 'psychopy.visual.text.TextStim'>, alignHoriz=method-wrapper(...), alignText='center', alignVert=method-wrapper(...), anchorHoriz='center', anchorVert='center', antialias=True, autoLog=True, bold=False, color=array([1., 1., 1.]), colorSpace='rgb', contrast=1.0, depth=0, flipHoriz=False, flipVert=False, font='', fontFiles=[], height=0.1, italic=False, languageStyle='LTR', name='unnamed TextStim', opacity=1.0, ori=0.0, pos=array([0., 0.]), rgb=UNKNOWN, text='Current ROC AUC:-0.0', units='norm', win=Window(...), wrapWidth=1)
39.6092 	EXP 	unnamed TextStim: autoDraw = True
39.6304 	EXP 	disp_answer_ME: autoDraw = False
39.6304 	EXP 	text_7: autoDraw = False
39.6304 	EXP 	text_5: text = array([0.])
39.6304 	EXP 	text_8: text = ROCAUC: -0.
39.6304 	EXP 	text_5: autoDraw = True
39.6304 	EXP 	text_8: autoDraw = True
41.6093 	EXP 	unnamed TextStim: autoDraw = False
41.6101 	EXP 	Sound  started
41.6113 	EXP 	New trial (rep=0, index=1): {'TrialID_ME': 1.0, 'NFB_digit1_ME': 0.0, 'NFB_digit2_ME': 8.0, 'NFB_digit3_ME': 3.0, 'Speaker_trial_ME': 49.0, 'NV_trial_ME': 1.0, 'Triggered_trial_ME': 0.0, 'Jitter_trial_ME': 1.0}
41.6128 	EXP 	Sound  started
41.6193 	EXP 	text_5: autoDraw = False
41.6193 	EXP 	text_8: autoDraw = False
41.6193 	EXP 	text_next_block_ME: text = ''
41.6193 	EXP 	text_next_block_ME: autoDraw = False
41.6193 	EXP 	Fixation_ME: autoDraw = True
43.7284 	EXP 	Sound sound_digit_1_ME started
43.7351 	EXP 	Fixation_ME: autoDraw = False
43.7351 	EXP 	text_2: text = 1
43.7351 	EXP 	text_2: autoDraw = True
44.2111 	EXP 	Sound sound_digit_1_ME reached end of file
44.7297 	EXP 	Created sequence: sequential, trialTypes=1, nReps=1, seed=None
44.7298 	EXP 	New trial (rep=0, index=0): None
44.7299 	EXP 	Sound  started
44.7447 	EXP 	text_2: autoDraw = False
44.7447 	EXP 	text_2: autoDraw = False
44.7447 	EXP 	text_7: text = 0
44.7447 	EXP 	disp_answer_ME: autoDraw = True
44.7447 	EXP 	text_7: autoDraw = True
44.9338 	DATA 	Keypress: 0
45.1332 	DATA 	Keypress: return
45.1572 	EXP 	Created unnamed TextStim = TextStim(__class__=<class 'psychopy.visual.text.TextStim'>, alignHoriz=method-wrapper(...), alignText='center', alignVert=method-wrapper(...), anchorHoriz='center', anchorVert='center', antialias=True, autoLog=True, bold=False, color=array([1., 1., 1.]), colorSpace='rgb', contrast=1.0, depth=0, flipHoriz=False, flipVert=False, font='', fontFiles=[], height=0.1, italic=False, languageStyle='LTR', name='unnamed TextStim', opacity=1.0, ori=0.0, pos=array([0., 0.]), rgb=UNKNOWN, text='Current ROC AUC:0.5', units='norm', win=Window(...), wrapWidth=1)
45.1755 	EXP 	unnamed TextStim: autoDraw = True
45.1890 	EXP 	disp_answer_ME: autoDraw = False
45.1890 	EXP 	text_7: autoDraw = False
45.1890 	EXP 	text_5: text = array([1.])
45.1890 	EXP 	text_8: text = ROCAUC: 0.5
45.1890 	EXP 	text_5: autoDraw = True
45.1890 	EXP 	text_8: autoDraw = True
47.1753 	EXP 	unnamed TextStim: autoDraw = False
47.1885 	EXP 	Sound  stopped
47.1904 	EXP 	Sound  started
47.2466 	EXP 	text_5: autoDraw = False
47.2466 	EXP 	text_8: autoDraw = False
47.2466 	EXP 	text_next_block_ME: text = 'Die Kalibrierungphase ist zu Ende, gut gemacht!\n        \n        Der/die VersuchsleiterIn wird in Kürze in den Raum kommen.'
47.2466 	EXP 	text_next_block_ME: autoDraw = True
49.7529 	DATA 	Keypress: escape
49.8665 	EXP 	window1: mouseVisible = True
51.2579 	EXP 	window1: mouseVisible = True
