6.6068 	WARNING 	User requested fullscreen with size [1280  720], but screen is actually [2560, 1440]. Using actual size
9.5732 	EXP 	Created window1 = Window(allowGUI=False, allowStencil=False, autoLog=True, backendConf=UNKNOWN, bitsMode=UNKNOWN, blendMode='avg', bpc=(8, 8, 8), color=array([0, 0, 0]), colorSpace='rgb', depthBits=8, fullscr=<method-wrapper '__getattribute__' of attributeSetter object at 0x000001AD5D3B4908>, gamma=None, gammaErrorPolicy='raise', lms=UNKNOWN, monitor=<psychopy.monitors.calibTools.Monitor object at 0x000001AD5D409F28>, multiSample=False, name='window1', numSamples=2, pos=[0.0, 0.0], screen=0, size=array([2560, 1440]), stencilBits=0, stereo=False, units='height', useFBO=True, useRetina=False, viewOri=0.0, viewPos=None, viewScale=None, waitBlanking=True, winType='pyglet')
9.5733 	EXP 	window1: mouseVisible = True
9.5734 	EXP 	window1: recordFrameIntervals = False
9.7396 	EXP 	window1: recordFrameIntervals = True
9.9238 	EXP 	window1: recordFrameIntervals = False
11.9787 	EXP 	Created Instructions_Background_Noise = TextStim(__class__=<class 'psychopy.visual.text.TextStim'>, alignHoriz=method-wrapper(...), alignText='center', alignVert=method-wrapper(...), anchorHoriz='center', anchorVert='center', antialias=True, autoLog=True, bold=False, color=array([-1., -1., -1.]), colorSpace='rgb', contrast=1.0, depth=-1.0, flipHoriz=False, flipVert=False, font='Arial', fontFiles=[], height=0.03, italic=False, languageStyle='LTR', name='Instructions_Background_Noise', opacity=1, ori=0, pos=array([0., 0.]), rgb=UNKNOWN, text=str(...), units='height', win=Window(...), wrapWidth=1)
12.0268 	EXP 	Created Fixation_cross_Test = TextStim(__class__=<class 'psychopy.visual.text.TextStim'>, alignHoriz=method-wrapper(...), alignText='center', alignVert=method-wrapper(...), anchorHoriz='center', anchorVert='center', antialias=True, autoLog=True, bold=False, color=array([-1., -1., -1.]), colorSpace='rgb', contrast=1.0, depth=-1.0, flipHoriz=False, flipVert=False, font='Arial', fontFiles=[], height=0.2, italic=False, languageStyle='LTR', name='Fixation_cross_Test', opacity=1, ori=0, pos=array([0., 0.]), rgb=UNKNOWN, text='+', units='height', win=Window(...), wrapWidth=1)
12.0692 	EXP 	Created text_practice = TextStim(__class__=<class 'psychopy.visual.text.TextStim'>, alignHoriz=method-wrapper(...), alignText='center', alignVert=method-wrapper(...), anchorHoriz='center', anchorVert='center', antialias=True, autoLog=True, bold=False, color=array([-1., -1., -1.]), colorSpace='rgb', contrast=1.0, depth=-1.0, flipHoriz=False, flipVert=False, font='Arial', fontFiles=[], height=0.03, italic=False, languageStyle='LTR', name='text_practice', opacity=1, ori=0, pos=array([0., 0.]), rgb=UNKNOWN, text=str(...), units='height', win=Window(...), wrapWidth=1)
12.0783 	EXP 	Sound Digit1_clear set volume 1.000
12.0873 	EXP 	Sound Digit2_clear set volume 1.000
12.0970 	EXP 	Sound Digit3_clear set volume 1.000
12.0994 	EXP 	Created text_practice_resp = TextStim(__class__=<class 'psychopy.visual.text.TextStim'>, alignHoriz=method-wrapper(...), alignText='center', alignVert=method-wrapper(...), anchorHoriz='center', anchorVert='center', antialias=True, autoLog=True, bold=False, color=array([-1., -1., -1.]), colorSpace='rgb', contrast=1.0, depth=-2.0, flipHoriz=False, flipVert=False, font='Arial', fontFiles=[], height=0.1, italic=False, languageStyle='LTR', name='text_practice_resp', opacity=1, ori=0, pos=array([0., 0.]), rgb=UNKNOWN, text='', units='height', win=Window(...), wrapWidth=1)
12.1252 	EXP 	Created text_practice_repeat = TextStim(__class__=<class 'psychopy.visual.text.TextStim'>, alignHoriz=method-wrapper(...), alignText='center', alignVert=method-wrapper(...), anchorHoriz='center', anchorVert='center', antialias=True, autoLog=True, bold=False, color=array([-1., -1., -1.]), colorSpace='rgb', contrast=1.0, depth=-1.0, flipHoriz=False, flipVert=False, font='Arial', fontFiles=[], height=0.05, italic=False, languageStyle='LTR', name='text_practice_repeat', opacity=1, ori=0, pos=array([0., 0.]), rgb=UNKNOWN, text=str(...), units='height', win=Window(...), wrapWidth=1)
12.1711 	EXP 	Created text_4 = TextStim(__class__=<class 'psychopy.visual.text.TextStim'>, alignHoriz=method-wrapper(...), alignText='center', alignVert=method-wrapper(...), anchorHoriz='center', anchorVert='center', antialias=True, autoLog=True, bold=False, color=array([-1., -1., -1.]), colorSpace='rgb', contrast=1.0, depth=-1.0, flipHoriz=False, flipVert=False, font='Arial', fontFiles=[], height=0.03, italic=False, languageStyle='LTR', name='text_4', opacity=1.0, ori=0.0, pos=array([0., 0.]), rgb=UNKNOWN, text=str(...), units='height', win=Window(...), wrapWidth=1)
12.1779 	EXP 	Created Fixation_ME = TextStim(__class__=<class 'psychopy.visual.text.TextStim'>, alignHoriz=method-wrapper(...), alignText='center', alignVert=method-wrapper(...), anchorHoriz='center', anchorVert='center', antialias=True, autoLog=True, bold=False, color=array([-1., -1., -1.]), colorSpace='rgb', contrast=1.0, depth=-1.0, flipHoriz=False, flipVert=False, font='Open Sans', fontFiles=[], height=0.1, italic=False, languageStyle='LTR', name='Fixation_ME', opacity=1.0, ori=0.0, pos=array([0., 0.]), rgb=UNKNOWN, text='+', units='height', win=Window(...), wrapWidth=1)
12.1885 	EXP 	Sound sound_digit_1_ME set volume 1.000
12.1986 	EXP 	Sound sound_digit_2_ME set volume 1.000
12.2091 	EXP 	Sound sound_digit_3_ME set volume 1.000
12.2107 	EXP 	Created text_2 = TextStim(__class__=<class 'psychopy.visual.text.TextStim'>, alignHoriz=method-wrapper(...), alignText='center', alignVert=method-wrapper(...), anchorHoriz='center', anchorVert='center', antialias=True, autoLog=True, bold=False, color=array([-1., -1., -1.]), colorSpace='rgb', contrast=1.0, depth=-4.0, flipHoriz=False, flipVert=False, font='Open Sans', fontFiles=[], height=0.1, italic=False, languageStyle='LTR', name='text_2', opacity=1.0, ori=0.0, pos=array([0., 0.]), rgb=UNKNOWN, text='', units='height', win=Window(...), wrapWidth=1)
12.2121 	EXP 	Created disp_answer_ME = TextStim(__class__=<class 'psychopy.visual.text.TextStim'>, alignHoriz=method-wrapper(...), alignText='center', alignVert=method-wrapper(...), anchorHoriz='center', anchorVert='center', antialias=True, autoLog=True, bold=False, color=array([-1., -1., -1.]), colorSpace='rgb', contrast=1.0, depth=-2.0, flipHoriz=False, flipVert=False, font='Arial', fontFiles=[], height=0.1, italic=False, languageStyle='LTR', name='disp_answer_ME', opacity=1.0, ori=0.0, pos=array([0., 0.]), rgb=UNKNOWN, text='', units='height', win=Window(...), wrapWidth=1)
12.2135 	EXP 	Created text_7 = TextStim(__class__=<class 'psychopy.visual.text.TextStim'>, alignHoriz=method-wrapper(...), alignText='center', alignVert=method-wrapper(...), anchorHoriz='center', anchorVert='center', antialias=True, autoLog=True, bold=False, color=array([1., 1., 1.]), colorSpace='rgb', contrast=1.0, depth=-3.0, flipHoriz=False, flipVert=False, font='Open Sans', fontFiles=[], height=0.1, italic=False, languageStyle='LTR', name='text_7', opacity=1, ori=0.0, pos=array([ 0. , -0.1]), rgb=UNKNOWN, text='', units='height', win=Window(...), wrapWidth=1)
12.2148 	EXP 	Created text_5 = TextStim(__class__=<class 'psychopy.visual.text.TextStim'>, alignHoriz=method-wrapper(...), alignText='center', alignVert=method-wrapper(...), anchorHoriz='center', anchorVert='center', antialias=True, autoLog=True, bold=False, color=array([1., 1., 1.]), colorSpace='rgb', contrast=1.0, depth=-1.0, flipHoriz=False, flipVert=False, font='Open Sans', fontFiles=[], height=0.1, italic=False, languageStyle='LTR', name='text_5', opacity=1, ori=0.0, pos=array([0., 0.]), rgb=UNKNOWN, text='', units='height', win=Window(...), wrapWidth=1)
12.2162 	EXP 	Created text_8 = TextStim(__class__=<class 'psychopy.visual.text.TextStim'>, alignHoriz=method-wrapper(...), alignText='center', alignVert=method-wrapper(...), anchorHoriz='center', anchorVert='center', antialias=True, autoLog=True, bold=False, color=array([1., 1., 1.]), colorSpace='rgb', contrast=1.0, depth=-2.0, flipHoriz=False, flipVert=False, font='Open Sans', fontFiles=[], height=0.1, italic=False, languageStyle='LTR', name='text_8', opacity=1, ori=0.0, pos=array([ 0. , -0.2]), rgb=UNKNOWN, text='', units='height', win=Window(...), wrapWidth=1)
12.2176 	EXP 	Created text_next_block_ME = TextStim(__class__=<class 'psychopy.visual.text.TextStim'>, alignHoriz=method-wrapper(...), alignText='center', alignVert=method-wrapper(...), anchorHoriz='center', anchorVert='center', antialias=True, autoLog=True, bold=False, color=array([1., 1., 1.]), colorSpace='rgb', contrast=1.0, depth=-1.0, flipHoriz=False, flipVert=False, font='Open Sans', fontFiles=[], height=0.1, italic=False, languageStyle='LTR', name='text_next_block_ME', opacity=1, ori=0.0, pos=array([0., 0.]), rgb=UNKNOWN, text='', units='height', win=Window(...), wrapWidth=1)
12.2880 	EXP 	Created text_break = TextStim(__class__=<class 'psychopy.visual.text.TextStim'>, alignHoriz=method-wrapper(...), alignText='center', alignVert=method-wrapper(...), anchorHoriz='center', anchorVert='center', antialias=True, autoLog=True, bold=False, color=array([-1., -1., -1.]), colorSpace='rgb', contrast=1.0, depth=-1.0, flipHoriz=False, flipVert=False, font='Arial', fontFiles=[], height=0.05, italic=False, languageStyle='LTR', name='text_break', opacity=1, ori=0, pos=array([0., 0.]), rgb=UNKNOWN, text=str(...), units='height', win=Window(...), wrapWidth=1)
12.3054 	EXP 	Created Fixation = TextStim(__class__=<class 'psychopy.visual.text.TextStim'>, alignHoriz=method-wrapper(...), alignText='center', alignVert=method-wrapper(...), anchorHoriz='center', anchorVert='center', antialias=True, autoLog=True, bold=False, color=array([-1., -1., -1.]), colorSpace='rgb', contrast=1.0, depth=-1.0, flipHoriz=False, flipVert=False, font='Arial', fontFiles=[], height=0.2, italic=False, languageStyle='LTR', name='Fixation', opacity=1, ori=0, pos=array([0., 0.]), rgb=UNKNOWN, text='+', units='height', win=Window(...), wrapWidth=1)
12.3068 	EXP 	Created text_6 = TextStim(__class__=<class 'psychopy.visual.text.TextStim'>, alignHoriz=method-wrapper(...), alignText='center', alignVert=method-wrapper(...), anchorHoriz='center', anchorVert='center', antialias=True, autoLog=True, bold=False, color=array([1., 1., 1.]), colorSpace='rgb', contrast=1.0, depth=-2.0, flipHoriz=False, flipVert=False, font='Open Sans', fontFiles=[], height=0.1, italic=False, languageStyle='LTR', name='text_6', opacity=1, ori=0.0, pos=array([ 0. , -0.1]), rgb=UNKNOWN, text='', units='height', win=Window(...), wrapWidth=1)
12.3095 	EXP 	Created Fixation_Play = TextStim(__class__=<class 'psychopy.visual.text.TextStim'>, alignHoriz=method-wrapper(...), alignText='center', alignVert=method-wrapper(...), anchorHoriz='center', anchorVert='center', antialias=True, autoLog=True, bold=False, color=array([-1., -1., -1.]), colorSpace='rgb', contrast=1.0, depth=-1.0, flipHoriz=False, flipVert=False, font='Arial', fontFiles=[], height=0.2, italic=False, languageStyle='LTR', name='Fixation_Play', opacity=1.0, ori=0.0, pos=array([0., 0.]), rgb=UNKNOWN, text='+', units='height', win=Window(...), wrapWidth=1)
12.3187 	EXP 	Sound sound_digit1 set volume 1.000
12.3286 	EXP 	Sound sound_digit2 set volume 1.000
12.3402 	EXP 	Sound sound_digit3 set volume 1.000
12.3419 	EXP 	Created disp_answer = TextStim(__class__=<class 'psychopy.visual.text.TextStim'>, alignHoriz=method-wrapper(...), alignText='center', alignVert=method-wrapper(...), anchorHoriz='center', anchorVert='center', antialias=True, autoLog=True, bold=False, color=array([-1., -1., -1.]), colorSpace='rgb', contrast=1.0, depth=-2.0, flipHoriz=False, flipVert=False, font='Arial', fontFiles=[], height=0.1, italic=False, languageStyle='LTR', name='disp_answer', opacity=1, ori=0, pos=array([0., 0.]), rgb=UNKNOWN, text='', units='height', win=Window(...), wrapWidth=1)
12.3434 	EXP 	Created text_nextblock = TextStim(__class__=<class 'psychopy.visual.text.TextStim'>, alignHoriz=method-wrapper(...), alignText='center', alignVert=method-wrapper(...), anchorHoriz='center', anchorVert='center', antialias=True, autoLog=True, bold=False, color=array([-1., -1., -1.]), colorSpace='rgb', contrast=1.0, depth=-1.0, flipHoriz=False, flipVert=False, font='Arial', fontFiles=[], height=0.05, italic=False, languageStyle='LTR', name='text_nextblock', opacity=1.0, ori=0.0, pos=array([0., 0.]), rgb=UNKNOWN, text='', units='height', win=Window(...), wrapWidth=1)
12.5543 	EXP 	Instructions_Background_Noise: autoDraw = True
14.0908 	DATA 	Mouse: Left button down, pos=(1400,159)
14.1575 	DATA 	Mouse:  Left button up, pos=(1400,159)
14.6742 	DATA 	Keypress: return
14.6760 	EXP 	Sound  started
14.6892 	EXP 	Instructions_Background_Noise: autoDraw = False
14.6892 	EXP 	Fixation_cross_Test: autoDraw = True
19.6856 	EXP 	Sound  stopped
19.6863 	EXP 	Created sequence: sequential, trialTypes=1, nReps=100, seed=None
19.6869 	EXP 	New trial (rep=0, index=0): None
19.6948 	EXP 	Fixation_cross_Test: autoDraw = False
19.6948 	EXP 	Fixation_cross_Test: autoDraw = False
19.6948 	EXP 	text_practice: autoDraw = True
20.7841 	EXP 	Imported data/practice_trials.xlsx as conditions, 1 conditions, 5 params
20.7844 	EXP 	Created sequence: sequential, trialTypes=1, nReps=1, seed=None
20.7847 	EXP 	New trial (rep=0, index=0): {'TrialID': 0.0, 'NFB_digit1': 6.0, 'NFB_digit2': 2.0, 'NFB_digit3': 4.0, 'Speaker_trial': 33.0}
20.7877 	EXP 	Sound Digit1_clear started
20.7897 	DATA 	Keypress: return
20.7932 	EXP 	text_practice: autoDraw = False
21.2642 	EXP 	Sound Digit1_clear reached end of file
21.2643 	EXP 	Sound Digit2_clear started
21.7511 	EXP 	Sound Digit2_clear reached end of file
21.7511 	EXP 	Sound Digit3_clear started
22.2236 	EXP 	Sound Digit3_clear reached end of file
22.2262 	EXP 	Created sequence: sequential, trialTypes=1, nReps=3, seed=None
22.2264 	EXP 	New trial (rep=0, index=0): None
22.2454 	EXP 	text_practice_resp: autoDraw = True
22.5770 	DATA 	Keypress: return
22.5966 	EXP 	New trial (rep=1, index=0): None
22.6056 	EXP 	text_practice_resp: autoDraw = False
22.6056 	EXP 	text_practice_resp: autoDraw = True
22.7934 	DATA 	Keypress: return
22.8127 	EXP 	New trial (rep=2, index=0): None
22.8224 	EXP 	text_practice_resp: autoDraw = False
22.8224 	EXP 	text_practice_resp: autoDraw = True
22.9937 	DATA 	Keypress: return
23.0390 	EXP 	text_practice_resp: autoDraw = False
23.0390 	EXP 	text_practice_repeat: autoDraw = True
23.8101 	DATA 	Keypress: return
23.8557 	EXP 	text_practice_repeat: autoDraw = False
23.8557 	EXP 	text_4: autoDraw = True
24.8142 	EXP 	Imported data/Stimuli_ME_cond.xlsx as conditions, 280 conditions, 8 params
24.8151 	EXP 	Created sequence: sequential, trialTypes=280, nReps=1, seed=None
24.8154 	EXP 	New trial (rep=0, index=0): {'TrialID_ME': 0.0, 'NFB_digit1_ME': 1.0, 'NFB_digit2_ME': 2.0, 'NFB_digit3_ME': 0.0, 'Speaker_trial_ME': 33.0, 'NV_trial_ME': 1.0, 'Triggered_trial_ME': 1.0, 'Jitter_trial_ME': 0.0}
24.8170 	EXP 	Sound  set loops 2
24.8170 	EXP 	Sound  started
25.4906 	DATA 	Keypress: return
25.4942 	EXP 	text_4: autoDraw = False
25.4942 	EXP 	Fixation_ME: autoDraw = True
26.9038 	EXP 	Sound sound_digit_1_ME started
26.9103 	EXP 	Fixation_ME: autoDraw = False
26.9103 	EXP 	text_2: text = 0
26.9103 	EXP 	text_2: autoDraw = True
27.3909 	EXP 	Sound sound_digit_1_ME reached end of file
27.3910 	EXP 	Sound sound_digit_2_ME started
27.8667 	EXP 	Sound sound_digit_2_ME reached end of file
27.8667 	EXP 	Sound sound_digit_3_ME started
27.9215 	EXP 	text_2: autoDraw = False
28.3519 	EXP 	Sound sound_digit_3_ME reached end of file
28.3554 	EXP 	Created sequence: sequential, trialTypes=1, nReps=3, seed=None
28.3555 	EXP 	New trial (rep=0, index=0): None
28.3556 	EXP 	Sound  started
28.3711 	EXP 	text_2: autoDraw = False
28.3711 	EXP 	text_7: text = 0
28.3711 	EXP 	disp_answer_ME: autoDraw = True
28.3711 	EXP 	text_7: autoDraw = True
28.7603 	DATA 	Keypress: 1
28.8941 	DATA 	Keypress: return
28.9142 	EXP 	New trial (rep=1, index=0): None
28.9143 	EXP 	Sound  started
28.9284 	EXP 	disp_answer_ME: autoDraw = False
28.9284 	EXP 	text_7: autoDraw = False
28.9284 	EXP 	text_7: text = 1
28.9284 	EXP 	disp_answer_ME: autoDraw = True
28.9284 	EXP 	text_7: autoDraw = True
29.0436 	DATA 	Keypress: 2
29.2600 	DATA 	Keypress: return
29.2788 	EXP 	New trial (rep=2, index=0): None
29.2789 	EXP 	Sound  started
29.2925 	EXP 	disp_answer_ME: autoDraw = False
29.2925 	EXP 	text_7: autoDraw = False
29.2925 	EXP 	text_7: text = 2
29.2925 	EXP 	disp_answer_ME: autoDraw = True
29.2925 	EXP 	text_7: autoDraw = True
29.6274 	DATA 	Keypress: 0
29.7445 	DATA 	Keypress: return
29.7903 	EXP 	disp_answer_ME: autoDraw = False
29.7903 	EXP 	text_7: autoDraw = False
29.7903 	EXP 	text_5: text = array([1.])
29.7903 	EXP 	text_8: text = ROCAUC: -0.
29.7903 	EXP 	text_5: autoDraw = True
29.7903 	EXP 	text_8: autoDraw = True
31.7722 	EXP 	Sound  started
31.7734 	EXP 	New trial (rep=0, index=1): {'TrialID_ME': 1.0, 'NFB_digit1_ME': 0.0, 'NFB_digit2_ME': 8.0, 'NFB_digit3_ME': 3.0, 'Speaker_trial_ME': 49.0, 'NV_trial_ME': 1.0, 'Triggered_trial_ME': 0.0, 'Jitter_trial_ME': 1.0}
31.7753 	EXP 	Sound  started
31.7876 	EXP 	text_5: autoDraw = False
31.7876 	EXP 	text_8: autoDraw = False
31.7876 	EXP 	text_next_block_ME: text = ''
31.7876 	EXP 	text_next_block_ME: autoDraw = False
31.7876 	EXP 	Fixation_ME: autoDraw = True
33.8749 	EXP 	Sound sound_digit_1_ME started
33.8818 	EXP 	Fixation_ME: autoDraw = False
33.8818 	EXP 	text_2: text = 1
33.8818 	EXP 	text_2: autoDraw = True
34.3585 	EXP 	Sound sound_digit_1_ME reached end of file
34.3585 	EXP 	Sound sound_digit_2_ME started
34.8376 	EXP 	Sound sound_digit_2_ME reached end of file
34.8376 	EXP 	Sound sound_digit_3_ME started
34.8876 	EXP 	text_2: autoDraw = False
35.3186 	EXP 	Sound sound_digit_3_ME reached end of file
35.3211 	EXP 	Created sequence: sequential, trialTypes=1, nReps=3, seed=None
35.3213 	EXP 	New trial (rep=0, index=0): None
35.3213 	EXP 	Sound  started
35.3324 	EXP 	text_2: autoDraw = False
35.3324 	EXP 	text_7: text = 0
35.3324 	EXP 	disp_answer_ME: autoDraw = True
35.3324 	EXP 	text_7: autoDraw = True
35.6594 	DATA 	Keypress: 0
35.8602 	DATA 	Keypress: return
35.8795 	EXP 	New trial (rep=1, index=0): None
35.8796 	EXP 	Sound  started
35.8922 	EXP 	disp_answer_ME: autoDraw = False
35.8922 	EXP 	text_7: autoDraw = False
35.8922 	EXP 	text_7: text = 1
35.8922 	EXP 	disp_answer_ME: autoDraw = True
35.8922 	EXP 	text_7: autoDraw = True
36.1438 	DATA 	Keypress: 8
36.3263 	DATA 	Keypress: return
36.3451 	EXP 	New trial (rep=2, index=0): None
36.3452 	EXP 	Sound  started
36.3576 	EXP 	disp_answer_ME: autoDraw = False
36.3576 	EXP 	text_7: autoDraw = False
36.3576 	EXP 	text_7: text = 2
36.3576 	EXP 	disp_answer_ME: autoDraw = True
36.3576 	EXP 	text_7: autoDraw = True
36.6435 	DATA 	Keypress: 3
36.7781 	DATA 	Keypress: return
38.2144 	EXP 	window1: mouseVisible = True
