5.4523 	WARNING 	User requested fullscreen with size [1280  720], but screen is actually [2560, 1440]. Using actual size
7.0037 	EXP 	Created window1 = Window(allowGUI=False, allowStencil=False, autoLog=True, backendConf=UNKNOWN, bitsMode=UNKNOWN, blendMode='avg', bpc=(8, 8, 8), color=array([0, 0, 0]), colorSpace='rgb', depthBits=8, fullscr=<method-wrapper '__getattribute__' of attributeSetter object at 0x0000025333317F98>, gamma=None, gammaErrorPolicy='raise', lms=UNKNOWN, monitor=<psychopy.monitors.calibTools.Monitor object at 0x000002533336B1D0>, multiSample=False, name='window1', numSamples=2, pos=[0.0, 0.0], screen=0, size=array([2560, 1440]), stencilBits=0, stereo=False, units='height', useFBO=True, useRetina=False, viewOri=0.0, viewPos=None, viewScale=None, waitBlanking=True, winType='pyglet')
7.0038 	EXP 	window1: mouseVisible = True
7.0038 	EXP 	window1: recordFrameIntervals = False
7.1704 	EXP 	window1: recordFrameIntervals = True
7.3537 	EXP 	window1: recordFrameIntervals = False
8.5939 	EXP 	Created Instructions_Noise = TextStim(__class__=<class 'psychopy.visual.text.TextStim'>, alignHoriz=method-wrapper(...), alignText='center', alignVert=method-wrapper(...), anchorHoriz='center', anchorVert='center', antialias=True, autoLog=True, bold=False, color=array([-1., -1., -1.]), colorSpace='rgb', contrast=1.0, depth=-1.0, flipHoriz=False, flipVert=False, font='Arial', fontFiles=[], height=0.03, italic=False, languageStyle='LTR', name='Instructions_Noise', opacity=1, ori=0, pos=array([0., 0.]), rgb=UNKNOWN, text=str(...), units='height', win=Window(...), wrapWidth=1)
8.6316 	EXP 	Created Fixation_cross_Test = TextStim(__class__=<class 'psychopy.visual.text.TextStim'>, alignHoriz=method-wrapper(...), alignText='center', alignVert=method-wrapper(...), anchorHoriz='center', anchorVert='center', antialias=True, autoLog=True, bold=False, color=array([-1., -1., -1.]), colorSpace='rgb', contrast=1.0, depth=-1.0, flipHoriz=False, flipVert=False, font='Arial', fontFiles=[], height=0.2, italic=False, languageStyle='LTR', name='Fixation_cross_Test', opacity=1, ori=0, pos=array([0., 0.]), rgb=UNKNOWN, text='+', units='height', win=Window(...), wrapWidth=1)
8.6767 	EXP 	Created Instructions_clear_Digits = TextStim(__class__=<class 'psychopy.visual.text.TextStim'>, alignHoriz=method-wrapper(...), alignText='center', alignVert=method-wrapper(...), anchorHoriz='center', anchorVert='center', antialias=True, autoLog=True, bold=False, color=array([-1., -1., -1.]), colorSpace='rgb', contrast=1.0, depth=-1.0, flipHoriz=False, flipVert=False, font='Arial', fontFiles=[], height=0.03, italic=False, languageStyle='LTR', name='Instructions_clear_Digits', opacity=1, ori=0, pos=array([0., 0.]), rgb=UNKNOWN, text=str(...), units='height', win=Window(...), wrapWidth=1)
8.6860 	EXP 	Sound Digit1_clear set volume 1.000
8.6952 	EXP 	Sound Digit2_clear set volume 1.000
8.7047 	EXP 	Sound Digit3_clear set volume 1.000
8.7071 	EXP 	Created disp_answer_3 = TextStim(__class__=<class 'psychopy.visual.text.TextStim'>, alignHoriz=method-wrapper(...), alignText='center', alignVert=method-wrapper(...), anchorHoriz='center', anchorVert='center', antialias=True, autoLog=True, bold=False, color=array([-1., -1., -1.]), colorSpace='rgb', contrast=1.0, depth=-2.0, flipHoriz=False, flipVert=False, font='Arial', fontFiles=[], height=0.1, italic=False, languageStyle='LTR', name='disp_answer_3', opacity=1, ori=0, pos=array([0., 0.]), rgb=UNKNOWN, text='', units='height', win=Window(...), wrapWidth=1)
8.7360 	EXP 	Created text_4 = TextStim(__class__=<class 'psychopy.visual.text.TextStim'>, alignHoriz=method-wrapper(...), alignText='center', alignVert=method-wrapper(...), anchorHoriz='center', anchorVert='center', antialias=True, autoLog=True, bold=False, color=array([-1., -1., -1.]), colorSpace='rgb', contrast=1.0, depth=-1.0, flipHoriz=False, flipVert=False, font='Arial', fontFiles=[], height=0.05, italic=False, languageStyle='LTR', name='text_4', opacity=1, ori=0, pos=array([0., 0.]), rgb=UNKNOWN, text=str(...), units='height', win=Window(...), wrapWidth=1)
8.7793 	EXP 	Created Instructions_begin = TextStim(__class__=<class 'psychopy.visual.text.TextStim'>, alignHoriz=method-wrapper(...), alignText='center', alignVert=method-wrapper(...), anchorHoriz='center', anchorVert='center', antialias=True, autoLog=True, bold=False, color=array([-1., -1., -1.]), colorSpace='rgb', contrast=1.0, depth=-1.0, flipHoriz=False, flipVert=False, font='Arial', fontFiles=[], height=0.05, italic=False, languageStyle='LTR', name='Instructions_begin', opacity=1, ori=0, pos=array([0., 0.]), rgb=UNKNOWN, text=str(...), units='height', win=Window(...), wrapWidth=1)
8.7935 	EXP 	Created Fixation_cross = TextStim(__class__=<class 'psychopy.visual.text.TextStim'>, alignHoriz=method-wrapper(...), alignText='center', alignVert=method-wrapper(...), anchorHoriz='center', anchorVert='center', antialias=True, autoLog=True, bold=False, color=array([-1., -1., -1.]), colorSpace='rgb', contrast=1.0, depth=-1.0, flipHoriz=False, flipVert=False, font='Arial', fontFiles=[], height=0.2, italic=False, languageStyle='LTR', name='Fixation_cross', opacity=1, ori=0, pos=array([0., 0.]), rgb=UNKNOWN, text='+', units='height', win=Window(...), wrapWidth=1)
8.8045 	EXP 	Created text_5 = TextStim(__class__=<class 'psychopy.visual.text.TextStim'>, alignHoriz=method-wrapper(...), alignText='center', alignVert=method-wrapper(...), anchorHoriz='center', anchorVert='center', antialias=True, autoLog=True, bold=False, color=array([-1., -1., -1.]), colorSpace='rgb', contrast=1.0, depth=-1.0, flipHoriz=False, flipVert=False, font='Arial', fontFiles=[], height=0.05, italic=False, languageStyle='LTR', name='text_5', opacity=1, ori=0, pos=array([0., 0.]), rgb=UNKNOWN, text=str(...), units='height', win=Window(...), wrapWidth=1)
8.8708 	EXP 	Created Begin = TextStim(__class__=<class 'psychopy.visual.text.TextStim'>, alignHoriz=method-wrapper(...), alignText='center', alignVert=method-wrapper(...), anchorHoriz='center', anchorVert='center', antialias=True, autoLog=True, bold=False, color=array([-1., -1., -1.]), colorSpace='rgb', contrast=1.0, depth=-1.0, flipHoriz=False, flipVert=False, font='Arial', fontFiles=[], height=0.05, italic=False, languageStyle='LTR', name='Begin', opacity=1, ori=0, pos=array([0., 0.]), rgb=UNKNOWN, text=str(...), units='height', win=Window(...), wrapWidth=1)
8.8734 	EXP 	Created Fixation = TextStim(__class__=<class 'psychopy.visual.text.TextStim'>, alignHoriz=method-wrapper(...), alignText='center', alignVert=method-wrapper(...), anchorHoriz='center', anchorVert='center', antialias=True, autoLog=True, bold=False, color=array([-1., -1., -1.]), colorSpace='rgb', contrast=1.0, depth=-1.0, flipHoriz=False, flipVert=False, font='Arial', fontFiles=[], height=0.2, italic=False, languageStyle='LTR', name='Fixation', opacity=1, ori=0, pos=array([0., 0.]), rgb=UNKNOWN, text='+', units='height', win=Window(...), wrapWidth=1)
8.8759 	EXP 	Created text_6 = TextStim(__class__=<class 'psychopy.visual.text.TextStim'>, alignHoriz=method-wrapper(...), alignText='center', alignVert=method-wrapper(...), anchorHoriz='center', anchorVert='center', antialias=True, autoLog=True, bold=False, color=array([1., 1., 1.]), colorSpace='rgb', contrast=1.0, depth=-2.0, flipHoriz=False, flipVert=False, font='Open Sans', fontFiles=[], height=0.1, italic=False, languageStyle='LTR', name='text_6', opacity=1, ori=0.0, pos=array([0., 0.]), rgb=UNKNOWN, text='', units='height', win=Window(...), wrapWidth=1)
8.8772 	EXP 	Created text_2 = TextStim(__class__=<class 'psychopy.visual.text.TextStim'>, alignHoriz=method-wrapper(...), alignText='center', alignVert=method-wrapper(...), anchorHoriz='center', anchorVert='center', antialias=True, autoLog=True, bold=False, color=array([1., 1., 1.]), colorSpace='rgb', contrast=1.0, depth=-3.0, flipHoriz=False, flipVert=False, font='Open Sans', fontFiles=[], height=0.1, italic=False, languageStyle='LTR', name='text_2', opacity=1, ori=0.0, pos=array([ 0. , -0.1]), rgb=UNKNOWN, text='', units='height', win=Window(...), wrapWidth=1)
8.8785 	EXP 	Created text_7 = TextStim(__class__=<class 'psychopy.visual.text.TextStim'>, alignHoriz=method-wrapper(...), alignText='center', alignVert=method-wrapper(...), anchorHoriz='center', anchorVert='center', antialias=True, autoLog=True, bold=False, color=array([1., 1., 1.]), colorSpace='rgb', contrast=1.0, depth=-4.0, flipHoriz=False, flipVert=False, font='Open Sans', fontFiles=[], height=0.1, italic=False, languageStyle='LTR', name='text_7', opacity=1, ori=0.0, pos=array([ 0. , -0.2]), rgb=UNKNOWN, text='', units='height', win=Window(...), wrapWidth=1)
8.8798 	EXP 	Created text_8 = TextStim(__class__=<class 'psychopy.visual.text.TextStim'>, alignHoriz=method-wrapper(...), alignText='center', alignVert=method-wrapper(...), anchorHoriz='center', anchorVert='center', antialias=True, autoLog=True, bold=False, color=array([1., 1., 1.]), colorSpace='rgb', contrast=1.0, depth=-5.0, flipHoriz=False, flipVert=False, font='Open Sans', fontFiles=[], height=0.1, italic=False, languageStyle='LTR', name='text_8', opacity=1, ori=0.0, pos=array([ 0. , -0.3]), rgb=UNKNOWN, text='', units='height', win=Window(...), wrapWidth=1)
8.8894 	EXP 	Sound sound_digit1 set volume 1.000
8.8991 	EXP 	Sound sound_digit2 set volume 1.000
8.9083 	EXP 	Sound sound_digit3 set volume 1.000
8.9098 	EXP 	Created disp_answer = TextStim(__class__=<class 'psychopy.visual.text.TextStim'>, alignHoriz=method-wrapper(...), alignText='center', alignVert=method-wrapper(...), anchorHoriz='center', anchorVert='center', antialias=True, autoLog=True, bold=False, color=array([-1., -1., -1.]), colorSpace='rgb', contrast=1.0, depth=-2.0, flipHoriz=False, flipVert=False, font='Arial', fontFiles=[], height=0.1, italic=False, languageStyle='LTR', name='disp_answer', opacity=1, ori=0, pos=array([0., 0.]), rgb=UNKNOWN, text='', units='height', win=Window(...), wrapWidth=1)
8.9110 	EXP 	Created Begin_3 = TextStim(__class__=<class 'psychopy.visual.text.TextStim'>, alignHoriz=method-wrapper(...), alignText='center', alignVert=method-wrapper(...), anchorHoriz='center', anchorVert='center', antialias=True, autoLog=True, bold=False, color=array([-1., -1., -1.]), colorSpace='rgb', contrast=1.0, depth=-1.0, flipHoriz=False, flipVert=False, font='Arial', fontFiles=[], height=0.05, italic=False, languageStyle='LTR', name='Begin_3', opacity=1, ori=0, pos=array([0., 0.]), rgb=UNKNOWN, text='', units='height', win=Window(...), wrapWidth=1)
9.0109 	EXP 	Instructions_Noise: autoDraw = True
9.9396 	DATA 	Mouse: Left button down, pos=(511,261)
10.0220 	DATA 	Mouse:  Left button up, pos=(511,261)
10.3902 	DATA 	Keypress: return
10.3917 	EXP 	Sound  started
10.4055 	EXP 	Instructions_Noise: autoDraw = False
10.4055 	EXP 	Fixation_cross_Test: autoDraw = True
15.4079 	EXP 	Sound  stopped
15.4084 	EXP 	Created sequence: sequential, trialTypes=1, nReps=100, seed=None
15.4090 	EXP 	New trial (rep=0, index=0): None
15.4192 	EXP 	Fixation_cross_Test: autoDraw = False
15.4192 	EXP 	Instructions_clear_Digits: autoDraw = True
16.8445 	DATA 	Keypress: return
16.8534 	EXP 	Imported practice_trials.xlsx as conditions, 10 conditions, 4 params
16.8538 	EXP 	Created sequence: sequential, trialTypes=10, nReps=1, seed=None
16.8540 	EXP 	New trial (rep=0, index=0): {'TrialID': 0.0, 'NFB_digit1': 6.0, 'NFB_digit2': 2.0, 'NFB_digit3': 4.0}
16.8663 	EXP 	Sound Digit1_clear started
16.8732 	EXP 	Instructions_clear_Digits: autoDraw = False
17.3388 	EXP 	Sound Digit1_clear reached end of file
17.3388 	EXP 	Sound Digit2_clear started
17.8186 	EXP 	Sound Digit2_clear reached end of file
17.8187 	EXP 	Sound Digit3_clear started
18.2967 	EXP 	Sound Digit3_clear reached end of file
18.2995 	EXP 	Created sequence: sequential, trialTypes=1, nReps=3, seed=None
18.2996 	EXP 	New trial (rep=0, index=0): None
18.3228 	EXP 	disp_answer_3: autoDraw = True
18.8639 	DATA 	Keypress: num_4
18.9974 	DATA 	Keypress: return
19.0020 	EXP 	New trial (rep=1, index=0): None
19.0159 	EXP 	disp_answer_3: autoDraw = False
19.0159 	EXP 	disp_answer_3: autoDraw = True
19.1295 	DATA 	Keypress: num_4
19.2524 	DATA 	Keypress: return
19.2676 	EXP 	New trial (rep=2, index=0): None
19.2827 	EXP 	disp_answer_3: autoDraw = False
19.2827 	EXP 	disp_answer_3: autoDraw = True
19.3964 	DATA 	Keypress: num_4
19.4706 	DATA 	Keypress: return
19.4867 	EXP 	New trial (rep=0, index=1): {'TrialID': 1.0, 'NFB_digit1': 1.0, 'NFB_digit2': 9.0, 'NFB_digit3': 3.0}
19.4978 	EXP 	Sound Digit1_clear started
19.5057 	EXP 	disp_answer_3: autoDraw = False
19.9855 	EXP 	Sound Digit1_clear reached end of file
19.9856 	EXP 	Sound Digit2_clear started
20.4720 	EXP 	Sound Digit2_clear reached end of file
20.4721 	EXP 	Sound Digit3_clear started
20.9508 	EXP 	Sound Digit3_clear reached end of file
20.9532 	EXP 	Created sequence: sequential, trialTypes=1, nReps=3, seed=None
20.9534 	EXP 	New trial (rep=0, index=0): None
20.9676 	EXP 	disp_answer_3: autoDraw = True
21.3818 	DATA 	Keypress: num_4
21.4864 	DATA 	Keypress: return
21.5043 	EXP 	New trial (rep=1, index=0): None
21.5202 	EXP 	disp_answer_3: autoDraw = False
21.5202 	EXP 	disp_answer_3: autoDraw = True
21.6010 	DATA 	Keypress: num_4
21.6992 	DATA 	Keypress: return
21.7040 	EXP 	New trial (rep=2, index=0): None
21.7179 	EXP 	disp_answer_3: autoDraw = False
21.7179 	EXP 	disp_answer_3: autoDraw = True
21.7998 	DATA 	Keypress: num_4
21.8703 	DATA 	Keypress: return
21.8864 	EXP 	New trial (rep=0, index=2): {'TrialID': 2.0, 'NFB_digit1': 8.0, 'NFB_digit2': 0.0, 'NFB_digit3': 1.0}
21.8976 	EXP 	Sound Digit1_clear started
21.9055 	EXP 	disp_answer_3: autoDraw = False
22.3822 	EXP 	Sound Digit1_clear reached end of file
22.3822 	EXP 	Sound Digit2_clear started
22.8606 	EXP 	Sound Digit2_clear reached end of file
22.8606 	EXP 	Sound Digit3_clear started
23.3382 	EXP 	Sound Digit3_clear reached end of file
23.3405 	EXP 	Created sequence: sequential, trialTypes=1, nReps=3, seed=None
23.3407 	EXP 	New trial (rep=0, index=0): None
23.3536 	EXP 	disp_answer_3: autoDraw = True
23.6356 	DATA 	Keypress: num_4
23.7407 	DATA 	Keypress: return
23.7544 	EXP 	New trial (rep=1, index=0): None
23.7803 	EXP 	disp_answer_3: autoDraw = False
23.7803 	EXP 	disp_answer_3: autoDraw = True
23.8503 	DATA 	Keypress: num_4
23.9675 	DATA 	Keypress: return
23.9723 	EXP 	New trial (rep=2, index=0): None
23.9870 	EXP 	disp_answer_3: autoDraw = False
23.9870 	EXP 	disp_answer_3: autoDraw = True
24.0390 	DATA 	Keypress: num_4
24.1016 	DATA 	Keypress: return
24.1059 	EXP 	New trial (rep=0, index=3): {'TrialID': 3.0, 'NFB_digit1': 9.0, 'NFB_digit2': 6.0, 'NFB_digit3': 1.0}
24.1169 	EXP 	Sound Digit1_clear started
24.1255 	EXP 	disp_answer_3: autoDraw = False
24.5911 	EXP 	Sound Digit1_clear reached end of file
24.5911 	EXP 	Sound Digit2_clear started
25.0673 	EXP 	Sound Digit2_clear reached end of file
25.0735 	EXP 	Sound Digit3_clear started
25.5546 	EXP 	Sound Digit3_clear reached end of file
25.5570 	EXP 	Created sequence: sequential, trialTypes=1, nReps=3, seed=None
25.5572 	EXP 	New trial (rep=0, index=0): None
25.5716 	EXP 	disp_answer_3: autoDraw = True
25.9686 	DATA 	Keypress: num_4
26.0525 	DATA 	Keypress: return
26.0574 	EXP 	New trial (rep=1, index=0): None
26.0720 	EXP 	disp_answer_3: autoDraw = False
26.0720 	EXP 	disp_answer_3: autoDraw = True
26.1734 	DATA 	Keypress: num_4
26.2532 	DATA 	Keypress: return
26.2576 	EXP 	New trial (rep=2, index=0): None
26.2698 	EXP 	disp_answer_3: autoDraw = False
26.2698 	EXP 	disp_answer_3: autoDraw = True
26.3575 	DATA 	Keypress: num_4
26.3938 	DATA 	Keypress: return
26.4076 	EXP 	New trial (rep=0, index=4): {'TrialID': 4.0, 'NFB_digit1': 8.0, 'NFB_digit2': 1.0, 'NFB_digit3': 5.0}
26.4184 	EXP 	Sound Digit1_clear started
26.4255 	EXP 	disp_answer_3: autoDraw = False
26.9034 	EXP 	Sound Digit1_clear reached end of file
26.9092 	EXP 	Sound Digit2_clear started
27.3762 	EXP 	Sound Digit2_clear reached end of file
27.3869 	EXP 	Sound Digit3_clear started
27.8680 	EXP 	Sound Digit3_clear reached end of file
27.8706 	EXP 	Created sequence: sequential, trialTypes=1, nReps=3, seed=None
27.8707 	EXP 	New trial (rep=0, index=0): None
27.8830 	EXP 	disp_answer_3: autoDraw = True
28.2882 	DATA 	Keypress: num_4
28.3757 	DATA 	Keypress: return
28.3920 	EXP 	New trial (rep=1, index=0): None
28.4070 	EXP 	disp_answer_3: autoDraw = False
28.4070 	EXP 	disp_answer_3: autoDraw = True
28.4762 	DATA 	Keypress: num_4
28.5600 	DATA 	Keypress: return
28.5750 	EXP 	New trial (rep=2, index=0): None
28.5908 	EXP 	disp_answer_3: autoDraw = False
28.5908 	EXP 	disp_answer_3: autoDraw = True
28.6558 	DATA 	Keypress: num_4
28.7230 	DATA 	Keypress: return
28.7271 	EXP 	New trial (rep=0, index=5): {'TrialID': 5.0, 'NFB_digit1': 4.0, 'NFB_digit2': 1.0, 'NFB_digit3': 0.0}
28.7383 	EXP 	Sound Digit1_clear started
28.7466 	EXP 	disp_answer_3: autoDraw = False
29.2232 	EXP 	Sound Digit1_clear reached end of file
29.2232 	EXP 	Sound Digit2_clear started
29.7058 	EXP 	Sound Digit2_clear reached end of file
29.7120 	EXP 	Sound Digit3_clear started
30.2034 	EXP 	Sound Digit3_clear reached end of file
30.2057 	EXP 	Created sequence: sequential, trialTypes=1, nReps=3, seed=None
30.2059 	EXP 	New trial (rep=0, index=0): None
30.2182 	EXP 	disp_answer_3: autoDraw = True
30.8396 	DATA 	Keypress: num_4
30.9288 	DATA 	Keypress: return
30.9484 	EXP 	New trial (rep=1, index=0): None
30.9639 	EXP 	disp_answer_3: autoDraw = False
30.9639 	EXP 	disp_answer_3: autoDraw = True
31.0396 	DATA 	Keypress: num_4
31.1117 	DATA 	Keypress: return
31.1300 	EXP 	New trial (rep=2, index=0): None
31.1435 	EXP 	disp_answer_3: autoDraw = False
31.1435 	EXP 	disp_answer_3: autoDraw = True
31.2116 	DATA 	Keypress: num_4
31.2637 	DATA 	Keypress: return
31.2778 	EXP 	New trial (rep=0, index=6): {'TrialID': 6.0, 'NFB_digit1': 9.0, 'NFB_digit2': 2.0, 'NFB_digit3': 6.0}
31.2837 	EXP 	Sound Digit1_clear started
31.2923 	EXP 	disp_answer_3: autoDraw = False
31.7574 	EXP 	Sound Digit1_clear reached end of file
31.7636 	EXP 	Sound Digit2_clear started
32.2428 	EXP 	Sound Digit2_clear reached end of file
32.2428 	EXP 	Sound Digit3_clear started
32.7250 	EXP 	Sound Digit3_clear reached end of file
32.7259 	EXP 	Created sequence: sequential, trialTypes=1, nReps=3, seed=None
32.7261 	EXP 	New trial (rep=0, index=0): None
32.7384 	EXP 	disp_answer_3: autoDraw = True
33.2127 	DATA 	Keypress: num_4
33.3091 	DATA 	Keypress: return
33.3135 	EXP 	New trial (rep=1, index=0): None
33.3282 	EXP 	disp_answer_3: autoDraw = False
33.3282 	EXP 	disp_answer_3: autoDraw = True
33.4081 	DATA 	Keypress: num_4
33.4939 	DATA 	Keypress: return
33.4984 	EXP 	New trial (rep=2, index=0): None
33.5125 	EXP 	disp_answer_3: autoDraw = False
33.5125 	EXP 	disp_answer_3: autoDraw = True
33.5804 	DATA 	Keypress: num_4
33.6471 	DATA 	Keypress: return
33.6624 	EXP 	New trial (rep=0, index=7): {'TrialID': 7.0, 'NFB_digit1': 2.0, 'NFB_digit2': 3.0, 'NFB_digit3': 0.0}
33.6644 	EXP 	Sound Digit1_clear started
33.6749 	EXP 	disp_answer_3: autoDraw = False
34.1451 	EXP 	Sound Digit1_clear reached end of file
34.1451 	EXP 	Sound Digit2_clear started
34.6197 	EXP 	Sound Digit2_clear reached end of file
34.6198 	EXP 	Sound Digit3_clear started
35.1039 	EXP 	Sound Digit3_clear reached end of file
35.1071 	EXP 	Created sequence: sequential, trialTypes=1, nReps=3, seed=None
35.1075 	EXP 	New trial (rep=0, index=0): None
35.1215 	EXP 	disp_answer_3: autoDraw = True
35.4607 	DATA 	Keypress: num_4
35.5482 	DATA 	Keypress: return
35.5646 	EXP 	New trial (rep=1, index=0): None
35.5905 	EXP 	disp_answer_3: autoDraw = False
35.5905 	EXP 	disp_answer_3: autoDraw = True
35.6433 	DATA 	Keypress: num_4
35.7324 	DATA 	Keypress: return
35.7476 	EXP 	New trial (rep=2, index=0): None
35.7631 	EXP 	disp_answer_3: autoDraw = False
35.7631 	EXP 	disp_answer_3: autoDraw = True
35.8159 	DATA 	Keypress: num_4
35.8942 	DATA 	Keypress: return
35.8989 	EXP 	New trial (rep=0, index=8): {'TrialID': 8.0, 'NFB_digit1': 1.0, 'NFB_digit2': 9.0, 'NFB_digit3': 2.0}
35.9101 	EXP 	Sound Digit1_clear started
35.9180 	EXP 	disp_answer_3: autoDraw = False
36.3940 	EXP 	Sound Digit1_clear reached end of file
36.4003 	EXP 	Sound Digit2_clear started
36.8679 	EXP 	Sound Digit2_clear reached end of file
36.8679 	EXP 	Sound Digit3_clear started
37.3476 	EXP 	Sound Digit3_clear reached end of file
37.3494 	EXP 	Created sequence: sequential, trialTypes=1, nReps=3, seed=None
37.3496 	EXP 	New trial (rep=0, index=0): None
37.3644 	EXP 	disp_answer_3: autoDraw = True
37.7664 	DATA 	Keypress: num_4
37.8452 	DATA 	Keypress: return
37.8496 	EXP 	New trial (rep=1, index=0): None
37.8648 	EXP 	disp_answer_3: autoDraw = False
37.8648 	EXP 	disp_answer_3: autoDraw = True
37.9467 	DATA 	Keypress: num_4
38.0467 	DATA 	Keypress: return
38.0510 	EXP 	New trial (rep=2, index=0): None
38.0663 	EXP 	disp_answer_3: autoDraw = False
38.0663 	EXP 	disp_answer_3: autoDraw = True
38.1121 	DATA 	Keypress: num_4
38.1645 	DATA 	Keypress: return
38.1690 	EXP 	New trial (rep=0, index=9): {'TrialID': 9.0, 'NFB_digit1': 8.0, 'NFB_digit2': 1.0, 'NFB_digit3': 0.0}
38.1798 	EXP 	Sound Digit1_clear started
38.1876 	EXP 	disp_answer_3: autoDraw = False
38.6632 	EXP 	Sound Digit1_clear reached end of file
38.6633 	EXP 	Sound Digit2_clear started
39.1416 	EXP 	Sound Digit2_clear reached end of file
39.1417 	EXP 	Sound Digit3_clear started
39.6249 	EXP 	Sound Digit3_clear reached end of file
39.6279 	EXP 	Created sequence: sequential, trialTypes=1, nReps=3, seed=None
39.6281 	EXP 	New trial (rep=0, index=0): None
39.6416 	EXP 	disp_answer_3: autoDraw = True
39.8973 	DATA 	Keypress: num_4
40.0162 	DATA 	Keypress: return
40.0208 	EXP 	New trial (rep=1, index=0): None
40.0359 	EXP 	disp_answer_3: autoDraw = False
40.0359 	EXP 	disp_answer_3: autoDraw = True
40.0872 	DATA 	Keypress: num_4
40.2142 	DATA 	Keypress: return
40.2184 	EXP 	New trial (rep=2, index=0): None
40.2339 	EXP 	disp_answer_3: autoDraw = False
40.2339 	EXP 	disp_answer_3: autoDraw = True
40.2561 	DATA 	Keypress: num_4
40.3640 	DATA 	Keypress: return
40.3809 	EXP 	disp_answer_3: autoDraw = False
40.3809 	EXP 	text_4: autoDraw = True
42.1039 	DATA 	Keypress: n
42.1218 	EXP 	Created sequence: sequential, trialTypes=1, nReps=100, seed=None
42.1223 	EXP 	New trial (rep=0, index=0): None
42.1361 	EXP 	text_4: autoDraw = False
42.1361 	EXP 	Instructions_begin: autoDraw = True
51.3406 	DATA 	Keypress: return
51.3420 	EXP 	Sound  started
51.3981 	EXP 	Instructions_begin: autoDraw = False
51.3981 	EXP 	Fixation_cross: autoDraw = True
56.4633 	EXP 	Sound  stopped
56.4728 	EXP 	Fixation_cross: autoDraw = False
56.4728 	EXP 	Fixation_cross: autoDraw = False
56.4728 	EXP 	text_5: autoDraw = True
58.3016 	DATA 	Keypress: n
66.4861 	EXP 	text_5: autoDraw = False
66.4861 	EXP 	Begin: autoDraw = True
69.3254 	DATA 	Keypress: return
69.3405 	EXP 	Created sequence: sequential, trialTypes=1, nReps=3, seed=None
69.3407 	EXP 	New trial (rep=0, index=0): None
69.3470 	EXP 	Imported Stimuli_exp_cond.xlsx as conditions, 16 conditions, 4 params
69.3473 	EXP 	Created sequence: sequential, trialTypes=16, nReps=1, seed=None
69.3476 	EXP 	New trial (rep=0, index=0): {'TrialID': 0.0, 'NFB_digit1': 5.0, 'NFB_digit2': 4.0, 'NFB_digit3': 1.0}
69.3581 	EXP 	Sound  started
69.3940 	EXP 	Begin: autoDraw = False
69.3940 	EXP 	Fixation: autoDraw = True
69.3940 	EXP 	text_6: autoDraw = True
69.3940 	EXP 	text_2: autoDraw = True
69.3940 	EXP 	text_7: autoDraw = True
69.3940 	EXP 	text_8: autoDraw = True
72.5596 	EXP 	Sound  started
72.5663 	EXP 	Fixation: autoDraw = False
72.5663 	EXP 	text_6: autoDraw = False
72.5663 	EXP 	text_2: autoDraw = False
72.5663 	EXP 	text_7: autoDraw = False
72.5663 	EXP 	text_8: autoDraw = False
73.0388 	EXP 	Sound  reached end of file
73.0389 	EXP 	Sound  started
73.5215 	EXP 	Sound  reached end of file
73.5216 	EXP 	Sound  started
74.0062 	EXP 	Sound  reached end of file
74.0089 	EXP 	Created sequence: sequential, trialTypes=1, nReps=3, seed=None
74.0090 	EXP 	New trial (rep=0, index=0): None
74.0091 	EXP 	Sound  started
74.0218 	EXP 	disp_answer: autoDraw = True
74.7947 	DATA 	Keypress: num_4
74.9606 	DATA 	Keypress: return
74.9652 	EXP 	New trial (rep=1, index=0): None
74.9652 	EXP 	Sound  started
74.9796 	EXP 	disp_answer: autoDraw = False
74.9796 	EXP 	disp_answer: autoDraw = True
75.1610 	DATA 	Keypress: num_4
75.3161 	DATA 	Keypress: return
75.3323 	EXP 	New trial (rep=2, index=0): None
75.3324 	EXP 	Sound  started
75.3485 	EXP 	disp_answer: autoDraw = False
75.3485 	EXP 	disp_answer: autoDraw = True
75.4930 	DATA 	Keypress: num_4
75.6433 	DATA 	Keypress: return
75.6517 	EXP 	Sound  started
75.6521 	EXP 	New trial (rep=0, index=1): {'TrialID': 1.0, 'NFB_digit1': 5.0, 'NFB_digit2': 8.0, 'NFB_digit3': 2.0}
75.6549 	EXP 	Sound  started
75.6769 	EXP 	disp_answer: autoDraw = False
75.6769 	EXP 	Begin_3: text = ' '
75.6769 	EXP 	Begin_3: autoDraw = False
75.6769 	EXP 	Fixation: autoDraw = True
75.6769 	EXP 	text_6: autoDraw = True
75.6769 	EXP 	text_2: autoDraw = True
75.6769 	EXP 	text_7: autoDraw = True
75.6769 	EXP 	text_8: autoDraw = True
79.1033 	EXP 	Sound  stopped
79.1049 	EXP 	Sound  started
79.1127 	EXP 	Fixation: autoDraw = False
79.1127 	EXP 	text_6: autoDraw = False
79.1127 	EXP 	text_2: autoDraw = False
79.1127 	EXP 	text_7: autoDraw = False
79.1127 	EXP 	text_8: autoDraw = False
79.5880 	EXP 	Sound  reached end of file
79.5880 	EXP 	Sound  started
80.0749 	EXP 	Sound  reached end of file
80.0750 	EXP 	Sound  started
80.5501 	EXP 	Sound  reached end of file
80.5517 	EXP 	Sound  started
80.5525 	EXP 	Created sequence: sequential, trialTypes=1, nReps=3, seed=None
80.5526 	EXP 	New trial (rep=0, index=0): None
80.5527 	EXP 	Sound  started
80.5677 	EXP 	disp_answer: autoDraw = True
81.3171 	DATA 	Keypress: num_4
81.5027 	DATA 	Keypress: return
81.5192 	EXP 	New trial (rep=1, index=0): None
81.5192 	EXP 	Sound  started
81.5344 	EXP 	disp_answer: autoDraw = False
81.5344 	EXP 	disp_answer: autoDraw = True
81.7821 	DATA 	Keypress: num_4
81.8989 	DATA 	Keypress: return
81.9029 	EXP 	New trial (rep=2, index=0): None
81.9029 	EXP 	Sound  started
81.9183 	EXP 	disp_answer: autoDraw = False
81.9183 	EXP 	disp_answer: autoDraw = True
82.1038 	DATA 	Keypress: num_4
82.2337 	DATA 	Keypress: return
82.2379 	EXP 	Sound  started
82.2382 	EXP 	New trial (rep=0, index=2): {'TrialID': 2.0, 'NFB_digit1': 0.0, 'NFB_digit2': 2.0, 'NFB_digit3': 1.0}
82.2498 	EXP 	Sound  started
82.2764 	EXP 	disp_answer: autoDraw = False
82.2764 	EXP 	Begin_3: text = ' '
82.2764 	EXP 	Begin_3: autoDraw = False
82.2764 	EXP 	Fixation: autoDraw = True
82.2764 	EXP 	text_6: autoDraw = True
82.2764 	EXP 	text_2: autoDraw = True
82.2764 	EXP 	text_7: autoDraw = True
82.2764 	EXP 	text_8: autoDraw = True
89.6167 	EXP 	Sound  stopped
89.6182 	EXP 	Sound  started
89.6253 	EXP 	Fixation: autoDraw = False
89.6253 	EXP 	text_6: autoDraw = False
89.6253 	EXP 	text_2: autoDraw = False
89.6253 	EXP 	text_7: autoDraw = False
89.6253 	EXP 	text_8: autoDraw = False
90.0960 	EXP 	Sound  reached end of file
90.0960 	EXP 	Sound  started
90.5862 	EXP 	Sound  reached end of file
90.5863 	EXP 	Sound  started
91.0736 	EXP 	Sound  reached end of file
91.0754 	EXP 	Sound  started
91.0760 	EXP 	Created sequence: sequential, trialTypes=1, nReps=3, seed=None
91.0762 	EXP 	New trial (rep=0, index=0): None
91.0763 	EXP 	Sound  started
91.0925 	EXP 	disp_answer: autoDraw = True
91.6449 	DATA 	Keypress: num_4
91.8070 	DATA 	Keypress: return
91.8119 	EXP 	New trial (rep=1, index=0): None
91.8119 	EXP 	Sound  started
91.8267 	EXP 	disp_answer: autoDraw = False
91.8267 	EXP 	disp_answer: autoDraw = True
92.0619 	DATA 	Keypress: num_4
92.1736 	DATA 	Keypress: return
92.1778 	EXP 	New trial (rep=2, index=0): None
92.1778 	EXP 	Sound  started
92.1938 	EXP 	disp_answer: autoDraw = False
92.1938 	EXP 	disp_answer: autoDraw = True
92.4778 	DATA 	Keypress: num_4
92.6783 	DATA 	Keypress: return
92.6945 	EXP 	Sound  started
92.6948 	EXP 	New trial (rep=0, index=3): {'TrialID': 3.0, 'NFB_digit1': 9.0, 'NFB_digit2': 8.0, 'NFB_digit3': 6.0}
92.7070 	EXP 	Sound  started
92.7290 	EXP 	disp_answer: autoDraw = False
92.7290 	EXP 	Begin_3: text = ' '
92.7290 	EXP 	Begin_3: autoDraw = False
92.7290 	EXP 	Fixation: autoDraw = True
92.7290 	EXP 	text_6: autoDraw = True
92.7290 	EXP 	text_2: autoDraw = True
92.7290 	EXP 	text_7: autoDraw = True
92.7290 	EXP 	text_8: autoDraw = True
101.6512 	EXP 	Sound  stopped
101.6531 	EXP 	Sound  started
101.6609 	EXP 	Fixation: autoDraw = False
101.6609 	EXP 	text_6: autoDraw = False
101.6609 	EXP 	text_2: autoDraw = False
101.6609 	EXP 	text_7: autoDraw = False
101.6609 	EXP 	text_8: autoDraw = False
102.1322 	EXP 	Sound  reached end of file
102.1381 	EXP 	Sound  started
102.6112 	EXP 	Sound  reached end of file
102.6113 	EXP 	Sound  started
103.0957 	EXP 	Sound  reached end of file
103.0974 	EXP 	Sound  started
103.0982 	EXP 	Created sequence: sequential, trialTypes=1, nReps=3, seed=None
103.0984 	EXP 	New trial (rep=0, index=0): None
103.0984 	EXP 	Sound  started
103.1107 	EXP 	disp_answer: autoDraw = True
103.6339 	DATA 	Keypress: num_4
103.7840 	DATA 	Keypress: return
103.7884 	EXP 	New trial (rep=1, index=0): None
103.7884 	EXP 	Sound  started
103.8026 	EXP 	disp_answer: autoDraw = False
103.8026 	EXP 	disp_answer: autoDraw = True
104.0223 	DATA 	Keypress: num_4
104.1559 	DATA 	Keypress: return
104.1708 	EXP 	New trial (rep=2, index=0): None
104.1709 	EXP 	Sound  started
104.1862 	EXP 	disp_answer: autoDraw = False
104.1862 	EXP 	disp_answer: autoDraw = True
104.3683 	DATA 	Keypress: num_4
104.5404 	DATA 	Keypress: return
104.5729 	EXP 	Sound  stopped
104.6395 	EXP 	disp_answer: autoDraw = False
104.6395 	EXP 	Begin_3: text = 'Du hast den ersten Block geschafft, Glückwunsch! Du kannst Dich kurz entspannen, wenn nötig.\n            \n            Sobald Du bereit bist, um den nächsten Block zu starten, kannst Du auf "Enter" drücken.\n            \n            Weiterhin gilt: Solange das Fixationskreuz sichtbar ist, bewege Dich bitte nicht.'
104.6395 	EXP 	Begin_3: autoDraw = True
108.8374 	DATA 	Keypress: return
108.8396 	EXP 	Sound  started
108.8400 	EXP 	New trial (rep=0, index=4): {'TrialID': 4.0, 'NFB_digit1': 3.0, 'NFB_digit2': 8.0, 'NFB_digit3': 0.0}
108.8516 	EXP 	Sound  started
108.8747 	EXP 	Begin_3: autoDraw = False
108.8747 	EXP 	Fixation: autoDraw = True
108.8747 	EXP 	text_6: autoDraw = True
108.8747 	EXP 	text_2: autoDraw = True
108.8747 	EXP 	text_7: autoDraw = True
108.8747 	EXP 	text_8: autoDraw = True
112.2831 	EXP 	Sound  started
112.2906 	EXP 	Fixation: autoDraw = False
112.2906 	EXP 	text_6: autoDraw = False
112.2906 	EXP 	text_2: autoDraw = False
112.2906 	EXP 	text_7: autoDraw = False
112.2906 	EXP 	text_8: autoDraw = False
112.7633 	EXP 	Sound  reached end of file
112.7633 	EXP 	Sound  started
113.2379 	EXP 	Sound  reached end of file
113.2381 	EXP 	Sound  started
113.7225 	EXP 	Sound  reached end of file
113.7249 	EXP 	Created sequence: sequential, trialTypes=1, nReps=3, seed=None
113.7251 	EXP 	New trial (rep=0, index=0): None
113.7252 	EXP 	Sound  started
113.7382 	EXP 	disp_answer: autoDraw = True
114.1967 	DATA 	Keypress: num_4
114.3592 	DATA 	Keypress: return
114.3638 	EXP 	New trial (rep=1, index=0): None
114.3638 	EXP 	Sound  started
114.3792 	EXP 	disp_answer: autoDraw = False
114.3792 	EXP 	disp_answer: autoDraw = True
114.5590 	DATA 	Keypress: num_4
114.7273 	DATA 	Keypress: return
114.7317 	EXP 	New trial (rep=2, index=0): None
114.7317 	EXP 	Sound  started
114.7456 	EXP 	disp_answer: autoDraw = False
114.7456 	EXP 	disp_answer: autoDraw = True
114.9924 	DATA 	Keypress: num_4
115.1638 	DATA 	Keypress: return
115.1813 	EXP 	Sound  started
115.1817 	EXP 	New trial (rep=0, index=5): {'TrialID': 5.0, 'NFB_digit1': 5.0, 'NFB_digit2': 9.0, 'NFB_digit3': 3.0}
115.1845 	EXP 	Sound  started
115.2114 	EXP 	disp_answer: autoDraw = False
115.2114 	EXP 	Begin_3: text = ' '
115.2114 	EXP 	Begin_3: autoDraw = False
115.2114 	EXP 	Fixation: autoDraw = True
115.2114 	EXP 	text_6: autoDraw = True
115.2114 	EXP 	text_2: autoDraw = True
115.2114 	EXP 	text_7: autoDraw = True
115.2114 	EXP 	text_8: autoDraw = True
126.4086 	EXP 	Sound  started
126.4158 	EXP 	Fixation: autoDraw = False
126.4158 	EXP 	text_6: autoDraw = False
126.4158 	EXP 	text_2: autoDraw = False
126.4158 	EXP 	text_7: autoDraw = False
126.4158 	EXP 	text_8: autoDraw = False
126.8880 	EXP 	Sound  reached end of file
126.8880 	EXP 	Sound  started
127.3724 	EXP 	Sound  reached end of file
127.3724 	EXP 	Sound  started
127.8479 	EXP 	Sound  reached end of file
127.8508 	EXP 	Created sequence: sequential, trialTypes=1, nReps=3, seed=None
127.8511 	EXP 	New trial (rep=0, index=0): None
127.8512 	EXP 	Sound  started
127.8626 	EXP 	disp_answer: autoDraw = True
128.3386 	DATA 	Keypress: num_4
128.5252 	DATA 	Keypress: return
128.5415 	EXP 	New trial (rep=1, index=0): None
128.5416 	EXP 	Sound  started
128.5569 	EXP 	disp_answer: autoDraw = False
128.5569 	EXP 	disp_answer: autoDraw = True
128.7251 	DATA 	Keypress: num_4
128.9252 	DATA 	Keypress: return
128.9413 	EXP 	New trial (rep=2, index=0): None
128.9414 	EXP 	Sound  started
128.9570 	EXP 	disp_answer: autoDraw = False
128.9570 	EXP 	disp_answer: autoDraw = True
129.0758 	DATA 	Keypress: num_4
129.3055 	DATA 	Keypress: return
129.3097 	EXP 	Sound  started
129.3100 	EXP 	New trial (rep=0, index=6): {'TrialID': 6.0, 'NFB_digit1': 5.0, 'NFB_digit2': 8.0, 'NFB_digit3': 1.0}
129.3222 	EXP 	Sound  started
129.3501 	EXP 	disp_answer: autoDraw = False
129.3501 	EXP 	Begin_3: text = ' '
129.3501 	EXP 	Begin_3: autoDraw = False
129.3501 	EXP 	Fixation: autoDraw = True
129.3501 	EXP 	text_6: autoDraw = True
129.3501 	EXP 	text_2: autoDraw = True
129.3501 	EXP 	text_7: autoDraw = True
129.3501 	EXP 	text_8: autoDraw = True
133.6454 	EXP 	Sound  stopped
133.6473 	EXP 	Sound  started
133.6552 	EXP 	Fixation: autoDraw = False
133.6552 	EXP 	text_6: autoDraw = False
133.6552 	EXP 	text_2: autoDraw = False
133.6552 	EXP 	text_7: autoDraw = False
133.6552 	EXP 	text_8: autoDraw = False
134.1250 	EXP 	Sound  reached end of file
134.1308 	EXP 	Sound  started
134.6067 	EXP 	Sound  reached end of file
134.6068 	EXP 	Sound  started
135.0921 	EXP 	Sound  reached end of file
135.0921 	EXP 	Sound  started
135.0928 	EXP 	Created sequence: sequential, trialTypes=1, nReps=3, seed=None
135.0930 	EXP 	New trial (rep=0, index=0): None
135.0931 	EXP 	Sound  started
135.1054 	EXP 	disp_answer: autoDraw = True
135.6431 	DATA 	Keypress: num_4
135.8100 	DATA 	Keypress: return
135.8143 	EXP 	New trial (rep=1, index=0): None
135.8144 	EXP 	Sound  started
135.8296 	EXP 	disp_answer: autoDraw = False
135.8296 	EXP 	disp_answer: autoDraw = True
136.0596 	DATA 	Keypress: num_4
136.1988 	DATA 	Keypress: return
136.2139 	EXP 	New trial (rep=2, index=0): None
136.2140 	EXP 	Sound  started
136.2305 	EXP 	disp_answer: autoDraw = False
136.2305 	EXP 	disp_answer: autoDraw = True
136.4164 	DATA 	Keypress: num_4
136.5656 	DATA 	Keypress: return
136.5807 	EXP 	Sound  started
136.5811 	EXP 	New trial (rep=0, index=7): {'TrialID': 7.0, 'NFB_digit1': 6.0, 'NFB_digit2': 2.0, 'NFB_digit3': 9.0}
136.5932 	EXP 	Sound  started
136.6166 	EXP 	disp_answer: autoDraw = False
136.6166 	EXP 	Begin_3: text = ' '
136.6166 	EXP 	Begin_3: autoDraw = False
136.6166 	EXP 	Fixation: autoDraw = True
136.6166 	EXP 	text_6: autoDraw = True
136.6166 	EXP 	text_2: autoDraw = True
136.6166 	EXP 	text_7: autoDraw = True
136.6166 	EXP 	text_8: autoDraw = True
142.2124 	EXP 	Sound  started
142.2193 	EXP 	Fixation: autoDraw = False
142.2193 	EXP 	text_6: autoDraw = False
142.2193 	EXP 	text_2: autoDraw = False
142.2193 	EXP 	text_7: autoDraw = False
142.2193 	EXP 	text_8: autoDraw = False
142.6892 	EXP 	Sound  reached end of file
142.6893 	EXP 	Sound  started
143.1667 	EXP 	Sound  reached end of file
143.1667 	EXP 	Sound  started
143.6497 	EXP 	Sound  reached end of file
143.6506 	EXP 	Created sequence: sequential, trialTypes=1, nReps=3, seed=None
143.6508 	EXP 	New trial (rep=0, index=0): None
143.6508 	EXP 	Sound  started
143.6641 	EXP 	disp_answer: autoDraw = True
144.1170 	DATA 	Keypress: num_4
144.2686 	DATA 	Keypress: return
144.2730 	EXP 	New trial (rep=1, index=0): None
144.2731 	EXP 	Sound  started
144.2884 	EXP 	disp_answer: autoDraw = False
144.2884 	EXP 	disp_answer: autoDraw = True
144.4222 	DATA 	Keypress: num_4
144.6223 	DATA 	Keypress: return
144.6383 	EXP 	New trial (rep=2, index=0): None
144.6384 	EXP 	Sound  started
144.6539 	EXP 	disp_answer: autoDraw = False
144.6539 	EXP 	disp_answer: autoDraw = True
144.8053 	DATA 	Keypress: num_4
145.0340 	DATA 	Keypress: return
145.0516 	EXP 	Sound  stopped
145.0888 	EXP 	disp_answer: autoDraw = False
145.0888 	EXP 	Begin_3: text = 'Du hast den zweiten Block geschafft, Glückwunsch!\n            \n            Zeit für eine kurze Pause. Der/die VersuchsleiterIn wird in Kürze in den Raum kommen.\n            Sobald Du danach bereit bist, um den nächsten Block zu starten, kannst Du auf "Enter" drücken.'
145.0888 	EXP 	Begin_3: autoDraw = True
147.1719 	DATA 	Keypress: return
147.1877 	EXP 	Sound  started
147.1881 	EXP 	New trial (rep=0, index=8): {'TrialID': 8.0, 'NFB_digit1': 4.0, 'NFB_digit2': 6.0, 'NFB_digit3': 5.0}
147.1934 	EXP 	Sound  started
147.2187 	EXP 	Begin_3: autoDraw = False
147.2187 	EXP 	Fixation: autoDraw = True
147.2187 	EXP 	text_6: autoDraw = True
147.2187 	EXP 	text_2: autoDraw = True
147.2187 	EXP 	text_7: autoDraw = True
147.2187 	EXP 	text_8: autoDraw = True
150.4949 	EXP 	Sound  started
150.5028 	EXP 	Fixation: autoDraw = False
150.5028 	EXP 	text_6: autoDraw = False
150.5028 	EXP 	text_2: autoDraw = False
150.5028 	EXP 	text_7: autoDraw = False
150.5028 	EXP 	text_8: autoDraw = False
150.9750 	EXP 	Sound  reached end of file
150.9750 	EXP 	Sound  started
151.4619 	EXP 	Sound  reached end of file
151.4620 	EXP 	Sound  started
151.9390 	EXP 	Sound  reached end of file
151.9398 	EXP 	Created sequence: sequential, trialTypes=1, nReps=3, seed=None
151.9400 	EXP 	New trial (rep=0, index=0): None
151.9400 	EXP 	Sound  started
151.9524 	EXP 	disp_answer: autoDraw = True
152.3256 	DATA 	Keypress: num_4
152.4640 	DATA 	Keypress: return
152.4792 	EXP 	New trial (rep=1, index=0): None
152.4793 	EXP 	Sound  started
152.4947 	EXP 	disp_answer: autoDraw = False
152.4947 	EXP 	disp_answer: autoDraw = True
152.6737 	DATA 	Keypress: num_4
152.8286 	DATA 	Keypress: return
152.8446 	EXP 	New trial (rep=2, index=0): None
152.8447 	EXP 	Sound  started
152.8613 	EXP 	disp_answer: autoDraw = False
152.8613 	EXP 	disp_answer: autoDraw = True
153.1094 	DATA 	Keypress: num_4
153.2247 	DATA 	Keypress: return
153.2305 	EXP 	Sound  started
153.2309 	EXP 	New trial (rep=0, index=9): {'TrialID': 9.0, 'NFB_digit1': 2.0, 'NFB_digit2': 5.0, 'NFB_digit3': 6.0}
153.2331 	EXP 	Sound  started
153.2602 	EXP 	disp_answer: autoDraw = False
153.2602 	EXP 	Begin_3: text = ' '
153.2602 	EXP 	Begin_3: autoDraw = False
153.2602 	EXP 	Fixation: autoDraw = True
153.2602 	EXP 	text_6: autoDraw = True
153.2602 	EXP 	text_2: autoDraw = True
153.2602 	EXP 	text_7: autoDraw = True
153.2602 	EXP 	text_8: autoDraw = True
157.3962 	EXP 	Sound  stopped
157.3982 	EXP 	Sound  started
157.4062 	EXP 	Fixation: autoDraw = False
157.4062 	EXP 	text_6: autoDraw = False
157.4062 	EXP 	text_2: autoDraw = False
157.4062 	EXP 	text_7: autoDraw = False
157.4062 	EXP 	text_8: autoDraw = False
157.8777 	EXP 	Sound  reached end of file
157.8834 	EXP 	Sound  started
158.3564 	EXP 	Sound  reached end of file
158.3564 	EXP 	Sound  started
158.8409 	EXP 	Sound  reached end of file
158.8427 	EXP 	Sound  started
158.8436 	EXP 	Created sequence: sequential, trialTypes=1, nReps=3, seed=None
158.8438 	EXP 	New trial (rep=0, index=0): None
158.8438 	EXP 	Sound  started
158.8571 	EXP 	disp_answer: autoDraw = True
159.2694 	DATA 	Keypress: num_4
159.4135 	DATA 	Keypress: return
159.4182 	EXP 	New trial (rep=1, index=0): None
159.4182 	EXP 	Sound  started
159.4334 	EXP 	disp_answer: autoDraw = False
159.4334 	EXP 	disp_answer: autoDraw = True
159.6133 	DATA 	Keypress: num_4
159.7652 	DATA 	Keypress: return
159.7699 	EXP 	New trial (rep=2, index=0): None
159.7699 	EXP 	Sound  started
159.7851 	EXP 	disp_answer: autoDraw = False
159.7851 	EXP 	disp_answer: autoDraw = True
159.9353 	DATA 	Keypress: num_4
160.1178 	DATA 	Keypress: return
160.1340 	EXP 	Sound  started
160.1343 	EXP 	New trial (rep=0, index=10): {'TrialID': 10.0, 'NFB_digit1': 4.0, 'NFB_digit2': 0.0, 'NFB_digit3': 3.0}
160.1375 	EXP 	Sound  started
160.1657 	EXP 	disp_answer: autoDraw = False
160.1657 	EXP 	Begin_3: text = ' '
160.1657 	EXP 	Begin_3: autoDraw = False
160.1657 	EXP 	Fixation: autoDraw = True
160.1657 	EXP 	text_6: autoDraw = True
160.1657 	EXP 	text_2: autoDraw = True
160.1657 	EXP 	text_7: autoDraw = True
160.1657 	EXP 	text_8: autoDraw = True
166.9116 	EXP 	Sound  started
166.9189 	EXP 	Fixation: autoDraw = False
166.9189 	EXP 	text_6: autoDraw = False
166.9189 	EXP 	text_2: autoDraw = False
166.9189 	EXP 	text_7: autoDraw = False
166.9189 	EXP 	text_8: autoDraw = False
167.3867 	EXP 	Sound  reached end of file
167.3929 	EXP 	Sound  started
167.8738 	EXP 	Sound  reached end of file
167.8738 	EXP 	Sound  started
168.3470 	EXP 	Sound  reached end of file
168.3499 	EXP 	Created sequence: sequential, trialTypes=1, nReps=3, seed=None
168.3504 	EXP 	New trial (rep=0, index=0): None
168.3507 	EXP 	Sound  started
168.3642 	EXP 	disp_answer: autoDraw = True
168.8389 	DATA 	Keypress: num_4
168.9885 	DATA 	Keypress: return
168.9929 	EXP 	New trial (rep=1, index=0): None
168.9929 	EXP 	Sound  started
169.0069 	EXP 	disp_answer: autoDraw = False
169.0069 	EXP 	disp_answer: autoDraw = True
169.2037 	DATA 	Keypress: num_4
169.3389 	DATA 	Keypress: return
169.3428 	EXP 	New trial (rep=2, index=0): None
169.3429 	EXP 	Sound  started
169.3587 	EXP 	disp_answer: autoDraw = False
169.3587 	EXP 	disp_answer: autoDraw = True
169.4935 	DATA 	Keypress: num_4
169.6603 	DATA 	Keypress: return
169.6763 	EXP 	Sound  started
169.6766 	EXP 	New trial (rep=0, index=11): {'TrialID': 11.0, 'NFB_digit1': 2.0, 'NFB_digit2': 0.0, 'NFB_digit3': 3.0}
169.6790 	EXP 	Sound  started
169.7054 	EXP 	disp_answer: autoDraw = False
169.7054 	EXP 	Begin_3: text = ' '
169.7054 	EXP 	Begin_3: autoDraw = False
169.7054 	EXP 	Fixation: autoDraw = True
169.7054 	EXP 	text_6: autoDraw = True
169.7054 	EXP 	text_2: autoDraw = True
169.7054 	EXP 	text_7: autoDraw = True
169.7054 	EXP 	text_8: autoDraw = True
174.9753 	EXP 	Sound  started
174.9830 	EXP 	Fixation: autoDraw = False
174.9830 	EXP 	text_6: autoDraw = False
174.9830 	EXP 	text_2: autoDraw = False
174.9830 	EXP 	text_7: autoDraw = False
174.9830 	EXP 	text_8: autoDraw = False
175.4491 	EXP 	Sound  reached end of file
175.4491 	EXP 	Sound  started
175.9328 	EXP 	Sound  reached end of file
175.9328 	EXP 	Sound  started
176.4092 	EXP 	Sound  reached end of file
176.4116 	EXP 	Created sequence: sequential, trialTypes=1, nReps=3, seed=None
176.4118 	EXP 	New trial (rep=0, index=0): None
176.4118 	EXP 	Sound  started
176.4242 	EXP 	disp_answer: autoDraw = True
176.8450 	DATA 	Keypress: num_4
176.9952 	DATA 	Keypress: return
176.9999 	EXP 	New trial (rep=1, index=0): None
177.0000 	EXP 	Sound  started
177.0139 	EXP 	disp_answer: autoDraw = False
177.0139 	EXP 	disp_answer: autoDraw = True
177.2629 	DATA 	Keypress: num_4
177.3985 	DATA 	Keypress: return
177.4148 	EXP 	New trial (rep=2, index=0): None
177.4148 	EXP 	Sound  started
177.4327 	EXP 	disp_answer: autoDraw = False
177.4327 	EXP 	disp_answer: autoDraw = True
177.6125 	DATA 	Keypress: num_4
177.7659 	DATA 	Keypress: return
177.7995 	EXP 	Sound  stopped
177.8176 	EXP 	disp_answer: autoDraw = False
177.8176 	EXP 	Begin_3: text = 'Du hast den dritten Block geschafft, Glückwunsch!\n            \n             Sobald Du bereit bist, um den nächsten Block zu starten, kannst Du auf "Enter" drücken.'
177.8176 	EXP 	Begin_3: autoDraw = True
179.1977 	DATA 	Keypress: return
179.1989 	EXP 	Sound  started
179.1993 	EXP 	New trial (rep=0, index=12): {'TrialID': 12.0, 'NFB_digit1': 5.0, 'NFB_digit2': 9.0, 'NFB_digit3': 0.0}
179.2017 	EXP 	Sound  started
179.2269 	EXP 	Begin_3: autoDraw = False
179.2269 	EXP 	Fixation: autoDraw = True
179.2269 	EXP 	text_6: autoDraw = True
179.2269 	EXP 	text_2: autoDraw = True
179.2269 	EXP 	text_7: autoDraw = True
179.2269 	EXP 	text_8: autoDraw = True
182.4695 	EXP 	Sound  started
182.4774 	EXP 	Fixation: autoDraw = False
182.4774 	EXP 	text_6: autoDraw = False
182.4774 	EXP 	text_2: autoDraw = False
182.4774 	EXP 	text_7: autoDraw = False
182.4774 	EXP 	text_8: autoDraw = False
182.9482 	EXP 	Sound  reached end of file
182.9482 	EXP 	Sound  started
183.4284 	EXP 	Sound  reached end of file
183.4285 	EXP 	Sound  started
183.9135 	EXP 	Sound  reached end of file
183.9157 	EXP 	Created sequence: sequential, trialTypes=1, nReps=3, seed=None
183.9159 	EXP 	New trial (rep=0, index=0): None
183.9160 	EXP 	Sound  started
183.9278 	EXP 	disp_answer: autoDraw = True
184.4341 	DATA 	Keypress: num_4
184.5499 	DATA 	Keypress: return
184.5544 	EXP 	New trial (rep=1, index=0): None
184.5545 	EXP 	Sound  started
184.5703 	EXP 	disp_answer: autoDraw = False
184.5703 	EXP 	disp_answer: autoDraw = True
184.7894 	DATA 	Keypress: num_4
184.9027 	DATA 	Keypress: return
184.9073 	EXP 	New trial (rep=2, index=0): None
184.9074 	EXP 	Sound  started
184.9218 	EXP 	disp_answer: autoDraw = False
184.9218 	EXP 	disp_answer: autoDraw = True
185.1565 	DATA 	Keypress: num_4
185.2915 	DATA 	Keypress: return
185.3084 	EXP 	Sound  started
185.3087 	EXP 	New trial (rep=0, index=13): {'TrialID': 13.0, 'NFB_digit1': 6.0, 'NFB_digit2': 5.0, 'NFB_digit3': 2.0}
185.3202 	EXP 	Sound  started
185.3452 	EXP 	disp_answer: autoDraw = False
185.3452 	EXP 	Begin_3: text = ' '
185.3452 	EXP 	Begin_3: autoDraw = False
185.3452 	EXP 	Fixation: autoDraw = True
185.3452 	EXP 	text_6: autoDraw = True
185.3452 	EXP 	text_2: autoDraw = True
185.3452 	EXP 	text_7: autoDraw = True
185.3452 	EXP 	text_8: autoDraw = True
191.6313 	EXP 	Sound  stopped
191.6332 	EXP 	Sound  started
191.6409 	EXP 	Fixation: autoDraw = False
191.6409 	EXP 	text_6: autoDraw = False
191.6409 	EXP 	text_2: autoDraw = False
191.6409 	EXP 	text_7: autoDraw = False
191.6409 	EXP 	text_8: autoDraw = False
192.1252 	EXP 	Sound  reached end of file
192.1252 	EXP 	Sound  started
192.6020 	EXP 	Sound  reached end of file
192.6021 	EXP 	Sound  started
193.0805 	EXP 	Sound  reached end of file
193.0821 	EXP 	Sound  started
193.0828 	EXP 	Created sequence: sequential, trialTypes=1, nReps=3, seed=None
193.0829 	EXP 	New trial (rep=0, index=0): None
193.0830 	EXP 	Sound  started
193.0976 	EXP 	disp_answer: autoDraw = True
193.4455 	DATA 	Keypress: num_4
193.5750 	DATA 	Keypress: return
193.5796 	EXP 	New trial (rep=1, index=0): None
193.5797 	EXP 	Sound  started
193.5943 	EXP 	disp_answer: autoDraw = False
193.5943 	EXP 	disp_answer: autoDraw = True
193.8133 	DATA 	Keypress: num_4
193.9422 	DATA 	Keypress: return
193.9467 	EXP 	New trial (rep=2, index=0): None
193.9468 	EXP 	Sound  started
193.9617 	EXP 	disp_answer: autoDraw = False
193.9617 	EXP 	disp_answer: autoDraw = True
194.1749 	DATA 	Keypress: num_4
194.2767 	DATA 	Keypress: return
194.2809 	EXP 	Sound  started
194.2812 	EXP 	New trial (rep=0, index=14): {'TrialID': 14.0, 'NFB_digit1': 1.0, 'NFB_digit2': 8.0, 'NFB_digit3': 9.0}
194.2878 	EXP 	Sound  started
194.3148 	EXP 	disp_answer: autoDraw = False
194.3148 	EXP 	Begin_3: text = ' '
194.3148 	EXP 	Begin_3: autoDraw = False
194.3148 	EXP 	Fixation: autoDraw = True
194.3148 	EXP 	text_6: autoDraw = True
194.3148 	EXP 	text_2: autoDraw = True
194.3148 	EXP 	text_7: autoDraw = True
194.3148 	EXP 	text_8: autoDraw = True
200.5302 	EXP 	Sound  stopped
200.5320 	EXP 	Sound  started
200.5398 	EXP 	Fixation: autoDraw = False
200.5398 	EXP 	text_6: autoDraw = False
200.5398 	EXP 	text_2: autoDraw = False
200.5398 	EXP 	text_7: autoDraw = False
200.5398 	EXP 	text_8: autoDraw = False
201.0121 	EXP 	Sound  reached end of file
201.0178 	EXP 	Sound  started
201.4995 	EXP 	Sound  reached end of file
201.4996 	EXP 	Sound  started
201.9783 	EXP 	Sound  reached end of file
201.9799 	EXP 	Sound  started
201.9807 	EXP 	Created sequence: sequential, trialTypes=1, nReps=3, seed=None
201.9809 	EXP 	New trial (rep=0, index=0): None
201.9810 	EXP 	Sound  started
201.9952 	EXP 	disp_answer: autoDraw = True
202.4053 	DATA 	Keypress: num_4
202.5329 	DATA 	Keypress: return
202.5374 	EXP 	New trial (rep=1, index=0): None
202.5375 	EXP 	Sound  started
202.5516 	EXP 	disp_answer: autoDraw = False
202.5516 	EXP 	disp_answer: autoDraw = True
202.7822 	DATA 	Keypress: num_4
202.8826 	DATA 	Keypress: return
202.8864 	EXP 	New trial (rep=2, index=0): None
202.8865 	EXP 	Sound  started
202.9021 	EXP 	disp_answer: autoDraw = False
202.9021 	EXP 	disp_answer: autoDraw = True
203.1507 	DATA 	Keypress: num_4
203.2543 	DATA 	Keypress: return
203.2714 	EXP 	Sound  started
203.2717 	EXP 	New trial (rep=0, index=15): {'TrialID': 15.0, 'NFB_digit1': 3.0, 'NFB_digit2': 0.0, 'NFB_digit3': 8.0}
203.2739 	EXP 	Sound  started
203.2993 	EXP 	disp_answer: autoDraw = False
203.2993 	EXP 	Begin_3: text = ' '
203.2993 	EXP 	Begin_3: autoDraw = False
203.2993 	EXP 	Fixation: autoDraw = True
203.2993 	EXP 	text_6: autoDraw = True
203.2993 	EXP 	text_2: autoDraw = True
203.2993 	EXP 	text_7: autoDraw = True
203.2993 	EXP 	text_8: autoDraw = True
207.7632 	EXP 	Sound  stopped
207.7649 	EXP 	Sound  started
207.7718 	EXP 	Fixation: autoDraw = False
207.7718 	EXP 	text_6: autoDraw = False
207.7718 	EXP 	text_2: autoDraw = False
207.7718 	EXP 	text_7: autoDraw = False
207.7718 	EXP 	text_8: autoDraw = False
208.2441 	EXP 	Sound  reached end of file
208.2441 	EXP 	Sound  started
208.7188 	EXP 	Sound  reached end of file
208.7247 	EXP 	Sound  started
209.1976 	EXP 	Sound  reached end of file
209.1993 	EXP 	Sound  started
209.2002 	EXP 	Created sequence: sequential, trialTypes=1, nReps=3, seed=None
209.2006 	EXP 	New trial (rep=0, index=0): None
209.2007 	EXP 	Sound  started
209.2144 	EXP 	disp_answer: autoDraw = True
209.6214 	DATA 	Keypress: num_4
209.7728 	DATA 	Keypress: return
209.7774 	EXP 	New trial (rep=1, index=0): None
209.7774 	EXP 	Sound  started
209.7908 	EXP 	disp_answer: autoDraw = False
209.7908 	EXP 	disp_answer: autoDraw = True
210.0375 	DATA 	Keypress: num_4
210.1225 	DATA 	Keypress: return
210.1274 	EXP 	New trial (rep=2, index=0): None
210.1274 	EXP 	Sound  started
210.1416 	EXP 	disp_answer: autoDraw = False
210.1416 	EXP 	disp_answer: autoDraw = True
210.3896 	DATA 	Keypress: num_4
210.5261 	DATA 	Keypress: return
210.5556 	EXP 	Sound  stopped
210.5810 	EXP 	disp_answer: autoDraw = False
210.5810 	EXP 	Begin_3: text = 'Du hast den letzten Block geschafft, Glückwunsch!\n            \n            Vielen Dank für Deine Teilnahme! Der/die VersuchsleiterIn wird in Kürze in den Raum kommen.'
210.5810 	EXP 	Begin_3: autoDraw = True
212.3911 	DATA 	Keypress: return
212.3934 	EXP 	Sound  started
212.3938 	EXP 	New trial (rep=1, index=0): None
212.4015 	EXP 	Imported Stimuli_exp_cond.xlsx as conditions, 8 conditions, 4 params
212.4020 	EXP 	Created sequence: sequential, trialTypes=8, nReps=1, seed=None
212.4026 	EXP 	New trial (rep=0, index=0): {'TrialID': 0.0, 'NFB_digit1': 5.0, 'NFB_digit2': 4.0, 'NFB_digit3': 1.0}
233.2593 	EXP 	window1: mouseVisible = True
