15.4959 	WARNING 	User requested fullscreen with size [1280  720], but screen is actually [1920, 1200]. Using actual size
18.9184 	EXP 	Created window1 = Window(allowGUI=False, allowStencil=False, autoLog=True, backendConf=UNKNOWN, bitsMode=UNKNOWN, blendMode='avg', bpc=(8, 8, 8), color=array([0, 0, 0]), colorSpace='rgb', depthBits=8, fullscr=<method-wrapper '__getattribute__' of attributeSetter object at 0x00000177C4F6D898>, gamma=None, gammaErrorPolicy='raise', lms=UNKNOWN, monitor=<psychopy.monitors.calibTools.Monitor object at 0x00000177C4FB9EB8>, multiSample=False, name='window1', numSamples=2, pos=[0.0, 0.0], screen=0, size=array([1920, 1200]), stencilBits=0, stereo=False, units='height', useFBO=True, useRetina=False, viewOri=0.0, viewPos=None, viewScale=None, waitBlanking=True, winType='pyglet')
18.9189 	EXP 	window1: mouseVisible = True
18.9189 	EXP 	window1: recordFrameIntervals = False
19.0842 	EXP 	window1: recordFrameIntervals = True
19.2681 	EXP 	window1: recordFrameIntervals = False
19.7881 	WARNING 	Monitor specification not found. Creating a temporary one...
19.7883 	WARNING 	Requested an unavailable screen number - using first available.
21.4510 	EXP 	Created window1 = Window(allowGUI=True, allowStencil=False, autoLog=True, backendConf=UNKNOWN, bitsMode=UNKNOWN, blendMode='avg', bpc=(8, 8, 8), color=array([0, 0, 0]), colorSpace='rgb', depthBits=8, fullscr=<method-wrapper '__getattribute__' of attributeSetter object at 0x00000177C4F6D898>, gamma=None, gammaErrorPolicy='raise', lms=UNKNOWN, monitor=<psychopy.monitors.calibTools.Monitor object at 0x00000177AA7B7208>, multiSample=False, name='window1', numSamples=2, pos=[800.0, 500.0], screen=1, size=array([320, 200]), stencilBits=0, stereo=False, units='norm', useFBO=False, useRetina=False, viewOri=0.0, viewPos=None, viewScale=None, waitBlanking=True, winType='pyglet')
21.4512 	EXP 	window1: mouseVisible = True
22.9270 	EXP 	Created Instructions_Background_Noise = TextStim(__class__=<class 'psychopy.visual.text.TextStim'>, alignHoriz=method-wrapper(...), alignText='center', alignVert=method-wrapper(...), anchorHoriz='center', anchorVert='center', antialias=True, autoLog=True, bold=False, color=array([-1., -1., -1.]), colorSpace='rgb', contrast=1.0, depth=-1.0, flipHoriz=False, flipVert=False, font='Arial', fontFiles=[], height=0.03, italic=False, languageStyle='LTR', name='Instructions_Background_Noise', opacity=1, ori=0, pos=array([0., 0.]), rgb=UNKNOWN, text=str(...), units='height', win=Window(...), wrapWidth=1)
22.9804 	EXP 	Created Fixation_cross_Test = TextStim(__class__=<class 'psychopy.visual.text.TextStim'>, alignHoriz=method-wrapper(...), alignText='center', alignVert=method-wrapper(...), anchorHoriz='center', anchorVert='center', antialias=True, autoLog=True, bold=False, color=array([-1., -1., -1.]), colorSpace='rgb', contrast=1.0, depth=-1.0, flipHoriz=False, flipVert=False, font='Arial', fontFiles=[], height=0.2, italic=False, languageStyle='LTR', name='Fixation_cross_Test', opacity=1, ori=0, pos=array([0., 0.]), rgb=UNKNOWN, text='+', units='height', win=Window(...), wrapWidth=1)
23.0191 	EXP 	Created text_practice = TextStim(__class__=<class 'psychopy.visual.text.TextStim'>, alignHoriz=method-wrapper(...), alignText='center', alignVert=method-wrapper(...), anchorHoriz='center', anchorVert='center', antialias=True, autoLog=True, bold=False, color=array([-1., -1., -1.]), colorSpace='rgb', contrast=1.0, depth=-1.0, flipHoriz=False, flipVert=False, font='Arial', fontFiles=[], height=0.03, italic=False, languageStyle='LTR', name='text_practice', opacity=1, ori=0, pos=array([0., 0.]), rgb=UNKNOWN, text=str(...), units='height', win=Window(...), wrapWidth=1)
23.0285 	EXP 	Sound Digit1_clear set volume 1.000
23.0312 	EXP 	Created text_practice_resp = TextStim(__class__=<class 'psychopy.visual.text.TextStim'>, alignHoriz=method-wrapper(...), alignText='center', alignVert=method-wrapper(...), anchorHoriz='center', anchorVert='center', antialias=True, autoLog=True, bold=False, color=array([-1., -1., -1.]), colorSpace='rgb', contrast=1.0, depth=-2.0, flipHoriz=False, flipVert=False, font='Arial', fontFiles=[], height=0.1, italic=False, languageStyle='LTR', name='text_practice_resp', opacity=1, ori=0, pos=array([0., 0.]), rgb=UNKNOWN, text='', units='height', win=Window(...), wrapWidth=1)
23.0629 	EXP 	Created text_practice_repeat = TextStim(__class__=<class 'psychopy.visual.text.TextStim'>, alignHoriz=method-wrapper(...), alignText='center', alignVert=method-wrapper(...), anchorHoriz='center', anchorVert='center', antialias=True, autoLog=True, bold=False, color=array([-1., -1., -1.]), colorSpace='rgb', contrast=1.0, depth=-1.0, flipHoriz=False, flipVert=False, font='Arial', fontFiles=[], height=0.05, italic=False, languageStyle='LTR', name='text_practice_repeat', opacity=1, ori=0, pos=array([0., 0.]), rgb=UNKNOWN, text=str(...), units='height', win=Window(...), wrapWidth=1)
23.1039 	EXP 	Created text_4 = TextStim(__class__=<class 'psychopy.visual.text.TextStim'>, alignHoriz=method-wrapper(...), alignText='center', alignVert=method-wrapper(...), anchorHoriz='center', anchorVert='center', antialias=True, autoLog=True, bold=False, color=array([-1., -1., -1.]), colorSpace='rgb', contrast=1.0, depth=-1.0, flipHoriz=False, flipVert=False, font='Arial', fontFiles=[], height=0.03, italic=False, languageStyle='LTR', name='text_4', opacity=1.0, ori=0.0, pos=array([0., 0.]), rgb=UNKNOWN, text=str(...), units='height', win=Window(...), wrapWidth=1)
23.1117 	EXP 	Created Fixation_ME = TextStim(__class__=<class 'psychopy.visual.text.TextStim'>, alignHoriz=method-wrapper(...), alignText='center', alignVert=method-wrapper(...), anchorHoriz='center', anchorVert='center', antialias=True, autoLog=True, bold=False, color=array([-1., -1., -1.]), colorSpace='rgb', contrast=1.0, depth=-1.0, flipHoriz=False, flipVert=False, font='Open Sans', fontFiles=[], height=0.1, italic=False, languageStyle='LTR', name='Fixation_ME', opacity=1.0, ori=0.0, pos=array([0., 0.]), rgb=UNKNOWN, text='+', units='height', win=Window(...), wrapWidth=1)
23.1212 	EXP 	Sound sound_digit_1_ME set volume 1.000
23.1229 	EXP 	Created text_2 = TextStim(__class__=<class 'psychopy.visual.text.TextStim'>, alignHoriz=method-wrapper(...), alignText='center', alignVert=method-wrapper(...), anchorHoriz='center', anchorVert='center', antialias=True, autoLog=True, bold=False, color=array([-1., -1., -1.]), colorSpace='rgb', contrast=1.0, depth=-2.0, flipHoriz=False, flipVert=False, font='Open Sans', fontFiles=[], height=0.1, italic=False, languageStyle='LTR', name='text_2', opacity=1.0, ori=0.0, pos=array([0., 0.]), rgb=UNKNOWN, text='', units='height', win=Window(...), wrapWidth=1)
23.1245 	EXP 	Created disp_answer_ME = TextStim(__class__=<class 'psychopy.visual.text.TextStim'>, alignHoriz=method-wrapper(...), alignText='center', alignVert=method-wrapper(...), anchorHoriz='center', anchorVert='center', antialias=True, autoLog=True, bold=False, color=array([-1., -1., -1.]), colorSpace='rgb', contrast=1.0, depth=-2.0, flipHoriz=False, flipVert=False, font='Arial', fontFiles=[], height=0.1, italic=False, languageStyle='LTR', name='disp_answer_ME', opacity=1.0, ori=0.0, pos=array([0., 0.]), rgb=UNKNOWN, text='', units='height', win=Window(...), wrapWidth=1)
23.1260 	EXP 	Created text_7 = TextStim(__class__=<class 'psychopy.visual.text.TextStim'>, alignHoriz=method-wrapper(...), alignText='center', alignVert=method-wrapper(...), anchorHoriz='center', anchorVert='center', antialias=True, autoLog=True, bold=False, color=array([1., 1., 1.]), colorSpace='rgb', contrast=1.0, depth=-3.0, flipHoriz=False, flipVert=False, font='Open Sans', fontFiles=[], height=0.1, italic=False, languageStyle='LTR', name='text_7', opacity=1, ori=0.0, pos=array([ 0. , -0.1]), rgb=UNKNOWN, text='', units='height', win=Window(...), wrapWidth=1)
23.1275 	EXP 	Created text_next_block_ME = TextStim(__class__=<class 'psychopy.visual.text.TextStim'>, alignHoriz=method-wrapper(...), alignText='center', alignVert=method-wrapper(...), anchorHoriz='center', anchorVert='center', antialias=True, autoLog=True, bold=False, color=array([1., 1., 1.]), colorSpace='rgb', contrast=1.0, depth=-1.0, flipHoriz=False, flipVert=False, font='Open Sans', fontFiles=[], height=0.1, italic=False, languageStyle='LTR', name='text_next_block_ME', opacity=1, ori=0.0, pos=array([0., 0.]), rgb=UNKNOWN, text='', units='height', win=Window(...), wrapWidth=1)
23.1961 	EXP 	Created text_break = TextStim(__class__=<class 'psychopy.visual.text.TextStim'>, alignHoriz=method-wrapper(...), alignText='center', alignVert=method-wrapper(...), anchorHoriz='center', anchorVert='center', antialias=True, autoLog=True, bold=False, color=array([-1., -1., -1.]), colorSpace='rgb', contrast=1.0, depth=-1.0, flipHoriz=False, flipVert=False, font='Arial', fontFiles=[], height=0.05, italic=False, languageStyle='LTR', name='text_break', opacity=1, ori=0, pos=array([0., 0.]), rgb=UNKNOWN, text=str(...), units='height', win=Window(...), wrapWidth=1)
23.2110 	EXP 	Created Fixation = TextStim(__class__=<class 'psychopy.visual.text.TextStim'>, alignHoriz=method-wrapper(...), alignText='center', alignVert=method-wrapper(...), anchorHoriz='center', anchorVert='center', antialias=True, autoLog=True, bold=False, color=array([-1., -1., -1.]), colorSpace='rgb', contrast=1.0, depth=-1.0, flipHoriz=False, flipVert=False, font='Arial', fontFiles=[], height=0.2, italic=False, languageStyle='LTR', name='Fixation', opacity=1, ori=0, pos=array([0., 0.]), rgb=UNKNOWN, text='+', units='height', win=Window(...), wrapWidth=1)
23.2129 	EXP 	Created text_6 = TextStim(__class__=<class 'psychopy.visual.text.TextStim'>, alignHoriz=method-wrapper(...), alignText='center', alignVert=method-wrapper(...), anchorHoriz='center', anchorVert='center', antialias=True, autoLog=True, bold=False, color=array([1., 1., 1.]), colorSpace='rgb', contrast=1.0, depth=-2.0, flipHoriz=False, flipVert=False, font='Open Sans', fontFiles=[], height=0.1, italic=False, languageStyle='LTR', name='text_6', opacity=1, ori=0.0, pos=array([ 0. , -0.1]), rgb=UNKNOWN, text='', units='height', win=Window(...), wrapWidth=1)
23.2168 	EXP 	Created Fixation_Play = TextStim(__class__=<class 'psychopy.visual.text.TextStim'>, alignHoriz=method-wrapper(...), alignText='center', alignVert=method-wrapper(...), anchorHoriz='center', anchorVert='center', antialias=True, autoLog=True, bold=False, color=array([-1., -1., -1.]), colorSpace='rgb', contrast=1.0, depth=-1.0, flipHoriz=False, flipVert=False, font='Arial', fontFiles=[], height=0.2, italic=False, languageStyle='LTR', name='Fixation_Play', opacity=1.0, ori=0.0, pos=array([0., 0.]), rgb=UNKNOWN, text='+', units='height', win=Window(...), wrapWidth=1)
23.2275 	EXP 	Sound sound_digit1 set volume 1.000
23.2296 	EXP 	Created disp_answer = TextStim(__class__=<class 'psychopy.visual.text.TextStim'>, alignHoriz=method-wrapper(...), alignText='center', alignVert=method-wrapper(...), anchorHoriz='center', anchorVert='center', antialias=True, autoLog=True, bold=False, color=array([-1., -1., -1.]), colorSpace='rgb', contrast=1.0, depth=-2.0, flipHoriz=False, flipVert=False, font='Arial', fontFiles=[], height=0.1, italic=False, languageStyle='LTR', name='disp_answer', opacity=1, ori=0, pos=array([0., 0.]), rgb=UNKNOWN, text='', units='height', win=Window(...), wrapWidth=1)
23.2315 	EXP 	Created text_nextblock = TextStim(__class__=<class 'psychopy.visual.text.TextStim'>, alignHoriz=method-wrapper(...), alignText='center', alignVert=method-wrapper(...), anchorHoriz='center', anchorVert='center', antialias=True, autoLog=True, bold=False, color=array([-1., -1., -1.]), colorSpace='rgb', contrast=1.0, depth=-1.0, flipHoriz=False, flipVert=False, font='Arial', fontFiles=[], height=0.05, italic=False, languageStyle='LTR', name='text_nextblock', opacity=1.0, ori=0.0, pos=array([0., 0.]), rgb=UNKNOWN, text='', units='height', win=Window(...), wrapWidth=1)
23.4031 	EXP 	Instructions_Background_Noise: autoDraw = True
24.0352 	DATA 	Keypress: return
24.0369 	EXP 	Sound  started
24.0504 	EXP 	Instructions_Background_Noise: autoDraw = False
24.0504 	EXP 	Fixation_cross_Test: autoDraw = True
29.0489 	EXP 	Sound  stopped
29.0499 	EXP 	Created sequence: sequential, trialTypes=1, nReps=100, seed=None
29.0511 	EXP 	New trial (rep=0, index=0): None
29.0586 	EXP 	Fixation_cross_Test: autoDraw = False
29.0586 	EXP 	Fixation_cross_Test: autoDraw = False
29.0586 	EXP 	text_practice: autoDraw = True
29.8685 	EXP 	Imported data/practice_trials.xlsx as conditions, 10 conditions, 5 params
29.8692 	EXP 	Created sequence: sequential, trialTypes=10, nReps=1, seed=None
29.8701 	EXP 	New trial (rep=0, index=0): {'TrialID': 0.0, 'NFB_digit1': 6.0, 'NFB_digit2': 2.0, 'NFB_digit3': 4.0, 'Speaker_trial': 33.0}
29.8722 	EXP 	Sound Digit1_clear started
29.8768 	EXP 	text_practice: autoDraw = False
30.3506 	EXP 	Sound Digit1_clear reached end of file
30.3520 	EXP 	Created sequence: sequential, trialTypes=1, nReps=1, seed=None
30.3524 	EXP 	New trial (rep=0, index=0): None
30.3787 	EXP 	Created unnamed TextStim = TextStim(__class__=<class 'psychopy.visual.text.TextStim'>, alignHoriz=method-wrapper(...), alignText='center', alignVert=method-wrapper(...), anchorHoriz='center', anchorVert='center', antialias=True, autoLog=True, bold=False, color=array([1., 1., 1.]), colorSpace='rgb', contrast=1.0, depth=0, flipHoriz=False, flipVert=False, font='', fontFiles=[], height=0.1, italic=False, languageStyle='LTR', name='unnamed TextStim', opacity=1.0, ori=0.0, pos=array([0., 0.]), rgb=UNKNOWN, text='Practice trials going on', units='norm', win=Window(...), wrapWidth=1)
30.3825 	DATA 	Keypress: return
30.4083 	EXP 	unnamed TextStim: autoDraw = True
30.4534 	EXP 	text_practice_resp: autoDraw = True
30.8455 	DATA 	Keypress: return
30.8489 	EXP 	unnamed TextStim: autoDraw = False
30.8504 	EXP 	New trial (rep=0, index=1): {'TrialID': 1.0, 'NFB_digit1': 1.0, 'NFB_digit2': 9.0, 'NFB_digit3': 3.0, 'Speaker_trial': 13.0}
30.8517 	EXP 	Sound Digit1_clear started
30.8561 	EXP 	text_practice_resp: autoDraw = False
31.3318 	EXP 	Sound Digit1_clear reached end of file
31.3349 	EXP 	Created sequence: sequential, trialTypes=1, nReps=1, seed=None
31.3353 	EXP 	New trial (rep=0, index=0): None
31.3469 	EXP 	Created unnamed TextStim = TextStim(__class__=<class 'psychopy.visual.text.TextStim'>, alignHoriz=method-wrapper(...), alignText='center', alignVert=method-wrapper(...), anchorHoriz='center', anchorVert='center', antialias=True, autoLog=True, bold=False, color=array([1., 1., 1.]), colorSpace='rgb', contrast=1.0, depth=0, flipHoriz=False, flipVert=False, font='', fontFiles=[], height=0.1, italic=False, languageStyle='LTR', name='unnamed TextStim', opacity=1.0, ori=0.0, pos=array([0., 0.]), rgb=UNKNOWN, text='Practice trials going on', units='norm', win=Window(...), wrapWidth=1)
31.3496 	DATA 	Keypress: return
31.3655 	EXP 	unnamed TextStim: autoDraw = True
31.3782 	EXP 	text_practice_resp: autoDraw = True
31.6593 	DATA 	Keypress: return
31.6658 	EXP 	unnamed TextStim: autoDraw = False
31.6670 	EXP 	New trial (rep=0, index=2): {'TrialID': 2.0, 'NFB_digit1': 8.0, 'NFB_digit2': 0.0, 'NFB_digit3': 1.0, 'Speaker_trial': 21.0}
31.6680 	EXP 	Sound Digit1_clear started
31.6728 	EXP 	text_practice_resp: autoDraw = False
32.1492 	EXP 	Sound Digit1_clear reached end of file
32.1504 	EXP 	Created sequence: sequential, trialTypes=1, nReps=1, seed=None
32.1508 	EXP 	New trial (rep=0, index=0): None
32.1580 	EXP 	Created unnamed TextStim = TextStim(__class__=<class 'psychopy.visual.text.TextStim'>, alignHoriz=method-wrapper(...), alignText='center', alignVert=method-wrapper(...), anchorHoriz='center', anchorVert='center', antialias=True, autoLog=True, bold=False, color=array([1., 1., 1.]), colorSpace='rgb', contrast=1.0, depth=0, flipHoriz=False, flipVert=False, font='', fontFiles=[], height=0.1, italic=False, languageStyle='LTR', name='unnamed TextStim', opacity=1.0, ori=0.0, pos=array([0., 0.]), rgb=UNKNOWN, text='Practice trials going on', units='norm', win=Window(...), wrapWidth=1)
32.1605 	DATA 	Keypress: return
32.1662 	EXP 	unnamed TextStim: autoDraw = True
32.1837 	EXP 	text_practice_resp: autoDraw = True
32.4595 	DATA 	Keypress: return
32.4657 	EXP 	unnamed TextStim: autoDraw = False
32.4671 	EXP 	New trial (rep=0, index=3): {'TrialID': 3.0, 'NFB_digit1': 9.0, 'NFB_digit2': 6.0, 'NFB_digit3': 1.0, 'Speaker_trial': 61.0}
32.4684 	EXP 	Sound Digit1_clear started
32.4732 	EXP 	text_practice_resp: autoDraw = False
32.9533 	EXP 	Sound Digit1_clear reached end of file
32.9557 	EXP 	Created sequence: sequential, trialTypes=1, nReps=1, seed=None
32.9561 	EXP 	New trial (rep=0, index=0): None
32.9637 	EXP 	Created unnamed TextStim = TextStim(__class__=<class 'psychopy.visual.text.TextStim'>, alignHoriz=method-wrapper(...), alignText='center', alignVert=method-wrapper(...), anchorHoriz='center', anchorVert='center', antialias=True, autoLog=True, bold=False, color=array([1., 1., 1.]), colorSpace='rgb', contrast=1.0, depth=0, flipHoriz=False, flipVert=False, font='', fontFiles=[], height=0.1, italic=False, languageStyle='LTR', name='unnamed TextStim', opacity=1.0, ori=0.0, pos=array([0., 0.]), rgb=UNKNOWN, text='Practice trials going on', units='norm', win=Window(...), wrapWidth=1)
32.9665 	DATA 	Keypress: return
32.9828 	EXP 	unnamed TextStim: autoDraw = True
33.0002 	EXP 	text_practice_resp: autoDraw = True
33.1753 	DATA 	Keypress: return
33.1822 	EXP 	unnamed TextStim: autoDraw = False
33.1836 	EXP 	New trial (rep=0, index=4): {'TrialID': 4.0, 'NFB_digit1': 8.0, 'NFB_digit2': 1.0, 'NFB_digit3': 5.0, 'Speaker_trial': 7.0}
33.1849 	EXP 	Sound Digit1_clear started
33.1903 	EXP 	text_practice_resp: autoDraw = False
33.6559 	EXP 	Sound Digit1_clear reached end of file
33.6571 	EXP 	Created sequence: sequential, trialTypes=1, nReps=1, seed=None
33.6575 	EXP 	New trial (rep=0, index=0): None
33.6652 	EXP 	Created unnamed TextStim = TextStim(__class__=<class 'psychopy.visual.text.TextStim'>, alignHoriz=method-wrapper(...), alignText='center', alignVert=method-wrapper(...), anchorHoriz='center', anchorVert='center', antialias=True, autoLog=True, bold=False, color=array([1., 1., 1.]), colorSpace='rgb', contrast=1.0, depth=0, flipHoriz=False, flipVert=False, font='', fontFiles=[], height=0.1, italic=False, languageStyle='LTR', name='unnamed TextStim', opacity=1.0, ori=0.0, pos=array([0., 0.]), rgb=UNKNOWN, text='Practice trials going on', units='norm', win=Window(...), wrapWidth=1)
33.6672 	DATA 	Keypress: return
33.6821 	EXP 	unnamed TextStim: autoDraw = True
33.6961 	EXP 	text_practice_resp: autoDraw = True
33.7753 	DATA 	Keypress: return
33.7822 	EXP 	unnamed TextStim: autoDraw = False
33.7836 	EXP 	New trial (rep=0, index=5): {'TrialID': 5.0, 'NFB_digit1': 4.0, 'NFB_digit2': 1.0, 'NFB_digit3': 0.0, 'Speaker_trial': 33.0}
33.7849 	EXP 	Sound Digit1_clear started
33.7903 	EXP 	text_practice_resp: autoDraw = False
34.2621 	EXP 	Sound Digit1_clear reached end of file
34.2652 	EXP 	Created sequence: sequential, trialTypes=1, nReps=1, seed=None
34.2656 	EXP 	New trial (rep=0, index=0): None
34.2737 	EXP 	Created unnamed TextStim = TextStim(__class__=<class 'psychopy.visual.text.TextStim'>, alignHoriz=method-wrapper(...), alignText='center', alignVert=method-wrapper(...), anchorHoriz='center', anchorVert='center', antialias=True, autoLog=True, bold=False, color=array([1., 1., 1.]), colorSpace='rgb', contrast=1.0, depth=0, flipHoriz=False, flipVert=False, font='', fontFiles=[], height=0.1, italic=False, languageStyle='LTR', name='unnamed TextStim', opacity=1.0, ori=0.0, pos=array([0., 0.]), rgb=UNKNOWN, text='Practice trials going on', units='norm', win=Window(...), wrapWidth=1)
34.2763 	DATA 	Keypress: return
34.2825 	EXP 	unnamed TextStim: autoDraw = True
34.2978 	EXP 	text_practice_resp: autoDraw = True
34.5414 	DATA 	Keypress: return
34.5493 	EXP 	unnamed TextStim: autoDraw = False
34.5512 	EXP 	New trial (rep=0, index=6): {'TrialID': 6.0, 'NFB_digit1': 9.0, 'NFB_digit2': 2.0, 'NFB_digit3': 6.0, 'Speaker_trial': 13.0}
34.5529 	EXP 	Sound Digit1_clear started
34.5583 	EXP 	text_practice_resp: autoDraw = False
35.0419 	EXP 	Sound Digit1_clear reached end of file
35.0448 	EXP 	Created sequence: sequential, trialTypes=1, nReps=1, seed=None
35.0452 	EXP 	New trial (rep=0, index=0): None
35.0534 	EXP 	Created unnamed TextStim = TextStim(__class__=<class 'psychopy.visual.text.TextStim'>, alignHoriz=method-wrapper(...), alignText='center', alignVert=method-wrapper(...), anchorHoriz='center', anchorVert='center', antialias=True, autoLog=True, bold=False, color=array([1., 1., 1.]), colorSpace='rgb', contrast=1.0, depth=0, flipHoriz=False, flipVert=False, font='', fontFiles=[], height=0.1, italic=False, languageStyle='LTR', name='unnamed TextStim', opacity=1.0, ori=0.0, pos=array([0., 0.]), rgb=UNKNOWN, text='Practice trials going on', units='norm', win=Window(...), wrapWidth=1)
35.0557 	DATA 	Keypress: return
35.0658 	EXP 	unnamed TextStim: autoDraw = True
35.0825 	EXP 	text_practice_resp: autoDraw = True
35.1922 	DATA 	Keypress: return
35.1988 	EXP 	unnamed TextStim: autoDraw = False
35.2002 	EXP 	New trial (rep=0, index=7): {'TrialID': 7.0, 'NFB_digit1': 2.0, 'NFB_digit2': 3.0, 'NFB_digit3': 0.0, 'Speaker_trial': 10.0}
35.2015 	EXP 	Sound Digit1_clear started
35.2063 	EXP 	text_practice_resp: autoDraw = False
35.6796 	EXP 	Sound Digit1_clear reached end of file
35.6827 	EXP 	Created sequence: sequential, trialTypes=1, nReps=1, seed=None
35.6831 	EXP 	New trial (rep=0, index=0): None
35.6914 	EXP 	Created unnamed TextStim = TextStim(__class__=<class 'psychopy.visual.text.TextStim'>, alignHoriz=method-wrapper(...), alignText='center', alignVert=method-wrapper(...), anchorHoriz='center', anchorVert='center', antialias=True, autoLog=True, bold=False, color=array([1., 1., 1.]), colorSpace='rgb', contrast=1.0, depth=0, flipHoriz=False, flipVert=False, font='', fontFiles=[], height=0.1, italic=False, languageStyle='LTR', name='unnamed TextStim', opacity=1.0, ori=0.0, pos=array([0., 0.]), rgb=UNKNOWN, text='Practice trials going on', units='norm', win=Window(...), wrapWidth=1)
35.6939 	DATA 	Keypress: return
35.6994 	EXP 	unnamed TextStim: autoDraw = True
35.7174 	EXP 	text_practice_resp: autoDraw = True
35.8605 	DATA 	Keypress: return
35.8657 	EXP 	unnamed TextStim: autoDraw = False
35.8673 	EXP 	New trial (rep=0, index=8): {'TrialID': 8.0, 'NFB_digit1': 1.0, 'NFB_digit2': 9.0, 'NFB_digit3': 2.0, 'Speaker_trial': 48.0}
35.8685 	EXP 	Sound Digit1_clear started
35.8738 	EXP 	text_practice_resp: autoDraw = False
36.3527 	EXP 	Sound Digit1_clear reached end of file
36.3554 	EXP 	Created sequence: sequential, trialTypes=1, nReps=1, seed=None
36.3558 	EXP 	New trial (rep=0, index=0): None
36.3630 	EXP 	Created unnamed TextStim = TextStim(__class__=<class 'psychopy.visual.text.TextStim'>, alignHoriz=method-wrapper(...), alignText='center', alignVert=method-wrapper(...), anchorHoriz='center', anchorVert='center', antialias=True, autoLog=True, bold=False, color=array([1., 1., 1.]), colorSpace='rgb', contrast=1.0, depth=0, flipHoriz=False, flipVert=False, font='', fontFiles=[], height=0.1, italic=False, languageStyle='LTR', name='unnamed TextStim', opacity=1.0, ori=0.0, pos=array([0., 0.]), rgb=UNKNOWN, text='Practice trials going on', units='norm', win=Window(...), wrapWidth=1)
36.3657 	DATA 	Keypress: return
36.3659 	DATA 	Keypress: return
36.3825 	EXP 	unnamed TextStim: autoDraw = True
36.4003 	EXP 	text_practice_resp: autoDraw = True
36.5927 	DATA 	Keypress: return
36.5987 	EXP 	unnamed TextStim: autoDraw = False
36.6005 	EXP 	New trial (rep=0, index=9): {'TrialID': 9.0, 'NFB_digit1': 8.0, 'NFB_digit2': 1.0, 'NFB_digit3': 0.0, 'Speaker_trial': 21.0}
36.6018 	EXP 	Sound Digit1_clear started
36.6064 	EXP 	text_practice_resp: autoDraw = False
37.0835 	EXP 	Sound Digit1_clear reached end of file
37.0847 	EXP 	Created sequence: sequential, trialTypes=1, nReps=1, seed=None
37.0851 	EXP 	New trial (rep=0, index=0): None
37.0925 	EXP 	Created unnamed TextStim = TextStim(__class__=<class 'psychopy.visual.text.TextStim'>, alignHoriz=method-wrapper(...), alignText='center', alignVert=method-wrapper(...), anchorHoriz='center', anchorVert='center', antialias=True, autoLog=True, bold=False, color=array([1., 1., 1.]), colorSpace='rgb', contrast=1.0, depth=0, flipHoriz=False, flipVert=False, font='', fontFiles=[], height=0.1, italic=False, languageStyle='LTR', name='unnamed TextStim', opacity=1.0, ori=0.0, pos=array([0., 0.]), rgb=UNKNOWN, text='Practice trials going on', units='norm', win=Window(...), wrapWidth=1)
37.0949 	DATA 	Keypress: return
37.0991 	EXP 	unnamed TextStim: autoDraw = True
37.1156 	EXP 	text_practice_resp: autoDraw = True
37.1971 	DATA 	Keypress: return
37.2157 	EXP 	unnamed TextStim: autoDraw = False
37.2262 	EXP 	text_practice_resp: autoDraw = False
37.2262 	EXP 	text_practice_repeat: autoDraw = True
37.4665 	EXP 	text_practice_repeat: autoDraw = False
37.4665 	EXP 	text_4: autoDraw = True
38.3733 	EXP 	Imported data/Stimuli_ME_cond.xlsx as conditions, 280 conditions, 8 params
38.3755 	EXP 	Created sequence: sequential, trialTypes=280, nReps=1, seed=None
38.3760 	EXP 	New trial (rep=0, index=0): {'TrialID_ME': 0.0, 'NFB_digit1_ME': 1.0, 'NFB_digit2_ME': 2.0, 'NFB_digit3_ME': 0.0, 'Speaker_trial_ME': 33.0, 'NV_trial_ME': 1.0, 'Triggered_trial_ME': 1.0, 'Jitter_trial_ME': 0.0}
38.3788 	EXP 	Sound  set loops 2
38.3789 	EXP 	Sound  started
39.0744 	EXP 	text_4: autoDraw = False
39.0744 	EXP 	Fixation_ME: autoDraw = True
40.4881 	EXP 	Sound sound_digit_1_ME started
40.4949 	EXP 	Fixation_ME: autoDraw = False
40.4949 	EXP 	text_2: text = 0
40.4949 	EXP 	text_2: autoDraw = True
40.9705 	EXP 	Sound sound_digit_1_ME reached end of file
41.4875 	EXP 	Created sequence: sequential, trialTypes=1, nReps=1, seed=None
41.4879 	EXP 	New trial (rep=0, index=0): None
41.4880 	EXP 	Sound  started
41.5089 	EXP 	text_2: autoDraw = False
41.5089 	EXP 	text_2: autoDraw = False
41.5089 	EXP 	text_7: text = 0
41.5089 	EXP 	disp_answer_ME: autoDraw = True
41.5089 	EXP 	text_7: autoDraw = True
42.3620 	EXP 	Created unnamed TextStim = TextStim(__class__=<class 'psychopy.visual.text.TextStim'>, alignHoriz=method-wrapper(...), alignText='center', alignVert=method-wrapper(...), anchorHoriz='center', anchorVert='center', antialias=True, autoLog=True, bold=False, color=array([1., 1., 1.]), colorSpace='rgb', contrast=1.0, depth=0, flipHoriz=False, flipVert=False, font='', fontFiles=[], height=0.1, italic=False, languageStyle='LTR', name='unnamed TextStim', opacity=1.0, ori=0.0, pos=array([ 0. , -0.1]), rgb=UNKNOWN, text='Current trial correct?:[1.]', units='norm', win=Window(...), wrapWidth=1)
42.3648 	DATA 	Keypress: return
42.3649 	DATA 	Keypress: return
42.3650 	DATA 	Keypress: 1
42.3651 	DATA 	Keypress: return
42.3820 	EXP 	unnamed TextStim: autoDraw = True
42.4002 	EXP 	Created unnamed TextStim = TextStim(__class__=<class 'psychopy.visual.text.TextStim'>, alignHoriz=method-wrapper(...), alignText='center', alignVert=method-wrapper(...), anchorHoriz='center', anchorVert='center', antialias=True, autoLog=True, bold=False, color=array([1., 1., 1.]), colorSpace='rgb', contrast=1.0, depth=0, flipHoriz=False, flipVert=False, font='', fontFiles=[], height=0.1, italic=False, languageStyle='LTR', name='unnamed TextStim', opacity=1.0, ori=0.0, pos=array([0., 0.]), rgb=UNKNOWN, text='Current ROC AUC:-0.0', units='norm', win=Window(...), wrapWidth=1)
42.4157 	EXP 	unnamed TextStim: autoDraw = True
42.4319 	EXP 	unnamed TextStim: autoDraw = False
42.4323 	EXP 	Sound  started
42.4357 	EXP 	New trial (rep=0, index=1): {'TrialID_ME': 1.0, 'NFB_digit1_ME': 0.0, 'NFB_digit2_ME': 8.0, 'NFB_digit3_ME': 3.0, 'Speaker_trial_ME': 49.0, 'NV_trial_ME': 1.0, 'Triggered_trial_ME': 0.0, 'Jitter_trial_ME': 1.0}
42.4397 	EXP 	Sound  started
42.4474 	EXP 	disp_answer_ME: autoDraw = False
42.4474 	EXP 	text_7: autoDraw = False
42.4474 	EXP 	text_next_block_ME: text = ''
42.4474 	EXP 	text_next_block_ME: autoDraw = False
42.4474 	EXP 	Fixation_ME: autoDraw = True
44.5173 	EXP 	Sound sound_digit_1_ME started
44.5264 	EXP 	Fixation_ME: autoDraw = False
44.5264 	EXP 	text_2: text = 1
44.5264 	EXP 	text_2: autoDraw = True
44.9964 	EXP 	Sound sound_digit_1_ME reached end of file
45.5191 	EXP 	Created sequence: sequential, trialTypes=1, nReps=1, seed=None
45.5195 	EXP 	New trial (rep=0, index=0): None
45.5197 	EXP 	Sound  started
45.5404 	EXP 	text_2: autoDraw = False
45.5404 	EXP 	text_2: autoDraw = False
45.5404 	EXP 	text_7: text = 0
45.5404 	EXP 	disp_answer_ME: autoDraw = True
45.5404 	EXP 	text_7: autoDraw = True
46.4190 	EXP 	Created unnamed TextStim = TextStim(__class__=<class 'psychopy.visual.text.TextStim'>, alignHoriz=method-wrapper(...), alignText='center', alignVert=method-wrapper(...), anchorHoriz='center', anchorVert='center', antialias=True, autoLog=True, bold=False, color=array([1., 1., 1.]), colorSpace='rgb', contrast=1.0, depth=0, flipHoriz=False, flipVert=False, font='', fontFiles=[], height=0.1, italic=False, languageStyle='LTR', name='unnamed TextStim', opacity=1.0, ori=0.0, pos=array([ 0. , -0.1]), rgb=UNKNOWN, text='Current trial correct?:[1.]', units='norm', win=Window(...), wrapWidth=1)
46.4218 	DATA 	Keypress: 0
46.4220 	DATA 	Keypress: return
46.4313 	EXP 	unnamed TextStim: autoDraw = True
46.4372 	EXP 	Created unnamed TextStim = TextStim(__class__=<class 'psychopy.visual.text.TextStim'>, alignHoriz=method-wrapper(...), alignText='center', alignVert=method-wrapper(...), anchorHoriz='center', anchorVert='center', antialias=True, autoLog=True, bold=False, color=array([1., 1., 1.]), colorSpace='rgb', contrast=1.0, depth=0, flipHoriz=False, flipVert=False, font='', fontFiles=[], height=0.1, italic=False, languageStyle='LTR', name='unnamed TextStim', opacity=1.0, ori=0.0, pos=array([0., 0.]), rgb=UNKNOWN, text='Current ROC AUC:-0.0', units='norm', win=Window(...), wrapWidth=1)
46.4484 	EXP 	unnamed TextStim: autoDraw = True
46.4649 	EXP 	unnamed TextStim: autoDraw = False
46.4652 	EXP 	Sound  started
46.4665 	EXP 	New trial (rep=0, index=2): {'TrialID_ME': 2.0, 'NFB_digit1_ME': 4.0, 'NFB_digit2_ME': 9.0, 'NFB_digit3_ME': 2.0, 'Speaker_trial_ME': 7.0, 'NV_trial_ME': 1.0, 'Triggered_trial_ME': 1.0, 'Jitter_trial_ME': 0.0}
46.4706 	EXP 	Sound  started
46.4788 	EXP 	disp_answer_ME: autoDraw = False
46.4788 	EXP 	text_7: autoDraw = False
46.4788 	EXP 	text_next_block_ME: text = ''
46.4788 	EXP 	text_next_block_ME: autoDraw = False
46.4788 	EXP 	Fixation_ME: autoDraw = True
48.5533 	EXP 	Sound sound_digit_1_ME started
48.5614 	EXP 	Fixation_ME: autoDraw = False
48.5614 	EXP 	text_2: text = 2
48.5614 	EXP 	text_2: autoDraw = True
49.0416 	EXP 	Sound sound_digit_1_ME reached end of file
49.5515 	EXP 	Created sequence: sequential, trialTypes=1, nReps=1, seed=None
49.5519 	EXP 	New trial (rep=0, index=0): None
49.5521 	EXP 	Sound  started
49.5717 	EXP 	text_2: autoDraw = False
49.5717 	EXP 	text_2: autoDraw = False
49.5717 	EXP 	text_7: text = 0
49.5717 	EXP 	disp_answer_ME: autoDraw = True
49.5717 	EXP 	text_7: autoDraw = True
50.2358 	EXP 	Created unnamed TextStim = TextStim(__class__=<class 'psychopy.visual.text.TextStim'>, alignHoriz=method-wrapper(...), alignText='center', alignVert=method-wrapper(...), anchorHoriz='center', anchorVert='center', antialias=True, autoLog=True, bold=False, color=array([1., 1., 1.]), colorSpace='rgb', contrast=1.0, depth=0, flipHoriz=False, flipVert=False, font='', fontFiles=[], height=0.1, italic=False, languageStyle='LTR', name='unnamed TextStim', opacity=1.0, ori=0.0, pos=array([ 0. , -0.1]), rgb=UNKNOWN, text='Current trial correct?:[1.]', units='norm', win=Window(...), wrapWidth=1)
50.2395 	DATA 	Keypress: 4
50.2398 	DATA 	Keypress: return
50.2492 	EXP 	unnamed TextStim: autoDraw = True
50.2551 	EXP 	Created unnamed TextStim = TextStim(__class__=<class 'psychopy.visual.text.TextStim'>, alignHoriz=method-wrapper(...), alignText='center', alignVert=method-wrapper(...), anchorHoriz='center', anchorVert='center', antialias=True, autoLog=True, bold=False, color=array([1., 1., 1.]), colorSpace='rgb', contrast=1.0, depth=0, flipHoriz=False, flipVert=False, font='', fontFiles=[], height=0.1, italic=False, languageStyle='LTR', name='unnamed TextStim', opacity=1.0, ori=0.0, pos=array([0., 0.]), rgb=UNKNOWN, text='Current ROC AUC:-0.0', units='norm', win=Window(...), wrapWidth=1)
50.2642 	EXP 	unnamed TextStim: autoDraw = True
50.2812 	EXP 	unnamed TextStim: autoDraw = False
50.2815 	EXP 	Sound  started
50.2831 	EXP 	New trial (rep=0, index=3): {'TrialID_ME': 3.0, 'NFB_digit1_ME': 6.0, 'NFB_digit2_ME': 2.0, 'NFB_digit3_ME': 9.0, 'Speaker_trial_ME': 33.0, 'NV_trial_ME': 1.0, 'Triggered_trial_ME': 0.0, 'Jitter_trial_ME': -0.0}
50.2871 	EXP 	Sound  started
50.2955 	EXP 	disp_answer_ME: autoDraw = False
50.2955 	EXP 	text_7: autoDraw = False
50.2955 	EXP 	text_next_block_ME: text = ''
50.2955 	EXP 	text_next_block_ME: autoDraw = False
50.2955 	EXP 	Fixation_ME: autoDraw = True
52.3823 	EXP 	Sound sound_digit_1_ME started
52.3894 	EXP 	Fixation_ME: autoDraw = False
52.3894 	EXP 	text_2: text = 3
52.3894 	EXP 	text_2: autoDraw = True
52.8713 	EXP 	Sound sound_digit_1_ME reached end of file
53.3846 	EXP 	Created sequence: sequential, trialTypes=1, nReps=1, seed=None
53.3850 	EXP 	New trial (rep=0, index=0): None
53.3851 	EXP 	Sound  started
53.4029 	EXP 	text_2: autoDraw = False
53.4029 	EXP 	text_2: autoDraw = False
53.4029 	EXP 	text_7: text = 0
53.4029 	EXP 	disp_answer_ME: autoDraw = True
53.4029 	EXP 	text_7: autoDraw = True
54.1679 	EXP 	Created unnamed TextStim = TextStim(__class__=<class 'psychopy.visual.text.TextStim'>, alignHoriz=method-wrapper(...), alignText='center', alignVert=method-wrapper(...), anchorHoriz='center', anchorVert='center', antialias=True, autoLog=True, bold=False, color=array([1., 1., 1.]), colorSpace='rgb', contrast=1.0, depth=0, flipHoriz=False, flipVert=False, font='', fontFiles=[], height=0.1, italic=False, languageStyle='LTR', name='unnamed TextStim', opacity=1.0, ori=0.0, pos=array([ 0. , -0.1]), rgb=UNKNOWN, text='Current trial correct?:[0.]', units='norm', win=Window(...), wrapWidth=1)
54.1722 	DATA 	Keypress: 5
54.1724 	DATA 	Keypress: return
54.1810 	EXP 	unnamed TextStim: autoDraw = True
54.1874 	EXP 	Created unnamed TextStim = TextStim(__class__=<class 'psychopy.visual.text.TextStim'>, alignHoriz=method-wrapper(...), alignText='center', alignVert=method-wrapper(...), anchorHoriz='center', anchorVert='center', antialias=True, autoLog=True, bold=False, color=array([1., 1., 1.]), colorSpace='rgb', contrast=1.0, depth=0, flipHoriz=False, flipVert=False, font='', fontFiles=[], height=0.1, italic=False, languageStyle='LTR', name='unnamed TextStim', opacity=1.0, ori=0.0, pos=array([0., 0.]), rgb=UNKNOWN, text='Current ROC AUC:-0.0', units='norm', win=Window(...), wrapWidth=1)
54.1978 	EXP 	unnamed TextStim: autoDraw = True
54.2145 	EXP 	unnamed TextStim: autoDraw = False
54.2147 	EXP 	Sound  started
54.2162 	EXP 	New trial (rep=0, index=4): {'TrialID_ME': 4.0, 'NFB_digit1_ME': 5.0, 'NFB_digit2_ME': 2.0, 'NFB_digit3_ME': 4.0, 'Speaker_trial_ME': 7.0, 'NV_trial_ME': 1.0, 'Triggered_trial_ME': 1.0, 'Jitter_trial_ME': 0.0}
54.2204 	EXP 	Sound  started
54.2286 	EXP 	disp_answer_ME: autoDraw = False
54.2286 	EXP 	text_7: autoDraw = False
54.2286 	EXP 	text_next_block_ME: text = ''
54.2286 	EXP 	text_next_block_ME: autoDraw = False
54.2286 	EXP 	Fixation_ME: autoDraw = True
56.2322 	EXP 	Sound sound_digit_1_ME started
56.2397 	EXP 	Fixation_ME: autoDraw = False
56.2397 	EXP 	text_2: text = 4
56.2397 	EXP 	text_2: autoDraw = True
56.7212 	EXP 	Sound sound_digit_1_ME reached end of file
57.2343 	EXP 	Created sequence: sequential, trialTypes=1, nReps=1, seed=None
57.2347 	EXP 	New trial (rep=0, index=0): None
57.2348 	EXP 	Sound  started
57.2528 	EXP 	text_2: autoDraw = False
57.2528 	EXP 	text_2: autoDraw = False
57.2528 	EXP 	text_7: text = 0
57.2528 	EXP 	disp_answer_ME: autoDraw = True
57.2528 	EXP 	text_7: autoDraw = True
58.2174 	EXP 	Created unnamed TextStim = TextStim(__class__=<class 'psychopy.visual.text.TextStim'>, alignHoriz=method-wrapper(...), alignText='center', alignVert=method-wrapper(...), anchorHoriz='center', anchorVert='center', antialias=True, autoLog=True, bold=False, color=array([1., 1., 1.]), colorSpace='rgb', contrast=1.0, depth=0, flipHoriz=False, flipVert=False, font='', fontFiles=[], height=0.1, italic=False, languageStyle='LTR', name='unnamed TextStim', opacity=1.0, ori=0.0, pos=array([ 0. , -0.1]), rgb=UNKNOWN, text='Current trial correct?:[0.]', units='norm', win=Window(...), wrapWidth=1)
58.2230 	DATA 	Keypress: 3
58.2232 	DATA 	Keypress: return
58.2308 	EXP 	unnamed TextStim: autoDraw = True
58.2405 	EXP 	Created unnamed TextStim = TextStim(__class__=<class 'psychopy.visual.text.TextStim'>, alignHoriz=method-wrapper(...), alignText='center', alignVert=method-wrapper(...), anchorHoriz='center', anchorVert='center', antialias=True, autoLog=True, bold=False, color=array([1., 1., 1.]), colorSpace='rgb', contrast=1.0, depth=0, flipHoriz=False, flipVert=False, font='', fontFiles=[], height=0.1, italic=False, languageStyle='LTR', name='unnamed TextStim', opacity=1.0, ori=0.0, pos=array([0., 0.]), rgb=UNKNOWN, text='Current ROC AUC:0.083333', units='norm', win=Window(...), wrapWidth=1)
58.2638 	EXP 	unnamed TextStim: autoDraw = True
58.2810 	EXP 	unnamed TextStim: autoDraw = False
58.2813 	EXP 	Sound  started
58.2825 	EXP 	New trial (rep=0, index=5): {'TrialID_ME': 5.0, 'NFB_digit1_ME': 9.0, 'NFB_digit2_ME': 1.0, 'NFB_digit3_ME': 2.0, 'Speaker_trial_ME': 14.0, 'NV_trial_ME': 1.0, 'Triggered_trial_ME': 0.0, 'Jitter_trial_ME': -1.0}
58.2857 	EXP 	Sound  started
58.2929 	EXP 	disp_answer_ME: autoDraw = False
58.2929 	EXP 	text_7: autoDraw = False
58.2929 	EXP 	text_next_block_ME: text = ''
58.2929 	EXP 	text_next_block_ME: autoDraw = False
58.2929 	EXP 	Fixation_ME: autoDraw = True
60.3863 	EXP 	Sound sound_digit_1_ME started
60.3946 	EXP 	Fixation_ME: autoDraw = False
60.3946 	EXP 	text_2: text = 5
60.3946 	EXP 	text_2: autoDraw = True
60.8631 	EXP 	Sound sound_digit_1_ME reached end of file
61.3842 	EXP 	Created sequence: sequential, trialTypes=1, nReps=1, seed=None
61.3846 	EXP 	New trial (rep=0, index=0): None
61.3847 	EXP 	Sound  started
61.4029 	EXP 	text_2: autoDraw = False
61.4029 	EXP 	text_2: autoDraw = False
61.4029 	EXP 	text_7: text = 0
61.4029 	EXP 	disp_answer_ME: autoDraw = True
61.4029 	EXP 	text_7: autoDraw = True
61.9005 	EXP 	Created unnamed TextStim = TextStim(__class__=<class 'psychopy.visual.text.TextStim'>, alignHoriz=method-wrapper(...), alignText='center', alignVert=method-wrapper(...), anchorHoriz='center', anchorVert='center', antialias=True, autoLog=True, bold=False, color=array([1., 1., 1.]), colorSpace='rgb', contrast=1.0, depth=0, flipHoriz=False, flipVert=False, font='', fontFiles=[], height=0.1, italic=False, languageStyle='LTR', name='unnamed TextStim', opacity=1.0, ori=0.0, pos=array([ 0. , -0.1]), rgb=UNKNOWN, text='Current trial correct?:[0.]', units='norm', win=Window(...), wrapWidth=1)
61.9065 	DATA 	Keypress: 7
61.9067 	DATA 	Keypress: return
61.9133 	EXP 	unnamed TextStim: autoDraw = True
61.9227 	EXP 	Created unnamed TextStim = TextStim(__class__=<class 'psychopy.visual.text.TextStim'>, alignHoriz=method-wrapper(...), alignText='center', alignVert=method-wrapper(...), anchorHoriz='center', anchorVert='center', antialias=True, autoLog=True, bold=False, color=array([1., 1., 1.]), colorSpace='rgb', contrast=1.0, depth=0, flipHoriz=False, flipVert=False, font='', fontFiles=[], height=0.1, italic=False, languageStyle='LTR', name='unnamed TextStim', opacity=1.0, ori=0.0, pos=array([0., 0.]), rgb=UNKNOWN, text='Current ROC AUC:0.055556', units='norm', win=Window(...), wrapWidth=1)
61.9471 	EXP 	unnamed TextStim: autoDraw = True
61.9642 	EXP 	unnamed TextStim: autoDraw = False
61.9645 	EXP 	Sound  started
61.9659 	EXP 	New trial (rep=0, index=6): {'TrialID_ME': 6.0, 'NFB_digit1_ME': 4.0, 'NFB_digit2_ME': 2.0, 'NFB_digit3_ME': 9.0, 'Speaker_trial_ME': 33.0, 'NV_trial_ME': 1.0, 'Triggered_trial_ME': 1.0, 'Jitter_trial_ME': 0.0}
61.9701 	EXP 	Sound  started
61.9788 	EXP 	disp_answer_ME: autoDraw = False
61.9788 	EXP 	text_7: autoDraw = False
61.9788 	EXP 	text_next_block_ME: text = ''
61.9788 	EXP 	text_next_block_ME: autoDraw = False
61.9788 	EXP 	Fixation_ME: autoDraw = True
64.0297 	EXP 	Sound sound_digit_1_ME started
64.0371 	EXP 	Fixation_ME: autoDraw = False
64.0371 	EXP 	text_2: text = 6
64.0371 	EXP 	text_2: autoDraw = True
64.5104 	EXP 	Sound sound_digit_1_ME reached end of file
65.0344 	EXP 	Created sequence: sequential, trialTypes=1, nReps=1, seed=None
65.0349 	EXP 	New trial (rep=0, index=0): None
65.0350 	EXP 	Sound  started
65.0530 	EXP 	text_2: autoDraw = False
65.0530 	EXP 	text_2: autoDraw = False
65.0530 	EXP 	text_7: text = 0
65.0530 	EXP 	disp_answer_ME: autoDraw = True
65.0530 	EXP 	text_7: autoDraw = True
65.6665 	EXP 	Created unnamed TextStim = TextStim(__class__=<class 'psychopy.visual.text.TextStim'>, alignHoriz=method-wrapper(...), alignText='center', alignVert=method-wrapper(...), anchorHoriz='center', anchorVert='center', antialias=True, autoLog=True, bold=False, color=array([1., 1., 1.]), colorSpace='rgb', contrast=1.0, depth=0, flipHoriz=False, flipVert=False, font='', fontFiles=[], height=0.1, italic=False, languageStyle='LTR', name='unnamed TextStim', opacity=1.0, ori=0.0, pos=array([ 0. , -0.1]), rgb=UNKNOWN, text='Current trial correct?:[0.]', units='norm', win=Window(...), wrapWidth=1)
65.6727 	DATA 	Keypress: 6
65.6729 	DATA 	Keypress: return
65.6798 	EXP 	unnamed TextStim: autoDraw = True
65.6898 	EXP 	Created unnamed TextStim = TextStim(__class__=<class 'psychopy.visual.text.TextStim'>, alignHoriz=method-wrapper(...), alignText='center', alignVert=method-wrapper(...), anchorHoriz='center', anchorVert='center', antialias=True, autoLog=True, bold=False, color=array([1., 1., 1.]), colorSpace='rgb', contrast=1.0, depth=0, flipHoriz=False, flipVert=False, font='', fontFiles=[], height=0.1, italic=False, languageStyle='LTR', name='unnamed TextStim', opacity=1.0, ori=0.0, pos=array([0., 0.]), rgb=UNKNOWN, text='Current ROC AUC:0.291667', units='norm', win=Window(...), wrapWidth=1)
65.7135 	EXP 	unnamed TextStim: autoDraw = True
65.7300 	EXP 	unnamed TextStim: autoDraw = False
65.7303 	EXP 	Sound  started
65.7317 	EXP 	New trial (rep=0, index=7): {'TrialID_ME': 7.0, 'NFB_digit1_ME': 9.0, 'NFB_digit2_ME': 6.0, 'NFB_digit3_ME': 3.0, 'Speaker_trial_ME': 21.0, 'NV_trial_ME': 1.0, 'Triggered_trial_ME': 0.0, 'Jitter_trial_ME': -1.0}
65.7360 	EXP 	Sound  started
65.7442 	EXP 	disp_answer_ME: autoDraw = False
65.7442 	EXP 	text_7: autoDraw = False
65.7442 	EXP 	text_next_block_ME: text = ''
65.7442 	EXP 	text_next_block_ME: autoDraw = False
65.7442 	EXP 	Fixation_ME: autoDraw = True
67.7473 	EXP 	Sound sound_digit_1_ME started
67.7540 	EXP 	Fixation_ME: autoDraw = False
67.7540 	EXP 	text_2: text = 7
67.7540 	EXP 	text_2: autoDraw = True
68.2190 	EXP 	Sound sound_digit_1_ME reached end of file
68.7507 	EXP 	Created sequence: sequential, trialTypes=1, nReps=1, seed=None
68.7511 	EXP 	New trial (rep=0, index=0): None
68.7512 	EXP 	Sound  started
68.7692 	EXP 	text_2: autoDraw = False
68.7692 	EXP 	text_2: autoDraw = False
68.7692 	EXP 	text_7: text = 0
68.7692 	EXP 	disp_answer_ME: autoDraw = True
68.7692 	EXP 	text_7: autoDraw = True
69.3493 	EXP 	Created unnamed TextStim = TextStim(__class__=<class 'psychopy.visual.text.TextStim'>, alignHoriz=method-wrapper(...), alignText='center', alignVert=method-wrapper(...), anchorHoriz='center', anchorVert='center', antialias=True, autoLog=True, bold=False, color=array([1., 1., 1.]), colorSpace='rgb', contrast=1.0, depth=0, flipHoriz=False, flipVert=False, font='', fontFiles=[], height=0.1, italic=False, languageStyle='LTR', name='unnamed TextStim', opacity=1.0, ori=0.0, pos=array([ 0. , -0.1]), rgb=UNKNOWN, text='Current trial correct?:[0.]', units='norm', win=Window(...), wrapWidth=1)
69.3566 	DATA 	Keypress: 6
69.3568 	DATA 	Keypress: return
69.3629 	EXP 	unnamed TextStim: autoDraw = True
69.3703 	EXP 	Created unnamed TextStim = TextStim(__class__=<class 'psychopy.visual.text.TextStim'>, alignHoriz=method-wrapper(...), alignText='center', alignVert=method-wrapper(...), anchorHoriz='center', anchorVert='center', antialias=True, autoLog=True, bold=False, color=array([1., 1., 1.]), colorSpace='rgb', contrast=1.0, depth=0, flipHoriz=False, flipVert=False, font='', fontFiles=[], height=0.1, italic=False, languageStyle='LTR', name='unnamed TextStim', opacity=1.0, ori=0.0, pos=array([0., 0.]), rgb=UNKNOWN, text='Current ROC AUC:0.433333', units='norm', win=Window(...), wrapWidth=1)
69.3796 	EXP 	unnamed TextStim: autoDraw = True
69.3963 	EXP 	unnamed TextStim: autoDraw = False
69.3966 	EXP 	Sound  started
69.3980 	EXP 	New trial (rep=0, index=8): {'TrialID_ME': 8.0, 'NFB_digit1_ME': 1.0, 'NFB_digit2_ME': 5.0, 'NFB_digit3_ME': 9.0, 'Speaker_trial_ME': 13.0, 'NV_trial_ME': 1.0, 'Triggered_trial_ME': 1.0, 'Jitter_trial_ME': 0.0}
69.4022 	EXP 	Sound  started
69.4104 	EXP 	disp_answer_ME: autoDraw = False
69.4104 	EXP 	text_7: autoDraw = False
69.4104 	EXP 	text_next_block_ME: text = ''
69.4104 	EXP 	text_next_block_ME: autoDraw = False
69.4104 	EXP 	Fixation_ME: autoDraw = True
71.5229 	EXP 	Sound sound_digit_1_ME started
71.5316 	EXP 	Fixation_ME: autoDraw = False
71.5316 	EXP 	text_2: text = 8
71.5316 	EXP 	text_2: autoDraw = True
71.9980 	EXP 	Sound sound_digit_1_ME reached end of file
72.5332 	EXP 	Created sequence: sequential, trialTypes=1, nReps=1, seed=None
72.5337 	EXP 	New trial (rep=0, index=0): None
72.5338 	EXP 	Sound  started
72.5518 	EXP 	text_2: autoDraw = False
72.5518 	EXP 	text_2: autoDraw = False
72.5518 	EXP 	text_7: text = 0
72.5518 	EXP 	disp_answer_ME: autoDraw = True
72.5518 	EXP 	text_7: autoDraw = True
73.2181 	EXP 	Created unnamed TextStim = TextStim(__class__=<class 'psychopy.visual.text.TextStim'>, alignHoriz=method-wrapper(...), alignText='center', alignVert=method-wrapper(...), anchorHoriz='center', anchorVert='center', antialias=True, autoLog=True, bold=False, color=array([1., 1., 1.]), colorSpace='rgb', contrast=1.0, depth=0, flipHoriz=False, flipVert=False, font='', fontFiles=[], height=0.1, italic=False, languageStyle='LTR', name='unnamed TextStim', opacity=1.0, ori=0.0, pos=array([ 0. , -0.1]), rgb=UNKNOWN, text='Current trial correct?:[1.]', units='norm', win=Window(...), wrapWidth=1)
73.2267 	DATA 	Keypress: 1
73.2269 	DATA 	Keypress: return
73.2289 	EXP 	unnamed TextStim: autoDraw = True
73.2352 	EXP 	Created unnamed TextStim = TextStim(__class__=<class 'psychopy.visual.text.TextStim'>, alignHoriz=method-wrapper(...), alignText='center', alignVert=method-wrapper(...), anchorHoriz='center', anchorVert='center', antialias=True, autoLog=True, bold=False, color=array([1., 1., 1.]), colorSpace='rgb', contrast=1.0, depth=0, flipHoriz=False, flipVert=False, font='', fontFiles=[], height=0.1, italic=False, languageStyle='LTR', name='unnamed TextStim', opacity=1.0, ori=0.0, pos=array([0., 0.]), rgb=UNKNOWN, text='Current ROC AUC:0.35', units='norm', win=Window(...), wrapWidth=1)
73.2470 	EXP 	unnamed TextStim: autoDraw = True
73.2625 	EXP 	unnamed TextStim: autoDraw = False
73.2627 	EXP 	Sound  started
73.2637 	EXP 	New trial (rep=0, index=9): {'TrialID_ME': 9.0, 'NFB_digit1_ME': 0.0, 'NFB_digit2_ME': 6.0, 'NFB_digit3_ME': 5.0, 'Speaker_trial_ME': 21.0, 'NV_trial_ME': 1.0, 'Triggered_trial_ME': 0.0, 'Jitter_trial_ME': 2.0}
73.2668 	EXP 	Sound  started
73.2748 	EXP 	disp_answer_ME: autoDraw = False
73.2748 	EXP 	text_7: autoDraw = False
73.2748 	EXP 	text_next_block_ME: text = ''
73.2748 	EXP 	text_next_block_ME: autoDraw = False
73.2748 	EXP 	Fixation_ME: autoDraw = True
75.3572 	EXP 	Sound sound_digit_1_ME started
75.3651 	EXP 	Fixation_ME: autoDraw = False
75.3651 	EXP 	text_2: text = 9
75.3651 	EXP 	text_2: autoDraw = True
75.8432 	EXP 	Sound sound_digit_1_ME reached end of file
76.3662 	EXP 	Created sequence: sequential, trialTypes=1, nReps=1, seed=None
76.3666 	EXP 	New trial (rep=0, index=0): None
76.3667 	EXP 	Sound  started
76.3852 	EXP 	text_2: autoDraw = False
76.3852 	EXP 	text_2: autoDraw = False
76.3852 	EXP 	text_7: text = 0
76.3852 	EXP 	disp_answer_ME: autoDraw = True
76.3852 	EXP 	text_7: autoDraw = True
76.8845 	EXP 	Created unnamed TextStim = TextStim(__class__=<class 'psychopy.visual.text.TextStim'>, alignHoriz=method-wrapper(...), alignText='center', alignVert=method-wrapper(...), anchorHoriz='center', anchorVert='center', antialias=True, autoLog=True, bold=False, color=array([1., 1., 1.]), colorSpace='rgb', contrast=1.0, depth=0, flipHoriz=False, flipVert=False, font='', fontFiles=[], height=0.1, italic=False, languageStyle='LTR', name='unnamed TextStim', opacity=1.0, ori=0.0, pos=array([ 0. , -0.1]), rgb=UNKNOWN, text='Current trial correct?:[0.]', units='norm', win=Window(...), wrapWidth=1)
76.8948 	DATA 	Keypress: 6
76.8949 	DATA 	Keypress: return
76.8951 	DATA 	Keypress: 6
76.8952 	DATA 	Keypress: return
76.9131 	EXP 	unnamed TextStim: autoDraw = True
76.9220 	EXP 	Created unnamed TextStim = TextStim(__class__=<class 'psychopy.visual.text.TextStim'>, alignHoriz=method-wrapper(...), alignText='center', alignVert=method-wrapper(...), anchorHoriz='center', anchorVert='center', antialias=True, autoLog=True, bold=False, color=array([1., 1., 1.]), colorSpace='rgb', contrast=1.0, depth=0, flipHoriz=False, flipVert=False, font='', fontFiles=[], height=0.1, italic=False, languageStyle='LTR', name='unnamed TextStim', opacity=1.0, ori=0.0, pos=array([0., 0.]), rgb=UNKNOWN, text='Current ROC AUC:0.333333', units='norm', win=Window(...), wrapWidth=1)
76.9459 	EXP 	unnamed TextStim: autoDraw = True
76.9625 	EXP 	unnamed TextStim: autoDraw = False
76.9628 	EXP 	Sound  started
76.9642 	EXP 	New trial (rep=0, index=10): {'TrialID_ME': 10.0, 'NFB_digit1_ME': 4.0, 'NFB_digit2_ME': 2.0, 'NFB_digit3_ME': 1.0, 'Speaker_trial_ME': 33.0, 'NV_trial_ME': 1.0, 'Triggered_trial_ME': 1.0, 'Jitter_trial_ME': 0.0}
76.9684 	EXP 	Sound  started
76.9765 	EXP 	disp_answer_ME: autoDraw = False
76.9765 	EXP 	text_7: autoDraw = False
76.9765 	EXP 	text_next_block_ME: text = ''
76.9765 	EXP 	text_next_block_ME: autoDraw = False
76.9765 	EXP 	Fixation_ME: autoDraw = True
79.0693 	EXP 	Sound sound_digit_1_ME started
79.0769 	EXP 	Fixation_ME: autoDraw = False
79.0769 	EXP 	text_2: text = 10
79.0769 	EXP 	text_2: autoDraw = True
79.5470 	EXP 	Sound sound_digit_1_ME reached end of file
80.0663 	EXP 	Created sequence: sequential, trialTypes=1, nReps=1, seed=None
80.0667 	EXP 	New trial (rep=0, index=0): None
80.0668 	EXP 	Sound  started
80.0847 	EXP 	text_2: autoDraw = False
80.0847 	EXP 	text_2: autoDraw = False
80.0847 	EXP 	text_7: text = 0
80.0847 	EXP 	disp_answer_ME: autoDraw = True
80.0847 	EXP 	text_7: autoDraw = True
80.9019 	EXP 	Created unnamed TextStim = TextStim(__class__=<class 'psychopy.visual.text.TextStim'>, alignHoriz=method-wrapper(...), alignText='center', alignVert=method-wrapper(...), anchorHoriz='center', anchorVert='center', antialias=True, autoLog=True, bold=False, color=array([1., 1., 1.]), colorSpace='rgb', contrast=1.0, depth=0, flipHoriz=False, flipVert=False, font='', fontFiles=[], height=0.1, italic=False, languageStyle='LTR', name='unnamed TextStim', opacity=1.0, ori=0.0, pos=array([ 0. , -0.1]), rgb=UNKNOWN, text='Current trial correct?:[0.]', units='norm', win=Window(...), wrapWidth=1)
80.9159 	DATA 	Keypress: 6
80.9162 	DATA 	Keypress: 6
80.9163 	DATA 	Keypress: return
80.9290 	EXP 	unnamed TextStim: autoDraw = True
80.9374 	EXP 	Created unnamed TextStim = TextStim(__class__=<class 'psychopy.visual.text.TextStim'>, alignHoriz=method-wrapper(...), alignText='center', alignVert=method-wrapper(...), anchorHoriz='center', anchorVert='center', antialias=True, autoLog=True, bold=False, color=array([1., 1., 1.]), colorSpace='rgb', contrast=1.0, depth=0, flipHoriz=False, flipVert=False, font='', fontFiles=[], height=0.1, italic=False, languageStyle='LTR', name='unnamed TextStim', opacity=1.0, ori=0.0, pos=array([0., 0.]), rgb=UNKNOWN, text='Current ROC AUC:0.410714', units='norm', win=Window(...), wrapWidth=1)
80.9622 	EXP 	unnamed TextStim: autoDraw = True
80.9955 	EXP 	unnamed TextStim: autoDraw = False
80.9958 	EXP 	Sound  started
80.9972 	EXP 	New trial (rep=0, index=11): {'TrialID_ME': 11.0, 'NFB_digit1_ME': 0.0, 'NFB_digit2_ME': 5.0, 'NFB_digit3_ME': 9.0, 'Speaker_trial_ME': 48.0, 'NV_trial_ME': 1.0, 'Triggered_trial_ME': 0.0, 'Jitter_trial_ME': 2.0}
81.0012 	EXP 	Sound  started
81.0097 	EXP 	disp_answer_ME: autoDraw = False
81.0097 	EXP 	text_7: autoDraw = False
81.0097 	EXP 	text_next_block_ME: text = ''
81.0097 	EXP 	text_next_block_ME: autoDraw = False
81.0097 	EXP 	Fixation_ME: autoDraw = True
83.1059 	EXP 	Sound sound_digit_1_ME started
83.1136 	EXP 	Fixation_ME: autoDraw = False
83.1136 	EXP 	text_2: text = 11
83.1136 	EXP 	text_2: autoDraw = True
83.5887 	EXP 	Sound sound_digit_1_ME reached end of file
84.1169 	EXP 	Created sequence: sequential, trialTypes=1, nReps=1, seed=None
84.1174 	EXP 	New trial (rep=0, index=0): None
84.1175 	EXP 	Sound  started
84.1356 	EXP 	text_2: autoDraw = False
84.1356 	EXP 	text_2: autoDraw = False
84.1356 	EXP 	text_7: text = 0
84.1356 	EXP 	disp_answer_ME: autoDraw = True
84.1356 	EXP 	text_7: autoDraw = True
84.8168 	EXP 	Created unnamed TextStim = TextStim(__class__=<class 'psychopy.visual.text.TextStim'>, alignHoriz=method-wrapper(...), alignText='center', alignVert=method-wrapper(...), anchorHoriz='center', anchorVert='center', antialias=True, autoLog=True, bold=False, color=array([1., 1., 1.]), colorSpace='rgb', contrast=1.0, depth=0, flipHoriz=False, flipVert=False, font='', fontFiles=[], height=0.1, italic=False, languageStyle='LTR', name='unnamed TextStim', opacity=1.0, ori=0.0, pos=array([ 0. , -0.1]), rgb=UNKNOWN, text='Current trial correct?:[0.]', units='norm', win=Window(...), wrapWidth=1)
84.8242 	DATA 	Keypress: 6
84.8243 	DATA 	Keypress: return
84.8278 	EXP 	unnamed TextStim: autoDraw = True
84.8326 	EXP 	Created unnamed TextStim = TextStim(__class__=<class 'psychopy.visual.text.TextStim'>, alignHoriz=method-wrapper(...), alignText='center', alignVert=method-wrapper(...), anchorHoriz='center', anchorVert='center', antialias=True, autoLog=True, bold=False, color=array([1., 1., 1.]), colorSpace='rgb', contrast=1.0, depth=0, flipHoriz=False, flipVert=False, font='', fontFiles=[], height=0.1, italic=False, languageStyle='LTR', name='unnamed TextStim', opacity=1.0, ori=0.0, pos=array([0., 0.]), rgb=UNKNOWN, text='Current ROC AUC:0.46875', units='norm', win=Window(...), wrapWidth=1)
84.8447 	EXP 	unnamed TextStim: autoDraw = True
84.8613 	EXP 	unnamed TextStim: autoDraw = False
84.8730 	EXP 	Sound  stopped
84.8802 	EXP 	Sound  started
84.9567 	EXP 	disp_answer_ME: autoDraw = False
84.9567 	EXP 	text_7: autoDraw = False
84.9567 	EXP 	text_next_block_ME: text = 'Die Kalibrierungphase ist zu Ende, gut gemacht!\n        \n        Der/die VersuchsleiterIn wird in Krze in den Raum kommen.'
84.9567 	EXP 	text_next_block_ME: autoDraw = True
86.8909 	EXP 	Created unnamed TextStim = TextStim(__class__=<class 'psychopy.visual.text.TextStim'>, alignHoriz=method-wrapper(...), alignText='center', alignVert=method-wrapper(...), anchorHoriz='center', anchorVert='center', antialias=True, autoLog=True, bold=False, color=array([1., 1., 1.]), colorSpace='rgb', contrast=1.0, depth=0, flipHoriz=False, flipVert=False, font='', fontFiles=[], height=0.1, italic=False, languageStyle='LTR', name='unnamed TextStim', opacity=1.0, ori=0.0, pos=array([0., 0.]), rgb=UNKNOWN, text='Final ROC AUC:0.46875', units='norm', win=Window(...), wrapWidth=1)
86.8996 	DATA 	Keypress: return
86.9111 	EXP 	unnamed TextStim: autoDraw = True
86.9219 	EXP 	text_next_block_ME: autoDraw = False
86.9219 	EXP 	text_break: autoDraw = True
89.0571 	EXP 	Imported data/Stimuli_exp_cond.xlsx as conditions, 32 conditions, 8 params
89.0578 	EXP 	Created sequence: sequential, trialTypes=32, nReps=1, seed=None
89.0584 	EXP 	New trial (rep=0, index=0): {'TrialID': 0.0, 'NFB_digit1': 5.0, 'NFB_digit2': 0.0, 'NFB_digit3': 2.0, 'Speaker_trial': 61.0, 'NV_trial': 0.0, 'Triggered_trial': 1.0, 'Jitter_trial': 0.0}
89.0614 	EXP 	Sound  started
89.0765 	EXP 	text_break: autoDraw = False
89.0765 	EXP 	Fixation: autoDraw = True
89.0765 	EXP 	text_6: autoDraw = True
156.9206 	EXP 	window1: mouseVisible = True
160.1606 	EXP 	window1: mouseVisible = True
