15.5580 	WARNING 	User requested fullscreen with size [1280  720], but screen is actually [2560, 1440]. Using actual size
17.1902 	EXP 	Created window1 = Window(allowGUI=False, allowStencil=False, autoLog=True, backendConf=UNKNOWN, bitsMode=UNKNOWN, blendMode='avg', bpc=(8, 8, 8), color=array([0, 0, 0]), colorSpace='rgb', depthBits=8, fullscr=<method-wrapper '__getattribute__' of attributeSetter object at 0x000001A54C4D64A8>, gamma=None, gammaErrorPolicy='raise', lms=UNKNOWN, monitor=<psychopy.monitors.calibTools.Monitor object at 0x000001A54C5176A0>, multiSample=False, name='window1', numSamples=2, pos=[0.0, 0.0], screen=0, size=array([2560, 1440]), stencilBits=0, stereo=False, units='height', useFBO=True, useRetina=False, viewOri=0.0, viewPos=None, viewScale=None, waitBlanking=True, winType='pyglet')
17.1903 	EXP 	window1: mouseVisible = True
17.1904 	EXP 	window1: recordFrameIntervals = False
17.3568 	EXP 	window1: recordFrameIntervals = True
17.5399 	EXP 	window1: recordFrameIntervals = False
19.1151 	EXP 	Created Instructions_Background_Noise = TextStim(__class__=<class 'psychopy.visual.text.TextStim'>, alignHoriz=method-wrapper(...), alignText='center', alignVert=method-wrapper(...), anchorHoriz='center', anchorVert='center', antialias=True, autoLog=True, bold=False, color=array([-1., -1., -1.]), colorSpace='rgb', contrast=1.0, depth=-1.0, flipHoriz=False, flipVert=False, font='Arial', fontFiles=[], height=0.03, italic=False, languageStyle='LTR', name='Instructions_Background_Noise', opacity=1, ori=0, pos=array([0., 0.]), rgb=UNKNOWN, text=str(...), units='height', win=Window(...), wrapWidth=1)
19.1653 	EXP 	Created Fixation_cross_Test = TextStim(__class__=<class 'psychopy.visual.text.TextStim'>, alignHoriz=method-wrapper(...), alignText='center', alignVert=method-wrapper(...), anchorHoriz='center', anchorVert='center', antialias=True, autoLog=True, bold=False, color=array([-1., -1., -1.]), colorSpace='rgb', contrast=1.0, depth=-1.0, flipHoriz=False, flipVert=False, font='Arial', fontFiles=[], height=0.2, italic=False, languageStyle='LTR', name='Fixation_cross_Test', opacity=1, ori=0, pos=array([0., 0.]), rgb=UNKNOWN, text='+', units='height', win=Window(...), wrapWidth=1)
19.2131 	EXP 	Created text_practice = TextStim(__class__=<class 'psychopy.visual.text.TextStim'>, alignHoriz=method-wrapper(...), alignText='center', alignVert=method-wrapper(...), anchorHoriz='center', anchorVert='center', antialias=True, autoLog=True, bold=False, color=array([-1., -1., -1.]), colorSpace='rgb', contrast=1.0, depth=-1.0, flipHoriz=False, flipVert=False, font='Arial', fontFiles=[], height=0.03, italic=False, languageStyle='LTR', name='text_practice', opacity=1, ori=0, pos=array([0., 0.]), rgb=UNKNOWN, text=str(...), units='height', win=Window(...), wrapWidth=1)
19.2239 	EXP 	Sound Digit1_clear set volume 1.000
19.2354 	EXP 	Sound Digit2_clear set volume 1.000
19.2465 	EXP 	Sound Digit3_clear set volume 1.000
19.2488 	EXP 	Created text_practice_resp = TextStim(__class__=<class 'psychopy.visual.text.TextStim'>, alignHoriz=method-wrapper(...), alignText='center', alignVert=method-wrapper(...), anchorHoriz='center', anchorVert='center', antialias=True, autoLog=True, bold=False, color=array([-1., -1., -1.]), colorSpace='rgb', contrast=1.0, depth=-2.0, flipHoriz=False, flipVert=False, font='Arial', fontFiles=[], height=0.1, italic=False, languageStyle='LTR', name='text_practice_resp', opacity=1, ori=0, pos=array([0., 0.]), rgb=UNKNOWN, text='', units='height', win=Window(...), wrapWidth=1)
19.2736 	EXP 	Created text_practice_repeat = TextStim(__class__=<class 'psychopy.visual.text.TextStim'>, alignHoriz=method-wrapper(...), alignText='center', alignVert=method-wrapper(...), anchorHoriz='center', anchorVert='center', antialias=True, autoLog=True, bold=False, color=array([-1., -1., -1.]), colorSpace='rgb', contrast=1.0, depth=-1.0, flipHoriz=False, flipVert=False, font='Arial', fontFiles=[], height=0.05, italic=False, languageStyle='LTR', name='text_practice_repeat', opacity=1, ori=0, pos=array([0., 0.]), rgb=UNKNOWN, text=str(...), units='height', win=Window(...), wrapWidth=1)
19.3161 	EXP 	Created text_4 = TextStim(__class__=<class 'psychopy.visual.text.TextStim'>, alignHoriz=method-wrapper(...), alignText='center', alignVert=method-wrapper(...), anchorHoriz='center', anchorVert='center', antialias=True, autoLog=True, bold=False, color=array([-1., -1., -1.]), colorSpace='rgb', contrast=1.0, depth=-1.0, flipHoriz=False, flipVert=False, font='Arial', fontFiles=[], height=0.03, italic=False, languageStyle='LTR', name='text_4', opacity=1.0, ori=0.0, pos=array([0., 0.]), rgb=UNKNOWN, text=str(...), units='height', win=Window(...), wrapWidth=1)
19.3235 	EXP 	Created Fixation_ME = TextStim(__class__=<class 'psychopy.visual.text.TextStim'>, alignHoriz=method-wrapper(...), alignText='center', alignVert=method-wrapper(...), anchorHoriz='center', anchorVert='center', antialias=True, autoLog=True, bold=False, color=array([1., 1., 1.]), colorSpace='rgb', contrast=1.0, depth=-1.0, flipHoriz=False, flipVert=False, font='Open Sans', fontFiles=[], height=0.1, italic=False, languageStyle='LTR', name='Fixation_ME', opacity=1, ori=0.0, pos=array([0., 0.]), rgb=UNKNOWN, text='+', units='height', win=Window(...), wrapWidth=1)
19.3353 	EXP 	Sound sound_digit_1_ME set volume 1.000
19.3468 	EXP 	Sound sound_digit_2_ME set volume 1.000
19.3582 	EXP 	Sound sound_digit_3_ME set volume 1.000
19.3599 	EXP 	Created disp_answer_ME = TextStim(__class__=<class 'psychopy.visual.text.TextStim'>, alignHoriz=method-wrapper(...), alignText='center', alignVert=method-wrapper(...), anchorHoriz='center', anchorVert='center', antialias=True, autoLog=True, bold=False, color=array([1., 1., 1.]), colorSpace='rgb', contrast=1.0, depth=-2.0, flipHoriz=False, flipVert=False, font='Open Sans', fontFiles=[], height=0.1, italic=False, languageStyle='LTR', name='disp_answer_ME', opacity=1, ori=0.0, pos=array([0., 0.]), rgb=UNKNOWN, text='', units='height', win=Window(...), wrapWidth=1)
19.3614 	EXP 	Created text_next_block_ME = TextStim(__class__=<class 'psychopy.visual.text.TextStim'>, alignHoriz=method-wrapper(...), alignText='center', alignVert=method-wrapper(...), anchorHoriz='center', anchorVert='center', antialias=True, autoLog=True, bold=False, color=array([1., 1., 1.]), colorSpace='rgb', contrast=1.0, depth=-1.0, flipHoriz=False, flipVert=False, font='Open Sans', fontFiles=[], height=0.1, italic=False, languageStyle='LTR', name='text_next_block_ME', opacity=1, ori=0.0, pos=array([0., 0.]), rgb=UNKNOWN, text='', units='height', win=Window(...), wrapWidth=1)
19.4259 	EXP 	Created text_break = TextStim(__class__=<class 'psychopy.visual.text.TextStim'>, alignHoriz=method-wrapper(...), alignText='center', alignVert=method-wrapper(...), anchorHoriz='center', anchorVert='center', antialias=True, autoLog=True, bold=False, color=array([-1., -1., -1.]), colorSpace='rgb', contrast=1.0, depth=-1.0, flipHoriz=False, flipVert=False, font='Arial', fontFiles=[], height=0.05, italic=False, languageStyle='LTR', name='text_break', opacity=1, ori=0, pos=array([0., 0.]), rgb=UNKNOWN, text=str(...), units='height', win=Window(...), wrapWidth=1)
19.4430 	EXP 	Created Fixation = TextStim(__class__=<class 'psychopy.visual.text.TextStim'>, alignHoriz=method-wrapper(...), alignText='center', alignVert=method-wrapper(...), anchorHoriz='center', anchorVert='center', antialias=True, autoLog=True, bold=False, color=array([-1., -1., -1.]), colorSpace='rgb', contrast=1.0, depth=-1.0, flipHoriz=False, flipVert=False, font='Arial', fontFiles=[], height=0.2, italic=False, languageStyle='LTR', name='Fixation', opacity=1, ori=0, pos=array([0., 0.]), rgb=UNKNOWN, text='+', units='height', win=Window(...), wrapWidth=1)
19.4445 	EXP 	Created text_6 = TextStim(__class__=<class 'psychopy.visual.text.TextStim'>, alignHoriz=method-wrapper(...), alignText='center', alignVert=method-wrapper(...), anchorHoriz='center', anchorVert='center', antialias=True, autoLog=True, bold=False, color=array([1., 1., 1.]), colorSpace='rgb', contrast=1.0, depth=-2.0, flipHoriz=False, flipVert=False, font='Open Sans', fontFiles=[], height=0.1, italic=False, languageStyle='LTR', name='text_6', opacity=1, ori=0.0, pos=array([ 0. , -0.1]), rgb=UNKNOWN, text='', units='height', win=Window(...), wrapWidth=1)
19.4473 	EXP 	Created Fixation_Play = TextStim(__class__=<class 'psychopy.visual.text.TextStim'>, alignHoriz=method-wrapper(...), alignText='center', alignVert=method-wrapper(...), anchorHoriz='center', anchorVert='center', antialias=True, autoLog=True, bold=False, color=array([-1., -1., -1.]), colorSpace='rgb', contrast=1.0, depth=-1.0, flipHoriz=False, flipVert=False, font='Arial', fontFiles=[], height=0.2, italic=False, languageStyle='LTR', name='Fixation_Play', opacity=1.0, ori=0.0, pos=array([0., 0.]), rgb=UNKNOWN, text='+', units='height', win=Window(...), wrapWidth=1)
19.4584 	EXP 	Sound sound_digit1 set volume 1.000
19.4699 	EXP 	Sound sound_digit2 set volume 1.000
19.4813 	EXP 	Sound sound_digit3 set volume 1.000
19.4838 	EXP 	Created disp_answer = TextStim(__class__=<class 'psychopy.visual.text.TextStim'>, alignHoriz=method-wrapper(...), alignText='center', alignVert=method-wrapper(...), anchorHoriz='center', anchorVert='center', antialias=True, autoLog=True, bold=False, color=array([-1., -1., -1.]), colorSpace='rgb', contrast=1.0, depth=-2.0, flipHoriz=False, flipVert=False, font='Arial', fontFiles=[], height=0.1, italic=False, languageStyle='LTR', name='disp_answer', opacity=1, ori=0, pos=array([0., 0.]), rgb=UNKNOWN, text='', units='height', win=Window(...), wrapWidth=1)
19.4874 	EXP 	Created text_nextblock = TextStim(__class__=<class 'psychopy.visual.text.TextStim'>, alignHoriz=method-wrapper(...), alignText='center', alignVert=method-wrapper(...), anchorHoriz='center', anchorVert='center', antialias=True, autoLog=True, bold=False, color=array([-1., -1., -1.]), colorSpace='rgb', contrast=1.0, depth=-1.0, flipHoriz=False, flipVert=False, font='Arial', fontFiles=[], height=0.05, italic=False, languageStyle='LTR', name='text_nextblock', opacity=1.0, ori=0.0, pos=array([0., 0.]), rgb=UNKNOWN, text='', units='height', win=Window(...), wrapWidth=1)
19.7292 	EXP 	Instructions_Background_Noise: autoDraw = True
20.1097 	DATA 	Mouse: Left button down, pos=(1152,239)
20.2088 	DATA 	Mouse:  Left button up, pos=(1152,239)
20.3259 	DATA 	Keypress: return
20.3283 	EXP 	Sound  started
20.3420 	EXP 	Instructions_Background_Noise: autoDraw = False
20.3420 	EXP 	Fixation_cross_Test: autoDraw = True
25.3426 	EXP 	Sound  stopped
25.3434 	EXP 	Created sequence: sequential, trialTypes=1, nReps=100, seed=None
25.3440 	EXP 	New trial (rep=0, index=0): None
25.3541 	EXP 	Fixation_cross_Test: autoDraw = False
25.3541 	EXP 	text_practice: autoDraw = True
26.0075 	EXP 	Imported data/practice_trials.xlsx as conditions, 1 conditions, 5 params
26.0078 	EXP 	Created sequence: sequential, trialTypes=1, nReps=1, seed=None
26.0082 	EXP 	New trial (rep=0, index=0): {'TrialID': 0.0, 'NFB_digit1': 6.0, 'NFB_digit2': 2.0, 'NFB_digit3': 4.0, 'Speaker_trial': 33.0}
26.0123 	EXP 	Sound Digit1_clear started
26.0145 	DATA 	Keypress: return
26.0204 	EXP 	text_practice: autoDraw = False
26.4975 	EXP 	Sound Digit1_clear reached end of file
26.5035 	EXP 	Sound Digit2_clear started
26.9879 	EXP 	Sound Digit2_clear reached end of file
26.9879 	EXP 	Sound Digit3_clear started
27.4707 	EXP 	Sound Digit3_clear reached end of file
27.4734 	EXP 	Created sequence: sequential, trialTypes=1, nReps=3, seed=None
27.4736 	EXP 	New trial (rep=0, index=0): None
27.4985 	EXP 	text_practice_resp: autoDraw = True
27.8197 	DATA 	Keypress: num_4
27.9873 	DATA 	Keypress: return
28.0239 	EXP 	New trial (rep=1, index=0): None
28.0359 	EXP 	text_practice_resp: autoDraw = False
28.0359 	EXP 	text_practice_resp: autoDraw = True
28.1698 	DATA 	Keypress: num_4
28.3528 	DATA 	Keypress: return
28.3730 	EXP 	New trial (rep=2, index=0): None
28.3859 	EXP 	text_practice_resp: autoDraw = False
28.3859 	EXP 	text_practice_resp: autoDraw = True
28.4700 	DATA 	Keypress: num_4
28.6871 	DATA 	Keypress: return
28.7182 	EXP 	text_practice_resp: autoDraw = False
28.7182 	EXP 	text_practice_repeat: autoDraw = True
29.5037 	DATA 	Keypress: return
29.5345 	EXP 	text_practice_repeat: autoDraw = False
29.5345 	EXP 	text_4: autoDraw = True
30.5636 	EXP 	Imported data/Stimuli_ME_cond.xlsx as conditions, 280 conditions, 8 params
30.5647 	EXP 	Created sequence: sequential, trialTypes=280, nReps=1, seed=None
30.5651 	EXP 	New trial (rep=0, index=0): {'TrialID_ME': 0.0, 'NFB_digit1_ME': 1.0, 'NFB_digit2_ME': 2.0, 'NFB_digit3_ME': 0.0, 'Speaker_trial_ME': 33.0, 'NV_trial_ME': 1.0, 'Triggered_trial_ME': 1.0, 'Jitter_trial_ME': 0.0}
30.5667 	EXP 	Sound  set loops 2
30.5668 	EXP 	Sound  started
31.2860 	DATA 	Keypress: return
31.2916 	EXP 	text_4: autoDraw = False
31.2916 	EXP 	Fixation_ME: autoDraw = True
31.5664 	EXP 	Sound sound_digit_1_ME started
31.5664 	EXP 	Sound sound_digit_2_ME started
31.5664 	EXP 	Sound sound_digit_3_ME started
31.5682 	EXP 	Fixation_ME: autoDraw = False
32.0310 	EXP 	Sound sound_digit_1_ME reached end of file
32.0311 	EXP 	Sound sound_digit_2_ME reached end of file
32.0312 	EXP 	Sound sound_digit_3_ME reached end of file
32.0342 	EXP 	Created sequence: sequential, trialTypes=1, nReps=3, seed=None
32.0344 	EXP 	New trial (rep=0, index=0): None
32.0345 	EXP 	Sound  started
32.0537 	EXP 	disp_answer_ME: autoDraw = True
33.0529 	EXP 	disp_answer_ME: autoDraw = False
33.0568 	DATA 	Keypress: num_4
33.4059 	DATA 	Keypress: return
33.4672 	EXP 	window1: mouseVisible = True
