6.7467 	EXP 	Created window1 = Window(allowGUI=False, allowStencil=False, autoLog=True, backendConf=UNKNOWN, bitsMode=UNKNOWN, blendMode='avg', bpc=(8, 8, 8), color=array([0, 0, 0]), colorSpace='rgb', depthBits=8, fullscr=<method-wrapper '__getattribute__' of attributeSetter object at 0x0000021C85D3DA58>, gamma=None, gammaErrorPolicy='raise', lms=UNKNOWN, monitor=<psychopy.monitors.calibTools.Monitor object at 0x0000021C85D8DC18>, multiSample=False, name='window1', numSamples=2, pos=[0.0, 0.0], screen=0, size=array([1280, 1024]), stencilBits=0, stereo=False, units='height', useFBO=True, useRetina=False, viewOri=0.0, viewPos=None, viewScale=None, waitBlanking=True, winType='pyglet')
6.7477 	EXP 	window1: mouseVisible = True
6.7478 	EXP 	window1: recordFrameIntervals = False
6.9128 	EXP 	window1: recordFrameIntervals = True
7.0962 	EXP 	window1: recordFrameIntervals = False
8.3380 	EXP 	Created Instructions_Background_Noise = TextStim(__class__=<class 'psychopy.visual.text.TextStim'>, alignHoriz=method-wrapper(...), alignText='center', alignVert=method-wrapper(...), anchorHoriz='center', anchorVert='center', antialias=True, autoLog=True, bold=False, color=array([-1., -1., -1.]), colorSpace='rgb', contrast=1.0, depth=-1.0, flipHoriz=False, flipVert=False, font='Arial', fontFiles=[], height=0.03, italic=False, languageStyle='LTR', name='Instructions_Background_Noise', opacity=1, ori=0, pos=array([0., 0.]), rgb=UNKNOWN, text=str(...), units='height', win=Window(...), wrapWidth=1)
8.3481 	EXP 	Created Fixation_cross_Test = TextStim(__class__=<class 'psychopy.visual.text.TextStim'>, alignHoriz=method-wrapper(...), alignText='center', alignVert=method-wrapper(...), anchorHoriz='center', anchorVert='center', antialias=True, autoLog=True, bold=False, color=array([-1., -1., -1.]), colorSpace='rgb', contrast=1.0, depth=-1.0, flipHoriz=False, flipVert=False, font='Arial', fontFiles=[], height=0.2, italic=False, languageStyle='LTR', name='Fixation_cross_Test', opacity=1, ori=0, pos=array([0., 0.]), rgb=UNKNOWN, text='+', units='height', win=Window(...), wrapWidth=1)
8.3945 	EXP 	Created text_practice = TextStim(__class__=<class 'psychopy.visual.text.TextStim'>, alignHoriz=method-wrapper(...), alignText='center', alignVert=method-wrapper(...), anchorHoriz='center', anchorVert='center', antialias=True, autoLog=True, bold=False, color=array([-1., -1., -1.]), colorSpace='rgb', contrast=1.0, depth=-1.0, flipHoriz=False, flipVert=False, font='Arial', fontFiles=[], height=0.03, italic=False, languageStyle='LTR', name='text_practice', opacity=1, ori=0, pos=array([0., 0.]), rgb=UNKNOWN, text=str(...), units='height', win=Window(...), wrapWidth=1)
8.4100 	EXP 	Sound Digit1_clear set volume 1.000
8.4255 	EXP 	Sound Digit2_clear set volume 1.000
8.4410 	EXP 	Sound Digit3_clear set volume 1.000
8.4440 	EXP 	Created text_practice_resp = TextStim(__class__=<class 'psychopy.visual.text.TextStim'>, alignHoriz=method-wrapper(...), alignText='center', alignVert=method-wrapper(...), anchorHoriz='center', anchorVert='center', antialias=True, autoLog=True, bold=False, color=array([-1., -1., -1.]), colorSpace='rgb', contrast=1.0, depth=-2.0, flipHoriz=False, flipVert=False, font='Arial', fontFiles=[], height=0.1, italic=False, languageStyle='LTR', name='text_practice_resp', opacity=1, ori=0, pos=array([0., 0.]), rgb=UNKNOWN, text='', units='height', win=Window(...), wrapWidth=1)
8.4765 	EXP 	Created text_practice_repeat = TextStim(__class__=<class 'psychopy.visual.text.TextStim'>, alignHoriz=method-wrapper(...), alignText='center', alignVert=method-wrapper(...), anchorHoriz='center', anchorVert='center', antialias=True, autoLog=True, bold=False, color=array([-1., -1., -1.]), colorSpace='rgb', contrast=1.0, depth=-1.0, flipHoriz=False, flipVert=False, font='Arial', fontFiles=[], height=0.05, italic=False, languageStyle='LTR', name='text_practice_repeat', opacity=1, ori=0, pos=array([0., 0.]), rgb=UNKNOWN, text=str(...), units='height', win=Window(...), wrapWidth=1)
8.5169 	EXP 	Created text_calibration = TextStim(__class__=<class 'psychopy.visual.text.TextStim'>, alignHoriz=method-wrapper(...), alignText='center', alignVert=method-wrapper(...), anchorHoriz='center', anchorVert='center', antialias=True, autoLog=True, bold=False, color=array([-1., -1., -1.]), colorSpace='rgb', contrast=1.0, depth=-1.0, flipHoriz=False, flipVert=False, font='Arial', fontFiles=[], height=0.05, italic=False, languageStyle='LTR', name='text_calibration', opacity=1, ori=0, pos=array([0., 0.]), rgb=UNKNOWN, text=str(...), units='height', win=Window(...), wrapWidth=1)
8.5248 	EXP 	Created Fix_cross_calibration = TextStim(__class__=<class 'psychopy.visual.text.TextStim'>, alignHoriz=method-wrapper(...), alignText='center', alignVert=method-wrapper(...), anchorHoriz='center', anchorVert='center', antialias=True, autoLog=True, bold=False, color=array([-1., -1., -1.]), colorSpace='rgb', contrast=1.0, depth=-1.0, flipHoriz=False, flipVert=False, font='Arial', fontFiles=[], height=0.2, italic=False, languageStyle='LTR', name='Fix_cross_calibration', opacity=1, ori=0, pos=array([0., 0.]), rgb=UNKNOWN, text='+', units='height', win=Window(...), wrapWidth=1)
8.5284 	EXP 	Created text = TextStim(__class__=<class 'psychopy.visual.text.TextStim'>, alignHoriz=method-wrapper(...), alignText='center', alignVert=method-wrapper(...), anchorHoriz='center', anchorVert='center', antialias=True, autoLog=True, bold=False, color=array([1., 1., 1.]), colorSpace='rgb', contrast=1.0, depth=-2.0, flipHoriz=False, flipVert=False, font='Open Sans', fontFiles=[], height=0.1, italic=False, languageStyle='LTR', name='text', opacity=1, ori=0.0, pos=array([ 0. , -0.1]), rgb=UNKNOWN, text='', units='height', win=Window(...), wrapWidth=1)
8.5396 	EXP 	Created text_calibration_repeat = TextStim(__class__=<class 'psychopy.visual.text.TextStim'>, alignHoriz=method-wrapper(...), alignText='center', alignVert=method-wrapper(...), anchorHoriz='center', anchorVert='center', antialias=True, autoLog=True, bold=False, color=array([-1., -1., -1.]), colorSpace='rgb', contrast=1.0, depth=-1.0, flipHoriz=False, flipVert=False, font='Arial', fontFiles=[], height=0.05, italic=False, languageStyle='LTR', name='text_calibration_repeat', opacity=1, ori=0, pos=array([0., 0.]), rgb=UNKNOWN, text=str(...), units='height', win=Window(...), wrapWidth=1)
8.5816 	EXP 	Created text_break = TextStim(__class__=<class 'psychopy.visual.text.TextStim'>, alignHoriz=method-wrapper(...), alignText='center', alignVert=method-wrapper(...), anchorHoriz='center', anchorVert='center', antialias=True, autoLog=True, bold=False, color=array([-1., -1., -1.]), colorSpace='rgb', contrast=1.0, depth=-1.0, flipHoriz=False, flipVert=False, font='Arial', fontFiles=[], height=0.05, italic=False, languageStyle='LTR', name='text_break', opacity=1, ori=0, pos=array([0., 0.]), rgb=UNKNOWN, text=str(...), units='height', win=Window(...), wrapWidth=1)
8.5855 	EXP 	Created Fixation = TextStim(__class__=<class 'psychopy.visual.text.TextStim'>, alignHoriz=method-wrapper(...), alignText='center', alignVert=method-wrapper(...), anchorHoriz='center', anchorVert='center', antialias=True, autoLog=True, bold=False, color=array([-1., -1., -1.]), colorSpace='rgb', contrast=1.0, depth=-1.0, flipHoriz=False, flipVert=False, font='Arial', fontFiles=[], height=0.2, italic=False, languageStyle='LTR', name='Fixation', opacity=1, ori=0, pos=array([0., 0.]), rgb=UNKNOWN, text='+', units='height', win=Window(...), wrapWidth=1)
8.5874 	EXP 	Created text_6 = TextStim(__class__=<class 'psychopy.visual.text.TextStim'>, alignHoriz=method-wrapper(...), alignText='center', alignVert=method-wrapper(...), anchorHoriz='center', anchorVert='center', antialias=True, autoLog=True, bold=False, color=array([1., 1., 1.]), colorSpace='rgb', contrast=1.0, depth=-2.0, flipHoriz=False, flipVert=False, font='Open Sans', fontFiles=[], height=0.1, italic=False, languageStyle='LTR', name='text_6', opacity=1, ori=0.0, pos=array([ 0. , -0.1]), rgb=UNKNOWN, text='', units='height', win=Window(...), wrapWidth=1)
8.5913 	EXP 	Created Fixation_Play = TextStim(__class__=<class 'psychopy.visual.text.TextStim'>, alignHoriz=method-wrapper(...), alignText='center', alignVert=method-wrapper(...), anchorHoriz='center', anchorVert='center', antialias=True, autoLog=True, bold=False, color=array([-1., -1., -1.]), colorSpace='rgb', contrast=1.0, depth=-1.0, flipHoriz=False, flipVert=False, font='Arial', fontFiles=[], height=0.2, italic=False, languageStyle='LTR', name='Fixation_Play', opacity=1.0, ori=0.0, pos=array([0., 0.]), rgb=UNKNOWN, text='+', units='height', win=Window(...), wrapWidth=1)
8.6064 	EXP 	Sound sound_digit1 set volume 1.000
8.6215 	EXP 	Sound sound_digit2 set volume 1.000
8.6359 	EXP 	Sound sound_digit3 set volume 1.000
8.6381 	EXP 	Created disp_answer = TextStim(__class__=<class 'psychopy.visual.text.TextStim'>, alignHoriz=method-wrapper(...), alignText='center', alignVert=method-wrapper(...), anchorHoriz='center', anchorVert='center', antialias=True, autoLog=True, bold=False, color=array([-1., -1., -1.]), colorSpace='rgb', contrast=1.0, depth=-2.0, flipHoriz=False, flipVert=False, font='Arial', fontFiles=[], height=0.1, italic=False, languageStyle='LTR', name='disp_answer', opacity=1, ori=0, pos=array([0., 0.]), rgb=UNKNOWN, text='', units='height', win=Window(...), wrapWidth=1)
8.6402 	EXP 	Created text_nextblock = TextStim(__class__=<class 'psychopy.visual.text.TextStim'>, alignHoriz=method-wrapper(...), alignText='center', alignVert=method-wrapper(...), anchorHoriz='center', anchorVert='center', antialias=True, autoLog=True, bold=False, color=array([-1., -1., -1.]), colorSpace='rgb', contrast=1.0, depth=-1.0, flipHoriz=False, flipVert=False, font='Arial', fontFiles=[], height=0.05, italic=False, languageStyle='LTR', name='text_nextblock', opacity=1.0, ori=0.0, pos=array([0., 0.]), rgb=UNKNOWN, text='', units='height', win=Window(...), wrapWidth=1)
8.7431 	EXP 	Instructions_Background_Noise: autoDraw = True
14.9440 	DATA 	Keypress: return
14.9460 	EXP 	Sound  started
14.9596 	EXP 	Instructions_Background_Noise: autoDraw = False
14.9596 	EXP 	Fixation_cross_Test: autoDraw = True
19.9709 	EXP 	Sound  stopped
19.9716 	EXP 	Created sequence: sequential, trialTypes=1, nReps=100, seed=None
19.9725 	EXP 	New trial (rep=0, index=0): None
19.9909 	EXP 	Fixation_cross_Test: autoDraw = False
19.9909 	EXP 	text_practice: autoDraw = True
24.8036 	EXP 	Imported data/practice_trials.xlsx as conditions, 1 conditions, 5 params
24.8042 	EXP 	Created sequence: sequential, trialTypes=1, nReps=1, seed=None
24.8046 	EXP 	New trial (rep=0, index=0): {'TrialID': 0.0, 'NFB_digit1': 6.0, 'NFB_digit2': 2.0, 'NFB_digit3': 4.0, 'Speaker_trial': 33.0}
24.8085 	EXP 	Sound Digit1_clear started
24.8110 	DATA 	Keypress: return
24.8224 	EXP 	text_practice: autoDraw = False
25.2955 	EXP 	Sound Digit1_clear reached end of file
25.2955 	EXP 	Sound Digit2_clear started
25.7777 	EXP 	Sound Digit2_clear reached end of file
25.7778 	EXP 	Sound Digit3_clear started
26.2562 	EXP 	Sound Digit3_clear reached end of file
26.2597 	EXP 	Created sequence: sequential, trialTypes=1, nReps=3, seed=None
26.2599 	EXP 	New trial (rep=0, index=0): None
26.2886 	EXP 	text_practice_resp: autoDraw = True
26.9099 	DATA 	Keypress: return
26.9356 	EXP 	New trial (rep=1, index=0): None
26.9550 	EXP 	text_practice_resp: autoDraw = False
26.9550 	EXP 	text_practice_resp: autoDraw = True
27.3107 	DATA 	Keypress: return
27.3290 	EXP 	New trial (rep=2, index=0): None
27.3384 	EXP 	text_practice_resp: autoDraw = False
27.3384 	EXP 	text_practice_resp: autoDraw = True
27.5769 	DATA 	Keypress: return
27.6047 	EXP 	text_practice_resp: autoDraw = False
27.6047 	EXP 	text_practice_repeat: autoDraw = True
28.0599 	DATA 	Keypress: return
28.0769 	EXP 	Created sequence: sequential, trialTypes=1, nReps=100, seed=None
28.0778 	EXP 	New trial (rep=0, index=0): None
28.0879 	EXP 	text_practice_repeat: autoDraw = False
28.0879 	EXP 	text_calibration: autoDraw = True
28.4439 	DATA 	Keypress: return
28.4580 	EXP 	Sound  set loops 2
28.4581 	EXP 	Sound  started
29.1875 	EXP 	text_calibration: autoDraw = False
29.1875 	EXP 	Fix_cross_calibration: autoDraw = True
29.1875 	EXP 	text: autoDraw = True
129.5067 	EXP 	Sound  stopped
129.5495 	EXP 	Fix_cross_calibration: autoDraw = False
129.5495 	EXP 	text: autoDraw = False
129.5495 	EXP 	text_calibration_repeat: autoDraw = True
137.9996 	DATA 	Keypress: return
139.5624 	EXP 	text_calibration_repeat: autoDraw = False
139.5624 	EXP 	text_break: autoDraw = True
140.8504 	EXP 	Imported data/Stimuli_exp_cond.xlsx as conditions, 32 conditions, 8 params
140.8511 	EXP 	Created sequence: sequential, trialTypes=32, nReps=1, seed=None
140.8515 	EXP 	New trial (rep=0, index=0): {'TrialID': 0.0, 'NFB_digit1': 5.0, 'NFB_digit2': 3.0, 'NFB_digit3': 9.0, 'Speaker_trial': 61.0, 'NV_trial': 0.0, 'Triggered_trial': 1.0, 'Jitter_trial': 0.0}
140.8574 	EXP 	Sound  started
140.8692 	DATA 	Keypress: return
140.8786 	EXP 	text_break: autoDraw = False
140.8786 	EXP 	Fixation: autoDraw = True
140.8786 	EXP 	text_6: autoDraw = True
142.9011 	EXP 	Sound  started
142.9112 	EXP 	Fixation: autoDraw = False
142.9112 	EXP 	text_6: autoDraw = False
142.9112 	EXP 	Fixation_Play: autoDraw = True
143.3698 	EXP 	Sound  reached end of file
143.3699 	EXP 	Sound  started
143.8535 	EXP 	Sound  reached end of file
143.8536 	EXP 	Sound  started
144.3355 	EXP 	Sound  reached end of file
154.0938 	DATA 	Keypress: return
154.5434 	DATA 	Keypress: return
154.7432 	DATA 	Keypress: return
154.9270 	DATA 	Keypress: return
155.0929 	DATA 	Keypress: return
160.6080 	DATA 	Keypress: return
160.7418 	DATA 	Keypress: return
160.9412 	DATA 	Keypress: return
161.1083 	DATA 	Keypress: return
161.2910 	DATA 	Keypress: return
161.4579 	DATA 	Keypress: return
173.8196 	DATA 	Keypress: lalt
187.2512 	DATA 	Mouse: Left button down, pos=(452,672)
187.3473 	DATA 	Mouse:  Left button up, pos=(452,672)
189.7639 	DATA 	Mouse: Left button down, pos=(346,748)
189.8799 	DATA 	Mouse:  Left button up, pos=(347,748)
203.1448 	DATA 	Mouse: Left button down, pos=(371,99)
203.2590 	DATA 	Mouse:  Left button up, pos=(371,99)
203.6419 	DATA 	Mouse: Left button down, pos=(369,118)
203.7417 	DATA 	Mouse:  Left button up, pos=(370,118)
203.8420 	DATA 	Mouse: Left button down, pos=(370,118)
203.9750 	DATA 	Mouse:  Left button up, pos=(370,118)
204.0757 	DATA 	Keypress: escape
204.2419 	EXP 	window1: mouseVisible = True
