5.4193 	WARNING 	User requested fullscreen with size [1280  720], but screen is actually [2560, 1440]. Using actual size
8.2828 	EXP 	Created window1 = Window(allowGUI=False, allowStencil=False, autoLog=True, backendConf=UNKNOWN, bitsMode=UNKNOWN, blendMode='avg', bpc=(8, 8, 8), color=array([0, 0, 0]), colorSpace='rgb', depthBits=8, fullscr=<method-wrapper '__getattribute__' of attributeSetter object at 0x0000017151AEC710>, gamma=None, gammaErrorPolicy='raise', lms=UNKNOWN, monitor=<psychopy.monitors.calibTools.Monitor object at 0x0000017151B39D30>, multiSample=False, name='window1', numSamples=2, pos=[0.0, 0.0], screen=0, size=array([2560, 1440]), stencilBits=0, stereo=False, units='height', useFBO=True, useRetina=False, viewOri=0.0, viewPos=None, viewScale=None, waitBlanking=True, winType='pyglet')
8.2831 	EXP 	window1: mouseVisible = True
8.2831 	EXP 	window1: recordFrameIntervals = False
8.4160 	DATA 	Mouse: Left button down, pos=(1185,635)
8.4489 	EXP 	window1: recordFrameIntervals = True
8.5667 	DATA 	Mouse:  Left button up, pos=(1185,635)
8.6326 	EXP 	window1: recordFrameIntervals = False
9.1658 	WARNING 	Monitor specification not found. Creating a temporary one...
10.6139 	EXP 	Created window1 = Window(allowGUI=True, allowStencil=False, autoLog=True, backendConf=UNKNOWN, bitsMode=UNKNOWN, blendMode='avg', bpc=(8, 8, 8), color=array([0, 0, 0]), colorSpace='rgb', depthBits=8, fullscr=<method-wrapper '__getattribute__' of attributeSetter object at 0x0000017151AEC710>, gamma=None, gammaErrorPolicy='raise', lms=UNKNOWN, monitor=<psychopy.monitors.calibTools.Monitor object at 0x0000017137336048>, multiSample=False, name='window1', numSamples=2, pos=[1120.0, 620.0], screen=1, size=array([320, 200]), stencilBits=0, stereo=False, units='norm', useFBO=False, useRetina=False, viewOri=0.0, viewPos=None, viewScale=None, waitBlanking=True, winType='pyglet')
10.6140 	EXP 	window1: mouseVisible = True
12.0071 	EXP 	Created Instructions_Background_Noise = TextStim(__class__=<class 'psychopy.visual.text.TextStim'>, alignHoriz=method-wrapper(...), alignText='center', alignVert=method-wrapper(...), anchorHoriz='center', anchorVert='center', antialias=True, autoLog=True, bold=False, color=array([-1., -1., -1.]), colorSpace='rgb', contrast=1.0, depth=-1.0, flipHoriz=False, flipVert=False, font='Arial', fontFiles=[], height=0.03, italic=False, languageStyle='LTR', name='Instructions_Background_Noise', opacity=1, ori=0, pos=array([0., 0.]), rgb=UNKNOWN, text=str(...), units='height', win=Window(...), wrapWidth=1)
12.0432 	EXP 	Created Fixation_cross_Test = TextStim(__class__=<class 'psychopy.visual.text.TextStim'>, alignHoriz=method-wrapper(...), alignText='center', alignVert=method-wrapper(...), anchorHoriz='center', anchorVert='center', antialias=True, autoLog=True, bold=False, color=array([-1., -1., -1.]), colorSpace='rgb', contrast=1.0, depth=-1.0, flipHoriz=False, flipVert=False, font='Arial', fontFiles=[], height=0.2, italic=False, languageStyle='LTR', name='Fixation_cross_Test', opacity=1, ori=0, pos=array([0., 0.]), rgb=UNKNOWN, text='+', units='height', win=Window(...), wrapWidth=1)
12.0849 	EXP 	Created text_practice = TextStim(__class__=<class 'psychopy.visual.text.TextStim'>, alignHoriz=method-wrapper(...), alignText='center', alignVert=method-wrapper(...), anchorHoriz='center', anchorVert='center', antialias=True, autoLog=True, bold=False, color=array([-1., -1., -1.]), colorSpace='rgb', contrast=1.0, depth=-1.0, flipHoriz=False, flipVert=False, font='Arial', fontFiles=[], height=0.03, italic=False, languageStyle='LTR', name='text_practice', opacity=1, ori=0, pos=array([0., 0.]), rgb=UNKNOWN, text=str(...), units='height', win=Window(...), wrapWidth=1)
12.0932 	EXP 	Sound Digit1_clear set volume 1.000
12.0956 	EXP 	Created text_practice_resp = TextStim(__class__=<class 'psychopy.visual.text.TextStim'>, alignHoriz=method-wrapper(...), alignText='center', alignVert=method-wrapper(...), anchorHoriz='center', anchorVert='center', antialias=True, autoLog=True, bold=False, color=array([-1., -1., -1.]), colorSpace='rgb', contrast=1.0, depth=-2.0, flipHoriz=False, flipVert=False, font='Arial', fontFiles=[], height=0.1, italic=False, languageStyle='LTR', name='text_practice_resp', opacity=1, ori=0, pos=array([0., 0.]), rgb=UNKNOWN, text='', units='height', win=Window(...), wrapWidth=1)
12.1196 	EXP 	Created text_practice_repeat = TextStim(__class__=<class 'psychopy.visual.text.TextStim'>, alignHoriz=method-wrapper(...), alignText='center', alignVert=method-wrapper(...), anchorHoriz='center', anchorVert='center', antialias=True, autoLog=True, bold=False, color=array([-1., -1., -1.]), colorSpace='rgb', contrast=1.0, depth=-1.0, flipHoriz=False, flipVert=False, font='Arial', fontFiles=[], height=0.05, italic=False, languageStyle='LTR', name='text_practice_repeat', opacity=1, ori=0, pos=array([0., 0.]), rgb=UNKNOWN, text=str(...), units='height', win=Window(...), wrapWidth=1)
12.1622 	EXP 	Created text_4 = TextStim(__class__=<class 'psychopy.visual.text.TextStim'>, alignHoriz=method-wrapper(...), alignText='center', alignVert=method-wrapper(...), anchorHoriz='center', anchorVert='center', antialias=True, autoLog=True, bold=False, color=array([-1., -1., -1.]), colorSpace='rgb', contrast=1.0, depth=-1.0, flipHoriz=False, flipVert=False, font='Arial', fontFiles=[], height=0.03, italic=False, languageStyle='LTR', name='text_4', opacity=1.0, ori=0.0, pos=array([0., 0.]), rgb=UNKNOWN, text=str(...), units='height', win=Window(...), wrapWidth=1)
12.1694 	EXP 	Created Fixation_ME = TextStim(__class__=<class 'psychopy.visual.text.TextStim'>, alignHoriz=method-wrapper(...), alignText='center', alignVert=method-wrapper(...), anchorHoriz='center', anchorVert='center', antialias=True, autoLog=True, bold=False, color=array([-1., -1., -1.]), colorSpace='rgb', contrast=1.0, depth=-1.0, flipHoriz=False, flipVert=False, font='Open Sans', fontFiles=[], height=0.1, italic=False, languageStyle='LTR', name='Fixation_ME', opacity=1.0, ori=0.0, pos=array([0., 0.]), rgb=UNKNOWN, text='+', units='height', win=Window(...), wrapWidth=1)
12.1781 	EXP 	Sound sound_digit_1_ME set volume 1.000
12.1800 	EXP 	Created text_2 = TextStim(__class__=<class 'psychopy.visual.text.TextStim'>, alignHoriz=method-wrapper(...), alignText='center', alignVert=method-wrapper(...), anchorHoriz='center', anchorVert='center', antialias=True, autoLog=True, bold=False, color=array([-1., -1., -1.]), colorSpace='rgb', contrast=1.0, depth=-2.0, flipHoriz=False, flipVert=False, font='Open Sans', fontFiles=[], height=0.1, italic=False, languageStyle='LTR', name='text_2', opacity=1.0, ori=0.0, pos=array([0., 0.]), rgb=UNKNOWN, text='', units='height', win=Window(...), wrapWidth=1)
12.1815 	EXP 	Created disp_answer_ME = TextStim(__class__=<class 'psychopy.visual.text.TextStim'>, alignHoriz=method-wrapper(...), alignText='center', alignVert=method-wrapper(...), anchorHoriz='center', anchorVert='center', antialias=True, autoLog=True, bold=False, color=array([-1., -1., -1.]), colorSpace='rgb', contrast=1.0, depth=-2.0, flipHoriz=False, flipVert=False, font='Arial', fontFiles=[], height=0.1, italic=False, languageStyle='LTR', name='disp_answer_ME', opacity=1.0, ori=0.0, pos=array([0., 0.]), rgb=UNKNOWN, text='', units='height', win=Window(...), wrapWidth=1)
12.1829 	EXP 	Created text_7 = TextStim(__class__=<class 'psychopy.visual.text.TextStim'>, alignHoriz=method-wrapper(...), alignText='center', alignVert=method-wrapper(...), anchorHoriz='center', anchorVert='center', antialias=True, autoLog=True, bold=False, color=array([1., 1., 1.]), colorSpace='rgb', contrast=1.0, depth=-3.0, flipHoriz=False, flipVert=False, font='Open Sans', fontFiles=[], height=0.1, italic=False, languageStyle='LTR', name='text_7', opacity=1, ori=0.0, pos=array([ 0. , -0.1]), rgb=UNKNOWN, text='', units='height', win=Window(...), wrapWidth=1)
12.1843 	EXP 	Created text_next_block_ME = TextStim(__class__=<class 'psychopy.visual.text.TextStim'>, alignHoriz=method-wrapper(...), alignText='center', alignVert=method-wrapper(...), anchorHoriz='center', anchorVert='center', antialias=True, autoLog=True, bold=False, color=array([1., 1., 1.]), colorSpace='rgb', contrast=1.0, depth=-1.0, flipHoriz=False, flipVert=False, font='Open Sans', fontFiles=[], height=0.1, italic=False, languageStyle='LTR', name='text_next_block_ME', opacity=1, ori=0.0, pos=array([0., 0.]), rgb=UNKNOWN, text='', units='height', win=Window(...), wrapWidth=1)
12.2503 	EXP 	Created text_break = TextStim(__class__=<class 'psychopy.visual.text.TextStim'>, alignHoriz=method-wrapper(...), alignText='center', alignVert=method-wrapper(...), anchorHoriz='center', anchorVert='center', antialias=True, autoLog=True, bold=False, color=array([-1., -1., -1.]), colorSpace='rgb', contrast=1.0, depth=-1.0, flipHoriz=False, flipVert=False, font='Arial', fontFiles=[], height=0.05, italic=False, languageStyle='LTR', name='text_break', opacity=1, ori=0, pos=array([0., 0.]), rgb=UNKNOWN, text=str(...), units='height', win=Window(...), wrapWidth=1)
12.2652 	EXP 	Created Fixation = TextStim(__class__=<class 'psychopy.visual.text.TextStim'>, alignHoriz=method-wrapper(...), alignText='center', alignVert=method-wrapper(...), anchorHoriz='center', anchorVert='center', antialias=True, autoLog=True, bold=False, color=array([-1., -1., -1.]), colorSpace='rgb', contrast=1.0, depth=-1.0, flipHoriz=False, flipVert=False, font='Arial', fontFiles=[], height=0.2, italic=False, languageStyle='LTR', name='Fixation', opacity=1, ori=0, pos=array([0., 0.]), rgb=UNKNOWN, text='+', units='height', win=Window(...), wrapWidth=1)
12.2667 	EXP 	Created text_6 = TextStim(__class__=<class 'psychopy.visual.text.TextStim'>, alignHoriz=method-wrapper(...), alignText='center', alignVert=method-wrapper(...), anchorHoriz='center', anchorVert='center', antialias=True, autoLog=True, bold=False, color=array([1., 1., 1.]), colorSpace='rgb', contrast=1.0, depth=-2.0, flipHoriz=False, flipVert=False, font='Open Sans', fontFiles=[], height=0.1, italic=False, languageStyle='LTR', name='text_6', opacity=1, ori=0.0, pos=array([ 0. , -0.1]), rgb=UNKNOWN, text='', units='height', win=Window(...), wrapWidth=1)
12.2695 	EXP 	Created Fixation_Play = TextStim(__class__=<class 'psychopy.visual.text.TextStim'>, alignHoriz=method-wrapper(...), alignText='center', alignVert=method-wrapper(...), anchorHoriz='center', anchorVert='center', antialias=True, autoLog=True, bold=False, color=array([-1., -1., -1.]), colorSpace='rgb', contrast=1.0, depth=-1.0, flipHoriz=False, flipVert=False, font='Arial', fontFiles=[], height=0.2, italic=False, languageStyle='LTR', name='Fixation_Play', opacity=1.0, ori=0.0, pos=array([0., 0.]), rgb=UNKNOWN, text='+', units='height', win=Window(...), wrapWidth=1)
12.2781 	EXP 	Sound sound_digit1 set volume 1.000
12.2800 	EXP 	Created disp_answer = TextStim(__class__=<class 'psychopy.visual.text.TextStim'>, alignHoriz=method-wrapper(...), alignText='center', alignVert=method-wrapper(...), anchorHoriz='center', anchorVert='center', antialias=True, autoLog=True, bold=False, color=array([-1., -1., -1.]), colorSpace='rgb', contrast=1.0, depth=-2.0, flipHoriz=False, flipVert=False, font='Arial', fontFiles=[], height=0.1, italic=False, languageStyle='LTR', name='disp_answer', opacity=1, ori=0, pos=array([0., 0.]), rgb=UNKNOWN, text='', units='height', win=Window(...), wrapWidth=1)
12.2815 	EXP 	Created text_nextblock = TextStim(__class__=<class 'psychopy.visual.text.TextStim'>, alignHoriz=method-wrapper(...), alignText='center', alignVert=method-wrapper(...), anchorHoriz='center', anchorVert='center', antialias=True, autoLog=True, bold=False, color=array([-1., -1., -1.]), colorSpace='rgb', contrast=1.0, depth=-1.0, flipHoriz=False, flipVert=False, font='Arial', fontFiles=[], height=0.05, italic=False, languageStyle='LTR', name='text_nextblock', opacity=1.0, ori=0.0, pos=array([0., 0.]), rgb=UNKNOWN, text='', units='height', win=Window(...), wrapWidth=1)
12.3915 	EXP 	Instructions_Background_Noise: autoDraw = True
12.6368 	DATA 	Mouse: Left button down, pos=(1269,675)
12.7667 	DATA 	Mouse:  Left button up, pos=(1269,675)
12.9694 	DATA 	Keypress: return
12.9848 	EXP 	Sound  started
12.9986 	EXP 	Instructions_Background_Noise: autoDraw = False
12.9986 	EXP 	Fixation_cross_Test: autoDraw = True
17.9952 	EXP 	Sound  stopped
17.9957 	EXP 	Created sequence: sequential, trialTypes=1, nReps=100, seed=None
17.9962 	EXP 	New trial (rep=0, index=0): None
18.0046 	EXP 	Fixation_cross_Test: autoDraw = False
18.0046 	EXP 	Fixation_cross_Test: autoDraw = False
18.0046 	EXP 	text_practice: autoDraw = True
18.5433 	EXP 	Imported data/practice_trials.xlsx as conditions, 10 conditions, 5 params
18.5437 	EXP 	Created sequence: sequential, trialTypes=10, nReps=1, seed=None
18.5440 	EXP 	New trial (rep=0, index=0): {'TrialID': 0.0, 'NFB_digit1': 6.0, 'NFB_digit2': 2.0, 'NFB_digit3': 4.0, 'Speaker_trial': 33.0}
18.5450 	EXP 	Sound Digit1_clear started
18.5469 	DATA 	Keypress: return
18.5506 	EXP 	text_practice: autoDraw = False
19.0268 	EXP 	Sound Digit1_clear reached end of file
19.0293 	EXP 	Created sequence: sequential, trialTypes=1, nReps=1, seed=None
19.0295 	EXP 	New trial (rep=0, index=0): None
19.0399 	EXP 	Created unnamed TextStim = TextStim(__class__=<class 'psychopy.visual.text.TextStim'>, alignHoriz=method-wrapper(...), alignText='center', alignVert=method-wrapper(...), anchorHoriz='center', anchorVert='center', antialias=True, autoLog=True, bold=False, color=array([1., 1., 1.]), colorSpace='rgb', contrast=1.0, depth=0, flipHoriz=False, flipVert=False, font='', fontFiles=[], height=0.1, italic=False, languageStyle='LTR', name='unnamed TextStim', opacity=1.0, ori=0.0, pos=array([0., 0.]), rgb=UNKNOWN, text='Practice trials going on', units='norm', win=Window(...), wrapWidth=1)
19.0497 	EXP 	unnamed TextStim: autoDraw = True
19.0692 	EXP 	text_practice_resp: autoDraw = True
19.6698 	DATA 	Keypress: return
19.7127 	EXP 	unnamed TextStim: autoDraw = False
19.7135 	EXP 	New trial (rep=0, index=1): {'TrialID': 1.0, 'NFB_digit1': 1.0, 'NFB_digit2': 9.0, 'NFB_digit3': 3.0, 'Speaker_trial': 13.0}
19.7141 	EXP 	Sound Digit1_clear started
19.7190 	EXP 	text_practice_resp: autoDraw = False
19.9505 	DATA 	Keypress: return
20.1499 	DATA 	Keypress: return
20.1935 	EXP 	Sound Digit1_clear reached end of file
20.1957 	EXP 	Created sequence: sequential, trialTypes=1, nReps=1, seed=None
20.1959 	EXP 	New trial (rep=0, index=0): None
20.2010 	EXP 	Created unnamed TextStim = TextStim(__class__=<class 'psychopy.visual.text.TextStim'>, alignHoriz=method-wrapper(...), alignText='center', alignVert=method-wrapper(...), anchorHoriz='center', anchorVert='center', antialias=True, autoLog=True, bold=False, color=array([1., 1., 1.]), colorSpace='rgb', contrast=1.0, depth=0, flipHoriz=False, flipVert=False, font='', fontFiles=[], height=0.1, italic=False, languageStyle='LTR', name='unnamed TextStim', opacity=1.0, ori=0.0, pos=array([0., 0.]), rgb=UNKNOWN, text='Practice trials going on', units='norm', win=Window(...), wrapWidth=1)
20.2126 	EXP 	unnamed TextStim: autoDraw = True
20.2236 	EXP 	text_practice_resp: autoDraw = True
20.3363 	DATA 	Keypress: return
20.3637 	EXP 	unnamed TextStim: autoDraw = False
20.3645 	EXP 	New trial (rep=0, index=2): {'TrialID': 2.0, 'NFB_digit1': 8.0, 'NFB_digit2': 0.0, 'NFB_digit3': 1.0, 'Speaker_trial': 21.0}
20.3653 	EXP 	Sound Digit1_clear started
20.3712 	EXP 	text_practice_resp: autoDraw = False
20.5337 	DATA 	Keypress: return
20.7167 	DATA 	Keypress: return
20.8490 	EXP 	Sound Digit1_clear reached end of file
20.8515 	EXP 	Created sequence: sequential, trialTypes=1, nReps=1, seed=None
20.8518 	EXP 	New trial (rep=0, index=0): None
20.8589 	EXP 	Created unnamed TextStim = TextStim(__class__=<class 'psychopy.visual.text.TextStim'>, alignHoriz=method-wrapper(...), alignText='center', alignVert=method-wrapper(...), anchorHoriz='center', anchorVert='center', antialias=True, autoLog=True, bold=False, color=array([1., 1., 1.]), colorSpace='rgb', contrast=1.0, depth=0, flipHoriz=False, flipVert=False, font='', fontFiles=[], height=0.1, italic=False, languageStyle='LTR', name='unnamed TextStim', opacity=1.0, ori=0.0, pos=array([0., 0.]), rgb=UNKNOWN, text='Practice trials going on', units='norm', win=Window(...), wrapWidth=1)
20.8628 	EXP 	unnamed TextStim: autoDraw = True
20.8747 	EXP 	text_practice_resp: autoDraw = True
20.8822 	DATA 	Keypress: return
20.9129 	EXP 	unnamed TextStim: autoDraw = False
20.9143 	EXP 	New trial (rep=0, index=3): {'TrialID': 3.0, 'NFB_digit1': 9.0, 'NFB_digit2': 6.0, 'NFB_digit3': 1.0, 'Speaker_trial': 61.0}
20.9154 	EXP 	Sound Digit1_clear started
20.9219 	EXP 	text_practice_resp: autoDraw = False
21.0674 	DATA 	Keypress: return
21.2503 	DATA 	Keypress: return
21.3967 	EXP 	Sound Digit1_clear reached end of file
21.3992 	EXP 	Created sequence: sequential, trialTypes=1, nReps=1, seed=None
21.3996 	EXP 	New trial (rep=0, index=0): None
21.4064 	EXP 	Created unnamed TextStim = TextStim(__class__=<class 'psychopy.visual.text.TextStim'>, alignHoriz=method-wrapper(...), alignText='center', alignVert=method-wrapper(...), anchorHoriz='center', anchorVert='center', antialias=True, autoLog=True, bold=False, color=array([1., 1., 1.]), colorSpace='rgb', contrast=1.0, depth=0, flipHoriz=False, flipVert=False, font='', fontFiles=[], height=0.1, italic=False, languageStyle='LTR', name='unnamed TextStim', opacity=1.0, ori=0.0, pos=array([0., 0.]), rgb=UNKNOWN, text='Practice trials going on', units='norm', win=Window(...), wrapWidth=1)
21.4130 	EXP 	unnamed TextStim: autoDraw = True
21.4241 	DATA 	Keypress: return
21.4281 	EXP 	text_practice_resp: autoDraw = True
21.6384 	DATA 	Keypress: return
21.6630 	EXP 	unnamed TextStim: autoDraw = False
21.6645 	EXP 	New trial (rep=0, index=4): {'TrialID': 4.0, 'NFB_digit1': 8.0, 'NFB_digit2': 1.0, 'NFB_digit3': 5.0, 'Speaker_trial': 7.0}
21.6656 	EXP 	Sound Digit1_clear started
21.6718 	EXP 	text_practice_resp: autoDraw = False
21.7998 	DATA 	Keypress: return
21.9833 	DATA 	Keypress: return
22.1429 	EXP 	Sound Digit1_clear reached end of file
22.1462 	EXP 	Created sequence: sequential, trialTypes=1, nReps=1, seed=None
22.1466 	EXP 	New trial (rep=0, index=0): None
22.1532 	EXP 	Created unnamed TextStim = TextStim(__class__=<class 'psychopy.visual.text.TextStim'>, alignHoriz=method-wrapper(...), alignText='center', alignVert=method-wrapper(...), anchorHoriz='center', anchorVert='center', antialias=True, autoLog=True, bold=False, color=array([1., 1., 1.]), colorSpace='rgb', contrast=1.0, depth=0, flipHoriz=False, flipVert=False, font='', fontFiles=[], height=0.1, italic=False, languageStyle='LTR', name='unnamed TextStim', opacity=1.0, ori=0.0, pos=array([0., 0.]), rgb=UNKNOWN, text='Practice trials going on', units='norm', win=Window(...), wrapWidth=1)
22.1677 	EXP 	unnamed TextStim: autoDraw = True
22.1775 	DATA 	Keypress: return
22.1832 	EXP 	text_practice_resp: autoDraw = True
22.3366 	DATA 	Keypress: return
22.3626 	EXP 	unnamed TextStim: autoDraw = False
22.3638 	EXP 	New trial (rep=0, index=5): {'TrialID': 5.0, 'NFB_digit1': 4.0, 'NFB_digit2': 1.0, 'NFB_digit3': 0.0, 'Speaker_trial': 33.0}
22.3647 	EXP 	Sound Digit1_clear started
22.3698 	EXP 	text_practice_resp: autoDraw = False
22.5502 	DATA 	Keypress: return
22.7498 	DATA 	Keypress: return
22.8442 	EXP 	Sound Digit1_clear reached end of file
22.8467 	EXP 	Created sequence: sequential, trialTypes=1, nReps=1, seed=None
22.8469 	EXP 	New trial (rep=0, index=0): None
22.8515 	EXP 	Created unnamed TextStim = TextStim(__class__=<class 'psychopy.visual.text.TextStim'>, alignHoriz=method-wrapper(...), alignText='center', alignVert=method-wrapper(...), anchorHoriz='center', anchorVert='center', antialias=True, autoLog=True, bold=False, color=array([1., 1., 1.]), colorSpace='rgb', contrast=1.0, depth=0, flipHoriz=False, flipVert=False, font='', fontFiles=[], height=0.1, italic=False, languageStyle='LTR', name='unnamed TextStim', opacity=1.0, ori=0.0, pos=array([0., 0.]), rgb=UNKNOWN, text='Practice trials going on', units='norm', win=Window(...), wrapWidth=1)
22.8630 	EXP 	unnamed TextStim: autoDraw = True
22.8758 	EXP 	text_practice_resp: autoDraw = True
22.9540 	DATA 	Keypress: return
22.9796 	EXP 	unnamed TextStim: autoDraw = False
22.9810 	EXP 	New trial (rep=0, index=6): {'TrialID': 6.0, 'NFB_digit1': 9.0, 'NFB_digit2': 2.0, 'NFB_digit3': 6.0, 'Speaker_trial': 13.0}
22.9820 	EXP 	Sound Digit1_clear started
22.9873 	EXP 	text_practice_resp: autoDraw = False
23.1169 	DATA 	Keypress: return
23.4649 	EXP 	Sound Digit1_clear reached end of file
23.4655 	EXP 	Created sequence: sequential, trialTypes=1, nReps=1, seed=None
23.4657 	EXP 	New trial (rep=0, index=0): None
23.4694 	EXP 	Created unnamed TextStim = TextStim(__class__=<class 'psychopy.visual.text.TextStim'>, alignHoriz=method-wrapper(...), alignText='center', alignVert=method-wrapper(...), anchorHoriz='center', anchorVert='center', antialias=True, autoLog=True, bold=False, color=array([1., 1., 1.]), colorSpace='rgb', contrast=1.0, depth=0, flipHoriz=False, flipVert=False, font='', fontFiles=[], height=0.1, italic=False, languageStyle='LTR', name='unnamed TextStim', opacity=1.0, ori=0.0, pos=array([0., 0.]), rgb=UNKNOWN, text='Practice trials going on', units='norm', win=Window(...), wrapWidth=1)
23.4793 	EXP 	unnamed TextStim: autoDraw = True
23.4895 	EXP 	text_practice_resp: autoDraw = True
23.6868 	DATA 	Keypress: return
23.7125 	EXP 	unnamed TextStim: autoDraw = False
23.7134 	EXP 	New trial (rep=0, index=7): {'TrialID': 7.0, 'NFB_digit1': 2.0, 'NFB_digit2': 3.0, 'NFB_digit3': 0.0, 'Speaker_trial': 10.0}
23.7142 	EXP 	Sound Digit1_clear started
23.7189 	EXP 	text_practice_resp: autoDraw = False
24.1910 	EXP 	Sound Digit1_clear reached end of file
24.1932 	EXP 	Created sequence: sequential, trialTypes=1, nReps=1, seed=None
24.1934 	EXP 	New trial (rep=0, index=0): None
24.1973 	EXP 	Created unnamed TextStim = TextStim(__class__=<class 'psychopy.visual.text.TextStim'>, alignHoriz=method-wrapper(...), alignText='center', alignVert=method-wrapper(...), anchorHoriz='center', anchorVert='center', antialias=True, autoLog=True, bold=False, color=array([1., 1., 1.]), colorSpace='rgb', contrast=1.0, depth=0, flipHoriz=False, flipVert=False, font='', fontFiles=[], height=0.1, italic=False, languageStyle='LTR', name='unnamed TextStim', opacity=1.0, ori=0.0, pos=array([0., 0.]), rgb=UNKNOWN, text='Practice trials going on', units='norm', win=Window(...), wrapWidth=1)
24.2123 	EXP 	unnamed TextStim: autoDraw = True
24.2194 	DATA 	Keypress: return
24.2229 	EXP 	text_practice_resp: autoDraw = True
24.7527 	DATA 	Keypress: return
24.7790 	EXP 	unnamed TextStim: autoDraw = False
24.7798 	EXP 	New trial (rep=0, index=8): {'TrialID': 8.0, 'NFB_digit1': 1.0, 'NFB_digit2': 9.0, 'NFB_digit3': 2.0, 'Speaker_trial': 48.0}
24.7805 	EXP 	Sound Digit1_clear started
24.7856 	EXP 	text_practice_resp: autoDraw = False
25.2629 	EXP 	Sound Digit1_clear reached end of file
25.2655 	EXP 	Created sequence: sequential, trialTypes=1, nReps=1, seed=None
25.2657 	EXP 	New trial (rep=0, index=0): None
25.2685 	EXP 	Created unnamed TextStim = TextStim(__class__=<class 'psychopy.visual.text.TextStim'>, alignHoriz=method-wrapper(...), alignText='center', alignVert=method-wrapper(...), anchorHoriz='center', anchorVert='center', antialias=True, autoLog=True, bold=False, color=array([1., 1., 1.]), colorSpace='rgb', contrast=1.0, depth=0, flipHoriz=False, flipVert=False, font='', fontFiles=[], height=0.1, italic=False, languageStyle='LTR', name='unnamed TextStim', opacity=1.0, ori=0.0, pos=array([0., 0.]), rgb=UNKNOWN, text='Practice trials going on', units='norm', win=Window(...), wrapWidth=1)
25.2791 	EXP 	unnamed TextStim: autoDraw = True
25.2891 	EXP 	text_practice_resp: autoDraw = True
25.5532 	DATA 	Keypress: return
25.5955 	EXP 	unnamed TextStim: autoDraw = False
25.5964 	EXP 	New trial (rep=0, index=9): {'TrialID': 9.0, 'NFB_digit1': 8.0, 'NFB_digit2': 1.0, 'NFB_digit3': 0.0, 'Speaker_trial': 21.0}
25.5970 	EXP 	Sound Digit1_clear started
25.6025 	EXP 	text_practice_resp: autoDraw = False
26.0862 	EXP 	Sound Digit1_clear reached end of file
26.0880 	EXP 	Created sequence: sequential, trialTypes=1, nReps=1, seed=None
26.0881 	EXP 	New trial (rep=0, index=0): None
26.0910 	EXP 	Created unnamed TextStim = TextStim(__class__=<class 'psychopy.visual.text.TextStim'>, alignHoriz=method-wrapper(...), alignText='center', alignVert=method-wrapper(...), anchorHoriz='center', anchorVert='center', antialias=True, autoLog=True, bold=False, color=array([1., 1., 1.]), colorSpace='rgb', contrast=1.0, depth=0, flipHoriz=False, flipVert=False, font='', fontFiles=[], height=0.1, italic=False, languageStyle='LTR', name='unnamed TextStim', opacity=1.0, ori=0.0, pos=array([0., 0.]), rgb=UNKNOWN, text='Practice trials going on', units='norm', win=Window(...), wrapWidth=1)
26.0958 	EXP 	unnamed TextStim: autoDraw = True
26.1053 	EXP 	text_practice_resp: autoDraw = True
26.3032 	DATA 	Keypress: return
26.3288 	EXP 	unnamed TextStim: autoDraw = False
26.3369 	EXP 	text_practice_resp: autoDraw = False
26.3369 	EXP 	text_practice_repeat: autoDraw = True
27.0690 	DATA 	Keypress: return
27.0986 	EXP 	text_practice_repeat: autoDraw = False
27.0986 	EXP 	text_4: autoDraw = True
27.8532 	EXP 	Imported data/Stimuli_ME_cond.xlsx as conditions, 280 conditions, 8 params
27.8541 	EXP 	Created sequence: sequential, trialTypes=280, nReps=1, seed=None
27.8544 	EXP 	New trial (rep=0, index=0): {'TrialID_ME': 0.0, 'NFB_digit1_ME': 1.0, 'NFB_digit2_ME': 2.0, 'NFB_digit3_ME': 0.0, 'Speaker_trial_ME': 33.0, 'NV_trial_ME': 1.0, 'Triggered_trial_ME': 1.0, 'Jitter_trial_ME': 0.0}
27.8558 	EXP 	Sound  set loops 2
27.8558 	EXP 	Sound  started
28.5354 	DATA 	Keypress: return
28.5395 	EXP 	text_4: autoDraw = False
28.5395 	EXP 	Fixation_ME: autoDraw = True
29.9468 	EXP 	Sound sound_digit_1_ME started
29.9530 	EXP 	Fixation_ME: autoDraw = False
29.9530 	EXP 	text_2: text = 0
29.9530 	EXP 	text_2: autoDraw = True
30.4206 	EXP 	Sound sound_digit_1_ME reached end of file
30.9497 	EXP 	Created sequence: sequential, trialTypes=1, nReps=1, seed=None
30.9499 	EXP 	New trial (rep=0, index=0): None
30.9499 	EXP 	Sound  started
30.9644 	EXP 	text_2: autoDraw = False
30.9644 	EXP 	text_2: autoDraw = False
30.9644 	EXP 	text_7: text = 0
30.9644 	EXP 	disp_answer_ME: autoDraw = True
30.9644 	EXP 	text_7: autoDraw = True
31.5030 	DATA 	Keypress: 1
31.7033 	DATA 	Keypress: return
31.7319 	EXP 	Created unnamed TextStim = TextStim(__class__=<class 'psychopy.visual.text.TextStim'>, alignHoriz=method-wrapper(...), alignText='center', alignVert=method-wrapper(...), anchorHoriz='center', anchorVert='center', antialias=True, autoLog=True, bold=False, color=array([1., 1., 1.]), colorSpace='rgb', contrast=1.0, depth=0, flipHoriz=False, flipVert=False, font='', fontFiles=[], height=0.1, italic=False, languageStyle='LTR', name='unnamed TextStim', opacity=1.0, ori=0.0, pos=array([ 0. , -0.1]), rgb=UNKNOWN, text='Current trial correct?:[1.]', units='norm', win=Window(...), wrapWidth=1)
31.7452 	EXP 	unnamed TextStim: autoDraw = True
31.7518 	EXP 	Created unnamed TextStim = TextStim(__class__=<class 'psychopy.visual.text.TextStim'>, alignHoriz=method-wrapper(...), alignText='center', alignVert=method-wrapper(...), anchorHoriz='center', anchorVert='center', antialias=True, autoLog=True, bold=False, color=array([1., 1., 1.]), colorSpace='rgb', contrast=1.0, depth=0, flipHoriz=False, flipVert=False, font='', fontFiles=[], height=0.1, italic=False, languageStyle='LTR', name='unnamed TextStim', opacity=1.0, ori=0.0, pos=array([0., 0.]), rgb=UNKNOWN, text='Current ROC AUC:-0.0', units='norm', win=Window(...), wrapWidth=1)
31.7620 	EXP 	unnamed TextStim: autoDraw = True
31.7788 	EXP 	unnamed TextStim: autoDraw = False
31.7790 	EXP 	Sound  started
31.7802 	EXP 	New trial (rep=0, index=1): {'TrialID_ME': 1.0, 'NFB_digit1_ME': 0.0, 'NFB_digit2_ME': 8.0, 'NFB_digit3_ME': 3.0, 'Speaker_trial_ME': 49.0, 'NV_trial_ME': 1.0, 'Triggered_trial_ME': 0.0, 'Jitter_trial_ME': 1.0}
31.7817 	EXP 	Sound  started
31.7882 	EXP 	disp_answer_ME: autoDraw = False
31.7882 	EXP 	text_7: autoDraw = False
31.7882 	EXP 	text_next_block_ME: text = ''
31.7882 	EXP 	text_next_block_ME: autoDraw = False
31.7882 	EXP 	Fixation_ME: autoDraw = True
33.8502 	EXP 	Sound sound_digit_1_ME started
33.8568 	EXP 	Fixation_ME: autoDraw = False
33.8568 	EXP 	text_2: text = 1
33.8568 	EXP 	text_2: autoDraw = True
34.3324 	EXP 	Sound sound_digit_1_ME reached end of file
34.8493 	EXP 	Created sequence: sequential, trialTypes=1, nReps=1, seed=None
34.8495 	EXP 	New trial (rep=0, index=0): None
34.8495 	EXP 	Sound  started
34.8639 	EXP 	text_2: autoDraw = False
34.8639 	EXP 	text_2: autoDraw = False
34.8639 	EXP 	text_7: text = 0
34.8639 	EXP 	disp_answer_ME: autoDraw = True
34.8639 	EXP 	text_7: autoDraw = True
35.1692 	DATA 	Keypress: 0
35.2866 	DATA 	Keypress: return
35.3256 	EXP 	Created unnamed TextStim = TextStim(__class__=<class 'psychopy.visual.text.TextStim'>, alignHoriz=method-wrapper(...), alignText='center', alignVert=method-wrapper(...), anchorHoriz='center', anchorVert='center', antialias=True, autoLog=True, bold=False, color=array([1., 1., 1.]), colorSpace='rgb', contrast=1.0, depth=0, flipHoriz=False, flipVert=False, font='', fontFiles=[], height=0.1, italic=False, languageStyle='LTR', name='unnamed TextStim', opacity=1.0, ori=0.0, pos=array([ 0. , -0.1]), rgb=UNKNOWN, text='Current trial correct?:[1.]', units='norm', win=Window(...), wrapWidth=1)
35.3452 	EXP 	unnamed TextStim: autoDraw = True
35.3480 	EXP 	Created unnamed TextStim = TextStim(__class__=<class 'psychopy.visual.text.TextStim'>, alignHoriz=method-wrapper(...), alignText='center', alignVert=method-wrapper(...), anchorHoriz='center', anchorVert='center', antialias=True, autoLog=True, bold=False, color=array([1., 1., 1.]), colorSpace='rgb', contrast=1.0, depth=0, flipHoriz=False, flipVert=False, font='', fontFiles=[], height=0.1, italic=False, languageStyle='LTR', name='unnamed TextStim', opacity=1.0, ori=0.0, pos=array([0., 0.]), rgb=UNKNOWN, text='Current ROC AUC:-0.0', units='norm', win=Window(...), wrapWidth=1)
35.3619 	EXP 	unnamed TextStim: autoDraw = True
35.3782 	EXP 	unnamed TextStim: autoDraw = False
35.3784 	EXP 	Sound  started
35.3792 	EXP 	New trial (rep=0, index=2): {'TrialID_ME': 2.0, 'NFB_digit1_ME': 4.0, 'NFB_digit2_ME': 9.0, 'NFB_digit3_ME': 2.0, 'Speaker_trial_ME': 7.0, 'NV_trial_ME': 1.0, 'Triggered_trial_ME': 1.0, 'Jitter_trial_ME': 0.0}
35.3813 	EXP 	Sound  started
35.3879 	EXP 	disp_answer_ME: autoDraw = False
35.3879 	EXP 	text_7: autoDraw = False
35.3879 	EXP 	text_next_block_ME: text = ''
35.3879 	EXP 	text_next_block_ME: autoDraw = False
35.3879 	EXP 	Fixation_ME: autoDraw = True
37.4987 	EXP 	Sound sound_digit_1_ME started
37.5049 	EXP 	Fixation_ME: autoDraw = False
37.5049 	EXP 	text_2: text = 2
37.5049 	EXP 	text_2: autoDraw = True
37.9898 	EXP 	Sound sound_digit_1_ME reached end of file
38.4986 	EXP 	Created sequence: sequential, trialTypes=1, nReps=1, seed=None
38.4988 	EXP 	New trial (rep=0, index=0): None
38.4989 	EXP 	Sound  started
38.5136 	EXP 	text_2: autoDraw = False
38.5136 	EXP 	text_2: autoDraw = False
38.5136 	EXP 	text_7: text = 0
38.5136 	EXP 	disp_answer_ME: autoDraw = True
38.5136 	EXP 	text_7: autoDraw = True
38.6862 	DATA 	Keypress: 5
38.8195 	DATA 	Keypress: return
38.8422 	EXP 	Created unnamed TextStim = TextStim(__class__=<class 'psychopy.visual.text.TextStim'>, alignHoriz=method-wrapper(...), alignText='center', alignVert=method-wrapper(...), anchorHoriz='center', anchorVert='center', antialias=True, autoLog=True, bold=False, color=array([1., 1., 1.]), colorSpace='rgb', contrast=1.0, depth=0, flipHoriz=False, flipVert=False, font='', fontFiles=[], height=0.1, italic=False, languageStyle='LTR', name='unnamed TextStim', opacity=1.0, ori=0.0, pos=array([ 0. , -0.1]), rgb=UNKNOWN, text='Current trial correct?:[0.]', units='norm', win=Window(...), wrapWidth=1)
38.8612 	EXP 	unnamed TextStim: autoDraw = True
38.8640 	EXP 	Created unnamed TextStim = TextStim(__class__=<class 'psychopy.visual.text.TextStim'>, alignHoriz=method-wrapper(...), alignText='center', alignVert=method-wrapper(...), anchorHoriz='center', anchorVert='center', antialias=True, autoLog=True, bold=False, color=array([1., 1., 1.]), colorSpace='rgb', contrast=1.0, depth=0, flipHoriz=False, flipVert=False, font='', fontFiles=[], height=0.1, italic=False, languageStyle='LTR', name='unnamed TextStim', opacity=1.0, ori=0.0, pos=array([0., 0.]), rgb=UNKNOWN, text='Current ROC AUC:1.0', units='norm', win=Window(...), wrapWidth=1)
38.8780 	EXP 	unnamed TextStim: autoDraw = True
38.8948 	EXP 	unnamed TextStim: autoDraw = False
38.9111 	EXP 	Sound  stopped
38.9141 	EXP 	Sound  started
38.9644 	EXP 	disp_answer_ME: autoDraw = False
38.9644 	EXP 	text_7: autoDraw = False
38.9644 	EXP 	text_next_block_ME: text = 'Die Kalibrierungphase ist zu Ende, gut gemacht!\n        \n        Der/die VersuchsleiterIn wird in Kürze in den Raum kommen.'
38.9644 	EXP 	text_next_block_ME: autoDraw = True
41.6707 	DATA 	Keypress: return
41.6901 	EXP 	Created unnamed TextStim = TextStim(__class__=<class 'psychopy.visual.text.TextStim'>, alignHoriz=method-wrapper(...), alignText='center', alignVert=method-wrapper(...), anchorHoriz='center', anchorVert='center', antialias=True, autoLog=True, bold=False, color=array([1., 1., 1.]), colorSpace='rgb', contrast=1.0, depth=0, flipHoriz=False, flipVert=False, font='', fontFiles=[], height=0.1, italic=False, languageStyle='LTR', name='unnamed TextStim', opacity=1.0, ori=0.0, pos=array([0., 0.]), rgb=UNKNOWN, text='Final ROC AUC:1.0', units='norm', win=Window(...), wrapWidth=1)
41.6946 	EXP 	unnamed TextStim: autoDraw = True
41.7048 	EXP 	text_next_block_ME: autoDraw = False
41.7048 	EXP 	text_break: autoDraw = True
42.7034 	DATA 	Keypress: return
42.7310 	EXP 	Imported data/Stimuli_exp_cond.xlsx as conditions, 32 conditions, 8 params
42.7314 	EXP 	Created sequence: sequential, trialTypes=32, nReps=1, seed=None
42.7317 	EXP 	New trial (rep=0, index=0): {'TrialID': 0.0, 'NFB_digit1': 9.0, 'NFB_digit2': 0.0, 'NFB_digit3': 2.0, 'Speaker_trial': 10.0, 'NV_trial': 0.0, 'Triggered_trial': 1.0, 'Jitter_trial': 0.0}
42.7417 	EXP 	Sound  started
43.4632 	EXP 	text_break: autoDraw = False
43.4632 	EXP 	Fixation: autoDraw = True
43.4632 	EXP 	text_6: autoDraw = True
56.6390 	DATA 	Mouse: Left button down, pos=(1735,261)
56.7720 	DATA 	Mouse:  Left button up, pos=(1735,265)
57.5406 	DATA 	Mouse: Left button down, pos=(1735,673)
57.6612 	DATA 	Mouse:  Left button up, pos=(1739,673)
57.7346 	DATA 	Mouse: Left button down, pos=(1739,673)
57.8654 	DATA 	Mouse:  Left button up, pos=(1739,673)
57.9260 	DATA 	Mouse: Left button down, pos=(1739,673)
58.0603 	DATA 	Mouse:  Left button up, pos=(1739,673)
59.9762 	DATA 	Mouse: Left button down, pos=(1747,741)
60.0440 	DATA 	Mouse:  Left button up, pos=(1747,741)
66.3738 	DATA 	Keypress: return
68.1032 	DATA 	Mouse: Left button down, pos=(1715,629)
68.2255 	DATA 	Mouse:  Left button up, pos=(1715,629)
68.4851 	DATA 	Keypress: escape
68.5636 	EXP 	window1: mouseVisible = True
69.9889 	EXP 	window1: mouseVisible = True
