6.6377 	EXP 	Created window1 = Window(allowGUI=False, allowStencil=False, autoLog=True, backendConf=UNKNOWN, bitsMode=UNKNOWN, blendMode='avg', bpc=(8, 8, 8), color=array([0, 0, 0]), colorSpace='rgb', depthBits=8, fullscr=<method-wrapper '__getattribute__' of attributeSetter object at 0x0000025A7CD0DAC8>, gamma=None, gammaErrorPolicy='raise', lms=UNKNOWN, monitor=<psychopy.monitors.calibTools.Monitor object at 0x0000025A7CD5DCC0>, multiSample=False, name='window1', numSamples=2, pos=[0.0, 0.0], screen=0, size=array([1280, 1024]), stencilBits=0, stereo=False, units='height', useFBO=True, useRetina=False, viewOri=0.0, viewPos=None, viewScale=None, waitBlanking=True, winType='pyglet')
6.6388 	EXP 	window1: mouseVisible = True
6.6388 	EXP 	window1: recordFrameIntervals = False
6.8037 	EXP 	window1: recordFrameIntervals = True
6.9872 	EXP 	window1: recordFrameIntervals = False
8.2332 	EXP 	Created Instructions_Background_Noise = TextStim(__class__=<class 'psychopy.visual.text.TextStim'>, alignHoriz=method-wrapper(...), alignText='center', alignVert=method-wrapper(...), anchorHoriz='center', anchorVert='center', antialias=True, autoLog=True, bold=False, color=array([-1., -1., -1.]), colorSpace='rgb', contrast=1.0, depth=-1.0, flipHoriz=False, flipVert=False, font='Arial', fontFiles=[], height=0.03, italic=False, languageStyle='LTR', name='Instructions_Background_Noise', opacity=1, ori=0, pos=array([0., 0.]), rgb=UNKNOWN, text=str(...), units='height', win=Window(...), wrapWidth=1)
8.2430 	EXP 	Created Fixation_cross_Test = TextStim(__class__=<class 'psychopy.visual.text.TextStim'>, alignHoriz=method-wrapper(...), alignText='center', alignVert=method-wrapper(...), anchorHoriz='center', anchorVert='center', antialias=True, autoLog=True, bold=False, color=array([-1., -1., -1.]), colorSpace='rgb', contrast=1.0, depth=-1.0, flipHoriz=False, flipVert=False, font='Arial', fontFiles=[], height=0.2, italic=False, languageStyle='LTR', name='Fixation_cross_Test', opacity=1, ori=0, pos=array([0., 0.]), rgb=UNKNOWN, text='+', units='height', win=Window(...), wrapWidth=1)
8.2916 	EXP 	Created text_practice = TextStim(__class__=<class 'psychopy.visual.text.TextStim'>, alignHoriz=method-wrapper(...), alignText='center', alignVert=method-wrapper(...), anchorHoriz='center', anchorVert='center', antialias=True, autoLog=True, bold=False, color=array([-1., -1., -1.]), colorSpace='rgb', contrast=1.0, depth=-1.0, flipHoriz=False, flipVert=False, font='Arial', fontFiles=[], height=0.03, italic=False, languageStyle='LTR', name='text_practice', opacity=1, ori=0, pos=array([0., 0.]), rgb=UNKNOWN, text=str(...), units='height', win=Window(...), wrapWidth=1)
8.3055 	EXP 	Sound Digit1_clear set volume 1.000
8.3197 	EXP 	Sound Digit2_clear set volume 1.000
8.3345 	EXP 	Sound Digit3_clear set volume 1.000
8.3376 	EXP 	Created text_practice_resp = TextStim(__class__=<class 'psychopy.visual.text.TextStim'>, alignHoriz=method-wrapper(...), alignText='center', alignVert=method-wrapper(...), anchorHoriz='center', anchorVert='center', antialias=True, autoLog=True, bold=False, color=array([-1., -1., -1.]), colorSpace='rgb', contrast=1.0, depth=-2.0, flipHoriz=False, flipVert=False, font='Arial', fontFiles=[], height=0.1, italic=False, languageStyle='LTR', name='text_practice_resp', opacity=1, ori=0, pos=array([0., 0.]), rgb=UNKNOWN, text='', units='height', win=Window(...), wrapWidth=1)
8.3690 	EXP 	Created text_practice_repeat = TextStim(__class__=<class 'psychopy.visual.text.TextStim'>, alignHoriz=method-wrapper(...), alignText='center', alignVert=method-wrapper(...), anchorHoriz='center', anchorVert='center', antialias=True, autoLog=True, bold=False, color=array([-1., -1., -1.]), colorSpace='rgb', contrast=1.0, depth=-1.0, flipHoriz=False, flipVert=False, font='Arial', fontFiles=[], height=0.05, italic=False, languageStyle='LTR', name='text_practice_repeat', opacity=1, ori=0, pos=array([0., 0.]), rgb=UNKNOWN, text=str(...), units='height', win=Window(...), wrapWidth=1)
8.4079 	EXP 	Created text_calibration = TextStim(__class__=<class 'psychopy.visual.text.TextStim'>, alignHoriz=method-wrapper(...), alignText='center', alignVert=method-wrapper(...), anchorHoriz='center', anchorVert='center', antialias=True, autoLog=True, bold=False, color=array([-1., -1., -1.]), colorSpace='rgb', contrast=1.0, depth=-1.0, flipHoriz=False, flipVert=False, font='Arial', fontFiles=[], height=0.05, italic=False, languageStyle='LTR', name='text_calibration', opacity=1, ori=0, pos=array([0., 0.]), rgb=UNKNOWN, text=str(...), units='height', win=Window(...), wrapWidth=1)
8.4160 	EXP 	Created Fix_cross_calibration = TextStim(__class__=<class 'psychopy.visual.text.TextStim'>, alignHoriz=method-wrapper(...), alignText='center', alignVert=method-wrapper(...), anchorHoriz='center', anchorVert='center', antialias=True, autoLog=True, bold=False, color=array([-1., -1., -1.]), colorSpace='rgb', contrast=1.0, depth=-1.0, flipHoriz=False, flipVert=False, font='Arial', fontFiles=[], height=0.2, italic=False, languageStyle='LTR', name='Fix_cross_calibration', opacity=1, ori=0, pos=array([0., 0.]), rgb=UNKNOWN, text='+', units='height', win=Window(...), wrapWidth=1)
8.4193 	EXP 	Created text = TextStim(__class__=<class 'psychopy.visual.text.TextStim'>, alignHoriz=method-wrapper(...), alignText='center', alignVert=method-wrapper(...), anchorHoriz='center', anchorVert='center', antialias=True, autoLog=True, bold=False, color=array([1., 1., 1.]), colorSpace='rgb', contrast=1.0, depth=-2.0, flipHoriz=False, flipVert=False, font='Open Sans', fontFiles=[], height=0.1, italic=False, languageStyle='LTR', name='text', opacity=1, ori=0.0, pos=array([ 0. , -0.1]), rgb=UNKNOWN, text='', units='height', win=Window(...), wrapWidth=1)
8.4307 	EXP 	Created text_calibration_repeat = TextStim(__class__=<class 'psychopy.visual.text.TextStim'>, alignHoriz=method-wrapper(...), alignText='center', alignVert=method-wrapper(...), anchorHoriz='center', anchorVert='center', antialias=True, autoLog=True, bold=False, color=array([-1., -1., -1.]), colorSpace='rgb', contrast=1.0, depth=-1.0, flipHoriz=False, flipVert=False, font='Arial', fontFiles=[], height=0.05, italic=False, languageStyle='LTR', name='text_calibration_repeat', opacity=1, ori=0, pos=array([0., 0.]), rgb=UNKNOWN, text=str(...), units='height', win=Window(...), wrapWidth=1)
8.4735 	EXP 	Created text_break = TextStim(__class__=<class 'psychopy.visual.text.TextStim'>, alignHoriz=method-wrapper(...), alignText='center', alignVert=method-wrapper(...), anchorHoriz='center', anchorVert='center', antialias=True, autoLog=True, bold=False, color=array([-1., -1., -1.]), colorSpace='rgb', contrast=1.0, depth=-1.0, flipHoriz=False, flipVert=False, font='Arial', fontFiles=[], height=0.05, italic=False, languageStyle='LTR', name='text_break', opacity=1, ori=0, pos=array([0., 0.]), rgb=UNKNOWN, text=str(...), units='height', win=Window(...), wrapWidth=1)
8.4774 	EXP 	Created Fixation = TextStim(__class__=<class 'psychopy.visual.text.TextStim'>, alignHoriz=method-wrapper(...), alignText='center', alignVert=method-wrapper(...), anchorHoriz='center', anchorVert='center', antialias=True, autoLog=True, bold=False, color=array([-1., -1., -1.]), colorSpace='rgb', contrast=1.0, depth=-1.0, flipHoriz=False, flipVert=False, font='Arial', fontFiles=[], height=0.2, italic=False, languageStyle='LTR', name='Fixation', opacity=1, ori=0, pos=array([0., 0.]), rgb=UNKNOWN, text='+', units='height', win=Window(...), wrapWidth=1)
8.4792 	EXP 	Created text_6 = TextStim(__class__=<class 'psychopy.visual.text.TextStim'>, alignHoriz=method-wrapper(...), alignText='center', alignVert=method-wrapper(...), anchorHoriz='center', anchorVert='center', antialias=True, autoLog=True, bold=False, color=array([1., 1., 1.]), colorSpace='rgb', contrast=1.0, depth=-2.0, flipHoriz=False, flipVert=False, font='Open Sans', fontFiles=[], height=0.1, italic=False, languageStyle='LTR', name='text_6', opacity=1, ori=0.0, pos=array([ 0. , -0.1]), rgb=UNKNOWN, text='', units='height', win=Window(...), wrapWidth=1)
8.4833 	EXP 	Created Fixation_Play = TextStim(__class__=<class 'psychopy.visual.text.TextStim'>, alignHoriz=method-wrapper(...), alignText='center', alignVert=method-wrapper(...), anchorHoriz='center', anchorVert='center', antialias=True, autoLog=True, bold=False, color=array([-1., -1., -1.]), colorSpace='rgb', contrast=1.0, depth=-1.0, flipHoriz=False, flipVert=False, font='Arial', fontFiles=[], height=0.2, italic=False, languageStyle='LTR', name='Fixation_Play', opacity=1.0, ori=0.0, pos=array([0., 0.]), rgb=UNKNOWN, text='+', units='height', win=Window(...), wrapWidth=1)
8.4991 	EXP 	Sound sound_digit1 set volume 1.000
8.5135 	EXP 	Sound sound_digit2 set volume 1.000
8.5279 	EXP 	Sound sound_digit3 set volume 1.000
8.5302 	EXP 	Created disp_answer = TextStim(__class__=<class 'psychopy.visual.text.TextStim'>, alignHoriz=method-wrapper(...), alignText='center', alignVert=method-wrapper(...), anchorHoriz='center', anchorVert='center', antialias=True, autoLog=True, bold=False, color=array([-1., -1., -1.]), colorSpace='rgb', contrast=1.0, depth=-2.0, flipHoriz=False, flipVert=False, font='Arial', fontFiles=[], height=0.1, italic=False, languageStyle='LTR', name='disp_answer', opacity=1, ori=0, pos=array([0., 0.]), rgb=UNKNOWN, text='', units='height', win=Window(...), wrapWidth=1)
8.5320 	EXP 	Created text_nextblock = TextStim(__class__=<class 'psychopy.visual.text.TextStim'>, alignHoriz=method-wrapper(...), alignText='center', alignVert=method-wrapper(...), anchorHoriz='center', anchorVert='center', antialias=True, autoLog=True, bold=False, color=array([-1., -1., -1.]), colorSpace='rgb', contrast=1.0, depth=-1.0, flipHoriz=False, flipVert=False, font='Arial', fontFiles=[], height=0.05, italic=False, languageStyle='LTR', name='text_nextblock', opacity=1.0, ori=0.0, pos=array([0., 0.]), rgb=UNKNOWN, text='', units='height', win=Window(...), wrapWidth=1)
8.6379 	EXP 	Instructions_Background_Noise: autoDraw = True
9.2036 	DATA 	Keypress: return
9.2057 	EXP 	Sound  started
9.2195 	EXP 	Instructions_Background_Noise: autoDraw = False
9.2195 	EXP 	Fixation_cross_Test: autoDraw = True
9.5732 	DATA 	Keypress: return
14.2285 	EXP 	Sound  stopped
14.2291 	EXP 	Created sequence: sequential, trialTypes=1, nReps=100, seed=None
14.2300 	EXP 	New trial (rep=0, index=0): None
14.2510 	EXP 	Fixation_cross_Test: autoDraw = False
14.2510 	EXP 	text_practice: autoDraw = True
14.9321 	EXP 	Imported data/practice_trials.xlsx as conditions, 1 conditions, 5 params
14.9325 	EXP 	Created sequence: sequential, trialTypes=1, nReps=1, seed=None
14.9330 	EXP 	New trial (rep=0, index=0): {'TrialID': 0.0, 'NFB_digit1': 6.0, 'NFB_digit2': 2.0, 'NFB_digit3': 4.0, 'Speaker_trial': 33.0}
14.9365 	EXP 	Sound Digit1_clear started
14.9386 	DATA 	Keypress: return
14.9506 	EXP 	text_practice: autoDraw = False
15.4220 	EXP 	Sound Digit1_clear reached end of file
15.4221 	EXP 	Sound Digit2_clear started
15.9048 	EXP 	Sound Digit2_clear reached end of file
15.9049 	EXP 	Sound Digit3_clear started
16.3775 	EXP 	Sound Digit3_clear reached end of file
16.3807 	EXP 	Created sequence: sequential, trialTypes=1, nReps=3, seed=None
16.3810 	EXP 	New trial (rep=0, index=0): None
16.4000 	EXP 	text_practice_resp: autoDraw = True
16.8216 	DATA 	Keypress: return
16.8471 	EXP 	New trial (rep=1, index=0): None
16.8666 	EXP 	text_practice_resp: autoDraw = False
16.8666 	EXP 	text_practice_resp: autoDraw = True
16.9885 	DATA 	Keypress: return
17.0066 	EXP 	New trial (rep=2, index=0): None
17.0165 	EXP 	text_practice_resp: autoDraw = False
17.0165 	EXP 	text_practice_resp: autoDraw = True
17.1383 	DATA 	Keypress: return
17.1664 	EXP 	text_practice_resp: autoDraw = False
17.1664 	EXP 	text_practice_repeat: autoDraw = True
18.2377 	DATA 	Keypress: return
18.2547 	EXP 	Created sequence: sequential, trialTypes=1, nReps=100, seed=None
18.2555 	EXP 	New trial (rep=0, index=0): None
18.2660 	EXP 	text_practice_repeat: autoDraw = False
18.2660 	EXP 	text_calibration: autoDraw = True
18.8384 	DATA 	Keypress: return
18.8527 	EXP 	Sound  set loops 1
18.8528 	EXP 	Sound  started
19.5989 	EXP 	text_calibration: autoDraw = False
19.5989 	EXP 	Fix_cross_calibration: autoDraw = True
19.5989 	EXP 	text: autoDraw = True
39.9140 	EXP 	Sound  stopped
39.9413 	EXP 	Fix_cross_calibration: autoDraw = False
39.9413 	EXP 	text: autoDraw = False
39.9413 	EXP 	text_calibration_repeat: autoDraw = True
42.3290 	DATA 	Keypress: return
42.3569 	EXP 	text_calibration_repeat: autoDraw = False
42.3569 	EXP 	text_break: autoDraw = True
43.0787 	DATA 	Keypress: return
43.1123 	EXP 	Imported data/Stimuli_exp_cond.xlsx as conditions, 32 conditions, 8 params
43.1129 	EXP 	Created sequence: sequential, trialTypes=32, nReps=1, seed=None
43.1133 	EXP 	New trial (rep=0, index=0): {'TrialID': 0.0, 'NFB_digit1': 1.0, 'NFB_digit2': 0.0, 'NFB_digit3': 2.0, 'Speaker_trial': 49.0, 'NV_trial': 1.0, 'Triggered_trial': 1.0, 'Jitter_trial': 0.0}
43.1159 	EXP 	Sound  set loops 2
43.1159 	EXP 	Sound  started
43.1400 	EXP 	text_break: autoDraw = False
43.1400 	EXP 	Fixation: autoDraw = True
43.1400 	EXP 	text_6: autoDraw = True
72.1965 	EXP 	Sound  stopped
72.1993 	EXP 	Sound  started
72.2123 	EXP 	Fixation: autoDraw = False
72.2123 	EXP 	text_6: autoDraw = False
72.2123 	EXP 	Fixation_Play: autoDraw = True
72.6861 	EXP 	Sound  reached end of file
72.6861 	EXP 	Sound  started
73.1697 	EXP 	Sound  reached end of file
73.1698 	EXP 	Sound  started
73.6118 	EXP 	Fixation_Play: autoDraw = False
73.6532 	EXP 	Sound  reached end of file
73.6550 	EXP 	Sound  started
73.6569 	EXP 	Created sequence: sequential, trialTypes=1, nReps=3, seed=None
73.6571 	EXP 	New trial (rep=0, index=0): None
73.6572 	EXP 	Sound  started
73.6784 	EXP 	Fixation_Play: autoDraw = False
73.6784 	EXP 	disp_answer: autoDraw = True
75.8163 	DATA 	Keypress: return
75.8359 	EXP 	New trial (rep=1, index=0): None
75.8360 	EXP 	Sound  started
75.8442 	EXP 	disp_answer: autoDraw = False
75.8442 	EXP 	disp_answer: autoDraw = True
75.9993 	DATA 	Keypress: return
76.0355 	EXP 	New trial (rep=2, index=0): None
76.0356 	EXP 	Sound  started
76.0441 	EXP 	disp_answer: autoDraw = False
76.0441 	EXP 	disp_answer: autoDraw = True
76.1662 	DATA 	Keypress: return
76.2013 	EXP 	Sound  started
76.2025 	EXP 	New trial (rep=0, index=1): {'TrialID': 1.0, 'NFB_digit1': 1.0, 'NFB_digit2': 8.0, 'NFB_digit3': 2.0, 'Speaker_trial': 49.0, 'NV_trial': 1.0, 'Triggered_trial': 0.0, 'Jitter_trial': -1.0}
76.2052 	EXP 	Sound  started
76.2274 	EXP 	disp_answer: autoDraw = False
76.2274 	EXP 	text_nextblock: text = ''
76.2274 	EXP 	text_nextblock: autoDraw = False
76.2274 	EXP 	Fixation: autoDraw = True
76.2274 	EXP 	text_6: autoDraw = True
80.2808 	EXP 	Sound  stopped
80.2833 	EXP 	Sound  started
80.2926 	EXP 	Fixation: autoDraw = False
80.2926 	EXP 	text_6: autoDraw = False
80.2926 	EXP 	Fixation_Play: autoDraw = True
80.7708 	EXP 	Sound  reached end of file
80.7709 	EXP 	Sound  started
81.2544 	EXP 	Sound  reached end of file
81.2545 	EXP 	Sound  started
81.6921 	EXP 	Fixation_Play: autoDraw = False
81.7271 	EXP 	Sound  reached end of file
81.7288 	EXP 	Sound  started
81.7302 	EXP 	Created sequence: sequential, trialTypes=1, nReps=3, seed=None
81.7305 	EXP 	New trial (rep=0, index=0): None
81.7305 	EXP 	Sound  started
81.7420 	EXP 	Fixation_Play: autoDraw = False
81.7420 	EXP 	disp_answer: autoDraw = True
86.2961 	DATA 	Keypress: return
86.3145 	EXP 	New trial (rep=1, index=0): None
86.3146 	EXP 	Sound  started
86.3236 	EXP 	disp_answer: autoDraw = False
86.3236 	EXP 	disp_answer: autoDraw = True
86.4460 	DATA 	Keypress: return
86.4642 	EXP 	New trial (rep=2, index=0): None
86.4643 	EXP 	Sound  started
86.4735 	EXP 	disp_answer: autoDraw = False
86.4735 	EXP 	disp_answer: autoDraw = True
86.5960 	DATA 	Keypress: return
86.6140 	EXP 	Sound  started
86.6148 	EXP 	New trial (rep=0, index=2): {'TrialID': 2.0, 'NFB_digit1': 3.0, 'NFB_digit2': 2.0, 'NFB_digit3': 1.0, 'Speaker_trial': 13.0, 'NV_trial': 1.0, 'Triggered_trial': 1.0, 'Jitter_trial': 0.0}
86.6174 	EXP 	Sound  started
86.6402 	EXP 	disp_answer: autoDraw = False
86.6402 	EXP 	text_nextblock: text = ''
86.6402 	EXP 	text_nextblock: autoDraw = False
86.6402 	EXP 	Fixation: autoDraw = True
86.6402 	EXP 	text_6: autoDraw = True
94.9785 	EXP 	Sound  stopped
94.9810 	EXP 	Sound  started
94.9870 	EXP 	Fixation: autoDraw = False
94.9870 	EXP 	text_6: autoDraw = False
94.9870 	EXP 	Fixation_Play: autoDraw = True
95.4575 	EXP 	Sound  reached end of file
95.4576 	EXP 	Sound  started
95.9408 	EXP 	Sound  reached end of file
95.9408 	EXP 	Sound  started
96.3865 	EXP 	Fixation_Play: autoDraw = False
96.4245 	EXP 	Sound  reached end of file
96.4262 	EXP 	Sound  started
96.4276 	EXP 	Created sequence: sequential, trialTypes=1, nReps=3, seed=None
96.4278 	EXP 	New trial (rep=0, index=0): None
96.4279 	EXP 	Sound  started
96.4364 	EXP 	Fixation_Play: autoDraw = False
96.4364 	EXP 	disp_answer: autoDraw = True
97.5748 	DATA 	Keypress: return
97.6103 	EXP 	New trial (rep=1, index=0): None
97.6104 	EXP 	Sound  started
97.6193 	EXP 	disp_answer: autoDraw = False
97.6193 	EXP 	disp_answer: autoDraw = True
97.7419 	DATA 	Keypress: return
97.7769 	EXP 	New trial (rep=2, index=0): None
97.7770 	EXP 	Sound  started
97.7859 	EXP 	disp_answer: autoDraw = False
97.7859 	EXP 	disp_answer: autoDraw = True
97.8916 	DATA 	Keypress: return
97.9098 	EXP 	Sound  started
97.9106 	EXP 	New trial (rep=0, index=3): {'TrialID': 3.0, 'NFB_digit1': 9.0, 'NFB_digit2': 9.0, 'NFB_digit3': 3.0, 'Speaker_trial': 13.0, 'NV_trial': 1.0, 'Triggered_trial': 0.0, 'Jitter_trial': 2.0}
97.9134 	EXP 	Sound  started
97.9359 	EXP 	disp_answer: autoDraw = False
97.9359 	EXP 	text_nextblock: text = ''
97.9359 	EXP 	text_nextblock: autoDraw = False
97.9359 	EXP 	Fixation: autoDraw = True
97.9359 	EXP 	text_6: autoDraw = True
108.3487 	EXP 	Sound  stopped
108.3514 	EXP 	Sound  started
108.3653 	EXP 	Fixation: autoDraw = False
108.3653 	EXP 	text_6: autoDraw = False
108.3653 	EXP 	Fixation_Play: autoDraw = True
108.8387 	EXP 	Sound  reached end of file
108.8388 	EXP 	Sound  started
109.3224 	EXP 	Sound  reached end of file
109.3225 	EXP 	Sound  started
109.7648 	EXP 	Fixation_Play: autoDraw = False
109.7983 	EXP 	Sound  reached end of file
109.7997 	EXP 	Sound  started
109.8010 	EXP 	Created sequence: sequential, trialTypes=1, nReps=3, seed=None
109.8012 	EXP 	New trial (rep=0, index=0): None
109.8012 	EXP 	Sound  started
109.8147 	EXP 	Fixation_Play: autoDraw = False
109.8147 	EXP 	disp_answer: autoDraw = True
110.8863 	DATA 	Keypress: return
110.9058 	EXP 	New trial (rep=1, index=0): None
110.9059 	EXP 	Sound  started
110.9143 	EXP 	disp_answer: autoDraw = False
110.9143 	EXP 	disp_answer: autoDraw = True
111.0192 	DATA 	Keypress: return
111.0383 	EXP 	New trial (rep=2, index=0): None
111.0384 	EXP 	Sound  started
111.0476 	EXP 	disp_answer: autoDraw = False
111.0476 	EXP 	disp_answer: autoDraw = True
111.1692 	DATA 	Keypress: return
111.1883 	EXP 	Sound  started
111.1890 	EXP 	New trial (rep=0, index=4): {'TrialID': 4.0, 'NFB_digit1': 1.0, 'NFB_digit2': 8.0, 'NFB_digit3': 2.0, 'Speaker_trial': 21.0, 'NV_trial': 1.0, 'Triggered_trial': 1.0, 'Jitter_trial': 0.0}
111.1916 	EXP 	Sound  started
111.2142 	EXP 	disp_answer: autoDraw = False
111.2142 	EXP 	text_nextblock: text = ''
111.2142 	EXP 	text_nextblock: autoDraw = False
111.2142 	EXP 	Fixation: autoDraw = True
111.2142 	EXP 	text_6: autoDraw = True
120.7168 	EXP 	Sound  stopped
120.7193 	EXP 	Sound  started
120.7272 	EXP 	Fixation: autoDraw = False
120.7272 	EXP 	text_6: autoDraw = False
120.7272 	EXP 	Fixation_Play: autoDraw = True
121.1967 	EXP 	Sound  reached end of file
121.1967 	EXP 	Sound  started
121.6789 	EXP 	Sound  reached end of file
121.6790 	EXP 	Sound  started
122.1268 	EXP 	Fixation_Play: autoDraw = False
122.1618 	EXP 	Sound  reached end of file
122.1635 	EXP 	Sound  started
122.1649 	EXP 	Created sequence: sequential, trialTypes=1, nReps=3, seed=None
122.1651 	EXP 	New trial (rep=0, index=0): None
122.1652 	EXP 	Sound  started
122.1768 	EXP 	Fixation_Play: autoDraw = False
122.1768 	EXP 	disp_answer: autoDraw = True
124.8645 	DATA 	Keypress: return
124.8840 	EXP 	New trial (rep=1, index=0): None
124.8841 	EXP 	Sound  started
124.8924 	EXP 	disp_answer: autoDraw = False
124.8924 	EXP 	disp_answer: autoDraw = True
125.0474 	DATA 	Keypress: return
125.0665 	EXP 	New trial (rep=2, index=0): None
125.0666 	EXP 	Sound  started
125.0756 	EXP 	disp_answer: autoDraw = False
125.0756 	EXP 	disp_answer: autoDraw = True
125.1813 	DATA 	Keypress: return
125.1994 	EXP 	Sound  started
125.2001 	EXP 	New trial (rep=0, index=5): {'TrialID': 5.0, 'NFB_digit1': 0.0, 'NFB_digit2': 2.0, 'NFB_digit3': 2.0, 'Speaker_trial': 14.0, 'NV_trial': 1.0, 'Triggered_trial': 0.0, 'Jitter_trial': 1.0}
125.2028 	EXP 	Sound  started
125.2256 	EXP 	disp_answer: autoDraw = False
125.2256 	EXP 	text_nextblock: text = ''
125.2256 	EXP 	text_nextblock: autoDraw = False
125.2256 	EXP 	Fixation: autoDraw = True
125.2256 	EXP 	text_6: autoDraw = True
135.8121 	EXP 	Sound  stopped
135.8147 	EXP 	Sound  started
135.8216 	EXP 	Fixation: autoDraw = False
135.8216 	EXP 	text_6: autoDraw = False
135.8216 	EXP 	Fixation_Play: autoDraw = True
136.3017 	EXP 	Sound  reached end of file
136.3017 	EXP 	Sound  started
136.7854 	EXP 	Sound  reached end of file
136.7855 	EXP 	Sound  started
137.2211 	EXP 	Fixation_Play: autoDraw = False
137.2691 	EXP 	Sound  reached end of file
137.2708 	EXP 	Sound  started
137.2721 	EXP 	Created sequence: sequential, trialTypes=1, nReps=3, seed=None
137.2723 	EXP 	New trial (rep=0, index=0): None
137.2724 	EXP 	Sound  started
137.2877 	EXP 	Fixation_Play: autoDraw = False
137.2877 	EXP 	disp_answer: autoDraw = True
138.7263 	DATA 	Keypress: return
138.7617 	EXP 	New trial (rep=1, index=0): None
138.7618 	EXP 	Sound  started
138.7704 	EXP 	disp_answer: autoDraw = False
138.7704 	EXP 	disp_answer: autoDraw = True
138.9091 	DATA 	Keypress: return
138.9443 	EXP 	New trial (rep=2, index=0): None
138.9444 	EXP 	Sound  started
138.9537 	EXP 	disp_answer: autoDraw = False
138.9537 	EXP 	disp_answer: autoDraw = True
139.0592 	DATA 	Keypress: return
139.0781 	EXP 	Sound  started
139.0788 	EXP 	New trial (rep=0, index=6): {'TrialID': 6.0, 'NFB_digit1': 3.0, 'NFB_digit2': 1.0, 'NFB_digit3': 4.0, 'Speaker_trial': 14.0, 'NV_trial': 1.0, 'Triggered_trial': 1.0, 'Jitter_trial': 0.0}
139.0815 	EXP 	Sound  started
139.1037 	EXP 	disp_answer: autoDraw = False
139.1037 	EXP 	text_nextblock: text = ''
139.1037 	EXP 	text_nextblock: autoDraw = False
139.1037 	EXP 	Fixation: autoDraw = True
139.1037 	EXP 	text_6: autoDraw = True
156.8063 	EXP 	Sound  stopped
156.8089 	EXP 	Sound  started
156.8135 	EXP 	Fixation: autoDraw = False
156.8135 	EXP 	text_6: autoDraw = False
156.8135 	EXP 	Fixation_Play: autoDraw = True
157.2970 	EXP 	Sound  reached end of file
157.2971 	EXP 	Sound  started
157.7802 	EXP 	Sound  reached end of file
157.7803 	EXP 	Sound  started
158.2131 	EXP 	Fixation_Play: autoDraw = False
158.2632 	EXP 	Sound  reached end of file
158.2633 	EXP 	Sound  started
158.2648 	EXP 	Created sequence: sequential, trialTypes=1, nReps=3, seed=None
158.2650 	EXP 	New trial (rep=0, index=0): None
158.2651 	EXP 	Sound  started
158.2797 	EXP 	Fixation_Play: autoDraw = False
158.2797 	EXP 	disp_answer: autoDraw = True
159.4181 	DATA 	Keypress: return
159.4374 	EXP 	New trial (rep=1, index=0): None
159.4375 	EXP 	Sound  started
159.4459 	EXP 	disp_answer: autoDraw = False
159.4459 	EXP 	disp_answer: autoDraw = True
159.5849 	DATA 	Keypress: return
159.6031 	EXP 	New trial (rep=2, index=0): None
159.6032 	EXP 	Sound  started
159.6125 	EXP 	disp_answer: autoDraw = False
159.6125 	EXP 	disp_answer: autoDraw = True
159.7508 	DATA 	Keypress: return
159.7699 	EXP 	Sound  started
159.7707 	EXP 	New trial (rep=0, index=7): {'TrialID': 7.0, 'NFB_digit1': 3.0, 'NFB_digit2': 0.0, 'NFB_digit3': 2.0, 'Speaker_trial': 10.0, 'NV_trial': 1.0, 'Triggered_trial': 0.0, 'Jitter_trial': -2.0}
159.7734 	EXP 	Sound  started
159.7959 	EXP 	disp_answer: autoDraw = False
159.7959 	EXP 	text_nextblock: text = ''
159.7959 	EXP 	text_nextblock: autoDraw = False
159.7959 	EXP 	Fixation: autoDraw = True
159.7959 	EXP 	text_6: autoDraw = True
162.8261 	EXP 	Sound  stopped
162.8288 	EXP 	Sound  started
162.8447 	EXP 	Fixation: autoDraw = False
162.8447 	EXP 	text_6: autoDraw = False
162.8447 	EXP 	Fixation_Play: autoDraw = True
163.3151 	EXP 	Sound  reached end of file
163.3152 	EXP 	Sound  started
163.7985 	EXP 	Sound  reached end of file
163.7985 	EXP 	Sound  started
164.2442 	EXP 	Fixation_Play: autoDraw = False
164.2821 	EXP 	Sound  reached end of file
164.2839 	EXP 	Sound  started
164.2852 	EXP 	Created sequence: sequential, trialTypes=1, nReps=3, seed=None
164.2854 	EXP 	New trial (rep=0, index=0): None
164.2855 	EXP 	Sound  started
164.2941 	EXP 	Fixation_Play: autoDraw = False
164.2941 	EXP 	disp_answer: autoDraw = True
164.9827 	DATA 	Keypress: return
165.0010 	EXP 	New trial (rep=1, index=0): None
165.0011 	EXP 	Sound  started
165.0105 	EXP 	disp_answer: autoDraw = False
165.0105 	EXP 	disp_answer: autoDraw = True
165.1496 	DATA 	Keypress: return
165.1847 	EXP 	New trial (rep=2, index=0): None
165.1848 	EXP 	Sound  started
165.1938 	EXP 	disp_answer: autoDraw = False
165.1938 	EXP 	disp_answer: autoDraw = True
165.3160 	DATA 	Keypress: return
165.3514 	EXP 	Sound  stopped
165.3534 	EXP 	Sound  started
165.4104 	EXP 	disp_answer: autoDraw = False
165.4104 	EXP 	text_nextblock: text = 'Du hast den ersten Block geschafft, Glückwunsch! Du kannst Dich kurz entspannen, wenn nötig.\n        \n        Sobald Du bereit bist, um den nächsten Block zu starten, kannst Du auf "Enter" drücken.\n        \n        Weiterhin gilt: Solange das Fixationskreuz sichtbar ist, bewege Dich bitte nicht.'
165.4104 	EXP 	text_nextblock: autoDraw = True
166.6981 	EXP 	New trial (rep=0, index=8): {'TrialID': 8.0, 'NFB_digit1': 0.0, 'NFB_digit2': 4.0, 'NFB_digit3': 2.0, 'Speaker_trial': 33.0, 'NV_trial': 1.0, 'Triggered_trial': 1.0, 'Jitter_trial': 0.0}
166.7010 	EXP 	Sound  started
166.7091 	DATA 	Keypress: return
166.7265 	EXP 	text_nextblock: autoDraw = False
166.7265 	EXP 	Fixation: autoDraw = True
166.7265 	EXP 	text_6: autoDraw = True
170.1183 	EXP 	Sound  stopped
170.1207 	EXP 	Sound  started
170.1419 	EXP 	Fixation: autoDraw = False
170.1419 	EXP 	text_6: autoDraw = False
170.1419 	EXP 	Fixation_Play: autoDraw = True
170.6086 	EXP 	Sound  reached end of file
170.6087 	EXP 	Sound  started
171.0918 	EXP 	Sound  reached end of file
171.0919 	EXP 	Sound  started
171.5414 	EXP 	Fixation_Play: autoDraw = False
171.5750 	EXP 	Sound  reached end of file
171.5751 	EXP 	Sound  started
171.5765 	EXP 	Created sequence: sequential, trialTypes=1, nReps=3, seed=None
171.5767 	EXP 	New trial (rep=0, index=0): None
171.5768 	EXP 	Sound  started
171.5914 	EXP 	Fixation_Play: autoDraw = False
171.5914 	EXP 	disp_answer: autoDraw = True
172.5968 	DATA 	Keypress: return
172.6152 	EXP 	New trial (rep=1, index=0): None
172.6153 	EXP 	Sound  started
172.6243 	EXP 	disp_answer: autoDraw = False
172.6243 	EXP 	disp_answer: autoDraw = True
172.7297 	DATA 	Keypress: return
172.7488 	EXP 	New trial (rep=2, index=0): None
172.7489 	EXP 	Sound  started
172.7576 	EXP 	disp_answer: autoDraw = False
172.7576 	EXP 	disp_answer: autoDraw = True
172.8966 	DATA 	Keypress: return
172.9137 	EXP 	Sound  started
172.9148 	EXP 	New trial (rep=0, index=9): {'TrialID': 9.0, 'NFB_digit1': 1.0, 'NFB_digit2': 1.0, 'NFB_digit3': 2.0, 'Speaker_trial': 13.0, 'NV_trial': 1.0, 'Triggered_trial': 0.0, 'Jitter_trial': -0.0}
172.9175 	EXP 	Sound  started
172.9409 	EXP 	disp_answer: autoDraw = False
172.9409 	EXP 	text_nextblock: text = ''
172.9409 	EXP 	text_nextblock: autoDraw = False
172.9409 	EXP 	Fixation: autoDraw = True
172.9409 	EXP 	text_6: autoDraw = True
176.3879 	EXP 	Sound  stopped
176.3906 	EXP 	Sound  started
176.4062 	EXP 	Fixation: autoDraw = False
176.4062 	EXP 	text_6: autoDraw = False
176.4062 	EXP 	Fixation_Play: autoDraw = True
176.8669 	EXP 	Sound  reached end of file
176.8670 	EXP 	Sound  started
177.3502 	EXP 	Sound  reached end of file
177.3503 	EXP 	Sound  started
177.8057 	EXP 	Fixation_Play: autoDraw = False
177.8334 	EXP 	Sound  reached end of file
177.8352 	EXP 	Sound  started
177.8364 	EXP 	Created sequence: sequential, trialTypes=1, nReps=3, seed=None
177.8366 	EXP 	New trial (rep=0, index=0): None
177.8367 	EXP 	Sound  started
177.8557 	EXP 	Fixation_Play: autoDraw = False
177.8557 	EXP 	disp_answer: autoDraw = True
178.4775 	DATA 	Keypress: return
178.5129 	EXP 	New trial (rep=1, index=0): None
178.5130 	EXP 	Sound  started
178.5221 	EXP 	disp_answer: autoDraw = False
178.5221 	EXP 	disp_answer: autoDraw = True
178.6444 	DATA 	Keypress: return
178.6795 	EXP 	New trial (rep=2, index=0): None
178.6796 	EXP 	Sound  started
178.6886 	EXP 	disp_answer: autoDraw = False
178.6886 	EXP 	disp_answer: autoDraw = True
178.8112 	DATA 	Keypress: return
178.8293 	EXP 	Sound  started
178.8301 	EXP 	New trial (rep=0, index=10): {'TrialID': 10.0, 'NFB_digit1': 5.0, 'NFB_digit2': 1.0, 'NFB_digit3': 3.0, 'Speaker_trial': 49.0, 'NV_trial': 1.0, 'Triggered_trial': 1.0, 'Jitter_trial': 0.0}
178.8329 	EXP 	Sound  started
178.8553 	EXP 	disp_answer: autoDraw = False
178.8553 	EXP 	text_nextblock: text = ''
178.8553 	EXP 	text_nextblock: autoDraw = False
178.8553 	EXP 	Fixation: autoDraw = True
178.8553 	EXP 	text_6: autoDraw = True
181.4412 	EXP 	Sound  stopped
181.4436 	EXP 	Sound  started
181.4544 	EXP 	Fixation: autoDraw = False
181.4544 	EXP 	text_6: autoDraw = False
181.4544 	EXP 	Fixation_Play: autoDraw = True
181.9312 	EXP 	Sound  reached end of file
181.9313 	EXP 	Sound  started
182.4149 	EXP 	Sound  reached end of file
182.4149 	EXP 	Sound  started
182.8538 	EXP 	Fixation_Play: autoDraw = False
182.8867 	EXP 	Sound  reached end of file
182.8868 	EXP 	Sound  started
182.8881 	EXP 	Created sequence: sequential, trialTypes=1, nReps=3, seed=None
182.8883 	EXP 	New trial (rep=0, index=0): None
182.8884 	EXP 	Sound  started
182.9037 	EXP 	Fixation_Play: autoDraw = False
182.9037 	EXP 	disp_answer: autoDraw = True
183.8759 	DATA 	Keypress: return
183.9111 	EXP 	New trial (rep=1, index=0): None
183.9112 	EXP 	Sound  started
183.9200 	EXP 	disp_answer: autoDraw = False
183.9200 	EXP 	disp_answer: autoDraw = True
184.0586 	DATA 	Keypress: return
184.0778 	EXP 	New trial (rep=2, index=0): None
184.0779 	EXP 	Sound  started
184.0866 	EXP 	disp_answer: autoDraw = False
184.0866 	EXP 	disp_answer: autoDraw = True
184.1916 	DATA 	Keypress: return
184.2106 	EXP 	Sound  started
184.2113 	EXP 	New trial (rep=0, index=11): {'TrialID': 11.0, 'NFB_digit1': 5.0, 'NFB_digit2': 5.0, 'NFB_digit3': 8.0, 'Speaker_trial': 33.0, 'NV_trial': 1.0, 'Triggered_trial': 0.0, 'Jitter_trial': -2.0}
184.2140 	EXP 	Sound  started
184.2366 	EXP 	disp_answer: autoDraw = False
184.2366 	EXP 	text_nextblock: text = ''
184.2366 	EXP 	text_nextblock: autoDraw = False
184.2366 	EXP 	Fixation: autoDraw = True
184.2366 	EXP 	text_6: autoDraw = True
186.3066 	EXP 	Sound  stopped
186.3091 	EXP 	Sound  started
186.3191 	EXP 	Fixation: autoDraw = False
186.3191 	EXP 	text_6: autoDraw = False
186.3191 	EXP 	Fixation_Play: autoDraw = True
186.7859 	EXP 	Sound  reached end of file
186.7860 	EXP 	Sound  started
187.2690 	EXP 	Sound  reached end of file
187.2690 	EXP 	Sound  started
187.7186 	EXP 	Fixation_Play: autoDraw = False
187.7519 	EXP 	Sound  reached end of file
187.7520 	EXP 	Sound  started
187.7534 	EXP 	Created sequence: sequential, trialTypes=1, nReps=3, seed=None
187.7536 	EXP 	New trial (rep=0, index=0): None
187.7537 	EXP 	Sound  started
187.7686 	EXP 	Fixation_Play: autoDraw = False
187.7686 	EXP 	disp_answer: autoDraw = True
188.4733 	DATA 	Keypress: return
188.4927 	EXP 	New trial (rep=1, index=0): None
188.4928 	EXP 	Sound  started
188.5016 	EXP 	disp_answer: autoDraw = False
188.5016 	EXP 	disp_answer: autoDraw = True
188.6403 	DATA 	Keypress: return
188.6593 	EXP 	New trial (rep=2, index=0): None
188.6594 	EXP 	Sound  started
188.6682 	EXP 	disp_answer: autoDraw = False
188.6682 	EXP 	disp_answer: autoDraw = True
188.7740 	DATA 	Keypress: return
188.7911 	EXP 	Sound  started
188.7918 	EXP 	New trial (rep=0, index=12): {'TrialID': 12.0, 'NFB_digit1': 9.0, 'NFB_digit2': 5.0, 'NFB_digit3': 2.0, 'Speaker_trial': 21.0, 'NV_trial': 1.0, 'Triggered_trial': 1.0, 'Jitter_trial': 0.0}
188.7945 	EXP 	Sound  started
188.8182 	EXP 	disp_answer: autoDraw = False
188.8182 	EXP 	text_nextblock: text = ''
188.8182 	EXP 	text_nextblock: autoDraw = False
188.8182 	EXP 	Fixation: autoDraw = True
188.8182 	EXP 	text_6: autoDraw = True
197.2461 	EXP 	Sound  stopped
197.2488 	EXP 	Sound  started
197.2650 	EXP 	Fixation: autoDraw = False
197.2650 	EXP 	text_6: autoDraw = False
197.2650 	EXP 	Fixation_Play: autoDraw = True
197.7317 	EXP 	Sound  reached end of file
197.7318 	EXP 	Sound  started
198.2198 	EXP 	Sound  reached end of file
198.2199 	EXP 	Sound  started
198.6644 	EXP 	Fixation_Play: autoDraw = False
198.7033 	EXP 	Sound  reached end of file
198.7050 	EXP 	Sound  started
198.7063 	EXP 	Created sequence: sequential, trialTypes=1, nReps=3, seed=None
198.7066 	EXP 	New trial (rep=0, index=0): None
198.7066 	EXP 	Sound  started
198.7144 	EXP 	Fixation_Play: autoDraw = False
198.7144 	EXP 	disp_answer: autoDraw = True
199.4032 	DATA 	Keypress: return
199.4217 	EXP 	New trial (rep=1, index=0): None
199.4218 	EXP 	Sound  started
199.4308 	EXP 	disp_answer: autoDraw = False
199.4308 	EXP 	disp_answer: autoDraw = True
199.5693 	DATA 	Keypress: return
199.5884 	EXP 	New trial (rep=2, index=0): None
199.5885 	EXP 	Sound  started
199.5975 	EXP 	disp_answer: autoDraw = False
199.5975 	EXP 	disp_answer: autoDraw = True
199.7027 	DATA 	Keypress: return
199.7218 	EXP 	Sound  started
199.7225 	EXP 	New trial (rep=0, index=13): {'TrialID': 13.0, 'NFB_digit1': 3.0, 'NFB_digit2': 1.0, 'NFB_digit3': 1.0, 'Speaker_trial': 1.0, 'NV_trial': 1.0, 'Triggered_trial': 0.0, 'Jitter_trial': 1.0}
199.7251 	EXP 	Sound  started
199.7474 	EXP 	disp_answer: autoDraw = False
199.7474 	EXP 	text_nextblock: text = ''
199.7474 	EXP 	text_nextblock: autoDraw = False
199.7474 	EXP 	Fixation: autoDraw = True
199.7474 	EXP 	text_6: autoDraw = True
209.2207 	EXP 	Sound  stopped
209.2233 	EXP 	Sound  started
209.2439 	EXP 	Fixation: autoDraw = False
209.2439 	EXP 	text_6: autoDraw = False
209.2439 	EXP 	Fixation_Play: autoDraw = True
209.7105 	EXP 	Sound  reached end of file
209.7105 	EXP 	Sound  started
210.1941 	EXP 	Sound  reached end of file
210.1942 	EXP 	Sound  started
210.6433 	EXP 	Fixation_Play: autoDraw = False
210.6779 	EXP 	Sound  reached end of file
210.6796 	EXP 	Sound  started
210.6810 	EXP 	Created sequence: sequential, trialTypes=1, nReps=3, seed=None
210.6812 	EXP 	New trial (rep=0, index=0): None
210.6813 	EXP 	Sound  started
210.6932 	EXP 	Fixation_Play: autoDraw = False
210.6932 	EXP 	disp_answer: autoDraw = True
211.2315 	DATA 	Keypress: return
211.2508 	EXP 	New trial (rep=1, index=0): None
211.2509 	EXP 	Sound  started
211.2597 	EXP 	disp_answer: autoDraw = False
211.2597 	EXP 	disp_answer: autoDraw = True
211.3985 	DATA 	Keypress: return
211.4176 	EXP 	New trial (rep=2, index=0): None
211.4177 	EXP 	Sound  started
211.4263 	EXP 	disp_answer: autoDraw = False
211.4263 	EXP 	disp_answer: autoDraw = True
211.5484 	DATA 	Keypress: return
211.5674 	EXP 	Sound  started
211.5681 	EXP 	New trial (rep=0, index=14): {'TrialID': 14.0, 'NFB_digit1': 5.0, 'NFB_digit2': 9.0, 'NFB_digit3': 8.0, 'Speaker_trial': 33.0, 'NV_trial': 1.0, 'Triggered_trial': 1.0, 'Jitter_trial': 0.0}
211.5710 	EXP 	Sound  started
211.5929 	EXP 	disp_answer: autoDraw = False
211.5929 	EXP 	text_nextblock: text = ''
211.5929 	EXP 	text_nextblock: autoDraw = False
211.5929 	EXP 	Fixation: autoDraw = True
211.5929 	EXP 	text_6: autoDraw = True
213.6372 	EXP 	Sound  stopped
213.6399 	EXP 	Sound  started
213.6589 	EXP 	Fixation: autoDraw = False
213.6589 	EXP 	text_6: autoDraw = False
213.6589 	EXP 	Fixation_Play: autoDraw = True
214.1162 	EXP 	Sound  reached end of file
214.1163 	EXP 	Sound  started
214.6000 	EXP 	Sound  reached end of file
214.6000 	EXP 	Sound  started
215.0584 	EXP 	Fixation_Play: autoDraw = False
215.0836 	EXP 	Sound  reached end of file
215.0854 	EXP 	Sound  started
215.0867 	EXP 	Created sequence: sequential, trialTypes=1, nReps=3, seed=None
215.0869 	EXP 	New trial (rep=0, index=0): None
215.0870 	EXP 	Sound  started
215.1082 	EXP 	Fixation_Play: autoDraw = False
215.1082 	EXP 	disp_answer: autoDraw = True
215.9800 	DATA 	Keypress: return
215.9994 	EXP 	New trial (rep=1, index=0): None
215.9995 	EXP 	Sound  started
216.0079 	EXP 	disp_answer: autoDraw = False
216.0079 	EXP 	disp_answer: autoDraw = True
216.1300 	DATA 	Keypress: return
216.1490 	EXP 	New trial (rep=2, index=0): None
216.1491 	EXP 	Sound  started
216.1578 	EXP 	disp_answer: autoDraw = False
216.1578 	EXP 	disp_answer: autoDraw = True
216.2799 	DATA 	Keypress: return
216.2978 	EXP 	Sound  started
216.2985 	EXP 	New trial (rep=0, index=15): {'TrialID': 15.0, 'NFB_digit1': 5.0, 'NFB_digit2': 4.0, 'NFB_digit3': 4.0, 'Speaker_trial': 10.0, 'NV_trial': 1.0, 'Triggered_trial': 0.0, 'Jitter_trial': -1.0}
216.3014 	EXP 	Sound  started
216.3244 	EXP 	disp_answer: autoDraw = False
216.3244 	EXP 	text_nextblock: text = ''
216.3244 	EXP 	text_nextblock: autoDraw = False
216.3244 	EXP 	Fixation: autoDraw = True
216.3244 	EXP 	text_6: autoDraw = True
218.3726 	EXP 	Sound  stopped
218.3754 	EXP 	Sound  started
218.3903 	EXP 	Fixation: autoDraw = False
218.3903 	EXP 	text_6: autoDraw = False
218.3903 	EXP 	Fixation_Play: autoDraw = True
218.8611 	EXP 	Sound  reached end of file
218.8612 	EXP 	Sound  started
219.3448 	EXP 	Sound  reached end of file
219.3449 	EXP 	Sound  started
219.7898 	EXP 	Fixation_Play: autoDraw = False
219.8270 	EXP 	Sound  reached end of file
219.8288 	EXP 	Sound  started
219.8302 	EXP 	Created sequence: sequential, trialTypes=1, nReps=3, seed=None
219.8304 	EXP 	New trial (rep=0, index=0): None
219.8305 	EXP 	Sound  started
219.8398 	EXP 	Fixation_Play: autoDraw = False
219.8398 	EXP 	disp_answer: autoDraw = True
220.5780 	DATA 	Keypress: return
220.5964 	EXP 	New trial (rep=1, index=0): None
220.5965 	EXP 	Sound  started
220.6061 	EXP 	disp_answer: autoDraw = False
220.6061 	EXP 	disp_answer: autoDraw = True
220.7283 	DATA 	Keypress: return
220.7475 	EXP 	New trial (rep=2, index=0): None
220.7475 	EXP 	Sound  started
220.7561 	EXP 	disp_answer: autoDraw = False
220.7561 	EXP 	disp_answer: autoDraw = True
220.8953 	DATA 	Keypress: return
220.9306 	EXP 	Sound  stopped
220.9326 	EXP 	Sound  started
220.9727 	EXP 	disp_answer: autoDraw = False
220.9727 	EXP 	text_nextblock: text = 'Du hast den zweiten Block geschafft, Glückwunsch!\n        \n        Zeit für eine kurze Pause. Der/die VersuchsleiterIn wird in Kürze in den Raum kommen.\n        Sobald Du danach bereit bist, um den nächsten Block zu starten, kannst Du auf "Enter" drücken.'
220.9727 	EXP 	text_nextblock: autoDraw = True
221.0436 	EXP 	New trial (rep=0, index=16): {'TrialID': 16.0, 'NFB_digit1': 1.0, 'NFB_digit2': 5.0, 'NFB_digit3': 3.0, 'Speaker_trial': 1.0, 'NV_trial': 0.0, 'Triggered_trial': 1.0, 'Jitter_trial': 0.0}
221.0462 	EXP 	Sound  started
221.0544 	DATA 	Keypress: return
221.0727 	EXP 	text_nextblock: autoDraw = False
221.0727 	EXP 	Fixation: autoDraw = True
221.0727 	EXP 	text_6: autoDraw = True
238.0064 	EXP 	Sound  started
238.0163 	EXP 	Fixation: autoDraw = False
238.0163 	EXP 	text_6: autoDraw = False
238.0163 	EXP 	Fixation_Play: autoDraw = True
238.4776 	EXP 	Sound  reached end of file
238.4777 	EXP 	Sound  started
238.9609 	EXP 	Sound  reached end of file
238.9610 	EXP 	Sound  started
239.4157 	EXP 	Fixation_Play: autoDraw = False
239.4446 	EXP 	Sound  reached end of file
239.4475 	EXP 	Created sequence: sequential, trialTypes=1, nReps=3, seed=None
239.4478 	EXP 	New trial (rep=0, index=0): None
239.4479 	EXP 	Sound  started
239.4657 	EXP 	Fixation_Play: autoDraw = False
239.4657 	EXP 	disp_answer: autoDraw = True
240.4704 	DATA 	Keypress: return
240.4898 	EXP 	New trial (rep=1, index=0): None
240.4898 	EXP 	Sound  started
240.4986 	EXP 	disp_answer: autoDraw = False
240.4986 	EXP 	disp_answer: autoDraw = True
240.6373 	DATA 	Keypress: return
240.6724 	EXP 	New trial (rep=2, index=0): None
240.6725 	EXP 	Sound  started
240.6821 	EXP 	disp_answer: autoDraw = False
240.6821 	EXP 	disp_answer: autoDraw = True
240.8044 	DATA 	Keypress: return
240.8393 	EXP 	Sound  started
240.8403 	EXP 	New trial (rep=0, index=17): {'TrialID': 17.0, 'NFB_digit1': 1.0, 'NFB_digit2': 1.0, 'NFB_digit3': 3.0, 'Speaker_trial': 10.0, 'NV_trial': 0.0, 'Triggered_trial': 0.0, 'Jitter_trial': 1.0}
240.8430 	EXP 	Sound  started
240.8651 	EXP 	disp_answer: autoDraw = False
240.8651 	EXP 	text_nextblock: text = ''
240.8651 	EXP 	text_nextblock: autoDraw = False
240.8651 	EXP 	Fixation: autoDraw = True
240.8651 	EXP 	text_6: autoDraw = True
246.9014 	EXP 	Sound  started
246.9129 	EXP 	Fixation: autoDraw = False
246.9129 	EXP 	text_6: autoDraw = False
246.9129 	EXP 	Fixation_Play: autoDraw = True
247.3797 	EXP 	Sound  reached end of file
247.3798 	EXP 	Sound  started
247.8577 	EXP 	Sound  reached end of file
247.8578 	EXP 	Sound  started
248.3123 	EXP 	Fixation_Play: autoDraw = False
248.3409 	EXP 	Sound  reached end of file
248.3439 	EXP 	Created sequence: sequential, trialTypes=1, nReps=3, seed=None
248.3441 	EXP 	New trial (rep=0, index=0): None
248.3442 	EXP 	Sound  started
248.3623 	EXP 	Fixation_Play: autoDraw = False
248.3623 	EXP 	disp_answer: autoDraw = True
249.4510 	DATA 	Keypress: return
249.4696 	EXP 	New trial (rep=1, index=0): None
249.4697 	EXP 	Sound  started
249.4786 	EXP 	disp_answer: autoDraw = False
249.4786 	EXP 	disp_answer: autoDraw = True
249.6010 	DATA 	Keypress: return
249.6191 	EXP 	New trial (rep=2, index=0): None
249.6192 	EXP 	Sound  started
249.6285 	EXP 	disp_answer: autoDraw = False
249.6285 	EXP 	disp_answer: autoDraw = True
249.7669 	DATA 	Keypress: return
249.7850 	EXP 	Sound  started
249.7857 	EXP 	New trial (rep=0, index=18): {'TrialID': 18.0, 'NFB_digit1': 5.0, 'NFB_digit2': 1.0, 'NFB_digit3': 8.0, 'Speaker_trial': 48.0, 'NV_trial': 0.0, 'Triggered_trial': 1.0, 'Jitter_trial': 0.0}
249.7885 	EXP 	Sound  started
249.8118 	EXP 	disp_answer: autoDraw = False
249.8118 	EXP 	text_nextblock: text = ''
249.8118 	EXP 	text_nextblock: autoDraw = False
249.8118 	EXP 	Fixation: autoDraw = True
249.8118 	EXP 	text_6: autoDraw = True
258.0412 	EXP 	Sound  started
258.0587 	EXP 	Fixation: autoDraw = False
258.0587 	EXP 	text_6: autoDraw = False
258.0587 	EXP 	Fixation_Play: autoDraw = True
258.5206 	EXP 	Sound  reached end of file
258.5208 	EXP 	Sound  started
259.0043 	EXP 	Sound  reached end of file
259.0044 	EXP 	Sound  started
259.4581 	EXP 	Fixation_Play: autoDraw = False
259.4876 	EXP 	Sound  reached end of file
259.4907 	EXP 	Created sequence: sequential, trialTypes=1, nReps=3, seed=None
259.4909 	EXP 	New trial (rep=0, index=0): None
259.4910 	EXP 	Sound  started
259.5081 	EXP 	Fixation_Play: autoDraw = False
259.5081 	EXP 	disp_answer: autoDraw = True
260.4304 	DATA 	Keypress: return
260.4486 	EXP 	New trial (rep=1, index=0): None
260.4487 	EXP 	Sound  started
260.4576 	EXP 	disp_answer: autoDraw = False
260.4576 	EXP 	disp_answer: autoDraw = True
260.5961 	DATA 	Keypress: return
260.6323 	EXP 	New trial (rep=2, index=0): None
260.6324 	EXP 	Sound  started
260.6412 	EXP 	disp_answer: autoDraw = False
260.6412 	EXP 	disp_answer: autoDraw = True
260.7460 	DATA 	Keypress: return
260.7652 	EXP 	Sound  started
260.7659 	EXP 	New trial (rep=0, index=19): {'TrialID': 19.0, 'NFB_digit1': 0.0, 'NFB_digit2': 1.0, 'NFB_digit3': 2.0, 'Speaker_trial': 7.0, 'NV_trial': 0.0, 'Triggered_trial': 0.0, 'Jitter_trial': -1.0}
260.7687 	EXP 	Sound  started
260.7910 	EXP 	disp_answer: autoDraw = False
260.7910 	EXP 	text_nextblock: text = ''
260.7910 	EXP 	text_nextblock: autoDraw = False
260.7910 	EXP 	Fixation: autoDraw = True
260.7910 	EXP 	text_6: autoDraw = True
268.0885 	EXP 	Sound  started
268.1049 	EXP 	Fixation: autoDraw = False
268.1049 	EXP 	text_6: autoDraw = False
268.1049 	EXP 	Fixation_Play: autoDraw = True
268.5718 	EXP 	Sound  reached end of file
268.5719 	EXP 	Sound  started
269.0547 	EXP 	Sound  reached end of file
269.0547 	EXP 	Sound  started
269.5043 	EXP 	Fixation_Play: autoDraw = False
269.5392 	EXP 	Sound  reached end of file
269.5422 	EXP 	Created sequence: sequential, trialTypes=1, nReps=3, seed=None
269.5424 	EXP 	New trial (rep=0, index=0): None
269.5425 	EXP 	Sound  started
269.5543 	EXP 	Fixation_Play: autoDraw = False
269.5543 	EXP 	disp_answer: autoDraw = True
270.2258 	DATA 	Keypress: return
270.2451 	EXP 	New trial (rep=1, index=0): None
270.2452 	EXP 	Sound  started
270.2540 	EXP 	disp_answer: autoDraw = False
270.2540 	EXP 	disp_answer: autoDraw = True
270.3756 	DATA 	Keypress: return
270.3947 	EXP 	New trial (rep=2, index=0): None
270.3948 	EXP 	Sound  started
270.4040 	EXP 	disp_answer: autoDraw = False
270.4040 	EXP 	disp_answer: autoDraw = True
270.5426 	DATA 	Keypress: return
270.5617 	EXP 	Sound  started
270.5624 	EXP 	New trial (rep=0, index=20): {'TrialID': 20.0, 'NFB_digit1': 5.0, 'NFB_digit2': 9.0, 'NFB_digit3': 2.0, 'Speaker_trial': 48.0, 'NV_trial': 0.0, 'Triggered_trial': 1.0, 'Jitter_trial': 0.0}
270.5651 	EXP 	Sound  started
270.5872 	EXP 	disp_answer: autoDraw = False
270.5872 	EXP 	text_nextblock: text = ''
270.5872 	EXP 	text_nextblock: autoDraw = False
270.5872 	EXP 	Fixation: autoDraw = True
270.5872 	EXP 	text_6: autoDraw = True
290.3649 	EXP 	Sound  started
290.3798 	EXP 	Fixation: autoDraw = False
290.3798 	EXP 	text_6: autoDraw = False
290.3798 	EXP 	Fixation_Play: autoDraw = True
290.8500 	EXP 	Sound  reached end of file
290.8501 	EXP 	Sound  started
291.3311 	EXP 	Sound  reached end of file
291.3312 	EXP 	Sound  started
291.7792 	EXP 	Fixation_Play: autoDraw = False
291.8130 	EXP 	Sound  reached end of file
291.8163 	EXP 	Created sequence: sequential, trialTypes=1, nReps=3, seed=None
291.8166 	EXP 	New trial (rep=0, index=0): None
291.8166 	EXP 	Sound  started
291.8292 	EXP 	Fixation_Play: autoDraw = False
291.8292 	EXP 	disp_answer: autoDraw = True
299.8154 	DATA 	Keypress: return
299.8338 	EXP 	New trial (rep=1, index=0): None
299.8338 	EXP 	Sound  started
299.8428 	EXP 	disp_answer: autoDraw = False
299.8428 	EXP 	disp_answer: autoDraw = True
300.1651 	DATA 	Keypress: return
300.1834 	EXP 	New trial (rep=2, index=0): None
300.1834 	EXP 	Sound  started
300.1927 	EXP 	disp_answer: autoDraw = False
300.1927 	EXP 	disp_answer: autoDraw = True
300.4481 	DATA 	Keypress: return
300.4670 	EXP 	Sound  started
300.4677 	EXP 	New trial (rep=0, index=21): {'TrialID': 21.0, 'NFB_digit1': 3.0, 'NFB_digit2': 8.0, 'NFB_digit3': 1.0, 'Speaker_trial': 61.0, 'NV_trial': 0.0, 'Triggered_trial': 0.0, 'Jitter_trial': 0.0}
300.4704 	EXP 	Sound  started
300.4927 	EXP 	disp_answer: autoDraw = False
300.4927 	EXP 	text_nextblock: text = ''
300.4927 	EXP 	text_nextblock: autoDraw = False
300.4927 	EXP 	Fixation: autoDraw = True
300.4927 	EXP 	text_6: autoDraw = True
305.5281 	EXP 	Sound  started
305.5407 	EXP 	Fixation: autoDraw = False
305.5407 	EXP 	text_6: autoDraw = False
305.5407 	EXP 	Fixation_Play: autoDraw = True
306.0085 	EXP 	Sound  reached end of file
306.0086 	EXP 	Sound  started
306.4921 	EXP 	Sound  reached end of file
306.4922 	EXP 	Sound  started
306.9402 	EXP 	Fixation_Play: autoDraw = False
306.9645 	EXP 	Sound  reached end of file
306.9674 	EXP 	Created sequence: sequential, trialTypes=1, nReps=3, seed=None
306.9677 	EXP 	New trial (rep=0, index=0): None
306.9678 	EXP 	Sound  started
306.9902 	EXP 	Fixation_Play: autoDraw = False
306.9902 	EXP 	disp_answer: autoDraw = True
310.0112 	DATA 	Keypress: num_6
310.6776 	DATA 	Keypress: return
310.7129 	EXP 	New trial (rep=1, index=0): None
310.7130 	EXP 	Sound  started
310.7221 	EXP 	disp_answer: autoDraw = False
310.7221 	EXP 	disp_answer: autoDraw = True
310.8774 	DATA 	Keypress: num_3
311.2107 	DATA 	Keypress: return
311.2300 	EXP 	New trial (rep=2, index=0): None
311.2301 	EXP 	Sound  started
311.2385 	EXP 	disp_answer: autoDraw = False
311.2385 	EXP 	disp_answer: autoDraw = True
311.9938 	DATA 	Keypress: num_1
312.1438 	DATA 	Keypress: return
312.1628 	EXP 	Sound  started
312.1635 	EXP 	New trial (rep=0, index=22): {'TrialID': 22.0, 'NFB_digit1': 0.0, 'NFB_digit2': 8.0, 'NFB_digit3': 2.0, 'Speaker_trial': 14.0, 'NV_trial': 0.0, 'Triggered_trial': 1.0, 'Jitter_trial': 0.0}
312.1661 	EXP 	Sound  started
312.1882 	EXP 	disp_answer: autoDraw = False
312.1882 	EXP 	text_nextblock: text = ''
312.1882 	EXP 	text_nextblock: autoDraw = False
312.1882 	EXP 	Fixation: autoDraw = True
312.1882 	EXP 	text_6: autoDraw = True
320.8233 	EXP 	Sound  started
320.8350 	EXP 	Fixation: autoDraw = False
320.8350 	EXP 	text_6: autoDraw = False
320.8350 	EXP 	Fixation_Play: autoDraw = True
321.3016 	EXP 	Sound  reached end of file
321.3017 	EXP 	Sound  started
321.7848 	EXP 	Sound  reached end of file
321.7849 	EXP 	Sound  started
322.2344 	EXP 	Fixation_Play: autoDraw = False
322.2679 	EXP 	Sound  reached end of file
322.2692 	EXP 	Created sequence: sequential, trialTypes=1, nReps=3, seed=None
322.2695 	EXP 	New trial (rep=0, index=0): None
322.2696 	EXP 	Sound  started
322.2844 	EXP 	Fixation_Play: autoDraw = False
322.2844 	EXP 	disp_answer: autoDraw = True
323.6224 	DATA 	Keypress: num_5
324.0390 	DATA 	Keypress: num_5
324.2886 	DATA 	Keypress: return
324.3081 	EXP 	New trial (rep=1, index=0): None
324.3081 	EXP 	Sound  started
324.3169 	EXP 	disp_answer: autoDraw = False
324.3169 	EXP 	disp_answer: autoDraw = True
324.5221 	DATA 	Keypress: num_5
324.7226 	DATA 	Keypress: return
324.7406 	EXP 	New trial (rep=2, index=0): None
324.7407 	EXP 	Sound  started
324.7501 	EXP 	disp_answer: autoDraw = False
324.7501 	EXP 	disp_answer: autoDraw = True
324.9554 	DATA 	Keypress: num_5
325.1725 	DATA 	Keypress: return
325.1906 	EXP 	Sound  started
325.1913 	EXP 	New trial (rep=0, index=23): {'TrialID': 23.0, 'NFB_digit1': 3.0, 'NFB_digit2': 5.0, 'NFB_digit3': 2.0, 'Speaker_trial': 13.0, 'NV_trial': 0.0, 'Triggered_trial': 0.0, 'Jitter_trial': 2.0}
325.1940 	EXP 	Sound  started
325.2166 	EXP 	disp_answer: autoDraw = False
325.2166 	EXP 	text_nextblock: text = ''
325.2166 	EXP 	text_nextblock: autoDraw = False
325.2166 	EXP 	Fixation: autoDraw = True
325.2166 	EXP 	text_6: autoDraw = True
335.9250 	EXP 	Sound  started
335.9459 	EXP 	Fixation: autoDraw = False
335.9459 	EXP 	text_6: autoDraw = False
335.9459 	EXP 	Fixation_Play: autoDraw = True
336.3960 	EXP 	Sound  reached end of file
336.3960 	EXP 	Sound  started
336.8791 	EXP 	Sound  reached end of file
336.8791 	EXP 	Sound  started
337.3453 	EXP 	Fixation_Play: autoDraw = False
337.3612 	EXP 	Sound  reached end of file
337.3626 	EXP 	Created sequence: sequential, trialTypes=1, nReps=3, seed=None
337.3629 	EXP 	New trial (rep=0, index=0): None
337.3630 	EXP 	Sound  started
337.3787 	EXP 	Fixation_Play: autoDraw = False
337.3787 	EXP 	disp_answer: autoDraw = True
338.3505 	DATA 	Keypress: return
338.3700 	EXP 	New trial (rep=1, index=0): None
338.3701 	EXP 	Sound  started
338.3783 	EXP 	disp_answer: autoDraw = False
338.3783 	EXP 	disp_answer: autoDraw = True
338.6003 	DATA 	Keypress: return
338.6195 	EXP 	New trial (rep=2, index=0): None
338.6196 	EXP 	Sound  started
338.6282 	EXP 	disp_answer: autoDraw = False
338.6282 	EXP 	disp_answer: autoDraw = True
338.8502 	DATA 	Keypress: return
338.8825 	EXP 	Sound  stopped
338.8846 	EXP 	Sound  started
338.9114 	EXP 	disp_answer: autoDraw = False
338.9114 	EXP 	text_nextblock: text = 'Du hast den dritten Block geschafft, Glückwunsch!\n        \n         Sobald Du bereit bist, um den nächsten Block zu starten, kannst Du auf "Enter" drücken.'
338.9114 	EXP 	text_nextblock: autoDraw = True
339.9994 	EXP 	New trial (rep=0, index=24): {'TrialID': 24.0, 'NFB_digit1': 1.0, 'NFB_digit2': 1.0, 'NFB_digit3': 1.0, 'Speaker_trial': 49.0, 'NV_trial': 0.0, 'Triggered_trial': 1.0, 'Jitter_trial': 0.0}
340.0020 	EXP 	Sound  started
340.0102 	DATA 	Keypress: return
340.0277 	EXP 	text_nextblock: autoDraw = False
340.0277 	EXP 	Fixation: autoDraw = True
340.0277 	EXP 	text_6: autoDraw = True
344.3772 	EXP 	Sound  started
344.3927 	EXP 	Fixation: autoDraw = False
344.3927 	EXP 	text_6: autoDraw = False
344.3927 	EXP 	Fixation_Play: autoDraw = True
344.8440 	EXP 	Sound  reached end of file
344.8441 	EXP 	Sound  started
345.3277 	EXP 	Sound  reached end of file
345.3278 	EXP 	Sound  started
345.7921 	EXP 	Fixation_Play: autoDraw = False
345.8114 	EXP 	Sound  reached end of file
345.8141 	EXP 	Created sequence: sequential, trialTypes=1, nReps=3, seed=None
345.8143 	EXP 	New trial (rep=0, index=0): None
345.8144 	EXP 	Sound  started
345.8255 	EXP 	Fixation_Play: autoDraw = False
345.8255 	EXP 	disp_answer: autoDraw = True
347.1304 	DATA 	Keypress: return
347.1498 	EXP 	New trial (rep=1, index=0): None
347.1499 	EXP 	Sound  started
347.1582 	EXP 	disp_answer: autoDraw = False
347.1582 	EXP 	disp_answer: autoDraw = True
347.4141 	DATA 	Keypress: return
347.4323 	EXP 	New trial (rep=2, index=0): None
347.4324 	EXP 	Sound  started
347.4415 	EXP 	disp_answer: autoDraw = False
347.4415 	EXP 	disp_answer: autoDraw = True
347.6799 	DATA 	Keypress: return
347.6990 	EXP 	Sound  started
347.7000 	EXP 	New trial (rep=0, index=25): {'TrialID': 25.0, 'NFB_digit1': 5.0, 'NFB_digit2': 9.0, 'NFB_digit3': 4.0, 'Speaker_trial': 1.0, 'NV_trial': 0.0, 'Triggered_trial': 0.0, 'Jitter_trial': -0.0}
347.7026 	EXP 	Sound  started
347.7247 	EXP 	disp_answer: autoDraw = False
347.7247 	EXP 	text_nextblock: text = ''
347.7247 	EXP 	text_nextblock: autoDraw = False
347.7247 	EXP 	Fixation: autoDraw = True
347.7247 	EXP 	text_6: autoDraw = True
352.1222 	EXP 	Sound  started
352.1397 	EXP 	Fixation: autoDraw = False
352.1397 	EXP 	text_6: autoDraw = False
352.1397 	EXP 	Fixation_Play: autoDraw = True
352.6002 	EXP 	Sound  reached end of file
352.6003 	EXP 	Sound  started
353.0839 	EXP 	Sound  reached end of file
353.0839 	EXP 	Sound  started
353.5392 	EXP 	Fixation_Play: autoDraw = False
353.5676 	EXP 	Sound  reached end of file
353.5706 	EXP 	Created sequence: sequential, trialTypes=1, nReps=3, seed=None
353.5708 	EXP 	New trial (rep=0, index=0): None
353.5709 	EXP 	Sound  started
353.5892 	EXP 	Fixation_Play: autoDraw = False
353.5892 	EXP 	disp_answer: autoDraw = True
354.3440 	DATA 	Keypress: return
354.3635 	EXP 	New trial (rep=1, index=0): None
354.3636 	EXP 	Sound  started
354.3722 	EXP 	disp_answer: autoDraw = False
354.3722 	EXP 	disp_answer: autoDraw = True
354.5775 	DATA 	Keypress: return
354.5965 	EXP 	New trial (rep=2, index=0): None
354.5966 	EXP 	Sound  started
354.6055 	EXP 	disp_answer: autoDraw = False
354.6055 	EXP 	disp_answer: autoDraw = True
354.7774 	DATA 	Keypress: return
354.7953 	EXP 	Sound  started
354.7960 	EXP 	New trial (rep=0, index=26): {'TrialID': 26.0, 'NFB_digit1': 3.0, 'NFB_digit2': 2.0, 'NFB_digit3': 4.0, 'Speaker_trial': 21.0, 'NV_trial': 0.0, 'Triggered_trial': 1.0, 'Jitter_trial': 0.0}
354.7986 	EXP 	Sound  started
354.8221 	EXP 	disp_answer: autoDraw = False
354.8221 	EXP 	text_nextblock: text = ''
354.8221 	EXP 	text_nextblock: autoDraw = False
354.8221 	EXP 	Fixation: autoDraw = True
354.8221 	EXP 	text_6: autoDraw = True
360.5684 	EXP 	Sound  started
360.5865 	EXP 	Fixation: autoDraw = False
360.5865 	EXP 	text_6: autoDraw = False
360.5865 	EXP 	Fixation_Play: autoDraw = True
361.0499 	EXP 	Sound  reached end of file
361.0499 	EXP 	Sound  started
361.5336 	EXP 	Sound  reached end of file
361.5336 	EXP 	Sound  started
361.9861 	EXP 	Fixation_Play: autoDraw = False
362.0169 	EXP 	Sound  reached end of file
362.0201 	EXP 	Created sequence: sequential, trialTypes=1, nReps=3, seed=None
362.0203 	EXP 	New trial (rep=0, index=0): None
362.0205 	EXP 	Sound  started
362.0360 	EXP 	Fixation_Play: autoDraw = False
362.0360 	EXP 	disp_answer: autoDraw = True
362.5574 	DATA 	Keypress: return
362.5938 	EXP 	New trial (rep=1, index=0): None
362.5939 	EXP 	Sound  started
362.6023 	EXP 	disp_answer: autoDraw = False
362.6023 	EXP 	disp_answer: autoDraw = True
362.7743 	DATA 	Keypress: return
362.7934 	EXP 	New trial (rep=2, index=0): None
362.7934 	EXP 	Sound  started
362.8024 	EXP 	disp_answer: autoDraw = False
362.8024 	EXP 	disp_answer: autoDraw = True
362.9413 	DATA 	Keypress: return
362.9753 	EXP 	Sound  started
362.9760 	EXP 	New trial (rep=0, index=27): {'TrialID': 27.0, 'NFB_digit1': 9.0, 'NFB_digit2': 4.0, 'NFB_digit3': 2.0, 'Speaker_trial': 13.0, 'NV_trial': 0.0, 'Triggered_trial': 0.0, 'Jitter_trial': 0.0}
362.9786 	EXP 	Sound  started
363.0023 	EXP 	disp_answer: autoDraw = False
363.0023 	EXP 	text_nextblock: text = ''
363.0023 	EXP 	text_nextblock: autoDraw = False
363.0023 	EXP 	Fixation: autoDraw = True
363.0023 	EXP 	text_6: autoDraw = True
368.8247 	EXP 	Sound  started
368.8334 	EXP 	Fixation: autoDraw = False
368.8334 	EXP 	text_6: autoDraw = False
368.8334 	EXP 	Fixation_Play: autoDraw = True
369.3109 	EXP 	Sound  reached end of file
369.3110 	EXP 	Sound  started
369.7846 	EXP 	Sound  reached end of file
369.7847 	EXP 	Sound  started
370.2329 	EXP 	Fixation_Play: autoDraw = False
370.2664 	EXP 	Sound  reached end of file
370.2677 	EXP 	Created sequence: sequential, trialTypes=1, nReps=3, seed=None
370.2679 	EXP 	New trial (rep=0, index=0): None
370.2680 	EXP 	Sound  started
370.2829 	EXP 	Fixation_Play: autoDraw = False
370.2829 	EXP 	disp_answer: autoDraw = True
371.0544 	DATA 	Keypress: return
371.0728 	EXP 	New trial (rep=1, index=0): None
371.0728 	EXP 	Sound  started
371.0826 	EXP 	disp_answer: autoDraw = False
371.0826 	EXP 	disp_answer: autoDraw = True
371.2542 	DATA 	Keypress: return
371.2734 	EXP 	New trial (rep=2, index=0): None
371.2735 	EXP 	Sound  started
371.2825 	EXP 	disp_answer: autoDraw = False
371.2825 	EXP 	disp_answer: autoDraw = True
371.4542 	DATA 	Keypress: return
371.4732 	EXP 	Sound  started
371.4740 	EXP 	New trial (rep=0, index=28): {'TrialID': 28.0, 'NFB_digit1': 3.0, 'NFB_digit2': 0.0, 'NFB_digit3': 2.0, 'Speaker_trial': 48.0, 'NV_trial': 0.0, 'Triggered_trial': 1.0, 'Jitter_trial': 0.0}
371.4767 	EXP 	Sound  started
371.4991 	EXP 	disp_answer: autoDraw = False
371.4991 	EXP 	text_nextblock: text = ''
371.4991 	EXP 	text_nextblock: autoDraw = False
371.4991 	EXP 	Fixation: autoDraw = True
371.4991 	EXP 	text_6: autoDraw = True
375.1001 	EXP 	Sound  started
375.1145 	EXP 	Fixation: autoDraw = False
375.1145 	EXP 	text_6: autoDraw = False
375.1145 	EXP 	Fixation_Play: autoDraw = True
375.5811 	EXP 	Sound  reached end of file
375.5812 	EXP 	Sound  started
376.0644 	EXP 	Sound  reached end of file
376.0644 	EXP 	Sound  started
376.5139 	EXP 	Fixation_Play: autoDraw = False
376.5476 	EXP 	Sound  reached end of file
376.5490 	EXP 	Created sequence: sequential, trialTypes=1, nReps=3, seed=None
376.5493 	EXP 	New trial (rep=0, index=0): None
376.5493 	EXP 	Sound  started
376.5639 	EXP 	Fixation_Play: autoDraw = False
376.5639 	EXP 	disp_answer: autoDraw = True
377.0856 	DATA 	Keypress: return
377.1040 	EXP 	New trial (rep=1, index=0): None
377.1041 	EXP 	Sound  started
377.1136 	EXP 	disp_answer: autoDraw = False
377.1136 	EXP 	disp_answer: autoDraw = True
377.2854 	DATA 	Keypress: return
377.3046 	EXP 	New trial (rep=2, index=0): None
377.3047 	EXP 	Sound  started
377.3134 	EXP 	disp_answer: autoDraw = False
377.3134 	EXP 	disp_answer: autoDraw = True
377.4855 	DATA 	Keypress: return
377.5044 	EXP 	Sound  started
377.5051 	EXP 	New trial (rep=0, index=29): {'TrialID': 29.0, 'NFB_digit1': 5.0, 'NFB_digit2': 2.0, 'NFB_digit3': 8.0, 'Speaker_trial': 1.0, 'NV_trial': 0.0, 'Triggered_trial': 0.0, 'Jitter_trial': 2.0}
377.5077 	EXP 	Sound  started
377.5302 	EXP 	disp_answer: autoDraw = False
377.5302 	EXP 	text_nextblock: text = ''
377.5302 	EXP 	text_nextblock: autoDraw = False
377.5302 	EXP 	Fixation: autoDraw = True
377.5302 	EXP 	text_6: autoDraw = True
383.2201 	EXP 	Sound  started
383.2280 	EXP 	Fixation: autoDraw = False
383.2280 	EXP 	text_6: autoDraw = False
383.2280 	EXP 	Fixation_Play: autoDraw = True
383.7074 	EXP 	Sound  reached end of file
383.7075 	EXP 	Sound  started
384.1907 	EXP 	Sound  reached end of file
384.1908 	EXP 	Sound  started
384.6275 	EXP 	Fixation_Play: autoDraw = False
384.6644 	EXP 	Sound  reached end of file
384.6673 	EXP 	Created sequence: sequential, trialTypes=1, nReps=3, seed=None
384.6676 	EXP 	New trial (rep=0, index=0): None
384.6677 	EXP 	Sound  started
384.6774 	EXP 	Fixation_Play: autoDraw = False
384.6774 	EXP 	disp_answer: autoDraw = True
385.0666 	DATA 	Keypress: return
385.1019 	EXP 	New trial (rep=1, index=0): None
385.1020 	EXP 	Sound  started
385.1106 	EXP 	disp_answer: autoDraw = False
385.1106 	EXP 	disp_answer: autoDraw = True
385.2824 	DATA 	Keypress: return
385.3006 	EXP 	New trial (rep=2, index=0): None
385.3006 	EXP 	Sound  started
385.3105 	EXP 	disp_answer: autoDraw = False
385.3105 	EXP 	disp_answer: autoDraw = True
385.4659 	DATA 	Keypress: return
385.5000 	EXP 	Sound  started
385.5007 	EXP 	New trial (rep=0, index=30): {'TrialID': 30.0, 'NFB_digit1': 9.0, 'NFB_digit2': 4.0, 'NFB_digit3': 2.0, 'Speaker_trial': 49.0, 'NV_trial': 0.0, 'Triggered_trial': 1.0, 'Jitter_trial': 0.0}
385.5033 	EXP 	Sound  started
385.5272 	EXP 	disp_answer: autoDraw = False
385.5272 	EXP 	text_nextblock: text = ''
385.5272 	EXP 	text_nextblock: autoDraw = False
385.5272 	EXP 	Fixation: autoDraw = True
385.5272 	EXP 	text_6: autoDraw = True
396.4718 	EXP 	Sound  started
396.4896 	EXP 	Fixation: autoDraw = False
396.4896 	EXP 	text_6: autoDraw = False
396.4896 	EXP 	Fixation_Play: autoDraw = True
396.9563 	EXP 	Sound  reached end of file
396.9564 	EXP 	Sound  started
397.4395 	EXP 	Sound  reached end of file
397.4396 	EXP 	Sound  started
397.8891 	EXP 	Fixation_Play: autoDraw = False
397.9226 	EXP 	Sound  reached end of file
397.9238 	EXP 	Created sequence: sequential, trialTypes=1, nReps=3, seed=None
397.9241 	EXP 	New trial (rep=0, index=0): None
397.9241 	EXP 	Sound  started
397.9391 	EXP 	Fixation_Play: autoDraw = False
397.9391 	EXP 	disp_answer: autoDraw = True
400.3936 	DATA 	Keypress: return
400.4122 	EXP 	New trial (rep=1, index=0): None
400.4123 	EXP 	Sound  started
400.4215 	EXP 	disp_answer: autoDraw = False
400.4215 	EXP 	disp_answer: autoDraw = True
400.5767 	DATA 	Keypress: return
400.5959 	EXP 	New trial (rep=2, index=0): None
400.5960 	EXP 	Sound  started
400.6048 	EXP 	disp_answer: autoDraw = False
400.6048 	EXP 	disp_answer: autoDraw = True
400.7438 	DATA 	Keypress: return
400.7608 	EXP 	Sound  started
400.7615 	EXP 	New trial (rep=0, index=31): {'TrialID': 31.0, 'NFB_digit1': 1.0, 'NFB_digit2': 0.0, 'NFB_digit3': 2.0, 'Speaker_trial': 7.0, 'NV_trial': 0.0, 'Triggered_trial': 0.0, 'Jitter_trial': -1.0}
400.7641 	EXP 	Sound  started
400.7881 	EXP 	disp_answer: autoDraw = False
400.7881 	EXP 	text_nextblock: text = ''
400.7881 	EXP 	text_nextblock: autoDraw = False
400.7881 	EXP 	Fixation: autoDraw = True
400.7881 	EXP 	text_6: autoDraw = True
404.8556 	EXP 	Sound  started
404.8698 	EXP 	Fixation: autoDraw = False
404.8698 	EXP 	text_6: autoDraw = False
404.8698 	EXP 	Fixation_Play: autoDraw = True
405.3245 	EXP 	Sound  reached end of file
405.3246 	EXP 	Sound  started
405.8082 	EXP 	Sound  reached end of file
405.8083 	EXP 	Sound  started
406.2693 	EXP 	Fixation_Play: autoDraw = False
406.2919 	EXP 	Sound  reached end of file
406.2949 	EXP 	Created sequence: sequential, trialTypes=1, nReps=3, seed=None
406.2951 	EXP 	New trial (rep=0, index=0): None
406.2952 	EXP 	Sound  started
406.3193 	EXP 	Fixation_Play: autoDraw = False
406.3193 	EXP 	disp_answer: autoDraw = True
430.1320 	DATA 	Keypress: return
430.1684 	EXP 	New trial (rep=1, index=0): None
430.1685 	EXP 	Sound  started
430.1769 	EXP 	disp_answer: autoDraw = False
430.1769 	EXP 	disp_answer: autoDraw = True
430.2819 	DATA 	Keypress: return
430.3179 	EXP 	New trial (rep=2, index=0): None
430.3180 	EXP 	Sound  started
430.3268 	EXP 	disp_answer: autoDraw = False
430.3268 	EXP 	disp_answer: autoDraw = True
430.4488 	DATA 	Keypress: return
430.4831 	EXP 	Sound  stopped
430.4851 	EXP 	Sound  started
430.5102 	EXP 	disp_answer: autoDraw = False
430.5102 	EXP 	text_nextblock: text = 'Du hast den letzten Block geschafft, Glückwunsch!\n        \n        Vielen Dank für Deine Teilnahme! Der/die VersuchsleiterIn wird in Kürze in den Raum kommen.'
430.5102 	EXP 	text_nextblock: autoDraw = True
432.0986 	EXP 	Sound  stopped
432.0994 	DATA 	Keypress: return
432.1095 	EXP 	text_nextblock: autoDraw = False
432.3517 	EXP 	window1: mouseVisible = True
