8.0366 	EXP 	Created window1 = Window(allowGUI=False, allowStencil=False, autoLog=True, backendConf=UNKNOWN, bitsMode=UNKNOWN, blendMode='avg', bpc=(8, 8, 8), color=array([0, 0, 0]), colorSpace='rgb', depthBits=8, fullscr=<method-wrapper '__getattribute__' of attributeSetter object at 0x000001E9484A48B0>, gamma=None, gammaErrorPolicy='raise', lms=UNKNOWN, monitor=<psychopy.monitors.calibTools.Monitor object at 0x000001E948619520>, multiSample=False, name='window1', numSamples=2, pos=(0, 0), screen=0, size=array([1280, 1024]), stencilBits=0, stereo=False, units='height', useFBO=True, useRetina=False, viewOri=0.0, viewPos=None, viewScale=None, waitBlanking=True, winType='pyglet')
8.0369 	EXP 	window1: mouseVisible = True
8.0370 	EXP 	window1: Attempting to measure frame rate of screen (0) ...
8.0370 	EXP 	window1: recordFrameIntervals = False
8.2024 	EXP 	window1: recordFrameIntervals = True
8.3863 	EXP 	Screen (0) actual frame rate measured at 59.95Hz
8.3863 	EXP 	window1: recordFrameIntervals = False
9.9062 	EXP 	Created instrTrainText = TextStim(__class__=<class 'psychopy.visual.text.TextStim'>, alignHoriz=method-wrapper(...), alignText='center', alignVert=method-wrapper(...), anchorHoriz='center', anchorVert='center', antialias=True, autoLog=True, bold=False, color=array([1., 1., 1.]), colorSpace='rgb', contrast=1.0, depth=-1.0, flipHoriz=False, flipVert=False, font='Arial', fontFiles=[], height=0.04, italic=False, languageStyle='LTR', name='instrTrainText', opacity=1.0, ori=0, pos=array([0., 0.]), rgb=UNKNOWN, text=str(...), units='height', win=Window(...), wrapWidth=1)
9.9080 	EXP 	Created blockStart = TextStim(__class__=<class 'psychopy.visual.text.TextStim'>, alignHoriz=method-wrapper(...), alignText='center', alignVert=method-wrapper(...), anchorHoriz='center', anchorVert='center', antialias=True, autoLog=True, bold=False, color=array([1., 1., 1.]), colorSpace='rgb', contrast=1.0, depth=0.0, flipHoriz=False, flipVert=False, font='Arial', fontFiles=[], height=0.04, italic=False, languageStyle='LTR', name='blockStart', opacity=1.0, ori=0, pos=array([0., 0.]), rgb=UNKNOWN, text='Begin  block ', units='height', win=Window(...), wrapWidth=1)
9.9875 	EXP 	Sound sound_1 set volume 1.000
9.9905 	EXP 	Created fixation = ShapeStim(__class__=<class 'psychopy.visual.shape.ShapeStim'>, anchor=('center', 'center'), autoDraw=False, autoLog=True, closeShape=True, color=method-wrapper(...), colorSpace='rgb', contrast=None, depth=-2.0, fillColor=array([1, 1, 1]), fillColorSpace='rgb', fillRGB=array([1, 1, 1]), interpolate=True, lineColor=array([1., 1., 1.]), lineColorSpace='rgb', lineRGB=array([1, 1, 1]), lineWidth=0.5, name='fixation', opacity=0.75, ori=0.0, pos=array([0., 0.]), size=array([0.05, 0.05]), units='height', vertices=ndarray(...), win=Window(...), windingRule=None)
10.0139 	EXP 	Created screenAfterAudio = ImageStim(__class__=<class 'psychopy.visual.image.ImageStim'>, anchor=('center', 'center'), autoLog=True, color=array([1., 1., 1.]), colorSpace='rgb', contrast=1.0, depth=-4.0, flipHoriz=False, flipVert=False, image='images/grayScreen.png', interpolate=True, mask=None, maskParams=None, name='screenAfterAudio', opacity=1.0, ori=0.0, pos=array([0., 0.]), size=array([0.5, 0.5]), texRes=128.0, units='height', win=Window(...))
10.0296 	EXP 	Created blankScreen = ImageStim(__class__=<class 'psychopy.visual.image.ImageStim'>, anchor=('center', 'center'), autoLog=True, color=array([1., 1., 1.]), colorSpace='rgb', contrast=1.0, depth=-4.0, flipHoriz=False, flipVert=False, image='images/grayScreen.png', interpolate=True, mask=None, maskParams=None, name='blankScreen', opacity=1.0, ori=0.0, pos=array([0., 0.]), size=array([1920., 1080.]), texRes=128, units='height', win=Window(...))
10.2237 	EXP 	Created call1 = ImageStim(__class__=<class 'psychopy.visual.image.ImageStim'>, anchor=('center', 'center'), autoLog=True, color=array([1., 1., 1.]), colorSpace='rgb', contrast=1.0, depth=-5.0, flipHoriz=False, flipVert=False, image='images/adler.png', interpolate=True, mask=None, maskParams=None, name='call1', opacity=1.0, ori=0.0, pos=array([-0.4   ,  0.3125]), size=array([0.18, 0.18]), texRes=128, units='height', win=Window(...))
10.3785 	EXP 	Created call2 = ImageStim(__class__=<class 'psychopy.visual.image.ImageStim'>, anchor=('center', 'center'), autoLog=True, color=array([1., 1., 1.]), colorSpace='rgb', contrast=1.0, depth=-6.0, flipHoriz=False, flipVert=False, image='images/drossel.png', interpolate=True, mask=None, maskParams=None, name='call2', opacity=1.0, ori=0.0, pos=array([-0.4       ,  0.10416667]), size=array([0.18, 0.18]), texRes=128, units='height', win=Window(...))
10.5351 	EXP 	Created call3 = ImageStim(__class__=<class 'psychopy.visual.image.ImageStim'>, anchor=('center', 'center'), autoLog=True, color=array([1., 1., 1.]), colorSpace='rgb', contrast=1.0, depth=-7.0, flipHoriz=False, flipVert=False, image='images/tiger.png', interpolate=True, mask=None, maskParams=None, name='call3', opacity=1.0, ori=0.0, pos=array([-0.4       , -0.10416667]), size=array([0.18, 0.18]), texRes=128, units='height', win=Window(...))
10.7050 	EXP 	Created call4 = ImageStim(__class__=<class 'psychopy.visual.image.ImageStim'>, anchor=('center', 'center'), autoLog=True, color=array([1., 1., 1.]), colorSpace='rgb', contrast=1.0, depth=-8.0, flipHoriz=False, flipVert=False, image='images/kroete.png', interpolate=True, mask=None, maskParams=None, name='call4', opacity=1.0, ori=0.0, pos=array([-0.4   , -0.3125]), size=array([0.18, 0.18]), texRes=128, units='height', win=Window(...))
10.7246 	EXP 	Created colour1 = ImageStim(__class__=<class 'psychopy.visual.image.ImageStim'>, anchor=('center', 'center'), autoLog=True, color=array([1., 1., 1.]), colorSpace='rgb', contrast=1.0, depth=-9.0, flipHoriz=False, flipVert=False, image='images/gelb.png', interpolate=True, mask=None, maskParams=None, name='colour1', opacity=1.0, ori=0.0, pos=array([0.    , 0.3125]), size=array([0.18, 0.18]), texRes=128, units='height', win=Window(...))
10.7487 	EXP 	Created colour2 = ImageStim(__class__=<class 'psychopy.visual.image.ImageStim'>, anchor=('center', 'center'), autoLog=True, color=array([1., 1., 1.]), colorSpace='rgb', contrast=1.0, depth=-10.0, flipHoriz=False, flipVert=False, image='images/gruen.png', interpolate=True, mask=None, maskParams=None, name='colour2', opacity=1.0, ori=0.0, pos=array([0.        , 0.10416667]), size=array([0.18, 0.18]), texRes=128, units='height', win=Window(...))
10.7722 	EXP 	Created colour3 = ImageStim(__class__=<class 'psychopy.visual.image.ImageStim'>, anchor=('center', 'center'), autoLog=True, color=array([1., 1., 1.]), colorSpace='rgb', contrast=1.0, depth=-11.0, flipHoriz=False, flipVert=False, image='images/rot.png', interpolate=True, mask=None, maskParams=None, name='colour3', opacity=1.0, ori=0.0, pos=array([ 0.        , -0.10416667]), size=array([0.18, 0.18]), texRes=128, units='height', win=Window(...))
10.7961 	EXP 	Created colour4 = ImageStim(__class__=<class 'psychopy.visual.image.ImageStim'>, anchor=('center', 'center'), autoLog=True, color=array([1., 1., 1.]), colorSpace='rgb', contrast=1.0, depth=-12.0, flipHoriz=False, flipVert=False, image='images/weiss.png', interpolate=True, mask=None, maskParams=None, name='colour4', opacity=1.0, ori=0.0, pos=array([ 0.    , -0.3125]), size=array([0.18, 0.18]), texRes=128, units='height', win=Window(...))
10.8172 	EXP 	Created number1 = ImageStim(__class__=<class 'psychopy.visual.image.ImageStim'>, anchor=('center', 'center'), autoLog=True, color=array([1., 1., 1.]), colorSpace='rgb', contrast=1.0, depth=-13.0, flipHoriz=False, flipVert=False, image='images/1.png', interpolate=True, mask=None, maskParams=None, name='number1', opacity=1.0, ori=0.0, pos=array([0.4   , 0.3125]), size=array([0.18, 0.18]), texRes=128, units='height', win=Window(...))
10.8377 	EXP 	Created number2 = ImageStim(__class__=<class 'psychopy.visual.image.ImageStim'>, anchor=('center', 'center'), autoLog=True, color=array([1., 1., 1.]), colorSpace='rgb', contrast=1.0, depth=-14.0, flipHoriz=False, flipVert=False, image='images/2.png', interpolate=True, mask=None, maskParams=None, name='number2', opacity=1.0, ori=0.0, pos=array([0.4       , 0.10416667]), size=array([0.18, 0.18]), texRes=128, units='height', win=Window(...))
10.8632 	EXP 	Created number3 = ImageStim(__class__=<class 'psychopy.visual.image.ImageStim'>, anchor=('center', 'center'), autoLog=True, color=array([1., 1., 1.]), colorSpace='rgb', contrast=1.0, depth=-15.0, flipHoriz=False, flipVert=False, image='images/3.png', interpolate=True, mask=None, maskParams=None, name='number3', opacity=1.0, ori=0.0, pos=array([ 0.4       , -0.10416667]), size=array([0.18, 0.18]), texRes=128, units='height', win=Window(...))
10.8996 	EXP 	Created number4 = ImageStim(__class__=<class 'psychopy.visual.image.ImageStim'>, anchor=('center', 'center'), autoLog=True, color=array([1., 1., 1.]), colorSpace='rgb', contrast=1.0, depth=-16.0, flipHoriz=False, flipVert=False, image='images/4.png', interpolate=True, mask=None, maskParams=None, name='number4', opacity=1.0, ori=0.0, pos=array([ 0.4   , -0.3125]), size=array([0.18, 0.18]), texRes=128, units='height', win=Window(...))
10.8997 	EXP 	window1: mouseVisible = True
10.8997 	EXP 	window1: mouseVisible = True
10.8998 	EXP 	window1: mouseVisible = True
10.9222 	EXP 	Created blankScreenAfterResponse = ImageStim(__class__=<class 'psychopy.visual.image.ImageStim'>, anchor=('center', 'center'), autoLog=True, color=array([1., 1., 1.]), colorSpace='rgb', contrast=1.0, depth=-25.0, flipHoriz=False, flipVert=False, image='images/blankScreen.png', interpolate=True, mask=None, maskParams=None, name='blankScreenAfterResponse', opacity=1.0, ori=0.0, pos=array([0., 0.]), size=array([1920., 1080.]), texRes=128, units='height', win=Window(...))
10.9279 	EXP 	Created thanksText = TextStim(__class__=<class 'psychopy.visual.text.TextStim'>, alignHoriz=method-wrapper(...), alignText='center', alignVert=method-wrapper(...), anchorHoriz='center', anchorVert='center', antialias=True, autoLog=True, bold=False, color=array([1., 1., 1.]), colorSpace='rgb', contrast=1.0, depth=0.0, flipHoriz=False, flipVert=False, font='Arial', fontFiles=[], height=0.04, italic=False, languageStyle='LTR', name='thanksText', opacity=1.0, ori=0, pos=array([0., 0.]), rgb=UNKNOWN, text=str(...), units='height', win=Window(...), wrapWidth=1)
10.9280 	EXP 	window1: mouseVisible = False
10.9350 	EXP 	instrTrainText: autoDraw = True
12.1470 	EXP 	Imported order1.csv as conditions, 4 conditions, 1 params
12.1472 	EXP 	Created sequence: sequential, trialTypes=4, nReps=1, seed=None
12.1474 	EXP 	New trial (rep=0, index=0): OrderedDict([('condsFile', 'flow\\tts-golang-selected_PsyPySEQ_NV1.csv')])
12.1489 	DATA 	Keypress: space
12.1678 	EXP 	instrTrainText: autoDraw = False
12.1678 	EXP 	blockStart: autoDraw = True
17.7973 	EXP 	Imported flow\tts-golang-selected_PsyPySEQ_NV1.csv as conditions, 96 conditions, 26 params
17.7977 	EXP 	Created sequence: random, trialTypes=96, nReps=1, seed=None
17.7981 	EXP 	New trial (rep=0, index=0): OrderedDict([('audiofile', 'audio/NV_DE_Neural2-F_Kr-ge-Zw_0.6p.wav'), ('duration', 4.9812), ('noise', 'NV'), ('voice', 'Neural2-F'), ('words', 'Kr-ge-Zw'), ('callSign', 'Kr'), ('colour', 'ge'), ('number', 'Zw'), ('levels', '0.6p'), ('trigger_start', 100), ('trigger_end', 101), ('trigger_call', 113), ('trigger_col', 121), ('trigger_num', 132), ('file', 'DE_Neural2-F_Kr-ge-Zw.TextGrid'), ('firstSound_tmin', 0.16712), ('lastSound_tmax', 4.263363321333333), ('token_1_tmin', 0.7054321696666667), ('token_1_tmax', 1.230840529333333), ('token_2_tmin', 2.281359015), ('token_2_tmax', 2.608692328), ('token_3_tmin', 3.845156203333333), ('token_3_tmax', 4.263363321333333), ('rater', 'mean'), ('newidx', 8), ('block', 'NV1')])
17.9719 	EXP 	window1: mouseVisible = False
17.9827 	EXP 	Sound sound_1 started
17.9743 	DATA 	Keypress: space
17.9826 	EXP 	blockStart: autoDraw = False
17.9826 	EXP 	fixation: autoDraw = True
22.5689 	EXP 	Sound sound_1 reached end of file
22.6232 	EXP 	window1: mouseVisible = False
22.6324 	EXP 	fixation: autoDraw = False
22.6324 	EXP 	screenAfterAudio: autoDraw = True
22.6324 	EXP 	screenAfterAudio: autoDraw = False
22.6324 	EXP 	fixation: autoDraw = False
22.6324 	EXP 	screenAfterAudio: autoDraw = False
22.6324 	EXP 	call1: texRes = 128
22.6324 	EXP 	call2: texRes = 128
22.6324 	EXP 	call3: texRes = 128
22.6324 	EXP 	call4: texRes = 128
22.6324 	EXP 	colour1: texRes = 128
22.6324 	EXP 	colour2: texRes = 128
22.6324 	EXP 	colour3: texRes = 128
22.6324 	EXP 	colour4: texRes = 128
22.6324 	EXP 	number1: texRes = 128
22.6324 	EXP 	number2: texRes = 128
22.6324 	EXP 	number3: texRes = 128
22.6324 	EXP 	number4: texRes = 128
22.6324 	EXP 	blankScreen: autoDraw = True
22.6325 	EXP 	window1: mouseVisible = False
22.6643 	EXP 	window1: mouseVisible = False
22.6811 	EXP 	window1: mouseVisible = False
22.6979 	EXP 	window1: mouseVisible = False
22.7144 	EXP 	window1: mouseVisible = False
22.7314 	EXP 	window1: mouseVisible = False
22.7479 	EXP 	window1: mouseVisible = False
22.7646 	EXP 	window1: mouseVisible = False
22.7812 	EXP 	window1: mouseVisible = False
22.7979 	EXP 	window1: mouseVisible = False
22.8146 	EXP 	window1: mouseVisible = False
22.8312 	EXP 	window1: mouseVisible = False
22.8479 	EXP 	window1: mouseVisible = False
22.8647 	EXP 	window1: mouseVisible = False
22.8812 	EXP 	window1: mouseVisible = False
22.8980 	EXP 	window1: mouseVisible = False
22.9144 	EXP 	window1: mouseVisible = False
22.9312 	EXP 	window1: mouseVisible = False
22.9478 	EXP 	window1: mouseVisible = False
22.9645 	EXP 	window1: mouseVisible = False
22.9811 	EXP 	window1: mouseVisible = False
22.9978 	EXP 	window1: mouseVisible = False
23.0144 	EXP 	window1: mouseVisible = False
23.0312 	EXP 	window1: mouseVisible = False
23.0478 	EXP 	window1: mouseVisible = False
23.0646 	EXP 	window1: mouseVisible = False
23.0811 	EXP 	window1: mouseVisible = False
23.0978 	EXP 	window1: mouseVisible = False
23.1146 	EXP 	window1: mouseVisible = False
23.1311 	EXP 	window1: mouseVisible = False
23.1478 	EXP 	window1: mouseVisible = False
23.1644 	EXP 	window1: mouseVisible = False
23.1810 	EXP 	window1: mouseVisible = False
23.1976 	EXP 	window1: mouseVisible = False
23.2144 	EXP 	window1: mouseVisible = False
23.2312 	EXP 	window1: mouseVisible = False
23.2477 	EXP 	window1: mouseVisible = False
23.2644 	EXP 	window1: mouseVisible = False
23.2812 	EXP 	window1: mouseVisible = False
23.2978 	EXP 	window1: mouseVisible = False
23.3144 	EXP 	window1: mouseVisible = False
23.3316 	EXP 	window1: mouseVisible = False
23.3480 	EXP 	window1: mouseVisible = False
23.3642 	EXP 	window1: mouseVisible = False
23.3808 	EXP 	window1: mouseVisible = False
23.3977 	EXP 	window1: mouseVisible = False
23.4143 	EXP 	window1: mouseVisible = False
23.4310 	EXP 	window1: mouseVisible = False
23.4473 	EXP 	window1: mouseVisible = False
23.4642 	EXP 	window1: mouseVisible = False
23.4809 	EXP 	window1: mouseVisible = False
23.4975 	EXP 	window1: mouseVisible = False
23.5142 	EXP 	window1: mouseVisible = False
23.5309 	EXP 	window1: mouseVisible = False
23.5476 	EXP 	window1: mouseVisible = False
23.5644 	EXP 	window1: mouseVisible = False
23.5809 	EXP 	window1: mouseVisible = False
23.5977 	EXP 	window1: mouseVisible = False
23.6141 	EXP 	window1: mouseVisible = False
23.6308 	EXP 	window1: mouseVisible = False
23.6470 	EXP 	blankScreen: autoDraw = False
23.6470 	EXP 	call1: autoDraw = True
23.6470 	EXP 	call2: autoDraw = True
23.6470 	EXP 	call3: autoDraw = True
23.6470 	EXP 	call4: autoDraw = True
23.6470 	EXP 	colour1: autoDraw = True
23.6470 	EXP 	colour2: autoDraw = True
23.6470 	EXP 	colour3: autoDraw = True
23.6470 	EXP 	colour4: autoDraw = True
23.6470 	EXP 	number1: autoDraw = True
23.6470 	EXP 	number2: autoDraw = True
23.6470 	EXP 	number3: autoDraw = True
23.6470 	EXP 	number4: autoDraw = True
23.6471 	EXP 	window1: mouseVisible = False
23.6473 	EXP 	window1: mouseVisible = True
23.6642 	EXP 	window1: mouseVisible = False
23.6644 	EXP 	window1: mouseVisible = True
23.6810 	EXP 	window1: mouseVisible = False
23.6812 	EXP 	window1: mouseVisible = True
23.6977 	EXP 	window1: mouseVisible = False
23.6979 	EXP 	window1: mouseVisible = True
23.7141 	EXP 	window1: mouseVisible = False
23.7142 	EXP 	window1: mouseVisible = True
23.7311 	EXP 	window1: mouseVisible = False
23.7313 	EXP 	window1: mouseVisible = True
23.7476 	EXP 	window1: mouseVisible = False
23.7478 	EXP 	window1: mouseVisible = True
23.7642 	EXP 	window1: mouseVisible = False
23.7644 	EXP 	window1: mouseVisible = True
23.7809 	EXP 	window1: mouseVisible = False
23.7811 	EXP 	window1: mouseVisible = True
23.7977 	EXP 	window1: mouseVisible = False
23.7980 	EXP 	window1: mouseVisible = True
23.8142 	EXP 	window1: mouseVisible = False
23.8144 	EXP 	window1: mouseVisible = True
23.8311 	EXP 	window1: mouseVisible = False
23.8312 	EXP 	window1: mouseVisible = True
23.8477 	EXP 	window1: mouseVisible = False
23.8482 	EXP 	window1: mouseVisible = True
23.8642 	EXP 	window1: mouseVisible = False
23.8648 	EXP 	window1: mouseVisible = True
23.8808 	EXP 	window1: mouseVisible = False
23.8810 	EXP 	window1: mouseVisible = True
23.8979 	EXP 	window1: mouseVisible = False
23.8981 	EXP 	window1: mouseVisible = True
23.9141 	EXP 	window1: mouseVisible = False
23.9143 	EXP 	window1: mouseVisible = True
23.9313 	EXP 	window1: mouseVisible = False
23.9315 	EXP 	window1: mouseVisible = True
23.9477 	EXP 	window1: mouseVisible = False
23.9478 	EXP 	window1: mouseVisible = True
23.9640 	EXP 	window1: mouseVisible = False
23.9642 	EXP 	window1: mouseVisible = True
23.9808 	EXP 	window1: mouseVisible = False
23.9809 	EXP 	window1: mouseVisible = True
23.9974 	EXP 	window1: mouseVisible = False
23.9976 	EXP 	window1: mouseVisible = True
24.0141 	EXP 	window1: mouseVisible = False
24.0143 	EXP 	window1: mouseVisible = True
24.0307 	EXP 	window1: mouseVisible = False
24.0309 	EXP 	window1: mouseVisible = True
24.0474 	EXP 	window1: mouseVisible = False
24.0476 	EXP 	window1: mouseVisible = True
24.0639 	EXP 	window1: mouseVisible = False
24.0643 	EXP 	window1: mouseVisible = True
24.0811 	EXP 	window1: mouseVisible = False
24.0813 	EXP 	window1: mouseVisible = True
24.0975 	EXP 	window1: mouseVisible = False
24.0976 	EXP 	window1: mouseVisible = True
24.1143 	EXP 	window1: mouseVisible = False
24.1145 	EXP 	window1: mouseVisible = True
24.1310 	EXP 	window1: mouseVisible = False
24.1312 	EXP 	window1: mouseVisible = True
24.1475 	EXP 	window1: mouseVisible = False
24.1479 	EXP 	window1: mouseVisible = True
24.1642 	EXP 	window1: mouseVisible = False
24.1644 	EXP 	window1: mouseVisible = True
24.1806 	EXP 	window1: mouseVisible = False
24.1811 	EXP 	window1: mouseVisible = True
24.1975 	EXP 	window1: mouseVisible = False
24.1977 	EXP 	window1: mouseVisible = True
24.2142 	EXP 	window1: mouseVisible = False
24.2145 	EXP 	window1: mouseVisible = True
24.2309 	EXP 	window1: mouseVisible = False
24.2310 	EXP 	window1: mouseVisible = True
24.2475 	EXP 	window1: mouseVisible = False
24.2477 	EXP 	window1: mouseVisible = True
24.2640 	EXP 	window1: mouseVisible = False
24.2641 	EXP 	window1: mouseVisible = True
24.2807 	EXP 	window1: mouseVisible = False
24.2809 	EXP 	window1: mouseVisible = True
24.2975 	EXP 	window1: mouseVisible = False
24.2977 	EXP 	window1: mouseVisible = True
24.3142 	EXP 	window1: mouseVisible = False
24.3143 	EXP 	window1: mouseVisible = True
24.3307 	EXP 	window1: mouseVisible = False
24.3309 	EXP 	window1: mouseVisible = True
24.3475 	EXP 	window1: mouseVisible = False
24.3476 	EXP 	window1: mouseVisible = True
24.3640 	EXP 	window1: mouseVisible = False
24.3642 	EXP 	window1: mouseVisible = True
24.3809 	EXP 	window1: mouseVisible = False
24.3810 	EXP 	window1: mouseVisible = True
24.3974 	EXP 	window1: mouseVisible = False
24.3979 	EXP 	window1: mouseVisible = True
24.4140 	EXP 	window1: mouseVisible = False
24.4142 	EXP 	window1: mouseVisible = True
24.4309 	EXP 	window1: mouseVisible = False
24.4312 	EXP 	window1: mouseVisible = True
24.4475 	EXP 	window1: mouseVisible = False
24.4478 	EXP 	window1: mouseVisible = True
24.4641 	EXP 	window1: mouseVisible = False
24.4642 	EXP 	window1: mouseVisible = True
24.4806 	EXP 	window1: mouseVisible = False
24.4808 	EXP 	window1: mouseVisible = True
24.4973 	EXP 	window1: mouseVisible = False
24.4974 	EXP 	window1: mouseVisible = True
24.5142 	EXP 	window1: mouseVisible = False
24.5144 	EXP 	window1: mouseVisible = True
24.5307 	EXP 	window1: mouseVisible = False
24.5309 	EXP 	window1: mouseVisible = True
24.5476 	EXP 	window1: mouseVisible = False
24.5477 	EXP 	window1: mouseVisible = True
24.5643 	EXP 	window1: mouseVisible = False
24.5644 	EXP 	window1: mouseVisible = True
24.5809 	EXP 	window1: mouseVisible = False
24.5811 	EXP 	window1: mouseVisible = True
24.5974 	EXP 	window1: mouseVisible = False
24.5976 	EXP 	window1: mouseVisible = True
24.6140 	EXP 	window1: mouseVisible = False
24.6144 	EXP 	window1: mouseVisible = True
24.6307 	EXP 	window1: mouseVisible = False
24.6309 	EXP 	window1: mouseVisible = True
24.6474 	EXP 	window1: mouseVisible = False
24.6477 	EXP 	window1: mouseVisible = True
24.6640 	EXP 	window1: mouseVisible = False
24.6641 	EXP 	window1: mouseVisible = True
24.6808 	EXP 	window1: mouseVisible = False
24.6813 	EXP 	window1: mouseVisible = True
24.6973 	EXP 	window1: mouseVisible = False
24.6975 	EXP 	window1: mouseVisible = True
24.7142 	EXP 	window1: mouseVisible = False
24.7146 	EXP 	window1: mouseVisible = True
24.7306 	EXP 	window1: mouseVisible = False
24.7310 	EXP 	window1: mouseVisible = True
24.7474 	EXP 	window1: mouseVisible = False
24.7476 	EXP 	window1: mouseVisible = True
24.7641 	EXP 	window1: mouseVisible = False
24.7643 	EXP 	window1: mouseVisible = True
24.7808 	EXP 	window1: mouseVisible = False
24.7810 	EXP 	window1: mouseVisible = True
24.7971 	EXP 	window1: mouseVisible = False
24.7977 	EXP 	window1: mouseVisible = True
24.8141 	EXP 	window1: mouseVisible = False
24.8143 	EXP 	window1: mouseVisible = True
24.8305 	EXP 	window1: mouseVisible = False
24.8310 	EXP 	window1: mouseVisible = True
24.8472 	EXP 	window1: mouseVisible = False
24.8473 	EXP 	window1: mouseVisible = True
24.8638 	EXP 	window1: mouseVisible = False
24.8642 	EXP 	window1: mouseVisible = True
24.8808 	EXP 	window1: mouseVisible = False
24.8809 	EXP 	window1: mouseVisible = True
24.8974 	EXP 	window1: mouseVisible = False
24.8977 	EXP 	window1: mouseVisible = True
24.9139 	EXP 	window1: mouseVisible = False
24.9141 	EXP 	window1: mouseVisible = True
24.9308 	EXP 	window1: mouseVisible = False
24.9311 	EXP 	window1: mouseVisible = True
24.9472 	EXP 	window1: mouseVisible = False
24.9477 	EXP 	window1: mouseVisible = True
24.9642 	EXP 	window1: mouseVisible = False
24.9643 	EXP 	window1: mouseVisible = True
24.9807 	EXP 	window1: mouseVisible = False
24.9809 	EXP 	window1: mouseVisible = True
24.9978 	EXP 	window1: mouseVisible = False
24.9984 	EXP 	window1: mouseVisible = True
25.0139 	EXP 	window1: mouseVisible = False
25.0140 	EXP 	window1: mouseVisible = True
25.0303 	EXP 	window1: mouseVisible = False
25.0305 	EXP 	window1: mouseVisible = True
25.0471 	EXP 	window1: mouseVisible = False
25.0472 	EXP 	window1: mouseVisible = True
25.0640 	EXP 	window1: mouseVisible = False
25.0641 	EXP 	window1: mouseVisible = True
25.0807 	EXP 	window1: mouseVisible = False
25.0809 	EXP 	window1: mouseVisible = True
25.0976 	EXP 	window1: mouseVisible = False
25.0978 	EXP 	window1: mouseVisible = True
25.1142 	EXP 	window1: mouseVisible = False
25.1144 	EXP 	window1: mouseVisible = True
25.1307 	EXP 	window1: mouseVisible = False
25.1309 	EXP 	window1: mouseVisible = True
25.1477 	EXP 	window1: mouseVisible = False
25.1481 	EXP 	window1: mouseVisible = True
25.1641 	EXP 	window1: mouseVisible = False
25.1644 	EXP 	window1: mouseVisible = True
25.1808 	EXP 	window1: mouseVisible = False
25.1813 	EXP 	window1: mouseVisible = True
25.1974 	EXP 	window1: mouseVisible = False
25.1976 	EXP 	window1: mouseVisible = True
25.2140 	EXP 	window1: mouseVisible = False
25.2142 	EXP 	window1: mouseVisible = True
25.2306 	EXP 	window1: mouseVisible = False
25.2308 	EXP 	window1: mouseVisible = True
25.2478 	EXP 	window1: mouseVisible = False
25.2481 	EXP 	window1: mouseVisible = True
25.2643 	EXP 	window1: mouseVisible = False
25.2645 	EXP 	window1: mouseVisible = True
25.2812 	EXP 	window1: mouseVisible = False
25.2813 	EXP 	window1: mouseVisible = True
25.2974 	EXP 	window1: mouseVisible = False
25.2979 	EXP 	window1: mouseVisible = True
25.3141 	EXP 	window1: mouseVisible = False
25.3143 	EXP 	window1: mouseVisible = True
25.3307 	EXP 	window1: mouseVisible = False
25.3311 	EXP 	window1: mouseVisible = True
25.3472 	EXP 	window1: mouseVisible = False
25.3473 	EXP 	window1: mouseVisible = True
25.3636 	EXP 	window1: mouseVisible = False
25.3639 	EXP 	window1: mouseVisible = True
25.3807 	EXP 	window1: mouseVisible = False
25.3809 	EXP 	window1: mouseVisible = True
25.3971 	EXP 	window1: mouseVisible = False
25.3976 	EXP 	window1: mouseVisible = True
25.4139 	EXP 	window1: mouseVisible = False
25.4140 	EXP 	window1: mouseVisible = True
25.4306 	EXP 	window1: mouseVisible = False
25.4308 	EXP 	window1: mouseVisible = True
25.4471 	EXP 	window1: mouseVisible = False
25.4473 	EXP 	window1: mouseVisible = True
25.4637 	EXP 	window1: mouseVisible = False
25.4639 	EXP 	window1: mouseVisible = True
25.4805 	EXP 	window1: mouseVisible = False
25.4807 	EXP 	window1: mouseVisible = True
25.4970 	EXP 	window1: mouseVisible = False
25.4975 	EXP 	window1: mouseVisible = True
25.5139 	EXP 	window1: mouseVisible = False
25.5140 	EXP 	window1: mouseVisible = True
25.5309 	EXP 	window1: mouseVisible = False
25.5312 	EXP 	window1: mouseVisible = True
25.5471 	EXP 	window1: mouseVisible = False
25.5473 	EXP 	window1: mouseVisible = True
25.5637 	EXP 	window1: mouseVisible = False
25.5640 	EXP 	window1: mouseVisible = True
25.5805 	EXP 	window1: mouseVisible = False
25.5807 	EXP 	window1: mouseVisible = True
25.5972 	EXP 	window1: mouseVisible = False
25.5975 	EXP 	window1: mouseVisible = True
25.6138 	EXP 	window1: mouseVisible = False
25.6140 	EXP 	window1: mouseVisible = True
25.6302 	EXP 	window1: mouseVisible = False
25.6304 	EXP 	window1: mouseVisible = True
25.6473 	EXP 	window1: mouseVisible = False
25.6475 	EXP 	window1: mouseVisible = True
25.6634 	EXP 	window1: mouseVisible = False
25.6636 	EXP 	window1: mouseVisible = True
25.6805 	EXP 	window1: mouseVisible = False
25.6806 	EXP 	window1: mouseVisible = True
25.6971 	EXP 	window1: mouseVisible = False
25.6974 	EXP 	window1: mouseVisible = True
25.7136 	EXP 	window1: mouseVisible = False
25.7138 	EXP 	window1: mouseVisible = True
25.7304 	EXP 	window1: mouseVisible = False
25.7306 	EXP 	window1: mouseVisible = True
25.7471 	EXP 	window1: mouseVisible = False
25.7473 	EXP 	window1: mouseVisible = True
25.7637 	EXP 	window1: mouseVisible = False
25.7639 	EXP 	window1: mouseVisible = True
25.7804 	EXP 	window1: mouseVisible = False
25.7805 	EXP 	window1: mouseVisible = True
25.7968 	EXP 	window1: mouseVisible = False
25.7969 	EXP 	window1: mouseVisible = True
25.8137 	EXP 	window1: mouseVisible = False
25.8142 	EXP 	window1: mouseVisible = True
25.8303 	EXP 	window1: mouseVisible = False
25.8305 	EXP 	window1: mouseVisible = True
25.8471 	EXP 	window1: mouseVisible = False
25.8473 	EXP 	window1: mouseVisible = True
25.8635 	EXP 	window1: mouseVisible = False
25.8637 	EXP 	window1: mouseVisible = True
25.8807 	EXP 	window1: mouseVisible = False
25.8809 	EXP 	window1: mouseVisible = True
25.8967 	EXP 	window1: mouseVisible = False
25.8969 	EXP 	window1: mouseVisible = True
25.9134 	EXP 	window1: mouseVisible = False
25.9135 	EXP 	window1: mouseVisible = True
25.9301 	EXP 	window1: mouseVisible = False
25.9303 	EXP 	window1: mouseVisible = True
25.9468 	EXP 	window1: mouseVisible = False
25.9470 	EXP 	window1: mouseVisible = True
25.9637 	EXP 	window1: mouseVisible = False
25.9639 	EXP 	window1: mouseVisible = True
25.9805 	EXP 	window1: mouseVisible = False
25.9807 	EXP 	window1: mouseVisible = True
25.9971 	EXP 	window1: mouseVisible = False
25.9974 	EXP 	window1: mouseVisible = True
26.0137 	EXP 	window1: mouseVisible = False
26.0139 	EXP 	window1: mouseVisible = True
26.0305 	EXP 	window1: mouseVisible = False
26.0307 	EXP 	window1: mouseVisible = True
26.0469 	EXP 	window1: mouseVisible = False
26.0471 	EXP 	window1: mouseVisible = True
26.0636 	EXP 	window1: mouseVisible = False
26.0638 	EXP 	window1: mouseVisible = True
26.0804 	EXP 	window1: mouseVisible = False
26.0806 	EXP 	window1: mouseVisible = True
26.0969 	EXP 	window1: mouseVisible = False
26.0974 	EXP 	window1: mouseVisible = True
26.1136 	EXP 	window1: mouseVisible = False
26.1137 	EXP 	window1: mouseVisible = True
26.1303 	EXP 	window1: mouseVisible = False
26.1309 	EXP 	window1: mouseVisible = True
26.1469 	EXP 	window1: mouseVisible = False
26.1471 	EXP 	window1: mouseVisible = True
26.1641 	EXP 	window1: mouseVisible = False
26.1643 	EXP 	window1: mouseVisible = True
26.1803 	EXP 	window1: mouseVisible = False
26.1805 	EXP 	window1: mouseVisible = True
26.1967 	EXP 	window1: mouseVisible = False
26.1969 	EXP 	window1: mouseVisible = True
26.2133 	EXP 	window1: mouseVisible = False
26.2134 	EXP 	window1: mouseVisible = True
26.2300 	EXP 	window1: mouseVisible = False
26.2302 	EXP 	window1: mouseVisible = True
26.2466 	EXP 	window1: mouseVisible = False
26.2468 	EXP 	window1: mouseVisible = True
26.2634 	EXP 	window1: mouseVisible = False
26.2636 	EXP 	window1: mouseVisible = True
26.2802 	EXP 	window1: mouseVisible = False
26.2804 	EXP 	window1: mouseVisible = True
26.2970 	EXP 	window1: mouseVisible = False
26.2971 	EXP 	window1: mouseVisible = True
26.3135 	EXP 	window1: mouseVisible = False
26.3137 	EXP 	window1: mouseVisible = True
26.3301 	EXP 	window1: mouseVisible = False
26.3303 	EXP 	window1: mouseVisible = True
26.3330 	DATA 	Mouse: Left button down, pos=(233,246)
26.3465 	EXP 	window1: mouseVisible = False
26.3467 	EXP 	window1: mouseVisible = True
26.3801 	EXP 	call1: texRes = 128
26.3801 	EXP 	call2: texRes = 128
26.3801 	EXP 	call3: texRes = 128
26.3802 	EXP 	window1: mouseVisible = False
26.3807 	EXP 	window1: mouseVisible = True
26.3970 	EXP 	window1: mouseVisible = False
26.3972 	EXP 	window1: mouseVisible = True
26.4139 	EXP 	window1: mouseVisible = False
26.4141 	EXP 	window1: mouseVisible = True
26.4300 	EXP 	window1: mouseVisible = False
26.4302 	EXP 	window1: mouseVisible = True
26.4470 	EXP 	window1: mouseVisible = False
26.4475 	EXP 	window1: mouseVisible = True
26.4636 	EXP 	window1: mouseVisible = False
26.4638 	EXP 	window1: mouseVisible = True
26.4639 	DATA 	Mouse:  Left button up, pos=(233,246)
26.4806 	EXP 	window1: mouseVisible = False
26.4808 	EXP 	window1: mouseVisible = True
26.4971 	EXP 	window1: mouseVisible = False
26.4973 	EXP 	window1: mouseVisible = True
26.5138 	EXP 	window1: mouseVisible = False
26.5139 	EXP 	window1: mouseVisible = True
26.5304 	EXP 	window1: mouseVisible = False
26.5306 	EXP 	window1: mouseVisible = True
26.5469 	EXP 	window1: mouseVisible = False
26.5471 	EXP 	window1: mouseVisible = True
26.5635 	EXP 	window1: mouseVisible = False
26.5642 	EXP 	window1: mouseVisible = True
26.5803 	EXP 	window1: mouseVisible = False
26.5810 	EXP 	window1: mouseVisible = True
26.5971 	EXP 	window1: mouseVisible = False
26.5972 	EXP 	window1: mouseVisible = True
26.6135 	EXP 	window1: mouseVisible = False
26.6137 	EXP 	window1: mouseVisible = True
26.6303 	EXP 	window1: mouseVisible = False
26.6305 	EXP 	window1: mouseVisible = True
26.6469 	EXP 	window1: mouseVisible = False
26.6471 	EXP 	window1: mouseVisible = True
26.6638 	EXP 	window1: mouseVisible = False
26.6640 	EXP 	window1: mouseVisible = True
26.6805 	EXP 	window1: mouseVisible = False
26.6807 	EXP 	window1: mouseVisible = True
26.6975 	EXP 	window1: mouseVisible = False
26.6976 	EXP 	window1: mouseVisible = True
26.7133 	EXP 	window1: mouseVisible = False
26.7135 	EXP 	window1: mouseVisible = True
26.7299 	EXP 	window1: mouseVisible = False
26.7300 	EXP 	window1: mouseVisible = True
26.7466 	EXP 	window1: mouseVisible = False
26.7468 	EXP 	window1: mouseVisible = True
26.7631 	EXP 	window1: mouseVisible = False
26.7632 	EXP 	window1: mouseVisible = True
26.7800 	EXP 	window1: mouseVisible = False
26.7802 	EXP 	window1: mouseVisible = True
26.7966 	EXP 	window1: mouseVisible = False
26.7969 	EXP 	window1: mouseVisible = True
26.8134 	EXP 	window1: mouseVisible = False
26.8136 	EXP 	window1: mouseVisible = True
26.8300 	EXP 	window1: mouseVisible = False
26.8301 	EXP 	window1: mouseVisible = True
26.8466 	EXP 	window1: mouseVisible = False
26.8468 	EXP 	window1: mouseVisible = True
26.8635 	EXP 	window1: mouseVisible = False
26.8637 	EXP 	window1: mouseVisible = True
26.8641 	DATA 	Mouse: Left button down, pos=(592,383)
26.8965 	EXP 	colour1: texRes = 128
26.8965 	EXP 	colour2: texRes = 128
26.8965 	EXP 	colour4: texRes = 128
26.8967 	EXP 	window1: mouseVisible = False
26.8969 	EXP 	window1: mouseVisible = True
26.9132 	EXP 	window1: mouseVisible = False
26.9136 	EXP 	window1: mouseVisible = True
26.9301 	EXP 	window1: mouseVisible = False
26.9303 	EXP 	window1: mouseVisible = True
26.9471 	EXP 	window1: mouseVisible = False
26.9472 	EXP 	window1: mouseVisible = True
26.9633 	EXP 	window1: mouseVisible = False
26.9635 	EXP 	window1: mouseVisible = True
26.9800 	EXP 	window1: mouseVisible = False
26.9801 	EXP 	window1: mouseVisible = True
26.9803 	DATA 	Mouse:  Left button up, pos=(592,383)
26.9967 	EXP 	window1: mouseVisible = False
26.9969 	EXP 	window1: mouseVisible = True
27.0131 	EXP 	window1: mouseVisible = False
27.0133 	EXP 	window1: mouseVisible = True
27.0300 	EXP 	window1: mouseVisible = False
27.0302 	EXP 	window1: mouseVisible = True
27.0463 	EXP 	window1: mouseVisible = False
27.0464 	EXP 	window1: mouseVisible = True
27.0633 	EXP 	window1: mouseVisible = False
27.0635 	EXP 	window1: mouseVisible = True
27.0800 	EXP 	window1: mouseVisible = False
27.0802 	EXP 	window1: mouseVisible = True
27.0965 	EXP 	window1: mouseVisible = False
27.0969 	EXP 	window1: mouseVisible = True
27.1133 	EXP 	window1: mouseVisible = False
27.1135 	EXP 	window1: mouseVisible = True
27.1299 	EXP 	window1: mouseVisible = False
27.1304 	EXP 	window1: mouseVisible = True
27.1465 	EXP 	window1: mouseVisible = False
27.1467 	EXP 	window1: mouseVisible = True
27.1632 	EXP 	window1: mouseVisible = False
27.1638 	EXP 	window1: mouseVisible = True
27.1800 	EXP 	window1: mouseVisible = False
27.1801 	EXP 	window1: mouseVisible = True
27.1963 	EXP 	window1: mouseVisible = False
27.1964 	EXP 	window1: mouseVisible = True
27.2130 	EXP 	window1: mouseVisible = False
27.2131 	EXP 	window1: mouseVisible = True
27.2297 	EXP 	window1: mouseVisible = False
27.2299 	EXP 	window1: mouseVisible = True
27.2462 	EXP 	window1: mouseVisible = False
27.2464 	EXP 	window1: mouseVisible = True
27.2628 	EXP 	window1: mouseVisible = False
27.2630 	EXP 	window1: mouseVisible = True
27.2798 	EXP 	window1: mouseVisible = False
27.2799 	EXP 	window1: mouseVisible = True
27.2965 	EXP 	window1: mouseVisible = False
27.2967 	EXP 	window1: mouseVisible = True
27.3128 	EXP 	window1: mouseVisible = False
27.3129 	EXP 	window1: mouseVisible = True
27.3296 	EXP 	window1: mouseVisible = False
27.3297 	EXP 	window1: mouseVisible = True
27.3466 	EXP 	window1: mouseVisible = False
27.3471 	EXP 	window1: mouseVisible = True
27.3630 	EXP 	window1: mouseVisible = False
27.3632 	EXP 	window1: mouseVisible = True
27.3801 	EXP 	window1: mouseVisible = False
27.3807 	EXP 	window1: mouseVisible = True
27.3960 	EXP 	window1: mouseVisible = False
27.3963 	EXP 	window1: mouseVisible = True
27.4133 	EXP 	window1: mouseVisible = False
27.4135 	EXP 	window1: mouseVisible = True
27.4298 	EXP 	window1: mouseVisible = False
27.4299 	EXP 	window1: mouseVisible = True
27.4464 	EXP 	window1: mouseVisible = False
27.4469 	EXP 	window1: mouseVisible = True
27.4632 	EXP 	window1: mouseVisible = False
27.4636 	EXP 	window1: mouseVisible = True
27.4797 	EXP 	window1: mouseVisible = False
27.4802 	EXP 	window1: mouseVisible = True
27.4966 	EXP 	window1: mouseVisible = False
27.4967 	EXP 	window1: mouseVisible = True
27.5132 	EXP 	window1: mouseVisible = False
27.5134 	EXP 	window1: mouseVisible = True
27.5298 	EXP 	window1: mouseVisible = False
27.5299 	EXP 	window1: mouseVisible = True
27.5466 	EXP 	window1: mouseVisible = False
27.5467 	EXP 	window1: mouseVisible = True
27.5631 	EXP 	window1: mouseVisible = False
27.5633 	EXP 	window1: mouseVisible = True
27.5798 	EXP 	window1: mouseVisible = False
27.5799 	EXP 	window1: mouseVisible = True
27.5963 	EXP 	window1: mouseVisible = False
27.5969 	EXP 	window1: mouseVisible = True
27.6129 	EXP 	window1: mouseVisible = False
27.6130 	EXP 	window1: mouseVisible = True
27.6298 	EXP 	window1: mouseVisible = False
27.6300 	EXP 	window1: mouseVisible = True
27.6466 	EXP 	window1: mouseVisible = False
27.6467 	EXP 	window1: mouseVisible = True
27.6631 	EXP 	window1: mouseVisible = False
27.6633 	EXP 	window1: mouseVisible = True
27.6796 	EXP 	window1: mouseVisible = False
27.6802 	EXP 	window1: mouseVisible = True
27.6964 	EXP 	window1: mouseVisible = False
27.6966 	EXP 	window1: mouseVisible = True
27.7130 	EXP 	window1: mouseVisible = False
27.7132 	EXP 	window1: mouseVisible = True
27.7298 	EXP 	window1: mouseVisible = False
27.7301 	EXP 	window1: mouseVisible = True
27.7465 	EXP 	window1: mouseVisible = False
27.7467 	EXP 	window1: mouseVisible = True
27.7630 	EXP 	window1: mouseVisible = False
27.7632 	EXP 	window1: mouseVisible = True
27.7797 	EXP 	window1: mouseVisible = False
27.7799 	EXP 	window1: mouseVisible = True
27.7964 	EXP 	window1: mouseVisible = False
27.7967 	EXP 	window1: mouseVisible = True
27.8129 	EXP 	window1: mouseVisible = False
27.8130 	EXP 	window1: mouseVisible = True
27.8297 	EXP 	window1: mouseVisible = False
27.8300 	EXP 	window1: mouseVisible = True
27.8463 	EXP 	window1: mouseVisible = False
27.8464 	EXP 	window1: mouseVisible = True
27.8633 	EXP 	window1: mouseVisible = False
27.8634 	EXP 	window1: mouseVisible = True
27.8797 	EXP 	window1: mouseVisible = False
27.8798 	EXP 	window1: mouseVisible = True
27.8960 	EXP 	window1: mouseVisible = False
27.8961 	EXP 	window1: mouseVisible = True
27.8963 	DATA 	Mouse: Left button down, pos=(1058,428)
27.9129 	EXP 	New trial (rep=0, index=1): OrderedDict([('audiofile', 'audio/NV_DE_Neural2-F_Ti-we-Dr_0.7p.wav'), ('duration', 4.9342), ('noise', 'NV'), ('voice', 'Neural2-F'), ('words', 'Ti-we-Dr'), ('callSign', 'Ti'), ('colour', 'we'), ('number', 'Dr'), ('levels', '0.7p'), ('trigger_start', 100), ('trigger_end', 101), ('trigger_call', 114), ('trigger_col', 124), ('trigger_num', 133), ('file', 'DE_Neural2-F_Ti-we-Dr.TextGrid'), ('firstSound_tmin', 0.15712), ('lastSound_tmax', 4.178990954666666), ('token_1_tmin', 0.751623296), ('token_1_tmax', 1.20285526), ('token_2_tmin', 2.299513212666666), ('token_2_tmax', 2.6679914683333337), ('token_3_tmin', 3.845472232), ('token_3_tmax', 4.178990954666666), ('rater', 'mean'), ('newidx', 14), ('block', 'NV1')])
28.2606 	EXP 	window1: mouseVisible = False
28.2618 	EXP 	Sound sound_1 started
28.2618 	DATA 	Mouse:  Left button up, pos=(1058,428)
28.2795 	EXP 	number1: texRes = 128
28.2795 	EXP 	number2: texRes = 128
28.2795 	EXP 	number4: texRes = 128
28.2795 	EXP 	blankScreenAfterResponse: autoDraw = True
28.2795 	EXP 	blankScreen: autoDraw = False
28.2795 	EXP 	call1: autoDraw = False
28.2795 	EXP 	call2: autoDraw = False
28.2795 	EXP 	call3: autoDraw = False
28.2795 	EXP 	call4: autoDraw = False
28.2795 	EXP 	colour1: autoDraw = False
28.2795 	EXP 	colour2: autoDraw = False
28.2795 	EXP 	colour3: autoDraw = False
28.2795 	EXP 	colour4: autoDraw = False
28.2795 	EXP 	number1: autoDraw = False
28.2795 	EXP 	number2: autoDraw = False
28.2795 	EXP 	number3: autoDraw = False
28.2795 	EXP 	number4: autoDraw = False
28.2795 	EXP 	blankScreenAfterResponse: autoDraw = False
28.2795 	EXP 	fixation: autoDraw = True
32.8164 	EXP 	Sound sound_1 reached end of file
32.8717 	EXP 	window1: mouseVisible = False
32.8785 	EXP 	fixation: autoDraw = False
32.8785 	EXP 	screenAfterAudio: autoDraw = True
32.8785 	EXP 	screenAfterAudio: autoDraw = False
32.8785 	EXP 	fixation: autoDraw = False
32.8785 	EXP 	screenAfterAudio: autoDraw = False
32.8785 	EXP 	call1: texRes = 128
32.8785 	EXP 	call2: texRes = 128
32.8785 	EXP 	call3: texRes = 128
32.8785 	EXP 	call4: texRes = 128
32.8785 	EXP 	colour1: texRes = 128
32.8785 	EXP 	colour2: texRes = 128
32.8785 	EXP 	colour3: texRes = 128
32.8785 	EXP 	colour4: texRes = 128
32.8785 	EXP 	number1: texRes = 128
32.8785 	EXP 	number2: texRes = 128
32.8785 	EXP 	number3: texRes = 128
32.8785 	EXP 	number4: texRes = 128
32.8785 	EXP 	blankScreen: autoDraw = True
32.8787 	EXP 	window1: mouseVisible = False
32.9113 	EXP 	window1: mouseVisible = False
32.9279 	EXP 	window1: mouseVisible = False
32.9446 	EXP 	window1: mouseVisible = False
32.9612 	EXP 	window1: mouseVisible = False
32.9779 	EXP 	window1: mouseVisible = False
32.9946 	EXP 	window1: mouseVisible = False
33.0111 	EXP 	window1: mouseVisible = False
33.0280 	EXP 	window1: mouseVisible = False
33.0446 	EXP 	window1: mouseVisible = False
33.0615 	EXP 	window1: mouseVisible = False
33.0780 	EXP 	window1: mouseVisible = False
33.0944 	EXP 	window1: mouseVisible = False
33.1112 	EXP 	window1: mouseVisible = False
33.1279 	EXP 	window1: mouseVisible = False
33.1446 	EXP 	window1: mouseVisible = False
33.1610 	EXP 	window1: mouseVisible = False
33.1781 	EXP 	window1: mouseVisible = False
33.1944 	EXP 	window1: mouseVisible = False
33.2111 	EXP 	window1: mouseVisible = False
33.2276 	EXP 	window1: mouseVisible = False
33.2444 	EXP 	window1: mouseVisible = False
33.2611 	EXP 	window1: mouseVisible = False
33.2778 	EXP 	window1: mouseVisible = False
33.2944 	EXP 	window1: mouseVisible = False
33.3112 	EXP 	window1: mouseVisible = False
33.3278 	EXP 	window1: mouseVisible = False
33.3445 	EXP 	window1: mouseVisible = False
33.3613 	EXP 	window1: mouseVisible = False
33.3775 	EXP 	window1: mouseVisible = False
33.3943 	EXP 	window1: mouseVisible = False
33.4111 	EXP 	window1: mouseVisible = False
33.4277 	EXP 	window1: mouseVisible = False
33.4443 	EXP 	window1: mouseVisible = False
33.4610 	EXP 	window1: mouseVisible = False
33.4778 	EXP 	window1: mouseVisible = False
33.4943 	EXP 	window1: mouseVisible = False
33.5109 	EXP 	window1: mouseVisible = False
33.5277 	EXP 	window1: mouseVisible = False
33.5444 	EXP 	window1: mouseVisible = False
33.5611 	EXP 	window1: mouseVisible = False
33.5776 	EXP 	window1: mouseVisible = False
33.5943 	EXP 	window1: mouseVisible = False
33.6111 	EXP 	window1: mouseVisible = False
33.6278 	EXP 	window1: mouseVisible = False
33.6444 	EXP 	window1: mouseVisible = False
33.6615 	EXP 	window1: mouseVisible = False
33.6776 	EXP 	window1: mouseVisible = False
33.6942 	EXP 	window1: mouseVisible = False
33.7107 	EXP 	window1: mouseVisible = False
33.7276 	EXP 	window1: mouseVisible = False
33.7443 	EXP 	window1: mouseVisible = False
33.7610 	EXP 	window1: mouseVisible = False
33.7775 	EXP 	window1: mouseVisible = False
33.7943 	EXP 	window1: mouseVisible = False
33.8110 	EXP 	window1: mouseVisible = False
33.8274 	EXP 	window1: mouseVisible = False
33.8443 	EXP 	window1: mouseVisible = False
33.8609 	EXP 	window1: mouseVisible = False
33.8777 	EXP 	window1: mouseVisible = False
33.8936 	EXP 	blankScreen: autoDraw = False
33.8936 	EXP 	call1: autoDraw = True
33.8936 	EXP 	call2: autoDraw = True
33.8936 	EXP 	call3: autoDraw = True
33.8936 	EXP 	call4: autoDraw = True
33.8936 	EXP 	colour1: autoDraw = True
33.8936 	EXP 	colour2: autoDraw = True
33.8936 	EXP 	colour3: autoDraw = True
33.8936 	EXP 	colour4: autoDraw = True
33.8936 	EXP 	number1: autoDraw = True
33.8936 	EXP 	number2: autoDraw = True
33.8936 	EXP 	number3: autoDraw = True
33.8936 	EXP 	number4: autoDraw = True
33.8937 	EXP 	window1: mouseVisible = False
33.8938 	EXP 	window1: mouseVisible = True
33.9109 	EXP 	window1: mouseVisible = False
33.9113 	EXP 	window1: mouseVisible = True
33.9278 	EXP 	window1: mouseVisible = False
33.9283 	EXP 	window1: mouseVisible = True
33.9445 	EXP 	window1: mouseVisible = False
33.9448 	EXP 	window1: mouseVisible = True
33.9609 	EXP 	window1: mouseVisible = False
33.9612 	EXP 	window1: mouseVisible = True
33.9780 	EXP 	window1: mouseVisible = False
33.9782 	EXP 	window1: mouseVisible = True
33.9945 	EXP 	window1: mouseVisible = False
33.9946 	EXP 	window1: mouseVisible = True
34.0112 	EXP 	window1: mouseVisible = False
34.0113 	EXP 	window1: mouseVisible = True
34.0857 	EXP 	window1: mouseVisible = False
34.0859 	EXP 	window1: mouseVisible = True
34.0945 	EXP 	window1: mouseVisible = False
34.0946 	EXP 	window1: mouseVisible = True
34.1111 	EXP 	window1: mouseVisible = False
34.1113 	EXP 	window1: mouseVisible = True
34.1655 	EXP 	window1: mouseVisible = False
34.1662 	EXP 	window1: mouseVisible = True
34.1779 	EXP 	window1: mouseVisible = False
34.1781 	EXP 	window1: mouseVisible = True
34.1945 	EXP 	window1: mouseVisible = False
34.1950 	EXP 	window1: mouseVisible = True
34.2112 	EXP 	window1: mouseVisible = False
34.2113 	EXP 	window1: mouseVisible = True
34.2279 	EXP 	window1: mouseVisible = False
34.2281 	EXP 	window1: mouseVisible = True
34.2446 	EXP 	window1: mouseVisible = False
34.2449 	EXP 	window1: mouseVisible = True
34.2611 	EXP 	window1: mouseVisible = False
34.2613 	EXP 	window1: mouseVisible = True
34.2777 	EXP 	window1: mouseVisible = False
34.2779 	EXP 	window1: mouseVisible = True
34.2944 	EXP 	window1: mouseVisible = False
34.2945 	EXP 	window1: mouseVisible = True
34.3110 	EXP 	window1: mouseVisible = False
34.3112 	EXP 	window1: mouseVisible = True
34.3388 	EXP 	window1: mouseVisible = False
34.3391 	EXP 	window1: mouseVisible = True
34.3454 	EXP 	window1: mouseVisible = False
34.3456 	EXP 	window1: mouseVisible = True
34.3775 	EXP 	window1: mouseVisible = False
34.3777 	EXP 	window1: mouseVisible = True
34.3942 	EXP 	window1: mouseVisible = False
34.3944 	EXP 	window1: mouseVisible = True
34.4109 	EXP 	window1: mouseVisible = False
34.4113 	EXP 	window1: mouseVisible = True
34.4668 	EXP 	window1: mouseVisible = False
34.4674 	EXP 	window1: mouseVisible = True
34.4776 	EXP 	window1: mouseVisible = False
34.4777 	EXP 	window1: mouseVisible = True
34.4943 	EXP 	window1: mouseVisible = False
34.4945 	EXP 	window1: mouseVisible = True
34.5113 	EXP 	window1: mouseVisible = False
34.5115 	EXP 	window1: mouseVisible = True
34.5276 	EXP 	window1: mouseVisible = False
34.5281 	EXP 	window1: mouseVisible = True
34.5441 	EXP 	window1: mouseVisible = False
34.5443 	EXP 	window1: mouseVisible = True
34.5610 	EXP 	window1: mouseVisible = False
34.5612 	EXP 	window1: mouseVisible = True
34.5774 	EXP 	window1: mouseVisible = False
34.5775 	EXP 	window1: mouseVisible = True
34.5943 	EXP 	window1: mouseVisible = False
34.5945 	EXP 	window1: mouseVisible = True
34.6109 	EXP 	window1: mouseVisible = False
34.6110 	EXP 	window1: mouseVisible = True
34.6721 	EXP 	window1: mouseVisible = False
34.6727 	EXP 	window1: mouseVisible = True
34.6792 	EXP 	window1: mouseVisible = False
34.6793 	EXP 	window1: mouseVisible = True
34.7111 	EXP 	window1: mouseVisible = False
34.7113 	EXP 	window1: mouseVisible = True
34.7274 	EXP 	window1: mouseVisible = False
34.7276 	EXP 	window1: mouseVisible = True
34.7445 	EXP 	window1: mouseVisible = False
34.7447 	EXP 	window1: mouseVisible = True
34.7610 	EXP 	window1: mouseVisible = False
34.7611 	EXP 	window1: mouseVisible = True
34.7777 	EXP 	window1: mouseVisible = False
34.7778 	EXP 	window1: mouseVisible = True
34.7940 	EXP 	window1: mouseVisible = False
34.7941 	EXP 	window1: mouseVisible = True
34.8107 	EXP 	window1: mouseVisible = False
34.8108 	EXP 	window1: mouseVisible = True
34.8279 	EXP 	window1: mouseVisible = False
34.8280 	EXP 	window1: mouseVisible = True
34.8445 	EXP 	window1: mouseVisible = False
34.8446 	EXP 	window1: mouseVisible = True
34.8607 	EXP 	window1: mouseVisible = False
34.8609 	EXP 	window1: mouseVisible = True
34.8776 	EXP 	window1: mouseVisible = False
34.8781 	EXP 	window1: mouseVisible = True
34.8943 	EXP 	window1: mouseVisible = False
34.8945 	EXP 	window1: mouseVisible = True
34.9112 	EXP 	window1: mouseVisible = False
34.9114 	EXP 	window1: mouseVisible = True
34.9277 	EXP 	window1: mouseVisible = False
34.9278 	EXP 	window1: mouseVisible = True
34.9445 	EXP 	window1: mouseVisible = False
34.9447 	EXP 	window1: mouseVisible = True
34.9609 	EXP 	window1: mouseVisible = False
34.9611 	EXP 	window1: mouseVisible = True
34.9776 	EXP 	window1: mouseVisible = False
34.9777 	EXP 	window1: mouseVisible = True
34.9944 	EXP 	window1: mouseVisible = False
34.9945 	EXP 	window1: mouseVisible = True
35.0108 	EXP 	window1: mouseVisible = False
35.0110 	EXP 	window1: mouseVisible = True
35.0272 	EXP 	window1: mouseVisible = False
35.0274 	EXP 	window1: mouseVisible = True
35.0441 	EXP 	window1: mouseVisible = False
35.0443 	EXP 	window1: mouseVisible = True
35.0606 	EXP 	window1: mouseVisible = False
35.0608 	EXP 	window1: mouseVisible = True
35.0772 	EXP 	window1: mouseVisible = False
35.0773 	EXP 	window1: mouseVisible = True
35.0937 	EXP 	window1: mouseVisible = False
35.0939 	EXP 	window1: mouseVisible = True
35.1107 	EXP 	window1: mouseVisible = False
35.1111 	EXP 	window1: mouseVisible = True
35.1615 	EXP 	window1: mouseVisible = False
35.1622 	EXP 	window1: mouseVisible = True
35.1776 	EXP 	window1: mouseVisible = False
35.1777 	EXP 	window1: mouseVisible = True
35.1948 	EXP 	window1: mouseVisible = False
35.1950 	EXP 	window1: mouseVisible = True
35.2106 	EXP 	window1: mouseVisible = False
35.2108 	EXP 	window1: mouseVisible = True
35.2273 	EXP 	window1: mouseVisible = False
35.2274 	EXP 	window1: mouseVisible = True
35.2438 	EXP 	window1: mouseVisible = False
35.2439 	EXP 	window1: mouseVisible = True
35.2604 	EXP 	window1: mouseVisible = False
35.2606 	EXP 	window1: mouseVisible = True
35.2774 	EXP 	window1: mouseVisible = False
35.2775 	EXP 	window1: mouseVisible = True
35.2936 	EXP 	window1: mouseVisible = False
35.2938 	EXP 	window1: mouseVisible = True
35.3106 	EXP 	window1: mouseVisible = False
35.3108 	EXP 	window1: mouseVisible = True
35.3633 	EXP 	window1: mouseVisible = False
35.3635 	EXP 	window1: mouseVisible = True
35.3773 	EXP 	window1: mouseVisible = False
35.3774 	EXP 	window1: mouseVisible = True
35.3942 	EXP 	window1: mouseVisible = False
35.3945 	EXP 	window1: mouseVisible = True
35.4110 	EXP 	window1: mouseVisible = False
35.4112 	EXP 	window1: mouseVisible = True
35.4272 	EXP 	window1: mouseVisible = False
35.4274 	EXP 	window1: mouseVisible = True
35.4438 	EXP 	window1: mouseVisible = False
35.4439 	EXP 	window1: mouseVisible = True
35.4604 	EXP 	window1: mouseVisible = False
35.4606 	EXP 	window1: mouseVisible = True
35.4771 	EXP 	window1: mouseVisible = False
35.4773 	EXP 	window1: mouseVisible = True
35.4934 	EXP 	window1: mouseVisible = False
35.4936 	EXP 	window1: mouseVisible = True
35.4938 	DATA 	Mouse: Left button down, pos=(218,147)
35.5265 	EXP 	call1: texRes = 128
35.5265 	EXP 	call2: texRes = 128
35.5265 	EXP 	call3: texRes = 128
35.5683 	EXP 	window1: mouseVisible = False
35.5688 	EXP 	window1: mouseVisible = True
35.5774 	EXP 	window1: mouseVisible = False
35.5776 	EXP 	window1: mouseVisible = True
35.5940 	EXP 	window1: mouseVisible = False
35.5941 	EXP 	window1: mouseVisible = True
35.5943 	DATA 	Mouse:  Left button up, pos=(218,147)
35.6105 	EXP 	window1: mouseVisible = False
35.6107 	EXP 	window1: mouseVisible = True
35.6631 	EXP 	window1: mouseVisible = False
35.6634 	EXP 	window1: mouseVisible = True
35.6774 	EXP 	window1: mouseVisible = False
35.6778 	EXP 	window1: mouseVisible = True
35.6940 	EXP 	window1: mouseVisible = False
35.6942 	EXP 	window1: mouseVisible = True
35.7109 	EXP 	window1: mouseVisible = False
35.7110 	EXP 	window1: mouseVisible = True
35.7275 	EXP 	window1: mouseVisible = False
35.7277 	EXP 	window1: mouseVisible = True
35.7438 	EXP 	window1: mouseVisible = False
35.7440 	EXP 	window1: mouseVisible = True
35.7607 	EXP 	window1: mouseVisible = False
35.7609 	EXP 	window1: mouseVisible = True
35.7774 	EXP 	window1: mouseVisible = False
35.7776 	EXP 	window1: mouseVisible = True
35.7941 	EXP 	window1: mouseVisible = False
35.7943 	EXP 	window1: mouseVisible = True
35.8106 	EXP 	window1: mouseVisible = False
35.8108 	EXP 	window1: mouseVisible = True
35.8273 	EXP 	window1: mouseVisible = False
35.8275 	EXP 	window1: mouseVisible = True
35.8438 	EXP 	window1: mouseVisible = False
35.8439 	EXP 	window1: mouseVisible = True
35.8608 	EXP 	window1: mouseVisible = False
35.8613 	EXP 	window1: mouseVisible = True
35.8772 	EXP 	window1: mouseVisible = False
35.8774 	EXP 	window1: mouseVisible = True
35.8937 	EXP 	window1: mouseVisible = False
35.8942 	EXP 	window1: mouseVisible = True
35.9104 	EXP 	window1: mouseVisible = False
35.9105 	EXP 	window1: mouseVisible = True
35.9274 	EXP 	window1: mouseVisible = False
35.9275 	EXP 	window1: mouseVisible = True
35.9435 	EXP 	window1: mouseVisible = False
35.9437 	EXP 	window1: mouseVisible = True
35.9604 	EXP 	window1: mouseVisible = False
35.9606 	EXP 	window1: mouseVisible = True
35.9769 	EXP 	window1: mouseVisible = False
35.9770 	EXP 	window1: mouseVisible = True
35.9941 	EXP 	window1: mouseVisible = False
35.9943 	EXP 	window1: mouseVisible = True
35.9946 	DATA 	Mouse: Left button down, pos=(542,121)
36.0104 	EXP 	window1: mouseVisible = False
36.0106 	EXP 	window1: mouseVisible = True
36.0683 	EXP 	window1: mouseVisible = False
36.0685 	EXP 	window1: mouseVisible = True
36.0772 	EXP 	window1: mouseVisible = False
36.0774 	EXP 	window1: mouseVisible = True
36.0938 	EXP 	window1: mouseVisible = False
36.0940 	EXP 	window1: mouseVisible = True
36.1101 	EXP 	window1: mouseVisible = False
36.1106 	EXP 	window1: mouseVisible = True
36.1108 	DATA 	Mouse:  Left button up, pos=(542,121)
36.1641 	EXP 	window1: mouseVisible = False
36.1645 	EXP 	window1: mouseVisible = True
36.1772 	EXP 	window1: mouseVisible = False
36.1774 	EXP 	window1: mouseVisible = True
36.1940 	EXP 	window1: mouseVisible = False
36.1942 	EXP 	window1: mouseVisible = True
36.2105 	EXP 	window1: mouseVisible = False
36.2107 	EXP 	window1: mouseVisible = True
36.2275 	EXP 	window1: mouseVisible = False
36.2276 	EXP 	window1: mouseVisible = True
36.2438 	EXP 	window1: mouseVisible = False
36.2439 	EXP 	window1: mouseVisible = True
36.2602 	EXP 	window1: mouseVisible = False
36.2604 	EXP 	window1: mouseVisible = True
36.2771 	EXP 	window1: mouseVisible = False
36.2773 	EXP 	window1: mouseVisible = True
36.2938 	EXP 	window1: mouseVisible = False
36.2940 	EXP 	window1: mouseVisible = True
36.3108 	EXP 	window1: mouseVisible = False
36.3110 	EXP 	window1: mouseVisible = True
36.3113 	DATA 	Mouse: Left button down, pos=(596,146)
36.3434 	EXP 	colour1: texRes = 128
36.3434 	EXP 	colour2: texRes = 128
36.3434 	EXP 	colour3: texRes = 128
36.3436 	EXP 	window1: mouseVisible = False
36.3438 	EXP 	window1: mouseVisible = True
36.3602 	EXP 	window1: mouseVisible = False
36.3604 	EXP 	window1: mouseVisible = True
36.3769 	EXP 	window1: mouseVisible = False
36.3774 	EXP 	window1: mouseVisible = True
36.3937 	EXP 	window1: mouseVisible = False
36.3938 	EXP 	window1: mouseVisible = True
36.4100 	EXP 	window1: mouseVisible = False
36.4106 	EXP 	window1: mouseVisible = True
36.4126 	DATA 	Mouse:  Left button up, pos=(596,146)
36.4610 	EXP 	window1: mouseVisible = False
36.4618 	EXP 	window1: mouseVisible = True
36.4767 	EXP 	window1: mouseVisible = False
36.4768 	EXP 	window1: mouseVisible = True
36.4934 	EXP 	window1: mouseVisible = False
36.4936 	EXP 	window1: mouseVisible = True
36.5099 	EXP 	window1: mouseVisible = False
36.5100 	EXP 	window1: mouseVisible = True
36.5712 	EXP 	window1: mouseVisible = False
36.5714 	EXP 	window1: mouseVisible = True
36.5786 	EXP 	window1: mouseVisible = False
36.5788 	EXP 	window1: mouseVisible = True
36.6103 	EXP 	window1: mouseVisible = False
36.6105 	EXP 	window1: mouseVisible = True
36.6270 	EXP 	window1: mouseVisible = False
36.6272 	EXP 	window1: mouseVisible = True
36.6436 	EXP 	window1: mouseVisible = False
36.6438 	EXP 	window1: mouseVisible = True
36.6608 	EXP 	window1: mouseVisible = False
36.6612 	EXP 	window1: mouseVisible = True
36.6772 	EXP 	window1: mouseVisible = False
36.6776 	EXP 	window1: mouseVisible = True
36.6778 	DATA 	Mouse: Left button down, pos=(1112,134)
36.6913 	EXP 	New trial (rep=0, index=2): OrderedDict([('audiofile', 'audio/NV_DE_Neural2-D_Dr-gr-Dr_0.8p.wav'), ('duration', 5.3868), ('noise', 'NV'), ('voice', 'Neural2-D'), ('words', 'Dr-gr-Dr'), ('callSign', 'Dr'), ('colour', 'gr'), ('number', 'Dr'), ('levels', '0.8p'), ('trigger_start', 100), ('trigger_end', 101), ('trigger_call', 112), ('trigger_col', 122), ('trigger_num', 133), ('file', 'DE_Neural2-D_Dr-gr-Dr.TextGrid'), ('firstSound_tmin', 0.16712), ('lastSound_tmax', 4.632784757333333), ('token_1_tmin', 0.83930312), ('token_1_tmax', 1.3121020120000002), ('token_2_tmin', 2.687137225666667), ('token_2_tmax', 3.093036977), ('token_3_tmin', 4.368038200333333), ('token_3_tmax', 4.632784757333333), ('rater', 'mean'), ('newidx', 1), ('block', 'NV1')])
36.9169 	EXP 	window1: mouseVisible = False
36.9261 	EXP 	Sound sound_1 started
36.9183 	DATA 	Mouse:  Left button up, pos=(1112,134)
36.9264 	EXP 	number1: texRes = 128
36.9264 	EXP 	number2: texRes = 128
36.9264 	EXP 	number3: texRes = 128
36.9264 	EXP 	blankScreenAfterResponse: autoDraw = True
36.9264 	EXP 	blankScreen: autoDraw = False
36.9264 	EXP 	call1: autoDraw = False
36.9264 	EXP 	call2: autoDraw = False
36.9264 	EXP 	call3: autoDraw = False
36.9264 	EXP 	call4: autoDraw = False
36.9264 	EXP 	colour1: autoDraw = False
36.9264 	EXP 	colour2: autoDraw = False
36.9264 	EXP 	colour3: autoDraw = False
36.9264 	EXP 	colour4: autoDraw = False
36.9264 	EXP 	number1: autoDraw = False
36.9264 	EXP 	number2: autoDraw = False
36.9264 	EXP 	number3: autoDraw = False
36.9264 	EXP 	number4: autoDraw = False
36.9264 	EXP 	blankScreenAfterResponse: autoDraw = False
36.9264 	EXP 	fixation: autoDraw = True
41.8781 	EXP 	Sound sound_1 reached end of file
41.9272 	EXP 	window1: mouseVisible = False
41.9413 	EXP 	fixation: autoDraw = False
41.9413 	EXP 	screenAfterAudio: autoDraw = True
41.9413 	EXP 	screenAfterAudio: autoDraw = False
41.9413 	EXP 	fixation: autoDraw = False
41.9413 	EXP 	screenAfterAudio: autoDraw = False
41.9413 	EXP 	call1: texRes = 128
41.9413 	EXP 	call2: texRes = 128
41.9413 	EXP 	call3: texRes = 128
41.9413 	EXP 	call4: texRes = 128
41.9413 	EXP 	colour1: texRes = 128
41.9413 	EXP 	colour2: texRes = 128
41.9413 	EXP 	colour3: texRes = 128
41.9413 	EXP 	colour4: texRes = 128
41.9413 	EXP 	number1: texRes = 128
41.9413 	EXP 	number2: texRes = 128
41.9413 	EXP 	number3: texRes = 128
41.9413 	EXP 	number4: texRes = 128
41.9413 	EXP 	blankScreen: autoDraw = True
41.9415 	EXP 	window1: mouseVisible = False
41.9589 	EXP 	window1: mouseVisible = False
41.9750 	EXP 	window1: mouseVisible = False
41.9914 	EXP 	window1: mouseVisible = False
42.0083 	EXP 	window1: mouseVisible = False
42.0250 	EXP 	window1: mouseVisible = False
42.0418 	EXP 	window1: mouseVisible = False
42.0580 	EXP 	window1: mouseVisible = False
42.0749 	EXP 	window1: mouseVisible = False
42.0916 	EXP 	window1: mouseVisible = False
42.1082 	EXP 	window1: mouseVisible = False
42.1250 	EXP 	window1: mouseVisible = False
42.1416 	EXP 	window1: mouseVisible = False
42.1582 	EXP 	window1: mouseVisible = False
42.1751 	EXP 	window1: mouseVisible = False
42.1915 	EXP 	window1: mouseVisible = False
42.2082 	EXP 	window1: mouseVisible = False
42.2249 	EXP 	window1: mouseVisible = False
42.2421 	EXP 	window1: mouseVisible = False
42.2583 	EXP 	window1: mouseVisible = False
42.2749 	EXP 	window1: mouseVisible = False
42.2917 	EXP 	window1: mouseVisible = False
42.3080 	EXP 	window1: mouseVisible = False
42.3248 	EXP 	window1: mouseVisible = False
42.3415 	EXP 	window1: mouseVisible = False
42.3582 	EXP 	window1: mouseVisible = False
42.3748 	EXP 	window1: mouseVisible = False
42.3915 	EXP 	window1: mouseVisible = False
42.4082 	EXP 	window1: mouseVisible = False
42.4248 	EXP 	window1: mouseVisible = False
42.4417 	EXP 	window1: mouseVisible = False
42.4581 	EXP 	window1: mouseVisible = False
42.4748 	EXP 	window1: mouseVisible = False
42.4915 	EXP 	window1: mouseVisible = False
42.5080 	EXP 	window1: mouseVisible = False
42.5250 	EXP 	window1: mouseVisible = False
42.5413 	EXP 	window1: mouseVisible = False
42.5582 	EXP 	window1: mouseVisible = False
42.5748 	EXP 	window1: mouseVisible = False
42.5913 	EXP 	window1: mouseVisible = False
42.6082 	EXP 	window1: mouseVisible = False
42.6247 	EXP 	window1: mouseVisible = False
42.6415 	EXP 	window1: mouseVisible = False
42.6581 	EXP 	window1: mouseVisible = False
42.6749 	EXP 	window1: mouseVisible = False
42.6913 	EXP 	window1: mouseVisible = False
42.7081 	EXP 	window1: mouseVisible = False
42.7246 	EXP 	window1: mouseVisible = False
42.7414 	EXP 	window1: mouseVisible = False
42.7581 	EXP 	window1: mouseVisible = False
42.7748 	EXP 	window1: mouseVisible = False
42.7913 	EXP 	window1: mouseVisible = False
42.8082 	EXP 	window1: mouseVisible = False
42.8245 	EXP 	window1: mouseVisible = False
42.8420 	EXP 	window1: mouseVisible = False
42.8579 	EXP 	window1: mouseVisible = False
42.8749 	EXP 	window1: mouseVisible = False
42.8914 	EXP 	window1: mouseVisible = False
42.9079 	EXP 	window1: mouseVisible = False
42.9247 	EXP 	window1: mouseVisible = False
42.9407 	EXP 	blankScreen: autoDraw = False
42.9407 	EXP 	call1: autoDraw = True
42.9407 	EXP 	call2: autoDraw = True
42.9407 	EXP 	call3: autoDraw = True
42.9407 	EXP 	call4: autoDraw = True
42.9407 	EXP 	colour1: autoDraw = True
42.9407 	EXP 	colour2: autoDraw = True
42.9407 	EXP 	colour3: autoDraw = True
42.9407 	EXP 	colour4: autoDraw = True
42.9407 	EXP 	number1: autoDraw = True
42.9407 	EXP 	number2: autoDraw = True
42.9407 	EXP 	number3: autoDraw = True
42.9407 	EXP 	number4: autoDraw = True
42.9408 	EXP 	window1: mouseVisible = False
42.9511 	EXP 	window1: mouseVisible = True
42.9579 	EXP 	window1: mouseVisible = False
42.9580 	EXP 	window1: mouseVisible = True
42.9749 	EXP 	window1: mouseVisible = False
42.9751 	EXP 	window1: mouseVisible = True
42.9913 	EXP 	window1: mouseVisible = False
42.9915 	EXP 	window1: mouseVisible = True
43.0080 	EXP 	window1: mouseVisible = False
43.0082 	EXP 	window1: mouseVisible = True
43.0247 	EXP 	window1: mouseVisible = False
43.0251 	EXP 	window1: mouseVisible = True
43.0413 	EXP 	window1: mouseVisible = False
43.0417 	EXP 	window1: mouseVisible = True
43.0581 	EXP 	window1: mouseVisible = False
43.0586 	EXP 	window1: mouseVisible = True
43.0747 	EXP 	window1: mouseVisible = False
43.0749 	EXP 	window1: mouseVisible = True
43.0912 	EXP 	window1: mouseVisible = False
43.0918 	EXP 	window1: mouseVisible = True
43.1080 	EXP 	window1: mouseVisible = False
43.1082 	EXP 	window1: mouseVisible = True
43.1248 	EXP 	window1: mouseVisible = False
43.1251 	EXP 	window1: mouseVisible = True
43.1413 	EXP 	window1: mouseVisible = False
43.1415 	EXP 	window1: mouseVisible = True
43.1582 	EXP 	window1: mouseVisible = False
43.1584 	EXP 	window1: mouseVisible = True
43.1748 	EXP 	window1: mouseVisible = False
43.1752 	EXP 	window1: mouseVisible = True
43.1915 	EXP 	window1: mouseVisible = False
43.1916 	EXP 	window1: mouseVisible = True
43.2079 	EXP 	window1: mouseVisible = False
43.2085 	EXP 	window1: mouseVisible = True
43.2245 	EXP 	window1: mouseVisible = False
43.2247 	EXP 	window1: mouseVisible = True
43.2413 	EXP 	window1: mouseVisible = False
43.2416 	EXP 	window1: mouseVisible = True
43.2577 	EXP 	window1: mouseVisible = False
43.2579 	EXP 	window1: mouseVisible = True
43.2747 	EXP 	window1: mouseVisible = False
43.2749 	EXP 	window1: mouseVisible = True
43.2913 	EXP 	window1: mouseVisible = False
43.2915 	EXP 	window1: mouseVisible = True
43.3082 	EXP 	window1: mouseVisible = False
43.3083 	EXP 	window1: mouseVisible = True
43.3245 	EXP 	window1: mouseVisible = False
43.3247 	EXP 	window1: mouseVisible = True
43.3413 	EXP 	window1: mouseVisible = False
43.3415 	EXP 	window1: mouseVisible = True
43.3581 	EXP 	window1: mouseVisible = False
43.3583 	EXP 	window1: mouseVisible = True
43.3746 	EXP 	window1: mouseVisible = False
43.3747 	EXP 	window1: mouseVisible = True
43.3914 	EXP 	window1: mouseVisible = False
43.3919 	EXP 	window1: mouseVisible = True
43.4077 	EXP 	window1: mouseVisible = False
43.4078 	EXP 	window1: mouseVisible = True
43.4247 	EXP 	window1: mouseVisible = False
43.4249 	EXP 	window1: mouseVisible = True
43.4413 	EXP 	window1: mouseVisible = False
43.4415 	EXP 	window1: mouseVisible = True
43.4584 	EXP 	window1: mouseVisible = False
43.4586 	EXP 	window1: mouseVisible = True
43.4746 	EXP 	window1: mouseVisible = False
43.4748 	EXP 	window1: mouseVisible = True
43.4913 	EXP 	window1: mouseVisible = False
43.4914 	EXP 	window1: mouseVisible = True
43.5078 	EXP 	window1: mouseVisible = False
43.5080 	EXP 	window1: mouseVisible = True
43.5247 	EXP 	window1: mouseVisible = False
43.5248 	EXP 	window1: mouseVisible = True
43.5412 	EXP 	window1: mouseVisible = False
43.5414 	EXP 	window1: mouseVisible = True
43.5579 	EXP 	window1: mouseVisible = False
43.5580 	EXP 	window1: mouseVisible = True
43.5745 	EXP 	window1: mouseVisible = False
43.5747 	EXP 	window1: mouseVisible = True
43.5914 	EXP 	window1: mouseVisible = False
43.5915 	EXP 	window1: mouseVisible = True
43.6079 	EXP 	window1: mouseVisible = False
43.6081 	EXP 	window1: mouseVisible = True
43.6246 	EXP 	window1: mouseVisible = False
43.6248 	EXP 	window1: mouseVisible = True
43.6414 	EXP 	window1: mouseVisible = False
43.6416 	EXP 	window1: mouseVisible = True
43.6580 	EXP 	window1: mouseVisible = False
43.6582 	EXP 	window1: mouseVisible = True
43.6746 	EXP 	window1: mouseVisible = False
43.6751 	EXP 	window1: mouseVisible = True
43.6913 	EXP 	window1: mouseVisible = False
43.6917 	EXP 	window1: mouseVisible = True
43.7079 	EXP 	window1: mouseVisible = False
43.7082 	EXP 	window1: mouseVisible = True
43.7249 	EXP 	window1: mouseVisible = False
43.7251 	EXP 	window1: mouseVisible = True
43.7411 	EXP 	window1: mouseVisible = False
43.7413 	EXP 	window1: mouseVisible = True
43.7580 	EXP 	window1: mouseVisible = False
43.7582 	EXP 	window1: mouseVisible = True
43.7744 	EXP 	window1: mouseVisible = False
43.7746 	EXP 	window1: mouseVisible = True
43.7912 	EXP 	window1: mouseVisible = False
43.7913 	EXP 	window1: mouseVisible = True
43.8076 	EXP 	window1: mouseVisible = False
43.8078 	EXP 	window1: mouseVisible = True
43.8244 	EXP 	window1: mouseVisible = False
43.8245 	EXP 	window1: mouseVisible = True
43.8412 	EXP 	window1: mouseVisible = False
43.8414 	EXP 	window1: mouseVisible = True
43.8579 	EXP 	window1: mouseVisible = False
43.8581 	EXP 	window1: mouseVisible = True
43.8746 	EXP 	window1: mouseVisible = False
43.8748 	EXP 	window1: mouseVisible = True
43.8911 	EXP 	window1: mouseVisible = False
43.8915 	EXP 	window1: mouseVisible = True
43.9078 	EXP 	window1: mouseVisible = False
43.9082 	EXP 	window1: mouseVisible = True
43.9246 	EXP 	window1: mouseVisible = False
43.9248 	EXP 	window1: mouseVisible = True
43.9410 	EXP 	window1: mouseVisible = False
43.9411 	EXP 	window1: mouseVisible = True
43.9579 	EXP 	window1: mouseVisible = False
43.9582 	EXP 	window1: mouseVisible = True
43.9744 	EXP 	window1: mouseVisible = False
43.9746 	EXP 	window1: mouseVisible = True
43.9913 	EXP 	window1: mouseVisible = False
43.9915 	EXP 	window1: mouseVisible = True
44.0078 	EXP 	window1: mouseVisible = False
44.0079 	EXP 	window1: mouseVisible = True
44.0243 	EXP 	window1: mouseVisible = False
44.0249 	EXP 	window1: mouseVisible = True
44.0413 	EXP 	window1: mouseVisible = False
44.0416 	EXP 	window1: mouseVisible = True
44.0578 	EXP 	window1: mouseVisible = False
44.0581 	EXP 	window1: mouseVisible = True
44.0744 	EXP 	window1: mouseVisible = False
44.0746 	EXP 	window1: mouseVisible = True
44.0913 	EXP 	window1: mouseVisible = False
44.0914 	EXP 	window1: mouseVisible = True
44.1077 	EXP 	window1: mouseVisible = False
44.1078 	EXP 	window1: mouseVisible = True
44.1243 	EXP 	window1: mouseVisible = False
44.1244 	EXP 	window1: mouseVisible = True
44.1411 	EXP 	window1: mouseVisible = False
44.1413 	EXP 	window1: mouseVisible = True
44.1579 	EXP 	window1: mouseVisible = False
44.1581 	EXP 	window1: mouseVisible = True
44.1743 	EXP 	window1: mouseVisible = False
44.1744 	EXP 	window1: mouseVisible = True
44.1912 	EXP 	window1: mouseVisible = False
44.1913 	EXP 	window1: mouseVisible = True
44.2075 	EXP 	window1: mouseVisible = False
44.2078 	EXP 	window1: mouseVisible = True
44.2242 	EXP 	window1: mouseVisible = False
44.2244 	EXP 	window1: mouseVisible = True
44.2410 	EXP 	window1: mouseVisible = False
44.2414 	EXP 	window1: mouseVisible = True
44.2577 	EXP 	window1: mouseVisible = False
44.2578 	EXP 	window1: mouseVisible = True
44.2744 	EXP 	window1: mouseVisible = False
44.2747 	EXP 	window1: mouseVisible = True
44.2910 	EXP 	window1: mouseVisible = False
44.2912 	EXP 	window1: mouseVisible = True
44.3078 	EXP 	window1: mouseVisible = False
44.3082 	EXP 	window1: mouseVisible = True
44.3244 	EXP 	window1: mouseVisible = False
44.3246 	EXP 	window1: mouseVisible = True
44.3408 	EXP 	window1: mouseVisible = False
44.3414 	EXP 	window1: mouseVisible = True
44.3578 	EXP 	window1: mouseVisible = False
44.3582 	EXP 	window1: mouseVisible = True
44.3744 	EXP 	window1: mouseVisible = False
44.3747 	EXP 	window1: mouseVisible = True
44.3909 	EXP 	window1: mouseVisible = False
44.3910 	EXP 	window1: mouseVisible = True
44.4078 	EXP 	window1: mouseVisible = False
44.4079 	EXP 	window1: mouseVisible = True
44.4242 	EXP 	window1: mouseVisible = False
44.4243 	EXP 	window1: mouseVisible = True
44.4406 	EXP 	window1: mouseVisible = False
44.4408 	EXP 	window1: mouseVisible = True
44.4577 	EXP 	window1: mouseVisible = False
44.4580 	EXP 	window1: mouseVisible = True
44.4739 	EXP 	window1: mouseVisible = False
44.4741 	EXP 	window1: mouseVisible = True
44.4909 	EXP 	window1: mouseVisible = False
44.4913 	EXP 	window1: mouseVisible = True
44.5078 	EXP 	window1: mouseVisible = False
44.5080 	EXP 	window1: mouseVisible = True
44.5243 	EXP 	window1: mouseVisible = False
44.5248 	EXP 	window1: mouseVisible = True
44.5409 	EXP 	window1: mouseVisible = False
44.5411 	EXP 	window1: mouseVisible = True
44.5577 	EXP 	window1: mouseVisible = False
44.5578 	EXP 	window1: mouseVisible = True
44.5740 	EXP 	window1: mouseVisible = False
44.5742 	EXP 	window1: mouseVisible = True
44.5909 	EXP 	window1: mouseVisible = False
44.5911 	EXP 	window1: mouseVisible = True
44.6075 	EXP 	window1: mouseVisible = False
44.6076 	EXP 	window1: mouseVisible = True
44.6242 	EXP 	window1: mouseVisible = False
44.6244 	EXP 	window1: mouseVisible = True
44.6409 	EXP 	window1: mouseVisible = False
44.6411 	EXP 	window1: mouseVisible = True
44.6576 	EXP 	window1: mouseVisible = False
44.6578 	EXP 	window1: mouseVisible = True
44.6742 	EXP 	window1: mouseVisible = False
44.6745 	EXP 	window1: mouseVisible = True
44.6911 	EXP 	window1: mouseVisible = False
44.6912 	EXP 	window1: mouseVisible = True
44.7083 	EXP 	window1: mouseVisible = False
44.7085 	EXP 	window1: mouseVisible = True
44.7243 	EXP 	window1: mouseVisible = False
44.7244 	EXP 	window1: mouseVisible = True
44.7408 	EXP 	window1: mouseVisible = False
44.7409 	EXP 	window1: mouseVisible = True
44.7576 	EXP 	window1: mouseVisible = False
44.7578 	EXP 	window1: mouseVisible = True
44.7741 	EXP 	window1: mouseVisible = False
44.7743 	EXP 	window1: mouseVisible = True
44.7908 	EXP 	window1: mouseVisible = False
44.7909 	EXP 	window1: mouseVisible = True
44.8075 	EXP 	window1: mouseVisible = False
44.8077 	EXP 	window1: mouseVisible = True
44.8242 	EXP 	window1: mouseVisible = False
44.8243 	EXP 	window1: mouseVisible = True
44.8408 	EXP 	window1: mouseVisible = False
44.8409 	EXP 	window1: mouseVisible = True
44.8575 	EXP 	window1: mouseVisible = False
44.8577 	EXP 	window1: mouseVisible = True
44.8740 	EXP 	window1: mouseVisible = False
44.8742 	EXP 	window1: mouseVisible = True
44.8909 	EXP 	window1: mouseVisible = False
44.8910 	EXP 	window1: mouseVisible = True
44.9075 	EXP 	window1: mouseVisible = False
44.9076 	EXP 	window1: mouseVisible = True
44.9242 	EXP 	window1: mouseVisible = False
44.9246 	EXP 	window1: mouseVisible = True
44.9408 	EXP 	window1: mouseVisible = False
44.9409 	EXP 	window1: mouseVisible = True
44.9575 	EXP 	window1: mouseVisible = False
44.9577 	EXP 	window1: mouseVisible = True
44.9740 	EXP 	window1: mouseVisible = False
44.9742 	EXP 	window1: mouseVisible = True
44.9908 	EXP 	window1: mouseVisible = False
44.9910 	EXP 	window1: mouseVisible = True
45.0074 	EXP 	window1: mouseVisible = False
45.0075 	EXP 	window1: mouseVisible = True
45.0239 	EXP 	window1: mouseVisible = False
45.0241 	EXP 	window1: mouseVisible = True
45.0407 	EXP 	window1: mouseVisible = False
45.0408 	EXP 	window1: mouseVisible = True
45.0574 	EXP 	window1: mouseVisible = False
45.0576 	EXP 	window1: mouseVisible = True
45.0743 	EXP 	window1: mouseVisible = False
45.0745 	EXP 	window1: mouseVisible = True
45.0909 	EXP 	window1: mouseVisible = False
45.0911 	EXP 	window1: mouseVisible = True
45.1073 	EXP 	window1: mouseVisible = False
45.1075 	EXP 	window1: mouseVisible = True
45.1242 	EXP 	window1: mouseVisible = False
45.1243 	EXP 	window1: mouseVisible = True
45.1407 	EXP 	window1: mouseVisible = False
45.1409 	EXP 	window1: mouseVisible = True
45.1574 	EXP 	window1: mouseVisible = False
45.1576 	EXP 	window1: mouseVisible = True
45.1740 	EXP 	window1: mouseVisible = False
45.1742 	EXP 	window1: mouseVisible = True
45.1908 	EXP 	window1: mouseVisible = False
45.1910 	EXP 	window1: mouseVisible = True
45.2074 	EXP 	window1: mouseVisible = False
45.2076 	EXP 	window1: mouseVisible = True
45.2239 	EXP 	window1: mouseVisible = False
45.2240 	EXP 	window1: mouseVisible = True
45.2413 	EXP 	window1: mouseVisible = False
45.2415 	EXP 	window1: mouseVisible = True
45.2573 	EXP 	window1: mouseVisible = False
45.2574 	EXP 	window1: mouseVisible = True
45.2740 	EXP 	window1: mouseVisible = False
45.2741 	EXP 	window1: mouseVisible = True
45.2903 	EXP 	window1: mouseVisible = False
45.2905 	EXP 	window1: mouseVisible = True
45.3073 	EXP 	window1: mouseVisible = False
45.3074 	EXP 	window1: mouseVisible = True
45.3240 	EXP 	window1: mouseVisible = False
45.3242 	EXP 	window1: mouseVisible = True
45.3406 	EXP 	window1: mouseVisible = False
45.3408 	EXP 	window1: mouseVisible = True
45.3574 	EXP 	window1: mouseVisible = False
45.3576 	EXP 	window1: mouseVisible = True
45.3741 	EXP 	window1: mouseVisible = False
45.3742 	EXP 	window1: mouseVisible = True
45.3905 	EXP 	window1: mouseVisible = False
45.3907 	EXP 	window1: mouseVisible = True
45.4074 	EXP 	window1: mouseVisible = False
45.4075 	EXP 	window1: mouseVisible = True
45.4238 	EXP 	window1: mouseVisible = False
45.4242 	EXP 	window1: mouseVisible = True
45.4406 	EXP 	window1: mouseVisible = False
45.4411 	EXP 	window1: mouseVisible = True
45.4573 	EXP 	window1: mouseVisible = False
45.4575 	EXP 	window1: mouseVisible = True
45.4741 	EXP 	window1: mouseVisible = False
45.4743 	EXP 	window1: mouseVisible = True
45.4906 	EXP 	window1: mouseVisible = False
45.4910 	EXP 	window1: mouseVisible = True
45.5071 	EXP 	window1: mouseVisible = False
45.5073 	EXP 	window1: mouseVisible = True
45.5241 	EXP 	window1: mouseVisible = False
45.5244 	EXP 	window1: mouseVisible = True
45.5408 	EXP 	window1: mouseVisible = False
45.5414 	EXP 	window1: mouseVisible = True
45.5572 	EXP 	window1: mouseVisible = False
45.5574 	EXP 	window1: mouseVisible = True
45.5739 	EXP 	window1: mouseVisible = False
45.5742 	EXP 	window1: mouseVisible = True
45.5907 	EXP 	window1: mouseVisible = False
45.5908 	EXP 	window1: mouseVisible = True
45.6071 	EXP 	window1: mouseVisible = False
45.6073 	EXP 	window1: mouseVisible = True
45.6237 	EXP 	window1: mouseVisible = False
45.6238 	EXP 	window1: mouseVisible = True
45.6406 	EXP 	window1: mouseVisible = False
45.6408 	EXP 	window1: mouseVisible = True
45.6571 	EXP 	window1: mouseVisible = False
45.6576 	EXP 	window1: mouseVisible = True
45.6739 	EXP 	window1: mouseVisible = False
45.6740 	EXP 	window1: mouseVisible = True
45.6906 	EXP 	window1: mouseVisible = False
45.6907 	EXP 	window1: mouseVisible = True
45.7071 	EXP 	window1: mouseVisible = False
45.7073 	EXP 	window1: mouseVisible = True
45.7238 	EXP 	window1: mouseVisible = False
45.7239 	EXP 	window1: mouseVisible = True
45.7406 	EXP 	window1: mouseVisible = False
45.7408 	EXP 	window1: mouseVisible = True
45.7573 	EXP 	window1: mouseVisible = False
45.7574 	EXP 	window1: mouseVisible = True
45.7739 	EXP 	window1: mouseVisible = False
45.7744 	EXP 	window1: mouseVisible = True
45.7904 	EXP 	window1: mouseVisible = False
45.7906 	EXP 	window1: mouseVisible = True
45.8072 	EXP 	window1: mouseVisible = False
45.8076 	EXP 	window1: mouseVisible = True
45.8236 	EXP 	window1: mouseVisible = False
45.8238 	EXP 	window1: mouseVisible = True
45.8405 	EXP 	window1: mouseVisible = False
45.8410 	EXP 	window1: mouseVisible = True
45.8572 	EXP 	window1: mouseVisible = False
45.8574 	EXP 	window1: mouseVisible = True
45.8739 	EXP 	window1: mouseVisible = False
45.8742 	EXP 	window1: mouseVisible = True
45.8906 	EXP 	window1: mouseVisible = False
45.8911 	EXP 	window1: mouseVisible = True
45.9070 	EXP 	window1: mouseVisible = False
45.9073 	EXP 	window1: mouseVisible = True
45.9237 	EXP 	window1: mouseVisible = False
45.9239 	EXP 	window1: mouseVisible = True
45.9405 	EXP 	window1: mouseVisible = False
45.9407 	EXP 	window1: mouseVisible = True
45.9570 	EXP 	window1: mouseVisible = False
45.9572 	EXP 	window1: mouseVisible = True
45.9739 	EXP 	window1: mouseVisible = False
45.9740 	EXP 	window1: mouseVisible = True
45.9904 	EXP 	window1: mouseVisible = False
45.9906 	EXP 	window1: mouseVisible = True
46.0071 	EXP 	window1: mouseVisible = False
46.0072 	EXP 	window1: mouseVisible = True
46.0237 	EXP 	window1: mouseVisible = False
46.0239 	EXP 	window1: mouseVisible = True
46.0406 	EXP 	window1: mouseVisible = False
46.0408 	EXP 	window1: mouseVisible = True
46.0572 	EXP 	window1: mouseVisible = False
46.0573 	EXP 	window1: mouseVisible = True
46.0739 	EXP 	window1: mouseVisible = False
46.0740 	EXP 	window1: mouseVisible = True
46.0758 	DATA 	Keypress: escape
46.0904 	EXP 	window1: mouseVisible = False
46.0906 	EXP 	window1: mouseVisible = True
46.1071 	EXP 	window1: mouseVisible = False
46.1073 	EXP 	window1: mouseVisible = True
46.1237 	EXP 	window1: mouseVisible = False
46.1238 	EXP 	window1: mouseVisible = True
46.1404 	EXP 	window1: mouseVisible = False
46.1406 	EXP 	window1: mouseVisible = True
46.1569 	EXP 	window1: mouseVisible = False
46.1571 	EXP 	window1: mouseVisible = True
46.1738 	EXP 	window1: mouseVisible = False
46.1740 	EXP 	window1: mouseVisible = True
48.5573 	EXP 	window1: mouseVisible = True
