5.7277 	EXP 	Created window1 = Window(allowGUI=True, allowStencil=False, autoLog=True, backendConf=UNKNOWN, bitsMode=UNKNOWN, blendMode='avg', bpc=(8, 8, 8), color=array([0, 0, 0]), colorSpace='rgb', depthBits=8, fullscr=<method-wrapper '__getattribute__' of attributeSetter object at 0x0000020408B5C2E0>, gamma=None, gammaErrorPolicy='raise', lms=UNKNOWN, monitor=<psychopy.monitors.calibTools.Monitor object at 0x000002042F5A5AF0>, multiSample=False, name='window1', numSamples=2, pos=(0, 0), screen=0, size=array([2560, 1440]), stencilBits=0, stereo=False, units='height', useFBO=True, useRetina=False, viewOri=0.0, viewPos=None, viewScale=None, waitBlanking=True, winType='pyglet')
5.7278 	EXP 	window1: mouseVisible = True
5.7279 	EXP 	window1: mouseVisible = False
5.7279 	EXP 	window1: Attempting to measure frame rate of screen (0) ...
5.7279 	EXP 	window1: recordFrameIntervals = False
5.8943 	EXP 	window1: recordFrameIntervals = True
6.0775 	EXP 	Screen (0) actual frame rate measured at 60.20Hz
6.0775 	EXP 	window1: recordFrameIntervals = False
7.7219 	EXP 	Created instrTrainText = TextStim(__class__=<class 'psychopy.visual.text.TextStim'>, alignHoriz=method-wrapper(...), alignText='center', alignVert=method-wrapper(...), anchorHoriz='center', anchorVert='center', antialias=True, autoDraw=False, autoLog=True, bold=False, color=array([1., 1., 1.]), colorSpace='rgb', contrast=1.0, depth=-1.0, flipHoriz=False, flipVert=False, font='Arial', fontFiles=[], height=0.04, italic=False, languageStyle='LTR', name='instrTrainText', opacity=1.0, ori=0, pos=array([0., 0.]), rgb=UNKNOWN, text=str(...), units='height', win=Window(...), wrapWidth=1)
7.7242 	EXP 	Created blockStart = TextStim(__class__=<class 'psychopy.visual.text.TextStim'>, alignHoriz=method-wrapper(...), alignText='center', alignVert=method-wrapper(...), anchorHoriz='center', anchorVert='center', antialias=True, autoDraw=False, autoLog=True, bold=False, color=array([1., 1., 1.]), colorSpace='rgb', contrast=1.0, depth=0.0, flipHoriz=False, flipVert=False, font='Arial', fontFiles=[], height=0.04, italic=False, languageStyle='LTR', name='blockStart', opacity=1.0, ori=0, pos=array([0., 0.]), rgb=UNKNOWN, text='Begin  block ', units='height', win=Window(...), wrapWidth=1)
9.1211 	EXP 	Sound sound_1 set volume 1.000
9.1246 	EXP 	Created fixation = ShapeStim(__class__=<class 'psychopy.visual.shape.ShapeStim'>, anchor=('center', 'center'), autoDraw=False, autoLog=True, closeShape=True, color=method-wrapper(...), colorSpace='rgb', contrast=None, depth=-2.0, fillColor=array([1, 1, 1]), fillColorSpace='rgb', fillRGB=array([1, 1, 1]), interpolate=True, lineColor=array([1., 1., 1.]), lineColorSpace='rgb', lineRGB=array([1, 1, 1]), lineWidth=0.5, name='fixation', opacity=0.75, ori=0.0, pos=array([0., 0.]), size=array([0.05, 0.05]), units='height', vertices=ndarray(...), win=Window(...), windingRule=None)
9.1453 	EXP 	Created screenAfterAudio = ImageStim(__class__=<class 'psychopy.visual.image.ImageStim'>, anchor=('center', 'center'), autoLog=True, color=array([1., 1., 1.]), colorSpace='rgb', contrast=1.0, depth=-4.0, flipHoriz=False, flipVert=False, image='images/grayScreen.png', interpolate=True, mask=None, maskParams=None, name='screenAfterAudio', opacity=1.0, ori=0.0, pos=array([0., 0.]), size=array([0.5, 0.5]), texRes=128.0, units='height', win=Window(...))
9.1598 	EXP 	Created blankScreen = ImageStim(__class__=<class 'psychopy.visual.image.ImageStim'>, anchor=('center', 'center'), autoLog=True, color=array([1., 1., 1.]), colorSpace='rgb', contrast=1.0, depth=-4.0, flipHoriz=False, flipVert=False, image='images/grayScreen.png', interpolate=True, mask=None, maskParams=None, name='blankScreen', opacity=1.0, ori=0.0, pos=array([0., 0.]), size=array([1920., 1080.]), texRes=128, units='height', win=Window(...))
9.2770 	EXP 	Created call1 = ImageStim(__class__=<class 'psychopy.visual.image.ImageStim'>, anchor=('center', 'center'), autoLog=True, color=array([1., 1., 1.]), colorSpace='rgb', contrast=1.0, depth=-5.0, flipHoriz=False, flipVert=False, image='images/adler.png', interpolate=True, mask=None, maskParams=None, name='call1', opacity=1.0, ori=0.0, pos=array([-0.4   ,  0.3125]), size=array([0.18, 0.18]), texRes=128, units='height', win=Window(...))
9.3966 	EXP 	Created call2 = ImageStim(__class__=<class 'psychopy.visual.image.ImageStim'>, anchor=('center', 'center'), autoLog=True, color=array([1., 1., 1.]), colorSpace='rgb', contrast=1.0, depth=-6.0, flipHoriz=False, flipVert=False, image='images/drossel.png', interpolate=True, mask=None, maskParams=None, name='call2', opacity=1.0, ori=0.0, pos=array([-0.4       ,  0.10416667]), size=array([0.18, 0.18]), texRes=128, units='height', win=Window(...))
9.5147 	EXP 	Created call3 = ImageStim(__class__=<class 'psychopy.visual.image.ImageStim'>, anchor=('center', 'center'), autoLog=True, color=array([1., 1., 1.]), colorSpace='rgb', contrast=1.0, depth=-7.0, flipHoriz=False, flipVert=False, image='images/tiger.png', interpolate=True, mask=None, maskParams=None, name='call3', opacity=1.0, ori=0.0, pos=array([-0.4       , -0.10416667]), size=array([0.18, 0.18]), texRes=128, units='height', win=Window(...))
9.6311 	EXP 	Created call4 = ImageStim(__class__=<class 'psychopy.visual.image.ImageStim'>, anchor=('center', 'center'), autoLog=True, color=array([1., 1., 1.]), colorSpace='rgb', contrast=1.0, depth=-8.0, flipHoriz=False, flipVert=False, image='images/kroete.png', interpolate=True, mask=None, maskParams=None, name='call4', opacity=1.0, ori=0.0, pos=array([-0.4   , -0.3125]), size=array([0.18, 0.18]), texRes=128, units='height', win=Window(...))
9.6515 	EXP 	Created colour1 = ImageStim(__class__=<class 'psychopy.visual.image.ImageStim'>, anchor=('center', 'center'), autoLog=True, color=array([1., 1., 1.]), colorSpace='rgb', contrast=1.0, depth=-9.0, flipHoriz=False, flipVert=False, image='images/gelb.png', interpolate=True, mask=None, maskParams=None, name='colour1', opacity=1.0, ori=0.0, pos=array([0.    , 0.3125]), size=array([0.18, 0.18]), texRes=128, units='height', win=Window(...))
9.6738 	EXP 	Created colour2 = ImageStim(__class__=<class 'psychopy.visual.image.ImageStim'>, anchor=('center', 'center'), autoLog=True, color=array([1., 1., 1.]), colorSpace='rgb', contrast=1.0, depth=-10.0, flipHoriz=False, flipVert=False, image='images/gruen.png', interpolate=True, mask=None, maskParams=None, name='colour2', opacity=1.0, ori=0.0, pos=array([0.        , 0.10416667]), size=array([0.18, 0.18]), texRes=128, units='height', win=Window(...))
9.6945 	EXP 	Created colour3 = ImageStim(__class__=<class 'psychopy.visual.image.ImageStim'>, anchor=('center', 'center'), autoLog=True, color=array([1., 1., 1.]), colorSpace='rgb', contrast=1.0, depth=-11.0, flipHoriz=False, flipVert=False, image='images/rot.png', interpolate=True, mask=None, maskParams=None, name='colour3', opacity=1.0, ori=0.0, pos=array([ 0.        , -0.10416667]), size=array([0.18, 0.18]), texRes=128, units='height', win=Window(...))
9.7150 	EXP 	Created colour4 = ImageStim(__class__=<class 'psychopy.visual.image.ImageStim'>, anchor=('center', 'center'), autoLog=True, color=array([1., 1., 1.]), colorSpace='rgb', contrast=1.0, depth=-12.0, flipHoriz=False, flipVert=False, image='images/weiss.png', interpolate=True, mask=None, maskParams=None, name='colour4', opacity=1.0, ori=0.0, pos=array([ 0.    , -0.3125]), size=array([0.18, 0.18]), texRes=128, units='height', win=Window(...))
9.7333 	EXP 	Created number1 = ImageStim(__class__=<class 'psychopy.visual.image.ImageStim'>, anchor=('center', 'center'), autoLog=True, color=array([1., 1., 1.]), colorSpace='rgb', contrast=1.0, depth=-13.0, flipHoriz=False, flipVert=False, image='images/1.png', interpolate=True, mask=None, maskParams=None, name='number1', opacity=1.0, ori=0.0, pos=array([0.4   , 0.3125]), size=array([0.18, 0.18]), texRes=128, units='height', win=Window(...))
9.7553 	EXP 	Created number2 = ImageStim(__class__=<class 'psychopy.visual.image.ImageStim'>, anchor=('center', 'center'), autoLog=True, color=array([1., 1., 1.]), colorSpace='rgb', contrast=1.0, depth=-14.0, flipHoriz=False, flipVert=False, image='images/2.png', interpolate=True, mask=None, maskParams=None, name='number2', opacity=1.0, ori=0.0, pos=array([0.4       , 0.10416667]), size=array([0.18, 0.18]), texRes=128, units='height', win=Window(...))
9.7769 	EXP 	Created number3 = ImageStim(__class__=<class 'psychopy.visual.image.ImageStim'>, anchor=('center', 'center'), autoLog=True, color=array([1., 1., 1.]), colorSpace='rgb', contrast=1.0, depth=-15.0, flipHoriz=False, flipVert=False, image='images/3.png', interpolate=True, mask=None, maskParams=None, name='number3', opacity=1.0, ori=0.0, pos=array([ 0.4       , -0.10416667]), size=array([0.18, 0.18]), texRes=128, units='height', win=Window(...))
9.7967 	EXP 	Created number4 = ImageStim(__class__=<class 'psychopy.visual.image.ImageStim'>, anchor=('center', 'center'), autoLog=True, color=array([1., 1., 1.]), colorSpace='rgb', contrast=1.0, depth=-16.0, flipHoriz=False, flipVert=False, image='images/4.png', interpolate=True, mask=None, maskParams=None, name='number4', opacity=1.0, ori=0.0, pos=array([ 0.4   , -0.3125]), size=array([0.18, 0.18]), texRes=128, units='height', win=Window(...))
9.7970 	EXP 	window1: mouseVisible = True
9.7970 	EXP 	window1: mouseVisible = True
9.7970 	EXP 	window1: mouseVisible = True
9.8170 	EXP 	Created blankScreenAfterResponse = ImageStim(__class__=<class 'psychopy.visual.image.ImageStim'>, anchor=('center', 'center'), autoLog=True, color=array([1., 1., 1.]), colorSpace='rgb', contrast=1.0, depth=-25.0, flipHoriz=False, flipVert=False, image='images/blankScreen.png', interpolate=True, mask=None, maskParams=None, name='blankScreenAfterResponse', opacity=1.0, ori=0.0, pos=array([0., 0.]), size=array([1920., 1080.]), texRes=128, units='height', win=Window(...))
9.8240 	EXP 	Created thanksText = TextStim(__class__=<class 'psychopy.visual.text.TextStim'>, alignHoriz=method-wrapper(...), alignText='center', alignVert=method-wrapper(...), anchorHoriz='center', anchorVert='center', antialias=True, autoDraw=False, autoLog=True, bold=False, color=array([1., 1., 1.]), colorSpace='rgb', contrast=1.0, depth=0.0, flipHoriz=False, flipVert=False, font='Arial', fontFiles=[], height=0.04, italic=False, languageStyle='LTR', name='thanksText', opacity=1.0, ori=0, pos=array([0., 0.]), rgb=UNKNOWN, text=str(...), units='height', win=Window(...), wrapWidth=1)
9.8241 	EXP 	window1: mouseVisible = False
9.8302 	EXP 	instrTrainText: autoDraw = True
10.7504 	DATA 	Keypress: v
10.7659 	DATA 	Keypress: space
10.7924 	EXP 	Imported order1.csv as conditions, 4 conditions, 1 params
10.7927 	EXP 	Created sequence: sequential, trialTypes=4, nReps=1, seed=None
10.7929 	EXP 	New trial (rep=0, index=0): OrderedDict([('condsFile', 'flow\\tts-golang-selected_PsyPySEQ_NV1.csv')])
10.7983 	EXP 	instrTrainText: autoDraw = False
10.7983 	EXP 	blockStart: autoDraw = True
11.8087 	EXP 	Imported flow\tts-golang-selected_PsyPySEQ_NV1.csv as conditions, 192 conditions, 26 params
11.8095 	EXP 	Created sequence: random, trialTypes=192, nReps=1, seed=None
11.8099 	EXP 	New trial (rep=0, index=0): OrderedDict([('audiofile', 'audio/NV_DE_Neural2-F_Ti-ro-Ei_0.75p.wav'), ('duration', 5.0619), ('noise', 'NV'), ('voice', 'Neural2-F'), ('words', 'Ti-ro-Ei'), ('callSign', 'Ti'), ('colour', 'ro'), ('number', 'Ei'), ('levels', '0.75p'), ('trigger_start', 100), ('trigger_end', 101), ('trigger_call', 114), ('trigger_col', 123), ('trigger_num', 131), ('file', 'DE_Neural2-F_Ti-ro-Ei.TextGrid'), ('firstSound_tmin', 0.15712), ('lastSound_tmax', 4.303494099406429), ('token_1_tmin', 0.718335615672178), ('token_1_tmax', 1.2065716032517724), ('token_2_tmin', 2.192474853398987), ('token_2_tmax', 2.56712), ('token_3_tmin', 3.738020554170896), ('token_3_tmax', 4.303494099406429), ('rater', 'mean'), ('newidx', 28), ('block', 'NV1')])
12.1104 	EXP 	window1: mouseVisible = False
12.1197 	EXP 	Sound sound_1 started
12.1129 	DATA 	Keypress: space
12.1170 	EXP 	blockStart: autoDraw = False
12.1170 	EXP 	fixation: autoDraw = True
16.7750 	EXP 	Sound sound_1 reached end of file
16.8216 	EXP 	window1: mouseVisible = False
16.8356 	EXP 	fixation: autoDraw = False
16.8356 	EXP 	screenAfterAudio: autoDraw = True
16.8356 	EXP 	screenAfterAudio: autoDraw = False
16.8356 	EXP 	fixation: autoDraw = False
16.8356 	EXP 	screenAfterAudio: autoDraw = False
16.8356 	EXP 	call1: texRes = 128
16.8356 	EXP 	call2: texRes = 128
16.8356 	EXP 	call3: texRes = 128
16.8356 	EXP 	call4: texRes = 128
16.8356 	EXP 	colour1: texRes = 128
16.8356 	EXP 	colour2: texRes = 128
16.8356 	EXP 	colour3: texRes = 128
16.8356 	EXP 	colour4: texRes = 128
16.8356 	EXP 	number1: texRes = 128
16.8356 	EXP 	number2: texRes = 128
16.8356 	EXP 	number3: texRes = 128
16.8356 	EXP 	number4: texRes = 128
16.8356 	EXP 	blankScreen: autoDraw = True
16.8358 	EXP 	window1: mouseVisible = False
16.8535 	EXP 	window1: mouseVisible = False
16.8696 	EXP 	window1: mouseVisible = False
16.8868 	EXP 	window1: mouseVisible = False
16.9027 	EXP 	window1: mouseVisible = False
16.9200 	EXP 	window1: mouseVisible = False
16.9361 	EXP 	window1: mouseVisible = False
16.9532 	EXP 	window1: mouseVisible = False
16.9700 	EXP 	window1: mouseVisible = False
16.9858 	EXP 	window1: mouseVisible = False
17.0027 	EXP 	window1: mouseVisible = False
17.0199 	EXP 	window1: mouseVisible = False
17.0360 	EXP 	window1: mouseVisible = False
17.0531 	EXP 	window1: mouseVisible = False
17.0692 	EXP 	window1: mouseVisible = False
17.0858 	EXP 	window1: mouseVisible = False
17.1030 	EXP 	window1: mouseVisible = False
17.1194 	EXP 	window1: mouseVisible = False
17.1361 	EXP 	window1: mouseVisible = False
17.1529 	EXP 	window1: mouseVisible = False
17.1696 	EXP 	window1: mouseVisible = False
17.1862 	EXP 	window1: mouseVisible = False
17.2029 	EXP 	window1: mouseVisible = False
17.2195 	EXP 	window1: mouseVisible = False
17.2362 	EXP 	window1: mouseVisible = False
17.2529 	EXP 	window1: mouseVisible = False
17.2696 	EXP 	window1: mouseVisible = False
17.2865 	EXP 	window1: mouseVisible = False
17.3029 	EXP 	window1: mouseVisible = False
17.3196 	EXP 	window1: mouseVisible = False
17.3365 	EXP 	window1: mouseVisible = False
17.3530 	EXP 	window1: mouseVisible = False
17.3700 	EXP 	window1: mouseVisible = False
17.3864 	EXP 	window1: mouseVisible = False
17.4030 	EXP 	window1: mouseVisible = False
17.4200 	EXP 	window1: mouseVisible = False
17.4365 	EXP 	window1: mouseVisible = False
17.4535 	EXP 	window1: mouseVisible = False
17.4696 	EXP 	window1: mouseVisible = False
17.4870 	EXP 	window1: mouseVisible = False
17.5031 	EXP 	window1: mouseVisible = False
17.5198 	EXP 	window1: mouseVisible = False
17.5365 	EXP 	window1: mouseVisible = False
17.5532 	EXP 	window1: mouseVisible = False
17.5701 	EXP 	window1: mouseVisible = False
17.5864 	EXP 	window1: mouseVisible = False
17.6034 	EXP 	window1: mouseVisible = False
17.6196 	EXP 	window1: mouseVisible = False
17.6364 	EXP 	window1: mouseVisible = False
17.6530 	EXP 	window1: mouseVisible = False
17.6705 	EXP 	window1: mouseVisible = False
17.6870 	EXP 	window1: mouseVisible = False
17.7032 	EXP 	window1: mouseVisible = False
17.7197 	EXP 	window1: mouseVisible = False
17.7366 	EXP 	window1: mouseVisible = False
17.7533 	EXP 	window1: mouseVisible = False
17.7698 	EXP 	window1: mouseVisible = False
17.7866 	EXP 	window1: mouseVisible = False
17.8033 	EXP 	window1: mouseVisible = False
17.8204 	EXP 	window1: mouseVisible = False
17.8364 	EXP 	blankScreen: autoDraw = False
17.8364 	EXP 	call1: autoDraw = True
17.8364 	EXP 	call2: autoDraw = True
17.8364 	EXP 	call3: autoDraw = True
17.8364 	EXP 	call4: autoDraw = True
17.8364 	EXP 	colour1: autoDraw = True
17.8364 	EXP 	colour2: autoDraw = True
17.8364 	EXP 	colour3: autoDraw = True
17.8364 	EXP 	colour4: autoDraw = True
17.8364 	EXP 	number1: autoDraw = True
17.8364 	EXP 	number2: autoDraw = True
17.8364 	EXP 	number3: autoDraw = True
17.8364 	EXP 	number4: autoDraw = True
17.8365 	EXP 	window1: mouseVisible = False
17.8367 	EXP 	window1: mouseVisible = True
17.8537 	EXP 	window1: mouseVisible = False
17.8539 	EXP 	window1: mouseVisible = True
17.8701 	EXP 	window1: mouseVisible = False
17.8704 	EXP 	window1: mouseVisible = True
17.8864 	EXP 	window1: mouseVisible = False
17.8866 	EXP 	window1: mouseVisible = True
17.9037 	EXP 	window1: mouseVisible = False
17.9040 	EXP 	window1: mouseVisible = True
17.9201 	EXP 	window1: mouseVisible = False
17.9203 	EXP 	window1: mouseVisible = True
17.9368 	EXP 	window1: mouseVisible = False
17.9371 	EXP 	window1: mouseVisible = True
17.9535 	EXP 	window1: mouseVisible = False
17.9537 	EXP 	window1: mouseVisible = True
17.9700 	EXP 	window1: mouseVisible = False
17.9702 	EXP 	window1: mouseVisible = True
17.9866 	EXP 	window1: mouseVisible = False
17.9867 	EXP 	window1: mouseVisible = True
18.0033 	EXP 	window1: mouseVisible = False
18.0035 	EXP 	window1: mouseVisible = True
18.0205 	EXP 	window1: mouseVisible = False
18.0207 	EXP 	window1: mouseVisible = True
18.0372 	EXP 	window1: mouseVisible = False
18.0375 	EXP 	window1: mouseVisible = True
18.0541 	EXP 	window1: mouseVisible = False
18.0543 	EXP 	window1: mouseVisible = True
18.0706 	EXP 	window1: mouseVisible = False
18.0709 	EXP 	window1: mouseVisible = True
18.0871 	EXP 	window1: mouseVisible = False
18.0873 	EXP 	window1: mouseVisible = True
18.1038 	EXP 	window1: mouseVisible = False
18.1040 	EXP 	window1: mouseVisible = True
18.1204 	EXP 	window1: mouseVisible = False
18.1207 	EXP 	window1: mouseVisible = True
18.1370 	EXP 	window1: mouseVisible = False
18.1371 	EXP 	window1: mouseVisible = True
18.1535 	EXP 	window1: mouseVisible = False
18.1538 	EXP 	window1: mouseVisible = True
18.1707 	EXP 	window1: mouseVisible = False
18.1709 	EXP 	window1: mouseVisible = True
18.1872 	EXP 	window1: mouseVisible = False
18.1874 	EXP 	window1: mouseVisible = True
18.2036 	EXP 	window1: mouseVisible = False
18.2038 	EXP 	window1: mouseVisible = True
18.2201 	EXP 	window1: mouseVisible = False
18.2203 	EXP 	window1: mouseVisible = True
18.2368 	EXP 	window1: mouseVisible = False
18.2370 	EXP 	window1: mouseVisible = True
18.2539 	EXP 	window1: mouseVisible = False
18.2541 	EXP 	window1: mouseVisible = True
18.2705 	EXP 	window1: mouseVisible = False
18.2707 	EXP 	window1: mouseVisible = True
18.2875 	EXP 	window1: mouseVisible = False
18.2877 	EXP 	window1: mouseVisible = True
18.3043 	EXP 	window1: mouseVisible = False
18.3045 	EXP 	window1: mouseVisible = True
18.3208 	EXP 	window1: mouseVisible = False
18.3210 	EXP 	window1: mouseVisible = True
18.3376 	EXP 	window1: mouseVisible = False
18.3379 	EXP 	window1: mouseVisible = True
18.3542 	EXP 	window1: mouseVisible = False
18.3544 	EXP 	window1: mouseVisible = True
18.3711 	EXP 	window1: mouseVisible = False
18.3713 	EXP 	window1: mouseVisible = True
18.3873 	EXP 	window1: mouseVisible = False
18.3875 	EXP 	window1: mouseVisible = True
18.4038 	EXP 	window1: mouseVisible = False
18.4039 	EXP 	window1: mouseVisible = True
18.4203 	EXP 	window1: mouseVisible = False
18.4204 	EXP 	window1: mouseVisible = True
18.4374 	EXP 	window1: mouseVisible = False
18.4376 	EXP 	window1: mouseVisible = True
18.4538 	EXP 	window1: mouseVisible = False
18.4541 	EXP 	window1: mouseVisible = True
18.4704 	EXP 	window1: mouseVisible = False
18.4705 	EXP 	window1: mouseVisible = True
18.4871 	EXP 	window1: mouseVisible = False
18.4873 	EXP 	window1: mouseVisible = True
18.5043 	EXP 	window1: mouseVisible = False
18.5045 	EXP 	window1: mouseVisible = True
18.5211 	EXP 	window1: mouseVisible = False
18.5213 	EXP 	window1: mouseVisible = True
18.5373 	EXP 	window1: mouseVisible = False
18.5376 	EXP 	window1: mouseVisible = True
18.5539 	EXP 	window1: mouseVisible = False
18.5541 	EXP 	window1: mouseVisible = True
18.5709 	EXP 	window1: mouseVisible = False
18.5711 	EXP 	window1: mouseVisible = True
18.5878 	EXP 	window1: mouseVisible = False
18.5880 	EXP 	window1: mouseVisible = True
18.6039 	EXP 	window1: mouseVisible = False
18.6041 	EXP 	window1: mouseVisible = True
18.6043 	DATA 	Mouse: Left button down, pos=(807,1127)
18.6372 	EXP 	call2: texRes = 128
18.6372 	EXP 	call3: texRes = 128
18.6372 	EXP 	call4: texRes = 128
18.6374 	EXP 	window1: mouseVisible = False
18.6377 	EXP 	window1: mouseVisible = True
18.6538 	EXP 	window1: mouseVisible = False
18.6539 	EXP 	window1: mouseVisible = True
18.6710 	EXP 	window1: mouseVisible = False
18.6713 	EXP 	window1: mouseVisible = True
18.6875 	EXP 	window1: mouseVisible = False
18.6876 	EXP 	window1: mouseVisible = True
18.7041 	EXP 	window1: mouseVisible = False
18.7043 	EXP 	window1: mouseVisible = True
18.7211 	EXP 	window1: mouseVisible = False
18.7212 	EXP 	window1: mouseVisible = True
18.7375 	EXP 	window1: mouseVisible = False
18.7378 	EXP 	window1: mouseVisible = True
18.7539 	EXP 	window1: mouseVisible = False
18.7541 	EXP 	window1: mouseVisible = True
18.7542 	DATA 	Mouse:  Left button up, pos=(807,1127)
18.7708 	EXP 	window1: mouseVisible = False
18.7710 	EXP 	window1: mouseVisible = True
18.7873 	EXP 	window1: mouseVisible = False
18.7875 	EXP 	window1: mouseVisible = True
18.8044 	EXP 	window1: mouseVisible = False
18.8046 	EXP 	window1: mouseVisible = True
18.8208 	EXP 	window1: mouseVisible = False
18.8211 	EXP 	window1: mouseVisible = True
18.8376 	EXP 	window1: mouseVisible = False
18.8379 	EXP 	window1: mouseVisible = True
18.8546 	EXP 	window1: mouseVisible = False
18.8548 	EXP 	window1: mouseVisible = True
18.8711 	EXP 	window1: mouseVisible = False
18.8714 	EXP 	window1: mouseVisible = True
18.8876 	EXP 	window1: mouseVisible = False
18.8877 	EXP 	window1: mouseVisible = True
18.9041 	EXP 	window1: mouseVisible = False
18.9042 	EXP 	window1: mouseVisible = True
18.9208 	EXP 	window1: mouseVisible = False
18.9210 	EXP 	window1: mouseVisible = True
18.9380 	EXP 	window1: mouseVisible = False
18.9382 	EXP 	window1: mouseVisible = True
18.9548 	EXP 	window1: mouseVisible = False
18.9550 	EXP 	window1: mouseVisible = True
18.9710 	EXP 	window1: mouseVisible = False
18.9712 	EXP 	window1: mouseVisible = True
18.9879 	EXP 	window1: mouseVisible = False
18.9881 	EXP 	window1: mouseVisible = True
19.0044 	EXP 	window1: mouseVisible = False
19.0047 	EXP 	window1: mouseVisible = True
19.0212 	EXP 	window1: mouseVisible = False
19.0213 	EXP 	window1: mouseVisible = True
19.0374 	EXP 	window1: mouseVisible = False
19.0377 	EXP 	window1: mouseVisible = True
19.0548 	EXP 	window1: mouseVisible = False
19.0550 	EXP 	window1: mouseVisible = True
19.0708 	EXP 	window1: mouseVisible = False
19.0710 	EXP 	window1: mouseVisible = True
19.0875 	EXP 	window1: mouseVisible = False
19.0877 	EXP 	window1: mouseVisible = True
19.1048 	EXP 	window1: mouseVisible = False
19.1052 	EXP 	window1: mouseVisible = True
19.1215 	EXP 	window1: mouseVisible = False
19.1218 	EXP 	window1: mouseVisible = True
19.1378 	EXP 	window1: mouseVisible = False
19.1380 	EXP 	window1: mouseVisible = True
19.1544 	EXP 	window1: mouseVisible = False
19.1546 	EXP 	window1: mouseVisible = True
19.1709 	EXP 	window1: mouseVisible = False
19.1711 	EXP 	window1: mouseVisible = True
19.1876 	EXP 	window1: mouseVisible = False
19.1878 	EXP 	window1: mouseVisible = True
19.2049 	EXP 	window1: mouseVisible = False
19.2052 	EXP 	window1: mouseVisible = True
19.2216 	EXP 	window1: mouseVisible = False
19.2220 	EXP 	window1: mouseVisible = True
19.2387 	EXP 	window1: mouseVisible = False
19.2390 	EXP 	window1: mouseVisible = True
19.2548 	EXP 	window1: mouseVisible = False
19.2550 	EXP 	window1: mouseVisible = True
19.2713 	EXP 	window1: mouseVisible = False
19.2715 	EXP 	window1: mouseVisible = True
19.2880 	EXP 	window1: mouseVisible = False
19.2882 	EXP 	window1: mouseVisible = True
19.3045 	EXP 	window1: mouseVisible = False
19.3047 	EXP 	window1: mouseVisible = True
19.3213 	EXP 	window1: mouseVisible = False
19.3215 	EXP 	window1: mouseVisible = True
19.3380 	EXP 	window1: mouseVisible = False
19.3382 	EXP 	window1: mouseVisible = True
19.3544 	EXP 	window1: mouseVisible = False
19.3546 	EXP 	window1: mouseVisible = True
19.3718 	EXP 	window1: mouseVisible = False
19.3720 	EXP 	window1: mouseVisible = True
19.3724 	DATA 	Mouse: Left button down, pos=(1289,1068)
19.4047 	EXP 	colour2: texRes = 128
19.4047 	EXP 	colour3: texRes = 128
19.4047 	EXP 	colour4: texRes = 128
19.4049 	EXP 	window1: mouseVisible = False
19.4051 	EXP 	window1: mouseVisible = True
19.4216 	EXP 	window1: mouseVisible = False
19.4218 	EXP 	window1: mouseVisible = True
19.4382 	EXP 	window1: mouseVisible = False
19.4387 	EXP 	window1: mouseVisible = True
19.4544 	EXP 	window1: mouseVisible = False
19.4546 	EXP 	window1: mouseVisible = True
19.4719 	EXP 	window1: mouseVisible = False
19.4721 	EXP 	window1: mouseVisible = True
19.4723 	DATA 	Mouse:  Left button up, pos=(1289,1068)
19.4882 	EXP 	window1: mouseVisible = False
19.4884 	EXP 	window1: mouseVisible = True
19.5048 	EXP 	window1: mouseVisible = False
19.5050 	EXP 	window1: mouseVisible = True
19.5218 	EXP 	window1: mouseVisible = False
19.5220 	EXP 	window1: mouseVisible = True
19.5382 	EXP 	window1: mouseVisible = False
19.5385 	EXP 	window1: mouseVisible = True
19.5549 	EXP 	window1: mouseVisible = False
19.5551 	EXP 	window1: mouseVisible = True
19.5714 	EXP 	window1: mouseVisible = False
19.5715 	EXP 	window1: mouseVisible = True
19.5882 	EXP 	window1: mouseVisible = False
19.5884 	EXP 	window1: mouseVisible = True
19.6047 	EXP 	window1: mouseVisible = False
19.6048 	EXP 	window1: mouseVisible = True
19.6213 	EXP 	window1: mouseVisible = False
19.6215 	EXP 	window1: mouseVisible = True
19.6381 	EXP 	window1: mouseVisible = False
19.6383 	EXP 	window1: mouseVisible = True
19.6546 	EXP 	window1: mouseVisible = False
19.6549 	EXP 	window1: mouseVisible = True
19.6714 	EXP 	window1: mouseVisible = False
19.6717 	EXP 	window1: mouseVisible = True
19.6884 	EXP 	window1: mouseVisible = False
19.6887 	EXP 	window1: mouseVisible = True
19.7053 	EXP 	window1: mouseVisible = False
19.7056 	EXP 	window1: mouseVisible = True
19.7216 	EXP 	window1: mouseVisible = False
19.7218 	EXP 	window1: mouseVisible = True
19.7386 	EXP 	window1: mouseVisible = False
19.7389 	EXP 	window1: mouseVisible = True
19.7555 	EXP 	window1: mouseVisible = False
19.7557 	EXP 	window1: mouseVisible = True
19.7716 	EXP 	window1: mouseVisible = False
19.7719 	EXP 	window1: mouseVisible = True
19.7887 	EXP 	window1: mouseVisible = False
19.7890 	EXP 	window1: mouseVisible = True
19.8052 	EXP 	window1: mouseVisible = False
19.8054 	EXP 	window1: mouseVisible = True
19.8217 	EXP 	window1: mouseVisible = False
19.8218 	EXP 	window1: mouseVisible = True
19.8382 	EXP 	window1: mouseVisible = False
19.8384 	EXP 	window1: mouseVisible = True
19.8557 	EXP 	window1: mouseVisible = False
19.8559 	EXP 	window1: mouseVisible = True
19.8719 	EXP 	window1: mouseVisible = False
19.8722 	EXP 	window1: mouseVisible = True
19.8881 	EXP 	window1: mouseVisible = False
19.8883 	EXP 	window1: mouseVisible = True
19.9057 	EXP 	window1: mouseVisible = False
19.9059 	EXP 	window1: mouseVisible = True
19.9221 	EXP 	window1: mouseVisible = False
19.9223 	EXP 	window1: mouseVisible = True
19.9387 	EXP 	window1: mouseVisible = False
19.9389 	EXP 	window1: mouseVisible = True
19.9551 	EXP 	window1: mouseVisible = False
19.9553 	EXP 	window1: mouseVisible = True
19.9722 	EXP 	window1: mouseVisible = False
19.9724 	EXP 	window1: mouseVisible = True
19.9890 	EXP 	window1: mouseVisible = False
19.9893 	EXP 	window1: mouseVisible = True
20.0055 	EXP 	window1: mouseVisible = False
20.0057 	EXP 	window1: mouseVisible = True
20.0222 	EXP 	window1: mouseVisible = False
20.0224 	EXP 	window1: mouseVisible = True
20.0387 	EXP 	window1: mouseVisible = False
20.0389 	EXP 	window1: mouseVisible = True
20.0553 	EXP 	window1: mouseVisible = False
20.0556 	EXP 	window1: mouseVisible = True
20.0722 	EXP 	window1: mouseVisible = False
20.0723 	EXP 	window1: mouseVisible = True
20.0891 	EXP 	window1: mouseVisible = False
20.0892 	EXP 	window1: mouseVisible = True
20.1051 	EXP 	window1: mouseVisible = False
20.1052 	EXP 	window1: mouseVisible = True
20.1221 	EXP 	window1: mouseVisible = False
20.1223 	EXP 	window1: mouseVisible = True
20.1388 	EXP 	window1: mouseVisible = False
20.1390 	EXP 	window1: mouseVisible = True
20.1557 	EXP 	window1: mouseVisible = False
20.1559 	EXP 	window1: mouseVisible = True
20.1721 	EXP 	window1: mouseVisible = False
20.1723 	EXP 	window1: mouseVisible = True
20.1890 	EXP 	window1: mouseVisible = False
20.1891 	EXP 	window1: mouseVisible = True
20.2054 	EXP 	window1: mouseVisible = False
20.2057 	EXP 	window1: mouseVisible = True
20.2220 	EXP 	window1: mouseVisible = False
20.2222 	EXP 	window1: mouseVisible = True
20.2390 	EXP 	window1: mouseVisible = False
20.2392 	EXP 	window1: mouseVisible = True
20.2554 	EXP 	window1: mouseVisible = False
20.2556 	EXP 	window1: mouseVisible = True
20.2723 	EXP 	window1: mouseVisible = False
20.2725 	EXP 	window1: mouseVisible = True
20.2886 	EXP 	window1: mouseVisible = False
20.2888 	EXP 	window1: mouseVisible = True
20.3053 	EXP 	window1: mouseVisible = False
20.3055 	EXP 	window1: mouseVisible = True
20.3220 	EXP 	window1: mouseVisible = False
20.3222 	EXP 	window1: mouseVisible = True
20.3386 	EXP 	window1: mouseVisible = False
20.3388 	EXP 	window1: mouseVisible = True
20.3553 	EXP 	window1: mouseVisible = False
20.3555 	EXP 	window1: mouseVisible = True
20.3724 	EXP 	window1: mouseVisible = False
20.3726 	EXP 	window1: mouseVisible = True
20.3890 	EXP 	window1: mouseVisible = False
20.3893 	EXP 	window1: mouseVisible = True
20.4054 	EXP 	window1: mouseVisible = False
20.4056 	EXP 	window1: mouseVisible = True
20.4220 	EXP 	window1: mouseVisible = False
20.4222 	EXP 	window1: mouseVisible = True
20.4394 	EXP 	window1: mouseVisible = False
20.4396 	EXP 	window1: mouseVisible = True
20.4558 	EXP 	window1: mouseVisible = False
20.4559 	EXP 	window1: mouseVisible = True
20.4725 	EXP 	window1: mouseVisible = False
20.4727 	EXP 	window1: mouseVisible = True
20.4888 	EXP 	window1: mouseVisible = False
20.4890 	EXP 	window1: mouseVisible = True
20.4915 	DATA 	Mouse: Left button down, pos=(1855,1055)
20.5055 	EXP 	window1: mouseVisible = False
20.5057 	EXP 	window1: mouseVisible = True
20.5209 	EXP 	New trial (rep=0, index=1): OrderedDict([('audiofile', 'audio/NV_DE_Neural2-F_Dr-ro-Ei_0.8p.wav'), ('duration', 5.0857), ('noise', 'NV'), ('voice', 'Neural2-F'), ('words', 'Dr-ro-Ei'), ('callSign', 'Dr'), ('colour', 'ro'), ('number', 'Ei'), ('levels', '0.8p'), ('trigger_start', 100), ('trigger_end', 101), ('trigger_call', 112), ('trigger_col', 123), ('trigger_num', 131), ('file', 'DE_Neural2-F_Dr-ro-Ei.TextGrid'), ('firstSound_tmin', 0.16712), ('lastSound_tmax', 4.316758085233376), ('token_1_tmin', 0.6826226241817128), ('token_1_tmax', 1.1958408472456117), ('token_2_tmin', 2.18190354499794), ('token_2_tmax', 2.549007265021179), ('token_3_tmin', 3.747429689400271), ('token_3_tmax', 4.316758085233376), ('rater', 'mean'), ('newidx', 15), ('block', 'NV1')])
20.6971 	EXP 	window1: mouseVisible = False
20.7064 	EXP 	Sound sound_1 started
20.6985 	DATA 	Mouse:  Left button up, pos=(1855,1055)
20.7054 	EXP 	number2: texRes = 128
20.7054 	EXP 	number3: texRes = 128
20.7054 	EXP 	number4: texRes = 128
20.7054 	EXP 	blankScreenAfterResponse: autoDraw = True
20.7054 	EXP 	blankScreen: autoDraw = False
20.7054 	EXP 	call1: autoDraw = False
20.7054 	EXP 	call2: autoDraw = False
20.7054 	EXP 	call3: autoDraw = False
20.7054 	EXP 	call4: autoDraw = False
20.7054 	EXP 	colour1: autoDraw = False
20.7054 	EXP 	colour2: autoDraw = False
20.7054 	EXP 	colour3: autoDraw = False
20.7054 	EXP 	colour4: autoDraw = False
20.7054 	EXP 	number1: autoDraw = False
20.7054 	EXP 	number2: autoDraw = False
20.7054 	EXP 	number3: autoDraw = False
20.7054 	EXP 	number4: autoDraw = False
20.7054 	EXP 	blankScreenAfterResponse: autoDraw = False
20.7054 	EXP 	fixation: autoDraw = True
25.3837 	EXP 	Sound sound_1 reached end of file
25.4290 	EXP 	window1: mouseVisible = False
25.4428 	EXP 	fixation: autoDraw = False
25.4428 	EXP 	screenAfterAudio: autoDraw = True
25.4428 	EXP 	screenAfterAudio: autoDraw = False
25.4428 	EXP 	fixation: autoDraw = False
25.4428 	EXP 	screenAfterAudio: autoDraw = False
25.4428 	EXP 	call1: texRes = 128
25.4428 	EXP 	call2: texRes = 128
25.4428 	EXP 	call3: texRes = 128
25.4428 	EXP 	call4: texRes = 128
25.4428 	EXP 	colour1: texRes = 128
25.4428 	EXP 	colour2: texRes = 128
25.4428 	EXP 	colour3: texRes = 128
25.4428 	EXP 	colour4: texRes = 128
25.4428 	EXP 	number1: texRes = 128
25.4428 	EXP 	number2: texRes = 128
25.4428 	EXP 	number3: texRes = 128
25.4428 	EXP 	number4: texRes = 128
25.4428 	EXP 	blankScreen: autoDraw = True
25.4430 	EXP 	window1: mouseVisible = False
25.4603 	EXP 	window1: mouseVisible = False
25.4769 	EXP 	window1: mouseVisible = False
25.4936 	EXP 	window1: mouseVisible = False
25.5097 	EXP 	window1: mouseVisible = False
25.5270 	EXP 	window1: mouseVisible = False
25.5440 	EXP 	window1: mouseVisible = False
25.5595 	EXP 	window1: mouseVisible = False
25.5770 	EXP 	window1: mouseVisible = False
25.5940 	EXP 	window1: mouseVisible = False
25.6096 	EXP 	window1: mouseVisible = False
25.6271 	EXP 	window1: mouseVisible = False
25.6429 	EXP 	window1: mouseVisible = False
25.6609 	EXP 	window1: mouseVisible = False
25.6768 	EXP 	window1: mouseVisible = False
25.6941 	EXP 	window1: mouseVisible = False
25.7111 	EXP 	window1: mouseVisible = False
25.7274 	EXP 	window1: mouseVisible = False
25.7444 	EXP 	window1: mouseVisible = False
25.7601 	EXP 	window1: mouseVisible = False
25.7770 	EXP 	window1: mouseVisible = False
25.7932 	EXP 	window1: mouseVisible = False
25.8099 	EXP 	window1: mouseVisible = False
25.8266 	EXP 	window1: mouseVisible = False
25.8433 	EXP 	window1: mouseVisible = False
25.8601 	EXP 	window1: mouseVisible = False
25.8770 	EXP 	window1: mouseVisible = False
25.8933 	EXP 	window1: mouseVisible = False
25.9100 	EXP 	window1: mouseVisible = False
25.9271 	EXP 	window1: mouseVisible = False
25.9433 	EXP 	window1: mouseVisible = False
25.9604 	EXP 	window1: mouseVisible = False
25.9769 	EXP 	window1: mouseVisible = False
25.9933 	EXP 	window1: mouseVisible = False
26.0101 	EXP 	window1: mouseVisible = False
26.0270 	EXP 	window1: mouseVisible = False
26.0435 	EXP 	window1: mouseVisible = False
26.0601 	EXP 	window1: mouseVisible = False
26.0768 	EXP 	window1: mouseVisible = False
26.0936 	EXP 	window1: mouseVisible = False
26.1099 	EXP 	window1: mouseVisible = False
26.1268 	EXP 	window1: mouseVisible = False
26.1435 	EXP 	window1: mouseVisible = False
26.1602 	EXP 	window1: mouseVisible = False
26.1770 	EXP 	window1: mouseVisible = False
26.1936 	EXP 	window1: mouseVisible = False
26.2100 	EXP 	window1: mouseVisible = False
26.2267 	EXP 	window1: mouseVisible = False
26.2435 	EXP 	window1: mouseVisible = False
26.2607 	EXP 	window1: mouseVisible = False
26.2772 	EXP 	window1: mouseVisible = False
26.2939 	EXP 	window1: mouseVisible = False
26.3105 	EXP 	window1: mouseVisible = False
26.3269 	EXP 	window1: mouseVisible = False
26.3439 	EXP 	window1: mouseVisible = False
26.3606 	EXP 	window1: mouseVisible = False
26.3769 	EXP 	window1: mouseVisible = False
26.3937 	EXP 	window1: mouseVisible = False
26.4106 	EXP 	window1: mouseVisible = False
26.4272 	EXP 	window1: mouseVisible = False
26.4434 	EXP 	blankScreen: autoDraw = False
26.4434 	EXP 	call1: autoDraw = True
26.4434 	EXP 	call2: autoDraw = True
26.4434 	EXP 	call3: autoDraw = True
26.4434 	EXP 	call4: autoDraw = True
26.4434 	EXP 	colour1: autoDraw = True
26.4434 	EXP 	colour2: autoDraw = True
26.4434 	EXP 	colour3: autoDraw = True
26.4434 	EXP 	colour4: autoDraw = True
26.4434 	EXP 	number1: autoDraw = True
26.4434 	EXP 	number2: autoDraw = True
26.4434 	EXP 	number3: autoDraw = True
26.4434 	EXP 	number4: autoDraw = True
26.4436 	EXP 	window1: mouseVisible = False
26.4439 	EXP 	window1: mouseVisible = True
26.4603 	EXP 	window1: mouseVisible = False
26.4605 	EXP 	window1: mouseVisible = True
26.4772 	EXP 	window1: mouseVisible = False
26.4774 	EXP 	window1: mouseVisible = True
26.4937 	EXP 	window1: mouseVisible = False
26.4939 	EXP 	window1: mouseVisible = True
26.5105 	EXP 	window1: mouseVisible = False
26.5108 	EXP 	window1: mouseVisible = True
26.5271 	EXP 	window1: mouseVisible = False
26.5273 	EXP 	window1: mouseVisible = True
26.5441 	EXP 	window1: mouseVisible = False
26.5443 	EXP 	window1: mouseVisible = True
26.5610 	EXP 	window1: mouseVisible = False
26.5613 	EXP 	window1: mouseVisible = True
26.5777 	EXP 	window1: mouseVisible = False
26.5780 	EXP 	window1: mouseVisible = True
26.5942 	EXP 	window1: mouseVisible = False
26.5944 	EXP 	window1: mouseVisible = True
26.6108 	EXP 	window1: mouseVisible = False
26.6110 	EXP 	window1: mouseVisible = True
26.6273 	EXP 	window1: mouseVisible = False
26.6274 	EXP 	window1: mouseVisible = True
26.6438 	EXP 	window1: mouseVisible = False
26.6440 	EXP 	window1: mouseVisible = True
26.6604 	EXP 	window1: mouseVisible = False
26.6606 	EXP 	window1: mouseVisible = True
26.6777 	EXP 	window1: mouseVisible = False
26.6779 	EXP 	window1: mouseVisible = True
26.6943 	EXP 	window1: mouseVisible = False
26.6945 	EXP 	window1: mouseVisible = True
26.7104 	EXP 	window1: mouseVisible = False
26.7106 	EXP 	window1: mouseVisible = True
26.7275 	EXP 	window1: mouseVisible = False
26.7276 	EXP 	window1: mouseVisible = True
26.7444 	EXP 	window1: mouseVisible = False
26.7446 	EXP 	window1: mouseVisible = True
26.7606 	EXP 	window1: mouseVisible = False
26.7608 	EXP 	window1: mouseVisible = True
26.7779 	EXP 	window1: mouseVisible = False
26.7781 	EXP 	window1: mouseVisible = True
26.7940 	EXP 	window1: mouseVisible = False
26.7942 	EXP 	window1: mouseVisible = True
26.8106 	EXP 	window1: mouseVisible = False
26.8108 	EXP 	window1: mouseVisible = True
26.8280 	EXP 	window1: mouseVisible = False
26.8282 	EXP 	window1: mouseVisible = True
26.8447 	EXP 	window1: mouseVisible = False
26.8449 	EXP 	window1: mouseVisible = True
26.8611 	EXP 	window1: mouseVisible = False
26.8613 	EXP 	window1: mouseVisible = True
26.8774 	EXP 	window1: mouseVisible = False
26.8777 	EXP 	window1: mouseVisible = True
26.8942 	EXP 	window1: mouseVisible = False
26.8944 	EXP 	window1: mouseVisible = True
26.9106 	EXP 	window1: mouseVisible = False
26.9107 	EXP 	window1: mouseVisible = True
26.9284 	EXP 	window1: mouseVisible = False
26.9286 	EXP 	window1: mouseVisible = True
26.9445 	EXP 	window1: mouseVisible = False
26.9447 	EXP 	window1: mouseVisible = True
26.9613 	EXP 	window1: mouseVisible = False
26.9616 	EXP 	window1: mouseVisible = True
26.9780 	EXP 	window1: mouseVisible = False
26.9782 	EXP 	window1: mouseVisible = True
26.9947 	EXP 	window1: mouseVisible = False
26.9950 	EXP 	window1: mouseVisible = True
27.0110 	EXP 	window1: mouseVisible = False
27.0111 	EXP 	window1: mouseVisible = True
27.0275 	EXP 	window1: mouseVisible = False
27.0276 	EXP 	window1: mouseVisible = True
27.0444 	EXP 	window1: mouseVisible = False
27.0446 	EXP 	window1: mouseVisible = True
27.0611 	EXP 	window1: mouseVisible = False
27.0613 	EXP 	window1: mouseVisible = True
27.0777 	EXP 	window1: mouseVisible = False
27.0780 	EXP 	window1: mouseVisible = True
27.0940 	EXP 	window1: mouseVisible = False
27.0942 	EXP 	window1: mouseVisible = True
27.1110 	EXP 	window1: mouseVisible = False
27.1113 	EXP 	window1: mouseVisible = True
27.1275 	EXP 	window1: mouseVisible = False
27.1277 	EXP 	window1: mouseVisible = True
27.1443 	EXP 	window1: mouseVisible = False
27.1444 	EXP 	window1: mouseVisible = True
27.1615 	EXP 	window1: mouseVisible = False
27.1618 	EXP 	window1: mouseVisible = True
27.1776 	EXP 	window1: mouseVisible = False
27.1778 	EXP 	window1: mouseVisible = True
27.1947 	EXP 	window1: mouseVisible = False
27.1949 	EXP 	window1: mouseVisible = True
27.2117 	EXP 	window1: mouseVisible = False
27.2119 	EXP 	window1: mouseVisible = True
27.2279 	EXP 	window1: mouseVisible = False
27.2281 	EXP 	window1: mouseVisible = True
27.2447 	EXP 	window1: mouseVisible = False
27.2449 	EXP 	window1: mouseVisible = True
27.2451 	DATA 	Mouse: Left button down, pos=(752,851)
27.2777 	EXP 	call1: texRes = 128
27.2777 	EXP 	call3: texRes = 128
27.2777 	EXP 	call4: texRes = 128
27.2779 	EXP 	window1: mouseVisible = False
27.2782 	EXP 	window1: mouseVisible = True
27.2945 	EXP 	window1: mouseVisible = False
27.2947 	EXP 	window1: mouseVisible = True
27.3113 	EXP 	window1: mouseVisible = False
27.3117 	EXP 	window1: mouseVisible = True
27.3278 	EXP 	window1: mouseVisible = False
27.3279 	EXP 	window1: mouseVisible = True
27.3281 	DATA 	Mouse:  Left button up, pos=(752,851)
27.3446 	EXP 	window1: mouseVisible = False
27.3448 	EXP 	window1: mouseVisible = True
27.3614 	EXP 	window1: mouseVisible = False
27.3617 	EXP 	window1: mouseVisible = True
27.3779 	EXP 	window1: mouseVisible = False
27.3781 	EXP 	window1: mouseVisible = True
27.3947 	EXP 	window1: mouseVisible = False
27.3949 	EXP 	window1: mouseVisible = True
27.4110 	EXP 	window1: mouseVisible = False
27.4112 	EXP 	window1: mouseVisible = True
27.4276 	EXP 	window1: mouseVisible = False
27.4278 	EXP 	window1: mouseVisible = True
27.4454 	EXP 	window1: mouseVisible = False
27.4457 	EXP 	window1: mouseVisible = True
27.4612 	EXP 	window1: mouseVisible = False
27.4615 	EXP 	window1: mouseVisible = True
27.4779 	EXP 	window1: mouseVisible = False
27.4781 	EXP 	window1: mouseVisible = True
27.4945 	EXP 	window1: mouseVisible = False
27.4947 	EXP 	window1: mouseVisible = True
27.5112 	EXP 	window1: mouseVisible = False
27.5114 	EXP 	window1: mouseVisible = True
27.5284 	EXP 	window1: mouseVisible = False
27.5287 	EXP 	window1: mouseVisible = True
27.5452 	EXP 	window1: mouseVisible = False
27.5453 	EXP 	window1: mouseVisible = True
27.5612 	EXP 	window1: mouseVisible = False
27.5614 	EXP 	window1: mouseVisible = True
27.5784 	EXP 	window1: mouseVisible = False
27.5786 	EXP 	window1: mouseVisible = True
27.5952 	EXP 	window1: mouseVisible = False
27.5954 	EXP 	window1: mouseVisible = True
27.6114 	EXP 	window1: mouseVisible = False
27.6116 	EXP 	window1: mouseVisible = True
27.6282 	EXP 	window1: mouseVisible = False
27.6284 	EXP 	window1: mouseVisible = True
27.6453 	EXP 	window1: mouseVisible = False
27.6455 	EXP 	window1: mouseVisible = True
27.6622 	EXP 	window1: mouseVisible = False
27.6624 	EXP 	window1: mouseVisible = True
27.6779 	EXP 	window1: mouseVisible = False
27.6781 	EXP 	window1: mouseVisible = True
27.6950 	EXP 	window1: mouseVisible = False
27.6952 	EXP 	window1: mouseVisible = True
27.7115 	EXP 	window1: mouseVisible = False
27.7117 	EXP 	window1: mouseVisible = True
27.7283 	EXP 	window1: mouseVisible = False
27.7285 	EXP 	window1: mouseVisible = True
27.7449 	EXP 	window1: mouseVisible = False
27.7451 	EXP 	window1: mouseVisible = True
27.7617 	EXP 	window1: mouseVisible = False
27.7619 	EXP 	window1: mouseVisible = True
27.7785 	EXP 	window1: mouseVisible = False
27.7787 	EXP 	window1: mouseVisible = True
27.7948 	EXP 	window1: mouseVisible = False
27.7950 	EXP 	window1: mouseVisible = True
27.8116 	EXP 	window1: mouseVisible = False
27.8118 	EXP 	window1: mouseVisible = True
27.8286 	EXP 	window1: mouseVisible = False
27.8288 	EXP 	window1: mouseVisible = True
27.8454 	EXP 	window1: mouseVisible = False
27.8456 	EXP 	window1: mouseVisible = True
27.8617 	EXP 	window1: mouseVisible = False
27.8619 	EXP 	window1: mouseVisible = True
27.8786 	EXP 	window1: mouseVisible = False
27.8787 	EXP 	window1: mouseVisible = True
27.8948 	EXP 	window1: mouseVisible = False
27.8950 	EXP 	window1: mouseVisible = True
27.9117 	EXP 	window1: mouseVisible = False
27.9119 	EXP 	window1: mouseVisible = True
27.9287 	EXP 	window1: mouseVisible = False
27.9288 	EXP 	window1: mouseVisible = True
27.9449 	EXP 	window1: mouseVisible = False
27.9451 	EXP 	window1: mouseVisible = True
27.9620 	EXP 	window1: mouseVisible = False
27.9622 	EXP 	window1: mouseVisible = True
27.9785 	EXP 	window1: mouseVisible = False
27.9788 	EXP 	window1: mouseVisible = True
27.9950 	EXP 	window1: mouseVisible = False
27.9952 	EXP 	window1: mouseVisible = True
28.0123 	EXP 	window1: mouseVisible = False
28.0125 	EXP 	window1: mouseVisible = True
28.0285 	EXP 	window1: mouseVisible = False
28.0287 	EXP 	window1: mouseVisible = True
28.0451 	EXP 	window1: mouseVisible = False
28.0452 	EXP 	window1: mouseVisible = True
28.0617 	EXP 	window1: mouseVisible = False
28.0618 	EXP 	window1: mouseVisible = True
28.0785 	EXP 	window1: mouseVisible = False
28.0787 	EXP 	window1: mouseVisible = True
28.0952 	EXP 	window1: mouseVisible = False
28.0954 	EXP 	window1: mouseVisible = True
28.1121 	EXP 	window1: mouseVisible = False
28.1123 	EXP 	window1: mouseVisible = True
28.1286 	EXP 	window1: mouseVisible = False
28.1288 	EXP 	window1: mouseVisible = True
28.1453 	EXP 	window1: mouseVisible = False
28.1456 	EXP 	window1: mouseVisible = True
28.1622 	EXP 	window1: mouseVisible = False
28.1624 	EXP 	window1: mouseVisible = True
28.1788 	EXP 	window1: mouseVisible = False
28.1790 	EXP 	window1: mouseVisible = True
28.1952 	EXP 	window1: mouseVisible = False
28.1954 	EXP 	window1: mouseVisible = True
28.2118 	EXP 	window1: mouseVisible = False
28.2120 	EXP 	window1: mouseVisible = True
28.2287 	EXP 	window1: mouseVisible = False
28.2288 	EXP 	window1: mouseVisible = True
28.2453 	EXP 	window1: mouseVisible = False
28.2455 	EXP 	window1: mouseVisible = True
28.2621 	EXP 	window1: mouseVisible = False
28.2624 	EXP 	window1: mouseVisible = True
28.2788 	EXP 	window1: mouseVisible = False
28.2790 	EXP 	window1: mouseVisible = True
28.2955 	EXP 	window1: mouseVisible = False
28.2957 	EXP 	window1: mouseVisible = True
28.3120 	EXP 	window1: mouseVisible = False
28.3122 	EXP 	window1: mouseVisible = True
28.3284 	EXP 	window1: mouseVisible = False
28.3285 	EXP 	window1: mouseVisible = True
28.3455 	EXP 	window1: mouseVisible = False
28.3457 	EXP 	window1: mouseVisible = True
28.3621 	EXP 	window1: mouseVisible = False
28.3623 	EXP 	window1: mouseVisible = True
28.3788 	EXP 	window1: mouseVisible = False
28.3790 	EXP 	window1: mouseVisible = True
28.3956 	EXP 	window1: mouseVisible = False
28.3958 	EXP 	window1: mouseVisible = True
28.4123 	EXP 	window1: mouseVisible = False
28.4125 	EXP 	window1: mouseVisible = True
28.4288 	EXP 	window1: mouseVisible = False
28.4290 	EXP 	window1: mouseVisible = True
28.4455 	EXP 	window1: mouseVisible = False
28.4457 	EXP 	window1: mouseVisible = True
28.4622 	EXP 	window1: mouseVisible = False
28.4623 	EXP 	window1: mouseVisible = True
28.4787 	EXP 	window1: mouseVisible = False
28.4789 	EXP 	window1: mouseVisible = True
28.4957 	EXP 	window1: mouseVisible = False
28.4959 	EXP 	window1: mouseVisible = True
28.4961 	DATA 	Mouse: Left button down, pos=(1218,870)
28.5287 	EXP 	colour1: texRes = 128
28.5287 	EXP 	colour3: texRes = 128
28.5287 	EXP 	colour4: texRes = 128
28.5290 	EXP 	window1: mouseVisible = False
28.5292 	EXP 	window1: mouseVisible = True
28.5455 	EXP 	window1: mouseVisible = False
28.5457 	EXP 	window1: mouseVisible = True
28.5623 	EXP 	window1: mouseVisible = False
28.5625 	EXP 	window1: mouseVisible = True
28.5790 	EXP 	window1: mouseVisible = False
28.5792 	EXP 	window1: mouseVisible = True
28.5955 	EXP 	window1: mouseVisible = False
28.5957 	EXP 	window1: mouseVisible = True
28.5980 	DATA 	Mouse:  Left button up, pos=(1218,870)
28.6123 	EXP 	window1: mouseVisible = False
28.6125 	EXP 	window1: mouseVisible = True
28.6292 	EXP 	window1: mouseVisible = False
28.6293 	EXP 	window1: mouseVisible = True
28.6461 	EXP 	window1: mouseVisible = False
28.6463 	EXP 	window1: mouseVisible = True
28.6623 	EXP 	window1: mouseVisible = False
28.6625 	EXP 	window1: mouseVisible = True
28.6788 	EXP 	window1: mouseVisible = False
28.6790 	EXP 	window1: mouseVisible = True
28.6960 	EXP 	window1: mouseVisible = False
28.6962 	EXP 	window1: mouseVisible = True
28.7122 	EXP 	window1: mouseVisible = False
28.7124 	EXP 	window1: mouseVisible = True
28.7293 	EXP 	window1: mouseVisible = False
28.7295 	EXP 	window1: mouseVisible = True
28.7454 	EXP 	window1: mouseVisible = False
28.7456 	EXP 	window1: mouseVisible = True
28.7627 	EXP 	window1: mouseVisible = False
28.7630 	EXP 	window1: mouseVisible = True
28.7791 	EXP 	window1: mouseVisible = False
28.7794 	EXP 	window1: mouseVisible = True
28.7956 	EXP 	window1: mouseVisible = False
28.7958 	EXP 	window1: mouseVisible = True
28.8122 	EXP 	window1: mouseVisible = False
28.8124 	EXP 	window1: mouseVisible = True
28.8290 	EXP 	window1: mouseVisible = False
28.8293 	EXP 	window1: mouseVisible = True
28.8456 	EXP 	window1: mouseVisible = False
28.8458 	EXP 	window1: mouseVisible = True
28.8622 	EXP 	window1: mouseVisible = False
28.8624 	EXP 	window1: mouseVisible = True
28.8795 	EXP 	window1: mouseVisible = False
28.8797 	EXP 	window1: mouseVisible = True
28.8962 	EXP 	window1: mouseVisible = False
28.8964 	EXP 	window1: mouseVisible = True
28.9136 	EXP 	window1: mouseVisible = False
28.9138 	EXP 	window1: mouseVisible = True
28.9297 	EXP 	window1: mouseVisible = False
28.9299 	EXP 	window1: mouseVisible = True
28.9457 	EXP 	window1: mouseVisible = False
28.9459 	EXP 	window1: mouseVisible = True
28.9624 	EXP 	window1: mouseVisible = False
28.9626 	EXP 	window1: mouseVisible = True
28.9793 	EXP 	window1: mouseVisible = False
28.9795 	EXP 	window1: mouseVisible = True
28.9956 	EXP 	window1: mouseVisible = False
28.9957 	EXP 	window1: mouseVisible = True
29.0131 	EXP 	window1: mouseVisible = False
29.0133 	EXP 	window1: mouseVisible = True
29.0290 	EXP 	window1: mouseVisible = False
29.0293 	EXP 	window1: mouseVisible = True
29.0463 	EXP 	window1: mouseVisible = False
29.0465 	EXP 	window1: mouseVisible = True
29.0625 	EXP 	window1: mouseVisible = False
29.0627 	EXP 	window1: mouseVisible = True
29.0791 	EXP 	window1: mouseVisible = False
29.0794 	EXP 	window1: mouseVisible = True
29.0965 	EXP 	window1: mouseVisible = False
29.0967 	EXP 	window1: mouseVisible = True
29.1131 	EXP 	window1: mouseVisible = False
29.1133 	EXP 	window1: mouseVisible = True
29.1293 	EXP 	window1: mouseVisible = False
29.1294 	EXP 	window1: mouseVisible = True
29.1463 	EXP 	window1: mouseVisible = False
29.1465 	EXP 	window1: mouseVisible = True
29.1631 	EXP 	window1: mouseVisible = False
29.1633 	EXP 	window1: mouseVisible = True
29.1794 	EXP 	window1: mouseVisible = False
29.1797 	EXP 	window1: mouseVisible = True
29.1965 	EXP 	window1: mouseVisible = False
29.1966 	EXP 	window1: mouseVisible = True
29.2132 	EXP 	window1: mouseVisible = False
29.2134 	EXP 	window1: mouseVisible = True
29.2294 	EXP 	window1: mouseVisible = False
29.2296 	EXP 	window1: mouseVisible = True
29.2459 	EXP 	window1: mouseVisible = False
29.2461 	EXP 	window1: mouseVisible = True
29.2627 	EXP 	window1: mouseVisible = False
29.2628 	EXP 	window1: mouseVisible = True
29.2799 	EXP 	window1: mouseVisible = False
29.2803 	EXP 	window1: mouseVisible = True
29.2959 	EXP 	window1: mouseVisible = False
29.2961 	EXP 	window1: mouseVisible = True
29.3129 	EXP 	window1: mouseVisible = False
29.3132 	EXP 	window1: mouseVisible = True
29.3297 	EXP 	window1: mouseVisible = False
29.3299 	EXP 	window1: mouseVisible = True
29.3466 	EXP 	window1: mouseVisible = False
29.3468 	EXP 	window1: mouseVisible = True
29.3627 	EXP 	window1: mouseVisible = False
29.3628 	EXP 	window1: mouseVisible = True
29.3796 	EXP 	window1: mouseVisible = False
29.3798 	EXP 	window1: mouseVisible = True
29.3966 	EXP 	window1: mouseVisible = False
29.3968 	EXP 	window1: mouseVisible = True
29.4130 	EXP 	window1: mouseVisible = False
29.4132 	EXP 	window1: mouseVisible = True
29.4299 	EXP 	window1: mouseVisible = False
29.4301 	EXP 	window1: mouseVisible = True
29.4463 	EXP 	window1: mouseVisible = False
29.4466 	EXP 	window1: mouseVisible = True
29.4632 	EXP 	window1: mouseVisible = False
29.4634 	EXP 	window1: mouseVisible = True
29.4798 	EXP 	window1: mouseVisible = False
29.4800 	EXP 	window1: mouseVisible = True
29.4964 	EXP 	window1: mouseVisible = False
29.4966 	EXP 	window1: mouseVisible = True
29.5130 	EXP 	window1: mouseVisible = False
29.5132 	EXP 	window1: mouseVisible = True
29.5300 	EXP 	window1: mouseVisible = False
29.5301 	EXP 	window1: mouseVisible = True
29.5465 	EXP 	window1: mouseVisible = False
29.5468 	EXP 	window1: mouseVisible = True
29.5631 	EXP 	window1: mouseVisible = False
29.5633 	EXP 	window1: mouseVisible = True
29.5800 	EXP 	window1: mouseVisible = False
29.5802 	EXP 	window1: mouseVisible = True
29.5964 	EXP 	window1: mouseVisible = False
29.5966 	EXP 	window1: mouseVisible = True
29.6131 	EXP 	window1: mouseVisible = False
29.6134 	EXP 	window1: mouseVisible = True
29.6296 	EXP 	window1: mouseVisible = False
29.6297 	EXP 	window1: mouseVisible = True
29.6465 	EXP 	window1: mouseVisible = False
29.6466 	EXP 	window1: mouseVisible = True
29.6631 	EXP 	window1: mouseVisible = False
29.6633 	EXP 	window1: mouseVisible = True
29.6801 	EXP 	window1: mouseVisible = False
29.6803 	EXP 	window1: mouseVisible = True
29.6967 	EXP 	window1: mouseVisible = False
29.6969 	EXP 	window1: mouseVisible = True
29.7132 	EXP 	window1: mouseVisible = False
29.7134 	EXP 	window1: mouseVisible = True
29.7299 	EXP 	window1: mouseVisible = False
29.7302 	EXP 	window1: mouseVisible = True
29.7464 	EXP 	window1: mouseVisible = False
29.7466 	EXP 	window1: mouseVisible = True
29.7629 	EXP 	window1: mouseVisible = False
29.7630 	EXP 	window1: mouseVisible = True
29.7799 	EXP 	window1: mouseVisible = False
29.7801 	EXP 	window1: mouseVisible = True
29.7967 	EXP 	window1: mouseVisible = False
29.7968 	EXP 	window1: mouseVisible = True
29.8137 	EXP 	window1: mouseVisible = False
29.8139 	EXP 	window1: mouseVisible = True
29.8300 	EXP 	window1: mouseVisible = False
29.8302 	EXP 	window1: mouseVisible = True
29.8466 	EXP 	window1: mouseVisible = False
29.8468 	EXP 	window1: mouseVisible = True
29.8492 	DATA 	Mouse: Left button down, pos=(1856,1070)
29.8635 	EXP 	window1: mouseVisible = False
29.8636 	EXP 	window1: mouseVisible = True
29.8767 	EXP 	New trial (rep=0, index=2): OrderedDict([('audiofile', 'audio/NV_DE_Neural2-F_Ad-gr-Zw_0.75p.wav'), ('duration', 5.0032), ('noise', 'NV'), ('voice', 'Neural2-F'), ('words', 'Ad-gr-Zw'), ('callSign', 'Ad'), ('colour', 'gr'), ('number', 'Zw'), ('levels', '0.75p'), ('trigger_start', 100), ('trigger_end', 101), ('trigger_call', 111), ('trigger_col', 122), ('trigger_num', 132), ('file', 'DE_Neural2-F_Ad-gr-Zw.TextGrid'), ('firstSound_tmin', 0.17712), ('lastSound_tmax', 4.261327894570059), ('token_1_tmin', 0.7084189759647868), ('token_1_tmax', 1.2480677191731635), ('token_2_tmin', 2.258302073812134), ('token_2_tmax', 2.61712), ('token_3_tmin', 3.841804198537062), ('token_3_tmax', 4.261327894570059), ('rater', 'mean'), ('newidx', 2), ('block', 'NV1')])
30.1692 	EXP 	window1: mouseVisible = False
30.1816 	EXP 	Sound sound_1 started
30.1708 	DATA 	Mouse:  Left button up, pos=(1856,1070)
30.1805 	EXP 	number2: texRes = 128
30.1805 	EXP 	number3: texRes = 128
30.1805 	EXP 	number4: texRes = 128
30.1805 	EXP 	blankScreenAfterResponse: autoDraw = True
30.1805 	EXP 	blankScreen: autoDraw = False
30.1805 	EXP 	call1: autoDraw = False
30.1805 	EXP 	call2: autoDraw = False
30.1805 	EXP 	call3: autoDraw = False
30.1805 	EXP 	call4: autoDraw = False
30.1805 	EXP 	colour1: autoDraw = False
30.1805 	EXP 	colour2: autoDraw = False
30.1805 	EXP 	colour3: autoDraw = False
30.1805 	EXP 	colour4: autoDraw = False
30.1805 	EXP 	number1: autoDraw = False
30.1805 	EXP 	number2: autoDraw = False
30.1805 	EXP 	number3: autoDraw = False
30.1805 	EXP 	number4: autoDraw = False
30.1805 	EXP 	blankScreenAfterResponse: autoDraw = False
30.1805 	EXP 	fixation: autoDraw = True
34.7802 	EXP 	Sound sound_1 reached end of file
34.8250 	EXP 	window1: mouseVisible = False
34.8337 	EXP 	fixation: autoDraw = False
34.8337 	EXP 	screenAfterAudio: autoDraw = True
34.8337 	EXP 	screenAfterAudio: autoDraw = False
34.8337 	EXP 	fixation: autoDraw = False
34.8337 	EXP 	screenAfterAudio: autoDraw = False
34.8337 	EXP 	call1: texRes = 128
34.8337 	EXP 	call2: texRes = 128
34.8337 	EXP 	call3: texRes = 128
34.8337 	EXP 	call4: texRes = 128
34.8337 	EXP 	colour1: texRes = 128
34.8337 	EXP 	colour2: texRes = 128
34.8337 	EXP 	colour3: texRes = 128
34.8337 	EXP 	colour4: texRes = 128
34.8337 	EXP 	number1: texRes = 128
34.8337 	EXP 	number2: texRes = 128
34.8337 	EXP 	number3: texRes = 128
34.8337 	EXP 	number4: texRes = 128
34.8337 	EXP 	blankScreen: autoDraw = True
34.8339 	EXP 	window1: mouseVisible = False
34.8512 	EXP 	window1: mouseVisible = False
34.8679 	EXP 	window1: mouseVisible = False
34.8848 	EXP 	window1: mouseVisible = False
34.9007 	EXP 	window1: mouseVisible = False
34.9179 	EXP 	window1: mouseVisible = False
34.9350 	EXP 	window1: mouseVisible = False
34.9507 	EXP 	window1: mouseVisible = False
34.9681 	EXP 	window1: mouseVisible = False
34.9849 	EXP 	window1: mouseVisible = False
35.0016 	EXP 	window1: mouseVisible = False
35.0180 	EXP 	window1: mouseVisible = False
35.0343 	EXP 	window1: mouseVisible = False
35.0509 	EXP 	window1: mouseVisible = False
35.0676 	EXP 	window1: mouseVisible = False
35.0845 	EXP 	window1: mouseVisible = False
35.1009 	EXP 	window1: mouseVisible = False
35.1175 	EXP 	window1: mouseVisible = False
35.1344 	EXP 	window1: mouseVisible = False
35.1509 	EXP 	window1: mouseVisible = False
35.1678 	EXP 	window1: mouseVisible = False
35.1846 	EXP 	window1: mouseVisible = False
35.2010 	EXP 	window1: mouseVisible = False
35.2178 	EXP 	window1: mouseVisible = False
35.2343 	EXP 	window1: mouseVisible = False
35.2514 	EXP 	window1: mouseVisible = False
35.2680 	EXP 	window1: mouseVisible = False
35.2841 	EXP 	window1: mouseVisible = False
35.3009 	EXP 	window1: mouseVisible = False
35.3173 	EXP 	window1: mouseVisible = False
35.3344 	EXP 	window1: mouseVisible = False
35.3511 	EXP 	window1: mouseVisible = False
35.3679 	EXP 	window1: mouseVisible = False
35.3844 	EXP 	window1: mouseVisible = False
35.4008 	EXP 	window1: mouseVisible = False
35.4179 	EXP 	window1: mouseVisible = False
35.4345 	EXP 	window1: mouseVisible = False
35.4512 	EXP 	window1: mouseVisible = False
35.4680 	EXP 	window1: mouseVisible = False
35.4847 	EXP 	window1: mouseVisible = False
35.5014 	EXP 	window1: mouseVisible = False
35.5178 	EXP 	window1: mouseVisible = False
35.5344 	EXP 	window1: mouseVisible = False
35.5513 	EXP 	window1: mouseVisible = False
35.5678 	EXP 	window1: mouseVisible = False
35.5846 	EXP 	window1: mouseVisible = False
35.6013 	EXP 	window1: mouseVisible = False
35.6180 	EXP 	window1: mouseVisible = False
35.6348 	EXP 	window1: mouseVisible = False
35.6517 	EXP 	window1: mouseVisible = False
35.6678 	EXP 	window1: mouseVisible = False
35.6847 	EXP 	window1: mouseVisible = False
35.7023 	EXP 	window1: mouseVisible = False
35.7180 	EXP 	window1: mouseVisible = False
35.7347 	EXP 	window1: mouseVisible = False
35.7517 	EXP 	window1: mouseVisible = False
35.7684 	EXP 	window1: mouseVisible = False
35.7844 	EXP 	window1: mouseVisible = False
35.8018 	EXP 	window1: mouseVisible = False
35.8180 	EXP 	window1: mouseVisible = False
35.8345 	EXP 	blankScreen: autoDraw = False
35.8345 	EXP 	call1: autoDraw = True
35.8345 	EXP 	call2: autoDraw = True
35.8345 	EXP 	call3: autoDraw = True
35.8345 	EXP 	call4: autoDraw = True
35.8345 	EXP 	colour1: autoDraw = True
35.8345 	EXP 	colour2: autoDraw = True
35.8345 	EXP 	colour3: autoDraw = True
35.8345 	EXP 	colour4: autoDraw = True
35.8345 	EXP 	number1: autoDraw = True
35.8345 	EXP 	number2: autoDraw = True
35.8345 	EXP 	number3: autoDraw = True
35.8345 	EXP 	number4: autoDraw = True
35.8347 	EXP 	window1: mouseVisible = False
35.8352 	EXP 	window1: mouseVisible = True
35.8517 	EXP 	window1: mouseVisible = False
35.8520 	EXP 	window1: mouseVisible = True
35.8683 	EXP 	window1: mouseVisible = False
35.8685 	EXP 	window1: mouseVisible = True
35.8849 	EXP 	window1: mouseVisible = False
35.8851 	EXP 	window1: mouseVisible = True
35.9015 	EXP 	window1: mouseVisible = False
35.9017 	EXP 	window1: mouseVisible = True
35.9183 	EXP 	window1: mouseVisible = False
35.9185 	EXP 	window1: mouseVisible = True
35.9350 	EXP 	window1: mouseVisible = False
35.9352 	EXP 	window1: mouseVisible = True
35.9520 	EXP 	window1: mouseVisible = False
35.9522 	EXP 	window1: mouseVisible = True
35.9683 	EXP 	window1: mouseVisible = False
35.9685 	EXP 	window1: mouseVisible = True
35.9852 	EXP 	window1: mouseVisible = False
35.9853 	EXP 	window1: mouseVisible = True
36.0016 	EXP 	window1: mouseVisible = False
36.0019 	EXP 	window1: mouseVisible = True
36.0184 	EXP 	window1: mouseVisible = False
36.0186 	EXP 	window1: mouseVisible = True
36.0351 	EXP 	window1: mouseVisible = False
36.0354 	EXP 	window1: mouseVisible = True
36.0514 	EXP 	window1: mouseVisible = False
36.0515 	EXP 	window1: mouseVisible = True
36.0682 	EXP 	window1: mouseVisible = False
36.0684 	EXP 	window1: mouseVisible = True
36.0854 	EXP 	window1: mouseVisible = False
36.0856 	EXP 	window1: mouseVisible = True
36.1020 	EXP 	window1: mouseVisible = False
36.1023 	EXP 	window1: mouseVisible = True
36.1184 	EXP 	window1: mouseVisible = False
36.1186 	EXP 	window1: mouseVisible = True
36.1355 	EXP 	window1: mouseVisible = False
36.1357 	EXP 	window1: mouseVisible = True
36.1520 	EXP 	window1: mouseVisible = False
36.1522 	EXP 	window1: mouseVisible = True
36.1684 	EXP 	window1: mouseVisible = False
36.1686 	EXP 	window1: mouseVisible = True
36.1850 	EXP 	window1: mouseVisible = False
36.1853 	EXP 	window1: mouseVisible = True
36.2017 	EXP 	window1: mouseVisible = False
36.2019 	EXP 	window1: mouseVisible = True
36.2186 	EXP 	window1: mouseVisible = False
36.2188 	EXP 	window1: mouseVisible = True
36.2355 	EXP 	window1: mouseVisible = False
36.2357 	EXP 	window1: mouseVisible = True
36.2522 	EXP 	window1: mouseVisible = False
36.2525 	EXP 	window1: mouseVisible = True
36.2690 	EXP 	window1: mouseVisible = False
36.2693 	EXP 	window1: mouseVisible = True
36.2853 	EXP 	window1: mouseVisible = False
36.2856 	EXP 	window1: mouseVisible = True
36.3023 	EXP 	window1: mouseVisible = False
36.3025 	EXP 	window1: mouseVisible = True
36.3183 	EXP 	window1: mouseVisible = False
36.3185 	EXP 	window1: mouseVisible = True
36.3350 	EXP 	window1: mouseVisible = False
36.3351 	EXP 	window1: mouseVisible = True
36.3520 	EXP 	window1: mouseVisible = False
36.3521 	EXP 	window1: mouseVisible = True
36.3688 	EXP 	window1: mouseVisible = False
36.3690 	EXP 	window1: mouseVisible = True
36.3854 	EXP 	window1: mouseVisible = False
36.3856 	EXP 	window1: mouseVisible = True
36.4020 	EXP 	window1: mouseVisible = False
36.4022 	EXP 	window1: mouseVisible = True
36.4190 	EXP 	window1: mouseVisible = False
36.4192 	EXP 	window1: mouseVisible = True
36.4353 	EXP 	window1: mouseVisible = False
36.4358 	EXP 	window1: mouseVisible = True
36.4521 	EXP 	window1: mouseVisible = False
36.4522 	EXP 	window1: mouseVisible = True
36.4686 	EXP 	window1: mouseVisible = False
36.4689 	EXP 	window1: mouseVisible = True
36.4854 	EXP 	window1: mouseVisible = False
36.4856 	EXP 	window1: mouseVisible = True
36.5021 	EXP 	window1: mouseVisible = False
36.5023 	EXP 	window1: mouseVisible = True
36.5191 	EXP 	window1: mouseVisible = False
36.5193 	EXP 	window1: mouseVisible = True
36.5355 	EXP 	window1: mouseVisible = False
36.5357 	EXP 	window1: mouseVisible = True
36.5521 	EXP 	window1: mouseVisible = False
36.5523 	EXP 	window1: mouseVisible = True
36.5688 	EXP 	window1: mouseVisible = False
36.5691 	EXP 	window1: mouseVisible = True
36.5851 	EXP 	window1: mouseVisible = False
36.5852 	EXP 	window1: mouseVisible = True
36.5854 	DATA 	Mouse: Left button down, pos=(805,502)
36.6186 	EXP 	call1: texRes = 128
36.6186 	EXP 	call2: texRes = 128
36.6186 	EXP 	call4: texRes = 128
36.6189 	EXP 	window1: mouseVisible = False
36.6191 	EXP 	window1: mouseVisible = True
36.6360 	EXP 	window1: mouseVisible = False
36.6362 	EXP 	window1: mouseVisible = True
36.6524 	EXP 	window1: mouseVisible = False
36.6526 	EXP 	window1: mouseVisible = True
36.6690 	EXP 	window1: mouseVisible = False
36.6692 	EXP 	window1: mouseVisible = True
36.6857 	EXP 	window1: mouseVisible = False
36.6859 	EXP 	window1: mouseVisible = True
36.7021 	EXP 	window1: mouseVisible = False
36.7023 	EXP 	window1: mouseVisible = True
36.7025 	DATA 	Mouse:  Left button up, pos=(805,503)
36.7188 	EXP 	window1: mouseVisible = False
36.7191 	EXP 	window1: mouseVisible = True
36.7360 	EXP 	window1: mouseVisible = False
36.7361 	EXP 	window1: mouseVisible = True
36.7522 	EXP 	window1: mouseVisible = False
36.7524 	EXP 	window1: mouseVisible = True
36.7688 	EXP 	window1: mouseVisible = False
36.7691 	EXP 	window1: mouseVisible = True
36.7858 	EXP 	window1: mouseVisible = False
36.7859 	EXP 	window1: mouseVisible = True
36.8023 	EXP 	window1: mouseVisible = False
36.8024 	EXP 	window1: mouseVisible = True
36.8187 	EXP 	window1: mouseVisible = False
36.8189 	EXP 	window1: mouseVisible = True
36.8356 	EXP 	window1: mouseVisible = False
36.8359 	EXP 	window1: mouseVisible = True
36.8524 	EXP 	window1: mouseVisible = False
36.8526 	EXP 	window1: mouseVisible = True
36.8693 	EXP 	window1: mouseVisible = False
36.8696 	EXP 	window1: mouseVisible = True
36.8861 	EXP 	window1: mouseVisible = False
36.8862 	EXP 	window1: mouseVisible = True
36.9027 	EXP 	window1: mouseVisible = False
36.9029 	EXP 	window1: mouseVisible = True
36.9191 	EXP 	window1: mouseVisible = False
36.9193 	EXP 	window1: mouseVisible = True
36.9363 	EXP 	window1: mouseVisible = False
36.9364 	EXP 	window1: mouseVisible = True
36.9531 	EXP 	window1: mouseVisible = False
36.9533 	EXP 	window1: mouseVisible = True
36.9691 	EXP 	window1: mouseVisible = False
36.9692 	EXP 	window1: mouseVisible = True
36.9858 	EXP 	window1: mouseVisible = False
36.9860 	EXP 	window1: mouseVisible = True
37.0025 	EXP 	window1: mouseVisible = False
37.0027 	EXP 	window1: mouseVisible = True
37.0189 	EXP 	window1: mouseVisible = False
37.0190 	EXP 	window1: mouseVisible = True
37.0362 	EXP 	window1: mouseVisible = False
37.0364 	EXP 	window1: mouseVisible = True
37.0523 	EXP 	window1: mouseVisible = False
37.0526 	EXP 	window1: mouseVisible = True
37.0693 	EXP 	window1: mouseVisible = False
37.0695 	EXP 	window1: mouseVisible = True
37.0858 	EXP 	window1: mouseVisible = False
37.0859 	EXP 	window1: mouseVisible = True
37.1025 	EXP 	window1: mouseVisible = False
37.1027 	EXP 	window1: mouseVisible = True
37.1194 	EXP 	window1: mouseVisible = False
37.1196 	EXP 	window1: mouseVisible = True
37.1361 	EXP 	window1: mouseVisible = False
37.1364 	EXP 	window1: mouseVisible = True
37.1527 	EXP 	window1: mouseVisible = False
37.1529 	EXP 	window1: mouseVisible = True
37.1694 	EXP 	window1: mouseVisible = False
37.1697 	EXP 	window1: mouseVisible = True
37.1861 	EXP 	window1: mouseVisible = False
37.1863 	EXP 	window1: mouseVisible = True
37.2028 	EXP 	window1: mouseVisible = False
37.2030 	EXP 	window1: mouseVisible = True
37.2196 	EXP 	window1: mouseVisible = False
37.2197 	EXP 	window1: mouseVisible = True
37.2359 	EXP 	window1: mouseVisible = False
37.2361 	EXP 	window1: mouseVisible = True
37.2528 	EXP 	window1: mouseVisible = False
37.2530 	EXP 	window1: mouseVisible = True
37.2696 	EXP 	window1: mouseVisible = False
37.2698 	EXP 	window1: mouseVisible = True
37.2861 	EXP 	window1: mouseVisible = False
37.2863 	EXP 	window1: mouseVisible = True
37.3028 	EXP 	window1: mouseVisible = False
37.3030 	EXP 	window1: mouseVisible = True
37.3197 	EXP 	window1: mouseVisible = False
37.3199 	EXP 	window1: mouseVisible = True
37.3361 	EXP 	window1: mouseVisible = False
37.3362 	EXP 	window1: mouseVisible = True
37.3525 	EXP 	window1: mouseVisible = False
37.3526 	EXP 	window1: mouseVisible = True
37.3694 	EXP 	window1: mouseVisible = False
37.3696 	EXP 	window1: mouseVisible = True
37.3860 	EXP 	window1: mouseVisible = False
37.3862 	EXP 	window1: mouseVisible = True
37.4025 	EXP 	window1: mouseVisible = False
37.4027 	EXP 	window1: mouseVisible = True
37.4195 	EXP 	window1: mouseVisible = False
37.4198 	EXP 	window1: mouseVisible = True
37.4361 	EXP 	window1: mouseVisible = False
37.4363 	EXP 	window1: mouseVisible = True
37.4532 	EXP 	window1: mouseVisible = False
37.4533 	EXP 	window1: mouseVisible = True
37.4697 	EXP 	window1: mouseVisible = False
37.4699 	EXP 	window1: mouseVisible = True
37.4866 	EXP 	window1: mouseVisible = False
37.4871 	EXP 	window1: mouseVisible = True
37.5034 	EXP 	window1: mouseVisible = False
37.5037 	EXP 	window1: mouseVisible = True
37.5200 	EXP 	window1: mouseVisible = False
37.5202 	EXP 	window1: mouseVisible = True
37.5366 	EXP 	window1: mouseVisible = False
37.5368 	EXP 	window1: mouseVisible = True
37.5531 	EXP 	window1: mouseVisible = False
37.5533 	EXP 	window1: mouseVisible = True
37.5697 	EXP 	window1: mouseVisible = False
37.5699 	EXP 	window1: mouseVisible = True
37.5864 	EXP 	window1: mouseVisible = False
37.5866 	EXP 	window1: mouseVisible = True
37.6033 	EXP 	window1: mouseVisible = False
37.6036 	EXP 	window1: mouseVisible = True
37.6193 	EXP 	window1: mouseVisible = False
37.6195 	EXP 	window1: mouseVisible = True
37.6366 	EXP 	window1: mouseVisible = False
37.6368 	EXP 	window1: mouseVisible = True
37.6529 	EXP 	window1: mouseVisible = False
37.6531 	EXP 	window1: mouseVisible = True
37.6696 	EXP 	window1: mouseVisible = False
37.6698 	EXP 	window1: mouseVisible = True
37.6864 	EXP 	window1: mouseVisible = False
37.6867 	EXP 	window1: mouseVisible = True
37.7033 	EXP 	window1: mouseVisible = False
37.7035 	EXP 	window1: mouseVisible = True
37.7196 	EXP 	window1: mouseVisible = False
37.7198 	EXP 	window1: mouseVisible = True
37.7363 	EXP 	window1: mouseVisible = False
37.7364 	EXP 	window1: mouseVisible = True
37.7532 	EXP 	window1: mouseVisible = False
37.7534 	EXP 	window1: mouseVisible = True
37.7698 	EXP 	window1: mouseVisible = False
37.7699 	EXP 	window1: mouseVisible = True
37.7866 	EXP 	window1: mouseVisible = False
37.7868 	EXP 	window1: mouseVisible = True
37.8032 	EXP 	window1: mouseVisible = False
37.8034 	EXP 	window1: mouseVisible = True
37.8197 	EXP 	window1: mouseVisible = False
37.8199 	EXP 	window1: mouseVisible = True
37.8370 	EXP 	window1: mouseVisible = False
37.8372 	EXP 	window1: mouseVisible = True
37.8530 	EXP 	window1: mouseVisible = False
37.8532 	EXP 	window1: mouseVisible = True
37.8696 	EXP 	window1: mouseVisible = False
37.8698 	EXP 	window1: mouseVisible = True
37.8870 	EXP 	window1: mouseVisible = False
37.8873 	EXP 	window1: mouseVisible = True
37.9035 	EXP 	window1: mouseVisible = False
37.9038 	EXP 	window1: mouseVisible = True
37.9199 	EXP 	window1: mouseVisible = False
37.9202 	EXP 	window1: mouseVisible = True
37.9366 	EXP 	window1: mouseVisible = False
37.9368 	EXP 	window1: mouseVisible = True
37.9532 	EXP 	window1: mouseVisible = False
37.9534 	EXP 	window1: mouseVisible = True
37.9697 	EXP 	window1: mouseVisible = False
37.9699 	EXP 	window1: mouseVisible = True
37.9867 	EXP 	window1: mouseVisible = False
37.9869 	EXP 	window1: mouseVisible = True
38.0032 	EXP 	window1: mouseVisible = False
38.0034 	EXP 	window1: mouseVisible = True
38.0200 	EXP 	window1: mouseVisible = False
38.0202 	EXP 	window1: mouseVisible = True
38.0370 	EXP 	window1: mouseVisible = False
38.0372 	EXP 	window1: mouseVisible = True
38.0374 	DATA 	Mouse: Left button down, pos=(1277,1081)
38.0699 	EXP 	colour2: texRes = 128
38.0699 	EXP 	colour3: texRes = 128
38.0699 	EXP 	colour4: texRes = 128
38.0701 	EXP 	window1: mouseVisible = False
38.0703 	EXP 	window1: mouseVisible = True
38.0868 	EXP 	window1: mouseVisible = False
38.0870 	EXP 	window1: mouseVisible = True
38.1034 	EXP 	window1: mouseVisible = False
38.1036 	EXP 	window1: mouseVisible = True
38.1202 	EXP 	window1: mouseVisible = False
38.1204 	EXP 	window1: mouseVisible = True
38.1368 	EXP 	window1: mouseVisible = False
38.1370 	EXP 	window1: mouseVisible = True
38.1531 	EXP 	window1: mouseVisible = False
38.1533 	EXP 	window1: mouseVisible = True
38.1535 	DATA 	Mouse:  Left button up, pos=(1277,1081)
38.1708 	EXP 	window1: mouseVisible = False
38.1711 	EXP 	window1: mouseVisible = True
38.1868 	EXP 	window1: mouseVisible = False
38.1870 	EXP 	window1: mouseVisible = True
38.2034 	EXP 	window1: mouseVisible = False
38.2036 	EXP 	window1: mouseVisible = True
38.2205 	EXP 	window1: mouseVisible = False
38.2206 	EXP 	window1: mouseVisible = True
38.2366 	EXP 	window1: mouseVisible = False
38.2368 	EXP 	window1: mouseVisible = True
38.2538 	EXP 	window1: mouseVisible = False
38.2540 	EXP 	window1: mouseVisible = True
38.2700 	EXP 	window1: mouseVisible = False
38.2702 	EXP 	window1: mouseVisible = True
38.2871 	EXP 	window1: mouseVisible = False
38.2872 	EXP 	window1: mouseVisible = True
38.3039 	EXP 	window1: mouseVisible = False
38.3041 	EXP 	window1: mouseVisible = True
38.3205 	EXP 	window1: mouseVisible = False
38.3207 	EXP 	window1: mouseVisible = True
38.3368 	EXP 	window1: mouseVisible = False
38.3369 	EXP 	window1: mouseVisible = True
38.3541 	EXP 	window1: mouseVisible = False
38.3544 	EXP 	window1: mouseVisible = True
38.3702 	EXP 	window1: mouseVisible = False
38.3704 	EXP 	window1: mouseVisible = True
38.3871 	EXP 	window1: mouseVisible = False
38.3873 	EXP 	window1: mouseVisible = True
38.4037 	EXP 	window1: mouseVisible = False
38.4039 	EXP 	window1: mouseVisible = True
38.4200 	EXP 	window1: mouseVisible = False
38.4202 	EXP 	window1: mouseVisible = True
38.4368 	EXP 	window1: mouseVisible = False
38.4370 	EXP 	window1: mouseVisible = True
38.4539 	EXP 	window1: mouseVisible = False
38.4541 	EXP 	window1: mouseVisible = True
38.4708 	EXP 	window1: mouseVisible = False
38.4711 	EXP 	window1: mouseVisible = True
38.4874 	EXP 	window1: mouseVisible = False
38.4876 	EXP 	window1: mouseVisible = True
38.5040 	EXP 	window1: mouseVisible = False
38.5042 	EXP 	window1: mouseVisible = True
38.5202 	EXP 	window1: mouseVisible = False
38.5204 	EXP 	window1: mouseVisible = True
38.5372 	EXP 	window1: mouseVisible = False
38.5375 	EXP 	window1: mouseVisible = True
38.5543 	EXP 	window1: mouseVisible = False
38.5544 	EXP 	window1: mouseVisible = True
38.5707 	EXP 	window1: mouseVisible = False
38.5710 	EXP 	window1: mouseVisible = True
38.5873 	EXP 	window1: mouseVisible = False
38.5875 	EXP 	window1: mouseVisible = True
38.6042 	EXP 	window1: mouseVisible = False
38.6043 	EXP 	window1: mouseVisible = True
38.6209 	EXP 	window1: mouseVisible = False
38.6211 	EXP 	window1: mouseVisible = True
38.6372 	EXP 	window1: mouseVisible = False
38.6374 	EXP 	window1: mouseVisible = True
38.6537 	EXP 	window1: mouseVisible = False
38.6538 	EXP 	window1: mouseVisible = True
38.6702 	EXP 	window1: mouseVisible = False
38.6705 	EXP 	window1: mouseVisible = True
38.6873 	EXP 	window1: mouseVisible = False
38.6876 	EXP 	window1: mouseVisible = True
38.7043 	EXP 	window1: mouseVisible = False
38.7045 	EXP 	window1: mouseVisible = True
38.7207 	EXP 	window1: mouseVisible = False
38.7209 	EXP 	window1: mouseVisible = True
38.7376 	EXP 	window1: mouseVisible = False
38.7378 	EXP 	window1: mouseVisible = True
38.7544 	EXP 	window1: mouseVisible = False
38.7546 	EXP 	window1: mouseVisible = True
38.7708 	EXP 	window1: mouseVisible = False
38.7710 	EXP 	window1: mouseVisible = True
38.7878 	EXP 	window1: mouseVisible = False
38.7880 	EXP 	window1: mouseVisible = True
38.8039 	EXP 	window1: mouseVisible = False
38.8041 	EXP 	window1: mouseVisible = True
38.8204 	EXP 	window1: mouseVisible = False
38.8206 	EXP 	window1: mouseVisible = True
38.8375 	EXP 	window1: mouseVisible = False
38.8377 	EXP 	window1: mouseVisible = True
38.8539 	EXP 	window1: mouseVisible = False
38.8541 	EXP 	window1: mouseVisible = True
38.8710 	EXP 	window1: mouseVisible = False
38.8712 	EXP 	window1: mouseVisible = True
38.8880 	EXP 	window1: mouseVisible = False
38.8882 	EXP 	window1: mouseVisible = True
38.8884 	DATA 	Mouse: Left button down, pos=(1844,1128)
38.9013 	EXP 	New trial (rep=0, index=3): OrderedDict([('audiofile', 'audio/NV_DE_Neural2-D_Dr-ro-Zw_0.75p.wav'), ('duration', 5.3439), ('noise', 'NV'), ('voice', 'Neural2-D'), ('words', 'Dr-ro-Zw'), ('callSign', 'Dr'), ('colour', 'ro'), ('number', 'Zw'), ('levels', '0.75p'), ('trigger_start', 100), ('trigger_end', 101), ('trigger_call', 112), ('trigger_col', 123), ('trigger_num', 132), ('file', 'DE_Neural2-D_Dr-ro-Zw.TextGrid'), ('firstSound_tmin', 0.17712), ('lastSound_tmax', 4.603690747482312), ('token_1_tmin', 0.8331847322982452), ('token_1_tmax', 1.2750070944929557), ('token_2_tmin', 2.613278832371914), ('token_2_tmax', 3.000376242302941), ('token_3_tmin', 4.265087565448115), ('token_3_tmax', 4.603690747482312), ('rater', 'mean'), ('newidx', 25), ('block', 'NV1')])
39.0207 	EXP 	window1: mouseVisible = False
39.0219 	EXP 	Sound sound_1 started
39.0223 	DATA 	Mouse:  Left button up, pos=(1844,1128)
39.0378 	EXP 	number2: texRes = 128
39.0378 	EXP 	number3: texRes = 128
39.0378 	EXP 	number4: texRes = 128
39.0378 	EXP 	blankScreenAfterResponse: autoDraw = True
39.0378 	EXP 	blankScreen: autoDraw = False
39.0378 	EXP 	call1: autoDraw = False
39.0378 	EXP 	call2: autoDraw = False
39.0378 	EXP 	call3: autoDraw = False
39.0378 	EXP 	call4: autoDraw = False
39.0378 	EXP 	colour1: autoDraw = False
39.0378 	EXP 	colour2: autoDraw = False
39.0378 	EXP 	colour3: autoDraw = False
39.0378 	EXP 	colour4: autoDraw = False
39.0378 	EXP 	number1: autoDraw = False
39.0378 	EXP 	number2: autoDraw = False
39.0378 	EXP 	number3: autoDraw = False
39.0378 	EXP 	number4: autoDraw = False
39.0378 	EXP 	blankScreenAfterResponse: autoDraw = False
39.0378 	EXP 	fixation: autoDraw = True
43.9459 	EXP 	Sound sound_1 reached end of file
43.9923 	EXP 	window1: mouseVisible = False
44.0081 	EXP 	fixation: autoDraw = False
44.0081 	EXP 	screenAfterAudio: autoDraw = True
44.0081 	EXP 	screenAfterAudio: autoDraw = False
44.0081 	EXP 	fixation: autoDraw = False
44.0081 	EXP 	screenAfterAudio: autoDraw = False
44.0081 	EXP 	call1: texRes = 128
44.0081 	EXP 	call2: texRes = 128
44.0081 	EXP 	call3: texRes = 128
44.0081 	EXP 	call4: texRes = 128
44.0081 	EXP 	colour1: texRes = 128
44.0081 	EXP 	colour2: texRes = 128
44.0081 	EXP 	colour3: texRes = 128
44.0081 	EXP 	colour4: texRes = 128
44.0081 	EXP 	number1: texRes = 128
44.0081 	EXP 	number2: texRes = 128
44.0081 	EXP 	number3: texRes = 128
44.0081 	EXP 	number4: texRes = 128
44.0081 	EXP 	blankScreen: autoDraw = True
44.0082 	EXP 	window1: mouseVisible = False
44.0256 	EXP 	window1: mouseVisible = False
44.0424 	EXP 	window1: mouseVisible = False
44.0593 	EXP 	window1: mouseVisible = False
44.0748 	EXP 	window1: mouseVisible = False
44.0927 	EXP 	window1: mouseVisible = False
44.1082 	EXP 	window1: mouseVisible = False
44.1253 	EXP 	window1: mouseVisible = False
44.1417 	EXP 	window1: mouseVisible = False
44.1584 	EXP 	window1: mouseVisible = False
44.1760 	EXP 	window1: mouseVisible = False
44.1925 	EXP 	window1: mouseVisible = False
44.2095 	EXP 	window1: mouseVisible = False
44.2250 	EXP 	window1: mouseVisible = False
44.2423 	EXP 	window1: mouseVisible = False
44.2588 	EXP 	window1: mouseVisible = False
44.2756 	EXP 	window1: mouseVisible = False
44.2923 	EXP 	window1: mouseVisible = False
44.3081 	EXP 	window1: mouseVisible = False
44.3248 	EXP 	window1: mouseVisible = False
44.3420 	EXP 	window1: mouseVisible = False
44.3584 	EXP 	window1: mouseVisible = False
44.3753 	EXP 	window1: mouseVisible = False
44.3921 	EXP 	window1: mouseVisible = False
44.4083 	EXP 	window1: mouseVisible = False
44.4251 	EXP 	window1: mouseVisible = False
44.4417 	EXP 	window1: mouseVisible = False
44.4588 	EXP 	window1: mouseVisible = False
44.4752 	EXP 	window1: mouseVisible = False
44.4919 	EXP 	window1: mouseVisible = False
44.5086 	EXP 	window1: mouseVisible = False
44.5252 	EXP 	window1: mouseVisible = False
44.5419 	EXP 	window1: mouseVisible = False
44.5585 	EXP 	window1: mouseVisible = False
44.5758 	EXP 	window1: mouseVisible = False
44.5919 	EXP 	window1: mouseVisible = False
44.6090 	EXP 	window1: mouseVisible = False
44.6258 	EXP 	window1: mouseVisible = False
44.6421 	EXP 	window1: mouseVisible = False
44.6586 	EXP 	window1: mouseVisible = False
44.6752 	EXP 	window1: mouseVisible = False
44.6917 	EXP 	window1: mouseVisible = False
44.7085 	EXP 	window1: mouseVisible = False
44.7263 	EXP 	window1: mouseVisible = False
44.7423 	EXP 	window1: mouseVisible = False
44.7593 	EXP 	window1: mouseVisible = False
44.7753 	EXP 	window1: mouseVisible = False
44.7919 	EXP 	window1: mouseVisible = False
44.8088 	EXP 	window1: mouseVisible = False
44.8256 	EXP 	window1: mouseVisible = False
44.8424 	EXP 	window1: mouseVisible = False
44.8588 	EXP 	window1: mouseVisible = False
44.8755 	EXP 	window1: mouseVisible = False
44.8924 	EXP 	window1: mouseVisible = False
44.9087 	EXP 	window1: mouseVisible = False
44.9255 	EXP 	window1: mouseVisible = False
44.9426 	EXP 	window1: mouseVisible = False
44.9594 	EXP 	window1: mouseVisible = False
44.9755 	EXP 	window1: mouseVisible = False
44.9923 	EXP 	window1: mouseVisible = False
45.0087 	EXP 	blankScreen: autoDraw = False
45.0087 	EXP 	call1: autoDraw = True
45.0087 	EXP 	call2: autoDraw = True
45.0087 	EXP 	call3: autoDraw = True
45.0087 	EXP 	call4: autoDraw = True
45.0087 	EXP 	colour1: autoDraw = True
45.0087 	EXP 	colour2: autoDraw = True
45.0087 	EXP 	colour3: autoDraw = True
45.0087 	EXP 	colour4: autoDraw = True
45.0087 	EXP 	number1: autoDraw = True
45.0087 	EXP 	number2: autoDraw = True
45.0087 	EXP 	number3: autoDraw = True
45.0087 	EXP 	number4: autoDraw = True
45.0089 	EXP 	window1: mouseVisible = False
45.0091 	EXP 	window1: mouseVisible = True
45.0256 	EXP 	window1: mouseVisible = False
45.0257 	EXP 	window1: mouseVisible = True
45.0428 	EXP 	window1: mouseVisible = False
45.0431 	EXP 	window1: mouseVisible = True
45.0594 	EXP 	window1: mouseVisible = False
45.0596 	EXP 	window1: mouseVisible = True
45.0755 	EXP 	window1: mouseVisible = False
45.0757 	EXP 	window1: mouseVisible = True
45.0926 	EXP 	window1: mouseVisible = False
45.0928 	EXP 	window1: mouseVisible = True
45.1091 	EXP 	window1: mouseVisible = False
45.1094 	EXP 	window1: mouseVisible = True
45.1256 	EXP 	window1: mouseVisible = False
45.1257 	EXP 	window1: mouseVisible = True
45.1429 	EXP 	window1: mouseVisible = False
45.1432 	EXP 	window1: mouseVisible = True
45.1588 	EXP 	window1: mouseVisible = False
45.1590 	EXP 	window1: mouseVisible = True
45.1760 	EXP 	window1: mouseVisible = False
45.1763 	EXP 	window1: mouseVisible = True
45.1925 	EXP 	window1: mouseVisible = False
45.1927 	EXP 	window1: mouseVisible = True
45.2094 	EXP 	window1: mouseVisible = False
45.2096 	EXP 	window1: mouseVisible = True
45.2262 	EXP 	window1: mouseVisible = False
45.2264 	EXP 	window1: mouseVisible = True
45.2431 	EXP 	window1: mouseVisible = False
45.2434 	EXP 	window1: mouseVisible = True
45.2595 	EXP 	window1: mouseVisible = False
45.2598 	EXP 	window1: mouseVisible = True
45.2760 	EXP 	window1: mouseVisible = False
45.2762 	EXP 	window1: mouseVisible = True
45.2926 	EXP 	window1: mouseVisible = False
45.2929 	EXP 	window1: mouseVisible = True
45.3091 	EXP 	window1: mouseVisible = False
45.3092 	EXP 	window1: mouseVisible = True
45.3260 	EXP 	window1: mouseVisible = False
45.3262 	EXP 	window1: mouseVisible = True
45.3425 	EXP 	window1: mouseVisible = False
45.3428 	EXP 	window1: mouseVisible = True
45.3594 	EXP 	window1: mouseVisible = False
45.3597 	EXP 	window1: mouseVisible = True
45.3758 	EXP 	window1: mouseVisible = False
45.3760 	EXP 	window1: mouseVisible = True
45.3925 	EXP 	window1: mouseVisible = False
45.3927 	EXP 	window1: mouseVisible = True
45.4098 	EXP 	window1: mouseVisible = False
45.4101 	EXP 	window1: mouseVisible = True
45.4266 	EXP 	window1: mouseVisible = False
45.4268 	EXP 	window1: mouseVisible = True
45.4431 	EXP 	window1: mouseVisible = False
45.4433 	EXP 	window1: mouseVisible = True
45.4593 	EXP 	window1: mouseVisible = False
45.4595 	EXP 	window1: mouseVisible = True
45.4763 	EXP 	window1: mouseVisible = False
45.4765 	EXP 	window1: mouseVisible = True
45.4928 	EXP 	window1: mouseVisible = False
45.4930 	EXP 	window1: mouseVisible = True
45.5096 	EXP 	window1: mouseVisible = False
45.5099 	EXP 	window1: mouseVisible = True
45.5264 	EXP 	window1: mouseVisible = False
45.5266 	EXP 	window1: mouseVisible = True
45.5431 	EXP 	window1: mouseVisible = False
45.5433 	EXP 	window1: mouseVisible = True
45.5596 	EXP 	window1: mouseVisible = False
45.5598 	EXP 	window1: mouseVisible = True
45.5762 	EXP 	window1: mouseVisible = False
45.5764 	EXP 	window1: mouseVisible = True
45.5931 	EXP 	window1: mouseVisible = False
45.5934 	EXP 	window1: mouseVisible = True
45.5957 	DATA 	Mouse: Left button down, pos=(755,322)
45.6093 	EXP 	window1: mouseVisible = False
45.6095 	EXP 	window1: mouseVisible = True
45.6426 	EXP 	call1: texRes = 128
45.6426 	EXP 	call2: texRes = 128
45.6426 	EXP 	call3: texRes = 128
45.6427 	EXP 	window1: mouseVisible = False
45.6429 	EXP 	window1: mouseVisible = True
45.6600 	EXP 	window1: mouseVisible = False
45.6602 	EXP 	window1: mouseVisible = True
45.6767 	EXP 	window1: mouseVisible = False
45.6769 	EXP 	window1: mouseVisible = True
45.6928 	EXP 	window1: mouseVisible = False
45.6929 	EXP 	window1: mouseVisible = True
45.7100 	EXP 	window1: mouseVisible = False
45.7102 	EXP 	window1: mouseVisible = True
45.7105 	DATA 	Mouse:  Left button up, pos=(756,322)
45.7260 	EXP 	window1: mouseVisible = False
45.7261 	EXP 	window1: mouseVisible = True
45.7428 	EXP 	window1: mouseVisible = False
45.7429 	EXP 	window1: mouseVisible = True
45.7601 	EXP 	window1: mouseVisible = False
45.7602 	EXP 	window1: mouseVisible = True
45.7768 	EXP 	window1: mouseVisible = False
45.7770 	EXP 	window1: mouseVisible = True
45.7933 	EXP 	window1: mouseVisible = False
45.7935 	EXP 	window1: mouseVisible = True
45.8098 	EXP 	window1: mouseVisible = False
45.8100 	EXP 	window1: mouseVisible = True
45.8264 	EXP 	window1: mouseVisible = False
45.8266 	EXP 	window1: mouseVisible = True
45.8429 	EXP 	window1: mouseVisible = False
45.8431 	EXP 	window1: mouseVisible = True
45.8600 	EXP 	window1: mouseVisible = False
45.8602 	EXP 	window1: mouseVisible = True
45.8767 	EXP 	window1: mouseVisible = False
45.8770 	EXP 	window1: mouseVisible = True
45.8932 	EXP 	window1: mouseVisible = False
45.8933 	EXP 	window1: mouseVisible = True
45.9101 	EXP 	window1: mouseVisible = False
45.9103 	EXP 	window1: mouseVisible = True
45.9270 	EXP 	window1: mouseVisible = False
45.9272 	EXP 	window1: mouseVisible = True
45.9431 	EXP 	window1: mouseVisible = False
45.9433 	EXP 	window1: mouseVisible = True
45.9599 	EXP 	window1: mouseVisible = False
45.9602 	EXP 	window1: mouseVisible = True
45.9763 	EXP 	window1: mouseVisible = False
45.9764 	EXP 	window1: mouseVisible = True
45.9936 	EXP 	window1: mouseVisible = False
45.9938 	EXP 	window1: mouseVisible = True
46.0102 	EXP 	window1: mouseVisible = False
46.0104 	EXP 	window1: mouseVisible = True
46.0269 	EXP 	window1: mouseVisible = False
46.0271 	EXP 	window1: mouseVisible = True
46.0437 	EXP 	window1: mouseVisible = False
46.0439 	EXP 	window1: mouseVisible = True
46.0603 	EXP 	window1: mouseVisible = False
46.0605 	EXP 	window1: mouseVisible = True
46.0769 	EXP 	window1: mouseVisible = False
46.0773 	EXP 	window1: mouseVisible = True
46.0937 	EXP 	window1: mouseVisible = False
46.0939 	EXP 	window1: mouseVisible = True
46.1100 	EXP 	window1: mouseVisible = False
46.1101 	EXP 	window1: mouseVisible = True
46.1267 	EXP 	window1: mouseVisible = False
46.1269 	EXP 	window1: mouseVisible = True
46.1432 	EXP 	window1: mouseVisible = False
46.1435 	EXP 	window1: mouseVisible = True
46.1599 	EXP 	window1: mouseVisible = False
46.1600 	EXP 	window1: mouseVisible = True
46.1764 	EXP 	window1: mouseVisible = False
46.1766 	EXP 	window1: mouseVisible = True
46.1933 	EXP 	window1: mouseVisible = False
46.1936 	EXP 	window1: mouseVisible = True
46.2103 	EXP 	window1: mouseVisible = False
46.2105 	EXP 	window1: mouseVisible = True
46.2267 	EXP 	window1: mouseVisible = False
46.2269 	EXP 	window1: mouseVisible = True
46.2434 	EXP 	window1: mouseVisible = False
46.2436 	EXP 	window1: mouseVisible = True
46.2598 	EXP 	window1: mouseVisible = False
46.2599 	EXP 	window1: mouseVisible = True
46.2771 	EXP 	window1: mouseVisible = False
46.2773 	EXP 	window1: mouseVisible = True
46.2934 	EXP 	window1: mouseVisible = False
46.2937 	EXP 	window1: mouseVisible = True
46.3104 	EXP 	window1: mouseVisible = False
46.3107 	EXP 	window1: mouseVisible = True
46.3267 	EXP 	window1: mouseVisible = False
46.3269 	EXP 	window1: mouseVisible = True
46.3437 	EXP 	window1: mouseVisible = False
46.3440 	EXP 	window1: mouseVisible = True
46.3602 	EXP 	window1: mouseVisible = False
46.3605 	EXP 	window1: mouseVisible = True
46.3767 	EXP 	window1: mouseVisible = False
46.3769 	EXP 	window1: mouseVisible = True
46.3935 	EXP 	window1: mouseVisible = False
46.3936 	EXP 	window1: mouseVisible = True
46.4103 	EXP 	window1: mouseVisible = False
46.4104 	EXP 	window1: mouseVisible = True
46.4272 	EXP 	window1: mouseVisible = False
46.4273 	EXP 	window1: mouseVisible = True
46.4437 	EXP 	window1: mouseVisible = False
46.4439 	EXP 	window1: mouseVisible = True
46.4599 	EXP 	window1: mouseVisible = False
46.4601 	EXP 	window1: mouseVisible = True
46.4775 	EXP 	window1: mouseVisible = False
46.4778 	EXP 	window1: mouseVisible = True
46.4936 	EXP 	window1: mouseVisible = False
46.4938 	EXP 	window1: mouseVisible = True
46.5105 	EXP 	window1: mouseVisible = False
46.5106 	EXP 	window1: mouseVisible = True
46.5268 	EXP 	window1: mouseVisible = False
46.5270 	EXP 	window1: mouseVisible = True
46.5442 	EXP 	window1: mouseVisible = False
46.5444 	EXP 	window1: mouseVisible = True
46.5606 	EXP 	window1: mouseVisible = False
46.5608 	EXP 	window1: mouseVisible = True
46.5771 	EXP 	window1: mouseVisible = False
46.5774 	EXP 	window1: mouseVisible = True
46.5937 	EXP 	window1: mouseVisible = False
46.5939 	EXP 	window1: mouseVisible = True
46.6108 	EXP 	window1: mouseVisible = False
46.6110 	EXP 	window1: mouseVisible = True
46.6270 	EXP 	window1: mouseVisible = False
46.6272 	EXP 	window1: mouseVisible = True
46.6435 	EXP 	window1: mouseVisible = False
46.6436 	EXP 	window1: mouseVisible = True
46.6604 	EXP 	window1: mouseVisible = False
46.6606 	EXP 	window1: mouseVisible = True
46.6769 	EXP 	window1: mouseVisible = False
46.6772 	EXP 	window1: mouseVisible = True
46.6775 	DATA 	Mouse: Left button down, pos=(1270,577)
46.7106 	EXP 	colour1: texRes = 128
46.7106 	EXP 	colour2: texRes = 128
46.7106 	EXP 	colour4: texRes = 128
46.7108 	EXP 	window1: mouseVisible = False
46.7110 	EXP 	window1: mouseVisible = True
46.7271 	EXP 	window1: mouseVisible = False
46.7273 	EXP 	window1: mouseVisible = True
46.7438 	EXP 	window1: mouseVisible = False
46.7440 	EXP 	window1: mouseVisible = True
46.7604 	EXP 	window1: mouseVisible = False
46.7606 	EXP 	window1: mouseVisible = True
46.7608 	DATA 	Mouse:  Left button up, pos=(1270,576)
46.7776 	EXP 	window1: mouseVisible = False
46.7779 	EXP 	window1: mouseVisible = True
46.7941 	EXP 	window1: mouseVisible = False
46.7942 	EXP 	window1: mouseVisible = True
46.8108 	EXP 	window1: mouseVisible = False
46.8112 	EXP 	window1: mouseVisible = True
46.8273 	EXP 	window1: mouseVisible = False
46.8275 	EXP 	window1: mouseVisible = True
46.8439 	EXP 	window1: mouseVisible = False
46.8441 	EXP 	window1: mouseVisible = True
46.8606 	EXP 	window1: mouseVisible = False
46.8609 	EXP 	window1: mouseVisible = True
46.8774 	EXP 	window1: mouseVisible = False
46.8776 	EXP 	window1: mouseVisible = True
46.8941 	EXP 	window1: mouseVisible = False
46.8944 	EXP 	window1: mouseVisible = True
46.9104 	EXP 	window1: mouseVisible = False
46.9106 	EXP 	window1: mouseVisible = True
46.9270 	EXP 	window1: mouseVisible = False
46.9272 	EXP 	window1: mouseVisible = True
46.9440 	EXP 	window1: mouseVisible = False
46.9442 	EXP 	window1: mouseVisible = True
46.9606 	EXP 	window1: mouseVisible = False
46.9609 	EXP 	window1: mouseVisible = True
46.9772 	EXP 	window1: mouseVisible = False
46.9773 	EXP 	window1: mouseVisible = True
46.9942 	EXP 	window1: mouseVisible = False
46.9944 	EXP 	window1: mouseVisible = True
47.0107 	EXP 	window1: mouseVisible = False
47.0109 	EXP 	window1: mouseVisible = True
47.0271 	EXP 	window1: mouseVisible = False
47.0272 	EXP 	window1: mouseVisible = True
47.0442 	EXP 	window1: mouseVisible = False
47.0444 	EXP 	window1: mouseVisible = True
47.0613 	EXP 	window1: mouseVisible = False
47.0614 	EXP 	window1: mouseVisible = True
47.0774 	EXP 	window1: mouseVisible = False
47.0776 	EXP 	window1: mouseVisible = True
47.0944 	EXP 	window1: mouseVisible = False
47.0946 	EXP 	window1: mouseVisible = True
47.1108 	EXP 	window1: mouseVisible = False
47.1111 	EXP 	window1: mouseVisible = True
47.1274 	EXP 	window1: mouseVisible = False
47.1276 	EXP 	window1: mouseVisible = True
47.1440 	EXP 	window1: mouseVisible = False
47.1442 	EXP 	window1: mouseVisible = True
47.1605 	EXP 	window1: mouseVisible = False
47.1607 	EXP 	window1: mouseVisible = True
47.1779 	EXP 	window1: mouseVisible = False
47.1781 	EXP 	window1: mouseVisible = True
47.1945 	EXP 	window1: mouseVisible = False
47.1947 	EXP 	window1: mouseVisible = True
47.2110 	EXP 	window1: mouseVisible = False
47.2111 	EXP 	window1: mouseVisible = True
47.2279 	EXP 	window1: mouseVisible = False
47.2282 	EXP 	window1: mouseVisible = True
47.2443 	EXP 	window1: mouseVisible = False
47.2445 	EXP 	window1: mouseVisible = True
47.2613 	EXP 	window1: mouseVisible = False
47.2616 	EXP 	window1: mouseVisible = True
47.2780 	EXP 	window1: mouseVisible = False
47.2782 	EXP 	window1: mouseVisible = True
47.2941 	EXP 	window1: mouseVisible = False
47.2943 	EXP 	window1: mouseVisible = True
47.3112 	EXP 	window1: mouseVisible = False
47.3114 	EXP 	window1: mouseVisible = True
47.3277 	EXP 	window1: mouseVisible = False
47.3280 	EXP 	window1: mouseVisible = True
47.3443 	EXP 	window1: mouseVisible = False
47.3444 	EXP 	window1: mouseVisible = True
47.3612 	EXP 	window1: mouseVisible = False
47.3613 	EXP 	window1: mouseVisible = True
47.3781 	EXP 	window1: mouseVisible = False
47.3783 	EXP 	window1: mouseVisible = True
47.3944 	EXP 	window1: mouseVisible = False
47.3946 	EXP 	window1: mouseVisible = True
47.4111 	EXP 	window1: mouseVisible = False
47.4113 	EXP 	window1: mouseVisible = True
47.4281 	EXP 	window1: mouseVisible = False
47.4283 	EXP 	window1: mouseVisible = True
47.4442 	EXP 	window1: mouseVisible = False
47.4444 	EXP 	window1: mouseVisible = True
47.4611 	EXP 	window1: mouseVisible = False
47.4613 	EXP 	window1: mouseVisible = True
47.4778 	EXP 	window1: mouseVisible = False
47.4781 	EXP 	window1: mouseVisible = True
47.4945 	EXP 	window1: mouseVisible = False
47.4946 	EXP 	window1: mouseVisible = True
47.5110 	EXP 	window1: mouseVisible = False
47.5112 	EXP 	window1: mouseVisible = True
47.5115 	DATA 	Mouse: Left button down, pos=(1813,831)
47.5247 	EXP 	New trial (rep=0, index=4): OrderedDict([('audiofile', 'audio/NV_DE_Neural2-F_Dr-ge-Vi_0.8p.wav'), ('duration', 4.9594), ('noise', 'NV'), ('voice', 'Neural2-F'), ('words', 'Dr-ge-Vi'), ('callSign', 'Dr'), ('colour', 'ge'), ('number', 'Vi'), ('levels', '0.8p'), ('trigger_start', 100), ('trigger_end', 101), ('trigger_call', 112), ('trigger_col', 121), ('trigger_num', 134), ('file', 'DE_Neural2-F_Dr-ge-Vi.TextGrid'), ('firstSound_tmin', 0.15712), ('lastSound_tmax', 4.21504445909645), ('token_1_tmin', 0.6674409296659876), ('token_1_tmax', 1.1898949313623406), ('token_2_tmin', 2.2628851760490627), ('token_2_tmax', 2.570068471684724), ('token_3_tmin', 3.767366676066797), ('token_3_tmax', 4.21504445909645), ('rater', 'mean'), ('newidx', 8), ('block', 'NV1')])
47.7249 	EXP 	window1: mouseVisible = False
47.7286 	EXP 	Sound sound_1 started
47.7264 	DATA 	Mouse:  Left button up, pos=(1813,831)
47.7306 	EXP 	number1: texRes = 128
47.7306 	EXP 	number3: texRes = 128
47.7306 	EXP 	number4: texRes = 128
47.7306 	EXP 	blankScreenAfterResponse: autoDraw = True
47.7306 	EXP 	blankScreen: autoDraw = False
47.7306 	EXP 	call1: autoDraw = False
47.7306 	EXP 	call2: autoDraw = False
47.7306 	EXP 	call3: autoDraw = False
47.7306 	EXP 	call4: autoDraw = False
47.7306 	EXP 	colour1: autoDraw = False
47.7306 	EXP 	colour2: autoDraw = False
47.7306 	EXP 	colour3: autoDraw = False
47.7306 	EXP 	colour4: autoDraw = False
47.7306 	EXP 	number1: autoDraw = False
47.7306 	EXP 	number2: autoDraw = False
47.7306 	EXP 	number3: autoDraw = False
47.7306 	EXP 	number4: autoDraw = False
47.7306 	EXP 	blankScreenAfterResponse: autoDraw = False
47.7306 	EXP 	fixation: autoDraw = True
49.5168 	DATA 	Keypress: escape
51.1767 	EXP 	window1: mouseVisible = True
