7.3072 	EXP 	Created window1 = Window(allowGUI=True, allowStencil=False, autoLog=True, backendConf=UNKNOWN, bitsMode=UNKNOWN, blendMode='avg', bpc=(8, 8, 8), color=array([0, 0, 0]), colorSpace='rgb', depthBits=8, fullscr=<method-wrapper '__getattribute__' of attributeSetter object at 0x000001BD4C5D2370>, gamma=None, gammaErrorPolicy='raise', lms=UNKNOWN, monitor=<psychopy.monitors.calibTools.Monitor object at 0x000001BD4D48D7F0>, multiSample=False, name='window1', numSamples=2, pos=(0, 0), screen=0, size=array([2560, 1440]), stencilBits=0, stereo=False, units='height', useFBO=True, useRetina=False, viewOri=0.0, viewPos=None, viewScale=None, waitBlanking=True, winType='pyglet')
7.3073 	EXP 	window1: mouseVisible = True
7.3075 	EXP 	window1: mouseVisible = False
7.3075 	EXP 	window1: Attempting to measure frame rate of screen (0) ...
7.3075 	EXP 	window1: recordFrameIntervals = False
7.4737 	EXP 	window1: recordFrameIntervals = True
7.6571 	EXP 	Screen (0) actual frame rate measured at 59.97Hz
7.6571 	EXP 	window1: recordFrameIntervals = False
9.4221 	EXP 	Created instrTrainText = TextStim(__class__=<class 'psychopy.visual.text.TextStim'>, alignHoriz=method-wrapper(...), alignText='center', alignVert=method-wrapper(...), anchorHoriz='center', anchorVert='center', antialias=True, autoDraw=False, autoLog=True, bold=False, color=array([1., 1., 1.]), colorSpace='rgb', contrast=1.0, depth=-1.0, flipHoriz=False, flipVert=False, font='Arial', fontFiles=[], height=0.04, italic=False, languageStyle='LTR', name='instrTrainText', opacity=1.0, ori=0, pos=array([0., 0.]), rgb=UNKNOWN, text=str(...), units='height', win=Window(...), wrapWidth=1)
9.4244 	EXP 	Created blockStart = TextStim(__class__=<class 'psychopy.visual.text.TextStim'>, alignHoriz=method-wrapper(...), alignText='center', alignVert=method-wrapper(...), anchorHoriz='center', anchorVert='center', antialias=True, autoDraw=False, autoLog=True, bold=False, color=array([1., 1., 1.]), colorSpace='rgb', contrast=1.0, depth=0.0, flipHoriz=False, flipVert=False, font='Arial', fontFiles=[], height=0.04, italic=False, languageStyle='LTR', name='blockStart', opacity=1.0, ori=0, pos=array([0., 0.]), rgb=UNKNOWN, text='Begin  block ', units='height', win=Window(...), wrapWidth=1)
10.8287 	EXP 	Sound sound_1 set volume 1.000
10.8325 	EXP 	Created fixation = ShapeStim(__class__=<class 'psychopy.visual.shape.ShapeStim'>, anchor=('center', 'center'), autoDraw=False, autoLog=True, closeShape=True, color=method-wrapper(...), colorSpace='rgb', contrast=None, depth=-2.0, fillColor=array([1, 1, 1]), fillColorSpace='rgb', fillRGB=array([1, 1, 1]), interpolate=True, lineColor=array([1., 1., 1.]), lineColorSpace='rgb', lineRGB=array([1, 1, 1]), lineWidth=0.5, name='fixation', opacity=0.75, ori=0.0, pos=array([0., 0.]), size=array([0.05, 0.05]), units='height', vertices=ndarray(...), win=Window(...), windingRule=None)
10.8589 	EXP 	Created screenAfterAudio = ImageStim(__class__=<class 'psychopy.visual.image.ImageStim'>, anchor=('center', 'center'), autoLog=True, color=array([1., 1., 1.]), colorSpace='rgb', contrast=1.0, depth=-4.0, flipHoriz=False, flipVert=False, image='images/grayScreen.png', interpolate=True, mask=None, maskParams=None, name='screenAfterAudio', opacity=1.0, ori=0.0, pos=array([0., 0.]), size=array([0.5, 0.5]), texRes=128.0, units='height', win=Window(...))
10.8758 	EXP 	Created blankScreen = ImageStim(__class__=<class 'psychopy.visual.image.ImageStim'>, anchor=('center', 'center'), autoLog=True, color=array([1., 1., 1.]), colorSpace='rgb', contrast=1.0, depth=-4.0, flipHoriz=False, flipVert=False, image='images/grayScreen.png', interpolate=True, mask=None, maskParams=None, name='blankScreen', opacity=1.0, ori=0.0, pos=array([0., 0.]), size=array([1920., 1080.]), texRes=128, units='height', win=Window(...))
11.0140 	EXP 	Created call1 = ImageStim(__class__=<class 'psychopy.visual.image.ImageStim'>, anchor=('center', 'center'), autoLog=True, color=array([1., 1., 1.]), colorSpace='rgb', contrast=1.0, depth=-5.0, flipHoriz=False, flipVert=False, image='images/adler.png', interpolate=True, mask=None, maskParams=None, name='call1', opacity=1.0, ori=0.0, pos=array([-0.4   ,  0.3125]), size=array([0.18, 0.18]), texRes=128, units='height', win=Window(...))
11.1420 	EXP 	Created call2 = ImageStim(__class__=<class 'psychopy.visual.image.ImageStim'>, anchor=('center', 'center'), autoLog=True, color=array([1., 1., 1.]), colorSpace='rgb', contrast=1.0, depth=-6.0, flipHoriz=False, flipVert=False, image='images/drossel.png', interpolate=True, mask=None, maskParams=None, name='call2', opacity=1.0, ori=0.0, pos=array([-0.4       ,  0.10416667]), size=array([0.18, 0.18]), texRes=128, units='height', win=Window(...))
11.2693 	EXP 	Created call3 = ImageStim(__class__=<class 'psychopy.visual.image.ImageStim'>, anchor=('center', 'center'), autoLog=True, color=array([1., 1., 1.]), colorSpace='rgb', contrast=1.0, depth=-7.0, flipHoriz=False, flipVert=False, image='images/tiger.png', interpolate=True, mask=None, maskParams=None, name='call3', opacity=1.0, ori=0.0, pos=array([-0.4       , -0.10416667]), size=array([0.18, 0.18]), texRes=128, units='height', win=Window(...))
11.4095 	EXP 	Created call4 = ImageStim(__class__=<class 'psychopy.visual.image.ImageStim'>, anchor=('center', 'center'), autoLog=True, color=array([1., 1., 1.]), colorSpace='rgb', contrast=1.0, depth=-8.0, flipHoriz=False, flipVert=False, image='images/kroete.png', interpolate=True, mask=None, maskParams=None, name='call4', opacity=1.0, ori=0.0, pos=array([-0.4   , -0.3125]), size=array([0.18, 0.18]), texRes=128, units='height', win=Window(...))
11.4318 	EXP 	Created colour1 = ImageStim(__class__=<class 'psychopy.visual.image.ImageStim'>, anchor=('center', 'center'), autoLog=True, color=array([1., 1., 1.]), colorSpace='rgb', contrast=1.0, depth=-9.0, flipHoriz=False, flipVert=False, image='images/gelb.png', interpolate=True, mask=None, maskParams=None, name='colour1', opacity=1.0, ori=0.0, pos=array([0.    , 0.3125]), size=array([0.18, 0.18]), texRes=128, units='height', win=Window(...))
11.4557 	EXP 	Created colour2 = ImageStim(__class__=<class 'psychopy.visual.image.ImageStim'>, anchor=('center', 'center'), autoLog=True, color=array([1., 1., 1.]), colorSpace='rgb', contrast=1.0, depth=-10.0, flipHoriz=False, flipVert=False, image='images/gruen.png', interpolate=True, mask=None, maskParams=None, name='colour2', opacity=1.0, ori=0.0, pos=array([0.        , 0.10416667]), size=array([0.18, 0.18]), texRes=128, units='height', win=Window(...))
11.4779 	EXP 	Created colour3 = ImageStim(__class__=<class 'psychopy.visual.image.ImageStim'>, anchor=('center', 'center'), autoLog=True, color=array([1., 1., 1.]), colorSpace='rgb', contrast=1.0, depth=-11.0, flipHoriz=False, flipVert=False, image='images/rot.png', interpolate=True, mask=None, maskParams=None, name='colour3', opacity=1.0, ori=0.0, pos=array([ 0.        , -0.10416667]), size=array([0.18, 0.18]), texRes=128, units='height', win=Window(...))
11.5021 	EXP 	Created colour4 = ImageStim(__class__=<class 'psychopy.visual.image.ImageStim'>, anchor=('center', 'center'), autoLog=True, color=array([1., 1., 1.]), colorSpace='rgb', contrast=1.0, depth=-12.0, flipHoriz=False, flipVert=False, image='images/weiss.png', interpolate=True, mask=None, maskParams=None, name='colour4', opacity=1.0, ori=0.0, pos=array([ 0.    , -0.3125]), size=array([0.18, 0.18]), texRes=128, units='height', win=Window(...))
11.5285 	EXP 	Created number1 = ImageStim(__class__=<class 'psychopy.visual.image.ImageStim'>, anchor=('center', 'center'), autoLog=True, color=array([1., 1., 1.]), colorSpace='rgb', contrast=1.0, depth=-13.0, flipHoriz=False, flipVert=False, image='images/1.png', interpolate=True, mask=None, maskParams=None, name='number1', opacity=1.0, ori=0.0, pos=array([0.4   , 0.3125]), size=array([0.18, 0.18]), texRes=128, units='height', win=Window(...))
11.5502 	EXP 	Created number2 = ImageStim(__class__=<class 'psychopy.visual.image.ImageStim'>, anchor=('center', 'center'), autoLog=True, color=array([1., 1., 1.]), colorSpace='rgb', contrast=1.0, depth=-14.0, flipHoriz=False, flipVert=False, image='images/2.png', interpolate=True, mask=None, maskParams=None, name='number2', opacity=1.0, ori=0.0, pos=array([0.4       , 0.10416667]), size=array([0.18, 0.18]), texRes=128, units='height', win=Window(...))
11.5723 	EXP 	Created number3 = ImageStim(__class__=<class 'psychopy.visual.image.ImageStim'>, anchor=('center', 'center'), autoLog=True, color=array([1., 1., 1.]), colorSpace='rgb', contrast=1.0, depth=-15.0, flipHoriz=False, flipVert=False, image='images/3.png', interpolate=True, mask=None, maskParams=None, name='number3', opacity=1.0, ori=0.0, pos=array([ 0.4       , -0.10416667]), size=array([0.18, 0.18]), texRes=128, units='height', win=Window(...))
11.5947 	EXP 	Created number4 = ImageStim(__class__=<class 'psychopy.visual.image.ImageStim'>, anchor=('center', 'center'), autoLog=True, color=array([1., 1., 1.]), colorSpace='rgb', contrast=1.0, depth=-16.0, flipHoriz=False, flipVert=False, image='images/4.png', interpolate=True, mask=None, maskParams=None, name='number4', opacity=1.0, ori=0.0, pos=array([ 0.4   , -0.3125]), size=array([0.18, 0.18]), texRes=128, units='height', win=Window(...))
11.5950 	EXP 	window1: mouseVisible = True
11.5950 	EXP 	window1: mouseVisible = True
11.5950 	EXP 	window1: mouseVisible = True
11.6194 	EXP 	Created blankScreenAfterResponse = ImageStim(__class__=<class 'psychopy.visual.image.ImageStim'>, anchor=('center', 'center'), autoLog=True, color=array([1., 1., 1.]), colorSpace='rgb', contrast=1.0, depth=-25.0, flipHoriz=False, flipVert=False, image='images/blankScreen.png', interpolate=True, mask=None, maskParams=None, name='blankScreenAfterResponse', opacity=1.0, ori=0.0, pos=array([0., 0.]), size=array([1920., 1080.]), texRes=128, units='height', win=Window(...))
11.6267 	EXP 	Created thanksText = TextStim(__class__=<class 'psychopy.visual.text.TextStim'>, alignHoriz=method-wrapper(...), alignText='center', alignVert=method-wrapper(...), anchorHoriz='center', anchorVert='center', antialias=True, autoDraw=False, autoLog=True, bold=False, color=array([1., 1., 1.]), colorSpace='rgb', contrast=1.0, depth=0.0, flipHoriz=False, flipVert=False, font='Arial', fontFiles=[], height=0.04, italic=False, languageStyle='LTR', name='thanksText', opacity=1.0, ori=0, pos=array([0., 0.]), rgb=UNKNOWN, text=str(...), units='height', win=Window(...), wrapWidth=1)
11.6269 	EXP 	window1: mouseVisible = False
11.6422 	EXP 	instrTrainText: autoDraw = True
13.0063 	EXP 	Imported order1.csv as conditions, 4 conditions, 1 params
13.0066 	EXP 	Created sequence: sequential, trialTypes=4, nReps=1, seed=None
13.0068 	EXP 	New trial (rep=0, index=0): OrderedDict([('condsFile', 'flow\\tts-golang-selected_PsyPySEQ_NV1.csv')])
13.0092 	DATA 	Keypress: space
13.0268 	EXP 	instrTrainText: autoDraw = False
13.0268 	EXP 	blockStart: autoDraw = True
15.8649 	DATA 	Keypress: return
16.3497 	EXP 	Imported flow\tts-golang-selected_PsyPySEQ_NV1.csv as conditions, 192 conditions, 21 params
16.3505 	EXP 	Created sequence: random, trialTypes=192, nReps=1, seed=None
16.3509 	EXP 	New trial (rep=0, index=0): OrderedDict([('audiofile', 'audio/NV_DE_Neural2-F_Kr-gr-Ei_0.6p.wav'), ('duration', 5.1928), ('noise', 'NV'), ('voice', 'Neural2-F'), ('words', 'Kr-gr-Ei'), ('callSign', 'Kr'), ('colour', 'gr'), ('number', 'Ei'), ('levels', '0.6p'), ('file', 'DE_Neural2-F_Kr-gr-Ei.TextGrid'), ('rater', 'Rahel'), ('firstSound_tmin', 0.16712), ('lastSound_tmax', 4.439411835884895), ('token_1_tmin', 0.7201929980045574), ('token_1_tmax', 1.2524472138335505), ('token_2_tmin', 2.283726610427924), ('token_2_tmax', 2.656790638417653), ('token_3_tmin', 3.8269549299994776), ('token_3_tmax', 4.439411835884895), ('newidx', 1), ('block', 'NV1')])
16.5369 	EXP 	window1: mouseVisible = False
16.5457 	EXP 	Sound sound_1 started
16.5399 	DATA 	Keypress: space
16.5462 	EXP 	blockStart: autoDraw = False
16.5462 	EXP 	fixation: autoDraw = True
17.4824 	DATA 	Mouse: Left button down, pos=(2314,154)
17.5833 	DATA 	Mouse:  Left button up, pos=(2314,154)
21.3229 	EXP 	Sound sound_1 reached end of file
21.3755 	EXP 	window1: mouseVisible = False
21.3862 	EXP 	fixation: autoDraw = False
21.3862 	EXP 	screenAfterAudio: autoDraw = True
21.3862 	EXP 	screenAfterAudio: autoDraw = False
21.3862 	EXP 	fixation: autoDraw = False
21.3862 	EXP 	screenAfterAudio: autoDraw = False
21.3862 	EXP 	call1: texRes = 128
21.3862 	EXP 	call2: texRes = 128
21.3862 	EXP 	call3: texRes = 128
21.3862 	EXP 	call4: texRes = 128
21.3862 	EXP 	colour1: texRes = 128
21.3862 	EXP 	colour2: texRes = 128
21.3862 	EXP 	colour3: texRes = 128
21.3862 	EXP 	colour4: texRes = 128
21.3862 	EXP 	number1: texRes = 128
21.3862 	EXP 	number2: texRes = 128
21.3862 	EXP 	number3: texRes = 128
21.3862 	EXP 	number4: texRes = 128
21.3862 	EXP 	blankScreen: autoDraw = True
21.3863 	EXP 	window1: mouseVisible = False
21.4061 	EXP 	window1: mouseVisible = False
21.4229 	EXP 	window1: mouseVisible = False
21.4394 	EXP 	window1: mouseVisible = False
21.4560 	EXP 	window1: mouseVisible = False
21.4728 	EXP 	window1: mouseVisible = False
21.4892 	EXP 	window1: mouseVisible = False
21.5063 	EXP 	window1: mouseVisible = False
21.5230 	EXP 	window1: mouseVisible = False
21.5404 	EXP 	window1: mouseVisible = False
21.5562 	EXP 	window1: mouseVisible = False
21.5728 	EXP 	window1: mouseVisible = False
21.5894 	EXP 	window1: mouseVisible = False
21.6063 	EXP 	window1: mouseVisible = False
21.6227 	EXP 	window1: mouseVisible = False
21.6396 	EXP 	window1: mouseVisible = False
21.6564 	EXP 	window1: mouseVisible = False
21.6729 	EXP 	window1: mouseVisible = False
21.6896 	EXP 	window1: mouseVisible = False
21.7067 	EXP 	window1: mouseVisible = False
21.7228 	EXP 	window1: mouseVisible = False
21.7398 	EXP 	window1: mouseVisible = False
21.7564 	EXP 	window1: mouseVisible = False
21.7733 	EXP 	window1: mouseVisible = False
21.7894 	EXP 	window1: mouseVisible = False
21.8065 	EXP 	window1: mouseVisible = False
21.8230 	EXP 	window1: mouseVisible = False
21.8398 	EXP 	window1: mouseVisible = False
21.8566 	EXP 	window1: mouseVisible = False
21.8729 	EXP 	window1: mouseVisible = False
21.8898 	EXP 	window1: mouseVisible = False
21.9067 	EXP 	window1: mouseVisible = False
21.9230 	EXP 	window1: mouseVisible = False
21.9399 	EXP 	window1: mouseVisible = False
21.9564 	EXP 	window1: mouseVisible = False
21.9731 	EXP 	window1: mouseVisible = False
21.9901 	EXP 	window1: mouseVisible = False
22.0063 	EXP 	window1: mouseVisible = False
22.0235 	EXP 	window1: mouseVisible = False
22.0401 	EXP 	window1: mouseVisible = False
22.0564 	EXP 	window1: mouseVisible = False
22.0732 	EXP 	window1: mouseVisible = False
22.0900 	EXP 	window1: mouseVisible = False
22.1065 	EXP 	window1: mouseVisible = False
22.1234 	EXP 	window1: mouseVisible = False
22.1403 	EXP 	window1: mouseVisible = False
22.1574 	EXP 	window1: mouseVisible = False
22.1744 	EXP 	window1: mouseVisible = False
22.1898 	EXP 	window1: mouseVisible = False
22.2069 	EXP 	window1: mouseVisible = False
22.2237 	EXP 	window1: mouseVisible = False
22.2406 	EXP 	window1: mouseVisible = False
22.2569 	EXP 	window1: mouseVisible = False
22.2738 	EXP 	window1: mouseVisible = False
22.2905 	EXP 	window1: mouseVisible = False
22.3076 	EXP 	window1: mouseVisible = False
22.3240 	EXP 	window1: mouseVisible = False
22.3399 	EXP 	window1: mouseVisible = False
22.3569 	EXP 	window1: mouseVisible = False
22.3736 	EXP 	window1: mouseVisible = False
22.3872 	EXP 	blankScreen: autoDraw = False
22.3872 	EXP 	call1: autoDraw = True
22.3872 	EXP 	call2: autoDraw = True
22.3872 	EXP 	call3: autoDraw = True
22.3872 	EXP 	call4: autoDraw = True
22.3872 	EXP 	colour1: autoDraw = True
22.3872 	EXP 	colour2: autoDraw = True
22.3872 	EXP 	colour3: autoDraw = True
22.3872 	EXP 	colour4: autoDraw = True
22.3872 	EXP 	number1: autoDraw = True
22.3872 	EXP 	number2: autoDraw = True
22.3872 	EXP 	number3: autoDraw = True
22.3872 	EXP 	number4: autoDraw = True
22.3873 	EXP 	window1: mouseVisible = False
22.3877 	EXP 	window1: mouseVisible = True
22.4046 	EXP 	window1: mouseVisible = False
22.4049 	EXP 	window1: mouseVisible = True
22.4214 	EXP 	window1: mouseVisible = False
22.4216 	EXP 	window1: mouseVisible = True
22.4382 	EXP 	window1: mouseVisible = False
22.4384 	EXP 	window1: mouseVisible = True
22.4548 	EXP 	window1: mouseVisible = False
22.4551 	EXP 	window1: mouseVisible = True
22.4715 	EXP 	window1: mouseVisible = False
22.4717 	EXP 	window1: mouseVisible = True
22.4882 	EXP 	window1: mouseVisible = False
22.4884 	EXP 	window1: mouseVisible = True
22.5048 	EXP 	window1: mouseVisible = False
22.5050 	EXP 	window1: mouseVisible = True
22.5216 	EXP 	window1: mouseVisible = False
22.5218 	EXP 	window1: mouseVisible = True
22.5381 	EXP 	window1: mouseVisible = False
22.5384 	EXP 	window1: mouseVisible = True
22.5554 	EXP 	window1: mouseVisible = False
22.5556 	EXP 	window1: mouseVisible = True
22.5717 	EXP 	window1: mouseVisible = False
22.5719 	EXP 	window1: mouseVisible = True
22.5881 	EXP 	window1: mouseVisible = False
22.5884 	EXP 	window1: mouseVisible = True
22.6050 	EXP 	window1: mouseVisible = False
22.6054 	EXP 	window1: mouseVisible = True
22.6218 	EXP 	window1: mouseVisible = False
22.6220 	EXP 	window1: mouseVisible = True
22.6383 	EXP 	window1: mouseVisible = False
22.6385 	EXP 	window1: mouseVisible = True
22.6556 	EXP 	window1: mouseVisible = False
22.6559 	EXP 	window1: mouseVisible = True
22.6717 	EXP 	window1: mouseVisible = False
22.6719 	EXP 	window1: mouseVisible = True
22.6883 	EXP 	window1: mouseVisible = False
22.6885 	EXP 	window1: mouseVisible = True
22.7050 	EXP 	window1: mouseVisible = False
22.7052 	EXP 	window1: mouseVisible = True
22.7218 	EXP 	window1: mouseVisible = False
22.7220 	EXP 	window1: mouseVisible = True
22.7383 	EXP 	window1: mouseVisible = False
22.7385 	EXP 	window1: mouseVisible = True
22.7551 	EXP 	window1: mouseVisible = False
22.7554 	EXP 	window1: mouseVisible = True
22.7715 	EXP 	window1: mouseVisible = False
22.7717 	EXP 	window1: mouseVisible = True
22.7883 	EXP 	window1: mouseVisible = False
22.7886 	EXP 	window1: mouseVisible = True
22.8052 	EXP 	window1: mouseVisible = False
22.8054 	EXP 	window1: mouseVisible = True
22.8216 	EXP 	window1: mouseVisible = False
22.8218 	EXP 	window1: mouseVisible = True
22.8384 	EXP 	window1: mouseVisible = False
22.8386 	EXP 	window1: mouseVisible = True
22.8552 	EXP 	window1: mouseVisible = False
22.8554 	EXP 	window1: mouseVisible = True
22.8717 	EXP 	window1: mouseVisible = False
22.8719 	EXP 	window1: mouseVisible = True
22.8885 	EXP 	window1: mouseVisible = False
22.8887 	EXP 	window1: mouseVisible = True
22.9053 	EXP 	window1: mouseVisible = False
22.9056 	EXP 	window1: mouseVisible = True
22.9217 	EXP 	window1: mouseVisible = False
22.9219 	EXP 	window1: mouseVisible = True
22.9385 	EXP 	window1: mouseVisible = False
22.9387 	EXP 	window1: mouseVisible = True
22.9554 	EXP 	window1: mouseVisible = False
22.9556 	EXP 	window1: mouseVisible = True
22.9717 	EXP 	window1: mouseVisible = False
22.9719 	EXP 	window1: mouseVisible = True
22.9885 	EXP 	window1: mouseVisible = False
22.9888 	EXP 	window1: mouseVisible = True
23.0053 	EXP 	window1: mouseVisible = False
23.0055 	EXP 	window1: mouseVisible = True
23.0219 	EXP 	window1: mouseVisible = False
23.0221 	EXP 	window1: mouseVisible = True
23.0386 	EXP 	window1: mouseVisible = False
23.0388 	EXP 	window1: mouseVisible = True
23.0554 	EXP 	window1: mouseVisible = False
23.0556 	EXP 	window1: mouseVisible = True
23.0720 	EXP 	window1: mouseVisible = False
23.0722 	EXP 	window1: mouseVisible = True
23.0887 	EXP 	window1: mouseVisible = False
23.0890 	EXP 	window1: mouseVisible = True
23.1055 	EXP 	window1: mouseVisible = False
23.1057 	EXP 	window1: mouseVisible = True
23.1220 	EXP 	window1: mouseVisible = False
23.1222 	EXP 	window1: mouseVisible = True
23.1388 	EXP 	window1: mouseVisible = False
23.1391 	EXP 	window1: mouseVisible = True
23.1553 	EXP 	window1: mouseVisible = False
23.1555 	EXP 	window1: mouseVisible = True
23.1720 	EXP 	window1: mouseVisible = False
23.1722 	EXP 	window1: mouseVisible = True
23.1889 	EXP 	window1: mouseVisible = False
23.1891 	EXP 	window1: mouseVisible = True
23.2054 	EXP 	window1: mouseVisible = False
23.2056 	EXP 	window1: mouseVisible = True
23.2224 	EXP 	window1: mouseVisible = False
23.2226 	EXP 	window1: mouseVisible = True
23.2390 	EXP 	window1: mouseVisible = False
23.2392 	EXP 	window1: mouseVisible = True
23.2555 	EXP 	window1: mouseVisible = False
23.2558 	EXP 	window1: mouseVisible = True
23.2722 	EXP 	window1: mouseVisible = False
23.2725 	EXP 	window1: mouseVisible = True
23.2890 	EXP 	window1: mouseVisible = False
23.2892 	EXP 	window1: mouseVisible = True
23.3058 	EXP 	window1: mouseVisible = False
23.3060 	EXP 	window1: mouseVisible = True
23.3228 	EXP 	window1: mouseVisible = False
23.3231 	EXP 	window1: mouseVisible = True
23.3393 	EXP 	window1: mouseVisible = False
23.3396 	EXP 	window1: mouseVisible = True
23.3555 	EXP 	window1: mouseVisible = False
23.3557 	EXP 	window1: mouseVisible = True
23.3723 	EXP 	window1: mouseVisible = False
23.3727 	EXP 	window1: mouseVisible = True
23.3889 	EXP 	window1: mouseVisible = False
23.3892 	EXP 	window1: mouseVisible = True
23.4057 	EXP 	window1: mouseVisible = False
23.4060 	EXP 	window1: mouseVisible = True
23.4222 	EXP 	window1: mouseVisible = False
23.4225 	EXP 	window1: mouseVisible = True
23.4388 	EXP 	window1: mouseVisible = False
23.4391 	EXP 	window1: mouseVisible = True
23.4557 	EXP 	window1: mouseVisible = False
23.4559 	EXP 	window1: mouseVisible = True
23.4725 	EXP 	window1: mouseVisible = False
23.4728 	EXP 	window1: mouseVisible = True
23.4894 	EXP 	window1: mouseVisible = False
23.4897 	EXP 	window1: mouseVisible = True
23.5061 	EXP 	window1: mouseVisible = False
23.5064 	EXP 	window1: mouseVisible = True
23.5227 	EXP 	window1: mouseVisible = False
23.5230 	EXP 	window1: mouseVisible = True
23.5395 	EXP 	window1: mouseVisible = False
23.5398 	EXP 	window1: mouseVisible = True
23.5561 	EXP 	window1: mouseVisible = False
23.5564 	EXP 	window1: mouseVisible = True
23.5726 	EXP 	window1: mouseVisible = False
23.5729 	EXP 	window1: mouseVisible = True
23.5732 	DATA 	Mouse: Left button down, pos=(772,798)
23.6022 	EXP 	call1: texRes = 128
23.6022 	EXP 	call3: texRes = 128
23.6022 	EXP 	call4: texRes = 128
23.6025 	EXP 	window1: mouseVisible = False
23.6027 	EXP 	window1: mouseVisible = True
23.6198 	EXP 	window1: mouseVisible = False
23.6200 	EXP 	window1: mouseVisible = True
23.6372 	EXP 	window1: mouseVisible = False
23.6375 	EXP 	window1: mouseVisible = True
23.6543 	EXP 	window1: mouseVisible = False
23.6546 	EXP 	window1: mouseVisible = True
23.6549 	DATA 	Mouse:  Left button up, pos=(772,798)
23.6692 	EXP 	window1: mouseVisible = False
23.6695 	EXP 	window1: mouseVisible = True
23.6866 	EXP 	window1: mouseVisible = False
23.6868 	EXP 	window1: mouseVisible = True
23.7033 	EXP 	window1: mouseVisible = False
23.7036 	EXP 	window1: mouseVisible = True
23.7192 	EXP 	window1: mouseVisible = False
23.7194 	EXP 	window1: mouseVisible = True
23.7364 	EXP 	window1: mouseVisible = False
23.7368 	EXP 	window1: mouseVisible = True
23.7528 	EXP 	window1: mouseVisible = False
23.7530 	EXP 	window1: mouseVisible = True
23.7692 	EXP 	window1: mouseVisible = False
23.7694 	EXP 	window1: mouseVisible = True
23.7857 	EXP 	window1: mouseVisible = False
23.7859 	EXP 	window1: mouseVisible = True
23.8029 	EXP 	window1: mouseVisible = False
23.8031 	EXP 	window1: mouseVisible = True
23.8194 	EXP 	window1: mouseVisible = False
23.8196 	EXP 	window1: mouseVisible = True
23.8361 	EXP 	window1: mouseVisible = False
23.8363 	EXP 	window1: mouseVisible = True
23.8527 	EXP 	window1: mouseVisible = False
23.8529 	EXP 	window1: mouseVisible = True
23.8693 	EXP 	window1: mouseVisible = False
23.8695 	EXP 	window1: mouseVisible = True
23.8859 	EXP 	window1: mouseVisible = False
23.8862 	EXP 	window1: mouseVisible = True
23.9027 	EXP 	window1: mouseVisible = False
23.9030 	EXP 	window1: mouseVisible = True
23.9199 	EXP 	window1: mouseVisible = False
23.9204 	EXP 	window1: mouseVisible = True
23.9362 	EXP 	window1: mouseVisible = False
23.9364 	EXP 	window1: mouseVisible = True
23.9527 	EXP 	window1: mouseVisible = False
23.9530 	EXP 	window1: mouseVisible = True
23.9693 	EXP 	window1: mouseVisible = False
23.9695 	EXP 	window1: mouseVisible = True
23.9862 	EXP 	window1: mouseVisible = False
23.9864 	EXP 	window1: mouseVisible = True
24.0028 	EXP 	window1: mouseVisible = False
24.0031 	EXP 	window1: mouseVisible = True
24.0193 	EXP 	window1: mouseVisible = False
24.0195 	EXP 	window1: mouseVisible = True
24.0361 	EXP 	window1: mouseVisible = False
24.0363 	EXP 	window1: mouseVisible = True
24.0528 	EXP 	window1: mouseVisible = False
24.0530 	EXP 	window1: mouseVisible = True
24.0695 	EXP 	window1: mouseVisible = False
24.0697 	EXP 	window1: mouseVisible = True
24.0863 	EXP 	window1: mouseVisible = False
24.0866 	EXP 	window1: mouseVisible = True
24.1028 	EXP 	window1: mouseVisible = False
24.1031 	EXP 	window1: mouseVisible = True
24.1200 	EXP 	window1: mouseVisible = False
24.1203 	EXP 	window1: mouseVisible = True
24.1364 	EXP 	window1: mouseVisible = False
24.1367 	EXP 	window1: mouseVisible = True
24.1529 	EXP 	window1: mouseVisible = False
24.1531 	EXP 	window1: mouseVisible = True
24.1694 	EXP 	window1: mouseVisible = False
24.1697 	EXP 	window1: mouseVisible = True
24.1864 	EXP 	window1: mouseVisible = False
24.1867 	EXP 	window1: mouseVisible = True
24.2030 	EXP 	window1: mouseVisible = False
24.2032 	EXP 	window1: mouseVisible = True
24.2198 	EXP 	window1: mouseVisible = False
24.2200 	EXP 	window1: mouseVisible = True
24.2363 	EXP 	window1: mouseVisible = False
24.2366 	EXP 	window1: mouseVisible = True
24.2531 	EXP 	window1: mouseVisible = False
24.2536 	EXP 	window1: mouseVisible = True
24.2697 	EXP 	window1: mouseVisible = False
24.2700 	EXP 	window1: mouseVisible = True
24.2862 	EXP 	window1: mouseVisible = False
24.2865 	EXP 	window1: mouseVisible = True
24.3033 	EXP 	window1: mouseVisible = False
24.3036 	EXP 	window1: mouseVisible = True
24.3197 	EXP 	window1: mouseVisible = False
24.3199 	EXP 	window1: mouseVisible = True
24.3363 	EXP 	window1: mouseVisible = False
24.3365 	EXP 	window1: mouseVisible = True
24.3529 	EXP 	window1: mouseVisible = False
24.3531 	EXP 	window1: mouseVisible = True
24.3697 	EXP 	window1: mouseVisible = False
24.3699 	EXP 	window1: mouseVisible = True
24.3864 	EXP 	window1: mouseVisible = False
24.3866 	EXP 	window1: mouseVisible = True
24.4030 	EXP 	window1: mouseVisible = False
24.4033 	EXP 	window1: mouseVisible = True
24.4200 	EXP 	window1: mouseVisible = False
24.4203 	EXP 	window1: mouseVisible = True
24.4365 	EXP 	window1: mouseVisible = False
24.4367 	EXP 	window1: mouseVisible = True
24.4532 	EXP 	window1: mouseVisible = False
24.4534 	EXP 	window1: mouseVisible = True
24.4537 	DATA 	Mouse: Left button down, pos=(1194,847)
24.4864 	EXP 	colour1: texRes = 128
24.4864 	EXP 	colour3: texRes = 128
24.4864 	EXP 	colour4: texRes = 128
24.4866 	EXP 	window1: mouseVisible = False
24.4868 	EXP 	window1: mouseVisible = True
24.5036 	EXP 	window1: mouseVisible = False
24.5039 	EXP 	window1: mouseVisible = True
24.5203 	EXP 	window1: mouseVisible = False
24.5206 	EXP 	window1: mouseVisible = True
24.5368 	EXP 	window1: mouseVisible = False
24.5371 	EXP 	window1: mouseVisible = True
24.5535 	EXP 	window1: mouseVisible = False
24.5537 	EXP 	window1: mouseVisible = True
24.5704 	EXP 	window1: mouseVisible = False
24.5707 	EXP 	window1: mouseVisible = True
24.5710 	DATA 	Mouse:  Left button up, pos=(1195,847)
24.5871 	EXP 	window1: mouseVisible = False
24.5876 	EXP 	window1: mouseVisible = True
24.6039 	EXP 	window1: mouseVisible = False
24.6041 	EXP 	window1: mouseVisible = True
24.6204 	EXP 	window1: mouseVisible = False
24.6206 	EXP 	window1: mouseVisible = True
24.6367 	EXP 	window1: mouseVisible = False
24.6369 	EXP 	window1: mouseVisible = True
24.6534 	EXP 	window1: mouseVisible = False
24.6537 	EXP 	window1: mouseVisible = True
24.6700 	EXP 	window1: mouseVisible = False
24.6702 	EXP 	window1: mouseVisible = True
24.6867 	EXP 	window1: mouseVisible = False
24.6869 	EXP 	window1: mouseVisible = True
24.7033 	EXP 	window1: mouseVisible = False
24.7036 	EXP 	window1: mouseVisible = True
24.7204 	EXP 	window1: mouseVisible = False
24.7207 	EXP 	window1: mouseVisible = True
24.7371 	EXP 	window1: mouseVisible = False
24.7373 	EXP 	window1: mouseVisible = True
24.7538 	EXP 	window1: mouseVisible = False
24.7540 	EXP 	window1: mouseVisible = True
24.7704 	EXP 	window1: mouseVisible = False
24.7707 	EXP 	window1: mouseVisible = True
24.7874 	EXP 	window1: mouseVisible = False
24.7876 	EXP 	window1: mouseVisible = True
24.8040 	EXP 	window1: mouseVisible = False
24.8043 	EXP 	window1: mouseVisible = True
24.8202 	EXP 	window1: mouseVisible = False
24.8205 	EXP 	window1: mouseVisible = True
24.8374 	EXP 	window1: mouseVisible = False
24.8377 	EXP 	window1: mouseVisible = True
24.8536 	EXP 	window1: mouseVisible = False
24.8539 	EXP 	window1: mouseVisible = True
24.8707 	EXP 	window1: mouseVisible = False
24.8710 	EXP 	window1: mouseVisible = True
24.8875 	EXP 	window1: mouseVisible = False
24.8878 	EXP 	window1: mouseVisible = True
24.9041 	EXP 	window1: mouseVisible = False
24.9044 	EXP 	window1: mouseVisible = True
24.9206 	EXP 	window1: mouseVisible = False
24.9209 	EXP 	window1: mouseVisible = True
24.9374 	EXP 	window1: mouseVisible = False
24.9376 	EXP 	window1: mouseVisible = True
24.9540 	EXP 	window1: mouseVisible = False
24.9543 	EXP 	window1: mouseVisible = True
24.9702 	EXP 	window1: mouseVisible = False
24.9704 	EXP 	window1: mouseVisible = True
24.9872 	EXP 	window1: mouseVisible = False
24.9876 	EXP 	window1: mouseVisible = True
25.0036 	EXP 	window1: mouseVisible = False
25.0038 	EXP 	window1: mouseVisible = True
25.0204 	EXP 	window1: mouseVisible = False
25.0206 	EXP 	window1: mouseVisible = True
25.0370 	EXP 	window1: mouseVisible = False
25.0372 	EXP 	window1: mouseVisible = True
25.0536 	EXP 	window1: mouseVisible = False
25.0538 	EXP 	window1: mouseVisible = True
25.0703 	EXP 	window1: mouseVisible = False
25.0705 	EXP 	window1: mouseVisible = True
25.0870 	EXP 	window1: mouseVisible = False
25.0873 	EXP 	window1: mouseVisible = True
25.1036 	EXP 	window1: mouseVisible = False
25.1038 	EXP 	window1: mouseVisible = True
25.1205 	EXP 	window1: mouseVisible = False
25.1207 	EXP 	window1: mouseVisible = True
25.1372 	EXP 	window1: mouseVisible = False
25.1374 	EXP 	window1: mouseVisible = True
25.1538 	EXP 	window1: mouseVisible = False
25.1540 	EXP 	window1: mouseVisible = True
25.1710 	EXP 	window1: mouseVisible = False
25.1713 	EXP 	window1: mouseVisible = True
25.1876 	EXP 	window1: mouseVisible = False
25.1878 	EXP 	window1: mouseVisible = True
25.2038 	EXP 	window1: mouseVisible = False
25.2040 	EXP 	window1: mouseVisible = True
25.2204 	EXP 	window1: mouseVisible = False
25.2206 	EXP 	window1: mouseVisible = True
25.2371 	EXP 	window1: mouseVisible = False
25.2374 	EXP 	window1: mouseVisible = True
25.2539 	EXP 	window1: mouseVisible = False
25.2541 	EXP 	window1: mouseVisible = True
25.2703 	EXP 	window1: mouseVisible = False
25.2705 	EXP 	window1: mouseVisible = True
25.2872 	EXP 	window1: mouseVisible = False
25.2874 	EXP 	window1: mouseVisible = True
25.3039 	EXP 	window1: mouseVisible = False
25.3042 	EXP 	window1: mouseVisible = True
25.3207 	EXP 	window1: mouseVisible = False
25.3209 	EXP 	window1: mouseVisible = True
25.3373 	EXP 	window1: mouseVisible = False
25.3375 	EXP 	window1: mouseVisible = True
25.3538 	EXP 	window1: mouseVisible = False
25.3540 	EXP 	window1: mouseVisible = True
25.3707 	EXP 	window1: mouseVisible = False
25.3709 	EXP 	window1: mouseVisible = True
25.3712 	DATA 	Mouse: Left button down, pos=(2021,1110)
25.3873 	EXP 	window1: mouseVisible = False
25.3875 	EXP 	window1: mouseVisible = True
25.4041 	EXP 	window1: mouseVisible = False
25.4043 	EXP 	window1: mouseVisible = True
25.4207 	EXP 	window1: mouseVisible = False
25.4210 	EXP 	window1: mouseVisible = True
25.4213 	DATA 	Mouse:  Left button up, pos=(2021,1110)
25.4374 	EXP 	window1: mouseVisible = False
25.4377 	EXP 	window1: mouseVisible = True
25.4540 	EXP 	window1: mouseVisible = False
25.4542 	EXP 	window1: mouseVisible = True
25.4707 	EXP 	window1: mouseVisible = False
25.4709 	EXP 	window1: mouseVisible = True
25.4874 	EXP 	window1: mouseVisible = False
25.4876 	EXP 	window1: mouseVisible = True
25.5041 	EXP 	window1: mouseVisible = False
25.5044 	EXP 	window1: mouseVisible = True
25.5208 	EXP 	window1: mouseVisible = False
25.5210 	EXP 	window1: mouseVisible = True
25.5375 	EXP 	window1: mouseVisible = False
25.5377 	EXP 	window1: mouseVisible = True
25.5541 	EXP 	window1: mouseVisible = False
25.5544 	EXP 	window1: mouseVisible = True
25.5707 	EXP 	window1: mouseVisible = False
25.5710 	EXP 	window1: mouseVisible = True
25.5875 	EXP 	window1: mouseVisible = False
25.5878 	EXP 	window1: mouseVisible = True
25.6046 	EXP 	window1: mouseVisible = False
25.6048 	EXP 	window1: mouseVisible = True
25.6207 	EXP 	window1: mouseVisible = False
25.6209 	EXP 	window1: mouseVisible = True
25.6380 	EXP 	window1: mouseVisible = False
25.6383 	EXP 	window1: mouseVisible = True
25.6541 	EXP 	window1: mouseVisible = False
25.6544 	EXP 	window1: mouseVisible = True
25.6709 	EXP 	window1: mouseVisible = False
25.6712 	EXP 	window1: mouseVisible = True
25.6877 	EXP 	window1: mouseVisible = False
25.6879 	EXP 	window1: mouseVisible = True
25.7042 	EXP 	window1: mouseVisible = False
25.7045 	EXP 	window1: mouseVisible = True
25.7208 	EXP 	window1: mouseVisible = False
25.7210 	EXP 	window1: mouseVisible = True
25.7374 	EXP 	window1: mouseVisible = False
25.7377 	EXP 	window1: mouseVisible = True
25.7542 	EXP 	window1: mouseVisible = False
25.7547 	EXP 	window1: mouseVisible = True
25.7570 	DATA 	Mouse: Left button down, pos=(1882,1113)
25.7712 	EXP 	window1: mouseVisible = False
25.7715 	EXP 	window1: mouseVisible = True
25.7898 	EXP 	New trial (rep=0, index=1): OrderedDict([('audiofile', 'audio/NV_DE_Neural2-F_Ad-ge-Vi_0.6p.wav'), ('duration', 4.9866), ('noise', 'NV'), ('voice', 'Neural2-F'), ('words', 'Ad-ge-Vi'), ('callSign', 'Ad'), ('colour', 'ge'), ('number', 'Vi'), ('levels', '0.6p'), ('file', 'DE_Neural2-F_Ad-ge-Vi.TextGrid'), ('rater', 'Rahel'), ('firstSound_tmin', 0.17712), ('lastSound_tmax', 4.236979799221598), ('token_1_tmin', 0.7301949152642063), ('token_1_tmax', 1.2599764926347214), ('token_2_tmin', 2.3019851305044714), ('token_2_tmax', 2.6240549881129787), ('token_3_tmin', 3.8157217608278615), ('token_3_tmax', 4.236979799221598), ('newidx', 19), ('block', 'NV1')])
25.9511 	EXP 	window1: mouseVisible = False
25.9540 	EXP 	Sound sound_1 started
25.9527 	DATA 	Mouse:  Left button up, pos=(1882,1113)
25.9563 	EXP 	number2: texRes = 128
25.9563 	EXP 	number3: texRes = 128
25.9563 	EXP 	number4: texRes = 128
25.9563 	EXP 	blankScreenAfterResponse: autoDraw = True
25.9563 	EXP 	blankScreen: autoDraw = False
25.9563 	EXP 	call1: autoDraw = False
25.9563 	EXP 	call2: autoDraw = False
25.9563 	EXP 	call3: autoDraw = False
25.9563 	EXP 	call4: autoDraw = False
25.9563 	EXP 	colour1: autoDraw = False
25.9563 	EXP 	colour2: autoDraw = False
25.9563 	EXP 	colour3: autoDraw = False
25.9563 	EXP 	colour4: autoDraw = False
25.9563 	EXP 	number1: autoDraw = False
25.9563 	EXP 	number2: autoDraw = False
25.9563 	EXP 	number3: autoDraw = False
25.9563 	EXP 	number4: autoDraw = False
25.9563 	EXP 	blankScreenAfterResponse: autoDraw = False
25.9563 	EXP 	fixation: autoDraw = True
30.5525 	EXP 	Sound sound_1 reached end of file
30.6033 	EXP 	window1: mouseVisible = False
30.6106 	EXP 	fixation: autoDraw = False
30.6106 	EXP 	screenAfterAudio: autoDraw = True
30.6106 	EXP 	screenAfterAudio: autoDraw = False
30.6106 	EXP 	fixation: autoDraw = False
30.6106 	EXP 	screenAfterAudio: autoDraw = False
30.6106 	EXP 	call1: texRes = 128
30.6106 	EXP 	call2: texRes = 128
30.6106 	EXP 	call3: texRes = 128
30.6106 	EXP 	call4: texRes = 128
30.6106 	EXP 	colour1: texRes = 128
30.6106 	EXP 	colour2: texRes = 128
30.6106 	EXP 	colour3: texRes = 128
30.6106 	EXP 	colour4: texRes = 128
30.6106 	EXP 	number1: texRes = 128
30.6106 	EXP 	number2: texRes = 128
30.6106 	EXP 	number3: texRes = 128
30.6106 	EXP 	number4: texRes = 128
30.6106 	EXP 	blankScreen: autoDraw = True
30.6109 	EXP 	window1: mouseVisible = False
30.6313 	EXP 	window1: mouseVisible = False
30.6479 	EXP 	window1: mouseVisible = False
30.6634 	EXP 	window1: mouseVisible = False
30.6807 	EXP 	window1: mouseVisible = False
30.6980 	EXP 	window1: mouseVisible = False
30.7143 	EXP 	window1: mouseVisible = False
30.7301 	EXP 	window1: mouseVisible = False
30.7475 	EXP 	window1: mouseVisible = False
30.7638 	EXP 	window1: mouseVisible = False
30.7808 	EXP 	window1: mouseVisible = False
30.7972 	EXP 	window1: mouseVisible = False
30.8138 	EXP 	window1: mouseVisible = False
30.8308 	EXP 	window1: mouseVisible = False
30.8471 	EXP 	window1: mouseVisible = False
30.8642 	EXP 	window1: mouseVisible = False
30.8805 	EXP 	window1: mouseVisible = False
30.8982 	EXP 	window1: mouseVisible = False
30.9154 	EXP 	window1: mouseVisible = False
30.9301 	EXP 	window1: mouseVisible = False
30.9475 	EXP 	window1: mouseVisible = False
30.9646 	EXP 	window1: mouseVisible = False
30.9807 	EXP 	window1: mouseVisible = False
30.9981 	EXP 	window1: mouseVisible = False
31.0148 	EXP 	window1: mouseVisible = False
31.0303 	EXP 	window1: mouseVisible = False
31.0477 	EXP 	window1: mouseVisible = False
31.0652 	EXP 	window1: mouseVisible = False
31.0802 	EXP 	window1: mouseVisible = False
31.0978 	EXP 	window1: mouseVisible = False
31.1147 	EXP 	window1: mouseVisible = False
31.1304 	EXP 	window1: mouseVisible = False
31.1481 	EXP 	window1: mouseVisible = False
31.1644 	EXP 	window1: mouseVisible = False
31.1804 	EXP 	window1: mouseVisible = False
31.1970 	EXP 	window1: mouseVisible = False
31.2139 	EXP 	window1: mouseVisible = False
31.2311 	EXP 	window1: mouseVisible = False
31.2472 	EXP 	window1: mouseVisible = False
31.2641 	EXP 	window1: mouseVisible = False
31.2804 	EXP 	window1: mouseVisible = False
31.2975 	EXP 	window1: mouseVisible = False
31.3139 	EXP 	window1: mouseVisible = False
31.3312 	EXP 	window1: mouseVisible = False
31.3469 	EXP 	window1: mouseVisible = False
31.3637 	EXP 	window1: mouseVisible = False
31.3811 	EXP 	window1: mouseVisible = False
31.3973 	EXP 	window1: mouseVisible = False
31.4143 	EXP 	window1: mouseVisible = False
31.4308 	EXP 	window1: mouseVisible = False
31.4476 	EXP 	window1: mouseVisible = False
31.4639 	EXP 	window1: mouseVisible = False
31.4813 	EXP 	window1: mouseVisible = False
31.4978 	EXP 	window1: mouseVisible = False
31.5139 	EXP 	window1: mouseVisible = False
31.5312 	EXP 	window1: mouseVisible = False
31.5479 	EXP 	window1: mouseVisible = False
31.5639 	EXP 	window1: mouseVisible = False
31.5807 	EXP 	window1: mouseVisible = False
31.5976 	EXP 	window1: mouseVisible = False
31.6255 	EXP 	blankScreen: autoDraw = False
31.6255 	EXP 	call1: autoDraw = True
31.6255 	EXP 	call2: autoDraw = True
31.6255 	EXP 	call3: autoDraw = True
31.6255 	EXP 	call4: autoDraw = True
31.6255 	EXP 	colour1: autoDraw = True
31.6255 	EXP 	colour2: autoDraw = True
31.6255 	EXP 	colour3: autoDraw = True
31.6255 	EXP 	colour4: autoDraw = True
31.6255 	EXP 	number1: autoDraw = True
31.6255 	EXP 	number2: autoDraw = True
31.6255 	EXP 	number3: autoDraw = True
31.6255 	EXP 	number4: autoDraw = True
31.6257 	EXP 	window1: mouseVisible = False
31.6259 	EXP 	window1: mouseVisible = True
31.6429 	EXP 	window1: mouseVisible = False
31.6431 	EXP 	window1: mouseVisible = True
31.6589 	EXP 	window1: mouseVisible = False
31.6592 	EXP 	window1: mouseVisible = True
31.6758 	EXP 	window1: mouseVisible = False
31.6760 	EXP 	window1: mouseVisible = True
31.6924 	EXP 	window1: mouseVisible = False
31.6926 	EXP 	window1: mouseVisible = True
31.7090 	EXP 	window1: mouseVisible = False
31.7092 	EXP 	window1: mouseVisible = True
31.7259 	EXP 	window1: mouseVisible = False
31.7261 	EXP 	window1: mouseVisible = True
31.7424 	EXP 	window1: mouseVisible = False
31.7427 	EXP 	window1: mouseVisible = True
31.7591 	EXP 	window1: mouseVisible = False
31.7593 	EXP 	window1: mouseVisible = True
31.7758 	EXP 	window1: mouseVisible = False
31.7760 	EXP 	window1: mouseVisible = True
31.7924 	EXP 	window1: mouseVisible = False
31.7927 	EXP 	window1: mouseVisible = True
31.8091 	EXP 	window1: mouseVisible = False
31.8094 	EXP 	window1: mouseVisible = True
31.8260 	EXP 	window1: mouseVisible = False
31.8262 	EXP 	window1: mouseVisible = True
31.8427 	EXP 	window1: mouseVisible = False
31.8429 	EXP 	window1: mouseVisible = True
31.8592 	EXP 	window1: mouseVisible = False
31.8594 	EXP 	window1: mouseVisible = True
31.8758 	EXP 	window1: mouseVisible = False
31.8760 	EXP 	window1: mouseVisible = True
31.8926 	EXP 	window1: mouseVisible = False
31.8928 	EXP 	window1: mouseVisible = True
31.9091 	EXP 	window1: mouseVisible = False
31.9093 	EXP 	window1: mouseVisible = True
31.9258 	EXP 	window1: mouseVisible = False
31.9260 	EXP 	window1: mouseVisible = True
31.9424 	EXP 	window1: mouseVisible = False
31.9427 	EXP 	window1: mouseVisible = True
31.9593 	EXP 	window1: mouseVisible = False
31.9597 	EXP 	window1: mouseVisible = True
31.9764 	EXP 	window1: mouseVisible = False
31.9767 	EXP 	window1: mouseVisible = True
31.9931 	EXP 	window1: mouseVisible = False
31.9933 	EXP 	window1: mouseVisible = True
32.0093 	EXP 	window1: mouseVisible = False
32.0095 	EXP 	window1: mouseVisible = True
32.0258 	EXP 	window1: mouseVisible = False
32.0261 	EXP 	window1: mouseVisible = True
32.0426 	EXP 	window1: mouseVisible = False
32.0428 	EXP 	window1: mouseVisible = True
32.0592 	EXP 	window1: mouseVisible = False
32.0594 	EXP 	window1: mouseVisible = True
32.0760 	EXP 	window1: mouseVisible = False
32.0763 	EXP 	window1: mouseVisible = True
32.0927 	EXP 	window1: mouseVisible = False
32.0929 	EXP 	window1: mouseVisible = True
32.1093 	EXP 	window1: mouseVisible = False
32.1095 	EXP 	window1: mouseVisible = True
32.1263 	EXP 	window1: mouseVisible = False
32.1265 	EXP 	window1: mouseVisible = True
32.1427 	EXP 	window1: mouseVisible = False
32.1429 	EXP 	window1: mouseVisible = True
32.1593 	EXP 	window1: mouseVisible = False
32.1595 	EXP 	window1: mouseVisible = True
32.1763 	EXP 	window1: mouseVisible = False
32.1766 	EXP 	window1: mouseVisible = True
32.1927 	EXP 	window1: mouseVisible = False
32.1930 	EXP 	window1: mouseVisible = True
32.2093 	EXP 	window1: mouseVisible = False
32.2095 	EXP 	window1: mouseVisible = True
32.2260 	EXP 	window1: mouseVisible = False
32.2262 	EXP 	window1: mouseVisible = True
32.2427 	EXP 	window1: mouseVisible = False
32.2430 	EXP 	window1: mouseVisible = True
32.2595 	EXP 	window1: mouseVisible = False
32.2598 	EXP 	window1: mouseVisible = True
32.2761 	EXP 	window1: mouseVisible = False
32.2763 	EXP 	window1: mouseVisible = True
32.2931 	EXP 	window1: mouseVisible = False
32.2933 	EXP 	window1: mouseVisible = True
32.3095 	EXP 	window1: mouseVisible = False
32.3098 	EXP 	window1: mouseVisible = True
32.3263 	EXP 	window1: mouseVisible = False
32.3266 	EXP 	window1: mouseVisible = True
32.3271 	DATA 	Mouse: Left button down, pos=(735,561)
32.3592 	EXP 	call1: texRes = 128
32.3592 	EXP 	call2: texRes = 128
32.3592 	EXP 	call4: texRes = 128
32.3594 	EXP 	window1: mouseVisible = False
32.3597 	EXP 	window1: mouseVisible = True
32.3763 	EXP 	window1: mouseVisible = False
32.3766 	EXP 	window1: mouseVisible = True
32.3929 	EXP 	window1: mouseVisible = False
32.3931 	EXP 	window1: mouseVisible = True
32.4094 	EXP 	window1: mouseVisible = False
32.4097 	EXP 	window1: mouseVisible = True
32.4262 	EXP 	window1: mouseVisible = False
32.4264 	EXP 	window1: mouseVisible = True
32.4268 	DATA 	Mouse:  Left button up, pos=(740,568)
32.4429 	EXP 	window1: mouseVisible = False
32.4432 	EXP 	window1: mouseVisible = True
32.4596 	EXP 	window1: mouseVisible = False
32.4598 	EXP 	window1: mouseVisible = True
32.4764 	EXP 	window1: mouseVisible = False
32.4765 	EXP 	window1: mouseVisible = True
32.4929 	EXP 	window1: mouseVisible = False
32.4931 	EXP 	window1: mouseVisible = True
32.5096 	EXP 	window1: mouseVisible = False
32.5098 	EXP 	window1: mouseVisible = True
32.5265 	EXP 	window1: mouseVisible = False
32.5267 	EXP 	window1: mouseVisible = True
32.5429 	EXP 	window1: mouseVisible = False
32.5432 	EXP 	window1: mouseVisible = True
32.5596 	EXP 	window1: mouseVisible = False
32.5598 	EXP 	window1: mouseVisible = True
32.5763 	EXP 	window1: mouseVisible = False
32.5765 	EXP 	window1: mouseVisible = True
32.5930 	EXP 	window1: mouseVisible = False
32.5932 	EXP 	window1: mouseVisible = True
32.6096 	EXP 	window1: mouseVisible = False
32.6098 	EXP 	window1: mouseVisible = True
32.6264 	EXP 	window1: mouseVisible = False
32.6266 	EXP 	window1: mouseVisible = True
32.6430 	EXP 	window1: mouseVisible = False
32.6433 	EXP 	window1: mouseVisible = True
32.6598 	EXP 	window1: mouseVisible = False
32.6601 	EXP 	window1: mouseVisible = True
32.6765 	EXP 	window1: mouseVisible = False
32.6768 	EXP 	window1: mouseVisible = True
32.6930 	EXP 	window1: mouseVisible = False
32.6933 	EXP 	window1: mouseVisible = True
32.6936 	DATA 	Mouse: Left button down, pos=(1269,545)
32.7263 	EXP 	colour1: texRes = 128
32.7263 	EXP 	colour2: texRes = 128
32.7263 	EXP 	colour4: texRes = 128
32.7265 	EXP 	window1: mouseVisible = False
32.7268 	EXP 	window1: mouseVisible = True
32.7431 	EXP 	window1: mouseVisible = False
32.7434 	EXP 	window1: mouseVisible = True
32.7605 	EXP 	window1: mouseVisible = False
32.7607 	EXP 	window1: mouseVisible = True
32.7765 	EXP 	window1: mouseVisible = False
32.7768 	EXP 	window1: mouseVisible = True
32.7932 	EXP 	window1: mouseVisible = False
32.7935 	EXP 	window1: mouseVisible = True
32.8101 	EXP 	window1: mouseVisible = False
32.8104 	EXP 	window1: mouseVisible = True
32.8266 	EXP 	window1: mouseVisible = False
32.8269 	EXP 	window1: mouseVisible = True
32.8271 	DATA 	Mouse:  Left button up, pos=(1269,545)
32.8433 	EXP 	window1: mouseVisible = False
32.8435 	EXP 	window1: mouseVisible = True
32.8601 	EXP 	window1: mouseVisible = False
32.8604 	EXP 	window1: mouseVisible = True
32.8766 	EXP 	window1: mouseVisible = False
32.8769 	EXP 	window1: mouseVisible = True
32.8937 	EXP 	window1: mouseVisible = False
32.8940 	EXP 	window1: mouseVisible = True
32.9099 	EXP 	window1: mouseVisible = False
32.9101 	EXP 	window1: mouseVisible = True
32.9266 	EXP 	window1: mouseVisible = False
32.9269 	EXP 	window1: mouseVisible = True
32.9434 	EXP 	window1: mouseVisible = False
32.9436 	EXP 	window1: mouseVisible = True
32.9602 	EXP 	window1: mouseVisible = False
32.9604 	EXP 	window1: mouseVisible = True
32.9767 	EXP 	window1: mouseVisible = False
32.9769 	EXP 	window1: mouseVisible = True
32.9937 	EXP 	window1: mouseVisible = False
32.9939 	EXP 	window1: mouseVisible = True
33.0100 	EXP 	window1: mouseVisible = False
33.0102 	EXP 	window1: mouseVisible = True
33.0268 	EXP 	window1: mouseVisible = False
33.0270 	EXP 	window1: mouseVisible = True
33.0434 	EXP 	window1: mouseVisible = False
33.0437 	EXP 	window1: mouseVisible = True
33.0601 	EXP 	window1: mouseVisible = False
33.0603 	EXP 	window1: mouseVisible = True
33.0767 	EXP 	window1: mouseVisible = False
33.0769 	EXP 	window1: mouseVisible = True
33.0936 	EXP 	window1: mouseVisible = False
33.0939 	EXP 	window1: mouseVisible = True
33.1101 	EXP 	window1: mouseVisible = False
33.1104 	EXP 	window1: mouseVisible = True
33.1268 	EXP 	window1: mouseVisible = False
33.1271 	EXP 	window1: mouseVisible = True
33.1435 	EXP 	window1: mouseVisible = False
33.1437 	EXP 	window1: mouseVisible = True
33.1602 	EXP 	window1: mouseVisible = False
33.1605 	EXP 	window1: mouseVisible = True
33.1608 	DATA 	Mouse: Left button down, pos=(1974,272)
33.1784 	EXP 	New trial (rep=0, index=2): OrderedDict([('audiofile', 'audio/NV_DE_Neural2-D_Kr-ro-Zw_0.8p.wav'), ('duration', 5.3887), ('noise', 'NV'), ('voice', 'Neural2-D'), ('words', 'Kr-ro-Zw'), ('callSign', 'Kr'), ('colour', 'ro'), ('number', 'Zw'), ('levels', '0.8p'), ('file', 'DE_Neural2-D_Kr-ro-Zw.TextGrid'), ('rater', 'Rahel'), ('firstSound_tmin', 0.16712), ('lastSound_tmax', 4.627898827091044), ('token_1_tmin', 0.8452121033659028), ('token_1_tmax', 1.2935079707015142), ('token_2_tmin', 2.6183523653492453), ('token_2_tmax', 3.0225122119907737), ('token_3_tmin', 4.300031244792142), ('token_3_tmax', 4.627898827091044), ('newidx', 20), ('block', 'NV1')])
33.3285 	EXP 	window1: mouseVisible = False
33.3430 	EXP 	Sound sound_1 started
33.3305 	DATA 	Mouse:  Left button up, pos=(1974,272)
33.3435 	EXP 	number1: texRes = 128
33.3435 	EXP 	number2: texRes = 128
33.3435 	EXP 	number3: texRes = 128
33.3435 	EXP 	blankScreenAfterResponse: autoDraw = True
33.3435 	EXP 	blankScreen: autoDraw = False
33.3435 	EXP 	call1: autoDraw = False
33.3435 	EXP 	call2: autoDraw = False
33.3435 	EXP 	call3: autoDraw = False
33.3435 	EXP 	call4: autoDraw = False
33.3435 	EXP 	colour1: autoDraw = False
33.3435 	EXP 	colour2: autoDraw = False
33.3435 	EXP 	colour3: autoDraw = False
33.3435 	EXP 	colour4: autoDraw = False
33.3435 	EXP 	number1: autoDraw = False
33.3435 	EXP 	number2: autoDraw = False
33.3435 	EXP 	number3: autoDraw = False
33.3435 	EXP 	number4: autoDraw = False
33.3435 	EXP 	blankScreenAfterResponse: autoDraw = False
33.3435 	EXP 	fixation: autoDraw = True
38.2944 	EXP 	Sound sound_1 reached end of file
38.3474 	EXP 	window1: mouseVisible = False
38.3652 	EXP 	fixation: autoDraw = False
38.3652 	EXP 	screenAfterAudio: autoDraw = True
38.3652 	EXP 	screenAfterAudio: autoDraw = False
38.3652 	EXP 	fixation: autoDraw = False
38.3652 	EXP 	screenAfterAudio: autoDraw = False
38.3652 	EXP 	call1: texRes = 128
38.3652 	EXP 	call2: texRes = 128
38.3652 	EXP 	call3: texRes = 128
38.3652 	EXP 	call4: texRes = 128
38.3652 	EXP 	colour1: texRes = 128
38.3652 	EXP 	colour2: texRes = 128
38.3652 	EXP 	colour3: texRes = 128
38.3652 	EXP 	colour4: texRes = 128
38.3652 	EXP 	number1: texRes = 128
38.3652 	EXP 	number2: texRes = 128
38.3652 	EXP 	number3: texRes = 128
38.3652 	EXP 	number4: texRes = 128
38.3652 	EXP 	blankScreen: autoDraw = True
38.3655 	EXP 	window1: mouseVisible = False
38.3812 	EXP 	window1: mouseVisible = False
38.3991 	EXP 	window1: mouseVisible = False
38.4155 	EXP 	window1: mouseVisible = False
38.4313 	EXP 	window1: mouseVisible = False
38.4482 	EXP 	window1: mouseVisible = False
38.4646 	EXP 	window1: mouseVisible = False
38.4811 	EXP 	window1: mouseVisible = False
38.4979 	EXP 	window1: mouseVisible = False
38.5151 	EXP 	window1: mouseVisible = False
38.5312 	EXP 	window1: mouseVisible = False
38.5481 	EXP 	window1: mouseVisible = False
38.5654 	EXP 	window1: mouseVisible = False
38.5814 	EXP 	window1: mouseVisible = False
38.5981 	EXP 	window1: mouseVisible = False
38.6146 	EXP 	window1: mouseVisible = False
38.6314 	EXP 	window1: mouseVisible = False
38.6483 	EXP 	window1: mouseVisible = False
38.6652 	EXP 	window1: mouseVisible = False
38.6817 	EXP 	window1: mouseVisible = False
38.6983 	EXP 	window1: mouseVisible = False
38.7148 	EXP 	window1: mouseVisible = False
38.7314 	EXP 	window1: mouseVisible = False
38.7483 	EXP 	window1: mouseVisible = False
38.7647 	EXP 	window1: mouseVisible = False
38.7819 	EXP 	window1: mouseVisible = False
38.7983 	EXP 	window1: mouseVisible = False
38.8148 	EXP 	window1: mouseVisible = False
38.8319 	EXP 	window1: mouseVisible = False
38.8482 	EXP 	window1: mouseVisible = False
38.8650 	EXP 	window1: mouseVisible = False
38.8820 	EXP 	window1: mouseVisible = False
38.8983 	EXP 	window1: mouseVisible = False
38.9150 	EXP 	window1: mouseVisible = False
38.9318 	EXP 	window1: mouseVisible = False
38.9486 	EXP 	window1: mouseVisible = False
38.9654 	EXP 	window1: mouseVisible = False
38.9817 	EXP 	window1: mouseVisible = False
38.9984 	EXP 	window1: mouseVisible = False
39.0152 	EXP 	window1: mouseVisible = False
39.0316 	EXP 	window1: mouseVisible = False
39.0487 	EXP 	window1: mouseVisible = False
39.0654 	EXP 	window1: mouseVisible = False
39.0819 	EXP 	window1: mouseVisible = False
39.0984 	EXP 	window1: mouseVisible = False
39.1152 	EXP 	window1: mouseVisible = False
39.1319 	EXP 	window1: mouseVisible = False
39.1484 	EXP 	window1: mouseVisible = False
39.1653 	EXP 	window1: mouseVisible = False
39.1818 	EXP 	window1: mouseVisible = False
39.1985 	EXP 	window1: mouseVisible = False
39.2151 	EXP 	window1: mouseVisible = False
39.2321 	EXP 	window1: mouseVisible = False
39.2487 	EXP 	window1: mouseVisible = False
39.2658 	EXP 	window1: mouseVisible = False
39.2819 	EXP 	window1: mouseVisible = False
39.2986 	EXP 	window1: mouseVisible = False
39.3153 	EXP 	window1: mouseVisible = False
39.3320 	EXP 	window1: mouseVisible = False
39.3489 	EXP 	window1: mouseVisible = False
39.3652 	EXP 	blankScreen: autoDraw = False
39.3652 	EXP 	call1: autoDraw = True
39.3652 	EXP 	call2: autoDraw = True
39.3652 	EXP 	call3: autoDraw = True
39.3652 	EXP 	call4: autoDraw = True
39.3652 	EXP 	colour1: autoDraw = True
39.3652 	EXP 	colour2: autoDraw = True
39.3652 	EXP 	colour3: autoDraw = True
39.3652 	EXP 	colour4: autoDraw = True
39.3652 	EXP 	number1: autoDraw = True
39.3652 	EXP 	number2: autoDraw = True
39.3652 	EXP 	number3: autoDraw = True
39.3652 	EXP 	number4: autoDraw = True
39.3653 	EXP 	window1: mouseVisible = False
39.3656 	EXP 	window1: mouseVisible = True
39.3821 	EXP 	window1: mouseVisible = False
39.3824 	EXP 	window1: mouseVisible = True
39.3987 	EXP 	window1: mouseVisible = False
39.3989 	EXP 	window1: mouseVisible = True
39.4157 	EXP 	window1: mouseVisible = False
39.4159 	EXP 	window1: mouseVisible = True
39.4322 	EXP 	window1: mouseVisible = False
39.4325 	EXP 	window1: mouseVisible = True
39.4489 	EXP 	window1: mouseVisible = False
39.4492 	EXP 	window1: mouseVisible = True
39.4657 	EXP 	window1: mouseVisible = False
39.4660 	EXP 	window1: mouseVisible = True
39.4822 	EXP 	window1: mouseVisible = False
39.4824 	EXP 	window1: mouseVisible = True
39.4989 	EXP 	window1: mouseVisible = False
39.4992 	EXP 	window1: mouseVisible = True
39.5155 	EXP 	window1: mouseVisible = False
39.5157 	EXP 	window1: mouseVisible = True
39.5322 	EXP 	window1: mouseVisible = False
39.5325 	EXP 	window1: mouseVisible = True
39.5491 	EXP 	window1: mouseVisible = False
39.5494 	EXP 	window1: mouseVisible = True
39.5659 	EXP 	window1: mouseVisible = False
39.5662 	EXP 	window1: mouseVisible = True
39.5823 	EXP 	window1: mouseVisible = False
39.5825 	EXP 	window1: mouseVisible = True
39.5992 	EXP 	window1: mouseVisible = False
39.5996 	EXP 	window1: mouseVisible = True
39.6160 	EXP 	window1: mouseVisible = False
39.6162 	EXP 	window1: mouseVisible = True
39.6323 	EXP 	window1: mouseVisible = False
39.6325 	EXP 	window1: mouseVisible = True
39.6490 	EXP 	window1: mouseVisible = False
39.6492 	EXP 	window1: mouseVisible = True
39.6656 	EXP 	window1: mouseVisible = False
39.6658 	EXP 	window1: mouseVisible = True
39.6824 	EXP 	window1: mouseVisible = False
39.6826 	EXP 	window1: mouseVisible = True
39.6990 	EXP 	window1: mouseVisible = False
39.6993 	EXP 	window1: mouseVisible = True
39.7157 	EXP 	window1: mouseVisible = False
39.7159 	EXP 	window1: mouseVisible = True
39.7323 	EXP 	window1: mouseVisible = False
39.7326 	EXP 	window1: mouseVisible = True
39.7491 	EXP 	window1: mouseVisible = False
39.7493 	EXP 	window1: mouseVisible = True
39.7657 	EXP 	window1: mouseVisible = False
39.7659 	EXP 	window1: mouseVisible = True
39.7823 	EXP 	window1: mouseVisible = False
39.7825 	EXP 	window1: mouseVisible = True
39.7994 	EXP 	window1: mouseVisible = False
39.7996 	EXP 	window1: mouseVisible = True
39.8158 	EXP 	window1: mouseVisible = False
39.8160 	EXP 	window1: mouseVisible = True
39.8324 	EXP 	window1: mouseVisible = False
39.8326 	EXP 	window1: mouseVisible = True
39.8491 	EXP 	window1: mouseVisible = False
39.8493 	EXP 	window1: mouseVisible = True
39.8659 	EXP 	window1: mouseVisible = False
39.8661 	EXP 	window1: mouseVisible = True
39.8825 	EXP 	window1: mouseVisible = False
39.8827 	EXP 	window1: mouseVisible = True
39.8991 	EXP 	window1: mouseVisible = False
39.8994 	EXP 	window1: mouseVisible = True
39.9158 	EXP 	window1: mouseVisible = False
39.9160 	EXP 	window1: mouseVisible = True
39.9325 	EXP 	window1: mouseVisible = False
39.9327 	EXP 	window1: mouseVisible = True
39.9492 	EXP 	window1: mouseVisible = False
39.9494 	EXP 	window1: mouseVisible = True
39.9658 	EXP 	window1: mouseVisible = False
39.9660 	EXP 	window1: mouseVisible = True
39.9826 	EXP 	window1: mouseVisible = False
39.9829 	EXP 	window1: mouseVisible = True
39.9992 	EXP 	window1: mouseVisible = False
39.9995 	EXP 	window1: mouseVisible = True
40.0160 	EXP 	window1: mouseVisible = False
40.0162 	EXP 	window1: mouseVisible = True
40.0325 	EXP 	window1: mouseVisible = False
40.0327 	EXP 	window1: mouseVisible = True
40.0495 	EXP 	window1: mouseVisible = False
40.0498 	EXP 	window1: mouseVisible = True
40.0660 	EXP 	window1: mouseVisible = False
40.0662 	EXP 	window1: mouseVisible = True
40.0828 	EXP 	window1: mouseVisible = False
40.0830 	EXP 	window1: mouseVisible = True
40.0834 	DATA 	Mouse: Left button down, pos=(759,964)
40.1157 	EXP 	call1: texRes = 128
40.1157 	EXP 	call3: texRes = 128
40.1157 	EXP 	call4: texRes = 128
40.1159 	EXP 	window1: mouseVisible = False
40.1162 	EXP 	window1: mouseVisible = True
40.1327 	EXP 	window1: mouseVisible = False
40.1329 	EXP 	window1: mouseVisible = True
40.1494 	EXP 	window1: mouseVisible = False
40.1496 	EXP 	window1: mouseVisible = True
40.1662 	EXP 	window1: mouseVisible = False
40.1665 	EXP 	window1: mouseVisible = True
40.1827 	EXP 	window1: mouseVisible = False
40.1830 	EXP 	window1: mouseVisible = True
40.1833 	DATA 	Mouse:  Left button up, pos=(759,964)
40.1996 	EXP 	window1: mouseVisible = False
40.1998 	EXP 	window1: mouseVisible = True
40.2160 	EXP 	window1: mouseVisible = False
40.2162 	EXP 	window1: mouseVisible = True
40.2333 	EXP 	window1: mouseVisible = False
40.2336 	EXP 	window1: mouseVisible = True
40.2498 	EXP 	window1: mouseVisible = False
40.2501 	EXP 	window1: mouseVisible = True
40.2660 	EXP 	window1: mouseVisible = False
40.2662 	EXP 	window1: mouseVisible = True
40.2833 	EXP 	window1: mouseVisible = False
40.2838 	EXP 	window1: mouseVisible = True
40.2997 	EXP 	window1: mouseVisible = False
40.3000 	EXP 	window1: mouseVisible = True
40.3162 	EXP 	window1: mouseVisible = False
40.3164 	EXP 	window1: mouseVisible = True
40.3329 	EXP 	window1: mouseVisible = False
40.3332 	EXP 	window1: mouseVisible = True
40.3495 	EXP 	window1: mouseVisible = False
40.3497 	EXP 	window1: mouseVisible = True
40.3664 	EXP 	window1: mouseVisible = False
40.3667 	EXP 	window1: mouseVisible = True
40.3828 	EXP 	window1: mouseVisible = False
40.3830 	EXP 	window1: mouseVisible = True
40.4001 	EXP 	window1: mouseVisible = False
40.4003 	EXP 	window1: mouseVisible = True
40.4167 	EXP 	window1: mouseVisible = False
40.4170 	EXP 	window1: mouseVisible = True
40.4332 	EXP 	window1: mouseVisible = False
40.4335 	EXP 	window1: mouseVisible = True
40.4498 	EXP 	window1: mouseVisible = False
40.4501 	EXP 	window1: mouseVisible = True
40.4664 	EXP 	window1: mouseVisible = False
40.4667 	EXP 	window1: mouseVisible = True
40.4830 	EXP 	window1: mouseVisible = False
40.4832 	EXP 	window1: mouseVisible = True
40.4998 	EXP 	window1: mouseVisible = False
40.5001 	EXP 	window1: mouseVisible = True
40.5163 	EXP 	window1: mouseVisible = False
40.5166 	EXP 	window1: mouseVisible = True
40.5332 	EXP 	window1: mouseVisible = False
40.5334 	EXP 	window1: mouseVisible = True
40.5497 	EXP 	window1: mouseVisible = False
40.5500 	EXP 	window1: mouseVisible = True
40.5503 	DATA 	Mouse: Left button down, pos=(1297,1094)
40.5829 	EXP 	colour2: texRes = 128
40.5829 	EXP 	colour3: texRes = 128
40.5829 	EXP 	colour4: texRes = 128
40.5832 	EXP 	window1: mouseVisible = False
40.5834 	EXP 	window1: mouseVisible = True
40.6000 	EXP 	window1: mouseVisible = False
40.6002 	EXP 	window1: mouseVisible = True
40.6166 	EXP 	window1: mouseVisible = False
40.6168 	EXP 	window1: mouseVisible = True
40.6334 	EXP 	window1: mouseVisible = False
40.6337 	EXP 	window1: mouseVisible = True
40.6499 	EXP 	window1: mouseVisible = False
40.6501 	EXP 	window1: mouseVisible = True
40.6664 	EXP 	window1: mouseVisible = False
40.6667 	EXP 	window1: mouseVisible = True
40.6834 	EXP 	window1: mouseVisible = False
40.6836 	EXP 	window1: mouseVisible = True
40.6839 	DATA 	Mouse:  Left button up, pos=(1297,1094)
40.7000 	EXP 	window1: mouseVisible = False
40.7002 	EXP 	window1: mouseVisible = True
40.7166 	EXP 	window1: mouseVisible = False
40.7168 	EXP 	window1: mouseVisible = True
40.7333 	EXP 	window1: mouseVisible = False
40.7336 	EXP 	window1: mouseVisible = True
40.7501 	EXP 	window1: mouseVisible = False
40.7503 	EXP 	window1: mouseVisible = True
40.7667 	EXP 	window1: mouseVisible = False
40.7669 	EXP 	window1: mouseVisible = True
40.7833 	EXP 	window1: mouseVisible = False
40.7836 	EXP 	window1: mouseVisible = True
40.7998 	EXP 	window1: mouseVisible = False
40.8001 	EXP 	window1: mouseVisible = True
40.8168 	EXP 	window1: mouseVisible = False
40.8170 	EXP 	window1: mouseVisible = True
40.8333 	EXP 	window1: mouseVisible = False
40.8336 	EXP 	window1: mouseVisible = True
40.8502 	EXP 	window1: mouseVisible = False
40.8505 	EXP 	window1: mouseVisible = True
40.8668 	EXP 	window1: mouseVisible = False
40.8670 	EXP 	window1: mouseVisible = True
40.8834 	EXP 	window1: mouseVisible = False
40.8837 	EXP 	window1: mouseVisible = True
40.9002 	EXP 	window1: mouseVisible = False
40.9004 	EXP 	window1: mouseVisible = True
40.9168 	EXP 	window1: mouseVisible = False
40.9170 	EXP 	window1: mouseVisible = True
40.9334 	EXP 	window1: mouseVisible = False
40.9337 	EXP 	window1: mouseVisible = True
40.9502 	EXP 	window1: mouseVisible = False
40.9504 	EXP 	window1: mouseVisible = True
40.9669 	EXP 	window1: mouseVisible = False
40.9671 	EXP 	window1: mouseVisible = True
40.9834 	EXP 	window1: mouseVisible = False
40.9838 	EXP 	window1: mouseVisible = True
41.0002 	EXP 	window1: mouseVisible = False
41.0005 	EXP 	window1: mouseVisible = True
41.0170 	EXP 	window1: mouseVisible = False
41.0172 	EXP 	window1: mouseVisible = True
41.0334 	EXP 	window1: mouseVisible = False
41.0337 	EXP 	window1: mouseVisible = True
41.0503 	EXP 	window1: mouseVisible = False
41.0505 	EXP 	window1: mouseVisible = True
41.0670 	EXP 	window1: mouseVisible = False
41.0672 	EXP 	window1: mouseVisible = True
41.0836 	EXP 	window1: mouseVisible = False
41.0839 	EXP 	window1: mouseVisible = True
41.1003 	EXP 	window1: mouseVisible = False
41.1006 	EXP 	window1: mouseVisible = True
41.1171 	EXP 	window1: mouseVisible = False
41.1174 	EXP 	window1: mouseVisible = True
41.1335 	EXP 	window1: mouseVisible = False
41.1338 	EXP 	window1: mouseVisible = True
41.1504 	EXP 	window1: mouseVisible = False
41.1506 	EXP 	window1: mouseVisible = True
41.1669 	EXP 	window1: mouseVisible = False
41.1671 	EXP 	window1: mouseVisible = True
41.1836 	EXP 	window1: mouseVisible = False
41.1840 	EXP 	window1: mouseVisible = True
41.2005 	EXP 	window1: mouseVisible = False
41.2007 	EXP 	window1: mouseVisible = True
41.2170 	EXP 	window1: mouseVisible = False
41.2172 	EXP 	window1: mouseVisible = True
41.2338 	EXP 	window1: mouseVisible = False
41.2342 	EXP 	window1: mouseVisible = True
41.2350 	DATA 	Mouse: Left button down, pos=(1806,913)
41.2503 	EXP 	New trial (rep=0, index=3): OrderedDict([('audiofile', 'audio/NV_DE_Neural2-F_Ti-we-Dr_0.6p.wav'), ('duration', 4.9342), ('noise', 'NV'), ('voice', 'Neural2-F'), ('words', 'Ti-we-Dr'), ('callSign', 'Ti'), ('colour', 'we'), ('number', 'Dr'), ('levels', '0.6p'), ('file', 'DE_Neural2-F_Ti-we-Dr.TextGrid'), ('rater', 'Rahel'), ('firstSound_tmin', 0.15712), ('lastSound_tmax', 4.168359255016034), ('token_1_tmin', 0.7351344781539351), ('token_1_tmax', 1.2143257799479164), ('token_2_tmin', 2.29712), ('token_2_tmax', 2.6591808542793216), ('token_3_tmin', 3.8542868837197375), ('token_3_tmax', 4.168359255016034), ('newidx', 21), ('block', 'NV1')])
41.4357 	EXP 	window1: mouseVisible = False
41.4498 	EXP 	Sound sound_1 started
41.4374 	DATA 	Mouse:  Left button up, pos=(1806,913)
41.4506 	EXP 	number1: texRes = 128
41.4506 	EXP 	number3: texRes = 128
41.4506 	EXP 	number4: texRes = 128
41.4506 	EXP 	blankScreenAfterResponse: autoDraw = True
41.4506 	EXP 	blankScreen: autoDraw = False
41.4506 	EXP 	call1: autoDraw = False
41.4506 	EXP 	call2: autoDraw = False
41.4506 	EXP 	call3: autoDraw = False
41.4506 	EXP 	call4: autoDraw = False
41.4506 	EXP 	colour1: autoDraw = False
41.4506 	EXP 	colour2: autoDraw = False
41.4506 	EXP 	colour3: autoDraw = False
41.4506 	EXP 	colour4: autoDraw = False
41.4506 	EXP 	number1: autoDraw = False
41.4506 	EXP 	number2: autoDraw = False
41.4506 	EXP 	number3: autoDraw = False
41.4506 	EXP 	number4: autoDraw = False
41.4506 	EXP 	blankScreenAfterResponse: autoDraw = False
41.4506 	EXP 	fixation: autoDraw = True
45.9833 	EXP 	Sound sound_1 reached end of file
46.0427 	EXP 	window1: mouseVisible = False
46.0542 	EXP 	fixation: autoDraw = False
46.0542 	EXP 	screenAfterAudio: autoDraw = True
46.0542 	EXP 	screenAfterAudio: autoDraw = False
46.0542 	EXP 	fixation: autoDraw = False
46.0542 	EXP 	screenAfterAudio: autoDraw = False
46.0542 	EXP 	call1: texRes = 128
46.0542 	EXP 	call2: texRes = 128
46.0542 	EXP 	call3: texRes = 128
46.0542 	EXP 	call4: texRes = 128
46.0542 	EXP 	colour1: texRes = 128
46.0542 	EXP 	colour2: texRes = 128
46.0542 	EXP 	colour3: texRes = 128
46.0542 	EXP 	colour4: texRes = 128
46.0542 	EXP 	number1: texRes = 128
46.0542 	EXP 	number2: texRes = 128
46.0542 	EXP 	number3: texRes = 128
46.0542 	EXP 	number4: texRes = 128
46.0542 	EXP 	blankScreen: autoDraw = True
46.0544 	EXP 	window1: mouseVisible = False
46.0710 	EXP 	window1: mouseVisible = False
46.0886 	EXP 	window1: mouseVisible = False
46.1055 	EXP 	window1: mouseVisible = False
46.1214 	EXP 	window1: mouseVisible = False
46.1382 	EXP 	window1: mouseVisible = False
46.1544 	EXP 	window1: mouseVisible = False
46.1716 	EXP 	window1: mouseVisible = False
46.1884 	EXP 	window1: mouseVisible = False
46.2046 	EXP 	window1: mouseVisible = False
46.2212 	EXP 	window1: mouseVisible = False
46.2376 	EXP 	window1: mouseVisible = False
46.2543 	EXP 	window1: mouseVisible = False
46.2709 	EXP 	window1: mouseVisible = False
46.2878 	EXP 	window1: mouseVisible = False
46.3046 	EXP 	window1: mouseVisible = False
46.3215 	EXP 	window1: mouseVisible = False
46.3383 	EXP 	window1: mouseVisible = False
46.3550 	EXP 	window1: mouseVisible = False
46.3716 	EXP 	window1: mouseVisible = False
46.3879 	EXP 	window1: mouseVisible = False
46.4051 	EXP 	window1: mouseVisible = False
46.4216 	EXP 	window1: mouseVisible = False
46.4381 	EXP 	window1: mouseVisible = False
46.4546 	EXP 	window1: mouseVisible = False
46.4716 	EXP 	window1: mouseVisible = False
46.4879 	EXP 	window1: mouseVisible = False
46.5049 	EXP 	window1: mouseVisible = False
46.5218 	EXP 	window1: mouseVisible = False
46.5380 	EXP 	window1: mouseVisible = False
46.5551 	EXP 	window1: mouseVisible = False
46.5720 	EXP 	window1: mouseVisible = False
46.5886 	EXP 	window1: mouseVisible = False
46.6052 	EXP 	window1: mouseVisible = False
46.6215 	EXP 	window1: mouseVisible = False
46.6379 	EXP 	window1: mouseVisible = False
46.6547 	EXP 	window1: mouseVisible = False
46.6715 	EXP 	window1: mouseVisible = False
46.6881 	EXP 	window1: mouseVisible = False
46.7050 	EXP 	window1: mouseVisible = False
46.7214 	EXP 	window1: mouseVisible = False
46.7380 	EXP 	window1: mouseVisible = False
46.7552 	EXP 	window1: mouseVisible = False
46.7720 	EXP 	window1: mouseVisible = False
46.7886 	EXP 	window1: mouseVisible = False
46.8054 	EXP 	window1: mouseVisible = False
46.8219 	EXP 	window1: mouseVisible = False
46.8387 	EXP 	window1: mouseVisible = False
46.8556 	EXP 	window1: mouseVisible = False
46.8721 	EXP 	window1: mouseVisible = False
46.8886 	EXP 	window1: mouseVisible = False
46.9049 	EXP 	window1: mouseVisible = False
46.9216 	EXP 	window1: mouseVisible = False
46.9388 	EXP 	window1: mouseVisible = False
46.9551 	EXP 	window1: mouseVisible = False
46.9718 	EXP 	window1: mouseVisible = False
46.9887 	EXP 	window1: mouseVisible = False
47.0051 	EXP 	window1: mouseVisible = False
47.0223 	EXP 	window1: mouseVisible = False
47.0387 	EXP 	window1: mouseVisible = False
47.0549 	EXP 	blankScreen: autoDraw = False
47.0549 	EXP 	call1: autoDraw = True
47.0549 	EXP 	call2: autoDraw = True
47.0549 	EXP 	call3: autoDraw = True
47.0549 	EXP 	call4: autoDraw = True
47.0549 	EXP 	colour1: autoDraw = True
47.0549 	EXP 	colour2: autoDraw = True
47.0549 	EXP 	colour3: autoDraw = True
47.0549 	EXP 	colour4: autoDraw = True
47.0549 	EXP 	number1: autoDraw = True
47.0549 	EXP 	number2: autoDraw = True
47.0549 	EXP 	number3: autoDraw = True
47.0549 	EXP 	number4: autoDraw = True
47.0551 	EXP 	window1: mouseVisible = False
47.0554 	EXP 	window1: mouseVisible = True
47.0716 	EXP 	window1: mouseVisible = False
47.0718 	EXP 	window1: mouseVisible = True
47.0890 	EXP 	window1: mouseVisible = False
47.0894 	EXP 	window1: mouseVisible = True
47.1057 	EXP 	window1: mouseVisible = False
47.1061 	EXP 	window1: mouseVisible = True
47.1223 	EXP 	window1: mouseVisible = False
47.1227 	EXP 	window1: mouseVisible = True
47.1386 	EXP 	window1: mouseVisible = False
47.1388 	EXP 	window1: mouseVisible = True
47.1553 	EXP 	window1: mouseVisible = False
47.1556 	EXP 	window1: mouseVisible = True
47.1724 	EXP 	window1: mouseVisible = False
47.1727 	EXP 	window1: mouseVisible = True
47.1884 	EXP 	window1: mouseVisible = False
47.1886 	EXP 	window1: mouseVisible = True
47.2056 	EXP 	window1: mouseVisible = False
47.2059 	EXP 	window1: mouseVisible = True
47.2220 	EXP 	window1: mouseVisible = False
47.2223 	EXP 	window1: mouseVisible = True
47.2393 	EXP 	window1: mouseVisible = False
47.2395 	EXP 	window1: mouseVisible = True
47.2557 	EXP 	window1: mouseVisible = False
47.2560 	EXP 	window1: mouseVisible = True
47.2724 	EXP 	window1: mouseVisible = False
47.2726 	EXP 	window1: mouseVisible = True
47.2887 	EXP 	window1: mouseVisible = False
47.2890 	EXP 	window1: mouseVisible = True
47.3055 	EXP 	window1: mouseVisible = False
47.3058 	EXP 	window1: mouseVisible = True
47.3221 	EXP 	window1: mouseVisible = False
47.3224 	EXP 	window1: mouseVisible = True
47.3389 	EXP 	window1: mouseVisible = False
47.3392 	EXP 	window1: mouseVisible = True
47.3561 	EXP 	window1: mouseVisible = False
47.3564 	EXP 	window1: mouseVisible = True
47.3724 	EXP 	window1: mouseVisible = False
47.3727 	EXP 	window1: mouseVisible = True
47.3887 	EXP 	window1: mouseVisible = False
47.3890 	EXP 	window1: mouseVisible = True
47.4054 	EXP 	window1: mouseVisible = False
47.4056 	EXP 	window1: mouseVisible = True
47.4229 	EXP 	window1: mouseVisible = False
47.4232 	EXP 	window1: mouseVisible = True
47.4390 	EXP 	window1: mouseVisible = False
47.4394 	EXP 	window1: mouseVisible = True
47.4554 	EXP 	window1: mouseVisible = False
47.4556 	EXP 	window1: mouseVisible = True
47.4728 	EXP 	window1: mouseVisible = False
47.4731 	EXP 	window1: mouseVisible = True
47.4893 	EXP 	window1: mouseVisible = False
47.4896 	EXP 	window1: mouseVisible = True
47.5059 	EXP 	window1: mouseVisible = False
47.5062 	EXP 	window1: mouseVisible = True
47.5230 	EXP 	window1: mouseVisible = False
47.5233 	EXP 	window1: mouseVisible = True
47.5391 	EXP 	window1: mouseVisible = False
47.5394 	EXP 	window1: mouseVisible = True
47.5558 	EXP 	window1: mouseVisible = False
47.5560 	EXP 	window1: mouseVisible = True
47.5724 	EXP 	window1: mouseVisible = False
47.5727 	EXP 	window1: mouseVisible = True
47.5890 	EXP 	window1: mouseVisible = False
47.5892 	EXP 	window1: mouseVisible = True
47.6064 	EXP 	window1: mouseVisible = False
47.6069 	EXP 	window1: mouseVisible = True
47.6223 	EXP 	window1: mouseVisible = False
47.6225 	EXP 	window1: mouseVisible = True
47.6392 	EXP 	window1: mouseVisible = False
47.6394 	EXP 	window1: mouseVisible = True
47.6556 	EXP 	window1: mouseVisible = False
47.6561 	EXP 	window1: mouseVisible = True
47.6724 	EXP 	window1: mouseVisible = False
47.6727 	EXP 	window1: mouseVisible = True
47.6895 	EXP 	window1: mouseVisible = False
47.6898 	EXP 	window1: mouseVisible = True
47.7063 	EXP 	window1: mouseVisible = False
47.7066 	EXP 	window1: mouseVisible = True
47.7224 	EXP 	window1: mouseVisible = False
47.7227 	EXP 	window1: mouseVisible = True
47.7394 	EXP 	window1: mouseVisible = False
47.7397 	EXP 	window1: mouseVisible = True
47.7563 	EXP 	window1: mouseVisible = False
47.7565 	EXP 	window1: mouseVisible = True
47.7730 	EXP 	window1: mouseVisible = False
47.7734 	EXP 	window1: mouseVisible = True
47.7892 	EXP 	window1: mouseVisible = False
47.7895 	EXP 	window1: mouseVisible = True
47.8066 	EXP 	window1: mouseVisible = False
47.8070 	EXP 	window1: mouseVisible = True
47.8225 	EXP 	window1: mouseVisible = False
47.8227 	EXP 	window1: mouseVisible = True
47.8390 	EXP 	window1: mouseVisible = False
47.8392 	EXP 	window1: mouseVisible = True
47.8557 	EXP 	window1: mouseVisible = False
47.8560 	EXP 	window1: mouseVisible = True
47.8725 	EXP 	window1: mouseVisible = False
47.8728 	EXP 	window1: mouseVisible = True
47.8889 	EXP 	window1: mouseVisible = False
47.8892 	EXP 	window1: mouseVisible = True
47.9060 	EXP 	window1: mouseVisible = False
47.9063 	EXP 	window1: mouseVisible = True
47.9228 	EXP 	window1: mouseVisible = False
47.9230 	EXP 	window1: mouseVisible = True
47.9396 	EXP 	window1: mouseVisible = False
47.9399 	EXP 	window1: mouseVisible = True
47.9402 	DATA 	Mouse: Left button down, pos=(797,171)
47.9723 	EXP 	call1: texRes = 128
47.9723 	EXP 	call2: texRes = 128
47.9723 	EXP 	call3: texRes = 128
47.9726 	EXP 	window1: mouseVisible = False
47.9728 	EXP 	window1: mouseVisible = True
47.9894 	EXP 	window1: mouseVisible = False
47.9897 	EXP 	window1: mouseVisible = True
48.0066 	EXP 	window1: mouseVisible = False
48.0069 	EXP 	window1: mouseVisible = True
48.0227 	EXP 	window1: mouseVisible = False
48.0230 	EXP 	window1: mouseVisible = True
48.0399 	EXP 	window1: mouseVisible = False
48.0402 	EXP 	window1: mouseVisible = True
48.0563 	EXP 	window1: mouseVisible = False
48.0569 	EXP 	window1: mouseVisible = True
48.0591 	DATA 	Mouse:  Left button up, pos=(797,172)
48.0728 	EXP 	window1: mouseVisible = False
48.0730 	EXP 	window1: mouseVisible = True
48.0894 	EXP 	window1: mouseVisible = False
48.0897 	EXP 	window1: mouseVisible = True
48.1060 	EXP 	window1: mouseVisible = False
48.1062 	EXP 	window1: mouseVisible = True
48.1228 	EXP 	window1: mouseVisible = False
48.1230 	EXP 	window1: mouseVisible = True
48.1395 	EXP 	window1: mouseVisible = False
48.1398 	EXP 	window1: mouseVisible = True
48.1566 	EXP 	window1: mouseVisible = False
48.1570 	EXP 	window1: mouseVisible = True
48.1731 	EXP 	window1: mouseVisible = False
48.1734 	EXP 	window1: mouseVisible = True
48.1897 	EXP 	window1: mouseVisible = False
48.1899 	EXP 	window1: mouseVisible = True
48.2066 	EXP 	window1: mouseVisible = False
48.2071 	EXP 	window1: mouseVisible = True
48.2228 	EXP 	window1: mouseVisible = False
48.2230 	EXP 	window1: mouseVisible = True
48.2399 	EXP 	window1: mouseVisible = False
48.2401 	EXP 	window1: mouseVisible = True
48.2565 	EXP 	window1: mouseVisible = False
48.2569 	EXP 	window1: mouseVisible = True
48.2736 	EXP 	window1: mouseVisible = False
48.2739 	EXP 	window1: mouseVisible = True
48.2896 	EXP 	window1: mouseVisible = False
48.2899 	EXP 	window1: mouseVisible = True
48.3065 	EXP 	window1: mouseVisible = False
48.3067 	EXP 	window1: mouseVisible = True
48.3228 	EXP 	window1: mouseVisible = False
48.3230 	EXP 	window1: mouseVisible = True
48.3398 	EXP 	window1: mouseVisible = False
48.3403 	EXP 	window1: mouseVisible = True
48.3564 	EXP 	window1: mouseVisible = False
48.3566 	EXP 	window1: mouseVisible = True
48.3729 	EXP 	window1: mouseVisible = False
48.3731 	EXP 	window1: mouseVisible = True
48.3903 	EXP 	window1: mouseVisible = False
48.3906 	EXP 	window1: mouseVisible = True
48.4063 	EXP 	window1: mouseVisible = False
48.4066 	EXP 	window1: mouseVisible = True
48.4237 	EXP 	window1: mouseVisible = False
48.4239 	EXP 	window1: mouseVisible = True
48.4398 	EXP 	window1: mouseVisible = False
48.4403 	EXP 	window1: mouseVisible = True
48.4568 	EXP 	window1: mouseVisible = False
48.4571 	EXP 	window1: mouseVisible = True
48.4729 	EXP 	window1: mouseVisible = False
48.4731 	EXP 	window1: mouseVisible = True
48.4896 	EXP 	window1: mouseVisible = False
48.4898 	EXP 	window1: mouseVisible = True
48.5065 	EXP 	window1: mouseVisible = False
48.5068 	EXP 	window1: mouseVisible = True
48.5236 	EXP 	window1: mouseVisible = False
48.5241 	EXP 	window1: mouseVisible = True
48.5397 	EXP 	window1: mouseVisible = False
48.5400 	EXP 	window1: mouseVisible = True
48.5566 	EXP 	window1: mouseVisible = False
48.5568 	EXP 	window1: mouseVisible = True
48.5733 	EXP 	window1: mouseVisible = False
48.5736 	EXP 	window1: mouseVisible = True
48.5897 	EXP 	window1: mouseVisible = False
48.5900 	EXP 	window1: mouseVisible = True
48.6066 	EXP 	window1: mouseVisible = False
48.6068 	EXP 	window1: mouseVisible = True
48.6233 	EXP 	window1: mouseVisible = False
48.6236 	EXP 	window1: mouseVisible = True
48.6402 	EXP 	window1: mouseVisible = False
48.6408 	EXP 	window1: mouseVisible = True
48.6564 	EXP 	window1: mouseVisible = False
48.6567 	EXP 	window1: mouseVisible = True
48.6732 	EXP 	window1: mouseVisible = False
48.6735 	EXP 	window1: mouseVisible = True
48.6902 	EXP 	window1: mouseVisible = False
48.6906 	EXP 	window1: mouseVisible = True
48.7074 	EXP 	window1: mouseVisible = False
48.7079 	EXP 	window1: mouseVisible = True
48.7236 	EXP 	window1: mouseVisible = False
48.7240 	EXP 	window1: mouseVisible = True
48.7404 	EXP 	window1: mouseVisible = False
48.7407 	EXP 	window1: mouseVisible = True
48.7564 	EXP 	window1: mouseVisible = False
48.7566 	EXP 	window1: mouseVisible = True
48.7733 	EXP 	window1: mouseVisible = False
48.7735 	EXP 	window1: mouseVisible = True
48.7909 	EXP 	window1: mouseVisible = False
48.7911 	EXP 	window1: mouseVisible = True
48.8065 	EXP 	window1: mouseVisible = False
48.8067 	EXP 	window1: mouseVisible = True
48.8234 	EXP 	window1: mouseVisible = False
48.8237 	EXP 	window1: mouseVisible = True
48.8400 	EXP 	window1: mouseVisible = False
48.8403 	EXP 	window1: mouseVisible = True
48.8406 	DATA 	Mouse: Left button down, pos=(1307,1070)
48.8733 	EXP 	colour2: texRes = 128
48.8733 	EXP 	colour3: texRes = 128
48.8733 	EXP 	colour4: texRes = 128
48.8735 	EXP 	window1: mouseVisible = False
48.8739 	EXP 	window1: mouseVisible = True
48.8903 	EXP 	window1: mouseVisible = False
48.8905 	EXP 	window1: mouseVisible = True
48.9068 	EXP 	window1: mouseVisible = False
48.9073 	EXP 	window1: mouseVisible = True
48.9239 	EXP 	window1: mouseVisible = False
48.9244 	EXP 	window1: mouseVisible = True
48.9406 	EXP 	window1: mouseVisible = False
48.9410 	EXP 	window1: mouseVisible = True
48.9570 	EXP 	window1: mouseVisible = False
48.9572 	EXP 	window1: mouseVisible = True
48.9737 	EXP 	window1: mouseVisible = False
48.9739 	EXP 	window1: mouseVisible = True
48.9906 	EXP 	window1: mouseVisible = False
48.9910 	EXP 	window1: mouseVisible = True
48.9913 	DATA 	Mouse:  Left button up, pos=(1307,1071)
49.0073 	EXP 	window1: mouseVisible = False
49.0076 	EXP 	window1: mouseVisible = True
49.0234 	EXP 	window1: mouseVisible = False
49.0236 	EXP 	window1: mouseVisible = True
49.0407 	EXP 	window1: mouseVisible = False
49.0411 	EXP 	window1: mouseVisible = True
49.0573 	EXP 	window1: mouseVisible = False
49.0578 	EXP 	window1: mouseVisible = True
49.0739 	EXP 	window1: mouseVisible = False
49.0742 	EXP 	window1: mouseVisible = True
49.0905 	EXP 	window1: mouseVisible = False
49.0907 	EXP 	window1: mouseVisible = True
49.1075 	EXP 	window1: mouseVisible = False
49.1077 	EXP 	window1: mouseVisible = True
49.1237 	EXP 	window1: mouseVisible = False
49.1239 	EXP 	window1: mouseVisible = True
49.1402 	EXP 	window1: mouseVisible = False
49.1405 	EXP 	window1: mouseVisible = True
49.1577 	EXP 	window1: mouseVisible = False
49.1580 	EXP 	window1: mouseVisible = True
49.1737 	EXP 	window1: mouseVisible = False
49.1739 	EXP 	window1: mouseVisible = True
49.1903 	EXP 	window1: mouseVisible = False
49.1905 	EXP 	window1: mouseVisible = True
49.2071 	EXP 	window1: mouseVisible = False
49.2074 	EXP 	window1: mouseVisible = True
49.2246 	EXP 	window1: mouseVisible = False
49.2249 	EXP 	window1: mouseVisible = True
49.2406 	EXP 	window1: mouseVisible = False
49.2409 	EXP 	window1: mouseVisible = True
49.2571 	EXP 	window1: mouseVisible = False
49.2573 	EXP 	window1: mouseVisible = True
49.2734 	EXP 	window1: mouseVisible = False
49.2737 	EXP 	window1: mouseVisible = True
49.2902 	EXP 	window1: mouseVisible = False
49.2905 	EXP 	window1: mouseVisible = True
49.3072 	EXP 	window1: mouseVisible = False
49.3075 	EXP 	window1: mouseVisible = True
49.3238 	EXP 	window1: mouseVisible = False
49.3240 	EXP 	window1: mouseVisible = True
49.3410 	EXP 	window1: mouseVisible = False
49.3414 	EXP 	window1: mouseVisible = True
49.3571 	EXP 	window1: mouseVisible = False
49.3575 	EXP 	window1: mouseVisible = True
49.3740 	EXP 	window1: mouseVisible = False
49.3743 	EXP 	window1: mouseVisible = True
49.3906 	EXP 	window1: mouseVisible = False
49.3908 	EXP 	window1: mouseVisible = True
49.4070 	EXP 	window1: mouseVisible = False
49.4073 	EXP 	window1: mouseVisible = True
49.4238 	EXP 	window1: mouseVisible = False
49.4240 	EXP 	window1: mouseVisible = True
49.4402 	EXP 	window1: mouseVisible = False
49.4404 	EXP 	window1: mouseVisible = True
49.4581 	EXP 	window1: mouseVisible = False
49.4583 	EXP 	window1: mouseVisible = True
49.4738 	EXP 	window1: mouseVisible = False
49.4742 	EXP 	window1: mouseVisible = True
49.4906 	EXP 	window1: mouseVisible = False
49.4909 	EXP 	window1: mouseVisible = True
49.5072 	EXP 	window1: mouseVisible = False
49.5075 	EXP 	window1: mouseVisible = True
49.5239 	EXP 	window1: mouseVisible = False
49.5241 	EXP 	window1: mouseVisible = True
49.5405 	EXP 	window1: mouseVisible = False
49.5407 	EXP 	window1: mouseVisible = True
49.5575 	EXP 	window1: mouseVisible = False
49.5577 	EXP 	window1: mouseVisible = True
49.5740 	EXP 	window1: mouseVisible = False
49.5745 	EXP 	window1: mouseVisible = True
49.5903 	EXP 	window1: mouseVisible = False
49.5905 	EXP 	window1: mouseVisible = True
49.6071 	EXP 	window1: mouseVisible = False
49.6073 	EXP 	window1: mouseVisible = True
49.6238 	EXP 	window1: mouseVisible = False
49.6240 	EXP 	window1: mouseVisible = True
49.6411 	EXP 	window1: mouseVisible = False
49.6414 	EXP 	window1: mouseVisible = True
49.6572 	EXP 	window1: mouseVisible = False
49.6574 	EXP 	window1: mouseVisible = True
49.6739 	EXP 	window1: mouseVisible = False
49.6741 	EXP 	window1: mouseVisible = True
49.6909 	EXP 	window1: mouseVisible = False
49.6911 	EXP 	window1: mouseVisible = True
49.7074 	EXP 	window1: mouseVisible = False
49.7078 	EXP 	window1: mouseVisible = True
49.7244 	EXP 	window1: mouseVisible = False
49.7246 	EXP 	window1: mouseVisible = True
49.7406 	EXP 	window1: mouseVisible = False
49.7411 	EXP 	window1: mouseVisible = True
49.7419 	DATA 	Mouse: Left button down, pos=(1844,1268)
49.7568 	EXP 	New trial (rep=0, index=4): OrderedDict([('audiofile', 'audio/NV_DE_Neural2-D_Kr-ge-Vi_0.8p.wav'), ('duration', 5.3664), ('noise', 'NV'), ('voice', 'Neural2-D'), ('words', 'Kr-ge-Vi'), ('callSign', 'Kr'), ('colour', 'ge'), ('number', 'Vi'), ('levels', '0.8p'), ('file', 'DE_Neural2-D_Kr-ge-Vi.TextGrid'), ('rater', 'Rahel'), ('firstSound_tmin', 0.17712), ('lastSound_tmax', 4.622114311306552), ('token_1_tmin', 0.8400161314515392), ('token_1_tmax', 1.2908530006069945), ('token_2_tmin', 2.6575986756576144), ('token_2_tmax', 3.0180170083807774), ('token_3_tmin', 4.252446608874249), ('token_3_tmax', 4.622114311306552), ('newidx', 5), ('block', 'NV1')])
49.9552 	EXP 	window1: mouseVisible = False
49.9567 	EXP 	Sound sound_1 started
49.9571 	DATA 	Mouse:  Left button up, pos=(1843,1265)
49.9748 	EXP 	number2: texRes = 128
49.9748 	EXP 	number3: texRes = 128
49.9748 	EXP 	number4: texRes = 128
49.9748 	EXP 	blankScreenAfterResponse: autoDraw = True
49.9748 	EXP 	blankScreen: autoDraw = False
49.9748 	EXP 	call1: autoDraw = False
49.9748 	EXP 	call2: autoDraw = False
49.9748 	EXP 	call3: autoDraw = False
49.9748 	EXP 	call4: autoDraw = False
49.9748 	EXP 	colour1: autoDraw = False
49.9748 	EXP 	colour2: autoDraw = False
49.9748 	EXP 	colour3: autoDraw = False
49.9748 	EXP 	colour4: autoDraw = False
49.9748 	EXP 	number1: autoDraw = False
49.9748 	EXP 	number2: autoDraw = False
49.9748 	EXP 	number3: autoDraw = False
49.9748 	EXP 	number4: autoDraw = False
49.9748 	EXP 	blankScreenAfterResponse: autoDraw = False
49.9748 	EXP 	fixation: autoDraw = True
51.8109 	DATA 	Keypress: escape
53.8895 	EXP 	window1: mouseVisible = True
