11.0971 	WARNING 	User requested fullscreen with size [1280 1024], but screen is actually [2560, 1440]. Using actual size
13.0199 	EXP 	Created window1 = Window(allowGUI=True, allowStencil=False, autoLog=True, backendConf=UNKNOWN, bitsMode=UNKNOWN, blendMode='avg', bpc=(8, 8, 8), color=array([0, 0, 0]), colorSpace='rgb', depthBits=8, fullscr=<method-wrapper '__getattribute__' of attributeSetter object at 0x0000023A6E829670>, gamma=None, gammaErrorPolicy='raise', lms=UNKNOWN, monitor=<psychopy.monitors.calibTools.Monitor object at 0x0000023A19126DF0>, multiSample=False, name='window1', numSamples=2, pos=(0, 0), screen=0, size=array([2560, 1440]), stencilBits=0, stereo=False, units='height', useFBO=True, useRetina=False, viewOri=0.0, viewPos=None, viewScale=None, waitBlanking=True, winType='pyglet')
13.0200 	EXP 	window1: mouseVisible = True
13.0201 	EXP 	window1: mouseVisible = False
13.0201 	EXP 	window1: Attempting to measure frame rate of screen (0) ...
13.0201 	EXP 	window1: recordFrameIntervals = False
13.1862 	EXP 	window1: recordFrameIntervals = True
13.3705 	EXP 	Screen (0) actual frame rate measured at 59.67Hz
13.3705 	EXP 	window1: recordFrameIntervals = False
15.4292 	EXP 	Created instrTrainText = TextStim(__class__=<class 'psychopy.visual.text.TextStim'>, alignHoriz=method-wrapper(...), alignText='center', alignVert=method-wrapper(...), anchorHoriz='center', anchorVert='center', antialias=True, autoDraw=False, autoLog=True, bold=False, color=array([1., 1., 1.]), colorSpace='rgb', contrast=1.0, depth=-1.0, flipHoriz=False, flipVert=False, font='Arial', fontFiles=[], height=0.04, italic=False, languageStyle='LTR', name='instrTrainText', opacity=1.0, ori=0, pos=array([0., 0.]), rgb=UNKNOWN, text=str(...), units='height', win=Window(...), wrapWidth=1)
15.4316 	EXP 	Created blockStart = TextStim(__class__=<class 'psychopy.visual.text.TextStim'>, alignHoriz=method-wrapper(...), alignText='center', alignVert=method-wrapper(...), anchorHoriz='center', anchorVert='center', antialias=True, autoDraw=False, autoLog=True, bold=False, color=array([1., 1., 1.]), colorSpace='rgb', contrast=1.0, depth=0.0, flipHoriz=False, flipVert=False, font='Arial', fontFiles=[], height=0.04, italic=False, languageStyle='LTR', name='blockStart', opacity=1.0, ori=0, pos=array([0., 0.]), rgb=UNKNOWN, text='Begin  block ', units='height', win=Window(...), wrapWidth=1)
16.7276 	EXP 	Sound sound_1 set volume 1.000
16.7377 	EXP 	Created fixation = ShapeStim(__class__=<class 'psychopy.visual.shape.ShapeStim'>, anchor=('center', 'center'), autoDraw=False, autoLog=True, closeShape=True, color=method-wrapper(...), colorSpace='rgb', contrast=None, depth=-2.0, fillColor=array([1, 1, 1]), fillColorSpace='rgb', fillRGB=array([1, 1, 1]), interpolate=True, lineColor=array([1., 1., 1.]), lineColorSpace='rgb', lineRGB=array([1, 1, 1]), lineWidth=0.5, name='fixation', opacity=0.75, ori=0.0, pos=array([0., 0.]), size=array([0.05, 0.05]), units='height', vertices=ndarray(...), win=Window(...), windingRule=None)
16.8471 	EXP 	Created screenAfterAudio = ImageStim(__class__=<class 'psychopy.visual.image.ImageStim'>, anchor=('center', 'center'), autoLog=True, color=array([1., 1., 1.]), colorSpace='rgb', contrast=1.0, depth=-4.0, flipHoriz=False, flipVert=False, image='images/grayScreen.png', interpolate=True, mask=None, maskParams=None, name='screenAfterAudio', opacity=1.0, ori=0.0, pos=array([0., 0.]), size=array([0.5, 0.5]), texRes=128.0, units='height', win=Window(...))
16.8627 	EXP 	Created blankScreen = ImageStim(__class__=<class 'psychopy.visual.image.ImageStim'>, anchor=('center', 'center'), autoLog=True, color=array([1., 1., 1.]), colorSpace='rgb', contrast=1.0, depth=-4.0, flipHoriz=False, flipVert=False, image='images/grayScreen.png', interpolate=True, mask=None, maskParams=None, name='blankScreen', opacity=1.0, ori=0.0, pos=array([0., 0.]), size=array([1920., 1080.]), texRes=128, units='height', win=Window(...))
16.9725 	EXP 	Created call1 = ImageStim(__class__=<class 'psychopy.visual.image.ImageStim'>, anchor=('center', 'center'), autoLog=True, color=array([1., 1., 1.]), colorSpace='rgb', contrast=1.0, depth=-5.0, flipHoriz=False, flipVert=False, image='images/adler.png', interpolate=True, mask=None, maskParams=None, name='call1', opacity=1.0, ori=0.0, pos=array([-0.4   ,  0.3125]), size=array([0.18, 0.18]), texRes=128, units='height', win=Window(...))
17.0818 	EXP 	Created call2 = ImageStim(__class__=<class 'psychopy.visual.image.ImageStim'>, anchor=('center', 'center'), autoLog=True, color=array([1., 1., 1.]), colorSpace='rgb', contrast=1.0, depth=-6.0, flipHoriz=False, flipVert=False, image='images/drossel.png', interpolate=True, mask=None, maskParams=None, name='call2', opacity=1.0, ori=0.0, pos=array([-0.4       ,  0.10416667]), size=array([0.18, 0.18]), texRes=128, units='height', win=Window(...))
17.1908 	EXP 	Created call3 = ImageStim(__class__=<class 'psychopy.visual.image.ImageStim'>, anchor=('center', 'center'), autoLog=True, color=array([1., 1., 1.]), colorSpace='rgb', contrast=1.0, depth=-7.0, flipHoriz=False, flipVert=False, image='images/tiger.png', interpolate=True, mask=None, maskParams=None, name='call3', opacity=1.0, ori=0.0, pos=array([-0.4       , -0.10416667]), size=array([0.18, 0.18]), texRes=128, units='height', win=Window(...))
17.3034 	EXP 	Created call4 = ImageStim(__class__=<class 'psychopy.visual.image.ImageStim'>, anchor=('center', 'center'), autoLog=True, color=array([1., 1., 1.]), colorSpace='rgb', contrast=1.0, depth=-8.0, flipHoriz=False, flipVert=False, image='images/kroete.png', interpolate=True, mask=None, maskParams=None, name='call4', opacity=1.0, ori=0.0, pos=array([-0.4   , -0.3125]), size=array([0.18, 0.18]), texRes=128, units='height', win=Window(...))
17.4215 	EXP 	Created colour1 = ImageStim(__class__=<class 'psychopy.visual.image.ImageStim'>, anchor=('center', 'center'), autoLog=True, color=array([1., 1., 1.]), colorSpace='rgb', contrast=1.0, depth=-9.0, flipHoriz=False, flipVert=False, image='images/gelb.png', interpolate=True, mask=None, maskParams=None, name='colour1', opacity=1.0, ori=0.0, pos=array([0.    , 0.3125]), size=array([0.18, 0.18]), texRes=128, units='height', win=Window(...))
17.5316 	EXP 	Created colour2 = ImageStim(__class__=<class 'psychopy.visual.image.ImageStim'>, anchor=('center', 'center'), autoLog=True, color=array([1., 1., 1.]), colorSpace='rgb', contrast=1.0, depth=-10.0, flipHoriz=False, flipVert=False, image='images/gruen.png', interpolate=True, mask=None, maskParams=None, name='colour2', opacity=1.0, ori=0.0, pos=array([0.        , 0.10416667]), size=array([0.18, 0.18]), texRes=128, units='height', win=Window(...))
17.6416 	EXP 	Created colour3 = ImageStim(__class__=<class 'psychopy.visual.image.ImageStim'>, anchor=('center', 'center'), autoLog=True, color=array([1., 1., 1.]), colorSpace='rgb', contrast=1.0, depth=-11.0, flipHoriz=False, flipVert=False, image='images/rot.png', interpolate=True, mask=None, maskParams=None, name='colour3', opacity=1.0, ori=0.0, pos=array([ 0.        , -0.10416667]), size=array([0.18, 0.18]), texRes=128, units='height', win=Window(...))
17.7510 	EXP 	Created colour4 = ImageStim(__class__=<class 'psychopy.visual.image.ImageStim'>, anchor=('center', 'center'), autoLog=True, color=array([1., 1., 1.]), colorSpace='rgb', contrast=1.0, depth=-12.0, flipHoriz=False, flipVert=False, image='images/weiss.png', interpolate=True, mask=None, maskParams=None, name='colour4', opacity=1.0, ori=0.0, pos=array([ 0.    , -0.3125]), size=array([0.18, 0.18]), texRes=128, units='height', win=Window(...))
17.8597 	EXP 	Created number1 = ImageStim(__class__=<class 'psychopy.visual.image.ImageStim'>, anchor=('center', 'center'), autoLog=True, color=array([1., 1., 1.]), colorSpace='rgb', contrast=1.0, depth=-13.0, flipHoriz=False, flipVert=False, image='images/1.png', interpolate=True, mask=None, maskParams=None, name='number1', opacity=1.0, ori=0.0, pos=array([0.4   , 0.3125]), size=array([0.18, 0.18]), texRes=128, units='height', win=Window(...))
18.0035 	EXP 	Created number2 = ImageStim(__class__=<class 'psychopy.visual.image.ImageStim'>, anchor=('center', 'center'), autoLog=True, color=array([1., 1., 1.]), colorSpace='rgb', contrast=1.0, depth=-14.0, flipHoriz=False, flipVert=False, image='images/2.png', interpolate=True, mask=None, maskParams=None, name='number2', opacity=1.0, ori=0.0, pos=array([0.4       , 0.10416667]), size=array([0.18, 0.18]), texRes=128, units='height', win=Window(...))
18.1847 	EXP 	Created number3 = ImageStim(__class__=<class 'psychopy.visual.image.ImageStim'>, anchor=('center', 'center'), autoLog=True, color=array([1., 1., 1.]), colorSpace='rgb', contrast=1.0, depth=-15.0, flipHoriz=False, flipVert=False, image='images/3.png', interpolate=True, mask=None, maskParams=None, name='number3', opacity=1.0, ori=0.0, pos=array([ 0.4       , -0.10416667]), size=array([0.18, 0.18]), texRes=128, units='height', win=Window(...))
18.2956 	EXP 	Created number4 = ImageStim(__class__=<class 'psychopy.visual.image.ImageStim'>, anchor=('center', 'center'), autoLog=True, color=array([1., 1., 1.]), colorSpace='rgb', contrast=1.0, depth=-16.0, flipHoriz=False, flipVert=False, image='images/4.png', interpolate=True, mask=None, maskParams=None, name='number4', opacity=1.0, ori=0.0, pos=array([ 0.4   , -0.3125]), size=array([0.18, 0.18]), texRes=128, units='height', win=Window(...))
18.2957 	EXP 	window1: mouseVisible = True
18.2957 	EXP 	window1: mouseVisible = True
18.2958 	EXP 	window1: mouseVisible = True
18.4299 	EXP 	Created blankScreenAfterResponse = ImageStim(__class__=<class 'psychopy.visual.image.ImageStim'>, anchor=('center', 'center'), autoLog=True, color=array([1., 1., 1.]), colorSpace='rgb', contrast=1.0, depth=-25.0, flipHoriz=False, flipVert=False, image='images/blankScreen.png', interpolate=True, mask=None, maskParams=None, name='blankScreenAfterResponse', opacity=1.0, ori=0.0, pos=array([0., 0.]), size=array([1920., 1080.]), texRes=128, units='height', win=Window(...))
18.4395 	EXP 	Created thanksText = TextStim(__class__=<class 'psychopy.visual.text.TextStim'>, alignHoriz=method-wrapper(...), alignText='center', alignVert=method-wrapper(...), anchorHoriz='center', anchorVert='center', antialias=True, autoDraw=False, autoLog=True, bold=False, color=array([1., 1., 1.]), colorSpace='rgb', contrast=1.0, depth=0.0, flipHoriz=False, flipVert=False, font='Arial', fontFiles=[], height=0.04, italic=False, languageStyle='LTR', name='thanksText', opacity=1.0, ori=0, pos=array([0., 0.]), rgb=UNKNOWN, text=str(...), units='height', win=Window(...), wrapWidth=1)
18.4396 	EXP 	window1: mouseVisible = False
18.4554 	EXP 	instrTrainText: autoDraw = True
19.5814 	EXP 	Imported order1.csv as conditions, 4 conditions, 1 params
19.5825 	EXP 	Created sequence: sequential, trialTypes=4, nReps=1, seed=None
19.5828 	EXP 	New trial (rep=0, index=0): OrderedDict([('condsFile', 'flow\\tts-golang-selected_PsyPySEQ_NV1.csv')])
19.5894 	EXP 	instrTrainText: autoDraw = False
19.5894 	EXP 	blockStart: autoDraw = True
19.8887 	EXP 	Imported flow\tts-golang-selected_PsyPySEQ_NV1.csv as conditions, 96 conditions, 26 params
19.8897 	EXP 	Created sequence: random, trialTypes=96, nReps=1, seed=None
19.8902 	EXP 	New trial (rep=0, index=0): OrderedDict([('audiofile', 'audio/NV_DE_Neural2-D_Kr-gr-Ei_0.7p.wav'), ('duration', 5.6275), ('noise', 'NV'), ('voice', 'Neural2-D'), ('words', 'Kr-gr-Ei'), ('callSign', 'Kr'), ('colour', 'gr'), ('number', 'Ei'), ('levels', '0.7p'), ('trigger_start', 100), ('trigger_end', 101), ('trigger_call', 113), ('trigger_col', 122), ('trigger_num', 131), ('file', 'DE_Neural2-D_Kr-gr-Ei.TextGrid'), ('firstSound_tmin', 0.17712), ('lastSound_tmax', 4.887801438666667), ('token_1_tmin', 0.8296706986666668), ('token_1_tmax', 1.292363874), ('token_2_tmin', 2.6996133163333336), ('token_2_tmax', 3.1151457616666662), ('token_3_tmin', 4.417038116333333), ('token_3_tmax', 4.887801438666667), ('rater', 'mean'), ('newidx', 12), ('block', 'NV1')])
19.9316 	EXP 	window1: mouseVisible = False
19.9414 	EXP 	Sound sound_1 started
19.9397 	EXP 	blockStart: autoDraw = False
19.9397 	EXP 	fixation: autoDraw = True
25.1146 	EXP 	Sound sound_1 reached end of file
25.1625 	EXP 	window1: mouseVisible = False
25.1777 	EXP 	fixation: autoDraw = False
25.1777 	EXP 	screenAfterAudio: autoDraw = True
25.1777 	EXP 	screenAfterAudio: autoDraw = False
25.1777 	EXP 	fixation: autoDraw = False
25.1777 	EXP 	screenAfterAudio: autoDraw = False
25.1777 	EXP 	call1: texRes = 128
25.1777 	EXP 	call2: texRes = 128
25.1777 	EXP 	call3: texRes = 128
25.1777 	EXP 	call4: texRes = 128
25.1777 	EXP 	colour1: texRes = 128
25.1777 	EXP 	colour2: texRes = 128
25.1777 	EXP 	colour3: texRes = 128
25.1777 	EXP 	colour4: texRes = 128
25.1777 	EXP 	number1: texRes = 128
25.1777 	EXP 	number2: texRes = 128
25.1777 	EXP 	number3: texRes = 128
25.1777 	EXP 	number4: texRes = 128
25.1777 	EXP 	blankScreen: autoDraw = True
25.1780 	EXP 	window1: mouseVisible = False
25.1949 	EXP 	window1: mouseVisible = False
25.2117 	EXP 	window1: mouseVisible = False
25.2280 	EXP 	window1: mouseVisible = False
25.2443 	EXP 	window1: mouseVisible = False
25.2618 	EXP 	window1: mouseVisible = False
25.2785 	EXP 	window1: mouseVisible = False
25.2950 	EXP 	window1: mouseVisible = False
25.3111 	EXP 	window1: mouseVisible = False
25.3285 	EXP 	window1: mouseVisible = False
25.3451 	EXP 	window1: mouseVisible = False
25.3618 	EXP 	window1: mouseVisible = False
25.3787 	EXP 	window1: mouseVisible = False
25.3951 	EXP 	window1: mouseVisible = False
25.4121 	EXP 	window1: mouseVisible = False
25.4280 	EXP 	window1: mouseVisible = False
25.4455 	EXP 	window1: mouseVisible = False
25.4616 	EXP 	window1: mouseVisible = False
25.4786 	EXP 	window1: mouseVisible = False
25.4952 	EXP 	window1: mouseVisible = False
25.5115 	EXP 	window1: mouseVisible = False
25.5279 	EXP 	window1: mouseVisible = False
25.5453 	EXP 	window1: mouseVisible = False
25.5620 	EXP 	window1: mouseVisible = False
25.5782 	EXP 	window1: mouseVisible = False
25.5947 	EXP 	window1: mouseVisible = False
25.6115 	EXP 	window1: mouseVisible = False
25.6280 	EXP 	window1: mouseVisible = False
25.6453 	EXP 	window1: mouseVisible = False
25.6620 	EXP 	window1: mouseVisible = False
25.6779 	EXP 	window1: mouseVisible = False
25.6947 	EXP 	window1: mouseVisible = False
25.7123 	EXP 	window1: mouseVisible = False
25.7286 	EXP 	window1: mouseVisible = False
25.7457 	EXP 	window1: mouseVisible = False
25.7620 	EXP 	window1: mouseVisible = False
25.7787 	EXP 	window1: mouseVisible = False
25.7955 	EXP 	window1: mouseVisible = False
25.8117 	EXP 	window1: mouseVisible = False
25.8282 	EXP 	window1: mouseVisible = False
25.8448 	EXP 	window1: mouseVisible = False
25.8616 	EXP 	window1: mouseVisible = False
25.8781 	EXP 	window1: mouseVisible = False
25.8955 	EXP 	window1: mouseVisible = False
25.9120 	EXP 	window1: mouseVisible = False
25.9290 	EXP 	window1: mouseVisible = False
25.9454 	EXP 	window1: mouseVisible = False
25.9618 	EXP 	window1: mouseVisible = False
25.9791 	EXP 	window1: mouseVisible = False
25.9954 	EXP 	window1: mouseVisible = False
26.0121 	EXP 	window1: mouseVisible = False
26.0291 	EXP 	window1: mouseVisible = False
26.0458 	EXP 	window1: mouseVisible = False
26.0624 	EXP 	window1: mouseVisible = False
26.0793 	EXP 	window1: mouseVisible = False
26.0957 	EXP 	window1: mouseVisible = False
26.1117 	EXP 	window1: mouseVisible = False
26.1284 	EXP 	window1: mouseVisible = False
26.1457 	EXP 	window1: mouseVisible = False
26.1623 	EXP 	window1: mouseVisible = False
26.1782 	EXP 	blankScreen: autoDraw = False
26.1782 	EXP 	call1: autoDraw = True
26.1782 	EXP 	call2: autoDraw = True
26.1782 	EXP 	call3: autoDraw = True
26.1782 	EXP 	call4: autoDraw = True
26.1782 	EXP 	colour1: autoDraw = True
26.1782 	EXP 	colour2: autoDraw = True
26.1782 	EXP 	colour3: autoDraw = True
26.1782 	EXP 	colour4: autoDraw = True
26.1782 	EXP 	number1: autoDraw = True
26.1782 	EXP 	number2: autoDraw = True
26.1782 	EXP 	number3: autoDraw = True
26.1782 	EXP 	number4: autoDraw = True
26.1784 	EXP 	window1: mouseVisible = False
26.1785 	EXP 	window1: mouseVisible = True
26.1957 	EXP 	window1: mouseVisible = False
26.1958 	EXP 	window1: mouseVisible = True
26.2124 	EXP 	window1: mouseVisible = False
26.2124 	EXP 	window1: mouseVisible = True
26.2287 	EXP 	window1: mouseVisible = False
26.2287 	EXP 	window1: mouseVisible = True
26.2457 	EXP 	window1: mouseVisible = False
26.2457 	EXP 	window1: mouseVisible = True
26.2626 	EXP 	window1: mouseVisible = False
26.2627 	EXP 	window1: mouseVisible = True
26.2794 	EXP 	window1: mouseVisible = False
26.2795 	EXP 	window1: mouseVisible = True
26.2958 	EXP 	window1: mouseVisible = False
26.2959 	EXP 	window1: mouseVisible = True
26.3128 	EXP 	window1: mouseVisible = False
26.3129 	EXP 	window1: mouseVisible = True
26.3291 	EXP 	window1: mouseVisible = False
26.3292 	EXP 	window1: mouseVisible = True
26.3458 	EXP 	window1: mouseVisible = False
26.3460 	EXP 	window1: mouseVisible = True
26.3626 	EXP 	window1: mouseVisible = False
26.3627 	EXP 	window1: mouseVisible = True
26.3785 	EXP 	window1: mouseVisible = False
26.3785 	EXP 	window1: mouseVisible = True
26.3956 	EXP 	window1: mouseVisible = False
26.3956 	EXP 	window1: mouseVisible = True
26.4118 	EXP 	window1: mouseVisible = False
26.4119 	EXP 	window1: mouseVisible = True
26.4286 	EXP 	window1: mouseVisible = False
26.4287 	EXP 	window1: mouseVisible = True
26.4453 	EXP 	window1: mouseVisible = False
26.4453 	EXP 	window1: mouseVisible = True
26.4624 	EXP 	window1: mouseVisible = False
26.4624 	EXP 	window1: mouseVisible = True
26.4788 	EXP 	window1: mouseVisible = False
26.4788 	EXP 	window1: mouseVisible = True
26.4957 	EXP 	window1: mouseVisible = False
26.4957 	EXP 	window1: mouseVisible = True
26.5122 	EXP 	window1: mouseVisible = False
26.5123 	EXP 	window1: mouseVisible = True
26.5296 	EXP 	window1: mouseVisible = False
26.5297 	EXP 	window1: mouseVisible = True
26.5461 	EXP 	window1: mouseVisible = False
26.5462 	EXP 	window1: mouseVisible = True
26.5627 	EXP 	window1: mouseVisible = False
26.5628 	EXP 	window1: mouseVisible = True
26.5791 	EXP 	window1: mouseVisible = False
26.5791 	EXP 	window1: mouseVisible = True
26.5960 	EXP 	window1: mouseVisible = False
26.5960 	EXP 	window1: mouseVisible = True
26.6120 	EXP 	window1: mouseVisible = False
26.6121 	EXP 	window1: mouseVisible = True
26.6292 	EXP 	window1: mouseVisible = False
26.6292 	EXP 	window1: mouseVisible = True
26.6464 	EXP 	window1: mouseVisible = False
26.6464 	EXP 	window1: mouseVisible = True
26.6628 	EXP 	window1: mouseVisible = False
26.6629 	EXP 	window1: mouseVisible = True
26.6794 	EXP 	window1: mouseVisible = False
26.6795 	EXP 	window1: mouseVisible = True
26.6960 	EXP 	window1: mouseVisible = False
26.6961 	EXP 	window1: mouseVisible = True
26.7128 	EXP 	window1: mouseVisible = False
26.7128 	EXP 	window1: mouseVisible = True
26.7299 	EXP 	window1: mouseVisible = False
26.7300 	EXP 	window1: mouseVisible = True
26.7462 	EXP 	window1: mouseVisible = False
26.7463 	EXP 	window1: mouseVisible = True
26.7627 	EXP 	window1: mouseVisible = False
26.7628 	EXP 	window1: mouseVisible = True
26.7648 	DATA 	Mouse: Left button down, pos=(824,497)
26.7966 	EXP 	call1: texRes = 128
26.7966 	EXP 	call2: texRes = 128
26.7966 	EXP 	call4: texRes = 128
26.7969 	EXP 	window1: mouseVisible = False
26.7971 	EXP 	window1: mouseVisible = True
26.8129 	EXP 	window1: mouseVisible = False
26.8133 	EXP 	window1: mouseVisible = True
26.8302 	EXP 	window1: mouseVisible = False
26.8306 	EXP 	window1: mouseVisible = True
26.8468 	EXP 	window1: mouseVisible = False
26.8472 	EXP 	window1: mouseVisible = True
26.8633 	EXP 	window1: mouseVisible = False
26.8638 	EXP 	window1: mouseVisible = True
26.8797 	EXP 	window1: mouseVisible = False
26.8799 	EXP 	window1: mouseVisible = True
26.8801 	DATA 	Mouse:  Left button up, pos=(823,498)
26.8971 	EXP 	window1: mouseVisible = False
26.8973 	EXP 	window1: mouseVisible = True
26.9130 	EXP 	window1: mouseVisible = False
26.9132 	EXP 	window1: mouseVisible = True
26.9298 	EXP 	window1: mouseVisible = False
26.9300 	EXP 	window1: mouseVisible = True
26.9466 	EXP 	window1: mouseVisible = False
26.9468 	EXP 	window1: mouseVisible = True
26.9631 	EXP 	window1: mouseVisible = False
26.9633 	EXP 	window1: mouseVisible = True
26.9795 	EXP 	window1: mouseVisible = False
26.9798 	EXP 	window1: mouseVisible = True
26.9960 	EXP 	window1: mouseVisible = False
26.9962 	EXP 	window1: mouseVisible = True
27.0127 	EXP 	window1: mouseVisible = False
27.0130 	EXP 	window1: mouseVisible = True
27.0293 	EXP 	window1: mouseVisible = False
27.0295 	EXP 	window1: mouseVisible = True
27.0464 	EXP 	window1: mouseVisible = False
27.0468 	EXP 	window1: mouseVisible = True
27.0632 	EXP 	window1: mouseVisible = False
27.0636 	EXP 	window1: mouseVisible = True
27.0797 	EXP 	window1: mouseVisible = False
27.0801 	EXP 	window1: mouseVisible = True
27.0959 	EXP 	window1: mouseVisible = False
27.0961 	EXP 	window1: mouseVisible = True
27.1134 	EXP 	window1: mouseVisible = False
27.1138 	EXP 	window1: mouseVisible = True
27.1300 	EXP 	window1: mouseVisible = False
27.1302 	EXP 	window1: mouseVisible = True
27.1460 	EXP 	window1: mouseVisible = False
27.1462 	EXP 	window1: mouseVisible = True
27.1628 	EXP 	window1: mouseVisible = False
27.1631 	EXP 	window1: mouseVisible = True
27.1633 	DATA 	Mouse: Left button down, pos=(1141,513)
27.1795 	EXP 	window1: mouseVisible = False
27.1797 	EXP 	window1: mouseVisible = True
27.1960 	EXP 	window1: mouseVisible = False
27.1962 	EXP 	window1: mouseVisible = True
27.2135 	EXP 	window1: mouseVisible = False
27.2137 	EXP 	window1: mouseVisible = True
27.2300 	EXP 	window1: mouseVisible = False
27.2302 	EXP 	window1: mouseVisible = True
27.2462 	EXP 	window1: mouseVisible = False
27.2464 	EXP 	window1: mouseVisible = True
27.2628 	EXP 	window1: mouseVisible = False
27.2631 	EXP 	window1: mouseVisible = True
27.2634 	DATA 	Mouse:  Left button up, pos=(1143,512)
27.2793 	EXP 	window1: mouseVisible = False
27.2796 	EXP 	window1: mouseVisible = True
27.2964 	EXP 	window1: mouseVisible = False
27.2967 	EXP 	window1: mouseVisible = True
27.3129 	EXP 	window1: mouseVisible = False
27.3132 	EXP 	window1: mouseVisible = True
27.3298 	EXP 	window1: mouseVisible = False
27.3302 	EXP 	window1: mouseVisible = True
27.3469 	EXP 	window1: mouseVisible = False
27.3473 	EXP 	window1: mouseVisible = True
27.3629 	EXP 	window1: mouseVisible = False
27.3633 	EXP 	window1: mouseVisible = True
27.3800 	EXP 	window1: mouseVisible = False
27.3803 	EXP 	window1: mouseVisible = True
27.3968 	EXP 	window1: mouseVisible = False
27.3971 	EXP 	window1: mouseVisible = True
27.4128 	EXP 	window1: mouseVisible = False
27.4131 	EXP 	window1: mouseVisible = True
27.4301 	EXP 	window1: mouseVisible = False
27.4303 	EXP 	window1: mouseVisible = True
27.4464 	EXP 	window1: mouseVisible = False
27.4466 	EXP 	window1: mouseVisible = True
27.4468 	DATA 	Mouse: Left button down, pos=(1321,496)
27.4793 	EXP 	colour1: texRes = 128
27.4793 	EXP 	colour2: texRes = 128
27.4793 	EXP 	colour4: texRes = 128
27.4795 	EXP 	window1: mouseVisible = False
27.4797 	EXP 	window1: mouseVisible = True
27.4963 	EXP 	window1: mouseVisible = False
27.4966 	EXP 	window1: mouseVisible = True
27.5138 	EXP 	window1: mouseVisible = False
27.5142 	EXP 	window1: mouseVisible = True
27.5298 	EXP 	window1: mouseVisible = False
27.5301 	EXP 	window1: mouseVisible = True
27.5470 	EXP 	window1: mouseVisible = False
27.5475 	EXP 	window1: mouseVisible = True
27.5479 	DATA 	Mouse:  Left button up, pos=(1321,496)
27.5631 	EXP 	window1: mouseVisible = False
27.5634 	EXP 	window1: mouseVisible = True
27.5803 	EXP 	window1: mouseVisible = False
27.5807 	EXP 	window1: mouseVisible = True
27.5965 	EXP 	window1: mouseVisible = False
27.5967 	EXP 	window1: mouseVisible = True
27.6136 	EXP 	window1: mouseVisible = False
27.6140 	EXP 	window1: mouseVisible = True
27.6305 	EXP 	window1: mouseVisible = False
27.6307 	EXP 	window1: mouseVisible = True
27.6470 	EXP 	window1: mouseVisible = False
27.6472 	EXP 	window1: mouseVisible = True
27.6638 	EXP 	window1: mouseVisible = False
27.6640 	EXP 	window1: mouseVisible = True
27.6797 	EXP 	window1: mouseVisible = False
27.6798 	EXP 	window1: mouseVisible = True
27.6965 	EXP 	window1: mouseVisible = False
27.6966 	EXP 	window1: mouseVisible = True
27.7137 	EXP 	window1: mouseVisible = False
27.7139 	EXP 	window1: mouseVisible = True
27.7306 	EXP 	window1: mouseVisible = False
27.7309 	EXP 	window1: mouseVisible = True
27.7469 	EXP 	window1: mouseVisible = False
27.7472 	EXP 	window1: mouseVisible = True
27.7639 	EXP 	window1: mouseVisible = False
27.7644 	EXP 	window1: mouseVisible = True
27.7805 	EXP 	window1: mouseVisible = False
27.7809 	EXP 	window1: mouseVisible = True
27.7967 	EXP 	window1: mouseVisible = False
27.7970 	EXP 	window1: mouseVisible = True
27.8133 	EXP 	window1: mouseVisible = False
27.8135 	EXP 	window1: mouseVisible = True
27.8138 	DATA 	Mouse: Left button down, pos=(1724,549)
27.8308 	EXP 	window1: mouseVisible = False
27.8313 	EXP 	window1: mouseVisible = True
27.8472 	EXP 	window1: mouseVisible = False
27.8475 	EXP 	window1: mouseVisible = True
27.8637 	EXP 	window1: mouseVisible = False
27.8640 	EXP 	window1: mouseVisible = True
27.8801 	EXP 	window1: mouseVisible = False
27.8807 	EXP 	window1: mouseVisible = True
27.8810 	DATA 	Mouse:  Left button up, pos=(1726,549)
27.8971 	EXP 	window1: mouseVisible = False
27.8975 	EXP 	window1: mouseVisible = True
27.9138 	EXP 	window1: mouseVisible = False
27.9142 	EXP 	window1: mouseVisible = True
27.9302 	EXP 	window1: mouseVisible = False
27.9307 	EXP 	window1: mouseVisible = True
27.9466 	EXP 	window1: mouseVisible = False
27.9468 	EXP 	window1: mouseVisible = True
27.9637 	EXP 	window1: mouseVisible = False
27.9639 	EXP 	window1: mouseVisible = True
27.9801 	EXP 	window1: mouseVisible = False
27.9803 	EXP 	window1: mouseVisible = True
27.9966 	EXP 	window1: mouseVisible = False
27.9969 	EXP 	window1: mouseVisible = True
28.0134 	EXP 	window1: mouseVisible = False
28.0137 	EXP 	window1: mouseVisible = True
28.0305 	EXP 	window1: mouseVisible = False
28.0308 	EXP 	window1: mouseVisible = True
28.0469 	EXP 	window1: mouseVisible = False
28.0472 	EXP 	window1: mouseVisible = True
28.0477 	DATA 	Mouse: Left button down, pos=(1779,564)
28.0638 	EXP 	New trial (rep=0, index=1): OrderedDict([('audiofile', 'audio/NV_DE_Neural2-D_Dr-gr-Dr_0.8p.wav'), ('duration', 5.3868), ('noise', 'NV'), ('voice', 'Neural2-D'), ('words', 'Dr-gr-Dr'), ('callSign', 'Dr'), ('colour', 'gr'), ('number', 'Dr'), ('levels', '0.8p'), ('trigger_start', 100), ('trigger_end', 101), ('trigger_call', 112), ('trigger_col', 122), ('trigger_num', 133), ('file', 'DE_Neural2-D_Dr-gr-Dr.TextGrid'), ('firstSound_tmin', 0.16712), ('lastSound_tmax', 4.632784757333333), ('token_1_tmin', 0.83930312), ('token_1_tmax', 1.3121020120000002), ('token_2_tmin', 2.687137225666667), ('token_2_tmax', 3.093036977), ('token_3_tmin', 4.368038200333333), ('token_3_tmax', 4.632784757333333), ('rater', 'mean'), ('newidx', 1), ('block', 'NV1')])
28.1782 	EXP 	window1: mouseVisible = False
28.1815 	EXP 	Sound sound_1 started
28.1800 	DATA 	Mouse:  Left button up, pos=(1781,564)
28.1977 	EXP 	number1: texRes = 128
28.1977 	EXP 	number2: texRes = 128
28.1977 	EXP 	number4: texRes = 128
28.1977 	EXP 	blankScreenAfterResponse: autoDraw = True
28.1977 	EXP 	blankScreen: autoDraw = False
28.1977 	EXP 	call1: autoDraw = False
28.1977 	EXP 	call2: autoDraw = False
28.1977 	EXP 	call3: autoDraw = False
28.1977 	EXP 	call4: autoDraw = False
28.1977 	EXP 	colour1: autoDraw = False
28.1977 	EXP 	colour2: autoDraw = False
28.1977 	EXP 	colour3: autoDraw = False
28.1977 	EXP 	colour4: autoDraw = False
28.1977 	EXP 	number1: autoDraw = False
28.1977 	EXP 	number2: autoDraw = False
28.1977 	EXP 	number3: autoDraw = False
28.1977 	EXP 	number4: autoDraw = False
28.1977 	EXP 	blankScreenAfterResponse: autoDraw = False
28.1977 	EXP 	fixation: autoDraw = True
30.3507 	DATA 	Keypress: escape
31.2953 	EXP 	window1: mouseVisible = True
