6.8907 	EXP 	Created window1 = Window(allowGUI=True, allowStencil=False, autoLog=True, backendConf=UNKNOWN, bitsMode=UNKNOWN, blendMode='avg', bpc=(8, 8, 8), color=array([0, 0, 0]), colorSpace='rgb', depthBits=8, fullscr=<method-wrapper '__getattribute__' of attributeSetter object at 0x000002277CF5F340>, gamma=None, gammaErrorPolicy='raise', lms=UNKNOWN, monitor=<psychopy.monitors.calibTools.Monitor object at 0x0000022724A7AFD0>, multiSample=False, name='window1', numSamples=2, pos=(0, 0), screen=0, size=array([2560, 1440]), stencilBits=0, stereo=False, units='height', useFBO=True, useRetina=False, viewOri=0.0, viewPos=None, viewScale=None, waitBlanking=True, winType='pyglet')
6.8908 	EXP 	window1: mouseVisible = True
6.8909 	EXP 	window1: mouseVisible = False
6.8909 	EXP 	window1: Attempting to measure frame rate of screen (0) ...
6.8909 	EXP 	window1: recordFrameIntervals = False
7.0579 	EXP 	window1: recordFrameIntervals = True
7.2409 	EXP 	Screen (0) actual frame rate measured at 60.06Hz
7.2409 	EXP 	window1: recordFrameIntervals = False
8.8772 	EXP 	Created instrTrainText = TextStim(__class__=<class 'psychopy.visual.text.TextStim'>, alignHoriz=method-wrapper(...), alignText='center', alignVert=method-wrapper(...), anchorHoriz='center', anchorVert='center', antialias=True, autoDraw=False, autoLog=True, bold=False, color=array([1., 1., 1.]), colorSpace='rgb', contrast=1.0, depth=-1.0, flipHoriz=False, flipVert=False, font='Arial', fontFiles=[], height=0.04, italic=False, languageStyle='LTR', name='instrTrainText', opacity=1.0, ori=0, pos=array([0., 0.]), rgb=UNKNOWN, text=str(...), units='height', win=Window(...), wrapWidth=1)
8.8795 	EXP 	Created blockStart = TextStim(__class__=<class 'psychopy.visual.text.TextStim'>, alignHoriz=method-wrapper(...), alignText='center', alignVert=method-wrapper(...), anchorHoriz='center', anchorVert='center', antialias=True, autoDraw=False, autoLog=True, bold=False, color=array([1., 1., 1.]), colorSpace='rgb', contrast=1.0, depth=0.0, flipHoriz=False, flipVert=False, font='Arial', fontFiles=[], height=0.04, italic=False, languageStyle='LTR', name='blockStart', opacity=1.0, ori=0, pos=array([0., 0.]), rgb=UNKNOWN, text='Begin  block ', units='height', win=Window(...), wrapWidth=1)
10.2761 	EXP 	Sound sound_1 set volume 1.000
10.2800 	EXP 	Created fixation = ShapeStim(__class__=<class 'psychopy.visual.shape.ShapeStim'>, anchor=('center', 'center'), autoDraw=False, autoLog=True, closeShape=True, color=method-wrapper(...), colorSpace='rgb', contrast=None, depth=-2.0, fillColor=array([1, 1, 1]), fillColorSpace='rgb', fillRGB=array([1, 1, 1]), interpolate=True, lineColor=array([1., 1., 1.]), lineColorSpace='rgb', lineRGB=array([1, 1, 1]), lineWidth=0.5, name='fixation', opacity=0.75, ori=0.0, pos=array([0., 0.]), size=array([0.05, 0.05]), units='height', vertices=ndarray(...), win=Window(...), windingRule=None)
10.3002 	EXP 	Created screenAfterAudio = ImageStim(__class__=<class 'psychopy.visual.image.ImageStim'>, anchor=('center', 'center'), autoLog=True, color=array([1., 1., 1.]), colorSpace='rgb', contrast=1.0, depth=-4.0, flipHoriz=False, flipVert=False, image='images/grayScreen.png', interpolate=True, mask=None, maskParams=None, name='screenAfterAudio', opacity=1.0, ori=0.0, pos=array([0., 0.]), size=array([0.5, 0.5]), texRes=128.0, units='height', win=Window(...))
10.3156 	EXP 	Created blankScreen = ImageStim(__class__=<class 'psychopy.visual.image.ImageStim'>, anchor=('center', 'center'), autoLog=True, color=array([1., 1., 1.]), colorSpace='rgb', contrast=1.0, depth=-4.0, flipHoriz=False, flipVert=False, image='images/grayScreen.png', interpolate=True, mask=None, maskParams=None, name='blankScreen', opacity=1.0, ori=0.0, pos=array([0., 0.]), size=array([1920., 1080.]), texRes=128, units='height', win=Window(...))
10.4228 	EXP 	Created call1 = ImageStim(__class__=<class 'psychopy.visual.image.ImageStim'>, anchor=('center', 'center'), autoLog=True, color=array([1., 1., 1.]), colorSpace='rgb', contrast=1.0, depth=-5.0, flipHoriz=False, flipVert=False, image='images/adler.png', interpolate=True, mask=None, maskParams=None, name='call1', opacity=1.0, ori=0.0, pos=array([-0.4   ,  0.3125]), size=array([0.18, 0.18]), texRes=128, units='height', win=Window(...))
10.5312 	EXP 	Created call2 = ImageStim(__class__=<class 'psychopy.visual.image.ImageStim'>, anchor=('center', 'center'), autoLog=True, color=array([1., 1., 1.]), colorSpace='rgb', contrast=1.0, depth=-6.0, flipHoriz=False, flipVert=False, image='images/drossel.png', interpolate=True, mask=None, maskParams=None, name='call2', opacity=1.0, ori=0.0, pos=array([-0.4       ,  0.10416667]), size=array([0.18, 0.18]), texRes=128, units='height', win=Window(...))
10.6420 	EXP 	Created call3 = ImageStim(__class__=<class 'psychopy.visual.image.ImageStim'>, anchor=('center', 'center'), autoLog=True, color=array([1., 1., 1.]), colorSpace='rgb', contrast=1.0, depth=-7.0, flipHoriz=False, flipVert=False, image='images/tiger.png', interpolate=True, mask=None, maskParams=None, name='call3', opacity=1.0, ori=0.0, pos=array([-0.4       , -0.10416667]), size=array([0.18, 0.18]), texRes=128, units='height', win=Window(...))
10.7516 	EXP 	Created call4 = ImageStim(__class__=<class 'psychopy.visual.image.ImageStim'>, anchor=('center', 'center'), autoLog=True, color=array([1., 1., 1.]), colorSpace='rgb', contrast=1.0, depth=-8.0, flipHoriz=False, flipVert=False, image='images/kroete.png', interpolate=True, mask=None, maskParams=None, name='call4', opacity=1.0, ori=0.0, pos=array([-0.4   , -0.3125]), size=array([0.18, 0.18]), texRes=128, units='height', win=Window(...))
10.7719 	EXP 	Created colour1 = ImageStim(__class__=<class 'psychopy.visual.image.ImageStim'>, anchor=('center', 'center'), autoLog=True, color=array([1., 1., 1.]), colorSpace='rgb', contrast=1.0, depth=-9.0, flipHoriz=False, flipVert=False, image='images/gelb.png', interpolate=True, mask=None, maskParams=None, name='colour1', opacity=1.0, ori=0.0, pos=array([0.    , 0.3125]), size=array([0.18, 0.18]), texRes=128, units='height', win=Window(...))
10.7923 	EXP 	Created colour2 = ImageStim(__class__=<class 'psychopy.visual.image.ImageStim'>, anchor=('center', 'center'), autoLog=True, color=array([1., 1., 1.]), colorSpace='rgb', contrast=1.0, depth=-10.0, flipHoriz=False, flipVert=False, image='images/gruen.png', interpolate=True, mask=None, maskParams=None, name='colour2', opacity=1.0, ori=0.0, pos=array([0.        , 0.10416667]), size=array([0.18, 0.18]), texRes=128, units='height', win=Window(...))
10.8122 	EXP 	Created colour3 = ImageStim(__class__=<class 'psychopy.visual.image.ImageStim'>, anchor=('center', 'center'), autoLog=True, color=array([1., 1., 1.]), colorSpace='rgb', contrast=1.0, depth=-11.0, flipHoriz=False, flipVert=False, image='images/rot.png', interpolate=True, mask=None, maskParams=None, name='colour3', opacity=1.0, ori=0.0, pos=array([ 0.        , -0.10416667]), size=array([0.18, 0.18]), texRes=128, units='height', win=Window(...))
10.8329 	EXP 	Created colour4 = ImageStim(__class__=<class 'psychopy.visual.image.ImageStim'>, anchor=('center', 'center'), autoLog=True, color=array([1., 1., 1.]), colorSpace='rgb', contrast=1.0, depth=-12.0, flipHoriz=False, flipVert=False, image='images/weiss.png', interpolate=True, mask=None, maskParams=None, name='colour4', opacity=1.0, ori=0.0, pos=array([ 0.    , -0.3125]), size=array([0.18, 0.18]), texRes=128, units='height', win=Window(...))
10.8550 	EXP 	Created number1 = ImageStim(__class__=<class 'psychopy.visual.image.ImageStim'>, anchor=('center', 'center'), autoLog=True, color=array([1., 1., 1.]), colorSpace='rgb', contrast=1.0, depth=-13.0, flipHoriz=False, flipVert=False, image='images/1.png', interpolate=True, mask=None, maskParams=None, name='number1', opacity=1.0, ori=0.0, pos=array([0.4   , 0.3125]), size=array([0.18, 0.18]), texRes=128, units='height', win=Window(...))
10.8750 	EXP 	Created number2 = ImageStim(__class__=<class 'psychopy.visual.image.ImageStim'>, anchor=('center', 'center'), autoLog=True, color=array([1., 1., 1.]), colorSpace='rgb', contrast=1.0, depth=-14.0, flipHoriz=False, flipVert=False, image='images/2.png', interpolate=True, mask=None, maskParams=None, name='number2', opacity=1.0, ori=0.0, pos=array([0.4       , 0.10416667]), size=array([0.18, 0.18]), texRes=128, units='height', win=Window(...))
10.8960 	EXP 	Created number3 = ImageStim(__class__=<class 'psychopy.visual.image.ImageStim'>, anchor=('center', 'center'), autoLog=True, color=array([1., 1., 1.]), colorSpace='rgb', contrast=1.0, depth=-15.0, flipHoriz=False, flipVert=False, image='images/3.png', interpolate=True, mask=None, maskParams=None, name='number3', opacity=1.0, ori=0.0, pos=array([ 0.4       , -0.10416667]), size=array([0.18, 0.18]), texRes=128, units='height', win=Window(...))
10.9185 	EXP 	Created number4 = ImageStim(__class__=<class 'psychopy.visual.image.ImageStim'>, anchor=('center', 'center'), autoLog=True, color=array([1., 1., 1.]), colorSpace='rgb', contrast=1.0, depth=-16.0, flipHoriz=False, flipVert=False, image='images/4.png', interpolate=True, mask=None, maskParams=None, name='number4', opacity=1.0, ori=0.0, pos=array([ 0.4   , -0.3125]), size=array([0.18, 0.18]), texRes=128, units='height', win=Window(...))
10.9188 	EXP 	window1: mouseVisible = True
10.9188 	EXP 	window1: mouseVisible = True
10.9188 	EXP 	window1: mouseVisible = True
10.9381 	EXP 	Created blankScreenAfterResponse = ImageStim(__class__=<class 'psychopy.visual.image.ImageStim'>, anchor=('center', 'center'), autoLog=True, color=array([1., 1., 1.]), colorSpace='rgb', contrast=1.0, depth=-25.0, flipHoriz=False, flipVert=False, image='images/blankScreen.png', interpolate=True, mask=None, maskParams=None, name='blankScreenAfterResponse', opacity=1.0, ori=0.0, pos=array([0., 0.]), size=array([1920., 1080.]), texRes=128, units='height', win=Window(...))
10.9456 	EXP 	Created thanksText = TextStim(__class__=<class 'psychopy.visual.text.TextStim'>, alignHoriz=method-wrapper(...), alignText='center', alignVert=method-wrapper(...), anchorHoriz='center', anchorVert='center', antialias=True, autoDraw=False, autoLog=True, bold=False, color=array([1., 1., 1.]), colorSpace='rgb', contrast=1.0, depth=0.0, flipHoriz=False, flipVert=False, font='Arial', fontFiles=[], height=0.04, italic=False, languageStyle='LTR', name='thanksText', opacity=1.0, ori=0, pos=array([0., 0.]), rgb=UNKNOWN, text=str(...), units='height', win=Window(...), wrapWidth=1)
10.9458 	EXP 	window1: mouseVisible = False
10.9593 	EXP 	instrTrainText: autoDraw = True
11.4389 	EXP 	Imported order1.csv as conditions, 4 conditions, 1 params
11.4392 	EXP 	Created sequence: sequential, trialTypes=4, nReps=1, seed=None
11.4394 	EXP 	New trial (rep=0, index=0): OrderedDict([('condsFile', 'flow\\tts-golang-selected_PsyPySEQ_NV1.csv')])
11.4414 	DATA 	Keypress: space
11.4454 	EXP 	instrTrainText: autoDraw = False
11.4454 	EXP 	blockStart: autoDraw = True
12.0199 	EXP 	Imported flow\tts-golang-selected_PsyPySEQ_NV1.csv as conditions, 192 conditions, 26 params
12.0208 	EXP 	Created sequence: random, trialTypes=192, nReps=1, seed=None
12.0212 	EXP 	New trial (rep=0, index=0): OrderedDict([('audiofile', 'audio/NV_DE_Neural2-D_Kr-ro-Zw_0.8p.wav'), ('duration', 5.3887), ('noise', 'NV'), ('voice', 'Neural2-D'), ('words', 'Kr-ro-Zw'), ('callSign', 'Kr'), ('colour', 'ro'), ('number', 'Zw'), ('levels', '0.8p'), ('trigger_start', 100), ('trigger_end', 101), ('trigger_call', 113), ('trigger_col', 123), ('trigger_num', 132), ('file', 'DE_Neural2-D_Kr-ro-Zw.TextGrid'), ('firstSound_tmin', 0.16712), ('lastSound_tmax', 4.632702093669451), ('token_1_tmin', 0.8243519193410671), ('token_1_tmax', 1.300539528403607), ('token_2_tmin', 2.6308641217830817), ('token_2_tmax', 3.025584070663592), ('token_3_tmin', 4.281968321735343), ('token_3_tmax', 4.632702093669451), ('rater', 'mean'), ('newidx', 30), ('block', 'NV1')])
12.1589 	EXP 	window1: mouseVisible = False
12.1625 	EXP 	Sound sound_1 started
12.1619 	DATA 	Keypress: space
12.1776 	EXP 	blockStart: autoDraw = False
12.1776 	EXP 	fixation: autoDraw = True
17.1213 	EXP 	Sound sound_1 reached end of file
17.1633 	EXP 	window1: mouseVisible = False
17.1810 	EXP 	fixation: autoDraw = False
17.1810 	EXP 	screenAfterAudio: autoDraw = True
17.1810 	EXP 	screenAfterAudio: autoDraw = False
17.1810 	EXP 	fixation: autoDraw = False
17.1810 	EXP 	screenAfterAudio: autoDraw = False
17.1810 	EXP 	call1: texRes = 128
17.1810 	EXP 	call2: texRes = 128
17.1810 	EXP 	call3: texRes = 128
17.1810 	EXP 	call4: texRes = 128
17.1810 	EXP 	colour1: texRes = 128
17.1810 	EXP 	colour2: texRes = 128
17.1810 	EXP 	colour3: texRes = 128
17.1810 	EXP 	colour4: texRes = 128
17.1810 	EXP 	number1: texRes = 128
17.1810 	EXP 	number2: texRes = 128
17.1810 	EXP 	number3: texRes = 128
17.1810 	EXP 	number4: texRes = 128
17.1810 	EXP 	blankScreen: autoDraw = True
17.1813 	EXP 	window1: mouseVisible = False
17.1993 	EXP 	window1: mouseVisible = False
17.2149 	EXP 	window1: mouseVisible = False
17.2324 	EXP 	window1: mouseVisible = False
17.2483 	EXP 	window1: mouseVisible = False
17.2645 	EXP 	window1: mouseVisible = False
17.2811 	EXP 	window1: mouseVisible = False
17.2978 	EXP 	window1: mouseVisible = False
17.3145 	EXP 	window1: mouseVisible = False
17.3323 	EXP 	window1: mouseVisible = False
17.3478 	EXP 	window1: mouseVisible = False
17.3646 	EXP 	window1: mouseVisible = False
17.3812 	EXP 	window1: mouseVisible = False
17.3979 	EXP 	window1: mouseVisible = False
17.4146 	EXP 	window1: mouseVisible = False
17.4312 	EXP 	window1: mouseVisible = False
17.4479 	EXP 	window1: mouseVisible = False
17.4646 	EXP 	window1: mouseVisible = False
17.4812 	EXP 	window1: mouseVisible = False
17.4979 	EXP 	window1: mouseVisible = False
17.5152 	EXP 	window1: mouseVisible = False
17.5320 	EXP 	window1: mouseVisible = False
17.5486 	EXP 	window1: mouseVisible = False
17.5655 	EXP 	window1: mouseVisible = False
17.5821 	EXP 	window1: mouseVisible = False
17.5988 	EXP 	window1: mouseVisible = False
17.6148 	EXP 	window1: mouseVisible = False
17.6316 	EXP 	window1: mouseVisible = False
17.6484 	EXP 	window1: mouseVisible = False
17.6650 	EXP 	window1: mouseVisible = False
17.6821 	EXP 	window1: mouseVisible = False
17.6991 	EXP 	window1: mouseVisible = False
17.7152 	EXP 	window1: mouseVisible = False
17.7322 	EXP 	window1: mouseVisible = False
17.7490 	EXP 	window1: mouseVisible = False
17.7655 	EXP 	window1: mouseVisible = False
17.7821 	EXP 	window1: mouseVisible = False
17.7989 	EXP 	window1: mouseVisible = False
17.8154 	EXP 	window1: mouseVisible = False
17.8322 	EXP 	window1: mouseVisible = False
17.8489 	EXP 	window1: mouseVisible = False
17.8655 	EXP 	window1: mouseVisible = False
17.8818 	EXP 	window1: mouseVisible = False
17.8992 	EXP 	window1: mouseVisible = False
17.9156 	EXP 	window1: mouseVisible = False
17.9318 	EXP 	window1: mouseVisible = False
17.9485 	EXP 	window1: mouseVisible = False
17.9653 	EXP 	window1: mouseVisible = False
17.9819 	EXP 	window1: mouseVisible = False
17.9991 	EXP 	window1: mouseVisible = False
18.0157 	EXP 	window1: mouseVisible = False
18.0321 	EXP 	window1: mouseVisible = False
18.0488 	EXP 	window1: mouseVisible = False
18.0655 	EXP 	window1: mouseVisible = False
18.0828 	EXP 	window1: mouseVisible = False
18.0985 	EXP 	window1: mouseVisible = False
18.1159 	EXP 	window1: mouseVisible = False
18.1320 	EXP 	window1: mouseVisible = False
18.1488 	EXP 	window1: mouseVisible = False
18.1662 	EXP 	window1: mouseVisible = False
18.1821 	EXP 	blankScreen: autoDraw = False
18.1821 	EXP 	call1: autoDraw = True
18.1821 	EXP 	call2: autoDraw = True
18.1821 	EXP 	call3: autoDraw = True
18.1821 	EXP 	call4: autoDraw = True
18.1821 	EXP 	colour1: autoDraw = True
18.1821 	EXP 	colour2: autoDraw = True
18.1821 	EXP 	colour3: autoDraw = True
18.1821 	EXP 	colour4: autoDraw = True
18.1821 	EXP 	number1: autoDraw = True
18.1821 	EXP 	number2: autoDraw = True
18.1821 	EXP 	number3: autoDraw = True
18.1821 	EXP 	number4: autoDraw = True
18.1824 	EXP 	window1: mouseVisible = False
18.1827 	EXP 	window1: mouseVisible = True
18.1989 	EXP 	window1: mouseVisible = False
18.1993 	EXP 	window1: mouseVisible = True
18.2157 	EXP 	window1: mouseVisible = False
18.2160 	EXP 	window1: mouseVisible = True
18.2326 	EXP 	window1: mouseVisible = False
18.2329 	EXP 	window1: mouseVisible = True
18.2493 	EXP 	window1: mouseVisible = False
18.2496 	EXP 	window1: mouseVisible = True
18.2659 	EXP 	window1: mouseVisible = False
18.2662 	EXP 	window1: mouseVisible = True
18.2826 	EXP 	window1: mouseVisible = False
18.2828 	EXP 	window1: mouseVisible = True
18.2993 	EXP 	window1: mouseVisible = False
18.2996 	EXP 	window1: mouseVisible = True
18.3157 	EXP 	window1: mouseVisible = False
18.3161 	EXP 	window1: mouseVisible = True
18.3325 	EXP 	window1: mouseVisible = False
18.3328 	EXP 	window1: mouseVisible = True
18.3493 	EXP 	window1: mouseVisible = False
18.3496 	EXP 	window1: mouseVisible = True
18.3658 	EXP 	window1: mouseVisible = False
18.3661 	EXP 	window1: mouseVisible = True
18.3827 	EXP 	window1: mouseVisible = False
18.3829 	EXP 	window1: mouseVisible = True
18.3995 	EXP 	window1: mouseVisible = False
18.3999 	EXP 	window1: mouseVisible = True
18.4165 	EXP 	window1: mouseVisible = False
18.4169 	EXP 	window1: mouseVisible = True
18.4323 	EXP 	window1: mouseVisible = False
18.4325 	EXP 	window1: mouseVisible = True
18.4490 	EXP 	window1: mouseVisible = False
18.4493 	EXP 	window1: mouseVisible = True
18.4659 	EXP 	window1: mouseVisible = False
18.4664 	EXP 	window1: mouseVisible = True
18.4827 	EXP 	window1: mouseVisible = False
18.4830 	EXP 	window1: mouseVisible = True
18.4997 	EXP 	window1: mouseVisible = False
18.5001 	EXP 	window1: mouseVisible = True
18.5163 	EXP 	window1: mouseVisible = False
18.5167 	EXP 	window1: mouseVisible = True
18.5327 	EXP 	window1: mouseVisible = False
18.5330 	EXP 	window1: mouseVisible = True
18.5493 	EXP 	window1: mouseVisible = False
18.5496 	EXP 	window1: mouseVisible = True
18.5660 	EXP 	window1: mouseVisible = False
18.5664 	EXP 	window1: mouseVisible = True
18.5828 	EXP 	window1: mouseVisible = False
18.5831 	EXP 	window1: mouseVisible = True
18.5998 	EXP 	window1: mouseVisible = False
18.6001 	EXP 	window1: mouseVisible = True
18.6157 	EXP 	window1: mouseVisible = False
18.6159 	EXP 	window1: mouseVisible = True
18.6324 	EXP 	window1: mouseVisible = False
18.6328 	EXP 	window1: mouseVisible = True
18.6492 	EXP 	window1: mouseVisible = False
18.6495 	EXP 	window1: mouseVisible = True
18.6666 	EXP 	window1: mouseVisible = False
18.6669 	EXP 	window1: mouseVisible = True
18.6826 	EXP 	window1: mouseVisible = False
18.6830 	EXP 	window1: mouseVisible = True
18.6997 	EXP 	window1: mouseVisible = False
18.7000 	EXP 	window1: mouseVisible = True
18.7165 	EXP 	window1: mouseVisible = False
18.7169 	EXP 	window1: mouseVisible = True
18.7327 	EXP 	window1: mouseVisible = False
18.7330 	EXP 	window1: mouseVisible = True
18.7498 	EXP 	window1: mouseVisible = False
18.7502 	EXP 	window1: mouseVisible = True
18.7662 	EXP 	window1: mouseVisible = False
18.7665 	EXP 	window1: mouseVisible = True
18.7831 	EXP 	window1: mouseVisible = False
18.7835 	EXP 	window1: mouseVisible = True
18.7996 	EXP 	window1: mouseVisible = False
18.8000 	EXP 	window1: mouseVisible = True
18.8162 	EXP 	window1: mouseVisible = False
18.8166 	EXP 	window1: mouseVisible = True
18.8333 	EXP 	window1: mouseVisible = False
18.8337 	EXP 	window1: mouseVisible = True
18.8497 	EXP 	window1: mouseVisible = False
18.8499 	EXP 	window1: mouseVisible = True
18.8666 	EXP 	window1: mouseVisible = False
18.8670 	EXP 	window1: mouseVisible = True
18.8831 	EXP 	window1: mouseVisible = False
18.8834 	EXP 	window1: mouseVisible = True
18.8997 	EXP 	window1: mouseVisible = False
18.9001 	EXP 	window1: mouseVisible = True
18.9161 	EXP 	window1: mouseVisible = False
18.9164 	EXP 	window1: mouseVisible = True
18.9329 	EXP 	window1: mouseVisible = False
18.9332 	EXP 	window1: mouseVisible = True
18.9498 	EXP 	window1: mouseVisible = False
18.9500 	EXP 	window1: mouseVisible = True
18.9664 	EXP 	window1: mouseVisible = False
18.9667 	EXP 	window1: mouseVisible = True
18.9838 	EXP 	window1: mouseVisible = False
18.9841 	EXP 	window1: mouseVisible = True
18.9997 	EXP 	window1: mouseVisible = False
19.0000 	EXP 	window1: mouseVisible = True
19.0166 	EXP 	window1: mouseVisible = False
19.0169 	EXP 	window1: mouseVisible = True
19.0334 	EXP 	window1: mouseVisible = False
19.0338 	EXP 	window1: mouseVisible = True
19.0498 	EXP 	window1: mouseVisible = False
19.0501 	EXP 	window1: mouseVisible = True
19.0667 	EXP 	window1: mouseVisible = False
19.0671 	EXP 	window1: mouseVisible = True
19.0832 	EXP 	window1: mouseVisible = False
19.0834 	EXP 	window1: mouseVisible = True
19.1000 	EXP 	window1: mouseVisible = False
19.1004 	EXP 	window1: mouseVisible = True
19.1163 	EXP 	window1: mouseVisible = False
19.1165 	EXP 	window1: mouseVisible = True
19.1331 	EXP 	window1: mouseVisible = False
19.1333 	EXP 	window1: mouseVisible = True
19.1502 	EXP 	window1: mouseVisible = False
19.1504 	EXP 	window1: mouseVisible = True
19.1665 	EXP 	window1: mouseVisible = False
19.1668 	EXP 	window1: mouseVisible = True
19.1833 	EXP 	window1: mouseVisible = False
19.1836 	EXP 	window1: mouseVisible = True
19.2001 	EXP 	window1: mouseVisible = False
19.2004 	EXP 	window1: mouseVisible = True
19.2167 	EXP 	window1: mouseVisible = False
19.2170 	EXP 	window1: mouseVisible = True
19.2332 	EXP 	window1: mouseVisible = False
19.2334 	EXP 	window1: mouseVisible = True
19.2501 	EXP 	window1: mouseVisible = False
19.2503 	EXP 	window1: mouseVisible = True
19.2668 	EXP 	window1: mouseVisible = False
19.2671 	EXP 	window1: mouseVisible = True
19.2834 	EXP 	window1: mouseVisible = False
19.2837 	EXP 	window1: mouseVisible = True
19.3004 	EXP 	window1: mouseVisible = False
19.3007 	EXP 	window1: mouseVisible = True
19.3169 	EXP 	window1: mouseVisible = False
19.3172 	EXP 	window1: mouseVisible = True
19.3337 	EXP 	window1: mouseVisible = False
19.3340 	EXP 	window1: mouseVisible = True
19.3501 	EXP 	window1: mouseVisible = False
19.3504 	EXP 	window1: mouseVisible = True
19.3670 	EXP 	window1: mouseVisible = False
19.3673 	EXP 	window1: mouseVisible = True
19.3833 	EXP 	window1: mouseVisible = False
19.3837 	EXP 	window1: mouseVisible = True
19.3999 	EXP 	window1: mouseVisible = False
19.4001 	EXP 	window1: mouseVisible = True
19.4168 	EXP 	window1: mouseVisible = False
19.4170 	EXP 	window1: mouseVisible = True
19.4334 	EXP 	window1: mouseVisible = False
19.4337 	EXP 	window1: mouseVisible = True
19.4503 	EXP 	window1: mouseVisible = False
19.4505 	EXP 	window1: mouseVisible = True
19.4667 	EXP 	window1: mouseVisible = False
19.4670 	EXP 	window1: mouseVisible = True
19.4835 	EXP 	window1: mouseVisible = False
19.4839 	EXP 	window1: mouseVisible = True
19.5001 	EXP 	window1: mouseVisible = False
19.5003 	EXP 	window1: mouseVisible = True
19.5168 	EXP 	window1: mouseVisible = False
19.5171 	EXP 	window1: mouseVisible = True
19.5338 	EXP 	window1: mouseVisible = False
19.5342 	EXP 	window1: mouseVisible = True
19.5502 	EXP 	window1: mouseVisible = False
19.5505 	EXP 	window1: mouseVisible = True
19.5667 	EXP 	window1: mouseVisible = False
19.5674 	EXP 	window1: mouseVisible = True
19.5835 	EXP 	window1: mouseVisible = False
19.5838 	EXP 	window1: mouseVisible = True
19.6001 	EXP 	window1: mouseVisible = False
19.6003 	EXP 	window1: mouseVisible = True
19.6167 	EXP 	window1: mouseVisible = False
19.6170 	EXP 	window1: mouseVisible = True
19.6336 	EXP 	window1: mouseVisible = False
19.6338 	EXP 	window1: mouseVisible = True
19.6501 	EXP 	window1: mouseVisible = False
19.6503 	EXP 	window1: mouseVisible = True
19.6669 	EXP 	window1: mouseVisible = False
19.6672 	EXP 	window1: mouseVisible = True
19.6839 	EXP 	window1: mouseVisible = False
19.6841 	EXP 	window1: mouseVisible = True
19.7002 	EXP 	window1: mouseVisible = False
19.7005 	EXP 	window1: mouseVisible = True
19.7173 	EXP 	window1: mouseVisible = False
19.7175 	EXP 	window1: mouseVisible = True
19.7339 	EXP 	window1: mouseVisible = False
19.7341 	EXP 	window1: mouseVisible = True
19.7503 	EXP 	window1: mouseVisible = False
19.7505 	EXP 	window1: mouseVisible = True
19.7669 	EXP 	window1: mouseVisible = False
19.7672 	EXP 	window1: mouseVisible = True
19.7835 	EXP 	window1: mouseVisible = False
19.7837 	EXP 	window1: mouseVisible = True
19.8006 	EXP 	window1: mouseVisible = False
19.8009 	EXP 	window1: mouseVisible = True
19.8168 	EXP 	window1: mouseVisible = False
19.8171 	EXP 	window1: mouseVisible = True
19.8337 	EXP 	window1: mouseVisible = False
19.8339 	EXP 	window1: mouseVisible = True
19.8503 	EXP 	window1: mouseVisible = False
19.8505 	EXP 	window1: mouseVisible = True
19.8670 	EXP 	window1: mouseVisible = False
19.8673 	EXP 	window1: mouseVisible = True
19.8838 	EXP 	window1: mouseVisible = False
19.8841 	EXP 	window1: mouseVisible = True
19.9003 	EXP 	window1: mouseVisible = False
19.9006 	EXP 	window1: mouseVisible = True
19.9169 	EXP 	window1: mouseVisible = False
19.9171 	EXP 	window1: mouseVisible = True
19.9339 	EXP 	window1: mouseVisible = False
19.9342 	EXP 	window1: mouseVisible = True
19.9504 	EXP 	window1: mouseVisible = False
19.9507 	EXP 	window1: mouseVisible = True
19.9671 	EXP 	window1: mouseVisible = False
19.9673 	EXP 	window1: mouseVisible = True
19.9838 	EXP 	window1: mouseVisible = False
19.9841 	EXP 	window1: mouseVisible = True
20.0003 	EXP 	window1: mouseVisible = False
20.0006 	EXP 	window1: mouseVisible = True
20.0173 	EXP 	window1: mouseVisible = False
20.0176 	EXP 	window1: mouseVisible = True
20.0340 	EXP 	window1: mouseVisible = False
20.0343 	EXP 	window1: mouseVisible = True
20.0506 	EXP 	window1: mouseVisible = False
20.0508 	EXP 	window1: mouseVisible = True
20.0670 	EXP 	window1: mouseVisible = False
20.0672 	EXP 	window1: mouseVisible = True
20.0840 	EXP 	window1: mouseVisible = False
20.0842 	EXP 	window1: mouseVisible = True
20.1004 	EXP 	window1: mouseVisible = False
20.1007 	EXP 	window1: mouseVisible = True
20.1171 	EXP 	window1: mouseVisible = False
20.1173 	EXP 	window1: mouseVisible = True
20.1339 	EXP 	window1: mouseVisible = False
20.1342 	EXP 	window1: mouseVisible = True
20.1505 	EXP 	window1: mouseVisible = False
20.1507 	EXP 	window1: mouseVisible = True
20.1672 	EXP 	window1: mouseVisible = False
20.1674 	EXP 	window1: mouseVisible = True
20.1841 	EXP 	window1: mouseVisible = False
20.1843 	EXP 	window1: mouseVisible = True
20.2005 	EXP 	window1: mouseVisible = False
20.2007 	EXP 	window1: mouseVisible = True
20.2172 	EXP 	window1: mouseVisible = False
20.2174 	EXP 	window1: mouseVisible = True
20.2340 	EXP 	window1: mouseVisible = False
20.2342 	EXP 	window1: mouseVisible = True
20.2506 	EXP 	window1: mouseVisible = False
20.2508 	EXP 	window1: mouseVisible = True
20.2673 	EXP 	window1: mouseVisible = False
20.2675 	EXP 	window1: mouseVisible = True
20.2840 	EXP 	window1: mouseVisible = False
20.2842 	EXP 	window1: mouseVisible = True
20.3008 	EXP 	window1: mouseVisible = False
20.3010 	EXP 	window1: mouseVisible = True
20.3173 	EXP 	window1: mouseVisible = False
20.3175 	EXP 	window1: mouseVisible = True
20.3340 	EXP 	window1: mouseVisible = False
20.3342 	EXP 	window1: mouseVisible = True
20.3507 	EXP 	window1: mouseVisible = False
20.3509 	EXP 	window1: mouseVisible = True
20.3674 	EXP 	window1: mouseVisible = False
20.3677 	EXP 	window1: mouseVisible = True
20.3843 	EXP 	window1: mouseVisible = False
20.3845 	EXP 	window1: mouseVisible = True
20.4007 	EXP 	window1: mouseVisible = False
20.4010 	EXP 	window1: mouseVisible = True
20.4174 	EXP 	window1: mouseVisible = False
20.4176 	EXP 	window1: mouseVisible = True
20.4340 	EXP 	window1: mouseVisible = False
20.4343 	EXP 	window1: mouseVisible = True
20.4511 	EXP 	window1: mouseVisible = False
20.4513 	EXP 	window1: mouseVisible = True
20.4674 	EXP 	window1: mouseVisible = False
20.4677 	EXP 	window1: mouseVisible = True
20.4841 	EXP 	window1: mouseVisible = False
20.4843 	EXP 	window1: mouseVisible = True
20.5010 	EXP 	window1: mouseVisible = False
20.5013 	EXP 	window1: mouseVisible = True
20.5015 	DATA 	Mouse: Left button down, pos=(631,596)
20.5340 	EXP 	call1: texRes = 128
20.5340 	EXP 	call2: texRes = 128
20.5340 	EXP 	call4: texRes = 128
20.5342 	EXP 	window1: mouseVisible = False
20.5344 	EXP 	window1: mouseVisible = True
20.5509 	EXP 	window1: mouseVisible = False
20.5511 	EXP 	window1: mouseVisible = True
20.5675 	EXP 	window1: mouseVisible = False
20.5677 	EXP 	window1: mouseVisible = True
20.5841 	EXP 	window1: mouseVisible = False
20.5844 	EXP 	window1: mouseVisible = True
20.5846 	DATA 	Mouse:  Left button up, pos=(632,596)
20.6009 	EXP 	window1: mouseVisible = False
20.6012 	EXP 	window1: mouseVisible = True
20.6175 	EXP 	window1: mouseVisible = False
20.6177 	EXP 	window1: mouseVisible = True
20.6342 	EXP 	window1: mouseVisible = False
20.6344 	EXP 	window1: mouseVisible = True
20.6512 	EXP 	window1: mouseVisible = False
20.6515 	EXP 	window1: mouseVisible = True
20.6675 	EXP 	window1: mouseVisible = False
20.6677 	EXP 	window1: mouseVisible = True
20.6843 	EXP 	window1: mouseVisible = False
20.6845 	EXP 	window1: mouseVisible = True
20.7013 	EXP 	window1: mouseVisible = False
20.7017 	EXP 	window1: mouseVisible = True
20.7176 	EXP 	window1: mouseVisible = False
20.7178 	EXP 	window1: mouseVisible = True
20.7343 	EXP 	window1: mouseVisible = False
20.7345 	EXP 	window1: mouseVisible = True
20.7510 	EXP 	window1: mouseVisible = False
20.7512 	EXP 	window1: mouseVisible = True
20.7676 	EXP 	window1: mouseVisible = False
20.7679 	EXP 	window1: mouseVisible = True
20.7846 	EXP 	window1: mouseVisible = False
20.7849 	EXP 	window1: mouseVisible = True
20.8009 	EXP 	window1: mouseVisible = False
20.8012 	EXP 	window1: mouseVisible = True
20.8176 	EXP 	window1: mouseVisible = False
20.8178 	EXP 	window1: mouseVisible = True
20.8343 	EXP 	window1: mouseVisible = False
20.8346 	EXP 	window1: mouseVisible = True
20.8511 	EXP 	window1: mouseVisible = False
20.8513 	EXP 	window1: mouseVisible = True
20.8677 	EXP 	window1: mouseVisible = False
20.8680 	EXP 	window1: mouseVisible = True
20.8845 	EXP 	window1: mouseVisible = False
20.8847 	EXP 	window1: mouseVisible = True
20.9010 	EXP 	window1: mouseVisible = False
20.9012 	EXP 	window1: mouseVisible = True
20.9016 	DATA 	Mouse: Left button down, pos=(1089,579)
20.9177 	EXP 	window1: mouseVisible = False
20.9179 	EXP 	window1: mouseVisible = True
20.9348 	EXP 	window1: mouseVisible = False
20.9350 	EXP 	window1: mouseVisible = True
20.9512 	EXP 	window1: mouseVisible = False
20.9514 	EXP 	window1: mouseVisible = True
20.9678 	EXP 	window1: mouseVisible = False
20.9681 	EXP 	window1: mouseVisible = True
20.9683 	DATA 	Mouse:  Left button up, pos=(1089,579)
20.9845 	EXP 	window1: mouseVisible = False
20.9847 	EXP 	window1: mouseVisible = True
21.0015 	EXP 	window1: mouseVisible = False
21.0018 	EXP 	window1: mouseVisible = True
21.0179 	EXP 	window1: mouseVisible = False
21.0181 	EXP 	window1: mouseVisible = True
21.0345 	EXP 	window1: mouseVisible = False
21.0348 	EXP 	window1: mouseVisible = True
21.0512 	EXP 	window1: mouseVisible = False
21.0514 	EXP 	window1: mouseVisible = True
21.0679 	EXP 	window1: mouseVisible = False
21.0681 	EXP 	window1: mouseVisible = True
21.0846 	EXP 	window1: mouseVisible = False
21.0848 	EXP 	window1: mouseVisible = True
21.1017 	EXP 	window1: mouseVisible = False
21.1020 	EXP 	window1: mouseVisible = True
21.1179 	EXP 	window1: mouseVisible = False
21.1181 	EXP 	window1: mouseVisible = True
21.1350 	EXP 	window1: mouseVisible = False
21.1353 	EXP 	window1: mouseVisible = True
21.1513 	EXP 	window1: mouseVisible = False
21.1515 	EXP 	window1: mouseVisible = True
21.1682 	EXP 	window1: mouseVisible = False
21.1684 	EXP 	window1: mouseVisible = True
21.1848 	EXP 	window1: mouseVisible = False
21.1850 	EXP 	window1: mouseVisible = True
21.2013 	EXP 	window1: mouseVisible = False
21.2015 	EXP 	window1: mouseVisible = True
21.2019 	DATA 	Mouse: Left button down, pos=(1148,575)
21.2181 	EXP 	window1: mouseVisible = False
21.2184 	EXP 	window1: mouseVisible = True
21.2346 	EXP 	window1: mouseVisible = False
21.2349 	EXP 	window1: mouseVisible = True
21.2512 	EXP 	window1: mouseVisible = False
21.2515 	EXP 	window1: mouseVisible = True
21.2682 	EXP 	window1: mouseVisible = False
21.2685 	EXP 	window1: mouseVisible = True
21.2847 	EXP 	window1: mouseVisible = False
21.2849 	EXP 	window1: mouseVisible = True
21.3014 	EXP 	window1: mouseVisible = False
21.3016 	EXP 	window1: mouseVisible = True
21.3020 	DATA 	Mouse:  Left button up, pos=(1153,578)
21.3186 	EXP 	window1: mouseVisible = False
21.3188 	EXP 	window1: mouseVisible = True
21.3348 	EXP 	window1: mouseVisible = False
21.3350 	EXP 	window1: mouseVisible = True
21.3514 	EXP 	window1: mouseVisible = False
21.3516 	EXP 	window1: mouseVisible = True
21.3682 	EXP 	window1: mouseVisible = False
21.3684 	EXP 	window1: mouseVisible = True
21.3854 	EXP 	window1: mouseVisible = False
21.3856 	EXP 	window1: mouseVisible = True
21.4016 	EXP 	window1: mouseVisible = False
21.4018 	EXP 	window1: mouseVisible = True
21.4184 	EXP 	window1: mouseVisible = False
21.4186 	EXP 	window1: mouseVisible = True
21.4349 	EXP 	window1: mouseVisible = False
21.4351 	EXP 	window1: mouseVisible = True
21.4516 	EXP 	window1: mouseVisible = False
21.4518 	EXP 	window1: mouseVisible = True
21.4684 	EXP 	window1: mouseVisible = False
21.4686 	EXP 	window1: mouseVisible = True
21.4849 	EXP 	window1: mouseVisible = False
21.4851 	EXP 	window1: mouseVisible = True
21.5015 	EXP 	window1: mouseVisible = False
21.5017 	EXP 	window1: mouseVisible = True
21.5184 	EXP 	window1: mouseVisible = False
21.5186 	EXP 	window1: mouseVisible = True
21.5349 	EXP 	window1: mouseVisible = False
21.5352 	EXP 	window1: mouseVisible = True
21.5517 	EXP 	window1: mouseVisible = False
21.5519 	EXP 	window1: mouseVisible = True
21.5523 	DATA 	Mouse: Left button down, pos=(1309,587)
21.5848 	EXP 	colour1: texRes = 128
21.5848 	EXP 	colour2: texRes = 128
21.5848 	EXP 	colour4: texRes = 128
21.5850 	EXP 	window1: mouseVisible = False
21.5852 	EXP 	window1: mouseVisible = True
21.6017 	EXP 	window1: mouseVisible = False
21.6020 	EXP 	window1: mouseVisible = True
21.6188 	EXP 	window1: mouseVisible = False
21.6192 	EXP 	window1: mouseVisible = True
21.6195 	DATA 	Mouse:  Left button up, pos=(1308,588)
21.6351 	EXP 	window1: mouseVisible = False
21.6353 	EXP 	window1: mouseVisible = True
21.6519 	EXP 	window1: mouseVisible = False
21.6521 	EXP 	window1: mouseVisible = True
21.6684 	EXP 	window1: mouseVisible = False
21.6686 	EXP 	window1: mouseVisible = True
21.6858 	EXP 	window1: mouseVisible = False
21.6861 	EXP 	window1: mouseVisible = True
21.7023 	EXP 	window1: mouseVisible = False
21.7025 	EXP 	window1: mouseVisible = True
21.7184 	EXP 	window1: mouseVisible = False
21.7186 	EXP 	window1: mouseVisible = True
21.7357 	EXP 	window1: mouseVisible = False
21.7359 	EXP 	window1: mouseVisible = True
21.7519 	EXP 	window1: mouseVisible = False
21.7521 	EXP 	window1: mouseVisible = True
21.7685 	EXP 	window1: mouseVisible = False
21.7688 	EXP 	window1: mouseVisible = True
21.7852 	EXP 	window1: mouseVisible = False
21.7854 	EXP 	window1: mouseVisible = True
21.8018 	EXP 	window1: mouseVisible = False
21.8020 	EXP 	window1: mouseVisible = True
21.8186 	EXP 	window1: mouseVisible = False
21.8188 	EXP 	window1: mouseVisible = True
21.8351 	EXP 	window1: mouseVisible = False
21.8353 	EXP 	window1: mouseVisible = True
21.8519 	EXP 	window1: mouseVisible = False
21.8521 	EXP 	window1: mouseVisible = True
21.8686 	EXP 	window1: mouseVisible = False
21.8691 	EXP 	window1: mouseVisible = True
21.8854 	EXP 	window1: mouseVisible = False
21.8856 	EXP 	window1: mouseVisible = True
21.9020 	EXP 	window1: mouseVisible = False
21.9023 	EXP 	window1: mouseVisible = True
21.9188 	EXP 	window1: mouseVisible = False
21.9190 	EXP 	window1: mouseVisible = True
21.9352 	EXP 	window1: mouseVisible = False
21.9355 	EXP 	window1: mouseVisible = True
21.9519 	EXP 	window1: mouseVisible = False
21.9521 	EXP 	window1: mouseVisible = True
21.9688 	EXP 	window1: mouseVisible = False
21.9690 	EXP 	window1: mouseVisible = True
21.9854 	EXP 	window1: mouseVisible = False
21.9857 	EXP 	window1: mouseVisible = True
21.9860 	DATA 	Mouse: Left button down, pos=(1696,561)
22.0027 	EXP 	window1: mouseVisible = False
22.0029 	EXP 	window1: mouseVisible = True
22.0188 	EXP 	window1: mouseVisible = False
22.0190 	EXP 	window1: mouseVisible = True
22.0355 	EXP 	window1: mouseVisible = False
22.0358 	EXP 	window1: mouseVisible = True
22.0521 	EXP 	window1: mouseVisible = False
22.0523 	EXP 	window1: mouseVisible = True
22.0689 	EXP 	window1: mouseVisible = False
22.0691 	EXP 	window1: mouseVisible = True
22.0853 	EXP 	window1: mouseVisible = False
22.0855 	EXP 	window1: mouseVisible = True
22.1020 	EXP 	window1: mouseVisible = False
22.1022 	EXP 	window1: mouseVisible = True
22.1025 	DATA 	Mouse:  Left button up, pos=(1701,566)
22.1188 	EXP 	window1: mouseVisible = False
22.1190 	EXP 	window1: mouseVisible = True
22.1357 	EXP 	window1: mouseVisible = False
22.1360 	EXP 	window1: mouseVisible = True
22.1523 	EXP 	window1: mouseVisible = False
22.1525 	EXP 	window1: mouseVisible = True
22.1690 	EXP 	window1: mouseVisible = False
22.1692 	EXP 	window1: mouseVisible = True
22.1854 	EXP 	window1: mouseVisible = False
22.1857 	EXP 	window1: mouseVisible = True
22.2023 	EXP 	window1: mouseVisible = False
22.2025 	EXP 	window1: mouseVisible = True
22.2189 	EXP 	window1: mouseVisible = False
22.2192 	EXP 	window1: mouseVisible = True
22.2356 	EXP 	window1: mouseVisible = False
22.2358 	EXP 	window1: mouseVisible = True
22.2524 	EXP 	window1: mouseVisible = False
22.2526 	EXP 	window1: mouseVisible = True
22.2691 	EXP 	window1: mouseVisible = False
22.2693 	EXP 	window1: mouseVisible = True
22.2857 	EXP 	window1: mouseVisible = False
22.2859 	EXP 	window1: mouseVisible = True
22.3024 	EXP 	window1: mouseVisible = False
22.3026 	EXP 	window1: mouseVisible = True
22.3192 	EXP 	window1: mouseVisible = False
22.3194 	EXP 	window1: mouseVisible = True
22.3198 	DATA 	Mouse: Left button down, pos=(1894,518)
22.3355 	EXP 	New trial (rep=0, index=1): OrderedDict([('audiofile', 'audio/NV_DE_Neural2-F_Kr-we-Ei_0.75p.wav'), ('duration', 5.172), ('noise', 'NV'), ('voice', 'Neural2-F'), ('words', 'Kr-we-Ei'), ('callSign', 'Kr'), ('colour', 'we'), ('number', 'Ei'), ('levels', '0.75p'), ('trigger_start', 100), ('trigger_end', 101), ('trigger_call', 113), ('trigger_col', 124), ('trigger_num', 131), ('file', 'DE_Neural2-F_Kr-we-Ei.TextGrid'), ('firstSound_tmin', 0.16712), ('lastSound_tmax', 4.434569634219536), ('token_1_tmin', 0.7075207567888911), ('token_1_tmax', 1.23712), ('token_2_tmin', 2.257153566360027), ('token_2_tmax', 2.648201750001125), ('token_3_tmin', 3.803672639125416), ('token_3_tmax', 4.434569634219536), ('rater', 'mean'), ('newidx', 23), ('block', 'NV1')])
22.4914 	EXP 	window1: mouseVisible = False
22.5016 	EXP 	Sound sound_1 started
22.4932 	DATA 	Mouse:  Left button up, pos=(1894,518)
22.5022 	EXP 	number1: texRes = 128
22.5022 	EXP 	number2: texRes = 128
22.5022 	EXP 	number4: texRes = 128
22.5022 	EXP 	blankScreenAfterResponse: autoDraw = True
22.5022 	EXP 	blankScreen: autoDraw = False
22.5022 	EXP 	call1: autoDraw = False
22.5022 	EXP 	call2: autoDraw = False
22.5022 	EXP 	call3: autoDraw = False
22.5022 	EXP 	call4: autoDraw = False
22.5022 	EXP 	colour1: autoDraw = False
22.5022 	EXP 	colour2: autoDraw = False
22.5022 	EXP 	colour3: autoDraw = False
22.5022 	EXP 	colour4: autoDraw = False
22.5022 	EXP 	number1: autoDraw = False
22.5022 	EXP 	number2: autoDraw = False
22.5022 	EXP 	number3: autoDraw = False
22.5022 	EXP 	number4: autoDraw = False
22.5022 	EXP 	blankScreenAfterResponse: autoDraw = False
22.5022 	EXP 	fixation: autoDraw = True
27.2576 	EXP 	Sound sound_1 reached end of file
27.3067 	EXP 	window1: mouseVisible = False
27.3235 	EXP 	fixation: autoDraw = False
27.3235 	EXP 	screenAfterAudio: autoDraw = True
27.3235 	EXP 	screenAfterAudio: autoDraw = False
27.3235 	EXP 	fixation: autoDraw = False
27.3235 	EXP 	screenAfterAudio: autoDraw = False
27.3235 	EXP 	call1: texRes = 128
27.3235 	EXP 	call2: texRes = 128
27.3235 	EXP 	call3: texRes = 128
27.3235 	EXP 	call4: texRes = 128
27.3235 	EXP 	colour1: texRes = 128
27.3235 	EXP 	colour2: texRes = 128
27.3235 	EXP 	colour3: texRes = 128
27.3235 	EXP 	colour4: texRes = 128
27.3235 	EXP 	number1: texRes = 128
27.3235 	EXP 	number2: texRes = 128
27.3235 	EXP 	number3: texRes = 128
27.3235 	EXP 	number4: texRes = 128
27.3235 	EXP 	blankScreen: autoDraw = True
27.3236 	EXP 	window1: mouseVisible = False
27.3395 	EXP 	window1: mouseVisible = False
27.3562 	EXP 	window1: mouseVisible = False
27.3728 	EXP 	window1: mouseVisible = False
27.3895 	EXP 	window1: mouseVisible = False
27.4062 	EXP 	window1: mouseVisible = False
27.4229 	EXP 	window1: mouseVisible = False
27.4396 	EXP 	window1: mouseVisible = False
27.4562 	EXP 	window1: mouseVisible = False
27.4728 	EXP 	window1: mouseVisible = False
27.4896 	EXP 	window1: mouseVisible = False
27.5063 	EXP 	window1: mouseVisible = False
27.5229 	EXP 	window1: mouseVisible = False
27.5396 	EXP 	window1: mouseVisible = False
27.5563 	EXP 	window1: mouseVisible = False
27.5737 	EXP 	window1: mouseVisible = False
27.5899 	EXP 	window1: mouseVisible = False
27.6063 	EXP 	window1: mouseVisible = False
27.6231 	EXP 	window1: mouseVisible = False
27.6397 	EXP 	window1: mouseVisible = False
27.6564 	EXP 	window1: mouseVisible = False
27.6734 	EXP 	window1: mouseVisible = False
27.6897 	EXP 	window1: mouseVisible = False
27.7064 	EXP 	window1: mouseVisible = False
27.7231 	EXP 	window1: mouseVisible = False
27.7397 	EXP 	window1: mouseVisible = False
27.7566 	EXP 	window1: mouseVisible = False
27.7732 	EXP 	window1: mouseVisible = False
27.7899 	EXP 	window1: mouseVisible = False
27.8065 	EXP 	window1: mouseVisible = False
27.8231 	EXP 	window1: mouseVisible = False
27.8399 	EXP 	window1: mouseVisible = False
27.8566 	EXP 	window1: mouseVisible = False
27.8733 	EXP 	window1: mouseVisible = False
27.8899 	EXP 	window1: mouseVisible = False
27.9065 	EXP 	window1: mouseVisible = False
27.9232 	EXP 	window1: mouseVisible = False
27.9398 	EXP 	window1: mouseVisible = False
27.9566 	EXP 	window1: mouseVisible = False
27.9734 	EXP 	window1: mouseVisible = False
27.9900 	EXP 	window1: mouseVisible = False
28.0067 	EXP 	window1: mouseVisible = False
28.0233 	EXP 	window1: mouseVisible = False
28.0401 	EXP 	window1: mouseVisible = False
28.0568 	EXP 	window1: mouseVisible = False
28.0733 	EXP 	window1: mouseVisible = False
28.0902 	EXP 	window1: mouseVisible = False
28.1067 	EXP 	window1: mouseVisible = False
28.1235 	EXP 	window1: mouseVisible = False
28.1401 	EXP 	window1: mouseVisible = False
28.1568 	EXP 	window1: mouseVisible = False
28.1734 	EXP 	window1: mouseVisible = False
28.1901 	EXP 	window1: mouseVisible = False
28.2068 	EXP 	window1: mouseVisible = False
28.2235 	EXP 	window1: mouseVisible = False
28.2403 	EXP 	window1: mouseVisible = False
28.2570 	EXP 	window1: mouseVisible = False
28.2741 	EXP 	window1: mouseVisible = False
28.2904 	EXP 	window1: mouseVisible = False
28.3071 	EXP 	window1: mouseVisible = False
28.3408 	EXP 	blankScreen: autoDraw = False
28.3408 	EXP 	call1: autoDraw = True
28.3408 	EXP 	call2: autoDraw = True
28.3408 	EXP 	call3: autoDraw = True
28.3408 	EXP 	call4: autoDraw = True
28.3408 	EXP 	colour1: autoDraw = True
28.3408 	EXP 	colour2: autoDraw = True
28.3408 	EXP 	colour3: autoDraw = True
28.3408 	EXP 	colour4: autoDraw = True
28.3408 	EXP 	number1: autoDraw = True
28.3408 	EXP 	number2: autoDraw = True
28.3408 	EXP 	number3: autoDraw = True
28.3408 	EXP 	number4: autoDraw = True
28.3410 	EXP 	window1: mouseVisible = False
28.3413 	EXP 	window1: mouseVisible = True
28.3571 	EXP 	window1: mouseVisible = False
28.3573 	EXP 	window1: mouseVisible = True
28.3738 	EXP 	window1: mouseVisible = False
28.3740 	EXP 	window1: mouseVisible = True
28.3904 	EXP 	window1: mouseVisible = False
28.3906 	EXP 	window1: mouseVisible = True
28.4071 	EXP 	window1: mouseVisible = False
28.4074 	EXP 	window1: mouseVisible = True
28.4237 	EXP 	window1: mouseVisible = False
28.4239 	EXP 	window1: mouseVisible = True
28.4405 	EXP 	window1: mouseVisible = False
28.4407 	EXP 	window1: mouseVisible = True
28.4572 	EXP 	window1: mouseVisible = False
28.4574 	EXP 	window1: mouseVisible = True
28.4738 	EXP 	window1: mouseVisible = False
28.4741 	EXP 	window1: mouseVisible = True
28.4907 	EXP 	window1: mouseVisible = False
28.4909 	EXP 	window1: mouseVisible = True
28.5073 	EXP 	window1: mouseVisible = False
28.5075 	EXP 	window1: mouseVisible = True
28.5239 	EXP 	window1: mouseVisible = False
28.5241 	EXP 	window1: mouseVisible = True
28.5406 	EXP 	window1: mouseVisible = False
28.5409 	EXP 	window1: mouseVisible = True
28.5572 	EXP 	window1: mouseVisible = False
28.5574 	EXP 	window1: mouseVisible = True
28.5738 	EXP 	window1: mouseVisible = False
28.5741 	EXP 	window1: mouseVisible = True
28.5904 	EXP 	window1: mouseVisible = False
28.5906 	EXP 	window1: mouseVisible = True
28.6072 	EXP 	window1: mouseVisible = False
28.6075 	EXP 	window1: mouseVisible = True
28.6240 	EXP 	window1: mouseVisible = False
28.6243 	EXP 	window1: mouseVisible = True
28.6405 	EXP 	window1: mouseVisible = False
28.6407 	EXP 	window1: mouseVisible = True
28.6574 	EXP 	window1: mouseVisible = False
28.6576 	EXP 	window1: mouseVisible = True
28.6740 	EXP 	window1: mouseVisible = False
28.6743 	EXP 	window1: mouseVisible = True
28.6907 	EXP 	window1: mouseVisible = False
28.6909 	EXP 	window1: mouseVisible = True
28.7075 	EXP 	window1: mouseVisible = False
28.7077 	EXP 	window1: mouseVisible = True
28.7241 	EXP 	window1: mouseVisible = False
28.7243 	EXP 	window1: mouseVisible = True
28.7407 	EXP 	window1: mouseVisible = False
28.7410 	EXP 	window1: mouseVisible = True
28.7574 	EXP 	window1: mouseVisible = False
28.7577 	EXP 	window1: mouseVisible = True
28.7741 	EXP 	window1: mouseVisible = False
28.7744 	EXP 	window1: mouseVisible = True
28.7908 	EXP 	window1: mouseVisible = False
28.7910 	EXP 	window1: mouseVisible = True
28.8075 	EXP 	window1: mouseVisible = False
28.8077 	EXP 	window1: mouseVisible = True
28.8241 	EXP 	window1: mouseVisible = False
28.8243 	EXP 	window1: mouseVisible = True
28.8408 	EXP 	window1: mouseVisible = False
28.8410 	EXP 	window1: mouseVisible = True
28.8576 	EXP 	window1: mouseVisible = False
28.8578 	EXP 	window1: mouseVisible = True
28.8743 	EXP 	window1: mouseVisible = False
28.8746 	EXP 	window1: mouseVisible = True
28.8908 	EXP 	window1: mouseVisible = False
28.8910 	EXP 	window1: mouseVisible = True
28.9075 	EXP 	window1: mouseVisible = False
28.9078 	EXP 	window1: mouseVisible = True
28.9241 	EXP 	window1: mouseVisible = False
28.9244 	EXP 	window1: mouseVisible = True
28.9408 	EXP 	window1: mouseVisible = False
28.9410 	EXP 	window1: mouseVisible = True
28.9578 	EXP 	window1: mouseVisible = False
28.9581 	EXP 	window1: mouseVisible = True
28.9743 	EXP 	window1: mouseVisible = False
28.9745 	EXP 	window1: mouseVisible = True
28.9910 	EXP 	window1: mouseVisible = False
28.9913 	EXP 	window1: mouseVisible = True
29.0076 	EXP 	window1: mouseVisible = False
29.0078 	EXP 	window1: mouseVisible = True
29.0242 	EXP 	window1: mouseVisible = False
29.0245 	EXP 	window1: mouseVisible = True
29.0409 	EXP 	window1: mouseVisible = False
29.0411 	EXP 	window1: mouseVisible = True
29.0576 	EXP 	window1: mouseVisible = False
29.0578 	EXP 	window1: mouseVisible = True
29.0742 	EXP 	window1: mouseVisible = False
29.0744 	EXP 	window1: mouseVisible = True
29.0910 	EXP 	window1: mouseVisible = False
29.0913 	EXP 	window1: mouseVisible = True
29.1078 	EXP 	window1: mouseVisible = False
29.1080 	EXP 	window1: mouseVisible = True
29.1245 	EXP 	window1: mouseVisible = False
29.1248 	EXP 	window1: mouseVisible = True
29.1411 	EXP 	window1: mouseVisible = False
29.1413 	EXP 	window1: mouseVisible = True
29.1577 	EXP 	window1: mouseVisible = False
29.1579 	EXP 	window1: mouseVisible = True
29.1581 	DATA 	Mouse: Left button down, pos=(682,300)
29.1908 	EXP 	call1: texRes = 128
29.1908 	EXP 	call2: texRes = 128
29.1908 	EXP 	call3: texRes = 128
29.1910 	EXP 	window1: mouseVisible = False
29.1912 	EXP 	window1: mouseVisible = True
29.2077 	EXP 	window1: mouseVisible = False
29.2079 	EXP 	window1: mouseVisible = True
29.2246 	EXP 	window1: mouseVisible = False
29.2248 	EXP 	window1: mouseVisible = True
29.2410 	EXP 	window1: mouseVisible = False
29.2411 	EXP 	window1: mouseVisible = True
29.2414 	DATA 	Mouse:  Left button up, pos=(682,300)
29.2579 	EXP 	window1: mouseVisible = False
29.2581 	EXP 	window1: mouseVisible = True
29.2744 	EXP 	window1: mouseVisible = False
29.2746 	EXP 	window1: mouseVisible = True
29.2911 	EXP 	window1: mouseVisible = False
29.2914 	EXP 	window1: mouseVisible = True
29.3079 	EXP 	window1: mouseVisible = False
29.3082 	EXP 	window1: mouseVisible = True
29.3245 	EXP 	window1: mouseVisible = False
29.3247 	EXP 	window1: mouseVisible = True
29.3412 	EXP 	window1: mouseVisible = False
29.3414 	EXP 	window1: mouseVisible = True
29.3577 	EXP 	window1: mouseVisible = False
29.3579 	EXP 	window1: mouseVisible = True
29.3745 	EXP 	window1: mouseVisible = False
29.3749 	EXP 	window1: mouseVisible = True
29.3912 	EXP 	window1: mouseVisible = False
29.3915 	EXP 	window1: mouseVisible = True
29.4079 	EXP 	window1: mouseVisible = False
29.4081 	EXP 	window1: mouseVisible = True
29.4245 	EXP 	window1: mouseVisible = False
29.4248 	EXP 	window1: mouseVisible = True
29.4412 	EXP 	window1: mouseVisible = False
29.4415 	EXP 	window1: mouseVisible = True
29.4580 	EXP 	window1: mouseVisible = False
29.4582 	EXP 	window1: mouseVisible = True
29.4748 	EXP 	window1: mouseVisible = False
29.4751 	EXP 	window1: mouseVisible = True
29.4914 	EXP 	window1: mouseVisible = False
29.4916 	EXP 	window1: mouseVisible = True
29.5081 	EXP 	window1: mouseVisible = False
29.5084 	EXP 	window1: mouseVisible = True
29.5249 	EXP 	window1: mouseVisible = False
29.5252 	EXP 	window1: mouseVisible = True
29.5414 	EXP 	window1: mouseVisible = False
29.5416 	EXP 	window1: mouseVisible = True
29.5581 	EXP 	window1: mouseVisible = False
29.5583 	EXP 	window1: mouseVisible = True
29.5748 	EXP 	window1: mouseVisible = False
29.5750 	EXP 	window1: mouseVisible = True
29.5913 	EXP 	window1: mouseVisible = False
29.5916 	EXP 	window1: mouseVisible = True
29.6081 	EXP 	window1: mouseVisible = False
29.6083 	EXP 	window1: mouseVisible = True
29.6249 	EXP 	window1: mouseVisible = False
29.6251 	EXP 	window1: mouseVisible = True
29.6415 	EXP 	window1: mouseVisible = False
29.6419 	EXP 	window1: mouseVisible = True
29.6583 	EXP 	window1: mouseVisible = False
29.6586 	EXP 	window1: mouseVisible = True
29.6748 	EXP 	window1: mouseVisible = False
29.6750 	EXP 	window1: mouseVisible = True
29.6915 	EXP 	window1: mouseVisible = False
29.6917 	EXP 	window1: mouseVisible = True
29.6922 	DATA 	Mouse: Left button down, pos=(1264,340)
29.7246 	EXP 	colour1: texRes = 128
29.7246 	EXP 	colour2: texRes = 128
29.7246 	EXP 	colour3: texRes = 128
29.7248 	EXP 	window1: mouseVisible = False
29.7251 	EXP 	window1: mouseVisible = True
29.7416 	EXP 	window1: mouseVisible = False
29.7418 	EXP 	window1: mouseVisible = True
29.7583 	EXP 	window1: mouseVisible = False
29.7586 	EXP 	window1: mouseVisible = True
29.7751 	EXP 	window1: mouseVisible = False
29.7753 	EXP 	window1: mouseVisible = True
29.7915 	EXP 	window1: mouseVisible = False
29.7918 	EXP 	window1: mouseVisible = True
29.7921 	DATA 	Mouse:  Left button up, pos=(1264,340)
29.8084 	EXP 	window1: mouseVisible = False
29.8088 	EXP 	window1: mouseVisible = True
29.8249 	EXP 	window1: mouseVisible = False
29.8251 	EXP 	window1: mouseVisible = True
29.8419 	EXP 	window1: mouseVisible = False
29.8422 	EXP 	window1: mouseVisible = True
29.8589 	EXP 	window1: mouseVisible = False
29.8592 	EXP 	window1: mouseVisible = True
29.8752 	EXP 	window1: mouseVisible = False
29.8756 	EXP 	window1: mouseVisible = True
29.8925 	EXP 	window1: mouseVisible = False
29.8928 	EXP 	window1: mouseVisible = True
29.9087 	EXP 	window1: mouseVisible = False
29.9090 	EXP 	window1: mouseVisible = True
29.9254 	EXP 	window1: mouseVisible = False
29.9257 	EXP 	window1: mouseVisible = True
29.9418 	EXP 	window1: mouseVisible = False
29.9420 	EXP 	window1: mouseVisible = True
29.9584 	EXP 	window1: mouseVisible = False
29.9586 	EXP 	window1: mouseVisible = True
29.9751 	EXP 	window1: mouseVisible = False
29.9755 	EXP 	window1: mouseVisible = True
29.9919 	EXP 	window1: mouseVisible = False
29.9921 	EXP 	window1: mouseVisible = True
30.0086 	EXP 	window1: mouseVisible = False
30.0090 	EXP 	window1: mouseVisible = True
30.0257 	EXP 	window1: mouseVisible = False
30.0261 	EXP 	window1: mouseVisible = True
30.0420 	EXP 	window1: mouseVisible = False
30.0423 	EXP 	window1: mouseVisible = True
30.0592 	EXP 	window1: mouseVisible = False
30.0595 	EXP 	window1: mouseVisible = True
30.0762 	EXP 	window1: mouseVisible = False
30.0766 	EXP 	window1: mouseVisible = True
30.0922 	EXP 	window1: mouseVisible = False
30.0924 	EXP 	window1: mouseVisible = True
30.1090 	EXP 	window1: mouseVisible = False
30.1094 	EXP 	window1: mouseVisible = True
30.1252 	EXP 	window1: mouseVisible = False
30.1255 	EXP 	window1: mouseVisible = True
30.1419 	EXP 	window1: mouseVisible = False
30.1422 	EXP 	window1: mouseVisible = True
30.1584 	EXP 	window1: mouseVisible = False
30.1587 	EXP 	window1: mouseVisible = True
30.1755 	EXP 	window1: mouseVisible = False
30.1759 	EXP 	window1: mouseVisible = True
30.1922 	EXP 	window1: mouseVisible = False
30.1927 	EXP 	window1: mouseVisible = True
30.2087 	EXP 	window1: mouseVisible = False
30.2090 	EXP 	window1: mouseVisible = True
30.2256 	EXP 	window1: mouseVisible = False
30.2259 	EXP 	window1: mouseVisible = True
30.2422 	EXP 	window1: mouseVisible = False
30.2427 	EXP 	window1: mouseVisible = True
30.2587 	EXP 	window1: mouseVisible = False
30.2590 	EXP 	window1: mouseVisible = True
30.2595 	DATA 	Mouse: Left button down, pos=(1736,561)
30.2719 	EXP 	New trial (rep=0, index=2): OrderedDict([('audiofile', 'audio/NV_DE_Neural2-F_Ti-ro-Dr_0.6p.wav'), ('duration', 4.843), ('noise', 'NV'), ('voice', 'Neural2-F'), ('words', 'Ti-ro-Dr'), ('callSign', 'Ti'), ('colour', 'ro'), ('number', 'Dr'), ('levels', '0.6p'), ('trigger_start', 100), ('trigger_end', 101), ('trigger_call', 114), ('trigger_col', 123), ('trigger_num', 133), ('file', 'DE_Neural2-F_Ti-ro-Dr.TextGrid'), ('firstSound_tmin', 0.17712), ('lastSound_tmax', 4.104053164018524), ('token_1_tmin', 0.7139336372178473), ('token_1_tmax', 1.190906294782748), ('token_2_tmin', 2.225340480927432), ('token_2_tmax', 2.58712), ('token_3_tmin', 3.777040552371754), ('token_3_tmax', 4.104053164018524), ('rater', 'mean'), ('newidx', 1), ('block', 'NV1')])
30.4180 	EXP 	window1: mouseVisible = False
30.4245 	EXP 	Sound sound_1 started
30.4197 	DATA 	Mouse:  Left button up, pos=(1787,543)
30.4253 	EXP 	number1: texRes = 128
30.4253 	EXP 	number2: texRes = 128
30.4253 	EXP 	number4: texRes = 128
30.4253 	EXP 	blankScreenAfterResponse: autoDraw = True
30.4253 	EXP 	blankScreen: autoDraw = False
30.4253 	EXP 	call1: autoDraw = False
30.4253 	EXP 	call2: autoDraw = False
30.4253 	EXP 	call3: autoDraw = False
30.4253 	EXP 	call4: autoDraw = False
30.4253 	EXP 	colour1: autoDraw = False
30.4253 	EXP 	colour2: autoDraw = False
30.4253 	EXP 	colour3: autoDraw = False
30.4253 	EXP 	colour4: autoDraw = False
30.4253 	EXP 	number1: autoDraw = False
30.4253 	EXP 	number2: autoDraw = False
30.4253 	EXP 	number3: autoDraw = False
30.4253 	EXP 	number4: autoDraw = False
30.4253 	EXP 	blankScreenAfterResponse: autoDraw = False
30.4253 	EXP 	fixation: autoDraw = True
34.8806 	EXP 	Sound sound_1 reached end of file
34.9285 	EXP 	window1: mouseVisible = False
34.9456 	EXP 	fixation: autoDraw = False
34.9456 	EXP 	screenAfterAudio: autoDraw = True
34.9456 	EXP 	screenAfterAudio: autoDraw = False
34.9456 	EXP 	fixation: autoDraw = False
34.9456 	EXP 	screenAfterAudio: autoDraw = False
34.9456 	EXP 	call1: texRes = 128
34.9456 	EXP 	call2: texRes = 128
34.9456 	EXP 	call3: texRes = 128
34.9456 	EXP 	call4: texRes = 128
34.9456 	EXP 	colour1: texRes = 128
34.9456 	EXP 	colour2: texRes = 128
34.9456 	EXP 	colour3: texRes = 128
34.9456 	EXP 	colour4: texRes = 128
34.9456 	EXP 	number1: texRes = 128
34.9456 	EXP 	number2: texRes = 128
34.9456 	EXP 	number3: texRes = 128
34.9456 	EXP 	number4: texRes = 128
34.9456 	EXP 	blankScreen: autoDraw = True
34.9458 	EXP 	window1: mouseVisible = False
34.9627 	EXP 	window1: mouseVisible = False
34.9790 	EXP 	window1: mouseVisible = False
34.9958 	EXP 	window1: mouseVisible = False
35.0125 	EXP 	window1: mouseVisible = False
35.0295 	EXP 	window1: mouseVisible = False
35.0459 	EXP 	window1: mouseVisible = False
35.0625 	EXP 	window1: mouseVisible = False
35.0794 	EXP 	window1: mouseVisible = False
35.0958 	EXP 	window1: mouseVisible = False
35.1128 	EXP 	window1: mouseVisible = False
35.1295 	EXP 	window1: mouseVisible = False
35.1461 	EXP 	window1: mouseVisible = False
35.1627 	EXP 	window1: mouseVisible = False
35.1792 	EXP 	window1: mouseVisible = False
35.1961 	EXP 	window1: mouseVisible = False
35.2126 	EXP 	window1: mouseVisible = False
35.2293 	EXP 	window1: mouseVisible = False
35.2461 	EXP 	window1: mouseVisible = False
35.2627 	EXP 	window1: mouseVisible = False
35.2792 	EXP 	window1: mouseVisible = False
35.2959 	EXP 	window1: mouseVisible = False
35.3125 	EXP 	window1: mouseVisible = False
35.3292 	EXP 	window1: mouseVisible = False
35.3468 	EXP 	window1: mouseVisible = False
35.3630 	EXP 	window1: mouseVisible = False
35.3796 	EXP 	window1: mouseVisible = False
35.3962 	EXP 	window1: mouseVisible = False
35.4131 	EXP 	window1: mouseVisible = False
35.4297 	EXP 	window1: mouseVisible = False
35.4462 	EXP 	window1: mouseVisible = False
35.4628 	EXP 	window1: mouseVisible = False
35.4796 	EXP 	window1: mouseVisible = False
35.4963 	EXP 	window1: mouseVisible = False
35.5132 	EXP 	window1: mouseVisible = False
35.5297 	EXP 	window1: mouseVisible = False
35.5465 	EXP 	window1: mouseVisible = False
35.5630 	EXP 	window1: mouseVisible = False
35.5798 	EXP 	window1: mouseVisible = False
35.5964 	EXP 	window1: mouseVisible = False
35.6130 	EXP 	window1: mouseVisible = False
35.6298 	EXP 	window1: mouseVisible = False
35.6464 	EXP 	window1: mouseVisible = False
35.6629 	EXP 	window1: mouseVisible = False
35.6797 	EXP 	window1: mouseVisible = False
35.6965 	EXP 	window1: mouseVisible = False
35.7130 	EXP 	window1: mouseVisible = False
35.7299 	EXP 	window1: mouseVisible = False
35.7465 	EXP 	window1: mouseVisible = False
35.7632 	EXP 	window1: mouseVisible = False
35.7799 	EXP 	window1: mouseVisible = False
35.7966 	EXP 	window1: mouseVisible = False
35.8132 	EXP 	window1: mouseVisible = False
35.8298 	EXP 	window1: mouseVisible = False
35.8467 	EXP 	window1: mouseVisible = False
35.8633 	EXP 	window1: mouseVisible = False
35.8800 	EXP 	window1: mouseVisible = False
35.8966 	EXP 	window1: mouseVisible = False
35.9132 	EXP 	window1: mouseVisible = False
35.9300 	EXP 	window1: mouseVisible = False
35.9462 	EXP 	blankScreen: autoDraw = False
35.9462 	EXP 	call1: autoDraw = True
35.9462 	EXP 	call2: autoDraw = True
35.9462 	EXP 	call3: autoDraw = True
35.9462 	EXP 	call4: autoDraw = True
35.9462 	EXP 	colour1: autoDraw = True
35.9462 	EXP 	colour2: autoDraw = True
35.9462 	EXP 	colour3: autoDraw = True
35.9462 	EXP 	colour4: autoDraw = True
35.9462 	EXP 	number1: autoDraw = True
35.9462 	EXP 	number2: autoDraw = True
35.9462 	EXP 	number3: autoDraw = True
35.9462 	EXP 	number4: autoDraw = True
35.9464 	EXP 	window1: mouseVisible = False
35.9466 	EXP 	window1: mouseVisible = True
35.9634 	EXP 	window1: mouseVisible = False
35.9636 	EXP 	window1: mouseVisible = True
35.9801 	EXP 	window1: mouseVisible = False
35.9806 	EXP 	window1: mouseVisible = True
35.9967 	EXP 	window1: mouseVisible = False
35.9970 	EXP 	window1: mouseVisible = True
36.0135 	EXP 	window1: mouseVisible = False
36.0137 	EXP 	window1: mouseVisible = True
36.0302 	EXP 	window1: mouseVisible = False
36.0305 	EXP 	window1: mouseVisible = True
36.0468 	EXP 	window1: mouseVisible = False
36.0472 	EXP 	window1: mouseVisible = True
36.0636 	EXP 	window1: mouseVisible = False
36.0638 	EXP 	window1: mouseVisible = True
36.0800 	EXP 	window1: mouseVisible = False
36.0803 	EXP 	window1: mouseVisible = True
36.0969 	EXP 	window1: mouseVisible = False
36.0972 	EXP 	window1: mouseVisible = True
36.1136 	EXP 	window1: mouseVisible = False
36.1138 	EXP 	window1: mouseVisible = True
36.1303 	EXP 	window1: mouseVisible = False
36.1306 	EXP 	window1: mouseVisible = True
36.1467 	EXP 	window1: mouseVisible = False
36.1470 	EXP 	window1: mouseVisible = True
36.1636 	EXP 	window1: mouseVisible = False
36.1639 	EXP 	window1: mouseVisible = True
36.1802 	EXP 	window1: mouseVisible = False
36.1805 	EXP 	window1: mouseVisible = True
36.1971 	EXP 	window1: mouseVisible = False
36.1975 	EXP 	window1: mouseVisible = True
36.2135 	EXP 	window1: mouseVisible = False
36.2138 	EXP 	window1: mouseVisible = True
36.2309 	EXP 	window1: mouseVisible = False
36.2312 	EXP 	window1: mouseVisible = True
36.2471 	EXP 	window1: mouseVisible = False
36.2474 	EXP 	window1: mouseVisible = True
36.2641 	EXP 	window1: mouseVisible = False
36.2644 	EXP 	window1: mouseVisible = True
36.2808 	EXP 	window1: mouseVisible = False
36.2811 	EXP 	window1: mouseVisible = True
36.2976 	EXP 	window1: mouseVisible = False
36.2979 	EXP 	window1: mouseVisible = True
36.3142 	EXP 	window1: mouseVisible = False
36.3143 	EXP 	window1: mouseVisible = True
36.3311 	EXP 	window1: mouseVisible = False
36.3315 	EXP 	window1: mouseVisible = True
36.3471 	EXP 	window1: mouseVisible = False
36.3473 	EXP 	window1: mouseVisible = True
36.3637 	EXP 	window1: mouseVisible = False
36.3640 	EXP 	window1: mouseVisible = True
36.3806 	EXP 	window1: mouseVisible = False
36.3809 	EXP 	window1: mouseVisible = True
36.3979 	EXP 	window1: mouseVisible = False
36.3983 	EXP 	window1: mouseVisible = True
36.4142 	EXP 	window1: mouseVisible = False
36.4144 	EXP 	window1: mouseVisible = True
36.4306 	EXP 	window1: mouseVisible = False
36.4308 	EXP 	window1: mouseVisible = True
36.4473 	EXP 	window1: mouseVisible = False
36.4475 	EXP 	window1: mouseVisible = True
36.4638 	EXP 	window1: mouseVisible = False
36.4642 	EXP 	window1: mouseVisible = True
36.4806 	EXP 	window1: mouseVisible = False
36.4808 	EXP 	window1: mouseVisible = True
36.4973 	EXP 	window1: mouseVisible = False
36.4977 	EXP 	window1: mouseVisible = True
36.5139 	EXP 	window1: mouseVisible = False
36.5141 	EXP 	window1: mouseVisible = True
36.5307 	EXP 	window1: mouseVisible = False
36.5310 	EXP 	window1: mouseVisible = True
36.5472 	EXP 	window1: mouseVisible = False
36.5475 	EXP 	window1: mouseVisible = True
36.5638 	EXP 	window1: mouseVisible = False
36.5640 	EXP 	window1: mouseVisible = True
36.5807 	EXP 	window1: mouseVisible = False
36.5810 	EXP 	window1: mouseVisible = True
36.5974 	EXP 	window1: mouseVisible = False
36.5977 	EXP 	window1: mouseVisible = True
36.6140 	EXP 	window1: mouseVisible = False
36.6143 	EXP 	window1: mouseVisible = True
36.6306 	EXP 	window1: mouseVisible = False
36.6308 	EXP 	window1: mouseVisible = True
36.6474 	EXP 	window1: mouseVisible = False
36.6477 	EXP 	window1: mouseVisible = True
36.6644 	EXP 	window1: mouseVisible = False
36.6648 	EXP 	window1: mouseVisible = True
36.6810 	EXP 	window1: mouseVisible = False
36.6814 	EXP 	window1: mouseVisible = True
36.6975 	EXP 	window1: mouseVisible = False
36.6978 	EXP 	window1: mouseVisible = True
36.7143 	EXP 	window1: mouseVisible = False
36.7145 	EXP 	window1: mouseVisible = True
36.7306 	EXP 	window1: mouseVisible = False
36.7308 	EXP 	window1: mouseVisible = True
36.7472 	EXP 	window1: mouseVisible = False
36.7475 	EXP 	window1: mouseVisible = True
36.7644 	EXP 	window1: mouseVisible = False
36.7647 	EXP 	window1: mouseVisible = True
36.7809 	EXP 	window1: mouseVisible = False
36.7811 	EXP 	window1: mouseVisible = True
36.7975 	EXP 	window1: mouseVisible = False
36.7978 	EXP 	window1: mouseVisible = True
36.8142 	EXP 	window1: mouseVisible = False
36.8144 	EXP 	window1: mouseVisible = True
36.8310 	EXP 	window1: mouseVisible = False
36.8313 	EXP 	window1: mouseVisible = True
36.8475 	EXP 	window1: mouseVisible = False
36.8477 	EXP 	window1: mouseVisible = True
36.8643 	EXP 	window1: mouseVisible = False
36.8646 	EXP 	window1: mouseVisible = True
36.8809 	EXP 	window1: mouseVisible = False
36.8813 	EXP 	window1: mouseVisible = True
36.8975 	EXP 	window1: mouseVisible = False
36.8978 	EXP 	window1: mouseVisible = True
36.9143 	EXP 	window1: mouseVisible = False
36.9145 	EXP 	window1: mouseVisible = True
36.9310 	EXP 	window1: mouseVisible = False
36.9314 	EXP 	window1: mouseVisible = True
36.9477 	EXP 	window1: mouseVisible = False
36.9480 	EXP 	window1: mouseVisible = True
36.9648 	EXP 	window1: mouseVisible = False
36.9651 	EXP 	window1: mouseVisible = True
36.9810 	EXP 	window1: mouseVisible = False
36.9813 	EXP 	window1: mouseVisible = True
36.9976 	EXP 	window1: mouseVisible = False
36.9979 	EXP 	window1: mouseVisible = True
37.0141 	EXP 	window1: mouseVisible = False
37.0144 	EXP 	window1: mouseVisible = True
37.0311 	EXP 	window1: mouseVisible = False
37.0316 	EXP 	window1: mouseVisible = True
37.0477 	EXP 	window1: mouseVisible = False
37.0479 	EXP 	window1: mouseVisible = True
37.0644 	EXP 	window1: mouseVisible = False
37.0647 	EXP 	window1: mouseVisible = True
37.0812 	EXP 	window1: mouseVisible = False
37.0815 	EXP 	window1: mouseVisible = True
37.0978 	EXP 	window1: mouseVisible = False
37.0982 	EXP 	window1: mouseVisible = True
37.1147 	EXP 	window1: mouseVisible = False
37.1149 	EXP 	window1: mouseVisible = True
37.1313 	EXP 	window1: mouseVisible = False
37.1316 	EXP 	window1: mouseVisible = True
37.1478 	EXP 	window1: mouseVisible = False
37.1481 	EXP 	window1: mouseVisible = True
37.1644 	EXP 	window1: mouseVisible = False
37.1648 	EXP 	window1: mouseVisible = True
37.1813 	EXP 	window1: mouseVisible = False
37.1817 	EXP 	window1: mouseVisible = True
37.1979 	EXP 	window1: mouseVisible = False
37.1981 	EXP 	window1: mouseVisible = True
37.2145 	EXP 	window1: mouseVisible = False
37.2148 	EXP 	window1: mouseVisible = True
37.2317 	EXP 	window1: mouseVisible = False
37.2321 	EXP 	window1: mouseVisible = True
37.2482 	EXP 	window1: mouseVisible = False
37.2484 	EXP 	window1: mouseVisible = True
37.2651 	EXP 	window1: mouseVisible = False
37.2655 	EXP 	window1: mouseVisible = True
37.2812 	EXP 	window1: mouseVisible = False
37.2814 	EXP 	window1: mouseVisible = True
37.2980 	EXP 	window1: mouseVisible = False
37.2983 	EXP 	window1: mouseVisible = True
37.3146 	EXP 	window1: mouseVisible = False
37.3149 	EXP 	window1: mouseVisible = True
37.3310 	EXP 	window1: mouseVisible = False
37.3313 	EXP 	window1: mouseVisible = True
37.3479 	EXP 	window1: mouseVisible = False
37.3482 	EXP 	window1: mouseVisible = True
37.3651 	EXP 	window1: mouseVisible = False
37.3653 	EXP 	window1: mouseVisible = True
37.3816 	EXP 	window1: mouseVisible = False
37.3819 	EXP 	window1: mouseVisible = True
37.3980 	EXP 	window1: mouseVisible = False
37.3983 	EXP 	window1: mouseVisible = True
37.4147 	EXP 	window1: mouseVisible = False
37.4149 	EXP 	window1: mouseVisible = True
37.4313 	EXP 	window1: mouseVisible = False
37.4316 	EXP 	window1: mouseVisible = True
37.4482 	EXP 	window1: mouseVisible = False
37.4485 	EXP 	window1: mouseVisible = True
37.4647 	EXP 	window1: mouseVisible = False
37.4650 	EXP 	window1: mouseVisible = True
37.4813 	EXP 	window1: mouseVisible = False
37.4816 	EXP 	window1: mouseVisible = True
37.4980 	EXP 	window1: mouseVisible = False
37.4985 	EXP 	window1: mouseVisible = True
37.5149 	EXP 	window1: mouseVisible = False
37.5152 	EXP 	window1: mouseVisible = True
37.5315 	EXP 	window1: mouseVisible = False
37.5317 	EXP 	window1: mouseVisible = True
37.5484 	EXP 	window1: mouseVisible = False
37.5487 	EXP 	window1: mouseVisible = True
37.5648 	EXP 	window1: mouseVisible = False
37.5651 	EXP 	window1: mouseVisible = True
37.5817 	EXP 	window1: mouseVisible = False
37.5820 	EXP 	window1: mouseVisible = True
37.5984 	EXP 	window1: mouseVisible = False
37.5987 	EXP 	window1: mouseVisible = True
37.6148 	EXP 	window1: mouseVisible = False
37.6151 	EXP 	window1: mouseVisible = True
37.6315 	EXP 	window1: mouseVisible = False
37.6318 	EXP 	window1: mouseVisible = True
37.6481 	EXP 	window1: mouseVisible = False
37.6483 	EXP 	window1: mouseVisible = True
37.6650 	EXP 	window1: mouseVisible = False
37.6652 	EXP 	window1: mouseVisible = True
37.6818 	EXP 	window1: mouseVisible = False
37.6821 	EXP 	window1: mouseVisible = True
37.6986 	EXP 	window1: mouseVisible = False
37.6988 	EXP 	window1: mouseVisible = True
37.7148 	EXP 	window1: mouseVisible = False
37.7150 	EXP 	window1: mouseVisible = True
37.7318 	EXP 	window1: mouseVisible = False
37.7321 	EXP 	window1: mouseVisible = True
37.7485 	EXP 	window1: mouseVisible = False
37.7488 	EXP 	window1: mouseVisible = True
37.7650 	EXP 	window1: mouseVisible = False
37.7653 	EXP 	window1: mouseVisible = True
37.7819 	EXP 	window1: mouseVisible = False
37.7821 	EXP 	window1: mouseVisible = True
37.7986 	EXP 	window1: mouseVisible = False
37.7989 	EXP 	window1: mouseVisible = True
37.8155 	EXP 	window1: mouseVisible = False
37.8158 	EXP 	window1: mouseVisible = True
37.8317 	EXP 	window1: mouseVisible = False
37.8320 	EXP 	window1: mouseVisible = True
37.8485 	EXP 	window1: mouseVisible = False
37.8488 	EXP 	window1: mouseVisible = True
37.8651 	EXP 	window1: mouseVisible = False
37.8655 	EXP 	window1: mouseVisible = True
37.8818 	EXP 	window1: mouseVisible = False
37.8821 	EXP 	window1: mouseVisible = True
37.8983 	EXP 	window1: mouseVisible = False
37.8985 	EXP 	window1: mouseVisible = True
37.9152 	EXP 	window1: mouseVisible = False
37.9155 	EXP 	window1: mouseVisible = True
37.9320 	EXP 	window1: mouseVisible = False
37.9323 	EXP 	window1: mouseVisible = True
37.9488 	EXP 	window1: mouseVisible = False
37.9491 	EXP 	window1: mouseVisible = True
37.9651 	EXP 	window1: mouseVisible = False
37.9653 	EXP 	window1: mouseVisible = True
37.9820 	EXP 	window1: mouseVisible = False
37.9822 	EXP 	window1: mouseVisible = True
37.9988 	EXP 	window1: mouseVisible = False
37.9991 	EXP 	window1: mouseVisible = True
38.0153 	EXP 	window1: mouseVisible = False
38.0156 	EXP 	window1: mouseVisible = True
38.0318 	EXP 	window1: mouseVisible = False
38.0320 	EXP 	window1: mouseVisible = True
38.0488 	EXP 	window1: mouseVisible = False
38.0491 	EXP 	window1: mouseVisible = True
38.0653 	EXP 	window1: mouseVisible = False
38.0657 	EXP 	window1: mouseVisible = True
38.0819 	EXP 	window1: mouseVisible = False
38.0822 	EXP 	window1: mouseVisible = True
38.0988 	EXP 	window1: mouseVisible = False
38.0990 	EXP 	window1: mouseVisible = True
38.1153 	EXP 	window1: mouseVisible = False
38.1157 	EXP 	window1: mouseVisible = True
38.1318 	EXP 	window1: mouseVisible = False
38.1321 	EXP 	window1: mouseVisible = True
38.1488 	EXP 	window1: mouseVisible = False
38.1491 	EXP 	window1: mouseVisible = True
38.1652 	EXP 	window1: mouseVisible = False
38.1656 	EXP 	window1: mouseVisible = True
38.1819 	EXP 	window1: mouseVisible = False
38.1821 	EXP 	window1: mouseVisible = True
38.1996 	EXP 	window1: mouseVisible = False
38.1999 	EXP 	window1: mouseVisible = True
38.2154 	EXP 	window1: mouseVisible = False
38.2156 	EXP 	window1: mouseVisible = True
38.2322 	EXP 	window1: mouseVisible = False
38.2324 	EXP 	window1: mouseVisible = True
38.2491 	EXP 	window1: mouseVisible = False
38.2493 	EXP 	window1: mouseVisible = True
38.2655 	EXP 	window1: mouseVisible = False
38.2658 	EXP 	window1: mouseVisible = True
38.2823 	EXP 	window1: mouseVisible = False
38.2825 	EXP 	window1: mouseVisible = True
38.2990 	EXP 	window1: mouseVisible = False
38.2993 	EXP 	window1: mouseVisible = True
38.3153 	EXP 	window1: mouseVisible = False
38.3156 	EXP 	window1: mouseVisible = True
38.3323 	EXP 	window1: mouseVisible = False
38.3325 	EXP 	window1: mouseVisible = True
38.3487 	EXP 	window1: mouseVisible = False
38.3490 	EXP 	window1: mouseVisible = True
38.3655 	EXP 	window1: mouseVisible = False
38.3657 	EXP 	window1: mouseVisible = True
38.3823 	EXP 	window1: mouseVisible = False
38.3826 	EXP 	window1: mouseVisible = True
38.3990 	EXP 	window1: mouseVisible = False
38.3993 	EXP 	window1: mouseVisible = True
38.4153 	EXP 	window1: mouseVisible = False
38.4155 	EXP 	window1: mouseVisible = True
38.4332 	EXP 	window1: mouseVisible = False
38.4334 	EXP 	window1: mouseVisible = True
38.4489 	EXP 	window1: mouseVisible = False
38.4492 	EXP 	window1: mouseVisible = True
38.4652 	EXP 	window1: mouseVisible = False
38.4655 	EXP 	window1: mouseVisible = True
38.4823 	EXP 	window1: mouseVisible = False
38.4825 	EXP 	window1: mouseVisible = True
38.4988 	EXP 	window1: mouseVisible = False
38.4991 	EXP 	window1: mouseVisible = True
38.5159 	EXP 	window1: mouseVisible = False
38.5162 	EXP 	window1: mouseVisible = True
38.5328 	EXP 	window1: mouseVisible = False
38.5330 	EXP 	window1: mouseVisible = True
38.5491 	EXP 	window1: mouseVisible = False
38.5495 	EXP 	window1: mouseVisible = True
38.5655 	EXP 	window1: mouseVisible = False
38.5658 	EXP 	window1: mouseVisible = True
38.5824 	EXP 	window1: mouseVisible = False
38.5827 	EXP 	window1: mouseVisible = True
38.5993 	EXP 	window1: mouseVisible = False
38.5995 	EXP 	window1: mouseVisible = True
38.6156 	EXP 	window1: mouseVisible = False
38.6159 	EXP 	window1: mouseVisible = True
38.6324 	EXP 	window1: mouseVisible = False
38.6327 	EXP 	window1: mouseVisible = True
38.6490 	EXP 	window1: mouseVisible = False
38.6494 	EXP 	window1: mouseVisible = True
38.6657 	EXP 	window1: mouseVisible = False
38.6659 	EXP 	window1: mouseVisible = True
38.6824 	EXP 	window1: mouseVisible = False
38.6827 	EXP 	window1: mouseVisible = True
38.6992 	EXP 	window1: mouseVisible = False
38.6995 	EXP 	window1: mouseVisible = True
38.7159 	EXP 	window1: mouseVisible = False
38.7162 	EXP 	window1: mouseVisible = True
38.7325 	EXP 	window1: mouseVisible = False
38.7327 	EXP 	window1: mouseVisible = True
38.7492 	EXP 	window1: mouseVisible = False
38.7494 	EXP 	window1: mouseVisible = True
38.7666 	EXP 	window1: mouseVisible = False
38.7670 	EXP 	window1: mouseVisible = True
38.7826 	EXP 	window1: mouseVisible = False
38.7828 	EXP 	window1: mouseVisible = True
38.7990 	EXP 	window1: mouseVisible = False
38.7992 	EXP 	window1: mouseVisible = True
38.8159 	EXP 	window1: mouseVisible = False
38.8161 	EXP 	window1: mouseVisible = True
38.8325 	EXP 	window1: mouseVisible = False
38.8327 	EXP 	window1: mouseVisible = True
38.8494 	EXP 	window1: mouseVisible = False
38.8496 	EXP 	window1: mouseVisible = True
38.8661 	EXP 	window1: mouseVisible = False
38.8663 	EXP 	window1: mouseVisible = True
38.8825 	EXP 	window1: mouseVisible = False
38.8827 	EXP 	window1: mouseVisible = True
38.8994 	EXP 	window1: mouseVisible = False
38.8996 	EXP 	window1: mouseVisible = True
38.9159 	EXP 	window1: mouseVisible = False
38.9161 	EXP 	window1: mouseVisible = True
38.9326 	EXP 	window1: mouseVisible = False
38.9329 	EXP 	window1: mouseVisible = True
38.9497 	EXP 	window1: mouseVisible = False
38.9500 	EXP 	window1: mouseVisible = True
38.9660 	EXP 	window1: mouseVisible = False
38.9662 	EXP 	window1: mouseVisible = True
38.9664 	DATA 	Keypress: escape
38.9829 	EXP 	window1: mouseVisible = False
38.9832 	EXP 	window1: mouseVisible = True
38.9994 	EXP 	window1: mouseVisible = False
38.9996 	EXP 	window1: mouseVisible = True
39.0160 	EXP 	window1: mouseVisible = False
39.0162 	EXP 	window1: mouseVisible = True
39.0327 	EXP 	window1: mouseVisible = False
39.0330 	EXP 	window1: mouseVisible = True
39.0494 	EXP 	window1: mouseVisible = False
39.0498 	EXP 	window1: mouseVisible = True
39.0663 	EXP 	window1: mouseVisible = False
39.0667 	EXP 	window1: mouseVisible = True
39.0831 	EXP 	window1: mouseVisible = False
39.0833 	EXP 	window1: mouseVisible = True
39.1002 	EXP 	window1: mouseVisible = False
39.1005 	EXP 	window1: mouseVisible = True
39.1162 	EXP 	window1: mouseVisible = False
39.1164 	EXP 	window1: mouseVisible = True
39.1327 	EXP 	window1: mouseVisible = False
39.1329 	EXP 	window1: mouseVisible = True
39.1495 	EXP 	window1: mouseVisible = False
39.1497 	EXP 	window1: mouseVisible = True
39.1661 	EXP 	window1: mouseVisible = False
39.1664 	EXP 	window1: mouseVisible = True
39.1828 	EXP 	window1: mouseVisible = False
39.1830 	EXP 	window1: mouseVisible = True
40.3954 	EXP 	window1: mouseVisible = True
