6.2170 	EXP 	Created window1 = Window(allowGUI=True, allowStencil=False, autoLog=True, backendConf=UNKNOWN, bitsMode=UNKNOWN, blendMode='avg', bpc=(8, 8, 8), color=array([0, 0, 0]), colorSpace='rgb', depthBits=8, fullscr=<method-wrapper '__getattribute__' of attributeSetter object at 0x0000021F1127C2E0>, gamma=None, gammaErrorPolicy='raise', lms=UNKNOWN, monitor=<psychopy.monitors.calibTools.Monitor object at 0x0000021F38276DC0>, multiSample=False, name='window1', numSamples=2, pos=(0, 0), screen=0, size=array([2560, 1440]), stencilBits=0, stereo=False, units='height', useFBO=True, useRetina=False, viewOri=0.0, viewPos=None, viewScale=None, waitBlanking=True, winType='pyglet')
6.2171 	EXP 	window1: mouseVisible = True
6.2172 	EXP 	window1: mouseVisible = False
6.2172 	EXP 	window1: Attempting to measure frame rate of screen (0) ...
6.2173 	EXP 	window1: recordFrameIntervals = False
6.3824 	EXP 	window1: recordFrameIntervals = True
6.5825 	WARNING 	t of last frame was 20.60ms (=1/48)
6.7495 	EXP 	Screen (0) actual frame rate measured at 59.99Hz
6.7495 	EXP 	window1: recordFrameIntervals = False
8.7115 	EXP 	Created instrTrainText = TextStim(__class__=<class 'psychopy.visual.text.TextStim'>, alignHoriz=method-wrapper(...), alignText='center', alignVert=method-wrapper(...), anchorHoriz='center', anchorVert='center', antialias=True, autoDraw=False, autoLog=True, bold=False, color=array([1., 1., 1.]), colorSpace='rgb', contrast=1.0, depth=-1.0, flipHoriz=False, flipVert=False, font='Arial', fontFiles=[], height=0.04, italic=False, languageStyle='LTR', name='instrTrainText', opacity=1.0, ori=0, pos=array([0., 0.]), rgb=UNKNOWN, text=str(...), units='height', win=Window(...), wrapWidth=1)
8.7140 	EXP 	Created blockStart = TextStim(__class__=<class 'psychopy.visual.text.TextStim'>, alignHoriz=method-wrapper(...), alignText='center', alignVert=method-wrapper(...), anchorHoriz='center', anchorVert='center', antialias=True, autoDraw=False, autoLog=True, bold=False, color=array([1., 1., 1.]), colorSpace='rgb', contrast=1.0, depth=0.0, flipHoriz=False, flipVert=False, font='Arial', fontFiles=[], height=0.04, italic=False, languageStyle='LTR', name='blockStart', opacity=1.0, ori=0, pos=array([0., 0.]), rgb=UNKNOWN, text='Begin  block ', units='height', win=Window(...), wrapWidth=1)
10.1002 	EXP 	Sound sound_1 set volume 1.000
10.1039 	EXP 	Created fixation = ShapeStim(__class__=<class 'psychopy.visual.shape.ShapeStim'>, anchor=('center', 'center'), autoDraw=False, autoLog=True, closeShape=True, color=method-wrapper(...), colorSpace='rgb', contrast=None, depth=-2.0, fillColor=array([1, 1, 1]), fillColorSpace='rgb', fillRGB=array([1, 1, 1]), interpolate=True, lineColor=array([1., 1., 1.]), lineColorSpace='rgb', lineRGB=array([1, 1, 1]), lineWidth=0.5, name='fixation', opacity=0.75, ori=0.0, pos=array([0., 0.]), size=array([0.05, 0.05]), units='height', vertices=ndarray(...), win=Window(...), windingRule=None)
10.1229 	EXP 	Created screenAfterAudio = ImageStim(__class__=<class 'psychopy.visual.image.ImageStim'>, anchor=('center', 'center'), autoLog=True, color=array([1., 1., 1.]), colorSpace='rgb', contrast=1.0, depth=-4.0, flipHoriz=False, flipVert=False, image='images/grayScreen.png', interpolate=True, mask=None, maskParams=None, name='screenAfterAudio', opacity=1.0, ori=0.0, pos=array([0., 0.]), size=array([0.5, 0.5]), texRes=128.0, units='height', win=Window(...))
10.1372 	EXP 	Created blankScreen = ImageStim(__class__=<class 'psychopy.visual.image.ImageStim'>, anchor=('center', 'center'), autoLog=True, color=array([1., 1., 1.]), colorSpace='rgb', contrast=1.0, depth=-4.0, flipHoriz=False, flipVert=False, image='images/grayScreen.png', interpolate=True, mask=None, maskParams=None, name='blankScreen', opacity=1.0, ori=0.0, pos=array([0., 0.]), size=array([1920., 1080.]), texRes=128, units='height', win=Window(...))
10.2687 	EXP 	Created call1 = ImageStim(__class__=<class 'psychopy.visual.image.ImageStim'>, anchor=('center', 'center'), autoLog=True, color=array([1., 1., 1.]), colorSpace='rgb', contrast=1.0, depth=-5.0, flipHoriz=False, flipVert=False, image='images/adler.png', interpolate=True, mask=None, maskParams=None, name='call1', opacity=1.0, ori=0.0, pos=array([-0.4   ,  0.3125]), size=array([0.18, 0.18]), texRes=128, units='height', win=Window(...))
10.3847 	EXP 	Created call2 = ImageStim(__class__=<class 'psychopy.visual.image.ImageStim'>, anchor=('center', 'center'), autoLog=True, color=array([1., 1., 1.]), colorSpace='rgb', contrast=1.0, depth=-6.0, flipHoriz=False, flipVert=False, image='images/drossel.png', interpolate=True, mask=None, maskParams=None, name='call2', opacity=1.0, ori=0.0, pos=array([-0.4       ,  0.10416667]), size=array([0.18, 0.18]), texRes=128, units='height', win=Window(...))
10.5022 	EXP 	Created call3 = ImageStim(__class__=<class 'psychopy.visual.image.ImageStim'>, anchor=('center', 'center'), autoLog=True, color=array([1., 1., 1.]), colorSpace='rgb', contrast=1.0, depth=-7.0, flipHoriz=False, flipVert=False, image='images/tiger.png', interpolate=True, mask=None, maskParams=None, name='call3', opacity=1.0, ori=0.0, pos=array([-0.4       , -0.10416667]), size=array([0.18, 0.18]), texRes=128, units='height', win=Window(...))
10.6218 	EXP 	Created call4 = ImageStim(__class__=<class 'psychopy.visual.image.ImageStim'>, anchor=('center', 'center'), autoLog=True, color=array([1., 1., 1.]), colorSpace='rgb', contrast=1.0, depth=-8.0, flipHoriz=False, flipVert=False, image='images/kroete.png', interpolate=True, mask=None, maskParams=None, name='call4', opacity=1.0, ori=0.0, pos=array([-0.4   , -0.3125]), size=array([0.18, 0.18]), texRes=128, units='height', win=Window(...))
10.6425 	EXP 	Created colour1 = ImageStim(__class__=<class 'psychopy.visual.image.ImageStim'>, anchor=('center', 'center'), autoLog=True, color=array([1., 1., 1.]), colorSpace='rgb', contrast=1.0, depth=-9.0, flipHoriz=False, flipVert=False, image='images/gelb.png', interpolate=True, mask=None, maskParams=None, name='colour1', opacity=1.0, ori=0.0, pos=array([0.    , 0.3125]), size=array([0.18, 0.18]), texRes=128, units='height', win=Window(...))
10.6629 	EXP 	Created colour2 = ImageStim(__class__=<class 'psychopy.visual.image.ImageStim'>, anchor=('center', 'center'), autoLog=True, color=array([1., 1., 1.]), colorSpace='rgb', contrast=1.0, depth=-10.0, flipHoriz=False, flipVert=False, image='images/gruen.png', interpolate=True, mask=None, maskParams=None, name='colour2', opacity=1.0, ori=0.0, pos=array([0.        , 0.10416667]), size=array([0.18, 0.18]), texRes=128, units='height', win=Window(...))
10.6840 	EXP 	Created colour3 = ImageStim(__class__=<class 'psychopy.visual.image.ImageStim'>, anchor=('center', 'center'), autoLog=True, color=array([1., 1., 1.]), colorSpace='rgb', contrast=1.0, depth=-11.0, flipHoriz=False, flipVert=False, image='images/rot.png', interpolate=True, mask=None, maskParams=None, name='colour3', opacity=1.0, ori=0.0, pos=array([ 0.        , -0.10416667]), size=array([0.18, 0.18]), texRes=128, units='height', win=Window(...))
10.7077 	EXP 	Created colour4 = ImageStim(__class__=<class 'psychopy.visual.image.ImageStim'>, anchor=('center', 'center'), autoLog=True, color=array([1., 1., 1.]), colorSpace='rgb', contrast=1.0, depth=-12.0, flipHoriz=False, flipVert=False, image='images/weiss.png', interpolate=True, mask=None, maskParams=None, name='colour4', opacity=1.0, ori=0.0, pos=array([ 0.    , -0.3125]), size=array([0.18, 0.18]), texRes=128, units='height', win=Window(...))
10.7280 	EXP 	Created number1 = ImageStim(__class__=<class 'psychopy.visual.image.ImageStim'>, anchor=('center', 'center'), autoLog=True, color=array([1., 1., 1.]), colorSpace='rgb', contrast=1.0, depth=-13.0, flipHoriz=False, flipVert=False, image='images/1.png', interpolate=True, mask=None, maskParams=None, name='number1', opacity=1.0, ori=0.0, pos=array([0.4   , 0.3125]), size=array([0.18, 0.18]), texRes=128, units='height', win=Window(...))
10.7482 	EXP 	Created number2 = ImageStim(__class__=<class 'psychopy.visual.image.ImageStim'>, anchor=('center', 'center'), autoLog=True, color=array([1., 1., 1.]), colorSpace='rgb', contrast=1.0, depth=-14.0, flipHoriz=False, flipVert=False, image='images/2.png', interpolate=True, mask=None, maskParams=None, name='number2', opacity=1.0, ori=0.0, pos=array([0.4       , 0.10416667]), size=array([0.18, 0.18]), texRes=128, units='height', win=Window(...))
10.7697 	EXP 	Created number3 = ImageStim(__class__=<class 'psychopy.visual.image.ImageStim'>, anchor=('center', 'center'), autoLog=True, color=array([1., 1., 1.]), colorSpace='rgb', contrast=1.0, depth=-15.0, flipHoriz=False, flipVert=False, image='images/3.png', interpolate=True, mask=None, maskParams=None, name='number3', opacity=1.0, ori=0.0, pos=array([ 0.4       , -0.10416667]), size=array([0.18, 0.18]), texRes=128, units='height', win=Window(...))
10.7887 	EXP 	Created number4 = ImageStim(__class__=<class 'psychopy.visual.image.ImageStim'>, anchor=('center', 'center'), autoLog=True, color=array([1., 1., 1.]), colorSpace='rgb', contrast=1.0, depth=-16.0, flipHoriz=False, flipVert=False, image='images/4.png', interpolate=True, mask=None, maskParams=None, name='number4', opacity=1.0, ori=0.0, pos=array([ 0.4   , -0.3125]), size=array([0.18, 0.18]), texRes=128, units='height', win=Window(...))
10.7889 	EXP 	window1: mouseVisible = True
10.7890 	EXP 	window1: mouseVisible = True
10.7890 	EXP 	window1: mouseVisible = True
10.8080 	EXP 	Created blankScreenAfterResponse = ImageStim(__class__=<class 'psychopy.visual.image.ImageStim'>, anchor=('center', 'center'), autoLog=True, color=array([1., 1., 1.]), colorSpace='rgb', contrast=1.0, depth=-25.0, flipHoriz=False, flipVert=False, image='images/blankScreen.png', interpolate=True, mask=None, maskParams=None, name='blankScreenAfterResponse', opacity=1.0, ori=0.0, pos=array([0., 0.]), size=array([1920., 1080.]), texRes=128, units='height', win=Window(...))
10.8157 	EXP 	Created thanksText = TextStim(__class__=<class 'psychopy.visual.text.TextStim'>, alignHoriz=method-wrapper(...), alignText='center', alignVert=method-wrapper(...), anchorHoriz='center', anchorVert='center', antialias=True, autoDraw=False, autoLog=True, bold=False, color=array([1., 1., 1.]), colorSpace='rgb', contrast=1.0, depth=0.0, flipHoriz=False, flipVert=False, font='Arial', fontFiles=[], height=0.04, italic=False, languageStyle='LTR', name='thanksText', opacity=1.0, ori=0, pos=array([0., 0.]), rgb=UNKNOWN, text=str(...), units='height', win=Window(...), wrapWidth=1)
10.8159 	EXP 	window1: mouseVisible = False
10.8283 	EXP 	instrTrainText: autoDraw = True
11.5737 	EXP 	Imported order1.csv as conditions, 4 conditions, 1 params
11.5740 	EXP 	Created sequence: sequential, trialTypes=4, nReps=1, seed=None
11.5742 	EXP 	New trial (rep=0, index=0): OrderedDict([('condsFile', 'flow\\tts-golang-selected_PsyPySEQ_NV1.csv')])
11.5767 	DATA 	Keypress: space
11.5807 	EXP 	instrTrainText: autoDraw = False
11.5807 	EXP 	blockStart: autoDraw = True
13.5787 	EXP 	Imported flow\tts-golang-selected_PsyPySEQ_NV1.csv as conditions, 192 conditions, 26 params
13.5796 	EXP 	Created sequence: random, trialTypes=192, nReps=1, seed=None
13.5800 	EXP 	New trial (rep=0, index=0): OrderedDict([('audiofile', 'audio/NV_DE_Neural2-D_Kr-we-Vi_0.6p.wav'), ('duration', 5.3989), ('noise', 'NV'), ('voice', 'Neural2-D'), ('words', 'Kr-we-Vi'), ('callSign', 'Kr'), ('colour', 'we'), ('number', 'Vi'), ('levels', '0.6p'), ('trigger_start', 100), ('trigger_end', 101), ('trigger_call', 113), ('trigger_col', 124), ('trigger_num', 134), ('file', 'DE_Neural2-D_Kr-we-Vi.TextGrid'), ('firstSound_tmin', 0.16712), ('lastSound_tmax', 4.638827854231253), ('token_1_tmin', 0.8194796194821302), ('token_1_tmax', 1.290976331758858), ('token_2_tmin', 2.64712), ('token_2_tmax', 3.019411539544113), ('token_3_tmin', 4.27331570037736), ('token_3_tmax', 4.638827854231253), ('rater', 'mean'), ('newidx', 25), ('block', 'NV1')])
13.7613 	EXP 	window1: mouseVisible = False
13.7691 	EXP 	Sound sound_1 started
13.7641 	DATA 	Keypress: space
13.7816 	EXP 	blockStart: autoDraw = False
13.7816 	EXP 	fixation: autoDraw = True
18.7361 	EXP 	Sound sound_1 reached end of file
18.7783 	EXP 	window1: mouseVisible = False
18.7869 	EXP 	fixation: autoDraw = False
18.7869 	EXP 	screenAfterAudio: autoDraw = True
18.7869 	EXP 	screenAfterAudio: autoDraw = False
18.7869 	EXP 	fixation: autoDraw = False
18.7869 	EXP 	screenAfterAudio: autoDraw = False
18.7869 	EXP 	call1: texRes = 128
18.7869 	EXP 	call2: texRes = 128
18.7869 	EXP 	call3: texRes = 128
18.7869 	EXP 	call4: texRes = 128
18.7869 	EXP 	colour1: texRes = 128
18.7869 	EXP 	colour2: texRes = 128
18.7869 	EXP 	colour3: texRes = 128
18.7869 	EXP 	colour4: texRes = 128
18.7869 	EXP 	number1: texRes = 128
18.7869 	EXP 	number2: texRes = 128
18.7869 	EXP 	number3: texRes = 128
18.7869 	EXP 	number4: texRes = 128
18.7869 	EXP 	blankScreen: autoDraw = True
18.7871 	EXP 	window1: mouseVisible = False
18.8072 	EXP 	window1: mouseVisible = False
18.8237 	EXP 	window1: mouseVisible = False
18.8409 	EXP 	window1: mouseVisible = False
18.8570 	EXP 	window1: mouseVisible = False
18.8742 	EXP 	window1: mouseVisible = False
18.8907 	EXP 	window1: mouseVisible = False
18.9079 	EXP 	window1: mouseVisible = False
18.9237 	EXP 	window1: mouseVisible = False
18.9407 	EXP 	window1: mouseVisible = False
18.9574 	EXP 	window1: mouseVisible = False
18.9740 	EXP 	window1: mouseVisible = False
18.9904 	EXP 	window1: mouseVisible = False
19.0074 	EXP 	window1: mouseVisible = False
19.0235 	EXP 	window1: mouseVisible = False
19.0406 	EXP 	window1: mouseVisible = False
19.0573 	EXP 	window1: mouseVisible = False
19.0735 	EXP 	window1: mouseVisible = False
19.0908 	EXP 	window1: mouseVisible = False
19.1073 	EXP 	window1: mouseVisible = False
19.1238 	EXP 	window1: mouseVisible = False
19.1406 	EXP 	window1: mouseVisible = False
19.1578 	EXP 	window1: mouseVisible = False
19.1744 	EXP 	window1: mouseVisible = False
19.1905 	EXP 	window1: mouseVisible = False
19.2077 	EXP 	window1: mouseVisible = False
19.2243 	EXP 	window1: mouseVisible = False
19.2411 	EXP 	window1: mouseVisible = False
19.2574 	EXP 	window1: mouseVisible = False
19.2744 	EXP 	window1: mouseVisible = False
19.2911 	EXP 	window1: mouseVisible = False
19.3076 	EXP 	window1: mouseVisible = False
19.3239 	EXP 	window1: mouseVisible = False
19.3408 	EXP 	window1: mouseVisible = False
19.3575 	EXP 	window1: mouseVisible = False
19.3766 	EXP 	window1: mouseVisible = False
19.3909 	EXP 	window1: mouseVisible = False
19.4073 	EXP 	window1: mouseVisible = False
19.4239 	EXP 	window1: mouseVisible = False
19.4415 	EXP 	window1: mouseVisible = False
19.4572 	EXP 	window1: mouseVisible = False
19.4741 	EXP 	window1: mouseVisible = False
19.4908 	EXP 	window1: mouseVisible = False
19.5078 	EXP 	window1: mouseVisible = False
19.5245 	EXP 	window1: mouseVisible = False
19.5405 	EXP 	window1: mouseVisible = False
19.5578 	EXP 	window1: mouseVisible = False
19.5743 	EXP 	window1: mouseVisible = False
19.5912 	EXP 	window1: mouseVisible = False
19.6080 	EXP 	window1: mouseVisible = False
19.6245 	EXP 	window1: mouseVisible = False
19.6408 	EXP 	window1: mouseVisible = False
19.6579 	EXP 	window1: mouseVisible = False
19.6749 	EXP 	window1: mouseVisible = False
19.6914 	EXP 	window1: mouseVisible = False
19.7080 	EXP 	window1: mouseVisible = False
19.7250 	EXP 	window1: mouseVisible = False
19.7415 	EXP 	window1: mouseVisible = False
19.7576 	EXP 	window1: mouseVisible = False
19.7750 	EXP 	window1: mouseVisible = False
19.7882 	EXP 	blankScreen: autoDraw = False
19.7882 	EXP 	call1: autoDraw = True
19.7882 	EXP 	call2: autoDraw = True
19.7882 	EXP 	call3: autoDraw = True
19.7882 	EXP 	call4: autoDraw = True
19.7882 	EXP 	colour1: autoDraw = True
19.7882 	EXP 	colour2: autoDraw = True
19.7882 	EXP 	colour3: autoDraw = True
19.7882 	EXP 	colour4: autoDraw = True
19.7882 	EXP 	number1: autoDraw = True
19.7882 	EXP 	number2: autoDraw = True
19.7882 	EXP 	number3: autoDraw = True
19.7882 	EXP 	number4: autoDraw = True
19.7884 	EXP 	window1: mouseVisible = False
19.7887 	EXP 	window1: mouseVisible = True
19.8057 	EXP 	window1: mouseVisible = False
19.8059 	EXP 	window1: mouseVisible = True
19.8221 	EXP 	window1: mouseVisible = False
19.8224 	EXP 	window1: mouseVisible = True
19.8389 	EXP 	window1: mouseVisible = False
19.8392 	EXP 	window1: mouseVisible = True
19.8555 	EXP 	window1: mouseVisible = False
19.8557 	EXP 	window1: mouseVisible = True
19.8723 	EXP 	window1: mouseVisible = False
19.8725 	EXP 	window1: mouseVisible = True
19.8892 	EXP 	window1: mouseVisible = False
19.8895 	EXP 	window1: mouseVisible = True
19.9057 	EXP 	window1: mouseVisible = False
19.9059 	EXP 	window1: mouseVisible = True
19.9223 	EXP 	window1: mouseVisible = False
19.9225 	EXP 	window1: mouseVisible = True
19.9392 	EXP 	window1: mouseVisible = False
19.9394 	EXP 	window1: mouseVisible = True
19.9556 	EXP 	window1: mouseVisible = False
19.9558 	EXP 	window1: mouseVisible = True
19.9725 	EXP 	window1: mouseVisible = False
19.9727 	EXP 	window1: mouseVisible = True
19.9888 	EXP 	window1: mouseVisible = False
19.9890 	EXP 	window1: mouseVisible = True
20.0057 	EXP 	window1: mouseVisible = False
20.0059 	EXP 	window1: mouseVisible = True
20.0223 	EXP 	window1: mouseVisible = False
20.0225 	EXP 	window1: mouseVisible = True
20.0393 	EXP 	window1: mouseVisible = False
20.0396 	EXP 	window1: mouseVisible = True
20.0595 	EXP 	window1: mouseVisible = False
20.0599 	EXP 	window1: mouseVisible = True
20.0785 	EXP 	window1: mouseVisible = False
20.0787 	EXP 	window1: mouseVisible = True
20.0912 	EXP 	window1: mouseVisible = False
20.0914 	EXP 	window1: mouseVisible = True
20.1110 	EXP 	window1: mouseVisible = False
20.1112 	EXP 	window1: mouseVisible = True
20.1224 	EXP 	window1: mouseVisible = False
20.1227 	EXP 	window1: mouseVisible = True
20.1390 	EXP 	window1: mouseVisible = False
20.1392 	EXP 	window1: mouseVisible = True
20.1557 	EXP 	window1: mouseVisible = False
20.1559 	EXP 	window1: mouseVisible = True
20.1728 	EXP 	window1: mouseVisible = False
20.1730 	EXP 	window1: mouseVisible = True
20.1892 	EXP 	window1: mouseVisible = False
20.1895 	EXP 	window1: mouseVisible = True
20.2063 	EXP 	window1: mouseVisible = False
20.2065 	EXP 	window1: mouseVisible = True
20.2225 	EXP 	window1: mouseVisible = False
20.2227 	EXP 	window1: mouseVisible = True
20.2396 	EXP 	window1: mouseVisible = False
20.2398 	EXP 	window1: mouseVisible = True
20.2558 	EXP 	window1: mouseVisible = False
20.2560 	EXP 	window1: mouseVisible = True
20.2725 	EXP 	window1: mouseVisible = False
20.2727 	EXP 	window1: mouseVisible = True
20.2893 	EXP 	window1: mouseVisible = False
20.2895 	EXP 	window1: mouseVisible = True
20.3063 	EXP 	window1: mouseVisible = False
20.3065 	EXP 	window1: mouseVisible = True
20.3229 	EXP 	window1: mouseVisible = False
20.3231 	EXP 	window1: mouseVisible = True
20.3395 	EXP 	window1: mouseVisible = False
20.3397 	EXP 	window1: mouseVisible = True
20.3561 	EXP 	window1: mouseVisible = False
20.3563 	EXP 	window1: mouseVisible = True
20.3725 	EXP 	window1: mouseVisible = False
20.3727 	EXP 	window1: mouseVisible = True
20.3895 	EXP 	window1: mouseVisible = False
20.3898 	EXP 	window1: mouseVisible = True
20.4063 	EXP 	window1: mouseVisible = False
20.4066 	EXP 	window1: mouseVisible = True
20.4228 	EXP 	window1: mouseVisible = False
20.4230 	EXP 	window1: mouseVisible = True
20.4398 	EXP 	window1: mouseVisible = False
20.4400 	EXP 	window1: mouseVisible = True
20.4563 	EXP 	window1: mouseVisible = False
20.4565 	EXP 	window1: mouseVisible = True
20.4730 	EXP 	window1: mouseVisible = False
20.4732 	EXP 	window1: mouseVisible = True
20.4895 	EXP 	window1: mouseVisible = False
20.4898 	EXP 	window1: mouseVisible = True
20.5065 	EXP 	window1: mouseVisible = False
20.5067 	EXP 	window1: mouseVisible = True
20.5230 	EXP 	window1: mouseVisible = False
20.5232 	EXP 	window1: mouseVisible = True
20.5398 	EXP 	window1: mouseVisible = False
20.5400 	EXP 	window1: mouseVisible = True
20.5564 	EXP 	window1: mouseVisible = False
20.5566 	EXP 	window1: mouseVisible = True
20.5730 	EXP 	window1: mouseVisible = False
20.5732 	EXP 	window1: mouseVisible = True
20.5898 	EXP 	window1: mouseVisible = False
20.5900 	EXP 	window1: mouseVisible = True
20.6063 	EXP 	window1: mouseVisible = False
20.6065 	EXP 	window1: mouseVisible = True
20.6234 	EXP 	window1: mouseVisible = False
20.6237 	EXP 	window1: mouseVisible = True
20.6395 	EXP 	window1: mouseVisible = False
20.6397 	EXP 	window1: mouseVisible = True
20.6566 	EXP 	window1: mouseVisible = False
20.6568 	EXP 	window1: mouseVisible = True
20.6730 	EXP 	window1: mouseVisible = False
20.6732 	EXP 	window1: mouseVisible = True
20.6898 	EXP 	window1: mouseVisible = False
20.6900 	EXP 	window1: mouseVisible = True
20.7065 	EXP 	window1: mouseVisible = False
20.7067 	EXP 	window1: mouseVisible = True
20.7235 	EXP 	window1: mouseVisible = False
20.7237 	EXP 	window1: mouseVisible = True
20.7399 	EXP 	window1: mouseVisible = False
20.7401 	EXP 	window1: mouseVisible = True
20.7561 	EXP 	window1: mouseVisible = False
20.7563 	EXP 	window1: mouseVisible = True
20.7731 	EXP 	window1: mouseVisible = False
20.7733 	EXP 	window1: mouseVisible = True
20.7895 	EXP 	window1: mouseVisible = False
20.7897 	EXP 	window1: mouseVisible = True
20.8067 	EXP 	window1: mouseVisible = False
20.8069 	EXP 	window1: mouseVisible = True
20.8233 	EXP 	window1: mouseVisible = False
20.8235 	EXP 	window1: mouseVisible = True
20.8398 	EXP 	window1: mouseVisible = False
20.8400 	EXP 	window1: mouseVisible = True
20.8563 	EXP 	window1: mouseVisible = False
20.8565 	EXP 	window1: mouseVisible = True
20.8730 	EXP 	window1: mouseVisible = False
20.8732 	EXP 	window1: mouseVisible = True
20.8900 	EXP 	window1: mouseVisible = False
20.8902 	EXP 	window1: mouseVisible = True
20.9066 	EXP 	window1: mouseVisible = False
20.9069 	EXP 	window1: mouseVisible = True
20.9230 	EXP 	window1: mouseVisible = False
20.9232 	EXP 	window1: mouseVisible = True
20.9401 	EXP 	window1: mouseVisible = False
20.9402 	EXP 	window1: mouseVisible = True
20.9566 	EXP 	window1: mouseVisible = False
20.9568 	EXP 	window1: mouseVisible = True
20.9731 	EXP 	window1: mouseVisible = False
20.9733 	EXP 	window1: mouseVisible = True
20.9900 	EXP 	window1: mouseVisible = False
20.9903 	EXP 	window1: mouseVisible = True
21.0069 	EXP 	window1: mouseVisible = False
21.0071 	EXP 	window1: mouseVisible = True
21.0231 	EXP 	window1: mouseVisible = False
21.0233 	EXP 	window1: mouseVisible = True
21.0399 	EXP 	window1: mouseVisible = False
21.0401 	EXP 	window1: mouseVisible = True
21.0564 	EXP 	window1: mouseVisible = False
21.0566 	EXP 	window1: mouseVisible = True
21.0732 	EXP 	window1: mouseVisible = False
21.0735 	EXP 	window1: mouseVisible = True
21.0898 	EXP 	window1: mouseVisible = False
21.0900 	EXP 	window1: mouseVisible = True
21.1069 	EXP 	window1: mouseVisible = False
21.1071 	EXP 	window1: mouseVisible = True
21.1234 	EXP 	window1: mouseVisible = False
21.1236 	EXP 	window1: mouseVisible = True
21.1399 	EXP 	window1: mouseVisible = False
21.1401 	EXP 	window1: mouseVisible = True
21.1569 	EXP 	window1: mouseVisible = False
21.1571 	EXP 	window1: mouseVisible = True
21.1732 	EXP 	window1: mouseVisible = False
21.1735 	EXP 	window1: mouseVisible = True
21.1899 	EXP 	window1: mouseVisible = False
21.1901 	EXP 	window1: mouseVisible = True
21.2066 	EXP 	window1: mouseVisible = False
21.2068 	EXP 	window1: mouseVisible = True
21.2232 	EXP 	window1: mouseVisible = False
21.2234 	EXP 	window1: mouseVisible = True
21.2400 	EXP 	window1: mouseVisible = False
21.2402 	EXP 	window1: mouseVisible = True
21.2566 	EXP 	window1: mouseVisible = False
21.2569 	EXP 	window1: mouseVisible = True
21.2733 	EXP 	window1: mouseVisible = False
21.2735 	EXP 	window1: mouseVisible = True
21.2905 	EXP 	window1: mouseVisible = False
21.2907 	EXP 	window1: mouseVisible = True
21.3073 	EXP 	window1: mouseVisible = False
21.3075 	EXP 	window1: mouseVisible = True
21.3237 	EXP 	window1: mouseVisible = False
21.3239 	EXP 	window1: mouseVisible = True
21.3402 	EXP 	window1: mouseVisible = False
21.3404 	EXP 	window1: mouseVisible = True
21.3567 	EXP 	window1: mouseVisible = False
21.3569 	EXP 	window1: mouseVisible = True
21.3737 	EXP 	window1: mouseVisible = False
21.3739 	EXP 	window1: mouseVisible = True
21.3903 	EXP 	window1: mouseVisible = False
21.3905 	EXP 	window1: mouseVisible = True
21.4069 	EXP 	window1: mouseVisible = False
21.4071 	EXP 	window1: mouseVisible = True
21.4238 	EXP 	window1: mouseVisible = False
21.4240 	EXP 	window1: mouseVisible = True
21.4402 	EXP 	window1: mouseVisible = False
21.4404 	EXP 	window1: mouseVisible = True
21.4566 	EXP 	window1: mouseVisible = False
21.4569 	EXP 	window1: mouseVisible = True
21.4735 	EXP 	window1: mouseVisible = False
21.4738 	EXP 	window1: mouseVisible = True
21.4902 	EXP 	window1: mouseVisible = False
21.4904 	EXP 	window1: mouseVisible = True
21.5069 	EXP 	window1: mouseVisible = False
21.5071 	EXP 	window1: mouseVisible = True
21.5235 	EXP 	window1: mouseVisible = False
21.5237 	EXP 	window1: mouseVisible = True
21.5405 	EXP 	window1: mouseVisible = False
21.5407 	EXP 	window1: mouseVisible = True
21.5567 	EXP 	window1: mouseVisible = False
21.5570 	EXP 	window1: mouseVisible = True
21.5573 	DATA 	Mouse: Left button down, pos=(721,1108)
21.5870 	EXP 	call2: texRes = 128
21.5870 	EXP 	call3: texRes = 128
21.5870 	EXP 	call4: texRes = 128
21.5874 	EXP 	window1: mouseVisible = False
21.5877 	EXP 	window1: mouseVisible = True
21.6045 	EXP 	window1: mouseVisible = False
21.6048 	EXP 	window1: mouseVisible = True
21.6214 	EXP 	window1: mouseVisible = False
21.6217 	EXP 	window1: mouseVisible = True
21.6380 	EXP 	window1: mouseVisible = False
21.6382 	EXP 	window1: mouseVisible = True
21.6545 	EXP 	window1: mouseVisible = False
21.6547 	EXP 	window1: mouseVisible = True
21.6549 	DATA 	Mouse:  Left button up, pos=(721,1108)
21.6707 	EXP 	window1: mouseVisible = False
21.6709 	EXP 	window1: mouseVisible = True
21.6876 	EXP 	window1: mouseVisible = False
21.6879 	EXP 	window1: mouseVisible = True
21.7041 	EXP 	window1: mouseVisible = False
21.7043 	EXP 	window1: mouseVisible = True
21.7208 	EXP 	window1: mouseVisible = False
21.7210 	EXP 	window1: mouseVisible = True
21.7377 	EXP 	window1: mouseVisible = False
21.7379 	EXP 	window1: mouseVisible = True
21.7544 	EXP 	window1: mouseVisible = False
21.7546 	EXP 	window1: mouseVisible = True
21.7710 	EXP 	window1: mouseVisible = False
21.7712 	EXP 	window1: mouseVisible = True
21.7877 	EXP 	window1: mouseVisible = False
21.7879 	EXP 	window1: mouseVisible = True
21.8043 	EXP 	window1: mouseVisible = False
21.8045 	EXP 	window1: mouseVisible = True
21.8208 	EXP 	window1: mouseVisible = False
21.8210 	EXP 	window1: mouseVisible = True
21.8376 	EXP 	window1: mouseVisible = False
21.8379 	EXP 	window1: mouseVisible = True
21.8542 	EXP 	window1: mouseVisible = False
21.8544 	EXP 	window1: mouseVisible = True
21.8708 	EXP 	window1: mouseVisible = False
21.8711 	EXP 	window1: mouseVisible = True
21.8878 	EXP 	window1: mouseVisible = False
21.8880 	EXP 	window1: mouseVisible = True
21.9046 	EXP 	window1: mouseVisible = False
21.9049 	EXP 	window1: mouseVisible = True
21.9210 	EXP 	window1: mouseVisible = False
21.9212 	EXP 	window1: mouseVisible = True
21.9376 	EXP 	window1: mouseVisible = False
21.9379 	EXP 	window1: mouseVisible = True
21.9546 	EXP 	window1: mouseVisible = False
21.9548 	EXP 	window1: mouseVisible = True
21.9711 	EXP 	window1: mouseVisible = False
21.9713 	EXP 	window1: mouseVisible = True
21.9879 	EXP 	window1: mouseVisible = False
21.9881 	EXP 	window1: mouseVisible = True
22.0045 	EXP 	window1: mouseVisible = False
22.0047 	EXP 	window1: mouseVisible = True
22.0212 	EXP 	window1: mouseVisible = False
22.0214 	EXP 	window1: mouseVisible = True
22.0380 	EXP 	window1: mouseVisible = False
22.0382 	EXP 	window1: mouseVisible = True
22.0544 	EXP 	window1: mouseVisible = False
22.0548 	EXP 	window1: mouseVisible = True
22.0711 	EXP 	window1: mouseVisible = False
22.0713 	EXP 	window1: mouseVisible = True
22.0877 	EXP 	window1: mouseVisible = False
22.0879 	EXP 	window1: mouseVisible = True
22.1045 	EXP 	window1: mouseVisible = False
22.1047 	EXP 	window1: mouseVisible = True
22.1211 	EXP 	window1: mouseVisible = False
22.1213 	EXP 	window1: mouseVisible = True
22.1377 	EXP 	window1: mouseVisible = False
22.1379 	EXP 	window1: mouseVisible = True
22.1404 	DATA 	Mouse: Left button down, pos=(1190,944)
22.1546 	EXP 	window1: mouseVisible = False
22.1548 	EXP 	window1: mouseVisible = True
22.1876 	EXP 	colour1: texRes = 128
22.1876 	EXP 	colour3: texRes = 128
22.1876 	EXP 	colour4: texRes = 128
22.1878 	EXP 	window1: mouseVisible = False
22.1880 	EXP 	window1: mouseVisible = True
22.2049 	EXP 	window1: mouseVisible = False
22.2052 	EXP 	window1: mouseVisible = True
22.2214 	EXP 	window1: mouseVisible = False
22.2216 	EXP 	window1: mouseVisible = True
22.2388 	EXP 	window1: mouseVisible = False
22.2390 	EXP 	window1: mouseVisible = True
22.2546 	EXP 	window1: mouseVisible = False
22.2548 	EXP 	window1: mouseVisible = True
22.2715 	EXP 	window1: mouseVisible = False
22.2717 	EXP 	window1: mouseVisible = True
22.2719 	DATA 	Mouse:  Left button up, pos=(1190,944)
22.2889 	EXP 	window1: mouseVisible = False
22.2891 	EXP 	window1: mouseVisible = True
22.3047 	EXP 	window1: mouseVisible = False
22.3049 	EXP 	window1: mouseVisible = True
22.3215 	EXP 	window1: mouseVisible = False
22.3217 	EXP 	window1: mouseVisible = True
22.3384 	EXP 	window1: mouseVisible = False
22.3386 	EXP 	window1: mouseVisible = True
22.3547 	EXP 	window1: mouseVisible = False
22.3550 	EXP 	window1: mouseVisible = True
22.3712 	EXP 	window1: mouseVisible = False
22.3714 	EXP 	window1: mouseVisible = True
22.3884 	EXP 	window1: mouseVisible = False
22.3886 	EXP 	window1: mouseVisible = True
22.4048 	EXP 	window1: mouseVisible = False
22.4050 	EXP 	window1: mouseVisible = True
22.4213 	EXP 	window1: mouseVisible = False
22.4215 	EXP 	window1: mouseVisible = True
22.4382 	EXP 	window1: mouseVisible = False
22.4384 	EXP 	window1: mouseVisible = True
22.4547 	EXP 	window1: mouseVisible = False
22.4549 	EXP 	window1: mouseVisible = True
22.4713 	EXP 	window1: mouseVisible = False
22.4715 	EXP 	window1: mouseVisible = True
22.4884 	EXP 	window1: mouseVisible = False
22.4886 	EXP 	window1: mouseVisible = True
22.5049 	EXP 	window1: mouseVisible = False
22.5051 	EXP 	window1: mouseVisible = True
22.5214 	EXP 	window1: mouseVisible = False
22.5216 	EXP 	window1: mouseVisible = True
22.5386 	EXP 	window1: mouseVisible = False
22.5389 	EXP 	window1: mouseVisible = True
22.5550 	EXP 	window1: mouseVisible = False
22.5552 	EXP 	window1: mouseVisible = True
22.5715 	EXP 	window1: mouseVisible = False
22.5717 	EXP 	window1: mouseVisible = True
22.5884 	EXP 	window1: mouseVisible = False
22.5886 	EXP 	window1: mouseVisible = True
22.6051 	EXP 	window1: mouseVisible = False
22.6053 	EXP 	window1: mouseVisible = True
22.6215 	EXP 	window1: mouseVisible = False
22.6217 	EXP 	window1: mouseVisible = True
22.6381 	EXP 	window1: mouseVisible = False
22.6383 	EXP 	window1: mouseVisible = True
22.6549 	EXP 	window1: mouseVisible = False
22.6551 	EXP 	window1: mouseVisible = True
22.6715 	EXP 	window1: mouseVisible = False
22.6717 	EXP 	window1: mouseVisible = True
22.6882 	EXP 	window1: mouseVisible = False
22.6884 	EXP 	window1: mouseVisible = True
22.7049 	EXP 	window1: mouseVisible = False
22.7051 	EXP 	window1: mouseVisible = True
22.7217 	EXP 	window1: mouseVisible = False
22.7219 	EXP 	window1: mouseVisible = True
22.7385 	EXP 	window1: mouseVisible = False
22.7387 	EXP 	window1: mouseVisible = True
22.7553 	EXP 	window1: mouseVisible = False
22.7555 	EXP 	window1: mouseVisible = True
22.7716 	EXP 	window1: mouseVisible = False
22.7718 	EXP 	window1: mouseVisible = True
22.7882 	EXP 	window1: mouseVisible = False
22.7884 	EXP 	window1: mouseVisible = True
22.8050 	EXP 	window1: mouseVisible = False
22.8052 	EXP 	window1: mouseVisible = True
22.8217 	EXP 	window1: mouseVisible = False
22.8219 	EXP 	window1: mouseVisible = True
22.8387 	EXP 	window1: mouseVisible = False
22.8390 	EXP 	window1: mouseVisible = True
22.8553 	EXP 	window1: mouseVisible = False
22.8555 	EXP 	window1: mouseVisible = True
22.8717 	EXP 	window1: mouseVisible = False
22.8719 	EXP 	window1: mouseVisible = True
22.8883 	EXP 	window1: mouseVisible = False
22.8885 	EXP 	window1: mouseVisible = True
22.9051 	EXP 	window1: mouseVisible = False
22.9053 	EXP 	window1: mouseVisible = True
22.9217 	EXP 	window1: mouseVisible = False
22.9219 	EXP 	window1: mouseVisible = True
22.9387 	EXP 	window1: mouseVisible = False
22.9389 	EXP 	window1: mouseVisible = True
22.9554 	EXP 	window1: mouseVisible = False
22.9556 	EXP 	window1: mouseVisible = True
22.9558 	DATA 	Mouse: Left button down, pos=(1755,1105)
22.9712 	EXP 	New trial (rep=0, index=1): OrderedDict([('audiofile', 'audio/NV_DE_Neural2-D_Ti-gr-Zw_0.6p.wav'), ('duration', 5.4849), ('noise', 'NV'), ('voice', 'Neural2-D'), ('words', 'Ti-gr-Zw'), ('callSign', 'Ti'), ('colour', 'gr'), ('number', 'Zw'), ('levels', '0.6p'), ('trigger_start', 100), ('trigger_end', 101), ('trigger_call', 114), ('trigger_col', 122), ('trigger_num', 132), ('file', 'DE_Neural2-D_Ti-gr-Zw.TextGrid'), ('firstSound_tmin', 0.16712), ('lastSound_tmax', 4.763102023883228), ('token_1_tmin', 0.886672500546706), ('token_1_tmax', 1.3354796921963314), ('token_2_tmin', 2.750922201738611), ('token_2_tmax', 3.1551273541676474), ('token_3_tmin', 4.40997464268654), ('token_3_tmax', 4.763102023883228), ('rater', 'mean'), ('newidx', 31), ('block', 'NV1')])
23.1980 	EXP 	window1: mouseVisible = False
23.2078 	EXP 	Sound sound_1 started
23.1996 	DATA 	Mouse:  Left button up, pos=(1755,1105)
23.2050 	EXP 	number2: texRes = 128
23.2050 	EXP 	number3: texRes = 128
23.2050 	EXP 	number4: texRes = 128
23.2050 	EXP 	blankScreenAfterResponse: autoDraw = True
23.2050 	EXP 	blankScreen: autoDraw = False
23.2050 	EXP 	call1: autoDraw = False
23.2050 	EXP 	call2: autoDraw = False
23.2050 	EXP 	call3: autoDraw = False
23.2050 	EXP 	call4: autoDraw = False
23.2050 	EXP 	colour1: autoDraw = False
23.2050 	EXP 	colour2: autoDraw = False
23.2050 	EXP 	colour3: autoDraw = False
23.2050 	EXP 	colour4: autoDraw = False
23.2050 	EXP 	number1: autoDraw = False
23.2050 	EXP 	number2: autoDraw = False
23.2050 	EXP 	number3: autoDraw = False
23.2050 	EXP 	number4: autoDraw = False
23.2050 	EXP 	blankScreenAfterResponse: autoDraw = False
23.2050 	EXP 	fixation: autoDraw = True
28.2546 	EXP 	Sound sound_1 reached end of file
28.3002 	EXP 	window1: mouseVisible = False
28.3093 	EXP 	fixation: autoDraw = False
28.3093 	EXP 	screenAfterAudio: autoDraw = True
28.3093 	EXP 	screenAfterAudio: autoDraw = False
28.3093 	EXP 	fixation: autoDraw = False
28.3093 	EXP 	screenAfterAudio: autoDraw = False
28.3093 	EXP 	call1: texRes = 128
28.3093 	EXP 	call2: texRes = 128
28.3093 	EXP 	call3: texRes = 128
28.3093 	EXP 	call4: texRes = 128
28.3093 	EXP 	colour1: texRes = 128
28.3093 	EXP 	colour2: texRes = 128
28.3093 	EXP 	colour3: texRes = 128
28.3093 	EXP 	colour4: texRes = 128
28.3093 	EXP 	number1: texRes = 128
28.3093 	EXP 	number2: texRes = 128
28.3093 	EXP 	number3: texRes = 128
28.3093 	EXP 	number4: texRes = 128
28.3093 	EXP 	blankScreen: autoDraw = True
28.3096 	EXP 	window1: mouseVisible = False
28.3261 	EXP 	window1: mouseVisible = False
28.3430 	EXP 	window1: mouseVisible = False
28.3594 	EXP 	window1: mouseVisible = False
28.3759 	EXP 	window1: mouseVisible = False
28.3936 	EXP 	window1: mouseVisible = False
28.4098 	EXP 	window1: mouseVisible = False
28.4262 	EXP 	window1: mouseVisible = False
28.4432 	EXP 	window1: mouseVisible = False
28.4599 	EXP 	window1: mouseVisible = False
28.4764 	EXP 	window1: mouseVisible = False
28.4930 	EXP 	window1: mouseVisible = False
28.5098 	EXP 	window1: mouseVisible = False
28.5266 	EXP 	window1: mouseVisible = False
28.5432 	EXP 	window1: mouseVisible = False
28.5599 	EXP 	window1: mouseVisible = False
28.5768 	EXP 	window1: mouseVisible = False
28.5929 	EXP 	window1: mouseVisible = False
28.6102 	EXP 	window1: mouseVisible = False
28.6270 	EXP 	window1: mouseVisible = False
28.6432 	EXP 	window1: mouseVisible = False
28.6598 	EXP 	window1: mouseVisible = False
28.6765 	EXP 	window1: mouseVisible = False
28.6934 	EXP 	window1: mouseVisible = False
28.7102 	EXP 	window1: mouseVisible = False
28.7268 	EXP 	window1: mouseVisible = False
28.7432 	EXP 	window1: mouseVisible = False
28.7601 	EXP 	window1: mouseVisible = False
28.7769 	EXP 	window1: mouseVisible = False
28.7933 	EXP 	window1: mouseVisible = False
28.8102 	EXP 	window1: mouseVisible = False
28.8275 	EXP 	window1: mouseVisible = False
28.8433 	EXP 	window1: mouseVisible = False
28.8600 	EXP 	window1: mouseVisible = False
28.8771 	EXP 	window1: mouseVisible = False
28.8934 	EXP 	window1: mouseVisible = False
28.9105 	EXP 	window1: mouseVisible = False
28.9271 	EXP 	window1: mouseVisible = False
28.9437 	EXP 	window1: mouseVisible = False
28.9605 	EXP 	window1: mouseVisible = False
28.9767 	EXP 	window1: mouseVisible = False
28.9936 	EXP 	window1: mouseVisible = False
29.0100 	EXP 	window1: mouseVisible = False
29.0268 	EXP 	window1: mouseVisible = False
29.0435 	EXP 	window1: mouseVisible = False
29.0603 	EXP 	window1: mouseVisible = False
29.0769 	EXP 	window1: mouseVisible = False
29.0937 	EXP 	window1: mouseVisible = False
29.1102 	EXP 	window1: mouseVisible = False
29.1270 	EXP 	window1: mouseVisible = False
29.1436 	EXP 	window1: mouseVisible = False
29.1604 	EXP 	window1: mouseVisible = False
29.1770 	EXP 	window1: mouseVisible = False
29.1936 	EXP 	window1: mouseVisible = False
29.2105 	EXP 	window1: mouseVisible = False
29.2273 	EXP 	window1: mouseVisible = False
29.2439 	EXP 	window1: mouseVisible = False
29.2606 	EXP 	window1: mouseVisible = False
29.2770 	EXP 	window1: mouseVisible = False
29.2940 	EXP 	window1: mouseVisible = False
29.3103 	EXP 	blankScreen: autoDraw = False
29.3103 	EXP 	call1: autoDraw = True
29.3103 	EXP 	call2: autoDraw = True
29.3103 	EXP 	call3: autoDraw = True
29.3103 	EXP 	call4: autoDraw = True
29.3103 	EXP 	colour1: autoDraw = True
29.3103 	EXP 	colour2: autoDraw = True
29.3103 	EXP 	colour3: autoDraw = True
29.3103 	EXP 	colour4: autoDraw = True
29.3103 	EXP 	number1: autoDraw = True
29.3103 	EXP 	number2: autoDraw = True
29.3103 	EXP 	number3: autoDraw = True
29.3103 	EXP 	number4: autoDraw = True
29.3105 	EXP 	window1: mouseVisible = False
29.3108 	EXP 	window1: mouseVisible = True
29.3273 	EXP 	window1: mouseVisible = False
29.3275 	EXP 	window1: mouseVisible = True
29.3438 	EXP 	window1: mouseVisible = False
29.3440 	EXP 	window1: mouseVisible = True
29.3605 	EXP 	window1: mouseVisible = False
29.3607 	EXP 	window1: mouseVisible = True
29.3773 	EXP 	window1: mouseVisible = False
29.3777 	EXP 	window1: mouseVisible = True
29.3936 	EXP 	window1: mouseVisible = False
29.3938 	EXP 	window1: mouseVisible = True
29.4106 	EXP 	window1: mouseVisible = False
29.4108 	EXP 	window1: mouseVisible = True
29.4271 	EXP 	window1: mouseVisible = False
29.4274 	EXP 	window1: mouseVisible = True
29.4439 	EXP 	window1: mouseVisible = False
29.4441 	EXP 	window1: mouseVisible = True
29.4608 	EXP 	window1: mouseVisible = False
29.4611 	EXP 	window1: mouseVisible = True
29.4772 	EXP 	window1: mouseVisible = False
29.4774 	EXP 	window1: mouseVisible = True
29.4940 	EXP 	window1: mouseVisible = False
29.4942 	EXP 	window1: mouseVisible = True
29.5107 	EXP 	window1: mouseVisible = False
29.5110 	EXP 	window1: mouseVisible = True
29.5276 	EXP 	window1: mouseVisible = False
29.5280 	EXP 	window1: mouseVisible = True
29.5438 	EXP 	window1: mouseVisible = False
29.5440 	EXP 	window1: mouseVisible = True
29.5607 	EXP 	window1: mouseVisible = False
29.5610 	EXP 	window1: mouseVisible = True
29.5772 	EXP 	window1: mouseVisible = False
29.5775 	EXP 	window1: mouseVisible = True
29.5942 	EXP 	window1: mouseVisible = False
29.5945 	EXP 	window1: mouseVisible = True
29.6110 	EXP 	window1: mouseVisible = False
29.6112 	EXP 	window1: mouseVisible = True
29.6273 	EXP 	window1: mouseVisible = False
29.6275 	EXP 	window1: mouseVisible = True
29.6441 	EXP 	window1: mouseVisible = False
29.6444 	EXP 	window1: mouseVisible = True
29.6607 	EXP 	window1: mouseVisible = False
29.6610 	EXP 	window1: mouseVisible = True
29.6773 	EXP 	window1: mouseVisible = False
29.6776 	EXP 	window1: mouseVisible = True
29.6943 	EXP 	window1: mouseVisible = False
29.6945 	EXP 	window1: mouseVisible = True
29.7111 	EXP 	window1: mouseVisible = False
29.7113 	EXP 	window1: mouseVisible = True
29.7274 	EXP 	window1: mouseVisible = False
29.7276 	EXP 	window1: mouseVisible = True
29.7444 	EXP 	window1: mouseVisible = False
29.7448 	EXP 	window1: mouseVisible = True
29.7613 	EXP 	window1: mouseVisible = False
29.7616 	EXP 	window1: mouseVisible = True
29.7775 	EXP 	window1: mouseVisible = False
29.7777 	EXP 	window1: mouseVisible = True
29.7944 	EXP 	window1: mouseVisible = False
29.7946 	EXP 	window1: mouseVisible = True
29.8110 	EXP 	window1: mouseVisible = False
29.8112 	EXP 	window1: mouseVisible = True
29.8279 	EXP 	window1: mouseVisible = False
29.8283 	EXP 	window1: mouseVisible = True
29.8445 	EXP 	window1: mouseVisible = False
29.8447 	EXP 	window1: mouseVisible = True
29.8609 	EXP 	window1: mouseVisible = False
29.8611 	EXP 	window1: mouseVisible = True
29.8779 	EXP 	window1: mouseVisible = False
29.8781 	EXP 	window1: mouseVisible = True
29.8940 	EXP 	window1: mouseVisible = False
29.8942 	EXP 	window1: mouseVisible = True
29.9109 	EXP 	window1: mouseVisible = False
29.9111 	EXP 	window1: mouseVisible = True
29.9277 	EXP 	window1: mouseVisible = False
29.9280 	EXP 	window1: mouseVisible = True
29.9443 	EXP 	window1: mouseVisible = False
29.9445 	EXP 	window1: mouseVisible = True
29.9610 	EXP 	window1: mouseVisible = False
29.9612 	EXP 	window1: mouseVisible = True
29.9776 	EXP 	window1: mouseVisible = False
29.9779 	EXP 	window1: mouseVisible = True
29.9943 	EXP 	window1: mouseVisible = False
29.9945 	EXP 	window1: mouseVisible = True
30.0109 	EXP 	window1: mouseVisible = False
30.0112 	EXP 	window1: mouseVisible = True
30.0280 	EXP 	window1: mouseVisible = False
30.0282 	EXP 	window1: mouseVisible = True
30.0442 	EXP 	window1: mouseVisible = False
30.0445 	EXP 	window1: mouseVisible = True
30.0610 	EXP 	window1: mouseVisible = False
30.0612 	EXP 	window1: mouseVisible = True
30.0781 	EXP 	window1: mouseVisible = False
30.0783 	EXP 	window1: mouseVisible = True
30.0948 	EXP 	window1: mouseVisible = False
30.0951 	EXP 	window1: mouseVisible = True
30.1110 	EXP 	window1: mouseVisible = False
30.1112 	EXP 	window1: mouseVisible = True
30.1277 	EXP 	window1: mouseVisible = False
30.1279 	EXP 	window1: mouseVisible = True
30.1447 	EXP 	window1: mouseVisible = False
30.1450 	EXP 	window1: mouseVisible = True
30.1611 	EXP 	window1: mouseVisible = False
30.1613 	EXP 	window1: mouseVisible = True
30.1779 	EXP 	window1: mouseVisible = False
30.1781 	EXP 	window1: mouseVisible = True
30.1944 	EXP 	window1: mouseVisible = False
30.1946 	EXP 	window1: mouseVisible = True
30.2112 	EXP 	window1: mouseVisible = False
30.2114 	EXP 	window1: mouseVisible = True
30.2283 	EXP 	window1: mouseVisible = False
30.2285 	EXP 	window1: mouseVisible = True
30.2448 	EXP 	window1: mouseVisible = False
30.2451 	EXP 	window1: mouseVisible = True
30.2612 	EXP 	window1: mouseVisible = False
30.2614 	EXP 	window1: mouseVisible = True
30.2779 	EXP 	window1: mouseVisible = False
30.2781 	EXP 	window1: mouseVisible = True
30.2945 	EXP 	window1: mouseVisible = False
30.2947 	EXP 	window1: mouseVisible = True
30.3115 	EXP 	window1: mouseVisible = False
30.3117 	EXP 	window1: mouseVisible = True
30.3282 	EXP 	window1: mouseVisible = False
30.3286 	EXP 	window1: mouseVisible = True
30.3446 	EXP 	window1: mouseVisible = False
30.3448 	EXP 	window1: mouseVisible = True
30.3613 	EXP 	window1: mouseVisible = False
30.3616 	EXP 	window1: mouseVisible = True
30.3781 	EXP 	window1: mouseVisible = False
30.3783 	EXP 	window1: mouseVisible = True
30.3946 	EXP 	window1: mouseVisible = False
30.3948 	EXP 	window1: mouseVisible = True
30.4114 	EXP 	window1: mouseVisible = False
30.4116 	EXP 	window1: mouseVisible = True
30.4281 	EXP 	window1: mouseVisible = False
30.4283 	EXP 	window1: mouseVisible = True
30.4446 	EXP 	window1: mouseVisible = False
30.4448 	EXP 	window1: mouseVisible = True
30.4614 	EXP 	window1: mouseVisible = False
30.4616 	EXP 	window1: mouseVisible = True
30.4780 	EXP 	window1: mouseVisible = False
30.4782 	EXP 	window1: mouseVisible = True
30.4950 	EXP 	window1: mouseVisible = False
30.4952 	EXP 	window1: mouseVisible = True
30.5116 	EXP 	window1: mouseVisible = False
30.5119 	EXP 	window1: mouseVisible = True
30.5280 	EXP 	window1: mouseVisible = False
30.5283 	EXP 	window1: mouseVisible = True
30.5447 	EXP 	window1: mouseVisible = False
30.5449 	EXP 	window1: mouseVisible = True
30.5615 	EXP 	window1: mouseVisible = False
30.5617 	EXP 	window1: mouseVisible = True
30.5783 	EXP 	window1: mouseVisible = False
30.5786 	EXP 	window1: mouseVisible = True
30.5948 	EXP 	window1: mouseVisible = False
30.5950 	EXP 	window1: mouseVisible = True
30.6121 	EXP 	window1: mouseVisible = False
30.6123 	EXP 	window1: mouseVisible = True
30.6282 	EXP 	window1: mouseVisible = False
30.6284 	EXP 	window1: mouseVisible = True
30.6451 	EXP 	window1: mouseVisible = False
30.6453 	EXP 	window1: mouseVisible = True
30.6615 	EXP 	window1: mouseVisible = False
30.6617 	EXP 	window1: mouseVisible = True
30.6781 	EXP 	window1: mouseVisible = False
30.6783 	EXP 	window1: mouseVisible = True
30.6951 	EXP 	window1: mouseVisible = False
30.6953 	EXP 	window1: mouseVisible = True
30.7116 	EXP 	window1: mouseVisible = False
30.7118 	EXP 	window1: mouseVisible = True
30.7283 	EXP 	window1: mouseVisible = False
30.7285 	EXP 	window1: mouseVisible = True
30.7450 	EXP 	window1: mouseVisible = False
30.7452 	EXP 	window1: mouseVisible = True
30.7615 	EXP 	window1: mouseVisible = False
30.7617 	EXP 	window1: mouseVisible = True
30.7784 	EXP 	window1: mouseVisible = False
30.7786 	EXP 	window1: mouseVisible = True
30.7951 	EXP 	window1: mouseVisible = False
30.7954 	EXP 	window1: mouseVisible = True
30.8116 	EXP 	window1: mouseVisible = False
30.8118 	EXP 	window1: mouseVisible = True
30.8283 	EXP 	window1: mouseVisible = False
30.8285 	EXP 	window1: mouseVisible = True
30.8452 	EXP 	window1: mouseVisible = False
30.8454 	EXP 	window1: mouseVisible = True
30.8615 	EXP 	window1: mouseVisible = False
30.8617 	EXP 	window1: mouseVisible = True
30.8783 	EXP 	window1: mouseVisible = False
30.8785 	EXP 	window1: mouseVisible = True
30.8949 	EXP 	window1: mouseVisible = False
30.8951 	EXP 	window1: mouseVisible = True
30.9115 	EXP 	window1: mouseVisible = False
30.9117 	EXP 	window1: mouseVisible = True
30.9284 	EXP 	window1: mouseVisible = False
30.9286 	EXP 	window1: mouseVisible = True
30.9450 	EXP 	window1: mouseVisible = False
30.9452 	EXP 	window1: mouseVisible = True
30.9617 	EXP 	window1: mouseVisible = False
30.9619 	EXP 	window1: mouseVisible = True
30.9786 	EXP 	window1: mouseVisible = False
30.9788 	EXP 	window1: mouseVisible = True
30.9956 	EXP 	window1: mouseVisible = False
30.9959 	EXP 	window1: mouseVisible = True
31.0117 	EXP 	window1: mouseVisible = False
31.0120 	EXP 	window1: mouseVisible = True
31.0285 	EXP 	window1: mouseVisible = False
31.0287 	EXP 	window1: mouseVisible = True
31.0452 	EXP 	window1: mouseVisible = False
31.0454 	EXP 	window1: mouseVisible = True
31.0617 	EXP 	window1: mouseVisible = False
31.0619 	EXP 	window1: mouseVisible = True
31.0785 	EXP 	window1: mouseVisible = False
31.0787 	EXP 	window1: mouseVisible = True
31.0951 	EXP 	window1: mouseVisible = False
31.0953 	EXP 	window1: mouseVisible = True
31.1119 	EXP 	window1: mouseVisible = False
31.1121 	EXP 	window1: mouseVisible = True
31.1288 	EXP 	window1: mouseVisible = False
31.1290 	EXP 	window1: mouseVisible = True
31.1455 	EXP 	window1: mouseVisible = False
31.1457 	EXP 	window1: mouseVisible = True
31.1623 	EXP 	window1: mouseVisible = False
31.1626 	EXP 	window1: mouseVisible = True
31.1787 	EXP 	window1: mouseVisible = False
31.1790 	EXP 	window1: mouseVisible = True
31.1953 	EXP 	window1: mouseVisible = False
31.1955 	EXP 	window1: mouseVisible = True
31.1958 	DATA 	Mouse: Left button down, pos=(623,606)
31.2283 	EXP 	call1: texRes = 128
31.2283 	EXP 	call2: texRes = 128
31.2283 	EXP 	call4: texRes = 128
31.2285 	EXP 	window1: mouseVisible = False
31.2287 	EXP 	window1: mouseVisible = True
31.2453 	EXP 	window1: mouseVisible = False
31.2455 	EXP 	window1: mouseVisible = True
31.2624 	EXP 	window1: mouseVisible = False
31.2626 	EXP 	window1: mouseVisible = True
31.2786 	EXP 	window1: mouseVisible = False
31.2788 	EXP 	window1: mouseVisible = True
31.2955 	EXP 	window1: mouseVisible = False
31.2957 	EXP 	window1: mouseVisible = True
31.3123 	EXP 	window1: mouseVisible = False
31.3125 	EXP 	window1: mouseVisible = True
31.3287 	EXP 	window1: mouseVisible = False
31.3289 	EXP 	window1: mouseVisible = True
31.3453 	EXP 	window1: mouseVisible = False
31.3455 	EXP 	window1: mouseVisible = True
31.3457 	DATA 	Mouse:  Left button up, pos=(623,606)
31.3621 	EXP 	window1: mouseVisible = False
31.3623 	EXP 	window1: mouseVisible = True
31.3787 	EXP 	window1: mouseVisible = False
31.3789 	EXP 	window1: mouseVisible = True
31.3963 	EXP 	window1: mouseVisible = False
31.3965 	EXP 	window1: mouseVisible = True
31.4123 	EXP 	window1: mouseVisible = False
31.4125 	EXP 	window1: mouseVisible = True
31.4288 	EXP 	window1: mouseVisible = False
31.4290 	EXP 	window1: mouseVisible = True
31.4456 	EXP 	window1: mouseVisible = False
31.4458 	EXP 	window1: mouseVisible = True
31.4620 	EXP 	window1: mouseVisible = False
31.4622 	EXP 	window1: mouseVisible = True
31.4788 	EXP 	window1: mouseVisible = False
31.4790 	EXP 	window1: mouseVisible = True
31.4955 	EXP 	window1: mouseVisible = False
31.4957 	EXP 	window1: mouseVisible = True
31.5124 	EXP 	window1: mouseVisible = False
31.5126 	EXP 	window1: mouseVisible = True
31.5289 	EXP 	window1: mouseVisible = False
31.5291 	EXP 	window1: mouseVisible = True
31.5456 	EXP 	window1: mouseVisible = False
31.5458 	EXP 	window1: mouseVisible = True
31.5622 	EXP 	window1: mouseVisible = False
31.5625 	EXP 	window1: mouseVisible = True
31.5790 	EXP 	window1: mouseVisible = False
31.5792 	EXP 	window1: mouseVisible = True
31.5958 	EXP 	window1: mouseVisible = False
31.5961 	EXP 	window1: mouseVisible = True
31.6122 	EXP 	window1: mouseVisible = False
31.6124 	EXP 	window1: mouseVisible = True
31.6292 	EXP 	window1: mouseVisible = False
31.6294 	EXP 	window1: mouseVisible = True
31.6459 	EXP 	window1: mouseVisible = False
31.6462 	EXP 	window1: mouseVisible = True
31.6625 	EXP 	window1: mouseVisible = False
31.6627 	EXP 	window1: mouseVisible = True
31.6792 	EXP 	window1: mouseVisible = False
31.6794 	EXP 	window1: mouseVisible = True
31.6959 	EXP 	window1: mouseVisible = False
31.6962 	EXP 	window1: mouseVisible = True
31.7123 	EXP 	window1: mouseVisible = False
31.7125 	EXP 	window1: mouseVisible = True
31.7290 	EXP 	window1: mouseVisible = False
31.7292 	EXP 	window1: mouseVisible = True
31.7460 	EXP 	window1: mouseVisible = False
31.7463 	EXP 	window1: mouseVisible = True
31.7625 	EXP 	window1: mouseVisible = False
31.7627 	EXP 	window1: mouseVisible = True
31.7793 	EXP 	window1: mouseVisible = False
31.7795 	EXP 	window1: mouseVisible = True
31.7957 	EXP 	window1: mouseVisible = False
31.7959 	EXP 	window1: mouseVisible = True
31.7962 	DATA 	Mouse: Left button down, pos=(1269,967)
31.8289 	EXP 	colour1: texRes = 128
31.8289 	EXP 	colour3: texRes = 128
31.8289 	EXP 	colour4: texRes = 128
31.8292 	EXP 	window1: mouseVisible = False
31.8294 	EXP 	window1: mouseVisible = True
31.8457 	EXP 	window1: mouseVisible = False
31.8459 	EXP 	window1: mouseVisible = True
31.8630 	EXP 	window1: mouseVisible = False
31.8633 	EXP 	window1: mouseVisible = True
31.8793 	EXP 	window1: mouseVisible = False
31.8795 	EXP 	window1: mouseVisible = True
31.8958 	EXP 	window1: mouseVisible = False
31.8960 	EXP 	window1: mouseVisible = True
31.8962 	DATA 	Mouse:  Left button up, pos=(1269,967)
31.9127 	EXP 	window1: mouseVisible = False
31.9129 	EXP 	window1: mouseVisible = True
31.9294 	EXP 	window1: mouseVisible = False
31.9296 	EXP 	window1: mouseVisible = True
31.9460 	EXP 	window1: mouseVisible = False
31.9462 	EXP 	window1: mouseVisible = True
31.9635 	EXP 	window1: mouseVisible = False
31.9637 	EXP 	window1: mouseVisible = True
31.9794 	EXP 	window1: mouseVisible = False
31.9797 	EXP 	window1: mouseVisible = True
31.9960 	EXP 	window1: mouseVisible = False
31.9962 	EXP 	window1: mouseVisible = True
32.0125 	EXP 	window1: mouseVisible = False
32.0127 	EXP 	window1: mouseVisible = True
32.0294 	EXP 	window1: mouseVisible = False
32.0297 	EXP 	window1: mouseVisible = True
32.0459 	EXP 	window1: mouseVisible = False
32.0461 	EXP 	window1: mouseVisible = True
32.0628 	EXP 	window1: mouseVisible = False
32.0630 	EXP 	window1: mouseVisible = True
32.0793 	EXP 	window1: mouseVisible = False
32.0796 	EXP 	window1: mouseVisible = True
32.0962 	EXP 	window1: mouseVisible = False
32.0964 	EXP 	window1: mouseVisible = True
32.1128 	EXP 	window1: mouseVisible = False
32.1130 	EXP 	window1: mouseVisible = True
32.1296 	EXP 	window1: mouseVisible = False
32.1299 	EXP 	window1: mouseVisible = True
32.1462 	EXP 	window1: mouseVisible = False
32.1464 	EXP 	window1: mouseVisible = True
32.1630 	EXP 	window1: mouseVisible = False
32.1632 	EXP 	window1: mouseVisible = True
32.1795 	EXP 	window1: mouseVisible = False
32.1797 	EXP 	window1: mouseVisible = True
32.1968 	EXP 	window1: mouseVisible = False
32.1970 	EXP 	window1: mouseVisible = True
32.2128 	EXP 	window1: mouseVisible = False
32.2130 	EXP 	window1: mouseVisible = True
32.2302 	EXP 	window1: mouseVisible = False
32.2304 	EXP 	window1: mouseVisible = True
32.2461 	EXP 	window1: mouseVisible = False
32.2463 	EXP 	window1: mouseVisible = True
32.2630 	EXP 	window1: mouseVisible = False
32.2633 	EXP 	window1: mouseVisible = True
32.2796 	EXP 	window1: mouseVisible = False
32.2798 	EXP 	window1: mouseVisible = True
32.2963 	EXP 	window1: mouseVisible = False
32.2965 	EXP 	window1: mouseVisible = True
32.3131 	EXP 	window1: mouseVisible = False
32.3133 	EXP 	window1: mouseVisible = True
32.3296 	EXP 	window1: mouseVisible = False
32.3299 	EXP 	window1: mouseVisible = True
32.3470 	EXP 	window1: mouseVisible = False
32.3473 	EXP 	window1: mouseVisible = True
32.3634 	EXP 	window1: mouseVisible = False
32.3636 	EXP 	window1: mouseVisible = True
32.3798 	EXP 	window1: mouseVisible = False
32.3800 	EXP 	window1: mouseVisible = True
32.3964 	EXP 	window1: mouseVisible = False
32.3966 	EXP 	window1: mouseVisible = True
32.4130 	EXP 	window1: mouseVisible = False
32.4132 	EXP 	window1: mouseVisible = True
32.4297 	EXP 	window1: mouseVisible = False
32.4299 	EXP 	window1: mouseVisible = True
32.4465 	EXP 	window1: mouseVisible = False
32.4467 	EXP 	window1: mouseVisible = True
32.4631 	EXP 	window1: mouseVisible = False
32.4634 	EXP 	window1: mouseVisible = True
32.4798 	EXP 	window1: mouseVisible = False
32.4800 	EXP 	window1: mouseVisible = True
32.4964 	EXP 	window1: mouseVisible = False
32.4966 	EXP 	window1: mouseVisible = True
32.5130 	EXP 	window1: mouseVisible = False
32.5132 	EXP 	window1: mouseVisible = True
32.5298 	EXP 	window1: mouseVisible = False
32.5301 	EXP 	window1: mouseVisible = True
32.5466 	EXP 	window1: mouseVisible = False
32.5469 	EXP 	window1: mouseVisible = True
32.5633 	EXP 	window1: mouseVisible = False
32.5635 	EXP 	window1: mouseVisible = True
32.5800 	EXP 	window1: mouseVisible = False
32.5802 	EXP 	window1: mouseVisible = True
32.5966 	EXP 	window1: mouseVisible = False
32.5969 	EXP 	window1: mouseVisible = True
32.6132 	EXP 	window1: mouseVisible = False
32.6134 	EXP 	window1: mouseVisible = True
32.6299 	EXP 	window1: mouseVisible = False
32.6301 	EXP 	window1: mouseVisible = True
32.6466 	EXP 	window1: mouseVisible = False
32.6468 	EXP 	window1: mouseVisible = True
32.6633 	EXP 	window1: mouseVisible = False
32.6635 	EXP 	window1: mouseVisible = True
32.6800 	EXP 	window1: mouseVisible = False
32.6802 	EXP 	window1: mouseVisible = True
32.6972 	EXP 	window1: mouseVisible = False
32.6974 	EXP 	window1: mouseVisible = True
32.7132 	EXP 	window1: mouseVisible = False
32.7134 	EXP 	window1: mouseVisible = True
32.7136 	DATA 	Mouse: Left button down, pos=(1586,817)
32.7301 	EXP 	window1: mouseVisible = False
32.7303 	EXP 	window1: mouseVisible = True
32.7467 	EXP 	window1: mouseVisible = False
32.7469 	EXP 	window1: mouseVisible = True
32.7633 	EXP 	window1: mouseVisible = False
32.7635 	EXP 	window1: mouseVisible = True
32.7800 	EXP 	window1: mouseVisible = False
32.7802 	EXP 	window1: mouseVisible = True
32.7965 	EXP 	window1: mouseVisible = False
32.7967 	EXP 	window1: mouseVisible = True
32.8134 	EXP 	window1: mouseVisible = False
32.8136 	EXP 	window1: mouseVisible = True
32.8302 	EXP 	window1: mouseVisible = False
32.8304 	EXP 	window1: mouseVisible = True
32.8467 	EXP 	window1: mouseVisible = False
32.8469 	EXP 	window1: mouseVisible = True
32.8635 	EXP 	window1: mouseVisible = False
32.8637 	EXP 	window1: mouseVisible = True
32.8803 	EXP 	window1: mouseVisible = False
32.8805 	EXP 	window1: mouseVisible = True
32.8969 	EXP 	window1: mouseVisible = False
32.8971 	EXP 	window1: mouseVisible = True
32.9133 	EXP 	window1: mouseVisible = False
32.9135 	EXP 	window1: mouseVisible = True
32.9300 	EXP 	window1: mouseVisible = False
32.9302 	EXP 	window1: mouseVisible = True
32.9474 	EXP 	window1: mouseVisible = False
32.9477 	EXP 	window1: mouseVisible = True
32.9479 	DATA 	Mouse:  Left button up, pos=(1586,817)
32.9635 	EXP 	window1: mouseVisible = False
32.9637 	EXP 	window1: mouseVisible = True
32.9802 	EXP 	window1: mouseVisible = False
32.9805 	EXP 	window1: mouseVisible = True
32.9968 	EXP 	window1: mouseVisible = False
32.9971 	EXP 	window1: mouseVisible = True
33.0136 	EXP 	window1: mouseVisible = False
33.0138 	EXP 	window1: mouseVisible = True
33.0302 	EXP 	window1: mouseVisible = False
33.0304 	EXP 	window1: mouseVisible = True
33.0469 	EXP 	window1: mouseVisible = False
33.0471 	EXP 	window1: mouseVisible = True
33.0636 	EXP 	window1: mouseVisible = False
33.0639 	EXP 	window1: mouseVisible = True
33.0802 	EXP 	window1: mouseVisible = False
33.0804 	EXP 	window1: mouseVisible = True
33.0970 	EXP 	window1: mouseVisible = False
33.0972 	EXP 	window1: mouseVisible = True
33.1137 	EXP 	window1: mouseVisible = False
33.1140 	EXP 	window1: mouseVisible = True
33.1303 	EXP 	window1: mouseVisible = False
33.1305 	EXP 	window1: mouseVisible = True
33.1477 	EXP 	window1: mouseVisible = False
33.1479 	EXP 	window1: mouseVisible = True
33.1638 	EXP 	window1: mouseVisible = False
33.1640 	EXP 	window1: mouseVisible = True
33.1802 	EXP 	window1: mouseVisible = False
33.1804 	EXP 	window1: mouseVisible = True
33.1971 	EXP 	window1: mouseVisible = False
33.1973 	EXP 	window1: mouseVisible = True
33.2138 	EXP 	window1: mouseVisible = False
33.2140 	EXP 	window1: mouseVisible = True
33.2307 	EXP 	window1: mouseVisible = False
33.2309 	EXP 	window1: mouseVisible = True
33.2471 	EXP 	window1: mouseVisible = False
33.2473 	EXP 	window1: mouseVisible = True
33.2642 	EXP 	window1: mouseVisible = False
33.2645 	EXP 	window1: mouseVisible = True
33.2804 	EXP 	window1: mouseVisible = False
33.2806 	EXP 	window1: mouseVisible = True
33.2970 	EXP 	window1: mouseVisible = False
33.2972 	EXP 	window1: mouseVisible = True
33.3140 	EXP 	window1: mouseVisible = False
33.3144 	EXP 	window1: mouseVisible = True
33.3304 	EXP 	window1: mouseVisible = False
33.3306 	EXP 	window1: mouseVisible = True
33.3472 	EXP 	window1: mouseVisible = False
33.3474 	EXP 	window1: mouseVisible = True
33.3638 	EXP 	window1: mouseVisible = False
33.3640 	EXP 	window1: mouseVisible = True
33.3805 	EXP 	window1: mouseVisible = False
33.3807 	EXP 	window1: mouseVisible = True
33.3974 	EXP 	window1: mouseVisible = False
33.3976 	EXP 	window1: mouseVisible = True
33.4139 	EXP 	window1: mouseVisible = False
33.4141 	EXP 	window1: mouseVisible = True
33.4303 	EXP 	window1: mouseVisible = False
33.4305 	EXP 	window1: mouseVisible = True
33.4472 	EXP 	window1: mouseVisible = False
33.4475 	EXP 	window1: mouseVisible = True
33.4637 	EXP 	window1: mouseVisible = False
33.4639 	EXP 	window1: mouseVisible = True
33.4806 	EXP 	window1: mouseVisible = False
33.4808 	EXP 	window1: mouseVisible = True
33.4974 	EXP 	window1: mouseVisible = False
33.4976 	EXP 	window1: mouseVisible = True
33.5140 	EXP 	window1: mouseVisible = False
33.5142 	EXP 	window1: mouseVisible = True
33.5315 	EXP 	window1: mouseVisible = False
33.5318 	EXP 	window1: mouseVisible = True
33.5474 	EXP 	window1: mouseVisible = False
33.5477 	EXP 	window1: mouseVisible = True
33.5638 	EXP 	window1: mouseVisible = False
33.5640 	EXP 	window1: mouseVisible = True
33.5805 	EXP 	window1: mouseVisible = False
33.5807 	EXP 	window1: mouseVisible = True
33.5973 	EXP 	window1: mouseVisible = False
33.5975 	EXP 	window1: mouseVisible = True
33.6140 	EXP 	window1: mouseVisible = False
33.6143 	EXP 	window1: mouseVisible = True
33.6307 	EXP 	window1: mouseVisible = False
33.6309 	EXP 	window1: mouseVisible = True
33.6476 	EXP 	window1: mouseVisible = False
33.6478 	EXP 	window1: mouseVisible = True
33.6481 	DATA 	Mouse: Left button down, pos=(1738,854)
33.6615 	EXP 	New trial (rep=0, index=2): OrderedDict([('audiofile', 'audio/NV_DE_Neural2-F_Dr-gr-Dr_0.75p.wav'), ('duration', 4.9037), ('noise', 'NV'), ('voice', 'Neural2-F'), ('words', 'Dr-gr-Dr'), ('callSign', 'Dr'), ('colour', 'gr'), ('number', 'Dr'), ('levels', '0.75p'), ('trigger_start', 100), ('trigger_end', 101), ('trigger_call', 112), ('trigger_col', 122), ('trigger_num', 133), ('file', 'DE_Neural2-F_Dr-gr-Dr.TextGrid'), ('firstSound_tmin', 0.16712), ('lastSound_tmax', 4.156010312344907), ('token_1_tmin', 0.6810090861860117), ('token_1_tmax', 1.20712), ('token_2_tmin', 2.2339779235133665), ('token_2_tmax', 2.58712), ('token_3_tmin', 3.810005766699207), ('token_3_tmax', 4.156010312344907), ('rater', 'mean'), ('newidx', 31), ('block', 'NV1')])
33.8720 	EXP 	window1: mouseVisible = False
33.8831 	EXP 	Sound sound_1 started
33.8737 	DATA 	Mouse:  Left button up, pos=(1738,854)
33.8807 	EXP 	number1: texRes = 128
33.8807 	EXP 	number3: texRes = 128
33.8807 	EXP 	number4: texRes = 128
33.8807 	EXP 	blankScreenAfterResponse: autoDraw = True
33.8807 	EXP 	blankScreen: autoDraw = False
33.8807 	EXP 	call1: autoDraw = False
33.8807 	EXP 	call2: autoDraw = False
33.8807 	EXP 	call3: autoDraw = False
33.8807 	EXP 	call4: autoDraw = False
33.8807 	EXP 	colour1: autoDraw = False
33.8807 	EXP 	colour2: autoDraw = False
33.8807 	EXP 	colour3: autoDraw = False
33.8807 	EXP 	colour4: autoDraw = False
33.8807 	EXP 	number1: autoDraw = False
33.8807 	EXP 	number2: autoDraw = False
33.8807 	EXP 	number3: autoDraw = False
33.8807 	EXP 	number4: autoDraw = False
33.8807 	EXP 	blankScreenAfterResponse: autoDraw = False
33.8807 	EXP 	fixation: autoDraw = True
38.3983 	EXP 	Sound sound_1 reached end of file
38.4467 	EXP 	window1: mouseVisible = False
38.4543 	EXP 	fixation: autoDraw = False
38.4543 	EXP 	screenAfterAudio: autoDraw = True
38.4543 	EXP 	screenAfterAudio: autoDraw = False
38.4543 	EXP 	fixation: autoDraw = False
38.4543 	EXP 	screenAfterAudio: autoDraw = False
38.4543 	EXP 	call1: texRes = 128
38.4543 	EXP 	call2: texRes = 128
38.4543 	EXP 	call3: texRes = 128
38.4543 	EXP 	call4: texRes = 128
38.4543 	EXP 	colour1: texRes = 128
38.4543 	EXP 	colour2: texRes = 128
38.4543 	EXP 	colour3: texRes = 128
38.4543 	EXP 	colour4: texRes = 128
38.4543 	EXP 	number1: texRes = 128
38.4543 	EXP 	number2: texRes = 128
38.4543 	EXP 	number3: texRes = 128
38.4543 	EXP 	number4: texRes = 128
38.4543 	EXP 	blankScreen: autoDraw = True
38.4545 	EXP 	window1: mouseVisible = False
38.4742 	EXP 	window1: mouseVisible = False
38.4896 	EXP 	window1: mouseVisible = False
38.5069 	EXP 	window1: mouseVisible = False
38.5238 	EXP 	window1: mouseVisible = False
38.5402 	EXP 	window1: mouseVisible = False
38.5571 	EXP 	window1: mouseVisible = False
38.5738 	EXP 	window1: mouseVisible = False
38.5901 	EXP 	window1: mouseVisible = False
38.6075 	EXP 	window1: mouseVisible = False
38.6258 	EXP 	window1: mouseVisible = False
38.6405 	EXP 	window1: mouseVisible = False
38.6561 	EXP 	window1: mouseVisible = False
38.6734 	EXP 	window1: mouseVisible = False
38.6901 	EXP 	window1: mouseVisible = False
38.7077 	EXP 	window1: mouseVisible = False
38.7240 	EXP 	window1: mouseVisible = False
38.7405 	EXP 	window1: mouseVisible = False
38.7572 	EXP 	window1: mouseVisible = False
38.7732 	EXP 	window1: mouseVisible = False
38.7904 	EXP 	window1: mouseVisible = False
38.8074 	EXP 	window1: mouseVisible = False
38.8237 	EXP 	window1: mouseVisible = False
38.8404 	EXP 	window1: mouseVisible = False
38.8569 	EXP 	window1: mouseVisible = False
38.8741 	EXP 	window1: mouseVisible = False
38.8905 	EXP 	window1: mouseVisible = False
38.9072 	EXP 	window1: mouseVisible = False
38.9239 	EXP 	window1: mouseVisible = False
38.9410 	EXP 	window1: mouseVisible = False
38.9574 	EXP 	window1: mouseVisible = False
38.9740 	EXP 	window1: mouseVisible = False
38.9912 	EXP 	window1: mouseVisible = False
39.0067 	EXP 	window1: mouseVisible = False
39.0235 	EXP 	window1: mouseVisible = False
39.0406 	EXP 	window1: mouseVisible = False
39.0572 	EXP 	window1: mouseVisible = False
39.0734 	EXP 	window1: mouseVisible = False
39.0901 	EXP 	window1: mouseVisible = False
39.1073 	EXP 	window1: mouseVisible = False
39.1239 	EXP 	window1: mouseVisible = False
39.1405 	EXP 	window1: mouseVisible = False
39.1573 	EXP 	window1: mouseVisible = False
39.1741 	EXP 	window1: mouseVisible = False
39.1901 	EXP 	window1: mouseVisible = False
39.2070 	EXP 	window1: mouseVisible = False
39.2235 	EXP 	window1: mouseVisible = False
39.2406 	EXP 	window1: mouseVisible = False
39.2573 	EXP 	window1: mouseVisible = False
39.2735 	EXP 	window1: mouseVisible = False
39.2904 	EXP 	window1: mouseVisible = False
39.3070 	EXP 	window1: mouseVisible = False
39.3236 	EXP 	window1: mouseVisible = False
39.3414 	EXP 	window1: mouseVisible = False
39.3568 	EXP 	window1: mouseVisible = False
39.3741 	EXP 	window1: mouseVisible = False
39.3911 	EXP 	window1: mouseVisible = False
39.4079 	EXP 	window1: mouseVisible = False
39.4243 	EXP 	window1: mouseVisible = False
39.4415 	EXP 	window1: mouseVisible = False
39.4698 	EXP 	blankScreen: autoDraw = False
39.4698 	EXP 	call1: autoDraw = True
39.4698 	EXP 	call2: autoDraw = True
39.4698 	EXP 	call3: autoDraw = True
39.4698 	EXP 	call4: autoDraw = True
39.4698 	EXP 	colour1: autoDraw = True
39.4698 	EXP 	colour2: autoDraw = True
39.4698 	EXP 	colour3: autoDraw = True
39.4698 	EXP 	colour4: autoDraw = True
39.4698 	EXP 	number1: autoDraw = True
39.4698 	EXP 	number2: autoDraw = True
39.4698 	EXP 	number3: autoDraw = True
39.4698 	EXP 	number4: autoDraw = True
39.4701 	EXP 	window1: mouseVisible = False
39.4701 	EXP 	window1: mouseVisible = True
39.4865 	EXP 	window1: mouseVisible = False
39.4865 	EXP 	window1: mouseVisible = True
39.5036 	EXP 	window1: mouseVisible = False
39.5037 	EXP 	window1: mouseVisible = True
39.5189 	EXP 	window1: mouseVisible = False
39.5189 	EXP 	window1: mouseVisible = True
39.5370 	EXP 	window1: mouseVisible = False
39.5370 	EXP 	window1: mouseVisible = True
39.5523 	EXP 	window1: mouseVisible = False
39.5524 	EXP 	window1: mouseVisible = True
39.5700 	EXP 	window1: mouseVisible = False
39.5700 	EXP 	window1: mouseVisible = True
39.5867 	EXP 	window1: mouseVisible = False
39.5868 	EXP 	window1: mouseVisible = True
39.6026 	EXP 	window1: mouseVisible = False
39.6027 	EXP 	window1: mouseVisible = True
39.6200 	EXP 	window1: mouseVisible = False
39.6200 	EXP 	window1: mouseVisible = True
39.6370 	EXP 	window1: mouseVisible = False
39.6370 	EXP 	window1: mouseVisible = True
39.6533 	EXP 	window1: mouseVisible = False
39.6534 	EXP 	window1: mouseVisible = True
39.6705 	EXP 	window1: mouseVisible = False
39.6705 	EXP 	window1: mouseVisible = True
39.6872 	EXP 	window1: mouseVisible = False
39.6873 	EXP 	window1: mouseVisible = True
39.7037 	EXP 	window1: mouseVisible = False
39.7038 	EXP 	window1: mouseVisible = True
39.7223 	EXP 	window1: mouseVisible = False
39.7224 	EXP 	window1: mouseVisible = True
39.7374 	EXP 	window1: mouseVisible = False
39.7374 	EXP 	window1: mouseVisible = True
39.7540 	EXP 	window1: mouseVisible = False
39.7540 	EXP 	window1: mouseVisible = True
39.7696 	EXP 	window1: mouseVisible = False
39.7696 	EXP 	window1: mouseVisible = True
39.7873 	EXP 	window1: mouseVisible = False
39.7873 	EXP 	window1: mouseVisible = True
39.8037 	EXP 	window1: mouseVisible = False
39.8037 	EXP 	window1: mouseVisible = True
39.8199 	EXP 	window1: mouseVisible = False
39.8199 	EXP 	window1: mouseVisible = True
39.8372 	EXP 	window1: mouseVisible = False
39.8372 	EXP 	window1: mouseVisible = True
39.8532 	EXP 	window1: mouseVisible = False
39.8532 	EXP 	window1: mouseVisible = True
39.8700 	EXP 	window1: mouseVisible = False
39.8700 	EXP 	window1: mouseVisible = True
39.8868 	EXP 	window1: mouseVisible = False
39.8868 	EXP 	window1: mouseVisible = True
39.9039 	EXP 	window1: mouseVisible = False
39.9039 	EXP 	window1: mouseVisible = True
39.9193 	EXP 	window1: mouseVisible = False
39.9194 	EXP 	window1: mouseVisible = True
39.9371 	EXP 	window1: mouseVisible = False
39.9372 	EXP 	window1: mouseVisible = True
39.9535 	EXP 	window1: mouseVisible = False
39.9535 	EXP 	window1: mouseVisible = True
39.9702 	EXP 	window1: mouseVisible = False
39.9703 	EXP 	window1: mouseVisible = True
39.9872 	EXP 	window1: mouseVisible = False
39.9872 	EXP 	window1: mouseVisible = True
40.0035 	EXP 	window1: mouseVisible = False
40.0036 	EXP 	window1: mouseVisible = True
40.0199 	EXP 	window1: mouseVisible = False
40.0199 	EXP 	window1: mouseVisible = True
40.0375 	EXP 	window1: mouseVisible = False
40.0377 	EXP 	window1: mouseVisible = True
40.0531 	EXP 	window1: mouseVisible = False
40.0535 	EXP 	window1: mouseVisible = True
40.0707 	EXP 	window1: mouseVisible = False
40.0708 	EXP 	window1: mouseVisible = True
40.0872 	EXP 	window1: mouseVisible = False
40.0874 	EXP 	window1: mouseVisible = True
40.1037 	EXP 	window1: mouseVisible = False
40.1038 	EXP 	window1: mouseVisible = True
40.1203 	EXP 	window1: mouseVisible = False
40.1205 	EXP 	window1: mouseVisible = True
40.1372 	EXP 	window1: mouseVisible = False
40.1374 	EXP 	window1: mouseVisible = True
40.1539 	EXP 	window1: mouseVisible = False
40.1542 	EXP 	window1: mouseVisible = True
40.1705 	EXP 	window1: mouseVisible = False
40.1707 	EXP 	window1: mouseVisible = True
40.1873 	EXP 	window1: mouseVisible = False
40.1875 	EXP 	window1: mouseVisible = True
40.2042 	EXP 	window1: mouseVisible = False
40.2044 	EXP 	window1: mouseVisible = True
40.2207 	EXP 	window1: mouseVisible = False
40.2209 	EXP 	window1: mouseVisible = True
40.2402 	EXP 	window1: mouseVisible = False
40.2406 	EXP 	window1: mouseVisible = True
40.2565 	EXP 	window1: mouseVisible = False
40.2569 	EXP 	window1: mouseVisible = True
40.2735 	EXP 	window1: mouseVisible = False
40.2738 	EXP 	window1: mouseVisible = True
40.2901 	EXP 	window1: mouseVisible = False
40.2905 	EXP 	window1: mouseVisible = True
40.3068 	EXP 	window1: mouseVisible = False
40.3071 	EXP 	window1: mouseVisible = True
40.3237 	EXP 	window1: mouseVisible = False
40.3240 	EXP 	window1: mouseVisible = True
40.3399 	EXP 	window1: mouseVisible = False
40.3403 	EXP 	window1: mouseVisible = True
40.3563 	EXP 	window1: mouseVisible = False
40.3565 	EXP 	window1: mouseVisible = True
40.3724 	EXP 	window1: mouseVisible = False
40.3727 	EXP 	window1: mouseVisible = True
40.3888 	EXP 	window1: mouseVisible = False
40.3890 	EXP 	window1: mouseVisible = True
40.4058 	EXP 	window1: mouseVisible = False
40.4060 	EXP 	window1: mouseVisible = True
40.4223 	EXP 	window1: mouseVisible = False
40.4226 	EXP 	window1: mouseVisible = True
40.4389 	EXP 	window1: mouseVisible = False
40.4391 	EXP 	window1: mouseVisible = True
40.4562 	EXP 	window1: mouseVisible = False
40.4564 	EXP 	window1: mouseVisible = True
40.4724 	EXP 	window1: mouseVisible = False
40.4726 	EXP 	window1: mouseVisible = True
40.4888 	EXP 	window1: mouseVisible = False
40.4891 	EXP 	window1: mouseVisible = True
40.5064 	EXP 	window1: mouseVisible = False
40.5066 	EXP 	window1: mouseVisible = True
40.5227 	EXP 	window1: mouseVisible = False
40.5229 	EXP 	window1: mouseVisible = True
40.5394 	EXP 	window1: mouseVisible = False
40.5395 	EXP 	window1: mouseVisible = True
40.5564 	EXP 	window1: mouseVisible = False
40.5566 	EXP 	window1: mouseVisible = True
40.5730 	EXP 	window1: mouseVisible = False
40.5732 	EXP 	window1: mouseVisible = True
40.5894 	EXP 	window1: mouseVisible = False
40.5896 	EXP 	window1: mouseVisible = True
40.6062 	EXP 	window1: mouseVisible = False
40.6064 	EXP 	window1: mouseVisible = True
40.6229 	EXP 	window1: mouseVisible = False
40.6233 	EXP 	window1: mouseVisible = True
40.6392 	EXP 	window1: mouseVisible = False
40.6394 	EXP 	window1: mouseVisible = True
40.6558 	EXP 	window1: mouseVisible = False
40.6561 	EXP 	window1: mouseVisible = True
40.6727 	EXP 	window1: mouseVisible = False
40.6729 	EXP 	window1: mouseVisible = True
40.6891 	EXP 	window1: mouseVisible = False
40.6893 	EXP 	window1: mouseVisible = True
40.7063 	EXP 	window1: mouseVisible = False
40.7065 	EXP 	window1: mouseVisible = True
40.7093 	DATA 	Mouse: Left button down, pos=(834,561)
40.7227 	EXP 	window1: mouseVisible = False
40.7229 	EXP 	window1: mouseVisible = True
40.7394 	EXP 	window1: mouseVisible = False
40.7396 	EXP 	window1: mouseVisible = True
40.7559 	EXP 	window1: mouseVisible = False
40.7561 	EXP 	window1: mouseVisible = True
40.7725 	EXP 	window1: mouseVisible = False
40.7727 	EXP 	window1: mouseVisible = True
40.7898 	EXP 	window1: mouseVisible = False
40.7900 	EXP 	window1: mouseVisible = True
40.8062 	EXP 	window1: mouseVisible = False
40.8064 	EXP 	window1: mouseVisible = True
40.8231 	EXP 	window1: mouseVisible = False
40.8233 	EXP 	window1: mouseVisible = True
40.8235 	DATA 	Mouse:  Left button up, pos=(834,561)
40.8395 	EXP 	window1: mouseVisible = False
40.8397 	EXP 	window1: mouseVisible = True
40.8560 	EXP 	window1: mouseVisible = False
40.8562 	EXP 	window1: mouseVisible = True
40.8726 	EXP 	window1: mouseVisible = False
40.8728 	EXP 	window1: mouseVisible = True
40.8893 	EXP 	window1: mouseVisible = False
40.8895 	EXP 	window1: mouseVisible = True
40.9059 	EXP 	window1: mouseVisible = False
40.9061 	EXP 	window1: mouseVisible = True
40.9226 	EXP 	window1: mouseVisible = False
40.9228 	EXP 	window1: mouseVisible = True
40.9396 	EXP 	window1: mouseVisible = False
40.9398 	EXP 	window1: mouseVisible = True
40.9561 	EXP 	window1: mouseVisible = False
40.9563 	EXP 	window1: mouseVisible = True
40.9730 	EXP 	window1: mouseVisible = False
40.9732 	EXP 	window1: mouseVisible = True
40.9898 	EXP 	window1: mouseVisible = False
40.9900 	EXP 	window1: mouseVisible = True
41.0062 	EXP 	window1: mouseVisible = False
41.0064 	EXP 	window1: mouseVisible = True
41.0228 	EXP 	window1: mouseVisible = False
41.0230 	EXP 	window1: mouseVisible = True
41.0395 	EXP 	window1: mouseVisible = False
41.0397 	EXP 	window1: mouseVisible = True
41.0560 	EXP 	window1: mouseVisible = False
41.0562 	EXP 	window1: mouseVisible = True
41.0729 	EXP 	window1: mouseVisible = False
41.0731 	EXP 	window1: mouseVisible = True
41.0895 	EXP 	window1: mouseVisible = False
41.0897 	EXP 	window1: mouseVisible = True
41.1065 	EXP 	window1: mouseVisible = False
41.1068 	EXP 	window1: mouseVisible = True
41.1230 	EXP 	window1: mouseVisible = False
41.1232 	EXP 	window1: mouseVisible = True
41.1396 	EXP 	window1: mouseVisible = False
41.1398 	EXP 	window1: mouseVisible = True
41.1562 	EXP 	window1: mouseVisible = False
41.1564 	EXP 	window1: mouseVisible = True
41.1567 	DATA 	Mouse: Left button down, pos=(790,558)
41.1864 	EXP 	call1: texRes = 128
41.1864 	EXP 	call2: texRes = 128
41.1864 	EXP 	call4: texRes = 128
41.1866 	EXP 	window1: mouseVisible = False
41.1868 	EXP 	window1: mouseVisible = True
41.2035 	EXP 	window1: mouseVisible = False
41.2038 	EXP 	window1: mouseVisible = True
41.2201 	EXP 	window1: mouseVisible = False
41.2203 	EXP 	window1: mouseVisible = True
41.2370 	EXP 	window1: mouseVisible = False
41.2372 	EXP 	window1: mouseVisible = True
41.2535 	EXP 	window1: mouseVisible = False
41.2537 	EXP 	window1: mouseVisible = True
41.2541 	DATA 	Mouse:  Left button up, pos=(805,561)
41.2703 	EXP 	window1: mouseVisible = False
41.2706 	EXP 	window1: mouseVisible = True
41.2869 	EXP 	window1: mouseVisible = False
41.2871 	EXP 	window1: mouseVisible = True
41.3035 	EXP 	window1: mouseVisible = False
41.3037 	EXP 	window1: mouseVisible = True
41.3203 	EXP 	window1: mouseVisible = False
41.3205 	EXP 	window1: mouseVisible = True
41.3368 	EXP 	window1: mouseVisible = False
41.3370 	EXP 	window1: mouseVisible = True
41.3535 	EXP 	window1: mouseVisible = False
41.3537 	EXP 	window1: mouseVisible = True
41.3708 	EXP 	window1: mouseVisible = False
41.3710 	EXP 	window1: mouseVisible = True
41.3869 	EXP 	window1: mouseVisible = False
41.3871 	EXP 	window1: mouseVisible = True
41.4036 	EXP 	window1: mouseVisible = False
41.4038 	EXP 	window1: mouseVisible = True
41.4204 	EXP 	window1: mouseVisible = False
41.4209 	EXP 	window1: mouseVisible = True
41.4370 	EXP 	window1: mouseVisible = False
41.4372 	EXP 	window1: mouseVisible = True
41.4537 	EXP 	window1: mouseVisible = False
41.4539 	EXP 	window1: mouseVisible = True
41.4705 	EXP 	window1: mouseVisible = False
41.4707 	EXP 	window1: mouseVisible = True
41.4875 	EXP 	window1: mouseVisible = False
41.4877 	EXP 	window1: mouseVisible = True
41.5036 	EXP 	window1: mouseVisible = False
41.5038 	EXP 	window1: mouseVisible = True
41.5205 	EXP 	window1: mouseVisible = False
41.5207 	EXP 	window1: mouseVisible = True
41.5210 	DATA 	Mouse: Left button down, pos=(1217,557)
41.5534 	EXP 	colour1: texRes = 128
41.5534 	EXP 	colour2: texRes = 128
41.5534 	EXP 	colour4: texRes = 128
41.5536 	EXP 	window1: mouseVisible = False
41.5538 	EXP 	window1: mouseVisible = True
41.5706 	EXP 	window1: mouseVisible = False
41.5709 	EXP 	window1: mouseVisible = True
41.5873 	EXP 	window1: mouseVisible = False
41.5875 	EXP 	window1: mouseVisible = True
41.6037 	EXP 	window1: mouseVisible = False
41.6039 	EXP 	window1: mouseVisible = True
41.6041 	DATA 	Mouse:  Left button up, pos=(1217,557)
41.6212 	EXP 	window1: mouseVisible = False
41.6214 	EXP 	window1: mouseVisible = True
41.6371 	EXP 	window1: mouseVisible = False
41.6373 	EXP 	window1: mouseVisible = True
41.6545 	EXP 	window1: mouseVisible = False
41.6547 	EXP 	window1: mouseVisible = True
41.6708 	EXP 	window1: mouseVisible = False
41.6711 	EXP 	window1: mouseVisible = True
41.6871 	EXP 	window1: mouseVisible = False
41.6873 	EXP 	window1: mouseVisible = True
41.7043 	EXP 	window1: mouseVisible = False
41.7046 	EXP 	window1: mouseVisible = True
41.7205 	EXP 	window1: mouseVisible = False
41.7207 	EXP 	window1: mouseVisible = True
41.7375 	EXP 	window1: mouseVisible = False
41.7377 	EXP 	window1: mouseVisible = True
41.7538 	EXP 	window1: mouseVisible = False
41.7540 	EXP 	window1: mouseVisible = True
41.7705 	EXP 	window1: mouseVisible = False
41.7707 	EXP 	window1: mouseVisible = True
41.7874 	EXP 	window1: mouseVisible = False
41.7876 	EXP 	window1: mouseVisible = True
41.8040 	EXP 	window1: mouseVisible = False
41.8042 	EXP 	window1: mouseVisible = True
41.8205 	EXP 	window1: mouseVisible = False
41.8207 	EXP 	window1: mouseVisible = True
41.8372 	EXP 	window1: mouseVisible = False
41.8375 	EXP 	window1: mouseVisible = True
41.8538 	EXP 	window1: mouseVisible = False
41.8540 	EXP 	window1: mouseVisible = True
41.8706 	EXP 	window1: mouseVisible = False
41.8708 	EXP 	window1: mouseVisible = True
41.8873 	EXP 	window1: mouseVisible = False
41.8875 	EXP 	window1: mouseVisible = True
41.9040 	EXP 	window1: mouseVisible = False
41.9043 	EXP 	window1: mouseVisible = True
41.9207 	EXP 	window1: mouseVisible = False
41.9209 	EXP 	window1: mouseVisible = True
41.9373 	EXP 	window1: mouseVisible = False
41.9376 	EXP 	window1: mouseVisible = True
41.9540 	EXP 	window1: mouseVisible = False
41.9542 	EXP 	window1: mouseVisible = True
41.9707 	EXP 	window1: mouseVisible = False
41.9709 	EXP 	window1: mouseVisible = True
41.9712 	DATA 	Mouse: Left button down, pos=(1713,523)
41.9876 	EXP 	window1: mouseVisible = False
41.9878 	EXP 	window1: mouseVisible = True
42.0044 	EXP 	window1: mouseVisible = False
42.0046 	EXP 	window1: mouseVisible = True
42.0208 	EXP 	window1: mouseVisible = False
42.0210 	EXP 	window1: mouseVisible = True
42.0374 	EXP 	window1: mouseVisible = False
42.0377 	EXP 	window1: mouseVisible = True
42.0542 	EXP 	window1: mouseVisible = False
42.0544 	EXP 	window1: mouseVisible = True
42.0708 	EXP 	window1: mouseVisible = False
42.0710 	EXP 	window1: mouseVisible = True
42.0873 	EXP 	window1: mouseVisible = False
42.0875 	EXP 	window1: mouseVisible = True
42.0877 	DATA 	Mouse:  Left button up, pos=(1713,523)
42.1042 	EXP 	window1: mouseVisible = False
42.1044 	EXP 	window1: mouseVisible = True
42.1208 	EXP 	window1: mouseVisible = False
42.1210 	EXP 	window1: mouseVisible = True
42.1376 	EXP 	window1: mouseVisible = False
42.1378 	EXP 	window1: mouseVisible = True
42.1545 	EXP 	window1: mouseVisible = False
42.1547 	EXP 	window1: mouseVisible = True
42.1710 	EXP 	window1: mouseVisible = False
42.1712 	EXP 	window1: mouseVisible = True
42.1875 	EXP 	window1: mouseVisible = False
42.1877 	EXP 	window1: mouseVisible = True
42.2042 	EXP 	window1: mouseVisible = False
42.2044 	EXP 	window1: mouseVisible = True
42.2213 	EXP 	window1: mouseVisible = False
42.2215 	EXP 	window1: mouseVisible = True
42.2376 	EXP 	window1: mouseVisible = False
42.2378 	EXP 	window1: mouseVisible = True
42.2403 	DATA 	Mouse: Left button down, pos=(1867,488)
42.2544 	EXP 	window1: mouseVisible = False
42.2546 	EXP 	window1: mouseVisible = True
42.2680 	EXP 	New trial (rep=0, index=3): OrderedDict([('audiofile', 'audio/NV_DE_Neural2-F_Kr-gr-Dr_0.75p.wav'), ('duration', 4.8722), ('noise', 'NV'), ('voice', 'Neural2-F'), ('words', 'Kr-gr-Dr'), ('callSign', 'Kr'), ('colour', 'gr'), ('number', 'Dr'), ('levels', '0.75p'), ('trigger_start', 100), ('trigger_end', 101), ('trigger_call', 113), ('trigger_col', 122), ('trigger_num', 133), ('file', 'DE_Neural2-F_Kr-gr-Dr.TextGrid'), ('firstSound_tmin', 0.17712), ('lastSound_tmax', 4.133161916655052), ('token_1_tmin', 0.7117468701095767), ('token_1_tmax', 1.2554213586008176), ('token_2_tmin', 2.2513878546785664), ('token_2_tmax', 2.6180314510593816), ('token_3_tmin', 3.807509569293533), ('token_3_tmax', 4.133161916655052), ('rater', 'mean'), ('newidx', 30), ('block', 'NV1')])
42.4691 	EXP 	window1: mouseVisible = False
42.4732 	EXP 	Sound sound_1 started
42.4710 	DATA 	Mouse:  Left button up, pos=(1867,488)
42.4876 	EXP 	number1: texRes = 128
42.4876 	EXP 	number2: texRes = 128
42.4876 	EXP 	number4: texRes = 128
42.4876 	EXP 	blankScreenAfterResponse: autoDraw = True
42.4876 	EXP 	blankScreen: autoDraw = False
42.4876 	EXP 	call1: autoDraw = False
42.4876 	EXP 	call2: autoDraw = False
42.4876 	EXP 	call3: autoDraw = False
42.4876 	EXP 	call4: autoDraw = False
42.4876 	EXP 	colour1: autoDraw = False
42.4876 	EXP 	colour2: autoDraw = False
42.4876 	EXP 	colour3: autoDraw = False
42.4876 	EXP 	colour4: autoDraw = False
42.4876 	EXP 	number1: autoDraw = False
42.4876 	EXP 	number2: autoDraw = False
42.4876 	EXP 	number3: autoDraw = False
42.4876 	EXP 	number4: autoDraw = False
42.4876 	EXP 	blankScreenAfterResponse: autoDraw = False
42.4876 	EXP 	fixation: autoDraw = True
46.9667 	EXP 	Sound sound_1 reached end of file
47.0122 	EXP 	window1: mouseVisible = False
47.0246 	EXP 	fixation: autoDraw = False
47.0246 	EXP 	screenAfterAudio: autoDraw = True
47.0246 	EXP 	screenAfterAudio: autoDraw = False
47.0246 	EXP 	fixation: autoDraw = False
47.0246 	EXP 	screenAfterAudio: autoDraw = False
47.0246 	EXP 	call1: texRes = 128
47.0246 	EXP 	call2: texRes = 128
47.0246 	EXP 	call3: texRes = 128
47.0246 	EXP 	call4: texRes = 128
47.0246 	EXP 	colour1: texRes = 128
47.0246 	EXP 	colour2: texRes = 128
47.0246 	EXP 	colour3: texRes = 128
47.0246 	EXP 	colour4: texRes = 128
47.0246 	EXP 	number1: texRes = 128
47.0246 	EXP 	number2: texRes = 128
47.0246 	EXP 	number3: texRes = 128
47.0246 	EXP 	number4: texRes = 128
47.0246 	EXP 	blankScreen: autoDraw = True
47.0248 	EXP 	window1: mouseVisible = False
47.0421 	EXP 	window1: mouseVisible = False
47.0585 	EXP 	window1: mouseVisible = False
47.0751 	EXP 	window1: mouseVisible = False
47.0919 	EXP 	window1: mouseVisible = False
47.1082 	EXP 	window1: mouseVisible = False
47.1249 	EXP 	window1: mouseVisible = False
47.1418 	EXP 	window1: mouseVisible = False
47.1585 	EXP 	window1: mouseVisible = False
47.1751 	EXP 	window1: mouseVisible = False
47.1920 	EXP 	window1: mouseVisible = False
47.2086 	EXP 	window1: mouseVisible = False
47.2254 	EXP 	window1: mouseVisible = False
47.2424 	EXP 	window1: mouseVisible = False
47.2585 	EXP 	window1: mouseVisible = False
47.2754 	EXP 	window1: mouseVisible = False
47.2916 	EXP 	window1: mouseVisible = False
47.3090 	EXP 	window1: mouseVisible = False
47.3250 	EXP 	window1: mouseVisible = False
47.3418 	EXP 	window1: mouseVisible = False
47.3583 	EXP 	window1: mouseVisible = False
47.3753 	EXP 	window1: mouseVisible = False
47.3916 	EXP 	window1: mouseVisible = False
47.4093 	EXP 	window1: mouseVisible = False
47.4256 	EXP 	window1: mouseVisible = False
47.4420 	EXP 	window1: mouseVisible = False
47.4593 	EXP 	window1: mouseVisible = False
47.4755 	EXP 	window1: mouseVisible = False
47.4920 	EXP 	window1: mouseVisible = False
47.5091 	EXP 	window1: mouseVisible = False
47.5261 	EXP 	window1: mouseVisible = False
47.5427 	EXP 	window1: mouseVisible = False
47.5586 	EXP 	window1: mouseVisible = False
47.5757 	EXP 	window1: mouseVisible = False
47.5918 	EXP 	window1: mouseVisible = False
47.6090 	EXP 	window1: mouseVisible = False
47.6252 	EXP 	window1: mouseVisible = False
47.6424 	EXP 	window1: mouseVisible = False
47.6589 	EXP 	window1: mouseVisible = False
47.6753 	EXP 	window1: mouseVisible = False
47.6922 	EXP 	window1: mouseVisible = False
47.7087 	EXP 	window1: mouseVisible = False
47.7255 	EXP 	window1: mouseVisible = False
47.7426 	EXP 	window1: mouseVisible = False
47.7592 	EXP 	window1: mouseVisible = False
47.7754 	EXP 	window1: mouseVisible = False
47.7928 	EXP 	window1: mouseVisible = False
47.8094 	EXP 	window1: mouseVisible = False
47.8255 	EXP 	window1: mouseVisible = False
47.8425 	EXP 	window1: mouseVisible = False
47.8590 	EXP 	window1: mouseVisible = False
47.8760 	EXP 	window1: mouseVisible = False
47.8925 	EXP 	window1: mouseVisible = False
47.9091 	EXP 	window1: mouseVisible = False
47.9261 	EXP 	window1: mouseVisible = False
47.9422 	EXP 	window1: mouseVisible = False
47.9593 	EXP 	window1: mouseVisible = False
47.9761 	EXP 	window1: mouseVisible = False
47.9923 	EXP 	window1: mouseVisible = False
48.0093 	EXP 	window1: mouseVisible = False
48.0253 	EXP 	blankScreen: autoDraw = False
48.0253 	EXP 	call1: autoDraw = True
48.0253 	EXP 	call2: autoDraw = True
48.0253 	EXP 	call3: autoDraw = True
48.0253 	EXP 	call4: autoDraw = True
48.0253 	EXP 	colour1: autoDraw = True
48.0253 	EXP 	colour2: autoDraw = True
48.0253 	EXP 	colour3: autoDraw = True
48.0253 	EXP 	colour4: autoDraw = True
48.0253 	EXP 	number1: autoDraw = True
48.0253 	EXP 	number2: autoDraw = True
48.0253 	EXP 	number3: autoDraw = True
48.0253 	EXP 	number4: autoDraw = True
48.0255 	EXP 	window1: mouseVisible = False
48.0260 	EXP 	window1: mouseVisible = True
48.0428 	EXP 	window1: mouseVisible = False
48.0430 	EXP 	window1: mouseVisible = True
48.0593 	EXP 	window1: mouseVisible = False
48.0595 	EXP 	window1: mouseVisible = True
48.0761 	EXP 	window1: mouseVisible = False
48.0765 	EXP 	window1: mouseVisible = True
48.0927 	EXP 	window1: mouseVisible = False
48.0929 	EXP 	window1: mouseVisible = True
48.1092 	EXP 	window1: mouseVisible = False
48.1094 	EXP 	window1: mouseVisible = True
48.1258 	EXP 	window1: mouseVisible = False
48.1261 	EXP 	window1: mouseVisible = True
48.1427 	EXP 	window1: mouseVisible = False
48.1429 	EXP 	window1: mouseVisible = True
48.1597 	EXP 	window1: mouseVisible = False
48.1600 	EXP 	window1: mouseVisible = True
48.1761 	EXP 	window1: mouseVisible = False
48.1765 	EXP 	window1: mouseVisible = True
48.1924 	EXP 	window1: mouseVisible = False
48.1925 	EXP 	window1: mouseVisible = True
48.2107 	EXP 	window1: mouseVisible = False
48.2108 	EXP 	window1: mouseVisible = True
48.2272 	EXP 	window1: mouseVisible = False
48.2272 	EXP 	window1: mouseVisible = True
48.2441 	EXP 	window1: mouseVisible = False
48.2441 	EXP 	window1: mouseVisible = True
48.2607 	EXP 	window1: mouseVisible = False
48.2608 	EXP 	window1: mouseVisible = True
48.2767 	EXP 	window1: mouseVisible = False
48.2767 	EXP 	window1: mouseVisible = True
48.2940 	EXP 	window1: mouseVisible = False
48.2940 	EXP 	window1: mouseVisible = True
48.3109 	EXP 	window1: mouseVisible = False
48.3110 	EXP 	window1: mouseVisible = True
48.3274 	EXP 	window1: mouseVisible = False
48.3274 	EXP 	window1: mouseVisible = True
48.3447 	EXP 	window1: mouseVisible = False
48.3447 	EXP 	window1: mouseVisible = True
48.3605 	EXP 	window1: mouseVisible = False
48.3606 	EXP 	window1: mouseVisible = True
48.3776 	EXP 	window1: mouseVisible = False
48.3776 	EXP 	window1: mouseVisible = True
48.3944 	EXP 	window1: mouseVisible = False
48.3944 	EXP 	window1: mouseVisible = True
48.4109 	EXP 	window1: mouseVisible = False
48.4110 	EXP 	window1: mouseVisible = True
48.4282 	EXP 	window1: mouseVisible = False
48.4283 	EXP 	window1: mouseVisible = True
48.4451 	EXP 	window1: mouseVisible = False
48.4451 	EXP 	window1: mouseVisible = True
48.4453 	DATA 	Keypress: escape
48.4609 	EXP 	window1: mouseVisible = False
48.4609 	EXP 	window1: mouseVisible = True
48.4776 	EXP 	window1: mouseVisible = False
48.4776 	EXP 	window1: mouseVisible = True
48.4939 	EXP 	window1: mouseVisible = False
48.4939 	EXP 	window1: mouseVisible = True
48.5101 	EXP 	window1: mouseVisible = False
48.5102 	EXP 	window1: mouseVisible = True
48.5262 	EXP 	window1: mouseVisible = False
48.5263 	EXP 	window1: mouseVisible = True
48.5428 	EXP 	window1: mouseVisible = False
48.5428 	EXP 	window1: mouseVisible = True
48.5595 	EXP 	window1: mouseVisible = False
48.5596 	EXP 	window1: mouseVisible = True
48.5766 	EXP 	window1: mouseVisible = False
48.5766 	EXP 	window1: mouseVisible = True
48.5941 	EXP 	window1: mouseVisible = False
48.5941 	EXP 	window1: mouseVisible = True
48.6096 	EXP 	window1: mouseVisible = False
48.6096 	EXP 	window1: mouseVisible = True
48.6263 	EXP 	window1: mouseVisible = False
48.6263 	EXP 	window1: mouseVisible = True
48.6432 	EXP 	window1: mouseVisible = False
48.6432 	EXP 	window1: mouseVisible = True
48.6600 	EXP 	window1: mouseVisible = False
48.6600 	EXP 	window1: mouseVisible = True
48.6766 	EXP 	window1: mouseVisible = False
48.6767 	EXP 	window1: mouseVisible = True
48.6936 	EXP 	window1: mouseVisible = False
48.6936 	EXP 	window1: mouseVisible = True
48.7097 	EXP 	window1: mouseVisible = False
48.7098 	EXP 	window1: mouseVisible = True
50.1900 	EXP 	window1: mouseVisible = True
