7.4638 	WARNING 	User requested fullscreen with size [2560 1440], but screen is actually [1280, 1024]. Using actual size
10.4992 	EXP 	Created window1 = Window(allowGUI=False, allowStencil=False, autoLog=True, backendConf=UNKNOWN, bitsMode=UNKNOWN, blendMode='avg', bpc=(8, 8, 8), color=array([0, 0, 0]), colorSpace='rgb', depthBits=8, fullscr=<method-wrapper '__getattribute__' of attributeSetter object at 0x000001E9FF39AB50>, gamma=None, gammaErrorPolicy='raise', lms=UNKNOWN, monitor=<psychopy.monitors.calibTools.Monitor object at 0x000001E9FF841400>, multiSample=False, name='window1', numSamples=2, pos=(0, 0), screen=0, size=array([1280, 1024]), stencilBits=0, stereo=False, units='height', useFBO=True, useRetina=False, viewOri=0.0, viewPos=None, viewScale=None, waitBlanking=True, winType='pyglet')
10.4996 	EXP 	window1: mouseVisible = True
10.4996 	EXP 	window1: Attempting to measure frame rate of screen (0) ...
10.4996 	EXP 	window1: recordFrameIntervals = False
10.6656 	EXP 	window1: recordFrameIntervals = True
10.8496 	EXP 	Screen (0) actual frame rate measured at 59.80Hz
10.8496 	EXP 	window1: recordFrameIntervals = False
12.8691 	EXP 	Created instrTrainText = TextStim(__class__=<class 'psychopy.visual.text.TextStim'>, alignHoriz=method-wrapper(...), alignText='center', alignVert=method-wrapper(...), anchorHoriz='center', anchorVert='center', antialias=True, autoLog=True, bold=False, color=array([1., 1., 1.]), colorSpace='rgb', contrast=1.0, depth=-1.0, flipHoriz=False, flipVert=False, font='Arial', fontFiles=[], height=0.04, italic=False, languageStyle='LTR', name='instrTrainText', opacity=1.0, ori=0, pos=array([0., 0.]), rgb=UNKNOWN, text=str(...), units='height', win=Window(...), wrapWidth=1)
12.8711 	EXP 	Created blockStart = TextStim(__class__=<class 'psychopy.visual.text.TextStim'>, alignHoriz=method-wrapper(...), alignText='center', alignVert=method-wrapper(...), anchorHoriz='center', anchorVert='center', antialias=True, autoLog=True, bold=False, color=array([1., 1., 1.]), colorSpace='rgb', contrast=1.0, depth=0.0, flipHoriz=False, flipVert=False, font='Arial', fontFiles=[], height=0.04, italic=False, languageStyle='LTR', name='blockStart', opacity=1.0, ori=0, pos=array([0., 0.]), rgb=UNKNOWN, text='Begin  block ', units='height', win=Window(...), wrapWidth=1)
12.9576 	EXP 	Sound sound_1 set volume 1.000
12.9654 	EXP 	Created fixation = ShapeStim(__class__=<class 'psychopy.visual.shape.ShapeStim'>, anchor=('center', 'center'), autoDraw=False, autoLog=True, closeShape=True, color=method-wrapper(...), colorSpace='rgb', contrast=None, depth=-2.0, fillColor=array([1, 1, 1]), fillColorSpace='rgb', fillRGB=array([1, 1, 1]), interpolate=True, lineColor=array([1., 1., 1.]), lineColorSpace='rgb', lineRGB=array([1, 1, 1]), lineWidth=0.5, name='fixation', opacity=0.75, ori=0.0, pos=array([0., 0.]), size=array([0.05, 0.05]), units='height', vertices=ndarray(...), win=Window(...), windingRule=None)
13.4036 	EXP 	Created screenAfterAudio = ImageStim(__class__=<class 'psychopy.visual.image.ImageStim'>, anchor=('center', 'center'), autoLog=True, color=array([1., 1., 1.]), colorSpace='rgb', contrast=1.0, depth=-4.0, flipHoriz=False, flipVert=False, image='images/grayScreen.png', interpolate=True, mask=None, maskParams=None, name='screenAfterAudio', opacity=1.0, ori=0.0, pos=array([0., 0.]), size=array([0.5, 0.5]), texRes=128.0, units='height', win=Window(...))
13.4280 	EXP 	Created blankScreen = ImageStim(__class__=<class 'psychopy.visual.image.ImageStim'>, anchor=('center', 'center'), autoLog=True, color=array([1., 1., 1.]), colorSpace='rgb', contrast=1.0, depth=-4.0, flipHoriz=False, flipVert=False, image='images/grayScreen.png', interpolate=True, mask=None, maskParams=None, name='blankScreen', opacity=1.0, ori=0.0, pos=array([0., 0.]), size=array([1920., 1080.]), texRes=128, units='height', win=Window(...))
13.9962 	EXP 	Created call1 = ImageStim(__class__=<class 'psychopy.visual.image.ImageStim'>, anchor=('center', 'center'), autoLog=True, color=array([1., 1., 1.]), colorSpace='rgb', contrast=1.0, depth=-5.0, flipHoriz=False, flipVert=False, image='images/adler.png', interpolate=True, mask=None, maskParams=None, name='call1', opacity=1.0, ori=0.0, pos=array([-0.4   ,  0.3125]), size=array([0.18, 0.18]), texRes=128, units='height', win=Window(...))
14.6094 	EXP 	Created call2 = ImageStim(__class__=<class 'psychopy.visual.image.ImageStim'>, anchor=('center', 'center'), autoLog=True, color=array([1., 1., 1.]), colorSpace='rgb', contrast=1.0, depth=-6.0, flipHoriz=False, flipVert=False, image='images/drossel.png', interpolate=True, mask=None, maskParams=None, name='call2', opacity=1.0, ori=0.0, pos=array([-0.4       ,  0.10416667]), size=array([0.18, 0.18]), texRes=128, units='height', win=Window(...))
15.1928 	EXP 	Created call3 = ImageStim(__class__=<class 'psychopy.visual.image.ImageStim'>, anchor=('center', 'center'), autoLog=True, color=array([1., 1., 1.]), colorSpace='rgb', contrast=1.0, depth=-7.0, flipHoriz=False, flipVert=False, image='images/tiger.png', interpolate=True, mask=None, maskParams=None, name='call3', opacity=1.0, ori=0.0, pos=array([-0.4       , -0.10416667]), size=array([0.18, 0.18]), texRes=128, units='height', win=Window(...))
15.7618 	EXP 	Created call4 = ImageStim(__class__=<class 'psychopy.visual.image.ImageStim'>, anchor=('center', 'center'), autoLog=True, color=array([1., 1., 1.]), colorSpace='rgb', contrast=1.0, depth=-8.0, flipHoriz=False, flipVert=False, image='images/kroete.png', interpolate=True, mask=None, maskParams=None, name='call4', opacity=1.0, ori=0.0, pos=array([-0.4   , -0.3125]), size=array([0.18, 0.18]), texRes=128, units='height', win=Window(...))
16.3279 	EXP 	Created colour1 = ImageStim(__class__=<class 'psychopy.visual.image.ImageStim'>, anchor=('center', 'center'), autoLog=True, color=array([1., 1., 1.]), colorSpace='rgb', contrast=1.0, depth=-9.0, flipHoriz=False, flipVert=False, image='images/gelb.png', interpolate=True, mask=None, maskParams=None, name='colour1', opacity=1.0, ori=0.0, pos=array([0.    , 0.3125]), size=array([0.18, 0.18]), texRes=128, units='height', win=Window(...))
17.0484 	EXP 	Created colour2 = ImageStim(__class__=<class 'psychopy.visual.image.ImageStim'>, anchor=('center', 'center'), autoLog=True, color=array([1., 1., 1.]), colorSpace='rgb', contrast=1.0, depth=-10.0, flipHoriz=False, flipVert=False, image='images/gruen.png', interpolate=True, mask=None, maskParams=None, name='colour2', opacity=1.0, ori=0.0, pos=array([0.        , 0.10416667]), size=array([0.18, 0.18]), texRes=128, units='height', win=Window(...))
17.7083 	EXP 	Created colour3 = ImageStim(__class__=<class 'psychopy.visual.image.ImageStim'>, anchor=('center', 'center'), autoLog=True, color=array([1., 1., 1.]), colorSpace='rgb', contrast=1.0, depth=-11.0, flipHoriz=False, flipVert=False, image='images/rot.png', interpolate=True, mask=None, maskParams=None, name='colour3', opacity=1.0, ori=0.0, pos=array([ 0.        , -0.10416667]), size=array([0.18, 0.18]), texRes=128, units='height', win=Window(...))
18.4132 	EXP 	Created colour4 = ImageStim(__class__=<class 'psychopy.visual.image.ImageStim'>, anchor=('center', 'center'), autoLog=True, color=array([1., 1., 1.]), colorSpace='rgb', contrast=1.0, depth=-12.0, flipHoriz=False, flipVert=False, image='images/weiss.png', interpolate=True, mask=None, maskParams=None, name='colour4', opacity=1.0, ori=0.0, pos=array([ 0.    , -0.3125]), size=array([0.18, 0.18]), texRes=128, units='height', win=Window(...))
19.0908 	EXP 	Created number1 = ImageStim(__class__=<class 'psychopy.visual.image.ImageStim'>, anchor=('center', 'center'), autoLog=True, color=array([1., 1., 1.]), colorSpace='rgb', contrast=1.0, depth=-13.0, flipHoriz=False, flipVert=False, image='images/1.png', interpolate=True, mask=None, maskParams=None, name='number1', opacity=1.0, ori=0.0, pos=array([0.4   , 0.3125]), size=array([0.18, 0.18]), texRes=128, units='height', win=Window(...))
19.6586 	EXP 	Created number2 = ImageStim(__class__=<class 'psychopy.visual.image.ImageStim'>, anchor=('center', 'center'), autoLog=True, color=array([1., 1., 1.]), colorSpace='rgb', contrast=1.0, depth=-14.0, flipHoriz=False, flipVert=False, image='images/2.png', interpolate=True, mask=None, maskParams=None, name='number2', opacity=1.0, ori=0.0, pos=array([0.4       , 0.10416667]), size=array([0.18, 0.18]), texRes=128, units='height', win=Window(...))
20.3421 	EXP 	Created number3 = ImageStim(__class__=<class 'psychopy.visual.image.ImageStim'>, anchor=('center', 'center'), autoLog=True, color=array([1., 1., 1.]), colorSpace='rgb', contrast=1.0, depth=-15.0, flipHoriz=False, flipVert=False, image='images/3.png', interpolate=True, mask=None, maskParams=None, name='number3', opacity=1.0, ori=0.0, pos=array([ 0.4       , -0.10416667]), size=array([0.18, 0.18]), texRes=128, units='height', win=Window(...))
20.9591 	EXP 	Created number4 = ImageStim(__class__=<class 'psychopy.visual.image.ImageStim'>, anchor=('center', 'center'), autoLog=True, color=array([1., 1., 1.]), colorSpace='rgb', contrast=1.0, depth=-16.0, flipHoriz=False, flipVert=False, image='images/4.png', interpolate=True, mask=None, maskParams=None, name='number4', opacity=1.0, ori=0.0, pos=array([ 0.4   , -0.3125]), size=array([0.18, 0.18]), texRes=128, units='height', win=Window(...))
20.9591 	EXP 	window1: mouseVisible = True
20.9592 	EXP 	window1: mouseVisible = True
20.9592 	EXP 	window1: mouseVisible = True
21.5558 	EXP 	Created blankScreenAfterResponse = ImageStim(__class__=<class 'psychopy.visual.image.ImageStim'>, anchor=('center', 'center'), autoLog=True, color=array([1., 1., 1.]), colorSpace='rgb', contrast=1.0, depth=-25.0, flipHoriz=False, flipVert=False, image='images/blankScreen.png', interpolate=True, mask=None, maskParams=None, name='blankScreenAfterResponse', opacity=1.0, ori=0.0, pos=array([0., 0.]), size=array([1920., 1080.]), texRes=128, units='height', win=Window(...))
21.5617 	EXP 	Created thanksText = TextStim(__class__=<class 'psychopy.visual.text.TextStim'>, alignHoriz=method-wrapper(...), alignText='center', alignVert=method-wrapper(...), anchorHoriz='center', anchorVert='center', antialias=True, autoLog=True, bold=False, color=array([1., 1., 1.]), colorSpace='rgb', contrast=1.0, depth=0.0, flipHoriz=False, flipVert=False, font='Arial', fontFiles=[], height=0.04, italic=False, languageStyle='LTR', name='thanksText', opacity=1.0, ori=0, pos=array([0., 0.]), rgb=UNKNOWN, text=str(...), units='height', win=Window(...), wrapWidth=1)
21.5618 	EXP 	window1: mouseVisible = False
21.5708 	DATA 	Keypress: space
21.5719 	DATA 	Mouse: Left button down, pos=(542,640)
21.5722 	DATA 	Mouse:  Left button up, pos=(542,640)
21.5788 	EXP 	instrTrainText: autoDraw = True
27.7565 	EXP 	Imported order1.csv as conditions, 4 conditions, 1 params
27.7573 	EXP 	Created sequence: sequential, trialTypes=4, nReps=1, seed=None
27.7574 	EXP 	New trial (rep=0, index=0): OrderedDict([('condsFile', 'flow\\tts-golang-selected_PsyPySEQ_NV1.csv')])
27.7587 	DATA 	Keypress: space
27.7762 	EXP 	instrTrainText: autoDraw = False
27.7762 	EXP 	blockStart: autoDraw = True
32.9064 	EXP 	Imported flow\tts-golang-selected_PsyPySEQ_NV1.csv as conditions, 96 conditions, 26 params
32.9071 	EXP 	Created sequence: random, trialTypes=96, nReps=1, seed=None
32.9074 	EXP 	New trial (rep=0, index=0): OrderedDict([('audiofile', 'audio/NV_DE_Neural2-F_Dr-ro-Ei_0.6p.wav'), ('duration', 5.0857), ('noise', 'NV'), ('voice', 'Neural2-F'), ('words', 'Dr-ro-Ei'), ('callSign', 'Dr'), ('colour', 'ro'), ('number', 'Ei'), ('levels', '0.6p'), ('trigger_start', 100), ('trigger_end', 101), ('trigger_call', 112), ('trigger_col', 123), ('trigger_num', 131), ('file', 'DE_Neural2-F_Dr-ro-Ei.TextGrid'), ('firstSound_tmin', 0.16712), ('lastSound_tmax', 4.316758085333333), ('token_1_tmin', 0.6826226240000001), ('token_1_tmax', 1.1958408473333333), ('token_2_tmin', 2.181903545), ('token_2_tmax', 2.549007265), ('token_3_tmin', 3.747429689666667), ('token_3_tmax', 4.316758085333333), ('rater', 'mean'), ('newidx', 4), ('block', 'NV1')])
33.5005 	EXP 	window1: mouseVisible = False
33.5064 	EXP 	Sound sound_1 started
33.5042 	DATA 	Keypress: space
33.5078 	EXP 	blockStart: autoDraw = False
33.5078 	EXP 	fixation: autoDraw = True
38.1893 	EXP 	Sound sound_1 reached end of file
40.4472 	EXP 	window1: mouseVisible = False
40.4573 	EXP 	fixation: autoDraw = False
40.4573 	EXP 	screenAfterAudio: autoDraw = True
40.4573 	EXP 	screenAfterAudio: autoDraw = False
40.4573 	EXP 	fixation: autoDraw = False
40.4573 	EXP 	screenAfterAudio: autoDraw = False
40.4573 	EXP 	call1: texRes = 128
40.4573 	EXP 	call2: texRes = 128
40.4573 	EXP 	call3: texRes = 128
40.4573 	EXP 	call4: texRes = 128
40.4573 	EXP 	colour1: texRes = 128
40.4573 	EXP 	colour2: texRes = 128
40.4573 	EXP 	colour3: texRes = 128
40.4573 	EXP 	colour4: texRes = 128
40.4573 	EXP 	number1: texRes = 128
40.4573 	EXP 	number2: texRes = 128
40.4573 	EXP 	number3: texRes = 128
40.4573 	EXP 	number4: texRes = 128
40.4573 	EXP 	blankScreen: autoDraw = True
40.4574 	EXP 	window1: mouseVisible = False
40.4885 	EXP 	window1: mouseVisible = False
40.5052 	EXP 	window1: mouseVisible = False
40.5218 	EXP 	window1: mouseVisible = False
40.5387 	EXP 	window1: mouseVisible = False
40.5552 	EXP 	window1: mouseVisible = False
40.5719 	EXP 	window1: mouseVisible = False
40.5885 	EXP 	window1: mouseVisible = False
40.6053 	EXP 	window1: mouseVisible = False
40.6219 	EXP 	window1: mouseVisible = False
40.6385 	EXP 	window1: mouseVisible = False
40.6552 	EXP 	window1: mouseVisible = False
40.6719 	EXP 	window1: mouseVisible = False
40.6885 	EXP 	window1: mouseVisible = False
40.7050 	EXP 	window1: mouseVisible = False
40.7217 	EXP 	window1: mouseVisible = False
40.7386 	EXP 	window1: mouseVisible = False
40.7554 	EXP 	window1: mouseVisible = False
40.7725 	EXP 	window1: mouseVisible = False
40.7885 	EXP 	window1: mouseVisible = False
40.8052 	EXP 	window1: mouseVisible = False
40.8218 	EXP 	window1: mouseVisible = False
40.8384 	EXP 	window1: mouseVisible = False
40.8552 	EXP 	window1: mouseVisible = False
40.8718 	EXP 	window1: mouseVisible = False
40.8886 	EXP 	window1: mouseVisible = False
40.9052 	EXP 	window1: mouseVisible = False
40.9218 	EXP 	window1: mouseVisible = False
40.9385 	EXP 	window1: mouseVisible = False
40.9551 	EXP 	window1: mouseVisible = False
40.9718 	EXP 	window1: mouseVisible = False
40.9884 	EXP 	window1: mouseVisible = False
41.0052 	EXP 	window1: mouseVisible = False
41.0218 	EXP 	window1: mouseVisible = False
41.0385 	EXP 	window1: mouseVisible = False
41.0551 	EXP 	window1: mouseVisible = False
41.0718 	EXP 	window1: mouseVisible = False
41.0883 	EXP 	window1: mouseVisible = False
41.1051 	EXP 	window1: mouseVisible = False
41.1217 	EXP 	window1: mouseVisible = False
41.1384 	EXP 	window1: mouseVisible = False
41.1552 	EXP 	window1: mouseVisible = False
41.1717 	EXP 	window1: mouseVisible = False
41.1885 	EXP 	window1: mouseVisible = False
41.2051 	EXP 	window1: mouseVisible = False
41.2217 	EXP 	window1: mouseVisible = False
41.2386 	EXP 	window1: mouseVisible = False
41.2550 	EXP 	window1: mouseVisible = False
41.2717 	EXP 	window1: mouseVisible = False
41.2883 	EXP 	window1: mouseVisible = False
41.3050 	EXP 	window1: mouseVisible = False
41.3217 	EXP 	window1: mouseVisible = False
41.3383 	EXP 	window1: mouseVisible = False
41.3550 	EXP 	window1: mouseVisible = False
41.3717 	EXP 	window1: mouseVisible = False
41.3884 	EXP 	window1: mouseVisible = False
41.4050 	EXP 	window1: mouseVisible = False
41.4220 	EXP 	window1: mouseVisible = False
41.4384 	EXP 	window1: mouseVisible = False
41.4549 	EXP 	window1: mouseVisible = False
41.4712 	EXP 	blankScreen: autoDraw = False
41.4712 	EXP 	call1: autoDraw = True
41.4712 	EXP 	call2: autoDraw = True
41.4712 	EXP 	call3: autoDraw = True
41.4712 	EXP 	call4: autoDraw = True
41.4712 	EXP 	colour1: autoDraw = True
41.4712 	EXP 	colour2: autoDraw = True
41.4712 	EXP 	colour3: autoDraw = True
41.4712 	EXP 	colour4: autoDraw = True
41.4712 	EXP 	number1: autoDraw = True
41.4712 	EXP 	number2: autoDraw = True
41.4712 	EXP 	number3: autoDraw = True
41.4712 	EXP 	number4: autoDraw = True
41.4714 	EXP 	window1: mouseVisible = False
41.4716 	EXP 	window1: mouseVisible = True
41.4888 	EXP 	window1: mouseVisible = False
41.4895 	EXP 	window1: mouseVisible = True
41.5052 	EXP 	window1: mouseVisible = False
41.5054 	EXP 	window1: mouseVisible = True
41.5217 	EXP 	window1: mouseVisible = False
41.5220 	EXP 	window1: mouseVisible = True
41.5802 	EXP 	window1: mouseVisible = False
41.5812 	EXP 	window1: mouseVisible = True
41.5886 	EXP 	window1: mouseVisible = False
41.5889 	EXP 	window1: mouseVisible = True
41.6050 	EXP 	window1: mouseVisible = False
41.6052 	EXP 	window1: mouseVisible = True
41.6216 	EXP 	window1: mouseVisible = False
41.6218 	EXP 	window1: mouseVisible = True
41.6755 	EXP 	window1: mouseVisible = False
41.6761 	EXP 	window1: mouseVisible = True
41.6883 	EXP 	window1: mouseVisible = False
41.6890 	EXP 	window1: mouseVisible = True
41.7051 	EXP 	window1: mouseVisible = False
41.7057 	EXP 	window1: mouseVisible = True
41.7217 	EXP 	window1: mouseVisible = False
41.7218 	EXP 	window1: mouseVisible = True
41.7713 	EXP 	window1: mouseVisible = False
41.7721 	EXP 	window1: mouseVisible = True
41.7887 	EXP 	window1: mouseVisible = False
41.7888 	EXP 	window1: mouseVisible = True
41.8054 	EXP 	window1: mouseVisible = False
41.8057 	EXP 	window1: mouseVisible = True
41.8218 	EXP 	window1: mouseVisible = False
41.8220 	EXP 	window1: mouseVisible = True
41.8384 	EXP 	window1: mouseVisible = False
41.8387 	EXP 	window1: mouseVisible = True
41.8552 	EXP 	window1: mouseVisible = False
41.8559 	EXP 	window1: mouseVisible = True
41.8718 	EXP 	window1: mouseVisible = False
41.8722 	EXP 	window1: mouseVisible = True
41.8885 	EXP 	window1: mouseVisible = False
41.8891 	EXP 	window1: mouseVisible = True
41.9051 	EXP 	window1: mouseVisible = False
41.9060 	EXP 	window1: mouseVisible = True
41.9220 	EXP 	window1: mouseVisible = False
41.9226 	EXP 	window1: mouseVisible = True
41.9415 	EXP 	window1: mouseVisible = False
41.9416 	EXP 	window1: mouseVisible = True
41.9548 	EXP 	window1: mouseVisible = False
41.9554 	EXP 	window1: mouseVisible = True
41.9716 	EXP 	window1: mouseVisible = False
41.9718 	EXP 	window1: mouseVisible = True
41.9885 	EXP 	window1: mouseVisible = False
41.9892 	EXP 	window1: mouseVisible = True
42.0050 	EXP 	window1: mouseVisible = False
42.0051 	EXP 	window1: mouseVisible = True
42.0222 	EXP 	window1: mouseVisible = False
42.0227 	EXP 	window1: mouseVisible = True
42.0836 	EXP 	window1: mouseVisible = False
42.0843 	EXP 	window1: mouseVisible = True
42.0906 	EXP 	window1: mouseVisible = False
42.0911 	EXP 	window1: mouseVisible = True
42.1216 	EXP 	window1: mouseVisible = False
42.1224 	EXP 	window1: mouseVisible = True
42.1794 	EXP 	window1: mouseVisible = False
42.1801 	EXP 	window1: mouseVisible = True
42.1884 	EXP 	window1: mouseVisible = False
42.1885 	EXP 	window1: mouseVisible = True
42.2047 	EXP 	window1: mouseVisible = False
42.2052 	EXP 	window1: mouseVisible = True
42.2214 	EXP 	window1: mouseVisible = False
42.2217 	EXP 	window1: mouseVisible = True
42.2573 	EXP 	window1: mouseVisible = False
42.2581 	EXP 	window1: mouseVisible = True
42.2719 	EXP 	window1: mouseVisible = False
42.2720 	EXP 	window1: mouseVisible = True
42.2884 	EXP 	window1: mouseVisible = False
42.2892 	EXP 	window1: mouseVisible = True
42.3049 	EXP 	window1: mouseVisible = False
42.3054 	EXP 	window1: mouseVisible = True
42.3217 	EXP 	window1: mouseVisible = False
42.3221 	EXP 	window1: mouseVisible = True
42.3383 	EXP 	window1: mouseVisible = False
42.3385 	EXP 	window1: mouseVisible = True
42.3551 	EXP 	window1: mouseVisible = False
42.3561 	EXP 	window1: mouseVisible = True
42.3718 	EXP 	window1: mouseVisible = False
42.3720 	EXP 	window1: mouseVisible = True
42.3884 	EXP 	window1: mouseVisible = False
42.3886 	EXP 	window1: mouseVisible = True
42.4051 	EXP 	window1: mouseVisible = False
42.4053 	EXP 	window1: mouseVisible = True
42.4218 	EXP 	window1: mouseVisible = False
42.4219 	EXP 	window1: mouseVisible = True
42.4384 	EXP 	window1: mouseVisible = False
42.4391 	EXP 	window1: mouseVisible = True
42.4549 	EXP 	window1: mouseVisible = False
42.4550 	EXP 	window1: mouseVisible = True
42.4714 	EXP 	window1: mouseVisible = False
42.4721 	EXP 	window1: mouseVisible = True
42.4881 	EXP 	window1: mouseVisible = False
42.4886 	EXP 	window1: mouseVisible = True
42.5048 	EXP 	window1: mouseVisible = False
42.5053 	EXP 	window1: mouseVisible = True
42.5214 	EXP 	window1: mouseVisible = False
42.5216 	EXP 	window1: mouseVisible = True
42.5713 	EXP 	window1: mouseVisible = False
42.5717 	EXP 	window1: mouseVisible = True
42.5882 	EXP 	window1: mouseVisible = False
42.5892 	EXP 	window1: mouseVisible = True
42.6050 	EXP 	window1: mouseVisible = False
42.6051 	EXP 	window1: mouseVisible = True
42.6217 	EXP 	window1: mouseVisible = False
42.6224 	EXP 	window1: mouseVisible = True
42.6382 	EXP 	window1: mouseVisible = False
42.6384 	EXP 	window1: mouseVisible = True
42.6546 	EXP 	window1: mouseVisible = False
42.6552 	EXP 	window1: mouseVisible = True
42.6714 	EXP 	window1: mouseVisible = False
42.6719 	EXP 	window1: mouseVisible = True
42.6881 	EXP 	window1: mouseVisible = False
42.6890 	EXP 	window1: mouseVisible = True
42.7047 	EXP 	window1: mouseVisible = False
42.7051 	EXP 	window1: mouseVisible = True
42.7214 	EXP 	window1: mouseVisible = False
42.7220 	EXP 	window1: mouseVisible = True
42.7761 	EXP 	window1: mouseVisible = False
42.7766 	EXP 	window1: mouseVisible = True
42.7882 	EXP 	window1: mouseVisible = False
42.7883 	EXP 	window1: mouseVisible = True
42.8048 	EXP 	window1: mouseVisible = False
42.8060 	EXP 	window1: mouseVisible = True
42.8216 	EXP 	window1: mouseVisible = False
42.8217 	EXP 	window1: mouseVisible = True
42.8382 	EXP 	window1: mouseVisible = False
42.8384 	EXP 	window1: mouseVisible = True
42.8554 	EXP 	window1: mouseVisible = False
42.8555 	EXP 	window1: mouseVisible = True
42.8713 	EXP 	window1: mouseVisible = False
42.8719 	EXP 	window1: mouseVisible = True
42.8880 	EXP 	window1: mouseVisible = False
42.8884 	EXP 	window1: mouseVisible = True
42.9046 	EXP 	window1: mouseVisible = False
42.9049 	EXP 	window1: mouseVisible = True
42.9213 	EXP 	window1: mouseVisible = False
42.9215 	EXP 	window1: mouseVisible = True
42.9800 	EXP 	window1: mouseVisible = False
42.9807 	EXP 	window1: mouseVisible = True
42.9882 	EXP 	window1: mouseVisible = False
42.9883 	EXP 	window1: mouseVisible = True
43.0046 	EXP 	window1: mouseVisible = False
43.0047 	EXP 	window1: mouseVisible = True
43.0213 	EXP 	window1: mouseVisible = False
43.0214 	EXP 	window1: mouseVisible = True
43.0568 	EXP 	window1: mouseVisible = False
43.0575 	EXP 	window1: mouseVisible = True
43.0712 	EXP 	window1: mouseVisible = False
43.0713 	EXP 	window1: mouseVisible = True
43.0879 	EXP 	window1: mouseVisible = False
43.0881 	EXP 	window1: mouseVisible = True
43.1046 	EXP 	window1: mouseVisible = False
43.1048 	EXP 	window1: mouseVisible = True
43.1214 	EXP 	window1: mouseVisible = False
43.1217 	EXP 	window1: mouseVisible = True
43.1828 	EXP 	window1: mouseVisible = False
43.1834 	EXP 	window1: mouseVisible = True
43.1900 	EXP 	window1: mouseVisible = False
43.1904 	EXP 	window1: mouseVisible = True
43.2213 	EXP 	window1: mouseVisible = False
43.2219 	EXP 	window1: mouseVisible = True
43.2381 	EXP 	window1: mouseVisible = False
43.2382 	EXP 	window1: mouseVisible = True
43.2545 	EXP 	window1: mouseVisible = False
43.2552 	EXP 	window1: mouseVisible = True
43.2713 	EXP 	window1: mouseVisible = False
43.2714 	EXP 	window1: mouseVisible = True
43.2880 	EXP 	window1: mouseVisible = False
43.2886 	EXP 	window1: mouseVisible = True
43.3053 	EXP 	window1: mouseVisible = False
43.3055 	EXP 	window1: mouseVisible = True
43.3213 	EXP 	window1: mouseVisible = False
43.3215 	EXP 	window1: mouseVisible = True
43.3383 	EXP 	window1: mouseVisible = False
43.3385 	EXP 	window1: mouseVisible = True
43.3549 	EXP 	window1: mouseVisible = False
43.3555 	EXP 	window1: mouseVisible = True
43.3714 	EXP 	window1: mouseVisible = False
43.3720 	EXP 	window1: mouseVisible = True
43.3879 	EXP 	window1: mouseVisible = False
43.3880 	EXP 	window1: mouseVisible = True
43.4046 	EXP 	window1: mouseVisible = False
43.4048 	EXP 	window1: mouseVisible = True
43.4214 	EXP 	window1: mouseVisible = False
43.4216 	EXP 	window1: mouseVisible = True
43.4380 	EXP 	window1: mouseVisible = False
43.4383 	EXP 	window1: mouseVisible = True
43.4546 	EXP 	window1: mouseVisible = False
43.4548 	EXP 	window1: mouseVisible = True
43.4711 	EXP 	window1: mouseVisible = False
43.4716 	EXP 	window1: mouseVisible = True
43.4879 	EXP 	window1: mouseVisible = False
43.4880 	EXP 	window1: mouseVisible = True
43.5045 	EXP 	window1: mouseVisible = False
43.5051 	EXP 	window1: mouseVisible = True
43.5213 	EXP 	window1: mouseVisible = False
43.5214 	EXP 	window1: mouseVisible = True
43.5378 	EXP 	window1: mouseVisible = False
43.5384 	EXP 	window1: mouseVisible = True
43.5542 	EXP 	window1: mouseVisible = False
43.5547 	EXP 	window1: mouseVisible = True
43.5710 	EXP 	window1: mouseVisible = False
43.5718 	EXP 	window1: mouseVisible = True
43.5877 	EXP 	window1: mouseVisible = False
43.5879 	EXP 	window1: mouseVisible = True
43.6043 	EXP 	window1: mouseVisible = False
43.6052 	EXP 	window1: mouseVisible = True
43.6211 	EXP 	window1: mouseVisible = False
43.6213 	EXP 	window1: mouseVisible = True
43.6838 	EXP 	window1: mouseVisible = False
43.6847 	EXP 	window1: mouseVisible = True
43.7043 	EXP 	window1: mouseVisible = False
43.7044 	EXP 	window1: mouseVisible = True
43.7208 	EXP 	window1: mouseVisible = False
43.7210 	EXP 	window1: mouseVisible = True
43.7796 	EXP 	window1: mouseVisible = False
43.7802 	EXP 	window1: mouseVisible = True
43.7878 	EXP 	window1: mouseVisible = False
43.7880 	EXP 	window1: mouseVisible = True
43.8043 	EXP 	window1: mouseVisible = False
43.8045 	EXP 	window1: mouseVisible = True
43.8207 	EXP 	window1: mouseVisible = False
43.8211 	EXP 	window1: mouseVisible = True
43.8376 	EXP 	window1: mouseVisible = False
43.8377 	EXP 	window1: mouseVisible = True
43.8540 	EXP 	window1: mouseVisible = False
43.8543 	EXP 	window1: mouseVisible = True
43.8708 	EXP 	window1: mouseVisible = False
43.8710 	EXP 	window1: mouseVisible = True
43.8875 	EXP 	window1: mouseVisible = False
43.8876 	EXP 	window1: mouseVisible = True
43.9043 	EXP 	window1: mouseVisible = False
43.9051 	EXP 	window1: mouseVisible = True
43.9211 	EXP 	window1: mouseVisible = False
43.9216 	EXP 	window1: mouseVisible = True
43.9378 	EXP 	window1: mouseVisible = False
43.9384 	EXP 	window1: mouseVisible = True
43.9544 	EXP 	window1: mouseVisible = False
43.9546 	EXP 	window1: mouseVisible = True
43.9711 	EXP 	window1: mouseVisible = False
43.9713 	EXP 	window1: mouseVisible = True
43.9876 	EXP 	window1: mouseVisible = False
43.9878 	EXP 	window1: mouseVisible = True
44.0043 	EXP 	window1: mouseVisible = False
44.0046 	EXP 	window1: mouseVisible = True
44.0209 	EXP 	window1: mouseVisible = False
44.0214 	EXP 	window1: mouseVisible = True
44.0378 	EXP 	window1: mouseVisible = False
44.0384 	EXP 	window1: mouseVisible = True
44.0543 	EXP 	window1: mouseVisible = False
44.0548 	EXP 	window1: mouseVisible = True
44.0711 	EXP 	window1: mouseVisible = False
44.0714 	EXP 	window1: mouseVisible = True
44.0875 	EXP 	window1: mouseVisible = False
44.0878 	EXP 	window1: mouseVisible = True
44.1046 	EXP 	window1: mouseVisible = False
44.1048 	EXP 	window1: mouseVisible = True
44.1210 	EXP 	window1: mouseVisible = False
44.1214 	EXP 	window1: mouseVisible = True
44.1377 	EXP 	window1: mouseVisible = False
44.1379 	EXP 	window1: mouseVisible = True
44.1542 	EXP 	window1: mouseVisible = False
44.1549 	EXP 	window1: mouseVisible = True
44.1710 	EXP 	window1: mouseVisible = False
44.1711 	EXP 	window1: mouseVisible = True
44.1876 	EXP 	window1: mouseVisible = False
44.1882 	EXP 	window1: mouseVisible = True
44.2040 	EXP 	window1: mouseVisible = False
44.2042 	EXP 	window1: mouseVisible = True
44.2207 	EXP 	window1: mouseVisible = False
44.2213 	EXP 	window1: mouseVisible = True
44.2734 	EXP 	window1: mouseVisible = False
44.2742 	EXP 	window1: mouseVisible = True
44.2873 	EXP 	window1: mouseVisible = False
44.2875 	EXP 	window1: mouseVisible = True
44.3042 	EXP 	window1: mouseVisible = False
44.3049 	EXP 	window1: mouseVisible = True
44.3208 	EXP 	window1: mouseVisible = False
44.3212 	EXP 	window1: mouseVisible = True
44.3834 	EXP 	window1: mouseVisible = False
44.3842 	EXP 	window1: mouseVisible = True
44.4043 	EXP 	window1: mouseVisible = False
44.4047 	EXP 	window1: mouseVisible = True
44.4210 	EXP 	window1: mouseVisible = False
44.4211 	EXP 	window1: mouseVisible = True
44.4376 	EXP 	window1: mouseVisible = False
44.4379 	EXP 	window1: mouseVisible = True
44.4543 	EXP 	window1: mouseVisible = False
44.4545 	EXP 	window1: mouseVisible = True
44.4710 	EXP 	window1: mouseVisible = False
44.4714 	EXP 	window1: mouseVisible = True
44.4876 	EXP 	window1: mouseVisible = False
44.4878 	EXP 	window1: mouseVisible = True
44.5044 	EXP 	window1: mouseVisible = False
44.5051 	EXP 	window1: mouseVisible = True
44.5210 	EXP 	window1: mouseVisible = False
44.5217 	EXP 	window1: mouseVisible = True
44.5376 	EXP 	window1: mouseVisible = False
44.5380 	EXP 	window1: mouseVisible = True
44.5543 	EXP 	window1: mouseVisible = False
44.5545 	EXP 	window1: mouseVisible = True
44.5709 	EXP 	window1: mouseVisible = False
44.5713 	EXP 	window1: mouseVisible = True
44.5875 	EXP 	window1: mouseVisible = False
44.5877 	EXP 	window1: mouseVisible = True
44.6043 	EXP 	window1: mouseVisible = False
44.6046 	EXP 	window1: mouseVisible = True
44.6212 	EXP 	window1: mouseVisible = False
44.6216 	EXP 	window1: mouseVisible = True
44.6376 	EXP 	window1: mouseVisible = False
44.6378 	EXP 	window1: mouseVisible = True
44.6542 	EXP 	window1: mouseVisible = False
44.6549 	EXP 	window1: mouseVisible = True
44.6706 	EXP 	window1: mouseVisible = False
44.6708 	EXP 	window1: mouseVisible = True
44.6872 	EXP 	window1: mouseVisible = False
44.6878 	EXP 	window1: mouseVisible = True
44.7039 	EXP 	window1: mouseVisible = False
44.7049 	EXP 	window1: mouseVisible = True
44.7206 	EXP 	window1: mouseVisible = False
44.7212 	EXP 	window1: mouseVisible = True
44.7768 	EXP 	window1: mouseVisible = False
44.7777 	EXP 	window1: mouseVisible = True
44.7875 	EXP 	window1: mouseVisible = False
44.7876 	EXP 	window1: mouseVisible = True
44.8039 	EXP 	window1: mouseVisible = False
44.8041 	EXP 	window1: mouseVisible = True
44.8208 	EXP 	window1: mouseVisible = False
44.8211 	EXP 	window1: mouseVisible = True
44.8705 	EXP 	window1: mouseVisible = False
44.8711 	EXP 	window1: mouseVisible = True
44.8876 	EXP 	window1: mouseVisible = False
44.8881 	EXP 	window1: mouseVisible = True
44.9045 	EXP 	window1: mouseVisible = False
44.9049 	EXP 	window1: mouseVisible = True
44.9206 	EXP 	window1: mouseVisible = False
44.9211 	EXP 	window1: mouseVisible = True
44.9800 	EXP 	window1: mouseVisible = False
44.9810 	EXP 	window1: mouseVisible = True
44.9889 	EXP 	window1: mouseVisible = False
44.9894 	EXP 	window1: mouseVisible = True
45.0205 	EXP 	window1: mouseVisible = False
45.0206 	EXP 	window1: mouseVisible = True
45.0764 	EXP 	window1: mouseVisible = False
45.0765 	EXP 	window1: mouseVisible = True
45.0873 	EXP 	window1: mouseVisible = False
45.0875 	EXP 	window1: mouseVisible = True
45.1041 	EXP 	window1: mouseVisible = False
45.1043 	EXP 	window1: mouseVisible = True
45.1208 	EXP 	window1: mouseVisible = False
45.1209 	EXP 	window1: mouseVisible = True
45.1381 	EXP 	window1: mouseVisible = False
45.1388 	EXP 	window1: mouseVisible = True
45.1542 	EXP 	window1: mouseVisible = False
45.1548 	EXP 	window1: mouseVisible = True
45.1707 	EXP 	window1: mouseVisible = False
45.1710 	EXP 	window1: mouseVisible = True
45.1875 	EXP 	window1: mouseVisible = False
45.1877 	EXP 	window1: mouseVisible = True
45.2041 	EXP 	window1: mouseVisible = False
45.2043 	EXP 	window1: mouseVisible = True
45.2208 	EXP 	window1: mouseVisible = False
45.2210 	EXP 	window1: mouseVisible = True
45.2374 	EXP 	window1: mouseVisible = False
45.2375 	EXP 	window1: mouseVisible = True
45.2542 	EXP 	window1: mouseVisible = False
45.2543 	EXP 	window1: mouseVisible = True
45.2707 	EXP 	window1: mouseVisible = False
45.2713 	EXP 	window1: mouseVisible = True
45.2875 	EXP 	window1: mouseVisible = False
45.2877 	EXP 	window1: mouseVisible = True
45.3041 	EXP 	window1: mouseVisible = False
45.3047 	EXP 	window1: mouseVisible = True
45.3207 	EXP 	window1: mouseVisible = False
45.3209 	EXP 	window1: mouseVisible = True
45.3211 	DATA 	Mouse: Left button down, pos=(186,656)
45.3540 	EXP 	call1: texRes = 128
45.3540 	EXP 	call3: texRes = 128
45.3540 	EXP 	call4: texRes = 128
45.3543 	EXP 	window1: mouseVisible = False
45.3545 	EXP 	window1: mouseVisible = True
45.3708 	EXP 	window1: mouseVisible = False
45.3709 	EXP 	window1: mouseVisible = True
45.3872 	EXP 	window1: mouseVisible = False
45.3876 	EXP 	window1: mouseVisible = True
45.4039 	EXP 	window1: mouseVisible = False
45.4041 	EXP 	window1: mouseVisible = True
45.4205 	EXP 	window1: mouseVisible = False
45.4209 	EXP 	window1: mouseVisible = True
45.4787 	EXP 	window1: mouseVisible = False
45.4797 	EXP 	window1: mouseVisible = True
45.4833 	DATA 	Mouse:  Left button up, pos=(186,656)
45.4881 	EXP 	window1: mouseVisible = False
45.4882 	EXP 	window1: mouseVisible = True
45.5205 	EXP 	window1: mouseVisible = False
45.5207 	EXP 	window1: mouseVisible = True
45.5737 	EXP 	window1: mouseVisible = False
45.5749 	EXP 	window1: mouseVisible = True
45.5873 	EXP 	window1: mouseVisible = False
45.5877 	EXP 	window1: mouseVisible = True
45.6039 	EXP 	window1: mouseVisible = False
45.6043 	EXP 	window1: mouseVisible = True
45.6208 	EXP 	window1: mouseVisible = False
45.6210 	EXP 	window1: mouseVisible = True
45.6373 	EXP 	window1: mouseVisible = False
45.6379 	EXP 	window1: mouseVisible = True
45.6539 	EXP 	window1: mouseVisible = False
45.6543 	EXP 	window1: mouseVisible = True
45.6706 	EXP 	window1: mouseVisible = False
45.6711 	EXP 	window1: mouseVisible = True
45.6873 	EXP 	window1: mouseVisible = False
45.6874 	EXP 	window1: mouseVisible = True
45.7040 	EXP 	window1: mouseVisible = False
45.7041 	EXP 	window1: mouseVisible = True
45.7206 	EXP 	window1: mouseVisible = False
45.7208 	EXP 	window1: mouseVisible = True
45.7372 	EXP 	window1: mouseVisible = False
45.7378 	EXP 	window1: mouseVisible = True
45.7540 	EXP 	window1: mouseVisible = False
45.7545 	EXP 	window1: mouseVisible = True
45.7703 	EXP 	window1: mouseVisible = False
45.7707 	EXP 	window1: mouseVisible = True
45.7870 	EXP 	window1: mouseVisible = False
45.7872 	EXP 	window1: mouseVisible = True
45.8037 	EXP 	window1: mouseVisible = False
45.8039 	EXP 	window1: mouseVisible = True
45.8203 	EXP 	window1: mouseVisible = False
45.8204 	EXP 	window1: mouseVisible = True
45.8717 	EXP 	window1: mouseVisible = False
45.8723 	EXP 	window1: mouseVisible = True
45.8869 	EXP 	window1: mouseVisible = False
45.8877 	EXP 	window1: mouseVisible = True
45.9041 	EXP 	window1: mouseVisible = False
45.9043 	EXP 	window1: mouseVisible = True
45.9205 	EXP 	window1: mouseVisible = False
45.9211 	EXP 	window1: mouseVisible = True
45.9823 	EXP 	window1: mouseVisible = False
45.9826 	EXP 	window1: mouseVisible = True
45.9891 	EXP 	window1: mouseVisible = False
45.9893 	EXP 	window1: mouseVisible = True
45.9895 	DATA 	Mouse: Left button down, pos=(648,805)
46.0202 	EXP 	colour2: texRes = 128
46.0202 	EXP 	colour3: texRes = 128
46.0202 	EXP 	colour4: texRes = 128
46.0204 	EXP 	window1: mouseVisible = False
46.0206 	EXP 	window1: mouseVisible = True
46.0372 	EXP 	window1: mouseVisible = False
46.0374 	EXP 	window1: mouseVisible = True
46.0538 	EXP 	window1: mouseVisible = False
46.0540 	EXP 	window1: mouseVisible = True
46.0705 	EXP 	window1: mouseVisible = False
46.0707 	EXP 	window1: mouseVisible = True
46.0709 	DATA 	Mouse:  Left button up, pos=(648,805)
46.0871 	EXP 	window1: mouseVisible = False
46.0874 	EXP 	window1: mouseVisible = True
46.1037 	EXP 	window1: mouseVisible = False
46.1040 	EXP 	window1: mouseVisible = True
46.1204 	EXP 	window1: mouseVisible = False
46.1212 	EXP 	window1: mouseVisible = True
46.1371 	EXP 	window1: mouseVisible = False
46.1377 	EXP 	window1: mouseVisible = True
46.1539 	EXP 	window1: mouseVisible = False
46.1540 	EXP 	window1: mouseVisible = True
46.1704 	EXP 	window1: mouseVisible = False
46.1708 	EXP 	window1: mouseVisible = True
46.1872 	EXP 	window1: mouseVisible = False
46.1874 	EXP 	window1: mouseVisible = True
46.2039 	EXP 	window1: mouseVisible = False
46.2043 	EXP 	window1: mouseVisible = True
46.2206 	EXP 	window1: mouseVisible = False
46.2207 	EXP 	window1: mouseVisible = True
46.2374 	EXP 	window1: mouseVisible = False
46.2381 	EXP 	window1: mouseVisible = True
46.2538 	EXP 	window1: mouseVisible = False
46.2540 	EXP 	window1: mouseVisible = True
46.2704 	EXP 	window1: mouseVisible = False
46.2706 	EXP 	window1: mouseVisible = True
46.2870 	EXP 	window1: mouseVisible = False
46.2872 	EXP 	window1: mouseVisible = True
46.3036 	EXP 	window1: mouseVisible = False
46.3041 	EXP 	window1: mouseVisible = True
46.3205 	EXP 	window1: mouseVisible = False
46.3212 	EXP 	window1: mouseVisible = True
46.3370 	EXP 	window1: mouseVisible = False
46.3375 	EXP 	window1: mouseVisible = True
46.3537 	EXP 	window1: mouseVisible = False
46.3538 	EXP 	window1: mouseVisible = True
46.3701 	EXP 	window1: mouseVisible = False
46.3705 	EXP 	window1: mouseVisible = True
46.3868 	EXP 	window1: mouseVisible = False
46.3871 	EXP 	window1: mouseVisible = True
46.4035 	EXP 	window1: mouseVisible = False
46.4037 	EXP 	window1: mouseVisible = True
46.4201 	EXP 	window1: mouseVisible = False
46.4207 	EXP 	window1: mouseVisible = True
46.4758 	EXP 	window1: mouseVisible = False
46.4760 	EXP 	window1: mouseVisible = True
46.4869 	EXP 	window1: mouseVisible = False
46.4874 	EXP 	window1: mouseVisible = True
46.5034 	EXP 	window1: mouseVisible = False
46.5036 	EXP 	window1: mouseVisible = True
46.5201 	EXP 	window1: mouseVisible = False
46.5206 	EXP 	window1: mouseVisible = True
46.5705 	EXP 	window1: mouseVisible = False
46.5717 	EXP 	window1: mouseVisible = True
46.5871 	EXP 	window1: mouseVisible = False
46.5872 	EXP 	window1: mouseVisible = True
46.6038 	EXP 	window1: mouseVisible = False
46.6043 	EXP 	window1: mouseVisible = True
46.6202 	EXP 	window1: mouseVisible = False
46.6207 	EXP 	window1: mouseVisible = True
46.6218 	DATA 	Mouse: Left button down, pos=(1116,613)
46.6421 	EXP 	New trial (rep=0, index=1): OrderedDict([('audiofile', 'audio/NV_DE_Neural2-F_Dr-we-Dr_0.7p.wav'), ('duration', 4.9166), ('noise', 'NV'), ('voice', 'Neural2-F'), ('words', 'Dr-we-Dr'), ('callSign', 'Dr'), ('colour', 'we'), ('number', 'Dr'), ('levels', '0.7p'), ('trigger_start', 100), ('trigger_end', 101), ('trigger_call', 112), ('trigger_col', 124), ('trigger_num', 133), ('file', 'DE_Neural2-F_Dr-we-Dr.TextGrid'), ('firstSound_tmin', 0.16712), ('lastSound_tmax', 4.189664604), ('token_1_tmin', 0.6874512456666667), ('token_1_tmax', 1.21712), ('token_2_tmin', 2.271846604), ('token_2_tmax', 2.649703711), ('token_3_tmin', 3.842155749333333), ('token_3_tmax', 4.189664604), ('rater', 'mean'), ('newidx', 8), ('block', 'NV1')])
46.6865 	EXP 	window1: mouseVisible = False
46.7032 	EXP 	Sound sound_1 started
46.7034 	EXP 	number1: texRes = 128
46.7034 	EXP 	number3: texRes = 128
46.7034 	EXP 	number4: texRes = 128
46.7034 	EXP 	blankScreenAfterResponse: autoDraw = True
46.7034 	EXP 	blankScreen: autoDraw = False
46.7034 	EXP 	call1: autoDraw = False
46.7034 	EXP 	call2: autoDraw = False
46.7034 	EXP 	call3: autoDraw = False
46.7034 	EXP 	call4: autoDraw = False
46.7034 	EXP 	colour1: autoDraw = False
46.7034 	EXP 	colour2: autoDraw = False
46.7034 	EXP 	colour3: autoDraw = False
46.7034 	EXP 	colour4: autoDraw = False
46.7034 	EXP 	number1: autoDraw = False
46.7034 	EXP 	number2: autoDraw = False
46.7034 	EXP 	number3: autoDraw = False
46.7034 	EXP 	number4: autoDraw = False
46.7034 	EXP 	blankScreenAfterResponse: autoDraw = False
46.7034 	EXP 	fixation: autoDraw = True
46.7550 	DATA 	Mouse:  Left button up, pos=(1116,613)
51.2223 	EXP 	Sound sound_1 reached end of file
51.7960 	EXP 	window1: mouseVisible = False
51.8028 	EXP 	fixation: autoDraw = False
51.8028 	EXP 	screenAfterAudio: autoDraw = True
51.8028 	EXP 	screenAfterAudio: autoDraw = False
51.8028 	EXP 	fixation: autoDraw = False
51.8028 	EXP 	screenAfterAudio: autoDraw = False
51.8028 	EXP 	call1: texRes = 128
51.8028 	EXP 	call2: texRes = 128
51.8028 	EXP 	call3: texRes = 128
51.8028 	EXP 	call4: texRes = 128
51.8028 	EXP 	colour1: texRes = 128
51.8028 	EXP 	colour2: texRes = 128
51.8028 	EXP 	colour3: texRes = 128
51.8028 	EXP 	colour4: texRes = 128
51.8028 	EXP 	number1: texRes = 128
51.8028 	EXP 	number2: texRes = 128
51.8028 	EXP 	number3: texRes = 128
51.8028 	EXP 	number4: texRes = 128
51.8028 	EXP 	blankScreen: autoDraw = True
51.8029 	EXP 	window1: mouseVisible = False
51.8349 	EXP 	window1: mouseVisible = False
51.8516 	EXP 	window1: mouseVisible = False
51.8682 	EXP 	window1: mouseVisible = False
51.8849 	EXP 	window1: mouseVisible = False
51.9016 	EXP 	window1: mouseVisible = False
51.9182 	EXP 	window1: mouseVisible = False
51.9349 	EXP 	window1: mouseVisible = False
51.9514 	EXP 	window1: mouseVisible = False
51.9682 	EXP 	window1: mouseVisible = False
51.9846 	EXP 	window1: mouseVisible = False
52.0014 	EXP 	window1: mouseVisible = False
52.0180 	EXP 	window1: mouseVisible = False
52.0349 	EXP 	window1: mouseVisible = False
52.0515 	EXP 	window1: mouseVisible = False
52.0680 	EXP 	window1: mouseVisible = False
52.0847 	EXP 	window1: mouseVisible = False
52.1015 	EXP 	window1: mouseVisible = False
52.1180 	EXP 	window1: mouseVisible = False
52.1346 	EXP 	window1: mouseVisible = False
52.1514 	EXP 	window1: mouseVisible = False
52.1681 	EXP 	window1: mouseVisible = False
52.1846 	EXP 	window1: mouseVisible = False
52.2012 	EXP 	window1: mouseVisible = False
52.2179 	EXP 	window1: mouseVisible = False
52.2347 	EXP 	window1: mouseVisible = False
52.2515 	EXP 	window1: mouseVisible = False
52.2683 	EXP 	window1: mouseVisible = False
52.2848 	EXP 	window1: mouseVisible = False
52.3015 	EXP 	window1: mouseVisible = False
52.3181 	EXP 	window1: mouseVisible = False
52.3347 	EXP 	window1: mouseVisible = False
52.3514 	EXP 	window1: mouseVisible = False
52.3681 	EXP 	window1: mouseVisible = False
52.3847 	EXP 	window1: mouseVisible = False
52.4013 	EXP 	window1: mouseVisible = False
52.4181 	EXP 	window1: mouseVisible = False
52.4347 	EXP 	window1: mouseVisible = False
52.4512 	EXP 	window1: mouseVisible = False
52.4679 	EXP 	window1: mouseVisible = False
52.4847 	EXP 	window1: mouseVisible = False
52.5013 	EXP 	window1: mouseVisible = False
52.5179 	EXP 	window1: mouseVisible = False
52.5348 	EXP 	window1: mouseVisible = False
52.5520 	EXP 	window1: mouseVisible = False
52.5679 	EXP 	window1: mouseVisible = False
52.5845 	EXP 	window1: mouseVisible = False
52.6013 	EXP 	window1: mouseVisible = False
52.6180 	EXP 	window1: mouseVisible = False
52.6347 	EXP 	window1: mouseVisible = False
52.6513 	EXP 	window1: mouseVisible = False
52.6680 	EXP 	window1: mouseVisible = False
52.6846 	EXP 	window1: mouseVisible = False
52.7013 	EXP 	window1: mouseVisible = False
52.7180 	EXP 	window1: mouseVisible = False
52.7346 	EXP 	window1: mouseVisible = False
52.7512 	EXP 	window1: mouseVisible = False
52.7679 	EXP 	window1: mouseVisible = False
52.7846 	EXP 	window1: mouseVisible = False
52.8013 	EXP 	window1: mouseVisible = False
52.8177 	EXP 	blankScreen: autoDraw = False
52.8177 	EXP 	call1: autoDraw = True
52.8177 	EXP 	call2: autoDraw = True
52.8177 	EXP 	call3: autoDraw = True
52.8177 	EXP 	call4: autoDraw = True
52.8177 	EXP 	colour1: autoDraw = True
52.8177 	EXP 	colour2: autoDraw = True
52.8177 	EXP 	colour3: autoDraw = True
52.8177 	EXP 	colour4: autoDraw = True
52.8177 	EXP 	number1: autoDraw = True
52.8177 	EXP 	number2: autoDraw = True
52.8177 	EXP 	number3: autoDraw = True
52.8177 	EXP 	number4: autoDraw = True
52.8178 	EXP 	window1: mouseVisible = False
52.8180 	EXP 	window1: mouseVisible = True
52.8347 	EXP 	window1: mouseVisible = False
52.8348 	EXP 	window1: mouseVisible = True
52.8513 	EXP 	window1: mouseVisible = False
52.8518 	EXP 	window1: mouseVisible = True
52.8680 	EXP 	window1: mouseVisible = False
52.8682 	EXP 	window1: mouseVisible = True
52.8847 	EXP 	window1: mouseVisible = False
52.8851 	EXP 	window1: mouseVisible = True
52.9013 	EXP 	window1: mouseVisible = False
52.9022 	EXP 	window1: mouseVisible = True
52.9180 	EXP 	window1: mouseVisible = False
52.9185 	EXP 	window1: mouseVisible = True
52.9347 	EXP 	window1: mouseVisible = False
52.9348 	EXP 	window1: mouseVisible = True
52.9513 	EXP 	window1: mouseVisible = False
52.9518 	EXP 	window1: mouseVisible = True
52.9680 	EXP 	window1: mouseVisible = False
52.9681 	EXP 	window1: mouseVisible = True
52.9846 	EXP 	window1: mouseVisible = False
52.9851 	EXP 	window1: mouseVisible = True
53.0015 	EXP 	window1: mouseVisible = False
53.0016 	EXP 	window1: mouseVisible = True
53.0180 	EXP 	window1: mouseVisible = False
53.0190 	EXP 	window1: mouseVisible = True
53.0347 	EXP 	window1: mouseVisible = False
53.0348 	EXP 	window1: mouseVisible = True
53.0514 	EXP 	window1: mouseVisible = False
53.0519 	EXP 	window1: mouseVisible = True
53.0681 	EXP 	window1: mouseVisible = False
53.0682 	EXP 	window1: mouseVisible = True
53.0847 	EXP 	window1: mouseVisible = False
53.0852 	EXP 	window1: mouseVisible = True
53.1015 	EXP 	window1: mouseVisible = False
53.1016 	EXP 	window1: mouseVisible = True
53.1179 	EXP 	window1: mouseVisible = False
53.1187 	EXP 	window1: mouseVisible = True
53.1348 	EXP 	window1: mouseVisible = False
53.1357 	EXP 	window1: mouseVisible = True
53.1519 	EXP 	window1: mouseVisible = False
53.1521 	EXP 	window1: mouseVisible = True
53.1680 	EXP 	window1: mouseVisible = False
53.1686 	EXP 	window1: mouseVisible = True
53.1846 	EXP 	window1: mouseVisible = False
53.1848 	EXP 	window1: mouseVisible = True
53.2011 	EXP 	window1: mouseVisible = False
53.2017 	EXP 	window1: mouseVisible = True
53.2179 	EXP 	window1: mouseVisible = False
53.2181 	EXP 	window1: mouseVisible = True
53.2347 	EXP 	window1: mouseVisible = False
53.2354 	EXP 	window1: mouseVisible = True
53.2514 	EXP 	window1: mouseVisible = False
53.2515 	EXP 	window1: mouseVisible = True
53.2679 	EXP 	window1: mouseVisible = False
53.2685 	EXP 	window1: mouseVisible = True
53.2846 	EXP 	window1: mouseVisible = False
53.2848 	EXP 	window1: mouseVisible = True
53.3012 	EXP 	window1: mouseVisible = False
53.3017 	EXP 	window1: mouseVisible = True
53.3179 	EXP 	window1: mouseVisible = False
53.3180 	EXP 	window1: mouseVisible = True
53.3346 	EXP 	window1: mouseVisible = False
53.3351 	EXP 	window1: mouseVisible = True
53.3512 	EXP 	window1: mouseVisible = False
53.3522 	EXP 	window1: mouseVisible = True
53.3680 	EXP 	window1: mouseVisible = False
53.3686 	EXP 	window1: mouseVisible = True
53.3844 	EXP 	window1: mouseVisible = False
53.3849 	EXP 	window1: mouseVisible = True
53.4019 	EXP 	window1: mouseVisible = False
53.4021 	EXP 	window1: mouseVisible = True
53.4180 	EXP 	window1: mouseVisible = False
53.4186 	EXP 	window1: mouseVisible = True
53.4348 	EXP 	window1: mouseVisible = False
53.4349 	EXP 	window1: mouseVisible = True
53.4511 	EXP 	window1: mouseVisible = False
53.4513 	EXP 	window1: mouseVisible = True
53.4679 	EXP 	window1: mouseVisible = False
53.4681 	EXP 	window1: mouseVisible = True
53.4845 	EXP 	window1: mouseVisible = False
53.4846 	EXP 	window1: mouseVisible = True
53.5012 	EXP 	window1: mouseVisible = False
53.5014 	EXP 	window1: mouseVisible = True
53.5178 	EXP 	window1: mouseVisible = False
53.5180 	EXP 	window1: mouseVisible = True
53.5346 	EXP 	window1: mouseVisible = False
53.5350 	EXP 	window1: mouseVisible = True
53.5511 	EXP 	window1: mouseVisible = False
53.5513 	EXP 	window1: mouseVisible = True
53.5679 	EXP 	window1: mouseVisible = False
53.5680 	EXP 	window1: mouseVisible = True
53.5844 	EXP 	window1: mouseVisible = False
53.5847 	EXP 	window1: mouseVisible = True
53.6012 	EXP 	window1: mouseVisible = False
53.6014 	EXP 	window1: mouseVisible = True
53.6177 	EXP 	window1: mouseVisible = False
53.6182 	EXP 	window1: mouseVisible = True
53.6345 	EXP 	window1: mouseVisible = False
53.6346 	EXP 	window1: mouseVisible = True
53.6511 	EXP 	window1: mouseVisible = False
53.6512 	EXP 	window1: mouseVisible = True
53.6678 	EXP 	window1: mouseVisible = False
53.6686 	EXP 	window1: mouseVisible = True
53.6847 	EXP 	window1: mouseVisible = False
53.6849 	EXP 	window1: mouseVisible = True
53.7013 	EXP 	window1: mouseVisible = False
53.7018 	EXP 	window1: mouseVisible = True
53.7182 	EXP 	window1: mouseVisible = False
53.7184 	EXP 	window1: mouseVisible = True
53.7348 	EXP 	window1: mouseVisible = False
53.7349 	EXP 	window1: mouseVisible = True
53.7514 	EXP 	window1: mouseVisible = False
53.7517 	EXP 	window1: mouseVisible = True
53.7679 	EXP 	window1: mouseVisible = False
53.7681 	EXP 	window1: mouseVisible = True
53.7847 	EXP 	window1: mouseVisible = False
53.7849 	EXP 	window1: mouseVisible = True
53.8013 	EXP 	window1: mouseVisible = False
53.8016 	EXP 	window1: mouseVisible = True
53.8181 	EXP 	window1: mouseVisible = False
53.8183 	EXP 	window1: mouseVisible = True
53.8346 	EXP 	window1: mouseVisible = False
53.8351 	EXP 	window1: mouseVisible = True
53.8513 	EXP 	window1: mouseVisible = False
53.8515 	EXP 	window1: mouseVisible = True
53.8680 	EXP 	window1: mouseVisible = False
53.8681 	EXP 	window1: mouseVisible = True
53.8846 	EXP 	window1: mouseVisible = False
53.8848 	EXP 	window1: mouseVisible = True
53.9013 	EXP 	window1: mouseVisible = False
53.9015 	EXP 	window1: mouseVisible = True
53.9178 	EXP 	window1: mouseVisible = False
53.9185 	EXP 	window1: mouseVisible = True
53.9346 	EXP 	window1: mouseVisible = False
53.9349 	EXP 	window1: mouseVisible = True
53.9512 	EXP 	window1: mouseVisible = False
53.9517 	EXP 	window1: mouseVisible = True
53.9678 	EXP 	window1: mouseVisible = False
53.9682 	EXP 	window1: mouseVisible = True
53.9846 	EXP 	window1: mouseVisible = False
53.9851 	EXP 	window1: mouseVisible = True
54.0013 	EXP 	window1: mouseVisible = False
54.0020 	EXP 	window1: mouseVisible = True
54.0181 	EXP 	window1: mouseVisible = False
54.0183 	EXP 	window1: mouseVisible = True
54.0343 	EXP 	window1: mouseVisible = False
54.0345 	EXP 	window1: mouseVisible = True
54.0513 	EXP 	window1: mouseVisible = False
54.0515 	EXP 	window1: mouseVisible = True
54.0678 	EXP 	window1: mouseVisible = False
54.0679 	EXP 	window1: mouseVisible = True
54.0842 	EXP 	window1: mouseVisible = False
54.0843 	EXP 	window1: mouseVisible = True
54.1009 	EXP 	window1: mouseVisible = False
54.1013 	EXP 	window1: mouseVisible = True
54.1177 	EXP 	window1: mouseVisible = False
54.1178 	EXP 	window1: mouseVisible = True
54.1343 	EXP 	window1: mouseVisible = False
54.1345 	EXP 	window1: mouseVisible = True
54.1509 	EXP 	window1: mouseVisible = False
54.1513 	EXP 	window1: mouseVisible = True
54.1676 	EXP 	window1: mouseVisible = False
54.1682 	EXP 	window1: mouseVisible = True
54.1844 	EXP 	window1: mouseVisible = False
54.1846 	EXP 	window1: mouseVisible = True
54.2010 	EXP 	window1: mouseVisible = False
54.2015 	EXP 	window1: mouseVisible = True
54.2176 	EXP 	window1: mouseVisible = False
54.2185 	EXP 	window1: mouseVisible = True
54.2344 	EXP 	window1: mouseVisible = False
54.2350 	EXP 	window1: mouseVisible = True
54.2533 	EXP 	window1: mouseVisible = False
54.2539 	EXP 	window1: mouseVisible = True
54.2679 	EXP 	window1: mouseVisible = False
54.2685 	EXP 	window1: mouseVisible = True
54.2845 	EXP 	window1: mouseVisible = False
54.2849 	EXP 	window1: mouseVisible = True
54.3012 	EXP 	window1: mouseVisible = False
54.3014 	EXP 	window1: mouseVisible = True
54.3180 	EXP 	window1: mouseVisible = False
54.3181 	EXP 	window1: mouseVisible = True
54.3349 	EXP 	window1: mouseVisible = False
54.3351 	EXP 	window1: mouseVisible = True
54.3511 	EXP 	window1: mouseVisible = False
54.3516 	EXP 	window1: mouseVisible = True
54.3677 	EXP 	window1: mouseVisible = False
54.3681 	EXP 	window1: mouseVisible = True
54.3844 	EXP 	window1: mouseVisible = False
54.3848 	EXP 	window1: mouseVisible = True
54.4010 	EXP 	window1: mouseVisible = False
54.4012 	EXP 	window1: mouseVisible = True
54.4178 	EXP 	window1: mouseVisible = False
54.4183 	EXP 	window1: mouseVisible = True
54.4345 	EXP 	window1: mouseVisible = False
54.4356 	EXP 	window1: mouseVisible = True
54.4512 	EXP 	window1: mouseVisible = False
54.4517 	EXP 	window1: mouseVisible = True
54.4677 	EXP 	window1: mouseVisible = False
54.4679 	EXP 	window1: mouseVisible = True
54.4844 	EXP 	window1: mouseVisible = False
54.4846 	EXP 	window1: mouseVisible = True
54.5011 	EXP 	window1: mouseVisible = False
54.5012 	EXP 	window1: mouseVisible = True
54.5178 	EXP 	window1: mouseVisible = False
54.5183 	EXP 	window1: mouseVisible = True
54.5343 	EXP 	window1: mouseVisible = False
54.5348 	EXP 	window1: mouseVisible = True
54.5511 	EXP 	window1: mouseVisible = False
54.5521 	EXP 	window1: mouseVisible = True
54.5675 	EXP 	window1: mouseVisible = False
54.5678 	EXP 	window1: mouseVisible = True
54.5842 	EXP 	window1: mouseVisible = False
54.5846 	EXP 	window1: mouseVisible = True
54.6008 	EXP 	window1: mouseVisible = False
54.6010 	EXP 	window1: mouseVisible = True
54.6184 	EXP 	window1: mouseVisible = False
54.6190 	EXP 	window1: mouseVisible = True
54.6343 	EXP 	window1: mouseVisible = False
54.6344 	EXP 	window1: mouseVisible = True
54.6508 	EXP 	window1: mouseVisible = False
54.6510 	EXP 	window1: mouseVisible = True
54.6674 	EXP 	window1: mouseVisible = False
54.6680 	EXP 	window1: mouseVisible = True
54.6841 	EXP 	window1: mouseVisible = False
54.6843 	EXP 	window1: mouseVisible = True
54.7008 	EXP 	window1: mouseVisible = False
54.7014 	EXP 	window1: mouseVisible = True
54.7174 	EXP 	window1: mouseVisible = False
54.7176 	EXP 	window1: mouseVisible = True
54.7341 	EXP 	window1: mouseVisible = False
54.7348 	EXP 	window1: mouseVisible = True
54.7509 	EXP 	window1: mouseVisible = False
54.7510 	EXP 	window1: mouseVisible = True
54.7674 	EXP 	window1: mouseVisible = False
54.7681 	EXP 	window1: mouseVisible = True
54.7841 	EXP 	window1: mouseVisible = False
54.7842 	EXP 	window1: mouseVisible = True
54.8007 	EXP 	window1: mouseVisible = False
54.8014 	EXP 	window1: mouseVisible = True
54.8174 	EXP 	window1: mouseVisible = False
54.8176 	EXP 	window1: mouseVisible = True
54.8341 	EXP 	window1: mouseVisible = False
54.8346 	EXP 	window1: mouseVisible = True
54.8526 	EXP 	window1: mouseVisible = False
54.8528 	EXP 	window1: mouseVisible = True
54.8674 	EXP 	window1: mouseVisible = False
54.8680 	EXP 	window1: mouseVisible = True
54.8840 	EXP 	window1: mouseVisible = False
54.8846 	EXP 	window1: mouseVisible = True
54.9011 	EXP 	window1: mouseVisible = False
54.9013 	EXP 	window1: mouseVisible = True
54.9175 	EXP 	window1: mouseVisible = False
54.9183 	EXP 	window1: mouseVisible = True
54.9341 	EXP 	window1: mouseVisible = False
54.9342 	EXP 	window1: mouseVisible = True
54.9507 	EXP 	window1: mouseVisible = False
54.9509 	EXP 	window1: mouseVisible = True
54.9674 	EXP 	window1: mouseVisible = False
54.9676 	EXP 	window1: mouseVisible = True
54.9842 	EXP 	window1: mouseVisible = False
54.9851 	EXP 	window1: mouseVisible = True
55.0008 	EXP 	window1: mouseVisible = False
55.0009 	EXP 	window1: mouseVisible = True
55.0174 	EXP 	window1: mouseVisible = False
55.0181 	EXP 	window1: mouseVisible = True
55.0341 	EXP 	window1: mouseVisible = False
55.0342 	EXP 	window1: mouseVisible = True
55.0506 	EXP 	window1: mouseVisible = False
55.0511 	EXP 	window1: mouseVisible = True
55.0673 	EXP 	window1: mouseVisible = False
55.0675 	EXP 	window1: mouseVisible = True
55.0839 	EXP 	window1: mouseVisible = False
55.0845 	EXP 	window1: mouseVisible = True
55.1007 	EXP 	window1: mouseVisible = False
55.1017 	EXP 	window1: mouseVisible = True
55.1174 	EXP 	window1: mouseVisible = False
55.1180 	EXP 	window1: mouseVisible = True
55.1337 	EXP 	window1: mouseVisible = False
55.1342 	EXP 	window1: mouseVisible = True
55.1506 	EXP 	window1: mouseVisible = False
55.1511 	EXP 	window1: mouseVisible = True
55.1672 	EXP 	window1: mouseVisible = False
55.1677 	EXP 	window1: mouseVisible = True
55.1840 	EXP 	window1: mouseVisible = False
55.1842 	EXP 	window1: mouseVisible = True
55.2007 	EXP 	window1: mouseVisible = False
55.2008 	EXP 	window1: mouseVisible = True
55.2173 	EXP 	window1: mouseVisible = False
55.2174 	EXP 	window1: mouseVisible = True
55.2338 	EXP 	window1: mouseVisible = False
55.2340 	EXP 	window1: mouseVisible = True
55.2504 	EXP 	window1: mouseVisible = False
55.2506 	EXP 	window1: mouseVisible = True
55.2670 	EXP 	window1: mouseVisible = False
55.2672 	EXP 	window1: mouseVisible = True
55.2838 	EXP 	window1: mouseVisible = False
55.2840 	EXP 	window1: mouseVisible = True
55.3005 	EXP 	window1: mouseVisible = False
55.3007 	EXP 	window1: mouseVisible = True
55.3172 	EXP 	window1: mouseVisible = False
55.3173 	EXP 	window1: mouseVisible = True
55.3338 	EXP 	window1: mouseVisible = False
55.3339 	EXP 	window1: mouseVisible = True
55.3505 	EXP 	window1: mouseVisible = False
55.3507 	EXP 	window1: mouseVisible = True
55.3671 	EXP 	window1: mouseVisible = False
55.3673 	EXP 	window1: mouseVisible = True
55.3838 	EXP 	window1: mouseVisible = False
55.3839 	EXP 	window1: mouseVisible = True
55.4003 	EXP 	window1: mouseVisible = False
55.4006 	EXP 	window1: mouseVisible = True
55.4172 	EXP 	window1: mouseVisible = False
55.4182 	EXP 	window1: mouseVisible = True
55.4339 	EXP 	window1: mouseVisible = False
55.4340 	EXP 	window1: mouseVisible = True
55.4505 	EXP 	window1: mouseVisible = False
55.4506 	EXP 	window1: mouseVisible = True
55.4671 	EXP 	window1: mouseVisible = False
55.4672 	EXP 	window1: mouseVisible = True
55.4837 	EXP 	window1: mouseVisible = False
55.4843 	EXP 	window1: mouseVisible = True
55.5005 	EXP 	window1: mouseVisible = False
55.5006 	EXP 	window1: mouseVisible = True
55.5172 	EXP 	window1: mouseVisible = False
55.5177 	EXP 	window1: mouseVisible = True
55.5338 	EXP 	window1: mouseVisible = False
55.5344 	EXP 	window1: mouseVisible = True
55.5505 	EXP 	window1: mouseVisible = False
55.5510 	EXP 	window1: mouseVisible = True
55.5671 	EXP 	window1: mouseVisible = False
55.5672 	EXP 	window1: mouseVisible = True
55.5837 	EXP 	window1: mouseVisible = False
55.5839 	EXP 	window1: mouseVisible = True
55.6004 	EXP 	window1: mouseVisible = False
55.6006 	EXP 	window1: mouseVisible = True
55.6171 	EXP 	window1: mouseVisible = False
55.6173 	EXP 	window1: mouseVisible = True
55.6338 	EXP 	window1: mouseVisible = False
55.6340 	EXP 	window1: mouseVisible = True
55.6504 	EXP 	window1: mouseVisible = False
55.6506 	EXP 	window1: mouseVisible = True
55.6670 	EXP 	window1: mouseVisible = False
55.6671 	EXP 	window1: mouseVisible = True
55.6837 	EXP 	window1: mouseVisible = False
55.6841 	EXP 	window1: mouseVisible = True
55.7005 	EXP 	window1: mouseVisible = False
55.7009 	EXP 	window1: mouseVisible = True
55.7170 	EXP 	window1: mouseVisible = False
55.7171 	EXP 	window1: mouseVisible = True
55.7337 	EXP 	window1: mouseVisible = False
55.7338 	EXP 	window1: mouseVisible = True
55.7503 	EXP 	window1: mouseVisible = False
55.7510 	EXP 	window1: mouseVisible = True
55.7670 	EXP 	window1: mouseVisible = False
55.7674 	EXP 	window1: mouseVisible = True
55.7835 	EXP 	window1: mouseVisible = False
55.7837 	EXP 	window1: mouseVisible = True
55.8004 	EXP 	window1: mouseVisible = False
55.8006 	EXP 	window1: mouseVisible = True
55.8170 	EXP 	window1: mouseVisible = False
55.8175 	EXP 	window1: mouseVisible = True
55.8337 	EXP 	window1: mouseVisible = False
55.8343 	EXP 	window1: mouseVisible = True
55.8503 	EXP 	window1: mouseVisible = False
55.8504 	EXP 	window1: mouseVisible = True
55.8670 	EXP 	window1: mouseVisible = False
55.8672 	EXP 	window1: mouseVisible = True
55.8837 	EXP 	window1: mouseVisible = False
55.8838 	EXP 	window1: mouseVisible = True
55.9002 	EXP 	window1: mouseVisible = False
55.9004 	EXP 	window1: mouseVisible = True
55.9168 	EXP 	window1: mouseVisible = False
55.9171 	EXP 	window1: mouseVisible = True
55.9335 	EXP 	window1: mouseVisible = False
55.9337 	EXP 	window1: mouseVisible = True
55.9504 	EXP 	window1: mouseVisible = False
55.9509 	EXP 	window1: mouseVisible = True
55.9671 	EXP 	window1: mouseVisible = False
55.9679 	EXP 	window1: mouseVisible = True
55.9836 	EXP 	window1: mouseVisible = False
55.9843 	EXP 	window1: mouseVisible = True
56.0001 	EXP 	window1: mouseVisible = False
56.0003 	EXP 	window1: mouseVisible = True
56.0171 	EXP 	window1: mouseVisible = False
56.0177 	EXP 	window1: mouseVisible = True
56.0336 	EXP 	window1: mouseVisible = False
56.0339 	EXP 	window1: mouseVisible = True
56.0502 	EXP 	window1: mouseVisible = False
56.0504 	EXP 	window1: mouseVisible = True
56.0669 	EXP 	window1: mouseVisible = False
56.0670 	EXP 	window1: mouseVisible = True
56.0836 	EXP 	window1: mouseVisible = False
56.0839 	EXP 	window1: mouseVisible = True
56.1002 	EXP 	window1: mouseVisible = False
56.1004 	EXP 	window1: mouseVisible = True
56.1168 	EXP 	window1: mouseVisible = False
56.1170 	EXP 	window1: mouseVisible = True
56.1335 	EXP 	window1: mouseVisible = False
56.1337 	EXP 	window1: mouseVisible = True
56.1503 	EXP 	window1: mouseVisible = False
56.1505 	EXP 	window1: mouseVisible = True
56.1667 	EXP 	window1: mouseVisible = False
56.1669 	EXP 	window1: mouseVisible = True
56.1836 	EXP 	window1: mouseVisible = False
56.1840 	EXP 	window1: mouseVisible = True
56.2005 	EXP 	window1: mouseVisible = False
56.2010 	EXP 	window1: mouseVisible = True
56.2171 	EXP 	window1: mouseVisible = False
56.2176 	EXP 	window1: mouseVisible = True
56.2337 	EXP 	window1: mouseVisible = False
56.2339 	EXP 	window1: mouseVisible = True
56.2504 	EXP 	window1: mouseVisible = False
56.2506 	EXP 	window1: mouseVisible = True
56.2671 	EXP 	window1: mouseVisible = False
56.2672 	EXP 	window1: mouseVisible = True
56.2838 	EXP 	window1: mouseVisible = False
56.2842 	EXP 	window1: mouseVisible = True
56.3007 	EXP 	window1: mouseVisible = False
56.3013 	EXP 	window1: mouseVisible = True
56.3174 	EXP 	window1: mouseVisible = False
56.3176 	EXP 	window1: mouseVisible = True
56.3340 	EXP 	window1: mouseVisible = False
56.3344 	EXP 	window1: mouseVisible = True
56.3505 	EXP 	window1: mouseVisible = False
56.3507 	EXP 	window1: mouseVisible = True
56.3671 	EXP 	window1: mouseVisible = False
56.3673 	EXP 	window1: mouseVisible = True
56.3837 	EXP 	window1: mouseVisible = False
56.3842 	EXP 	window1: mouseVisible = True
56.4005 	EXP 	window1: mouseVisible = False
56.4013 	EXP 	window1: mouseVisible = True
56.4172 	EXP 	window1: mouseVisible = False
56.4174 	EXP 	window1: mouseVisible = True
56.4337 	EXP 	window1: mouseVisible = False
56.4342 	EXP 	window1: mouseVisible = True
56.4506 	EXP 	window1: mouseVisible = False
56.4512 	EXP 	window1: mouseVisible = True
56.4672 	EXP 	window1: mouseVisible = False
56.4673 	EXP 	window1: mouseVisible = True
56.4838 	EXP 	window1: mouseVisible = False
56.4844 	EXP 	window1: mouseVisible = True
56.5003 	EXP 	window1: mouseVisible = False
56.5005 	EXP 	window1: mouseVisible = True
56.5170 	EXP 	window1: mouseVisible = False
56.5182 	EXP 	window1: mouseVisible = True
56.5337 	EXP 	window1: mouseVisible = False
56.5339 	EXP 	window1: mouseVisible = True
56.5340 	DATA 	Mouse: Left button down, pos=(216,603)
56.5666 	EXP 	call1: texRes = 128
56.5666 	EXP 	call3: texRes = 128
56.5666 	EXP 	call4: texRes = 128
56.5668 	EXP 	window1: mouseVisible = False
56.5670 	EXP 	window1: mouseVisible = True
56.5836 	EXP 	window1: mouseVisible = False
56.5839 	EXP 	window1: mouseVisible = True
56.6001 	EXP 	window1: mouseVisible = False
56.6006 	EXP 	window1: mouseVisible = True
56.6167 	EXP 	window1: mouseVisible = False
56.6168 	EXP 	window1: mouseVisible = True
56.6335 	EXP 	window1: mouseVisible = False
56.6337 	EXP 	window1: mouseVisible = True
56.6338 	DATA 	Mouse:  Left button up, pos=(216,603)
56.6501 	EXP 	window1: mouseVisible = False
56.6503 	EXP 	window1: mouseVisible = True
56.6667 	EXP 	window1: mouseVisible = False
56.6674 	EXP 	window1: mouseVisible = True
56.6835 	EXP 	window1: mouseVisible = False
56.6836 	EXP 	window1: mouseVisible = True
56.7001 	EXP 	window1: mouseVisible = False
56.7003 	EXP 	window1: mouseVisible = True
56.7168 	EXP 	window1: mouseVisible = False
56.7169 	EXP 	window1: mouseVisible = True
56.7336 	EXP 	window1: mouseVisible = False
56.7343 	EXP 	window1: mouseVisible = True
56.7500 	EXP 	window1: mouseVisible = False
56.7503 	EXP 	window1: mouseVisible = True
56.7669 	EXP 	window1: mouseVisible = False
56.7674 	EXP 	window1: mouseVisible = True
56.7834 	EXP 	window1: mouseVisible = False
56.7839 	EXP 	window1: mouseVisible = True
56.8001 	EXP 	window1: mouseVisible = False
56.8007 	EXP 	window1: mouseVisible = True
56.8168 	EXP 	window1: mouseVisible = False
56.8169 	EXP 	window1: mouseVisible = True
56.8336 	EXP 	window1: mouseVisible = False
56.8338 	EXP 	window1: mouseVisible = True
56.8501 	EXP 	window1: mouseVisible = False
56.8503 	EXP 	window1: mouseVisible = True
56.8667 	EXP 	window1: mouseVisible = False
56.8669 	EXP 	window1: mouseVisible = True
56.8834 	EXP 	window1: mouseVisible = False
56.8839 	EXP 	window1: mouseVisible = True
56.9001 	EXP 	window1: mouseVisible = False
56.9003 	EXP 	window1: mouseVisible = True
56.9167 	EXP 	window1: mouseVisible = False
56.9168 	EXP 	window1: mouseVisible = True
56.9334 	EXP 	window1: mouseVisible = False
56.9336 	EXP 	window1: mouseVisible = True
56.9500 	EXP 	window1: mouseVisible = False
56.9507 	EXP 	window1: mouseVisible = True
56.9669 	EXP 	window1: mouseVisible = False
56.9671 	EXP 	window1: mouseVisible = True
56.9836 	EXP 	window1: mouseVisible = False
56.9842 	EXP 	window1: mouseVisible = True
57.0003 	EXP 	window1: mouseVisible = False
57.0008 	EXP 	window1: mouseVisible = True
57.0170 	EXP 	window1: mouseVisible = False
57.0176 	EXP 	window1: mouseVisible = True
57.0335 	EXP 	window1: mouseVisible = False
57.0339 	EXP 	window1: mouseVisible = True
57.0503 	EXP 	window1: mouseVisible = False
57.0507 	EXP 	window1: mouseVisible = True
57.0669 	EXP 	window1: mouseVisible = False
57.0677 	EXP 	window1: mouseVisible = True
57.0837 	EXP 	window1: mouseVisible = False
57.0839 	EXP 	window1: mouseVisible = True
57.1003 	EXP 	window1: mouseVisible = False
57.1006 	EXP 	window1: mouseVisible = True
57.1169 	EXP 	window1: mouseVisible = False
57.1170 	EXP 	window1: mouseVisible = True
57.1336 	EXP 	window1: mouseVisible = False
57.1338 	EXP 	window1: mouseVisible = True
57.1502 	EXP 	window1: mouseVisible = False
57.1504 	EXP 	window1: mouseVisible = True
57.1669 	EXP 	window1: mouseVisible = False
57.1678 	EXP 	window1: mouseVisible = True
57.1836 	EXP 	window1: mouseVisible = False
57.1838 	EXP 	window1: mouseVisible = True
57.2002 	EXP 	window1: mouseVisible = False
57.2008 	EXP 	window1: mouseVisible = True
57.2169 	EXP 	window1: mouseVisible = False
57.2175 	EXP 	window1: mouseVisible = True
57.2335 	EXP 	window1: mouseVisible = False
57.2337 	EXP 	window1: mouseVisible = True
57.2550 	EXP 	window1: mouseVisible = False
57.2555 	EXP 	window1: mouseVisible = True
57.2557 	DATA 	Mouse: Left button down, pos=(622,603)
57.2832 	EXP 	colour1: texRes = 128
57.2832 	EXP 	colour3: texRes = 128
57.2832 	EXP 	colour4: texRes = 128
57.2835 	EXP 	window1: mouseVisible = False
57.2844 	EXP 	window1: mouseVisible = True
57.3000 	EXP 	window1: mouseVisible = False
57.3007 	EXP 	window1: mouseVisible = True
57.3166 	EXP 	window1: mouseVisible = False
57.3169 	EXP 	window1: mouseVisible = True
57.3171 	DATA 	Mouse:  Left button up, pos=(622,603)
57.3336 	EXP 	window1: mouseVisible = False
57.3341 	EXP 	window1: mouseVisible = True
57.3500 	EXP 	window1: mouseVisible = False
57.3502 	EXP 	window1: mouseVisible = True
57.3666 	EXP 	window1: mouseVisible = False
57.3671 	EXP 	window1: mouseVisible = True
57.3831 	EXP 	window1: mouseVisible = False
57.3834 	EXP 	window1: mouseVisible = True
57.3999 	EXP 	window1: mouseVisible = False
57.4001 	EXP 	window1: mouseVisible = True
57.4167 	EXP 	window1: mouseVisible = False
57.4173 	EXP 	window1: mouseVisible = True
57.4333 	EXP 	window1: mouseVisible = False
57.4339 	EXP 	window1: mouseVisible = True
57.4499 	EXP 	window1: mouseVisible = False
57.4506 	EXP 	window1: mouseVisible = True
57.4666 	EXP 	window1: mouseVisible = False
57.4668 	EXP 	window1: mouseVisible = True
57.4832 	EXP 	window1: mouseVisible = False
57.4838 	EXP 	window1: mouseVisible = True
57.4998 	EXP 	window1: mouseVisible = False
57.5005 	EXP 	window1: mouseVisible = True
57.5165 	EXP 	window1: mouseVisible = False
57.5171 	EXP 	window1: mouseVisible = True
57.5332 	EXP 	window1: mouseVisible = False
57.5334 	EXP 	window1: mouseVisible = True
57.5499 	EXP 	window1: mouseVisible = False
57.5505 	EXP 	window1: mouseVisible = True
57.5666 	EXP 	window1: mouseVisible = False
57.5667 	EXP 	window1: mouseVisible = True
57.5832 	EXP 	window1: mouseVisible = False
57.5838 	EXP 	window1: mouseVisible = True
57.6002 	EXP 	window1: mouseVisible = False
57.6006 	EXP 	window1: mouseVisible = True
57.6169 	EXP 	window1: mouseVisible = False
57.6179 	EXP 	window1: mouseVisible = True
57.6337 	EXP 	window1: mouseVisible = False
57.6338 	EXP 	window1: mouseVisible = True
57.6502 	EXP 	window1: mouseVisible = False
57.6504 	EXP 	window1: mouseVisible = True
57.6667 	EXP 	window1: mouseVisible = False
57.6671 	EXP 	window1: mouseVisible = True
57.6833 	EXP 	window1: mouseVisible = False
57.6835 	EXP 	window1: mouseVisible = True
57.7001 	EXP 	window1: mouseVisible = False
57.7007 	EXP 	window1: mouseVisible = True
57.7166 	EXP 	window1: mouseVisible = False
57.7176 	EXP 	window1: mouseVisible = True
57.7335 	EXP 	window1: mouseVisible = False
57.7340 	EXP 	window1: mouseVisible = True
57.7501 	EXP 	window1: mouseVisible = False
57.7503 	EXP 	window1: mouseVisible = True
57.7668 	EXP 	window1: mouseVisible = False
57.7675 	EXP 	window1: mouseVisible = True
57.7833 	EXP 	window1: mouseVisible = False
57.7837 	EXP 	window1: mouseVisible = True
57.7858 	DATA 	Mouse: Left button down, pos=(1024,595)
57.8001 	EXP 	window1: mouseVisible = False
57.8004 	EXP 	window1: mouseVisible = True
57.8182 	EXP 	New trial (rep=0, index=2): OrderedDict([('audiofile', 'audio/NV_DE_Neural2-D_Ti-gr-Dr_0.6p.wav'), ('duration', 5.4702), ('noise', 'NV'), ('voice', 'Neural2-D'), ('words', 'Ti-gr-Dr'), ('callSign', 'Ti'), ('colour', 'gr'), ('number', 'Dr'), ('levels', '0.6p'), ('trigger_start', 100), ('trigger_end', 101), ('trigger_call', 114), ('trigger_col', 122), ('trigger_num', 133), ('file', 'DE_Neural2-D_Ti-gr-Dr.TextGrid'), ('firstSound_tmin', 0.17712), ('lastSound_tmax', 4.715304276), ('token_1_tmin', 0.9093203863333332), ('token_1_tmax', 1.3427046356666663), ('token_2_tmin', 2.50712), ('token_2_tmax', 2.7559757190000003), ('token_3_tmin', 3.95712), ('token_3_tmax', 4.428193238666666), ('rater', 'mean'), ('newidx', 5), ('block', 'NV1')])
58.2627 	EXP 	window1: mouseVisible = False
58.2655 	EXP 	Sound sound_1 started
58.2652 	DATA 	Mouse:  Left button up, pos=(1024,595)
58.2831 	EXP 	number1: texRes = 128
58.2831 	EXP 	number3: texRes = 128
58.2831 	EXP 	number4: texRes = 128
58.2831 	EXP 	blankScreenAfterResponse: autoDraw = True
58.2831 	EXP 	blankScreen: autoDraw = False
58.2831 	EXP 	call1: autoDraw = False
58.2831 	EXP 	call2: autoDraw = False
58.2831 	EXP 	call3: autoDraw = False
58.2831 	EXP 	call4: autoDraw = False
58.2831 	EXP 	colour1: autoDraw = False
58.2831 	EXP 	colour2: autoDraw = False
58.2831 	EXP 	colour3: autoDraw = False
58.2831 	EXP 	colour4: autoDraw = False
58.2831 	EXP 	number1: autoDraw = False
58.2831 	EXP 	number2: autoDraw = False
58.2831 	EXP 	number3: autoDraw = False
58.2831 	EXP 	number4: autoDraw = False
58.2831 	EXP 	blankScreenAfterResponse: autoDraw = False
58.2831 	EXP 	fixation: autoDraw = True
58.3174 	DATA 	Mouse: Left button down, pos=(1024,595)
58.4174 	DATA 	Mouse:  Left button up, pos=(1024,595)
63.2985 	EXP 	Sound sound_1 reached end of file
63.3733 	EXP 	window1: mouseVisible = False
63.3814 	EXP 	fixation: autoDraw = False
63.3814 	EXP 	screenAfterAudio: autoDraw = True
63.3814 	EXP 	screenAfterAudio: autoDraw = False
63.3814 	EXP 	fixation: autoDraw = False
63.3814 	EXP 	screenAfterAudio: autoDraw = False
63.3814 	EXP 	call1: texRes = 128
63.3814 	EXP 	call2: texRes = 128
63.3814 	EXP 	call3: texRes = 128
63.3814 	EXP 	call4: texRes = 128
63.3814 	EXP 	colour1: texRes = 128
63.3814 	EXP 	colour2: texRes = 128
63.3814 	EXP 	colour3: texRes = 128
63.3814 	EXP 	colour4: texRes = 128
63.3814 	EXP 	number1: texRes = 128
63.3814 	EXP 	number2: texRes = 128
63.3814 	EXP 	number3: texRes = 128
63.3814 	EXP 	number4: texRes = 128
63.3814 	EXP 	blankScreen: autoDraw = True
63.3815 	EXP 	window1: mouseVisible = False
63.3978 	EXP 	window1: mouseVisible = False
63.4144 	EXP 	window1: mouseVisible = False
63.4311 	EXP 	window1: mouseVisible = False
63.4476 	EXP 	window1: mouseVisible = False
63.4644 	EXP 	window1: mouseVisible = False
63.4811 	EXP 	window1: mouseVisible = False
63.4977 	EXP 	window1: mouseVisible = False
63.5144 	EXP 	window1: mouseVisible = False
63.5311 	EXP 	window1: mouseVisible = False
63.5477 	EXP 	window1: mouseVisible = False
63.5643 	EXP 	window1: mouseVisible = False
63.5810 	EXP 	window1: mouseVisible = False
63.5977 	EXP 	window1: mouseVisible = False
63.6148 	EXP 	window1: mouseVisible = False
63.6310 	EXP 	window1: mouseVisible = False
63.6476 	EXP 	window1: mouseVisible = False
63.6643 	EXP 	window1: mouseVisible = False
63.6809 	EXP 	window1: mouseVisible = False
63.6977 	EXP 	window1: mouseVisible = False
63.7143 	EXP 	window1: mouseVisible = False
63.7311 	EXP 	window1: mouseVisible = False
63.7477 	EXP 	window1: mouseVisible = False
63.7643 	EXP 	window1: mouseVisible = False
63.7810 	EXP 	window1: mouseVisible = False
63.7976 	EXP 	window1: mouseVisible = False
63.8142 	EXP 	window1: mouseVisible = False
63.8310 	EXP 	window1: mouseVisible = False
63.8476 	EXP 	window1: mouseVisible = False
63.8644 	EXP 	window1: mouseVisible = False
63.8810 	EXP 	window1: mouseVisible = False
63.8976 	EXP 	window1: mouseVisible = False
63.9143 	EXP 	window1: mouseVisible = False
63.9309 	EXP 	window1: mouseVisible = False
63.9475 	EXP 	window1: mouseVisible = False
63.9642 	EXP 	window1: mouseVisible = False
63.9810 	EXP 	window1: mouseVisible = False
63.9975 	EXP 	window1: mouseVisible = False
64.0141 	EXP 	window1: mouseVisible = False
64.0308 	EXP 	window1: mouseVisible = False
64.0475 	EXP 	window1: mouseVisible = False
64.0642 	EXP 	window1: mouseVisible = False
64.0809 	EXP 	window1: mouseVisible = False
64.0975 	EXP 	window1: mouseVisible = False
64.1143 	EXP 	window1: mouseVisible = False
64.1311 	EXP 	window1: mouseVisible = False
64.1475 	EXP 	window1: mouseVisible = False
64.1641 	EXP 	window1: mouseVisible = False
64.1809 	EXP 	window1: mouseVisible = False
64.1974 	EXP 	window1: mouseVisible = False
64.2141 	EXP 	window1: mouseVisible = False
64.2308 	EXP 	window1: mouseVisible = False
64.2475 	EXP 	window1: mouseVisible = False
64.2641 	EXP 	window1: mouseVisible = False
64.2808 	EXP 	window1: mouseVisible = False
64.2976 	EXP 	window1: mouseVisible = False
64.3142 	EXP 	window1: mouseVisible = False
64.3309 	EXP 	window1: mouseVisible = False
64.3476 	EXP 	window1: mouseVisible = False
64.3642 	EXP 	window1: mouseVisible = False
64.3810 	EXP 	blankScreen: autoDraw = False
64.3810 	EXP 	call1: autoDraw = True
64.3810 	EXP 	call2: autoDraw = True
64.3810 	EXP 	call3: autoDraw = True
64.3810 	EXP 	call4: autoDraw = True
64.3810 	EXP 	colour1: autoDraw = True
64.3810 	EXP 	colour2: autoDraw = True
64.3810 	EXP 	colour3: autoDraw = True
64.3810 	EXP 	colour4: autoDraw = True
64.3810 	EXP 	number1: autoDraw = True
64.3810 	EXP 	number2: autoDraw = True
64.3810 	EXP 	number3: autoDraw = True
64.3810 	EXP 	number4: autoDraw = True
64.3811 	EXP 	window1: mouseVisible = False
64.3812 	EXP 	window1: mouseVisible = True
64.3977 	EXP 	window1: mouseVisible = False
64.3984 	EXP 	window1: mouseVisible = True
64.4143 	EXP 	window1: mouseVisible = False
64.4145 	EXP 	window1: mouseVisible = True
64.4310 	EXP 	window1: mouseVisible = False
64.4311 	EXP 	window1: mouseVisible = True
64.5026 	EXP 	window1: mouseVisible = False
64.5035 	EXP 	window1: mouseVisible = True
64.5145 	EXP 	window1: mouseVisible = False
64.5147 	EXP 	window1: mouseVisible = True
64.5308 	EXP 	window1: mouseVisible = False
64.5316 	EXP 	window1: mouseVisible = True
64.5953 	EXP 	window1: mouseVisible = False
64.5959 	EXP 	window1: mouseVisible = True
64.6141 	EXP 	window1: mouseVisible = False
64.6145 	EXP 	window1: mouseVisible = True
64.6308 	EXP 	window1: mouseVisible = False
64.6310 	EXP 	window1: mouseVisible = True
64.6912 	EXP 	window1: mouseVisible = False
64.6917 	EXP 	window1: mouseVisible = True
64.6978 	EXP 	window1: mouseVisible = False
64.6984 	EXP 	window1: mouseVisible = True
64.7310 	EXP 	window1: mouseVisible = False
64.7312 	EXP 	window1: mouseVisible = True
64.7477 	EXP 	window1: mouseVisible = False
64.7483 	EXP 	window1: mouseVisible = True
64.7643 	EXP 	window1: mouseVisible = False
64.7646 	EXP 	window1: mouseVisible = True
64.7812 	EXP 	window1: mouseVisible = False
64.7818 	EXP 	window1: mouseVisible = True
64.7977 	EXP 	window1: mouseVisible = False
64.7979 	EXP 	window1: mouseVisible = True
64.8145 	EXP 	window1: mouseVisible = False
64.8151 	EXP 	window1: mouseVisible = True
64.8311 	EXP 	window1: mouseVisible = False
64.8317 	EXP 	window1: mouseVisible = True
64.8478 	EXP 	window1: mouseVisible = False
64.8483 	EXP 	window1: mouseVisible = True
64.8644 	EXP 	window1: mouseVisible = False
64.8646 	EXP 	window1: mouseVisible = True
64.8811 	EXP 	window1: mouseVisible = False
64.8816 	EXP 	window1: mouseVisible = True
64.8976 	EXP 	window1: mouseVisible = False
64.8979 	EXP 	window1: mouseVisible = True
64.9145 	EXP 	window1: mouseVisible = False
64.9153 	EXP 	window1: mouseVisible = True
64.9313 	EXP 	window1: mouseVisible = False
64.9315 	EXP 	window1: mouseVisible = True
64.9480 	EXP 	window1: mouseVisible = False
64.9484 	EXP 	window1: mouseVisible = True
64.9644 	EXP 	window1: mouseVisible = False
64.9652 	EXP 	window1: mouseVisible = True
64.9810 	EXP 	window1: mouseVisible = False
64.9812 	EXP 	window1: mouseVisible = True
64.9977 	EXP 	window1: mouseVisible = False
64.9979 	EXP 	window1: mouseVisible = True
65.0142 	EXP 	window1: mouseVisible = False
65.0145 	EXP 	window1: mouseVisible = True
65.0310 	EXP 	window1: mouseVisible = False
65.0311 	EXP 	window1: mouseVisible = True
65.0476 	EXP 	window1: mouseVisible = False
65.0486 	EXP 	window1: mouseVisible = True
65.0644 	EXP 	window1: mouseVisible = False
65.0650 	EXP 	window1: mouseVisible = True
65.0810 	EXP 	window1: mouseVisible = False
65.0812 	EXP 	window1: mouseVisible = True
65.0976 	EXP 	window1: mouseVisible = False
65.0982 	EXP 	window1: mouseVisible = True
65.1140 	EXP 	window1: mouseVisible = False
65.1143 	EXP 	window1: mouseVisible = True
65.1307 	EXP 	window1: mouseVisible = False
65.1310 	EXP 	window1: mouseVisible = True
65.1803 	EXP 	window1: mouseVisible = False
65.1812 	EXP 	window1: mouseVisible = True
65.1974 	EXP 	window1: mouseVisible = False
65.1976 	EXP 	window1: mouseVisible = True
65.2141 	EXP 	window1: mouseVisible = False
65.2143 	EXP 	window1: mouseVisible = True
65.2307 	EXP 	window1: mouseVisible = False
65.2312 	EXP 	window1: mouseVisible = True
65.2910 	EXP 	window1: mouseVisible = False
65.2920 	EXP 	window1: mouseVisible = True
65.2984 	EXP 	window1: mouseVisible = False
65.2986 	EXP 	window1: mouseVisible = True
65.3308 	EXP 	window1: mouseVisible = False
65.3310 	EXP 	window1: mouseVisible = True
65.3477 	EXP 	window1: mouseVisible = False
65.3480 	EXP 	window1: mouseVisible = True
65.3642 	EXP 	window1: mouseVisible = False
65.3643 	EXP 	window1: mouseVisible = True
65.3807 	EXP 	window1: mouseVisible = False
65.3812 	EXP 	window1: mouseVisible = True
65.3975 	EXP 	window1: mouseVisible = False
65.3984 	EXP 	window1: mouseVisible = True
65.4144 	EXP 	window1: mouseVisible = False
65.4148 	EXP 	window1: mouseVisible = True
65.4310 	EXP 	window1: mouseVisible = False
65.4311 	EXP 	window1: mouseVisible = True
65.4476 	EXP 	window1: mouseVisible = False
65.4482 	EXP 	window1: mouseVisible = True
65.4642 	EXP 	window1: mouseVisible = False
65.4643 	EXP 	window1: mouseVisible = True
65.4810 	EXP 	window1: mouseVisible = False
65.4815 	EXP 	window1: mouseVisible = True
65.4976 	EXP 	window1: mouseVisible = False
65.4980 	EXP 	window1: mouseVisible = True
65.5141 	EXP 	window1: mouseVisible = False
65.5143 	EXP 	window1: mouseVisible = True
65.5308 	EXP 	window1: mouseVisible = False
65.5310 	EXP 	window1: mouseVisible = True
65.5474 	EXP 	window1: mouseVisible = False
65.5477 	EXP 	window1: mouseVisible = True
65.5640 	EXP 	window1: mouseVisible = False
65.5641 	EXP 	window1: mouseVisible = True
65.5808 	EXP 	window1: mouseVisible = False
65.5809 	EXP 	window1: mouseVisible = True
65.5975 	EXP 	window1: mouseVisible = False
65.5976 	EXP 	window1: mouseVisible = True
65.6139 	EXP 	window1: mouseVisible = False
65.6140 	EXP 	window1: mouseVisible = True
65.6307 	EXP 	window1: mouseVisible = False
65.6308 	EXP 	window1: mouseVisible = True
65.6815 	EXP 	window1: mouseVisible = False
65.6823 	EXP 	window1: mouseVisible = True
65.6973 	EXP 	window1: mouseVisible = False
65.6975 	EXP 	window1: mouseVisible = True
65.7140 	EXP 	window1: mouseVisible = False
65.7147 	EXP 	window1: mouseVisible = True
65.7305 	EXP 	window1: mouseVisible = False
65.7308 	EXP 	window1: mouseVisible = True
65.7602 	EXP 	window1: mouseVisible = False
65.7605 	EXP 	window1: mouseVisible = True
65.7804 	EXP 	window1: mouseVisible = False
65.7806 	EXP 	window1: mouseVisible = True
65.7973 	EXP 	window1: mouseVisible = False
65.7974 	EXP 	window1: mouseVisible = True
65.8138 	EXP 	window1: mouseVisible = False
65.8140 	EXP 	window1: mouseVisible = True
65.8305 	EXP 	window1: mouseVisible = False
65.8307 	EXP 	window1: mouseVisible = True
65.8870 	EXP 	window1: mouseVisible = False
65.8875 	EXP 	window1: mouseVisible = True
65.8973 	EXP 	window1: mouseVisible = False
65.8975 	EXP 	window1: mouseVisible = True
65.9139 	EXP 	window1: mouseVisible = False
65.9141 	EXP 	window1: mouseVisible = True
65.9310 	EXP 	window1: mouseVisible = False
65.9314 	EXP 	window1: mouseVisible = True
65.9475 	EXP 	window1: mouseVisible = False
65.9476 	EXP 	window1: mouseVisible = True
65.9640 	EXP 	window1: mouseVisible = False
65.9648 	EXP 	window1: mouseVisible = True
65.9806 	EXP 	window1: mouseVisible = False
65.9812 	EXP 	window1: mouseVisible = True
65.9975 	EXP 	window1: mouseVisible = False
65.9979 	EXP 	window1: mouseVisible = True
66.0140 	EXP 	window1: mouseVisible = False
66.0142 	EXP 	window1: mouseVisible = True
66.0310 	EXP 	window1: mouseVisible = False
66.0312 	EXP 	window1: mouseVisible = True
66.0473 	EXP 	window1: mouseVisible = False
66.0479 	EXP 	window1: mouseVisible = True
66.0640 	EXP 	window1: mouseVisible = False
66.0641 	EXP 	window1: mouseVisible = True
66.0805 	EXP 	window1: mouseVisible = False
66.0806 	EXP 	window1: mouseVisible = True
66.0971 	EXP 	window1: mouseVisible = False
66.0973 	EXP 	window1: mouseVisible = True
66.1140 	EXP 	window1: mouseVisible = False
66.1143 	EXP 	window1: mouseVisible = True
66.1306 	EXP 	window1: mouseVisible = False
66.1308 	EXP 	window1: mouseVisible = True
66.1473 	EXP 	window1: mouseVisible = False
66.1475 	EXP 	window1: mouseVisible = True
66.1641 	EXP 	window1: mouseVisible = False
66.1642 	EXP 	window1: mouseVisible = True
66.1807 	EXP 	window1: mouseVisible = False
66.1809 	EXP 	window1: mouseVisible = True
66.1970 	EXP 	window1: mouseVisible = False
66.1971 	EXP 	window1: mouseVisible = True
66.2138 	EXP 	window1: mouseVisible = False
66.2143 	EXP 	window1: mouseVisible = True
66.2304 	EXP 	window1: mouseVisible = False
66.2306 	EXP 	window1: mouseVisible = True
66.2822 	EXP 	window1: mouseVisible = False
66.2833 	EXP 	window1: mouseVisible = True
66.2970 	EXP 	window1: mouseVisible = False
66.2972 	EXP 	window1: mouseVisible = True
66.3136 	EXP 	window1: mouseVisible = False
66.3142 	EXP 	window1: mouseVisible = True
66.3304 	EXP 	window1: mouseVisible = False
66.3309 	EXP 	window1: mouseVisible = True
66.3937 	EXP 	window1: mouseVisible = False
66.3946 	EXP 	window1: mouseVisible = True
66.4140 	EXP 	window1: mouseVisible = False
66.4142 	EXP 	window1: mouseVisible = True
66.4305 	EXP 	window1: mouseVisible = False
66.4307 	EXP 	window1: mouseVisible = True
66.4472 	EXP 	window1: mouseVisible = False
66.4474 	EXP 	window1: mouseVisible = True
66.4638 	EXP 	window1: mouseVisible = False
66.4644 	EXP 	window1: mouseVisible = True
66.4803 	EXP 	window1: mouseVisible = False
66.4805 	EXP 	window1: mouseVisible = True
66.4969 	EXP 	window1: mouseVisible = False
66.4976 	EXP 	window1: mouseVisible = True
66.5139 	EXP 	window1: mouseVisible = False
66.5141 	EXP 	window1: mouseVisible = True
66.5308 	EXP 	window1: mouseVisible = False
66.5312 	EXP 	window1: mouseVisible = True
66.5473 	EXP 	window1: mouseVisible = False
66.5474 	EXP 	window1: mouseVisible = True
66.5637 	EXP 	window1: mouseVisible = False
66.5639 	EXP 	window1: mouseVisible = True
66.5804 	EXP 	window1: mouseVisible = False
66.5806 	EXP 	window1: mouseVisible = True
66.5970 	EXP 	window1: mouseVisible = False
66.5972 	EXP 	window1: mouseVisible = True
66.6138 	EXP 	window1: mouseVisible = False
66.6141 	EXP 	window1: mouseVisible = True
66.6305 	EXP 	window1: mouseVisible = False
66.6306 	EXP 	window1: mouseVisible = True
66.6472 	EXP 	window1: mouseVisible = False
66.6473 	EXP 	window1: mouseVisible = True
66.6635 	EXP 	window1: mouseVisible = False
66.6637 	EXP 	window1: mouseVisible = True
66.6802 	EXP 	window1: mouseVisible = False
66.6805 	EXP 	window1: mouseVisible = True
66.6969 	EXP 	window1: mouseVisible = False
66.6974 	EXP 	window1: mouseVisible = True
66.7135 	EXP 	window1: mouseVisible = False
66.7138 	EXP 	window1: mouseVisible = True
66.7302 	EXP 	window1: mouseVisible = False
66.7307 	EXP 	window1: mouseVisible = True
66.7827 	EXP 	window1: mouseVisible = False
66.7834 	EXP 	window1: mouseVisible = True
66.7969 	EXP 	window1: mouseVisible = False
66.7970 	EXP 	window1: mouseVisible = True
66.8137 	EXP 	window1: mouseVisible = False
66.8144 	EXP 	window1: mouseVisible = True
66.8303 	EXP 	window1: mouseVisible = False
66.8304 	EXP 	window1: mouseVisible = True
66.8895 	EXP 	window1: mouseVisible = False
66.8901 	EXP 	window1: mouseVisible = True
66.8969 	EXP 	window1: mouseVisible = False
66.8970 	EXP 	window1: mouseVisible = True
66.9136 	EXP 	window1: mouseVisible = False
66.9138 	EXP 	window1: mouseVisible = True
66.9302 	EXP 	window1: mouseVisible = False
66.9307 	EXP 	window1: mouseVisible = True
66.9815 	EXP 	window1: mouseVisible = False
66.9824 	EXP 	window1: mouseVisible = True
66.9970 	EXP 	window1: mouseVisible = False
66.9972 	EXP 	window1: mouseVisible = True
67.0138 	EXP 	window1: mouseVisible = False
67.0140 	EXP 	window1: mouseVisible = True
67.0305 	EXP 	window1: mouseVisible = False
67.0307 	EXP 	window1: mouseVisible = True
67.0477 	EXP 	window1: mouseVisible = False
67.0479 	EXP 	window1: mouseVisible = True
67.0633 	EXP 	window1: mouseVisible = False
67.0638 	EXP 	window1: mouseVisible = True
67.0800 	EXP 	window1: mouseVisible = False
67.0802 	EXP 	window1: mouseVisible = True
67.0967 	EXP 	window1: mouseVisible = False
67.0970 	EXP 	window1: mouseVisible = True
67.1134 	EXP 	window1: mouseVisible = False
67.1136 	EXP 	window1: mouseVisible = True
67.1301 	EXP 	window1: mouseVisible = False
67.1305 	EXP 	window1: mouseVisible = True
67.1879 	EXP 	window1: mouseVisible = False
67.1884 	EXP 	window1: mouseVisible = True
67.1970 	EXP 	window1: mouseVisible = False
67.1971 	EXP 	window1: mouseVisible = True
67.2134 	EXP 	window1: mouseVisible = False
67.2136 	EXP 	window1: mouseVisible = True
67.2301 	EXP 	window1: mouseVisible = False
67.2303 	EXP 	window1: mouseVisible = True
67.2816 	EXP 	window1: mouseVisible = False
67.2820 	EXP 	window1: mouseVisible = True
67.2971 	EXP 	window1: mouseVisible = False
67.2973 	EXP 	window1: mouseVisible = True
67.3137 	EXP 	window1: mouseVisible = False
67.3145 	EXP 	window1: mouseVisible = True
67.3303 	EXP 	window1: mouseVisible = False
67.3305 	EXP 	window1: mouseVisible = True
67.3471 	EXP 	window1: mouseVisible = False
67.3473 	EXP 	window1: mouseVisible = True
67.3636 	EXP 	window1: mouseVisible = False
67.3637 	EXP 	window1: mouseVisible = True
67.3802 	EXP 	window1: mouseVisible = False
67.3808 	EXP 	window1: mouseVisible = True
67.3969 	EXP 	window1: mouseVisible = False
67.3973 	EXP 	window1: mouseVisible = True
67.4135 	EXP 	window1: mouseVisible = False
67.4141 	EXP 	window1: mouseVisible = True
67.4302 	EXP 	window1: mouseVisible = False
67.4304 	EXP 	window1: mouseVisible = True
67.4467 	EXP 	window1: mouseVisible = False
67.4471 	EXP 	window1: mouseVisible = True
67.4634 	EXP 	window1: mouseVisible = False
67.4636 	EXP 	window1: mouseVisible = True
67.4803 	EXP 	window1: mouseVisible = False
67.4805 	EXP 	window1: mouseVisible = True
67.4970 	EXP 	window1: mouseVisible = False
67.4976 	EXP 	window1: mouseVisible = True
67.5135 	EXP 	window1: mouseVisible = False
67.5137 	EXP 	window1: mouseVisible = True
67.5298 	EXP 	window1: mouseVisible = False
67.5305 	EXP 	window1: mouseVisible = True
67.5942 	EXP 	window1: mouseVisible = False
67.5948 	EXP 	window1: mouseVisible = True
67.6132 	EXP 	window1: mouseVisible = False
67.6136 	EXP 	window1: mouseVisible = True
67.6297 	EXP 	window1: mouseVisible = False
67.6302 	EXP 	window1: mouseVisible = True
67.6900 	EXP 	window1: mouseVisible = False
67.6907 	EXP 	window1: mouseVisible = True
67.6968 	EXP 	window1: mouseVisible = False
67.6971 	EXP 	window1: mouseVisible = True
67.7301 	EXP 	window1: mouseVisible = False
67.7302 	EXP 	window1: mouseVisible = True
67.7468 	EXP 	window1: mouseVisible = False
67.7479 	EXP 	window1: mouseVisible = True
67.7635 	EXP 	window1: mouseVisible = False
67.7636 	EXP 	window1: mouseVisible = True
67.7802 	EXP 	window1: mouseVisible = False
67.7806 	EXP 	window1: mouseVisible = True
67.7967 	EXP 	window1: mouseVisible = False
67.7969 	EXP 	window1: mouseVisible = True
67.8133 	EXP 	window1: mouseVisible = False
67.8135 	EXP 	window1: mouseVisible = True
67.8300 	EXP 	window1: mouseVisible = False
67.8302 	EXP 	window1: mouseVisible = True
67.8468 	EXP 	window1: mouseVisible = False
67.8474 	EXP 	window1: mouseVisible = True
67.8634 	EXP 	window1: mouseVisible = False
67.8643 	EXP 	window1: mouseVisible = True
67.8803 	EXP 	window1: mouseVisible = False
67.8808 	EXP 	window1: mouseVisible = True
67.8968 	EXP 	window1: mouseVisible = False
67.8970 	EXP 	window1: mouseVisible = True
67.9135 	EXP 	window1: mouseVisible = False
67.9137 	EXP 	window1: mouseVisible = True
67.9302 	EXP 	window1: mouseVisible = False
67.9304 	EXP 	window1: mouseVisible = True
67.9470 	EXP 	window1: mouseVisible = False
67.9472 	EXP 	window1: mouseVisible = True
67.9634 	EXP 	window1: mouseVisible = False
67.9635 	EXP 	window1: mouseVisible = True
67.9800 	EXP 	window1: mouseVisible = False
67.9801 	EXP 	window1: mouseVisible = True
67.9967 	EXP 	window1: mouseVisible = False
67.9973 	EXP 	window1: mouseVisible = True
68.0132 	EXP 	window1: mouseVisible = False
68.0134 	EXP 	window1: mouseVisible = True
68.0299 	EXP 	window1: mouseVisible = False
68.0303 	EXP 	window1: mouseVisible = True
68.0468 	EXP 	window1: mouseVisible = False
68.0469 	EXP 	window1: mouseVisible = True
68.0634 	EXP 	window1: mouseVisible = False
68.0640 	EXP 	window1: mouseVisible = True
68.0800 	EXP 	window1: mouseVisible = False
68.0810 	EXP 	window1: mouseVisible = True
68.0965 	EXP 	window1: mouseVisible = False
68.0967 	EXP 	window1: mouseVisible = True
68.1130 	EXP 	window1: mouseVisible = False
68.1134 	EXP 	window1: mouseVisible = True
68.1298 	EXP 	window1: mouseVisible = False
68.1300 	EXP 	window1: mouseVisible = True
68.1796 	EXP 	window1: mouseVisible = False
68.1801 	EXP 	window1: mouseVisible = True
68.1965 	EXP 	window1: mouseVisible = False
68.1971 	EXP 	window1: mouseVisible = True
68.2131 	EXP 	window1: mouseVisible = False
68.2137 	EXP 	window1: mouseVisible = True
68.2295 	EXP 	window1: mouseVisible = False
68.2297 	EXP 	window1: mouseVisible = True
68.2873 	EXP 	window1: mouseVisible = False
68.2880 	EXP 	window1: mouseVisible = True
68.2966 	EXP 	window1: mouseVisible = False
68.2976 	EXP 	window1: mouseVisible = True
68.3133 	EXP 	window1: mouseVisible = False
68.3135 	EXP 	window1: mouseVisible = True
68.3298 	EXP 	window1: mouseVisible = False
68.3299 	EXP 	window1: mouseVisible = True
68.3463 	EXP 	window1: mouseVisible = False
68.3469 	EXP 	window1: mouseVisible = True
68.3631 	EXP 	window1: mouseVisible = False
68.3633 	EXP 	window1: mouseVisible = True
68.3799 	EXP 	window1: mouseVisible = False
68.3805 	EXP 	window1: mouseVisible = True
68.3965 	EXP 	window1: mouseVisible = False
68.3968 	EXP 	window1: mouseVisible = True
68.4132 	EXP 	window1: mouseVisible = False
68.4140 	EXP 	window1: mouseVisible = True
68.4297 	EXP 	window1: mouseVisible = False
68.4298 	EXP 	window1: mouseVisible = True
68.4790 	EXP 	window1: mouseVisible = False
68.4793 	EXP 	window1: mouseVisible = True
68.4963 	EXP 	window1: mouseVisible = False
68.4964 	EXP 	window1: mouseVisible = True
68.5129 	EXP 	window1: mouseVisible = False
68.5136 	EXP 	window1: mouseVisible = True
68.5296 	EXP 	window1: mouseVisible = False
68.5298 	EXP 	window1: mouseVisible = True
68.5881 	EXP 	window1: mouseVisible = False
68.5889 	EXP 	window1: mouseVisible = True
68.5964 	EXP 	window1: mouseVisible = False
68.5969 	EXP 	window1: mouseVisible = True
68.6128 	EXP 	window1: mouseVisible = False
68.6130 	EXP 	window1: mouseVisible = True
68.6299 	EXP 	window1: mouseVisible = False
68.6301 	EXP 	window1: mouseVisible = True
68.6839 	EXP 	window1: mouseVisible = False
68.6846 	EXP 	window1: mouseVisible = True
68.6965 	EXP 	window1: mouseVisible = False
68.6966 	EXP 	window1: mouseVisible = True
68.7130 	EXP 	window1: mouseVisible = False
68.7135 	EXP 	window1: mouseVisible = True
68.7294 	EXP 	window1: mouseVisible = False
68.7302 	EXP 	window1: mouseVisible = True
68.7787 	EXP 	window1: mouseVisible = False
68.7793 	EXP 	window1: mouseVisible = True
68.7964 	EXP 	window1: mouseVisible = False
68.7966 	EXP 	window1: mouseVisible = True
68.8130 	EXP 	window1: mouseVisible = False
68.8136 	EXP 	window1: mouseVisible = True
68.8297 	EXP 	window1: mouseVisible = False
68.8299 	EXP 	window1: mouseVisible = True
68.8464 	EXP 	window1: mouseVisible = False
68.8466 	EXP 	window1: mouseVisible = True
68.8631 	EXP 	window1: mouseVisible = False
68.8633 	EXP 	window1: mouseVisible = True
68.8795 	EXP 	window1: mouseVisible = False
68.8800 	EXP 	window1: mouseVisible = True
68.8961 	EXP 	window1: mouseVisible = False
68.8963 	EXP 	window1: mouseVisible = True
68.9128 	EXP 	window1: mouseVisible = False
68.9130 	EXP 	window1: mouseVisible = True
68.9295 	EXP 	window1: mouseVisible = False
68.9297 	EXP 	window1: mouseVisible = True
68.9824 	EXP 	window1: mouseVisible = False
68.9833 	EXP 	window1: mouseVisible = True
68.9962 	EXP 	window1: mouseVisible = False
68.9964 	EXP 	window1: mouseVisible = True
69.0127 	EXP 	window1: mouseVisible = False
69.0134 	EXP 	window1: mouseVisible = True
69.0295 	EXP 	window1: mouseVisible = False
69.0296 	EXP 	window1: mouseVisible = True
69.0941 	EXP 	window1: mouseVisible = False
69.0949 	EXP 	window1: mouseVisible = True
69.1130 	EXP 	window1: mouseVisible = False
69.1132 	EXP 	window1: mouseVisible = True
69.1134 	DATA 	Keypress: escape
69.1297 	EXP 	window1: mouseVisible = False
69.1299 	EXP 	window1: mouseVisible = True
69.1463 	EXP 	window1: mouseVisible = False
69.1464 	EXP 	window1: mouseVisible = True
69.1630 	EXP 	window1: mouseVisible = False
69.1631 	EXP 	window1: mouseVisible = True
69.1796 	EXP 	window1: mouseVisible = False
69.1798 	EXP 	window1: mouseVisible = True
69.1962 	EXP 	window1: mouseVisible = False
69.1964 	EXP 	window1: mouseVisible = True
69.2129 	EXP 	window1: mouseVisible = False
69.2131 	EXP 	window1: mouseVisible = True
69.2296 	EXP 	window1: mouseVisible = False
69.2297 	EXP 	window1: mouseVisible = True
72.9466 	EXP 	window1: mouseVisible = True
