17.4662 	EXP 	Created window1 = Window(allowGUI=True, allowStencil=False, autoLog=True, backendConf=UNKNOWN, bitsMode=UNKNOWN, blendMode='avg', bpc=(8, 8, 8), color=array([0, 0, 0]), colorSpace='rgb', depthBits=8, fullscr=<method-wrapper '__getattribute__' of attributeSetter object at 0x0000025A233002E0>, gamma=None, gammaErrorPolicy='raise', lms=UNKNOWN, monitor=<psychopy.monitors.calibTools.Monitor object at 0x0000025A4A5A5EE0>, multiSample=False, name='window1', numSamples=2, pos=(0, 0), screen=0, size=array([2560, 1440]), stencilBits=0, stereo=False, units='height', useFBO=True, useRetina=False, viewOri=0.0, viewPos=None, viewScale=None, waitBlanking=True, winType='pyglet')
17.4664 	EXP 	window1: mouseVisible = True
17.4666 	EXP 	window1: mouseVisible = False
17.4666 	EXP 	window1: Attempting to measure frame rate of screen (0) ...
17.4666 	EXP 	window1: recordFrameIntervals = False
17.6321 	EXP 	window1: recordFrameIntervals = True
17.8164 	EXP 	Screen (0) actual frame rate measured at 59.83Hz
17.8164 	EXP 	window1: recordFrameIntervals = False
20.2518 	EXP 	Created instrTrainText = TextStim(__class__=<class 'psychopy.visual.text.TextStim'>, alignHoriz=method-wrapper(...), alignText='center', alignVert=method-wrapper(...), anchorHoriz='center', anchorVert='center', antialias=True, autoDraw=False, autoLog=True, bold=False, color=array([1., 1., 1.]), colorSpace='rgb', contrast=1.0, depth=-1.0, flipHoriz=False, flipVert=False, font='Arial', fontFiles=[], height=0.04, italic=False, languageStyle='LTR', name='instrTrainText', opacity=1.0, ori=0, pos=array([0., 0.]), rgb=UNKNOWN, text=str(...), units='height', win=Window(...), wrapWidth=1)
20.2540 	EXP 	Created blockStart = TextStim(__class__=<class 'psychopy.visual.text.TextStim'>, alignHoriz=method-wrapper(...), alignText='center', alignVert=method-wrapper(...), anchorHoriz='center', anchorVert='center', antialias=True, autoDraw=False, autoLog=True, bold=False, color=array([1., 1., 1.]), colorSpace='rgb', contrast=1.0, depth=0.0, flipHoriz=False, flipVert=False, font='Arial', fontFiles=[], height=0.04, italic=False, languageStyle='LTR', name='blockStart', opacity=1.0, ori=0, pos=array([0., 0.]), rgb=UNKNOWN, text='Begin  block ', units='height', win=Window(...), wrapWidth=1)
21.5273 	EXP 	Sound sound_1 set volume 1.000
21.5409 	EXP 	Created fixation = ShapeStim(__class__=<class 'psychopy.visual.shape.ShapeStim'>, anchor=('center', 'center'), autoDraw=False, autoLog=True, closeShape=True, color=method-wrapper(...), colorSpace='rgb', contrast=None, depth=-2.0, fillColor=array([1, 1, 1]), fillColorSpace='rgb', fillRGB=array([1, 1, 1]), interpolate=True, lineColor=array([1., 1., 1.]), lineColorSpace='rgb', lineRGB=array([1, 1, 1]), lineWidth=0.5, name='fixation', opacity=0.75, ori=0.0, pos=array([0., 0.]), size=array([0.05, 0.05]), units='height', vertices=ndarray(...), win=Window(...), windingRule=None)
21.6362 	EXP 	Created screenAfterAudio = ImageStim(__class__=<class 'psychopy.visual.image.ImageStim'>, anchor=('center', 'center'), autoLog=True, color=array([1., 1., 1.]), colorSpace='rgb', contrast=1.0, depth=-4.0, flipHoriz=False, flipVert=False, image='images/grayScreen.png', interpolate=True, mask=None, maskParams=None, name='screenAfterAudio', opacity=1.0, ori=0.0, pos=array([0., 0.]), size=array([0.5, 0.5]), texRes=128.0, units='height', win=Window(...))
21.6498 	EXP 	Created blankScreen = ImageStim(__class__=<class 'psychopy.visual.image.ImageStim'>, anchor=('center', 'center'), autoLog=True, color=array([1., 1., 1.]), colorSpace='rgb', contrast=1.0, depth=-4.0, flipHoriz=False, flipVert=False, image='images/grayScreen.png', interpolate=True, mask=None, maskParams=None, name='blankScreen', opacity=1.0, ori=0.0, pos=array([0., 0.]), size=array([1920., 1080.]), texRes=128, units='height', win=Window(...))
21.7589 	EXP 	Created call1 = ImageStim(__class__=<class 'psychopy.visual.image.ImageStim'>, anchor=('center', 'center'), autoLog=True, color=array([1., 1., 1.]), colorSpace='rgb', contrast=1.0, depth=-5.0, flipHoriz=False, flipVert=False, image='images/adler.png', interpolate=True, mask=None, maskParams=None, name='call1', opacity=1.0, ori=0.0, pos=array([-0.4   ,  0.3125]), size=array([0.18, 0.18]), texRes=128, units='height', win=Window(...))
21.8601 	EXP 	Created call2 = ImageStim(__class__=<class 'psychopy.visual.image.ImageStim'>, anchor=('center', 'center'), autoLog=True, color=array([1., 1., 1.]), colorSpace='rgb', contrast=1.0, depth=-6.0, flipHoriz=False, flipVert=False, image='images/drossel.png', interpolate=True, mask=None, maskParams=None, name='call2', opacity=1.0, ori=0.0, pos=array([-0.4       ,  0.10416667]), size=array([0.18, 0.18]), texRes=128, units='height', win=Window(...))
21.9460 	EXP 	Created call3 = ImageStim(__class__=<class 'psychopy.visual.image.ImageStim'>, anchor=('center', 'center'), autoLog=True, color=array([1., 1., 1.]), colorSpace='rgb', contrast=1.0, depth=-7.0, flipHoriz=False, flipVert=False, image='images/tiger.png', interpolate=True, mask=None, maskParams=None, name='call3', opacity=1.0, ori=0.0, pos=array([-0.4       , -0.10416667]), size=array([0.18, 0.18]), texRes=128, units='height', win=Window(...))
22.0377 	EXP 	Created call4 = ImageStim(__class__=<class 'psychopy.visual.image.ImageStim'>, anchor=('center', 'center'), autoLog=True, color=array([1., 1., 1.]), colorSpace='rgb', contrast=1.0, depth=-8.0, flipHoriz=False, flipVert=False, image='images/kroete.png', interpolate=True, mask=None, maskParams=None, name='call4', opacity=1.0, ori=0.0, pos=array([-0.4   , -0.3125]), size=array([0.18, 0.18]), texRes=128, units='height', win=Window(...))
22.1418 	EXP 	Created colour1 = ImageStim(__class__=<class 'psychopy.visual.image.ImageStim'>, anchor=('center', 'center'), autoLog=True, color=array([1., 1., 1.]), colorSpace='rgb', contrast=1.0, depth=-9.0, flipHoriz=False, flipVert=False, image='images/gelb.png', interpolate=True, mask=None, maskParams=None, name='colour1', opacity=1.0, ori=0.0, pos=array([0.    , 0.3125]), size=array([0.18, 0.18]), texRes=128, units='height', win=Window(...))
22.2433 	EXP 	Created colour2 = ImageStim(__class__=<class 'psychopy.visual.image.ImageStim'>, anchor=('center', 'center'), autoLog=True, color=array([1., 1., 1.]), colorSpace='rgb', contrast=1.0, depth=-10.0, flipHoriz=False, flipVert=False, image='images/gruen.png', interpolate=True, mask=None, maskParams=None, name='colour2', opacity=1.0, ori=0.0, pos=array([0.        , 0.10416667]), size=array([0.18, 0.18]), texRes=128, units='height', win=Window(...))
22.3405 	EXP 	Created colour3 = ImageStim(__class__=<class 'psychopy.visual.image.ImageStim'>, anchor=('center', 'center'), autoLog=True, color=array([1., 1., 1.]), colorSpace='rgb', contrast=1.0, depth=-11.0, flipHoriz=False, flipVert=False, image='images/rot.png', interpolate=True, mask=None, maskParams=None, name='colour3', opacity=1.0, ori=0.0, pos=array([ 0.        , -0.10416667]), size=array([0.18, 0.18]), texRes=128, units='height', win=Window(...))
22.4224 	EXP 	Created colour4 = ImageStim(__class__=<class 'psychopy.visual.image.ImageStim'>, anchor=('center', 'center'), autoLog=True, color=array([1., 1., 1.]), colorSpace='rgb', contrast=1.0, depth=-12.0, flipHoriz=False, flipVert=False, image='images/weiss.png', interpolate=True, mask=None, maskParams=None, name='colour4', opacity=1.0, ori=0.0, pos=array([ 0.    , -0.3125]), size=array([0.18, 0.18]), texRes=128, units='height', win=Window(...))
22.5162 	EXP 	Created number1 = ImageStim(__class__=<class 'psychopy.visual.image.ImageStim'>, anchor=('center', 'center'), autoLog=True, color=array([1., 1., 1.]), colorSpace='rgb', contrast=1.0, depth=-13.0, flipHoriz=False, flipVert=False, image='images/1.png', interpolate=True, mask=None, maskParams=None, name='number1', opacity=1.0, ori=0.0, pos=array([0.4   , 0.3125]), size=array([0.18, 0.18]), texRes=128, units='height', win=Window(...))
22.6082 	EXP 	Created number2 = ImageStim(__class__=<class 'psychopy.visual.image.ImageStim'>, anchor=('center', 'center'), autoLog=True, color=array([1., 1., 1.]), colorSpace='rgb', contrast=1.0, depth=-14.0, flipHoriz=False, flipVert=False, image='images/2.png', interpolate=True, mask=None, maskParams=None, name='number2', opacity=1.0, ori=0.0, pos=array([0.4       , 0.10416667]), size=array([0.18, 0.18]), texRes=128, units='height', win=Window(...))
22.7061 	EXP 	Created number3 = ImageStim(__class__=<class 'psychopy.visual.image.ImageStim'>, anchor=('center', 'center'), autoLog=True, color=array([1., 1., 1.]), colorSpace='rgb', contrast=1.0, depth=-15.0, flipHoriz=False, flipVert=False, image='images/3.png', interpolate=True, mask=None, maskParams=None, name='number3', opacity=1.0, ori=0.0, pos=array([ 0.4       , -0.10416667]), size=array([0.18, 0.18]), texRes=128, units='height', win=Window(...))
22.7895 	EXP 	Created number4 = ImageStim(__class__=<class 'psychopy.visual.image.ImageStim'>, anchor=('center', 'center'), autoLog=True, color=array([1., 1., 1.]), colorSpace='rgb', contrast=1.0, depth=-16.0, flipHoriz=False, flipVert=False, image='images/4.png', interpolate=True, mask=None, maskParams=None, name='number4', opacity=1.0, ori=0.0, pos=array([ 0.4   , -0.3125]), size=array([0.18, 0.18]), texRes=128, units='height', win=Window(...))
22.7898 	EXP 	window1: mouseVisible = True
22.7899 	EXP 	window1: mouseVisible = True
22.7899 	EXP 	window1: mouseVisible = True
22.8737 	EXP 	Created blankScreenAfterResponse = ImageStim(__class__=<class 'psychopy.visual.image.ImageStim'>, anchor=('center', 'center'), autoLog=True, color=array([1., 1., 1.]), colorSpace='rgb', contrast=1.0, depth=-25.0, flipHoriz=False, flipVert=False, image='images/blankScreen.png', interpolate=True, mask=None, maskParams=None, name='blankScreenAfterResponse', opacity=1.0, ori=0.0, pos=array([0., 0.]), size=array([1920., 1080.]), texRes=128, units='height', win=Window(...))
22.8818 	EXP 	Created thanksText = TextStim(__class__=<class 'psychopy.visual.text.TextStim'>, alignHoriz=method-wrapper(...), alignText='center', alignVert=method-wrapper(...), anchorHoriz='center', anchorVert='center', antialias=True, autoDraw=False, autoLog=True, bold=False, color=array([1., 1., 1.]), colorSpace='rgb', contrast=1.0, depth=0.0, flipHoriz=False, flipVert=False, font='Arial', fontFiles=[], height=0.04, italic=False, languageStyle='LTR', name='thanksText', opacity=1.0, ori=0, pos=array([0., 0.]), rgb=UNKNOWN, text=str(...), units='height', win=Window(...), wrapWidth=1)
22.8819 	EXP 	window1: mouseVisible = False
22.9027 	EXP 	instrTrainText: autoDraw = True
24.2715 	EXP 	Imported order1.csv as conditions, 4 conditions, 1 params
24.2718 	EXP 	Created sequence: sequential, trialTypes=4, nReps=1, seed=None
24.2720 	EXP 	New trial (rep=0, index=0): OrderedDict([('condsFile', 'flow\\tts-golang-selected_PsyPySEQ_NV1.csv')])
24.2739 	DATA 	Keypress: space
24.2867 	EXP 	instrTrainText: autoDraw = False
24.2867 	EXP 	blockStart: autoDraw = True
24.6149 	EXP 	Imported flow\tts-golang-selected_PsyPySEQ_NV1.csv as conditions, 192 conditions, 26 params
24.6157 	EXP 	Created sequence: random, trialTypes=192, nReps=1, seed=None
24.6161 	EXP 	New trial (rep=0, index=0): OrderedDict([('audiofile', 'audio/NV_DE_Neural2-F_Ti-ro-Zw_0.75p.wav'), ('duration', 4.9), ('noise', 'NV'), ('voice', 'Neural2-F'), ('words', 'Ti-ro-Zw'), ('callSign', 'Ti'), ('colour', 'ro'), ('number', 'Zw'), ('levels', '0.75p'), ('trigger_start', 100), ('trigger_end', 101), ('trigger_call', 114), ('trigger_col', 123), ('trigger_num', 132), ('file', 'DE_Neural2-F_Ti-ro-Zw.TextGrid'), ('firstSound_tmin', 0.17712), ('lastSound_tmax', 4.174076065040759), ('token_1_tmin', 0.7140486013214059), ('token_1_tmax', 1.203864907870069), ('token_2_tmin', 2.225970755024855), ('token_2_tmax', 2.57712), ('token_3_tmin', 3.774535683490646), ('token_3_tmax', 4.174076065040759), ('rater', 'mean'), ('newidx', 16), ('block', 'NV1')])
24.7719 	EXP 	window1: mouseVisible = False
24.7886 	EXP 	Sound sound_1 started
24.7746 	DATA 	Keypress: space
24.7869 	EXP 	blockStart: autoDraw = False
24.7869 	EXP 	fixation: autoDraw = True
29.2909 	EXP 	Sound sound_1 reached end of file
29.3325 	EXP 	window1: mouseVisible = False
29.3421 	EXP 	fixation: autoDraw = False
29.3421 	EXP 	screenAfterAudio: autoDraw = True
29.3421 	EXP 	screenAfterAudio: autoDraw = False
29.3421 	EXP 	fixation: autoDraw = False
29.3421 	EXP 	screenAfterAudio: autoDraw = False
29.3421 	EXP 	call1: texRes = 128
29.3421 	EXP 	call2: texRes = 128
29.3421 	EXP 	call3: texRes = 128
29.3421 	EXP 	call4: texRes = 128
29.3421 	EXP 	colour1: texRes = 128
29.3421 	EXP 	colour2: texRes = 128
29.3421 	EXP 	colour3: texRes = 128
29.3421 	EXP 	colour4: texRes = 128
29.3421 	EXP 	number1: texRes = 128
29.3421 	EXP 	number2: texRes = 128
29.3421 	EXP 	number3: texRes = 128
29.3421 	EXP 	number4: texRes = 128
29.3421 	EXP 	blankScreen: autoDraw = True
29.3423 	EXP 	window1: mouseVisible = False
29.3659 	EXP 	window1: mouseVisible = False
29.3818 	EXP 	window1: mouseVisible = False
29.3967 	EXP 	window1: mouseVisible = False
29.4138 	EXP 	window1: mouseVisible = False
29.4302 	EXP 	window1: mouseVisible = False
29.4469 	EXP 	window1: mouseVisible = False
29.4639 	EXP 	window1: mouseVisible = False
29.4806 	EXP 	window1: mouseVisible = False
29.4985 	EXP 	window1: mouseVisible = False
29.5140 	EXP 	window1: mouseVisible = False
29.5300 	EXP 	window1: mouseVisible = False
29.5462 	EXP 	window1: mouseVisible = False
29.5625 	EXP 	window1: mouseVisible = False
29.5793 	EXP 	window1: mouseVisible = False
29.5956 	EXP 	window1: mouseVisible = False
29.6129 	EXP 	window1: mouseVisible = False
29.6296 	EXP 	window1: mouseVisible = False
29.6461 	EXP 	window1: mouseVisible = False
29.6626 	EXP 	window1: mouseVisible = False
29.6793 	EXP 	window1: mouseVisible = False
29.6957 	EXP 	window1: mouseVisible = False
29.7130 	EXP 	window1: mouseVisible = False
29.7293 	EXP 	window1: mouseVisible = False
29.7458 	EXP 	window1: mouseVisible = False
29.7627 	EXP 	window1: mouseVisible = False
29.7794 	EXP 	window1: mouseVisible = False
29.7958 	EXP 	window1: mouseVisible = False
29.8128 	EXP 	window1: mouseVisible = False
29.8289 	EXP 	window1: mouseVisible = False
29.8460 	EXP 	window1: mouseVisible = False
29.8628 	EXP 	window1: mouseVisible = False
29.8792 	EXP 	window1: mouseVisible = False
29.8962 	EXP 	window1: mouseVisible = False
29.9133 	EXP 	window1: mouseVisible = False
29.9291 	EXP 	window1: mouseVisible = False
29.9460 	EXP 	window1: mouseVisible = False
29.9629 	EXP 	window1: mouseVisible = False
29.9800 	EXP 	window1: mouseVisible = False
29.9961 	EXP 	window1: mouseVisible = False
30.0130 	EXP 	window1: mouseVisible = False
30.0297 	EXP 	window1: mouseVisible = False
30.0463 	EXP 	window1: mouseVisible = False
30.0627 	EXP 	window1: mouseVisible = False
30.0794 	EXP 	window1: mouseVisible = False
30.0963 	EXP 	window1: mouseVisible = False
30.1129 	EXP 	window1: mouseVisible = False
30.1295 	EXP 	window1: mouseVisible = False
30.1465 	EXP 	window1: mouseVisible = False
30.1629 	EXP 	window1: mouseVisible = False
30.1799 	EXP 	window1: mouseVisible = False
30.1967 	EXP 	window1: mouseVisible = False
30.2130 	EXP 	window1: mouseVisible = False
30.2297 	EXP 	window1: mouseVisible = False
30.2463 	EXP 	window1: mouseVisible = False
30.2631 	EXP 	window1: mouseVisible = False
30.2806 	EXP 	window1: mouseVisible = False
30.2965 	EXP 	window1: mouseVisible = False
30.3133 	EXP 	window1: mouseVisible = False
30.3298 	EXP 	window1: mouseVisible = False
30.3442 	EXP 	blankScreen: autoDraw = False
30.3442 	EXP 	call1: autoDraw = True
30.3442 	EXP 	call2: autoDraw = True
30.3442 	EXP 	call3: autoDraw = True
30.3442 	EXP 	call4: autoDraw = True
30.3442 	EXP 	colour1: autoDraw = True
30.3442 	EXP 	colour2: autoDraw = True
30.3442 	EXP 	colour3: autoDraw = True
30.3442 	EXP 	colour4: autoDraw = True
30.3442 	EXP 	number1: autoDraw = True
30.3442 	EXP 	number2: autoDraw = True
30.3442 	EXP 	number3: autoDraw = True
30.3442 	EXP 	number4: autoDraw = True
30.3443 	EXP 	window1: mouseVisible = False
30.3445 	EXP 	window1: mouseVisible = True
30.3608 	EXP 	window1: mouseVisible = False
30.3611 	EXP 	window1: mouseVisible = True
30.3777 	EXP 	window1: mouseVisible = False
30.3780 	EXP 	window1: mouseVisible = True
30.3942 	EXP 	window1: mouseVisible = False
30.3945 	EXP 	window1: mouseVisible = True
30.4110 	EXP 	window1: mouseVisible = False
30.4112 	EXP 	window1: mouseVisible = True
30.4277 	EXP 	window1: mouseVisible = False
30.4280 	EXP 	window1: mouseVisible = True
30.4445 	EXP 	window1: mouseVisible = False
30.4448 	EXP 	window1: mouseVisible = True
30.4613 	EXP 	window1: mouseVisible = False
30.4619 	EXP 	window1: mouseVisible = True
30.4777 	EXP 	window1: mouseVisible = False
30.4779 	EXP 	window1: mouseVisible = True
30.4945 	EXP 	window1: mouseVisible = False
30.4947 	EXP 	window1: mouseVisible = True
30.5115 	EXP 	window1: mouseVisible = False
30.5117 	EXP 	window1: mouseVisible = True
30.5276 	EXP 	window1: mouseVisible = False
30.5278 	EXP 	window1: mouseVisible = True
30.5445 	EXP 	window1: mouseVisible = False
30.5448 	EXP 	window1: mouseVisible = True
30.5615 	EXP 	window1: mouseVisible = False
30.5617 	EXP 	window1: mouseVisible = True
30.5780 	EXP 	window1: mouseVisible = False
30.5782 	EXP 	window1: mouseVisible = True
30.5943 	EXP 	window1: mouseVisible = False
30.5946 	EXP 	window1: mouseVisible = True
30.6113 	EXP 	window1: mouseVisible = False
30.6115 	EXP 	window1: mouseVisible = True
30.6277 	EXP 	window1: mouseVisible = False
30.6279 	EXP 	window1: mouseVisible = True
30.6447 	EXP 	window1: mouseVisible = False
30.6450 	EXP 	window1: mouseVisible = True
30.6616 	EXP 	window1: mouseVisible = False
30.6618 	EXP 	window1: mouseVisible = True
30.6783 	EXP 	window1: mouseVisible = False
30.6786 	EXP 	window1: mouseVisible = True
30.6948 	EXP 	window1: mouseVisible = False
30.6950 	EXP 	window1: mouseVisible = True
30.7113 	EXP 	window1: mouseVisible = False
30.7116 	EXP 	window1: mouseVisible = True
30.7286 	EXP 	window1: mouseVisible = False
30.7289 	EXP 	window1: mouseVisible = True
30.7450 	EXP 	window1: mouseVisible = False
30.7452 	EXP 	window1: mouseVisible = True
30.7613 	EXP 	window1: mouseVisible = False
30.7614 	EXP 	window1: mouseVisible = True
30.7779 	EXP 	window1: mouseVisible = False
30.7782 	EXP 	window1: mouseVisible = True
30.7950 	EXP 	window1: mouseVisible = False
30.7954 	EXP 	window1: mouseVisible = True
30.8116 	EXP 	window1: mouseVisible = False
30.8118 	EXP 	window1: mouseVisible = True
30.8279 	EXP 	window1: mouseVisible = False
30.8282 	EXP 	window1: mouseVisible = True
30.8447 	EXP 	window1: mouseVisible = False
30.8449 	EXP 	window1: mouseVisible = True
30.8615 	EXP 	window1: mouseVisible = False
30.8617 	EXP 	window1: mouseVisible = True
30.8781 	EXP 	window1: mouseVisible = False
30.8783 	EXP 	window1: mouseVisible = True
30.8948 	EXP 	window1: mouseVisible = False
30.8951 	EXP 	window1: mouseVisible = True
30.9114 	EXP 	window1: mouseVisible = False
30.9116 	EXP 	window1: mouseVisible = True
30.9281 	EXP 	window1: mouseVisible = False
30.9284 	EXP 	window1: mouseVisible = True
30.9448 	EXP 	window1: mouseVisible = False
30.9451 	EXP 	window1: mouseVisible = True
30.9616 	EXP 	window1: mouseVisible = False
30.9619 	EXP 	window1: mouseVisible = True
30.9781 	EXP 	window1: mouseVisible = False
30.9783 	EXP 	window1: mouseVisible = True
30.9949 	EXP 	window1: mouseVisible = False
30.9951 	EXP 	window1: mouseVisible = True
31.0116 	EXP 	window1: mouseVisible = False
31.0120 	EXP 	window1: mouseVisible = True
31.0282 	EXP 	window1: mouseVisible = False
31.0285 	EXP 	window1: mouseVisible = True
31.0452 	EXP 	window1: mouseVisible = False
31.0454 	EXP 	window1: mouseVisible = True
31.0616 	EXP 	window1: mouseVisible = False
31.0618 	EXP 	window1: mouseVisible = True
31.0783 	EXP 	window1: mouseVisible = False
31.0785 	EXP 	window1: mouseVisible = True
31.0947 	EXP 	window1: mouseVisible = False
31.0949 	EXP 	window1: mouseVisible = True
31.1117 	EXP 	window1: mouseVisible = False
31.1119 	EXP 	window1: mouseVisible = True
31.1283 	EXP 	window1: mouseVisible = False
31.1285 	EXP 	window1: mouseVisible = True
31.1448 	EXP 	window1: mouseVisible = False
31.1450 	EXP 	window1: mouseVisible = True
31.1621 	EXP 	window1: mouseVisible = False
31.1623 	EXP 	window1: mouseVisible = True
31.1627 	DATA 	Mouse: Left button down, pos=(1831,522)
31.1784 	EXP 	window1: mouseVisible = False
31.1786 	EXP 	window1: mouseVisible = True
31.1949 	EXP 	window1: mouseVisible = False
31.1951 	EXP 	window1: mouseVisible = True
31.2119 	EXP 	window1: mouseVisible = False
31.2122 	EXP 	window1: mouseVisible = True
31.2285 	EXP 	window1: mouseVisible = False
31.2289 	EXP 	window1: mouseVisible = True
31.2450 	EXP 	window1: mouseVisible = False
31.2452 	EXP 	window1: mouseVisible = True
31.2617 	EXP 	window1: mouseVisible = False
31.2620 	EXP 	window1: mouseVisible = True
31.2784 	EXP 	window1: mouseVisible = False
31.2786 	EXP 	window1: mouseVisible = True
31.2788 	DATA 	Mouse:  Left button up, pos=(1831,522)
31.2956 	EXP 	window1: mouseVisible = False
31.2958 	EXP 	window1: mouseVisible = True
31.3120 	EXP 	window1: mouseVisible = False
31.3122 	EXP 	window1: mouseVisible = True
31.3288 	EXP 	window1: mouseVisible = False
31.3290 	EXP 	window1: mouseVisible = True
31.3456 	EXP 	window1: mouseVisible = False
31.3460 	EXP 	window1: mouseVisible = True
31.3620 	EXP 	window1: mouseVisible = False
31.3622 	EXP 	window1: mouseVisible = True
31.3788 	EXP 	window1: mouseVisible = False
31.3790 	EXP 	window1: mouseVisible = True
31.3952 	EXP 	window1: mouseVisible = False
31.3955 	EXP 	window1: mouseVisible = True
31.4121 	EXP 	window1: mouseVisible = False
31.4124 	EXP 	window1: mouseVisible = True
31.4288 	EXP 	window1: mouseVisible = False
31.4290 	EXP 	window1: mouseVisible = True
31.4452 	EXP 	window1: mouseVisible = False
31.4455 	EXP 	window1: mouseVisible = True
31.4619 	EXP 	window1: mouseVisible = False
31.4622 	EXP 	window1: mouseVisible = True
31.4789 	EXP 	window1: mouseVisible = False
31.4793 	EXP 	window1: mouseVisible = True
31.4952 	EXP 	window1: mouseVisible = False
31.4954 	EXP 	window1: mouseVisible = True
31.5120 	EXP 	window1: mouseVisible = False
31.5122 	EXP 	window1: mouseVisible = True
31.5286 	EXP 	window1: mouseVisible = False
31.5288 	EXP 	window1: mouseVisible = True
31.5453 	EXP 	window1: mouseVisible = False
31.5456 	EXP 	window1: mouseVisible = True
31.5620 	EXP 	window1: mouseVisible = False
31.5624 	EXP 	window1: mouseVisible = True
31.5787 	EXP 	window1: mouseVisible = False
31.5790 	EXP 	window1: mouseVisible = True
31.5953 	EXP 	window1: mouseVisible = False
31.5956 	EXP 	window1: mouseVisible = True
31.6127 	EXP 	window1: mouseVisible = False
31.6130 	EXP 	window1: mouseVisible = True
31.6285 	EXP 	window1: mouseVisible = False
31.6288 	EXP 	window1: mouseVisible = True
31.6457 	EXP 	window1: mouseVisible = False
31.6460 	EXP 	window1: mouseVisible = True
31.6624 	EXP 	window1: mouseVisible = False
31.6628 	EXP 	window1: mouseVisible = True
31.6787 	EXP 	window1: mouseVisible = False
31.6788 	EXP 	window1: mouseVisible = True
31.6955 	EXP 	window1: mouseVisible = False
31.6957 	EXP 	window1: mouseVisible = True
31.7125 	EXP 	window1: mouseVisible = False
31.7127 	EXP 	window1: mouseVisible = True
31.7287 	EXP 	window1: mouseVisible = False
31.7289 	EXP 	window1: mouseVisible = True
31.7455 	EXP 	window1: mouseVisible = False
31.7457 	EXP 	window1: mouseVisible = True
31.7622 	EXP 	window1: mouseVisible = False
31.7625 	EXP 	window1: mouseVisible = True
31.7787 	EXP 	window1: mouseVisible = False
31.7791 	EXP 	window1: mouseVisible = True
31.7959 	EXP 	window1: mouseVisible = False
31.7961 	EXP 	window1: mouseVisible = True
31.8126 	EXP 	window1: mouseVisible = False
31.8129 	EXP 	window1: mouseVisible = True
31.8287 	EXP 	window1: mouseVisible = False
31.8289 	EXP 	window1: mouseVisible = True
31.8460 	EXP 	window1: mouseVisible = False
31.8463 	EXP 	window1: mouseVisible = True
31.8624 	EXP 	window1: mouseVisible = False
31.8626 	EXP 	window1: mouseVisible = True
31.8793 	EXP 	window1: mouseVisible = False
31.8796 	EXP 	window1: mouseVisible = True
31.8957 	EXP 	window1: mouseVisible = False
31.8959 	EXP 	window1: mouseVisible = True
31.9127 	EXP 	window1: mouseVisible = False
31.9129 	EXP 	window1: mouseVisible = True
31.9291 	EXP 	window1: mouseVisible = False
31.9293 	EXP 	window1: mouseVisible = True
31.9456 	EXP 	window1: mouseVisible = False
31.9457 	EXP 	window1: mouseVisible = True
31.9623 	EXP 	window1: mouseVisible = False
31.9625 	EXP 	window1: mouseVisible = True
31.9790 	EXP 	window1: mouseVisible = False
31.9792 	EXP 	window1: mouseVisible = True
31.9957 	EXP 	window1: mouseVisible = False
31.9959 	EXP 	window1: mouseVisible = True
32.0121 	EXP 	window1: mouseVisible = False
32.0123 	EXP 	window1: mouseVisible = True
32.0126 	DATA 	Mouse: Left button down, pos=(681,496)
32.0428 	EXP 	call1: texRes = 128
32.0428 	EXP 	call2: texRes = 128
32.0428 	EXP 	call4: texRes = 128
32.0430 	EXP 	window1: mouseVisible = False
32.0433 	EXP 	window1: mouseVisible = True
32.0596 	EXP 	window1: mouseVisible = False
32.0598 	EXP 	window1: mouseVisible = True
32.0766 	EXP 	window1: mouseVisible = False
32.0769 	EXP 	window1: mouseVisible = True
32.0931 	EXP 	window1: mouseVisible = False
32.0933 	EXP 	window1: mouseVisible = True
32.0938 	DATA 	Mouse:  Left button up, pos=(687,496)
32.1096 	EXP 	window1: mouseVisible = False
32.1098 	EXP 	window1: mouseVisible = True
32.1261 	EXP 	window1: mouseVisible = False
32.1263 	EXP 	window1: mouseVisible = True
32.1428 	EXP 	window1: mouseVisible = False
32.1431 	EXP 	window1: mouseVisible = True
32.1594 	EXP 	window1: mouseVisible = False
32.1596 	EXP 	window1: mouseVisible = True
32.1767 	EXP 	window1: mouseVisible = False
32.1769 	EXP 	window1: mouseVisible = True
32.1930 	EXP 	window1: mouseVisible = False
32.1932 	EXP 	window1: mouseVisible = True
32.2100 	EXP 	window1: mouseVisible = False
32.2103 	EXP 	window1: mouseVisible = True
32.2267 	EXP 	window1: mouseVisible = False
32.2269 	EXP 	window1: mouseVisible = True
32.2434 	EXP 	window1: mouseVisible = False
32.2437 	EXP 	window1: mouseVisible = True
32.2600 	EXP 	window1: mouseVisible = False
32.2602 	EXP 	window1: mouseVisible = True
32.2763 	EXP 	window1: mouseVisible = False
32.2765 	EXP 	window1: mouseVisible = True
32.2933 	EXP 	window1: mouseVisible = False
32.2935 	EXP 	window1: mouseVisible = True
32.3101 	EXP 	window1: mouseVisible = False
32.3102 	EXP 	window1: mouseVisible = True
32.3267 	EXP 	window1: mouseVisible = False
32.3271 	EXP 	window1: mouseVisible = True
32.3431 	EXP 	window1: mouseVisible = False
32.3433 	EXP 	window1: mouseVisible = True
32.3596 	EXP 	window1: mouseVisible = False
32.3598 	EXP 	window1: mouseVisible = True
32.3764 	EXP 	window1: mouseVisible = False
32.3767 	EXP 	window1: mouseVisible = True
32.3934 	EXP 	window1: mouseVisible = False
32.3936 	EXP 	window1: mouseVisible = True
32.4103 	EXP 	window1: mouseVisible = False
32.4105 	EXP 	window1: mouseVisible = True
32.4265 	EXP 	window1: mouseVisible = False
32.4268 	EXP 	window1: mouseVisible = True
32.4435 	EXP 	window1: mouseVisible = False
32.4438 	EXP 	window1: mouseVisible = True
32.4601 	EXP 	window1: mouseVisible = False
32.4604 	EXP 	window1: mouseVisible = True
32.4767 	EXP 	window1: mouseVisible = False
32.4769 	EXP 	window1: mouseVisible = True
32.4936 	EXP 	window1: mouseVisible = False
32.4938 	EXP 	window1: mouseVisible = True
32.5107 	EXP 	window1: mouseVisible = False
32.5109 	EXP 	window1: mouseVisible = True
32.5269 	EXP 	window1: mouseVisible = False
32.5273 	EXP 	window1: mouseVisible = True
32.5431 	EXP 	window1: mouseVisible = False
32.5433 	EXP 	window1: mouseVisible = True
32.5598 	EXP 	window1: mouseVisible = False
32.5601 	EXP 	window1: mouseVisible = True
32.5766 	EXP 	window1: mouseVisible = False
32.5768 	EXP 	window1: mouseVisible = True
32.5934 	EXP 	window1: mouseVisible = False
32.5936 	EXP 	window1: mouseVisible = True
32.6100 	EXP 	window1: mouseVisible = False
32.6102 	EXP 	window1: mouseVisible = True
32.6105 	DATA 	Mouse: Left button down, pos=(1217,546)
32.6434 	EXP 	colour1: texRes = 128
32.6434 	EXP 	colour2: texRes = 128
32.6434 	EXP 	colour4: texRes = 128
32.6436 	EXP 	window1: mouseVisible = False
32.6439 	EXP 	window1: mouseVisible = True
32.6601 	EXP 	window1: mouseVisible = False
32.6603 	EXP 	window1: mouseVisible = True
32.6768 	EXP 	window1: mouseVisible = False
32.6770 	EXP 	window1: mouseVisible = True
32.6939 	EXP 	window1: mouseVisible = False
32.6941 	EXP 	window1: mouseVisible = True
32.6944 	DATA 	Mouse:  Left button up, pos=(1224,550)
32.7105 	EXP 	window1: mouseVisible = False
32.7108 	EXP 	window1: mouseVisible = True
32.7272 	EXP 	window1: mouseVisible = False
32.7274 	EXP 	window1: mouseVisible = True
32.7437 	EXP 	window1: mouseVisible = False
32.7439 	EXP 	window1: mouseVisible = True
32.7603 	EXP 	window1: mouseVisible = False
32.7606 	EXP 	window1: mouseVisible = True
32.7770 	EXP 	window1: mouseVisible = False
32.7773 	EXP 	window1: mouseVisible = True
32.7939 	EXP 	window1: mouseVisible = False
32.7940 	EXP 	window1: mouseVisible = True
32.8101 	EXP 	window1: mouseVisible = False
32.8103 	EXP 	window1: mouseVisible = True
32.8269 	EXP 	window1: mouseVisible = False
32.8271 	EXP 	window1: mouseVisible = True
32.8438 	EXP 	window1: mouseVisible = False
32.8440 	EXP 	window1: mouseVisible = True
32.8600 	EXP 	window1: mouseVisible = False
32.8601 	EXP 	window1: mouseVisible = True
32.8770 	EXP 	window1: mouseVisible = False
32.8772 	EXP 	window1: mouseVisible = True
32.8935 	EXP 	window1: mouseVisible = False
32.8938 	EXP 	window1: mouseVisible = True
32.9104 	EXP 	window1: mouseVisible = False
32.9107 	EXP 	window1: mouseVisible = True
32.9269 	EXP 	window1: mouseVisible = False
32.9272 	EXP 	window1: mouseVisible = True
32.9441 	EXP 	window1: mouseVisible = False
32.9443 	EXP 	window1: mouseVisible = True
32.9607 	EXP 	window1: mouseVisible = False
32.9609 	EXP 	window1: mouseVisible = True
32.9774 	EXP 	window1: mouseVisible = False
32.9777 	EXP 	window1: mouseVisible = True
32.9938 	EXP 	window1: mouseVisible = False
32.9941 	EXP 	window1: mouseVisible = True
33.0105 	EXP 	window1: mouseVisible = False
33.0106 	EXP 	window1: mouseVisible = True
33.0275 	EXP 	window1: mouseVisible = False
33.0277 	EXP 	window1: mouseVisible = True
33.0439 	EXP 	window1: mouseVisible = False
33.0441 	EXP 	window1: mouseVisible = True
33.0607 	EXP 	window1: mouseVisible = False
33.0609 	EXP 	window1: mouseVisible = True
33.0770 	EXP 	window1: mouseVisible = False
33.0773 	EXP 	window1: mouseVisible = True
33.0938 	EXP 	window1: mouseVisible = False
33.0940 	EXP 	window1: mouseVisible = True
33.1106 	EXP 	window1: mouseVisible = False
33.1108 	EXP 	window1: mouseVisible = True
33.1274 	EXP 	window1: mouseVisible = False
33.1276 	EXP 	window1: mouseVisible = True
33.1437 	EXP 	window1: mouseVisible = False
33.1439 	EXP 	window1: mouseVisible = True
33.1442 	DATA 	Mouse: Left button down, pos=(1744,915)
33.1587 	EXP 	New trial (rep=0, index=1): OrderedDict([('audiofile', 'audio/NV_DE_Neural2-D_Ad-we-Ei_0.8p.wav'), ('duration', 5.6307), ('noise', 'NV'), ('voice', 'Neural2-D'), ('words', 'Ad-we-Ei'), ('callSign', 'Ad'), ('colour', 'we'), ('number', 'Ei'), ('levels', '0.8p'), ('trigger_start', 100), ('trigger_end', 101), ('trigger_call', 111), ('trigger_col', 124), ('trigger_num', 131), ('file', 'DE_Neural2-D_Ad-we-Ei.TextGrid'), ('firstSound_tmin', 0.16712), ('lastSound_tmax', 4.861934027863542), ('token_1_tmin', 0.8009548708559393), ('token_1_tmax', 1.339470758485065), ('token_2_tmin', 2.756038743996664), ('token_2_tmax', 3.1535939618409925), ('token_3_tmin', 4.416756344645877), ('token_3_tmax', 4.861934027863542), ('rater', 'mean'), ('newidx', 0), ('block', 'NV1')])
33.3036 	EXP 	window1: mouseVisible = False
33.3112 	EXP 	Sound sound_1 started
33.3053 	DATA 	Mouse:  Left button up, pos=(1744,915)
33.3103 	EXP 	number1: texRes = 128
33.3103 	EXP 	number3: texRes = 128
33.3103 	EXP 	number4: texRes = 128
33.3103 	EXP 	blankScreenAfterResponse: autoDraw = True
33.3103 	EXP 	blankScreen: autoDraw = False
33.3103 	EXP 	call1: autoDraw = False
33.3103 	EXP 	call2: autoDraw = False
33.3103 	EXP 	call3: autoDraw = False
33.3103 	EXP 	call4: autoDraw = False
33.3103 	EXP 	colour1: autoDraw = False
33.3103 	EXP 	colour2: autoDraw = False
33.3103 	EXP 	colour3: autoDraw = False
33.3103 	EXP 	colour4: autoDraw = False
33.3103 	EXP 	number1: autoDraw = False
33.3103 	EXP 	number2: autoDraw = False
33.3103 	EXP 	number3: autoDraw = False
33.3103 	EXP 	number4: autoDraw = False
33.3103 	EXP 	blankScreenAfterResponse: autoDraw = False
33.3103 	EXP 	fixation: autoDraw = True
38.4933 	EXP 	Sound sound_1 reached end of file
38.5369 	EXP 	window1: mouseVisible = False
38.5481 	EXP 	fixation: autoDraw = False
38.5481 	EXP 	screenAfterAudio: autoDraw = True
38.5481 	EXP 	screenAfterAudio: autoDraw = False
38.5481 	EXP 	fixation: autoDraw = False
38.5481 	EXP 	screenAfterAudio: autoDraw = False
38.5481 	EXP 	call1: texRes = 128
38.5481 	EXP 	call2: texRes = 128
38.5481 	EXP 	call3: texRes = 128
38.5481 	EXP 	call4: texRes = 128
38.5481 	EXP 	colour1: texRes = 128
38.5481 	EXP 	colour2: texRes = 128
38.5481 	EXP 	colour3: texRes = 128
38.5481 	EXP 	colour4: texRes = 128
38.5481 	EXP 	number1: texRes = 128
38.5481 	EXP 	number2: texRes = 128
38.5481 	EXP 	number3: texRes = 128
38.5481 	EXP 	number4: texRes = 128
38.5481 	EXP 	blankScreen: autoDraw = True
38.5483 	EXP 	window1: mouseVisible = False
38.5656 	EXP 	window1: mouseVisible = False
38.5827 	EXP 	window1: mouseVisible = False
38.5984 	EXP 	window1: mouseVisible = False
38.6159 	EXP 	window1: mouseVisible = False
38.6327 	EXP 	window1: mouseVisible = False
38.6485 	EXP 	window1: mouseVisible = False
38.6658 	EXP 	window1: mouseVisible = False
38.6822 	EXP 	window1: mouseVisible = False
38.6987 	EXP 	window1: mouseVisible = False
38.7156 	EXP 	window1: mouseVisible = False
38.7322 	EXP 	window1: mouseVisible = False
38.7491 	EXP 	window1: mouseVisible = False
38.7650 	EXP 	window1: mouseVisible = False
38.7820 	EXP 	window1: mouseVisible = False
38.7992 	EXP 	window1: mouseVisible = False
38.8158 	EXP 	window1: mouseVisible = False
38.8323 	EXP 	window1: mouseVisible = False
38.8493 	EXP 	window1: mouseVisible = False
38.8663 	EXP 	window1: mouseVisible = False
38.8819 	EXP 	window1: mouseVisible = False
38.8997 	EXP 	window1: mouseVisible = False
38.9165 	EXP 	window1: mouseVisible = False
38.9319 	EXP 	window1: mouseVisible = False
38.9494 	EXP 	window1: mouseVisible = False
38.9664 	EXP 	window1: mouseVisible = False
38.9820 	EXP 	window1: mouseVisible = False
38.9995 	EXP 	window1: mouseVisible = False
39.0153 	EXP 	window1: mouseVisible = False
39.0327 	EXP 	window1: mouseVisible = False
39.0492 	EXP 	window1: mouseVisible = False
39.0661 	EXP 	window1: mouseVisible = False
39.0825 	EXP 	window1: mouseVisible = False
39.0995 	EXP 	window1: mouseVisible = False
39.1165 	EXP 	window1: mouseVisible = False
39.1321 	EXP 	window1: mouseVisible = False
39.1489 	EXP 	window1: mouseVisible = False
39.1655 	EXP 	window1: mouseVisible = False
39.1818 	EXP 	window1: mouseVisible = False
39.1985 	EXP 	window1: mouseVisible = False
39.2165 	EXP 	window1: mouseVisible = False
39.2324 	EXP 	window1: mouseVisible = False
39.2487 	EXP 	window1: mouseVisible = False
39.2654 	EXP 	window1: mouseVisible = False
39.2825 	EXP 	window1: mouseVisible = False
39.2992 	EXP 	window1: mouseVisible = False
39.3156 	EXP 	window1: mouseVisible = False
39.3322 	EXP 	window1: mouseVisible = False
39.3487 	EXP 	window1: mouseVisible = False
39.3657 	EXP 	window1: mouseVisible = False
39.3825 	EXP 	window1: mouseVisible = False
39.3990 	EXP 	window1: mouseVisible = False
39.4157 	EXP 	window1: mouseVisible = False
39.4328 	EXP 	window1: mouseVisible = False
39.4491 	EXP 	window1: mouseVisible = False
39.4655 	EXP 	window1: mouseVisible = False
39.4826 	EXP 	window1: mouseVisible = False
39.4993 	EXP 	window1: mouseVisible = False
39.5156 	EXP 	window1: mouseVisible = False
39.5328 	EXP 	window1: mouseVisible = False
39.5486 	EXP 	blankScreen: autoDraw = False
39.5486 	EXP 	call1: autoDraw = True
39.5486 	EXP 	call2: autoDraw = True
39.5486 	EXP 	call3: autoDraw = True
39.5486 	EXP 	call4: autoDraw = True
39.5486 	EXP 	colour1: autoDraw = True
39.5486 	EXP 	colour2: autoDraw = True
39.5486 	EXP 	colour3: autoDraw = True
39.5486 	EXP 	colour4: autoDraw = True
39.5486 	EXP 	number1: autoDraw = True
39.5486 	EXP 	number2: autoDraw = True
39.5486 	EXP 	number3: autoDraw = True
39.5486 	EXP 	number4: autoDraw = True
39.5488 	EXP 	window1: mouseVisible = False
39.5489 	EXP 	window1: mouseVisible = True
39.5659 	EXP 	window1: mouseVisible = False
39.5659 	EXP 	window1: mouseVisible = True
39.5826 	EXP 	window1: mouseVisible = False
39.5827 	EXP 	window1: mouseVisible = True
39.5991 	EXP 	window1: mouseVisible = False
39.5992 	EXP 	window1: mouseVisible = True
39.6161 	EXP 	window1: mouseVisible = False
39.6161 	EXP 	window1: mouseVisible = True
39.6325 	EXP 	window1: mouseVisible = False
39.6326 	EXP 	window1: mouseVisible = True
39.6493 	EXP 	window1: mouseVisible = False
39.6494 	EXP 	window1: mouseVisible = True
39.6660 	EXP 	window1: mouseVisible = False
39.6661 	EXP 	window1: mouseVisible = True
39.6826 	EXP 	window1: mouseVisible = False
39.6826 	EXP 	window1: mouseVisible = True
39.6992 	EXP 	window1: mouseVisible = False
39.6993 	EXP 	window1: mouseVisible = True
39.7163 	EXP 	window1: mouseVisible = False
39.7163 	EXP 	window1: mouseVisible = True
39.7322 	EXP 	window1: mouseVisible = False
39.7323 	EXP 	window1: mouseVisible = True
39.7493 	EXP 	window1: mouseVisible = False
39.7493 	EXP 	window1: mouseVisible = True
39.7664 	EXP 	window1: mouseVisible = False
39.7665 	EXP 	window1: mouseVisible = True
39.7826 	EXP 	window1: mouseVisible = False
39.7826 	EXP 	window1: mouseVisible = True
39.7993 	EXP 	window1: mouseVisible = False
39.7994 	EXP 	window1: mouseVisible = True
39.8164 	EXP 	window1: mouseVisible = False
39.8165 	EXP 	window1: mouseVisible = True
39.8328 	EXP 	window1: mouseVisible = False
39.8328 	EXP 	window1: mouseVisible = True
39.8493 	EXP 	window1: mouseVisible = False
39.8493 	EXP 	window1: mouseVisible = True
39.8663 	EXP 	window1: mouseVisible = False
39.8663 	EXP 	window1: mouseVisible = True
39.8826 	EXP 	window1: mouseVisible = False
39.8826 	EXP 	window1: mouseVisible = True
39.8994 	EXP 	window1: mouseVisible = False
39.8994 	EXP 	window1: mouseVisible = True
39.9166 	EXP 	window1: mouseVisible = False
39.9166 	EXP 	window1: mouseVisible = True
39.9327 	EXP 	window1: mouseVisible = False
39.9328 	EXP 	window1: mouseVisible = True
39.9496 	EXP 	window1: mouseVisible = False
39.9497 	EXP 	window1: mouseVisible = True
39.9663 	EXP 	window1: mouseVisible = False
39.9663 	EXP 	window1: mouseVisible = True
39.9827 	EXP 	window1: mouseVisible = False
39.9827 	EXP 	window1: mouseVisible = True
39.9991 	EXP 	window1: mouseVisible = False
39.9992 	EXP 	window1: mouseVisible = True
40.0162 	EXP 	window1: mouseVisible = False
40.0162 	EXP 	window1: mouseVisible = True
40.0329 	EXP 	window1: mouseVisible = False
40.0329 	EXP 	window1: mouseVisible = True
40.0497 	EXP 	window1: mouseVisible = False
40.0498 	EXP 	window1: mouseVisible = True
40.0662 	EXP 	window1: mouseVisible = False
40.0662 	EXP 	window1: mouseVisible = True
40.0829 	EXP 	window1: mouseVisible = False
40.0829 	EXP 	window1: mouseVisible = True
40.0999 	EXP 	window1: mouseVisible = False
40.0999 	EXP 	window1: mouseVisible = True
40.1159 	EXP 	window1: mouseVisible = False
40.1159 	EXP 	window1: mouseVisible = True
40.1329 	EXP 	window1: mouseVisible = False
40.1330 	EXP 	window1: mouseVisible = True
40.1498 	EXP 	window1: mouseVisible = False
40.1499 	EXP 	window1: mouseVisible = True
40.1664 	EXP 	window1: mouseVisible = False
40.1664 	EXP 	window1: mouseVisible = True
40.1829 	EXP 	window1: mouseVisible = False
40.1829 	EXP 	window1: mouseVisible = True
40.2000 	EXP 	window1: mouseVisible = False
40.2001 	EXP 	window1: mouseVisible = True
40.2166 	EXP 	window1: mouseVisible = False
40.2167 	EXP 	window1: mouseVisible = True
40.2333 	EXP 	window1: mouseVisible = False
40.2334 	EXP 	window1: mouseVisible = True
40.2497 	EXP 	window1: mouseVisible = False
40.2497 	EXP 	window1: mouseVisible = True
40.2660 	EXP 	window1: mouseVisible = False
40.2661 	EXP 	window1: mouseVisible = True
40.2833 	EXP 	window1: mouseVisible = False
40.2833 	EXP 	window1: mouseVisible = True
40.2997 	EXP 	window1: mouseVisible = False
40.2998 	EXP 	window1: mouseVisible = True
40.3164 	EXP 	window1: mouseVisible = False
40.3164 	EXP 	window1: mouseVisible = True
40.3334 	EXP 	window1: mouseVisible = False
40.3334 	EXP 	window1: mouseVisible = True
40.3502 	EXP 	window1: mouseVisible = False
40.3502 	EXP 	window1: mouseVisible = True
40.3665 	EXP 	window1: mouseVisible = False
40.3666 	EXP 	window1: mouseVisible = True
40.3830 	EXP 	window1: mouseVisible = False
40.3830 	EXP 	window1: mouseVisible = True
40.3999 	EXP 	window1: mouseVisible = False
40.3999 	EXP 	window1: mouseVisible = True
40.4166 	EXP 	window1: mouseVisible = False
40.4166 	EXP 	window1: mouseVisible = True
40.4331 	EXP 	window1: mouseVisible = False
40.4331 	EXP 	window1: mouseVisible = True
40.4496 	EXP 	window1: mouseVisible = False
40.4497 	EXP 	window1: mouseVisible = True
40.4666 	EXP 	window1: mouseVisible = False
40.4666 	EXP 	window1: mouseVisible = True
40.4837 	EXP 	window1: mouseVisible = False
40.4837 	EXP 	window1: mouseVisible = True
40.4999 	EXP 	window1: mouseVisible = False
40.4999 	EXP 	window1: mouseVisible = True
40.5162 	EXP 	window1: mouseVisible = False
40.5162 	EXP 	window1: mouseVisible = True
40.5332 	EXP 	window1: mouseVisible = False
40.5332 	EXP 	window1: mouseVisible = True
40.5500 	EXP 	window1: mouseVisible = False
40.5500 	EXP 	window1: mouseVisible = True
40.5668 	EXP 	window1: mouseVisible = False
40.5668 	EXP 	window1: mouseVisible = True
40.5833 	EXP 	window1: mouseVisible = False
40.5833 	EXP 	window1: mouseVisible = True
40.6001 	EXP 	window1: mouseVisible = False
40.6001 	EXP 	window1: mouseVisible = True
40.6168 	EXP 	window1: mouseVisible = False
40.6168 	EXP 	window1: mouseVisible = True
40.6337 	EXP 	window1: mouseVisible = False
40.6337 	EXP 	window1: mouseVisible = True
40.6498 	EXP 	window1: mouseVisible = False
40.6498 	EXP 	window1: mouseVisible = True
40.6668 	EXP 	window1: mouseVisible = False
40.6669 	EXP 	window1: mouseVisible = True
40.6834 	EXP 	window1: mouseVisible = False
40.6834 	EXP 	window1: mouseVisible = True
40.7001 	EXP 	window1: mouseVisible = False
40.7001 	EXP 	window1: mouseVisible = True
40.7171 	EXP 	window1: mouseVisible = False
40.7171 	EXP 	window1: mouseVisible = True
40.7333 	EXP 	window1: mouseVisible = False
40.7333 	EXP 	window1: mouseVisible = True
40.7501 	EXP 	window1: mouseVisible = False
40.7501 	EXP 	window1: mouseVisible = True
40.7666 	EXP 	window1: mouseVisible = False
40.7666 	EXP 	window1: mouseVisible = True
40.7837 	EXP 	window1: mouseVisible = False
40.7837 	EXP 	window1: mouseVisible = True
40.8001 	EXP 	window1: mouseVisible = False
40.8001 	EXP 	window1: mouseVisible = True
40.8172 	EXP 	window1: mouseVisible = False
40.8173 	EXP 	window1: mouseVisible = True
40.8336 	EXP 	window1: mouseVisible = False
40.8336 	EXP 	window1: mouseVisible = True
40.8503 	EXP 	window1: mouseVisible = False
40.8504 	EXP 	window1: mouseVisible = True
40.8670 	EXP 	window1: mouseVisible = False
40.8671 	EXP 	window1: mouseVisible = True
40.8836 	EXP 	window1: mouseVisible = False
40.8837 	EXP 	window1: mouseVisible = True
40.9003 	EXP 	window1: mouseVisible = False
40.9004 	EXP 	window1: mouseVisible = True
40.9166 	EXP 	window1: mouseVisible = False
40.9167 	EXP 	window1: mouseVisible = True
40.9336 	EXP 	window1: mouseVisible = False
40.9336 	EXP 	window1: mouseVisible = True
40.9507 	EXP 	window1: mouseVisible = False
40.9507 	EXP 	window1: mouseVisible = True
40.9670 	EXP 	window1: mouseVisible = False
40.9671 	EXP 	window1: mouseVisible = True
40.9835 	EXP 	window1: mouseVisible = False
40.9835 	EXP 	window1: mouseVisible = True
41.0006 	EXP 	window1: mouseVisible = False
41.0007 	EXP 	window1: mouseVisible = True
41.0173 	EXP 	window1: mouseVisible = False
41.0173 	EXP 	window1: mouseVisible = True
41.0334 	EXP 	window1: mouseVisible = False
41.0334 	EXP 	window1: mouseVisible = True
41.0505 	EXP 	window1: mouseVisible = False
41.0506 	EXP 	window1: mouseVisible = True
41.0671 	EXP 	window1: mouseVisible = False
41.0672 	EXP 	window1: mouseVisible = True
41.0838 	EXP 	window1: mouseVisible = False
41.0838 	EXP 	window1: mouseVisible = True
41.1002 	EXP 	window1: mouseVisible = False
41.1002 	EXP 	window1: mouseVisible = True
41.1166 	EXP 	window1: mouseVisible = False
41.1166 	EXP 	window1: mouseVisible = True
41.1339 	EXP 	window1: mouseVisible = False
41.1339 	EXP 	window1: mouseVisible = True
41.1507 	EXP 	window1: mouseVisible = False
41.1507 	EXP 	window1: mouseVisible = True
41.1671 	EXP 	window1: mouseVisible = False
41.1671 	EXP 	window1: mouseVisible = True
41.1839 	EXP 	window1: mouseVisible = False
41.1840 	EXP 	window1: mouseVisible = True
41.2005 	EXP 	window1: mouseVisible = False
41.2006 	EXP 	window1: mouseVisible = True
41.2172 	EXP 	window1: mouseVisible = False
41.2173 	EXP 	window1: mouseVisible = True
41.2336 	EXP 	window1: mouseVisible = False
41.2336 	EXP 	window1: mouseVisible = True
41.2505 	EXP 	window1: mouseVisible = False
41.2505 	EXP 	window1: mouseVisible = True
41.2672 	EXP 	window1: mouseVisible = False
41.2672 	EXP 	window1: mouseVisible = True
41.2842 	EXP 	window1: mouseVisible = False
41.2842 	EXP 	window1: mouseVisible = True
41.3003 	EXP 	window1: mouseVisible = False
41.3004 	EXP 	window1: mouseVisible = True
41.3173 	EXP 	window1: mouseVisible = False
41.3173 	EXP 	window1: mouseVisible = True
41.3342 	EXP 	window1: mouseVisible = False
41.3342 	EXP 	window1: mouseVisible = True
41.3507 	EXP 	window1: mouseVisible = False
41.3507 	EXP 	window1: mouseVisible = True
41.3673 	EXP 	window1: mouseVisible = False
41.3673 	EXP 	window1: mouseVisible = True
41.3844 	EXP 	window1: mouseVisible = False
41.3844 	EXP 	window1: mouseVisible = True
41.4007 	EXP 	window1: mouseVisible = False
41.4008 	EXP 	window1: mouseVisible = True
41.4173 	EXP 	window1: mouseVisible = False
41.4173 	EXP 	window1: mouseVisible = True
41.4345 	EXP 	window1: mouseVisible = False
41.4345 	EXP 	window1: mouseVisible = True
41.4505 	EXP 	window1: mouseVisible = False
41.4506 	EXP 	window1: mouseVisible = True
41.4673 	EXP 	window1: mouseVisible = False
41.4673 	EXP 	window1: mouseVisible = True
41.4841 	EXP 	window1: mouseVisible = False
41.4841 	EXP 	window1: mouseVisible = True
41.5008 	EXP 	window1: mouseVisible = False
41.5008 	EXP 	window1: mouseVisible = True
41.5177 	EXP 	window1: mouseVisible = False
41.5177 	EXP 	window1: mouseVisible = True
41.5342 	EXP 	window1: mouseVisible = False
41.5342 	EXP 	window1: mouseVisible = True
41.5508 	EXP 	window1: mouseVisible = False
41.5509 	EXP 	window1: mouseVisible = True
41.5672 	EXP 	window1: mouseVisible = False
41.5672 	EXP 	window1: mouseVisible = True
41.5841 	EXP 	window1: mouseVisible = False
41.5842 	EXP 	window1: mouseVisible = True
41.6008 	EXP 	window1: mouseVisible = False
41.6008 	EXP 	window1: mouseVisible = True
41.6179 	EXP 	window1: mouseVisible = False
41.6179 	EXP 	window1: mouseVisible = True
41.6342 	EXP 	window1: mouseVisible = False
41.6342 	EXP 	window1: mouseVisible = True
41.6509 	EXP 	window1: mouseVisible = False
41.6510 	EXP 	window1: mouseVisible = True
41.6679 	EXP 	window1: mouseVisible = False
41.6680 	EXP 	window1: mouseVisible = True
41.6842 	EXP 	window1: mouseVisible = False
41.6843 	EXP 	window1: mouseVisible = True
41.7008 	EXP 	window1: mouseVisible = False
41.7009 	EXP 	window1: mouseVisible = True
41.7179 	EXP 	window1: mouseVisible = False
41.7179 	EXP 	window1: mouseVisible = True
41.7343 	EXP 	window1: mouseVisible = False
41.7343 	EXP 	window1: mouseVisible = True
41.7509 	EXP 	window1: mouseVisible = False
41.7509 	EXP 	window1: mouseVisible = True
41.7678 	EXP 	window1: mouseVisible = False
41.7678 	EXP 	window1: mouseVisible = True
41.7845 	EXP 	window1: mouseVisible = False
41.7845 	EXP 	window1: mouseVisible = True
41.8013 	EXP 	window1: mouseVisible = False
41.8013 	EXP 	window1: mouseVisible = True
41.8176 	EXP 	window1: mouseVisible = False
41.8177 	EXP 	window1: mouseVisible = True
41.8340 	EXP 	window1: mouseVisible = False
41.8341 	EXP 	window1: mouseVisible = True
41.8513 	EXP 	window1: mouseVisible = False
41.8513 	EXP 	window1: mouseVisible = True
41.8678 	EXP 	window1: mouseVisible = False
41.8678 	EXP 	window1: mouseVisible = True
41.8844 	EXP 	window1: mouseVisible = False
41.8845 	EXP 	window1: mouseVisible = True
41.9013 	EXP 	window1: mouseVisible = False
41.9013 	EXP 	window1: mouseVisible = True
41.9178 	EXP 	window1: mouseVisible = False
41.9178 	EXP 	window1: mouseVisible = True
41.9344 	EXP 	window1: mouseVisible = False
41.9344 	EXP 	window1: mouseVisible = True
41.9510 	EXP 	window1: mouseVisible = False
41.9510 	EXP 	window1: mouseVisible = True
41.9679 	EXP 	window1: mouseVisible = False
41.9679 	EXP 	window1: mouseVisible = True
41.9849 	EXP 	window1: mouseVisible = False
41.9849 	EXP 	window1: mouseVisible = True
42.0010 	EXP 	window1: mouseVisible = False
42.0010 	EXP 	window1: mouseVisible = True
42.0176 	EXP 	window1: mouseVisible = False
42.0176 	EXP 	window1: mouseVisible = True
42.0345 	EXP 	window1: mouseVisible = False
42.0345 	EXP 	window1: mouseVisible = True
42.0515 	EXP 	window1: mouseVisible = False
42.0515 	EXP 	window1: mouseVisible = True
42.0678 	EXP 	window1: mouseVisible = False
42.0679 	EXP 	window1: mouseVisible = True
42.0847 	EXP 	window1: mouseVisible = False
42.0847 	EXP 	window1: mouseVisible = True
42.1011 	EXP 	window1: mouseVisible = False
42.1011 	EXP 	window1: mouseVisible = True
42.1179 	EXP 	window1: mouseVisible = False
42.1180 	EXP 	window1: mouseVisible = True
42.1347 	EXP 	window1: mouseVisible = False
42.1347 	EXP 	window1: mouseVisible = True
42.1513 	EXP 	window1: mouseVisible = False
42.1514 	EXP 	window1: mouseVisible = True
42.1682 	EXP 	window1: mouseVisible = False
42.1682 	EXP 	window1: mouseVisible = True
42.1847 	EXP 	window1: mouseVisible = False
42.1847 	EXP 	window1: mouseVisible = True
42.2012 	EXP 	window1: mouseVisible = False
42.2012 	EXP 	window1: mouseVisible = True
42.2178 	EXP 	window1: mouseVisible = False
42.2178 	EXP 	window1: mouseVisible = True
42.2352 	EXP 	window1: mouseVisible = False
42.2352 	EXP 	window1: mouseVisible = True
42.2513 	EXP 	window1: mouseVisible = False
42.2514 	EXP 	window1: mouseVisible = True
42.2679 	EXP 	window1: mouseVisible = False
42.2680 	EXP 	window1: mouseVisible = True
42.2850 	EXP 	window1: mouseVisible = False
42.2852 	EXP 	window1: mouseVisible = True
42.3013 	EXP 	window1: mouseVisible = False
42.3016 	EXP 	window1: mouseVisible = True
42.3185 	EXP 	window1: mouseVisible = False
42.3189 	EXP 	window1: mouseVisible = True
42.3344 	EXP 	window1: mouseVisible = False
42.3346 	EXP 	window1: mouseVisible = True
42.3512 	EXP 	window1: mouseVisible = False
42.3515 	EXP 	window1: mouseVisible = True
42.3678 	EXP 	window1: mouseVisible = False
42.3680 	EXP 	window1: mouseVisible = True
42.3847 	EXP 	window1: mouseVisible = False
42.3852 	EXP 	window1: mouseVisible = True
42.4018 	EXP 	window1: mouseVisible = False
42.4020 	EXP 	window1: mouseVisible = True
42.4184 	EXP 	window1: mouseVisible = False
42.4186 	EXP 	window1: mouseVisible = True
42.4352 	EXP 	window1: mouseVisible = False
42.4354 	EXP 	window1: mouseVisible = True
42.4519 	EXP 	window1: mouseVisible = False
42.4522 	EXP 	window1: mouseVisible = True
42.4683 	EXP 	window1: mouseVisible = False
42.4685 	EXP 	window1: mouseVisible = True
42.4847 	EXP 	window1: mouseVisible = False
42.4850 	EXP 	window1: mouseVisible = True
42.5016 	EXP 	window1: mouseVisible = False
42.5019 	EXP 	window1: mouseVisible = True
42.5184 	EXP 	window1: mouseVisible = False
42.5186 	EXP 	window1: mouseVisible = True
42.5350 	EXP 	window1: mouseVisible = False
42.5352 	EXP 	window1: mouseVisible = True
42.5517 	EXP 	window1: mouseVisible = False
42.5519 	EXP 	window1: mouseVisible = True
42.5683 	EXP 	window1: mouseVisible = False
42.5686 	EXP 	window1: mouseVisible = True
42.5849 	EXP 	window1: mouseVisible = False
42.5851 	EXP 	window1: mouseVisible = True
42.6013 	EXP 	window1: mouseVisible = False
42.6015 	EXP 	window1: mouseVisible = True
42.6189 	EXP 	window1: mouseVisible = False
42.6191 	EXP 	window1: mouseVisible = True
42.6354 	EXP 	window1: mouseVisible = False
42.6356 	EXP 	window1: mouseVisible = True
42.6518 	EXP 	window1: mouseVisible = False
42.6520 	EXP 	window1: mouseVisible = True
42.6686 	EXP 	window1: mouseVisible = False
42.6688 	EXP 	window1: mouseVisible = True
42.6848 	EXP 	window1: mouseVisible = False
42.6850 	EXP 	window1: mouseVisible = True
42.7019 	EXP 	window1: mouseVisible = False
42.7022 	EXP 	window1: mouseVisible = True
42.7187 	EXP 	window1: mouseVisible = False
42.7191 	EXP 	window1: mouseVisible = True
42.7354 	EXP 	window1: mouseVisible = False
42.7357 	EXP 	window1: mouseVisible = True
42.7520 	EXP 	window1: mouseVisible = False
42.7522 	EXP 	window1: mouseVisible = True
42.7686 	EXP 	window1: mouseVisible = False
42.7688 	EXP 	window1: mouseVisible = True
42.7850 	EXP 	window1: mouseVisible = False
42.7853 	EXP 	window1: mouseVisible = True
42.8015 	EXP 	window1: mouseVisible = False
42.8017 	EXP 	window1: mouseVisible = True
42.8187 	EXP 	window1: mouseVisible = False
42.8189 	EXP 	window1: mouseVisible = True
42.8351 	EXP 	window1: mouseVisible = False
42.8353 	EXP 	window1: mouseVisible = True
42.8520 	EXP 	window1: mouseVisible = False
42.8521 	EXP 	window1: mouseVisible = True
42.8682 	EXP 	window1: mouseVisible = False
42.8684 	EXP 	window1: mouseVisible = True
42.8855 	EXP 	window1: mouseVisible = False
42.8857 	EXP 	window1: mouseVisible = True
42.9026 	EXP 	window1: mouseVisible = False
42.9028 	EXP 	window1: mouseVisible = True
42.9188 	EXP 	window1: mouseVisible = False
42.9191 	EXP 	window1: mouseVisible = True
42.9356 	EXP 	window1: mouseVisible = False
42.9359 	EXP 	window1: mouseVisible = True
42.9522 	EXP 	window1: mouseVisible = False
42.9524 	EXP 	window1: mouseVisible = True
42.9688 	EXP 	window1: mouseVisible = False
42.9691 	EXP 	window1: mouseVisible = True
42.9852 	EXP 	window1: mouseVisible = False
42.9855 	EXP 	window1: mouseVisible = True
43.0021 	EXP 	window1: mouseVisible = False
43.0023 	EXP 	window1: mouseVisible = True
43.0185 	EXP 	window1: mouseVisible = False
43.0187 	EXP 	window1: mouseVisible = True
43.0353 	EXP 	window1: mouseVisible = False
43.0356 	EXP 	window1: mouseVisible = True
43.0518 	EXP 	window1: mouseVisible = False
43.0520 	EXP 	window1: mouseVisible = True
43.0689 	EXP 	window1: mouseVisible = False
43.0691 	EXP 	window1: mouseVisible = True
43.0856 	EXP 	window1: mouseVisible = False
43.0858 	EXP 	window1: mouseVisible = True
43.1022 	EXP 	window1: mouseVisible = False
43.1028 	EXP 	window1: mouseVisible = True
43.1033 	DATA 	Mouse: Left button down, pos=(679,650)
43.1352 	EXP 	call1: texRes = 128
43.1352 	EXP 	call2: texRes = 128
43.1352 	EXP 	call4: texRes = 128
43.1354 	EXP 	window1: mouseVisible = False
43.1356 	EXP 	window1: mouseVisible = True
43.1521 	EXP 	window1: mouseVisible = False
43.1523 	EXP 	window1: mouseVisible = True
43.1688 	EXP 	window1: mouseVisible = False
43.1690 	EXP 	window1: mouseVisible = True
43.1857 	EXP 	window1: mouseVisible = False
43.1859 	EXP 	window1: mouseVisible = True
43.2022 	EXP 	window1: mouseVisible = False
43.2024 	EXP 	window1: mouseVisible = True
43.2189 	EXP 	window1: mouseVisible = False
43.2191 	EXP 	window1: mouseVisible = True
43.2193 	DATA 	Mouse:  Left button up, pos=(685,646)
43.2359 	EXP 	window1: mouseVisible = False
43.2363 	EXP 	window1: mouseVisible = True
43.2521 	EXP 	window1: mouseVisible = False
43.2524 	EXP 	window1: mouseVisible = True
43.2687 	EXP 	window1: mouseVisible = False
43.2689 	EXP 	window1: mouseVisible = True
43.2853 	EXP 	window1: mouseVisible = False
43.2856 	EXP 	window1: mouseVisible = True
43.3018 	EXP 	window1: mouseVisible = False
43.3020 	EXP 	window1: mouseVisible = True
43.3189 	EXP 	window1: mouseVisible = False
43.3191 	EXP 	window1: mouseVisible = True
43.3356 	EXP 	window1: mouseVisible = False
43.3359 	EXP 	window1: mouseVisible = True
43.3520 	EXP 	window1: mouseVisible = False
43.3522 	EXP 	window1: mouseVisible = True
43.3688 	EXP 	window1: mouseVisible = False
43.3691 	EXP 	window1: mouseVisible = True
43.3855 	EXP 	window1: mouseVisible = False
43.3858 	EXP 	window1: mouseVisible = True
43.4020 	EXP 	window1: mouseVisible = False
43.4022 	EXP 	window1: mouseVisible = True
43.4193 	EXP 	window1: mouseVisible = False
43.4195 	EXP 	window1: mouseVisible = True
43.4360 	EXP 	window1: mouseVisible = False
43.4363 	EXP 	window1: mouseVisible = True
43.4526 	EXP 	window1: mouseVisible = False
43.4528 	EXP 	window1: mouseVisible = True
43.4694 	EXP 	window1: mouseVisible = False
43.4696 	EXP 	window1: mouseVisible = True
43.4858 	EXP 	window1: mouseVisible = False
43.4860 	EXP 	window1: mouseVisible = True
43.4862 	DATA 	Mouse: Left button down, pos=(1299,478)
43.5187 	EXP 	colour1: texRes = 128
43.5187 	EXP 	colour2: texRes = 128
43.5187 	EXP 	colour4: texRes = 128
43.5189 	EXP 	window1: mouseVisible = False
43.5191 	EXP 	window1: mouseVisible = True
43.5358 	EXP 	window1: mouseVisible = False
43.5360 	EXP 	window1: mouseVisible = True
43.5525 	EXP 	window1: mouseVisible = False
43.5527 	EXP 	window1: mouseVisible = True
43.5691 	EXP 	window1: mouseVisible = False
43.5694 	EXP 	window1: mouseVisible = True
43.5697 	DATA 	Mouse:  Left button up, pos=(1299,478)
43.5858 	EXP 	window1: mouseVisible = False
43.5860 	EXP 	window1: mouseVisible = True
43.6026 	EXP 	window1: mouseVisible = False
43.6027 	EXP 	window1: mouseVisible = True
43.6191 	EXP 	window1: mouseVisible = False
43.6193 	EXP 	window1: mouseVisible = True
43.6357 	EXP 	window1: mouseVisible = False
43.6358 	EXP 	window1: mouseVisible = True
43.6523 	EXP 	window1: mouseVisible = False
43.6525 	EXP 	window1: mouseVisible = True
43.6688 	EXP 	window1: mouseVisible = False
43.6690 	EXP 	window1: mouseVisible = True
43.6862 	EXP 	window1: mouseVisible = False
43.6864 	EXP 	window1: mouseVisible = True
43.7028 	EXP 	window1: mouseVisible = False
43.7030 	EXP 	window1: mouseVisible = True
43.7196 	EXP 	window1: mouseVisible = False
43.7198 	EXP 	window1: mouseVisible = True
43.7362 	EXP 	window1: mouseVisible = False
43.7364 	EXP 	window1: mouseVisible = True
43.7531 	EXP 	window1: mouseVisible = False
43.7534 	EXP 	window1: mouseVisible = True
43.7697 	EXP 	window1: mouseVisible = False
43.7699 	EXP 	window1: mouseVisible = True
43.7859 	EXP 	window1: mouseVisible = False
43.7861 	EXP 	window1: mouseVisible = True
43.8030 	EXP 	window1: mouseVisible = False
43.8032 	EXP 	window1: mouseVisible = True
43.8194 	EXP 	window1: mouseVisible = False
43.8196 	EXP 	window1: mouseVisible = True
43.8361 	EXP 	window1: mouseVisible = False
43.8363 	EXP 	window1: mouseVisible = True
43.8531 	EXP 	window1: mouseVisible = False
43.8533 	EXP 	window1: mouseVisible = True
43.8695 	EXP 	window1: mouseVisible = False
43.8697 	EXP 	window1: mouseVisible = True
43.8862 	EXP 	window1: mouseVisible = False
43.8864 	EXP 	window1: mouseVisible = True
43.9026 	EXP 	window1: mouseVisible = False
43.9028 	EXP 	window1: mouseVisible = True
43.9194 	EXP 	window1: mouseVisible = False
43.9196 	EXP 	window1: mouseVisible = True
43.9366 	EXP 	window1: mouseVisible = False
43.9369 	EXP 	window1: mouseVisible = True
43.9528 	EXP 	window1: mouseVisible = False
43.9531 	EXP 	window1: mouseVisible = True
43.9693 	EXP 	window1: mouseVisible = False
43.9695 	EXP 	window1: mouseVisible = True
43.9864 	EXP 	window1: mouseVisible = False
43.9865 	EXP 	window1: mouseVisible = True
44.0028 	EXP 	window1: mouseVisible = False
44.0031 	EXP 	window1: mouseVisible = True
44.0192 	EXP 	window1: mouseVisible = False
44.0193 	EXP 	window1: mouseVisible = True
44.0359 	EXP 	window1: mouseVisible = False
44.0361 	EXP 	window1: mouseVisible = True
44.0527 	EXP 	window1: mouseVisible = False
44.0529 	EXP 	window1: mouseVisible = True
44.0692 	EXP 	window1: mouseVisible = False
44.0693 	EXP 	window1: mouseVisible = True
44.0695 	DATA 	Mouse: Left button down, pos=(1809,873)
44.0831 	EXP 	New trial (rep=0, index=2): OrderedDict([('audiofile', 'audio/NV_DE_Neural2-D_Kr-we-Dr_0.75p.wav'), ('duration', 5.3234), ('noise', 'NV'), ('voice', 'Neural2-D'), ('words', 'Kr-we-Dr'), ('callSign', 'Kr'), ('colour', 'we'), ('number', 'Dr'), ('levels', '0.75p'), ('trigger_start', 100), ('trigger_end', 101), ('trigger_call', 113), ('trigger_col', 124), ('trigger_num', 133), ('file', 'DE_Neural2-D_Kr-we-Dr.TextGrid'), ('firstSound_tmin', 0.17712), ('lastSound_tmax', 4.575393008624876), ('token_1_tmin', 0.8215110277906499), ('token_1_tmax', 1.283735855486532), ('token_2_tmin', 2.6378062767295214), ('token_2_tmax', 3.0424448233489096), ('token_3_tmin', 4.298495755515255), ('token_3_tmax', 4.575393008624876), ('rater', 'mean'), ('newidx', 1), ('block', 'NV1')])
44.2153 	EXP 	window1: mouseVisible = False
44.2200 	EXP 	Sound sound_1 started
44.2170 	DATA 	Mouse:  Left button up, pos=(1809,873)
44.2209 	EXP 	number1: texRes = 128
44.2209 	EXP 	number3: texRes = 128
44.2209 	EXP 	number4: texRes = 128
44.2209 	EXP 	blankScreenAfterResponse: autoDraw = True
44.2209 	EXP 	blankScreen: autoDraw = False
44.2209 	EXP 	call1: autoDraw = False
44.2209 	EXP 	call2: autoDraw = False
44.2209 	EXP 	call3: autoDraw = False
44.2209 	EXP 	call4: autoDraw = False
44.2209 	EXP 	colour1: autoDraw = False
44.2209 	EXP 	colour2: autoDraw = False
44.2209 	EXP 	colour3: autoDraw = False
44.2209 	EXP 	colour4: autoDraw = False
44.2209 	EXP 	number1: autoDraw = False
44.2209 	EXP 	number2: autoDraw = False
44.2209 	EXP 	number3: autoDraw = False
44.2209 	EXP 	number4: autoDraw = False
44.2209 	EXP 	blankScreenAfterResponse: autoDraw = False
44.2209 	EXP 	fixation: autoDraw = True
46.7088 	DATA 	Mouse: Left button down, pos=(2267,1206)
46.8092 	DATA 	Mouse:  Left button up, pos=(2267,1206)
47.9769 	DATA 	Keypress: escape
49.0516 	EXP 	window1: mouseVisible = True
