7.5394 	WARNING 	User requested fullscreen with size [1280  720], but screen is actually [2560, 1440]. Using actual size
10.8148 	EXP 	Created window1 = Window(allowGUI=False, allowStencil=False, autoLog=True, backendConf=UNKNOWN, bitsMode=UNKNOWN, blendMode='avg', bpc=(8, 8, 8), color=array([0, 0, 0]), colorSpace='rgb', depthBits=8, fullscr=<method-wrapper '__getattribute__' of attributeSetter object at 0x0000026FDA5CBB00>, gamma=None, gammaErrorPolicy='raise', lms=UNKNOWN, monitor=<psychopy.monitors.calibTools.Monitor object at 0x0000026FDA61BCF8>, multiSample=False, name='window1', numSamples=2, pos=[0.0, 0.0], screen=0, size=array([2560, 1440]), stencilBits=0, stereo=False, units='height', useFBO=True, useRetina=False, viewOri=0.0, viewPos=None, viewScale=None, waitBlanking=True, winType='pyglet')
10.8151 	EXP 	window1: mouseVisible = True
10.8151 	EXP 	window1: recordFrameIntervals = False
10.9810 	EXP 	window1: recordFrameIntervals = True
11.1646 	EXP 	window1: recordFrameIntervals = False
12.5729 	EXP 	Created Instructions_Noise = TextStim(__class__=<class 'psychopy.visual.text.TextStim'>, alignHoriz=method-wrapper(...), alignText='center', alignVert=method-wrapper(...), anchorHoriz='center', anchorVert='center', antialias=True, autoLog=True, bold=False, color=array([-1., -1., -1.]), colorSpace='rgb', contrast=1.0, depth=-1.0, flipHoriz=False, flipVert=False, font='Arial', fontFiles=[], height=0.03, italic=False, languageStyle='LTR', name='Instructions_Noise', opacity=1, ori=0, pos=array([0., 0.]), rgb=UNKNOWN, text=str(...), units='height', win=Window(...), wrapWidth=1)
12.6076 	EXP 	Created Fixation_cross_Test = TextStim(__class__=<class 'psychopy.visual.text.TextStim'>, alignHoriz=method-wrapper(...), alignText='center', alignVert=method-wrapper(...), anchorHoriz='center', anchorVert='center', antialias=True, autoLog=True, bold=False, color=array([-1., -1., -1.]), colorSpace='rgb', contrast=1.0, depth=-1.0, flipHoriz=False, flipVert=False, font='Arial', fontFiles=[], height=0.2, italic=False, languageStyle='LTR', name='Fixation_cross_Test', opacity=1, ori=0, pos=array([0., 0.]), rgb=UNKNOWN, text='+', units='height', win=Window(...), wrapWidth=1)
12.6739 	EXP 	Created Instructions_clear_Digits = TextStim(__class__=<class 'psychopy.visual.text.TextStim'>, alignHoriz=method-wrapper(...), alignText='center', alignVert=method-wrapper(...), anchorHoriz='center', anchorVert='center', antialias=True, autoLog=True, bold=False, color=array([-1., -1., -1.]), colorSpace='rgb', contrast=1.0, depth=-1.0, flipHoriz=False, flipVert=False, font='Arial', fontFiles=[], height=0.03, italic=False, languageStyle='LTR', name='Instructions_clear_Digits', opacity=1, ori=0, pos=array([0., 0.]), rgb=UNKNOWN, text=str(...), units='height', win=Window(...), wrapWidth=1)
12.6938 	EXP 	Sound Digit1_clear set volume 1.000
12.7077 	EXP 	Sound Digit2_clear set volume 1.000
12.7208 	EXP 	Sound Digit3_clear set volume 1.000
12.7234 	EXP 	Created disp_answer_3 = TextStim(__class__=<class 'psychopy.visual.text.TextStim'>, alignHoriz=method-wrapper(...), alignText='center', alignVert=method-wrapper(...), anchorHoriz='center', anchorVert='center', antialias=True, autoLog=True, bold=False, color=array([-1., -1., -1.]), colorSpace='rgb', contrast=1.0, depth=-2.0, flipHoriz=False, flipVert=False, font='Arial', fontFiles=[], height=0.1, italic=False, languageStyle='LTR', name='disp_answer_3', opacity=1, ori=0, pos=array([0., 0.]), rgb=UNKNOWN, text='', units='height', win=Window(...), wrapWidth=1)
12.7820 	EXP 	Created text_4 = TextStim(__class__=<class 'psychopy.visual.text.TextStim'>, alignHoriz=method-wrapper(...), alignText='center', alignVert=method-wrapper(...), anchorHoriz='center', anchorVert='center', antialias=True, autoLog=True, bold=False, color=array([-1., -1., -1.]), colorSpace='rgb', contrast=1.0, depth=-1.0, flipHoriz=False, flipVert=False, font='Arial', fontFiles=[], height=0.05, italic=False, languageStyle='LTR', name='text_4', opacity=1, ori=0, pos=array([0., 0.]), rgb=UNKNOWN, text=str(...), units='height', win=Window(...), wrapWidth=1)
12.8463 	EXP 	Created Instructions_begin = TextStim(__class__=<class 'psychopy.visual.text.TextStim'>, alignHoriz=method-wrapper(...), alignText='center', alignVert=method-wrapper(...), anchorHoriz='center', anchorVert='center', antialias=True, autoLog=True, bold=False, color=array([-1., -1., -1.]), colorSpace='rgb', contrast=1.0, depth=-1.0, flipHoriz=False, flipVert=False, font='Arial', fontFiles=[], height=0.05, italic=False, languageStyle='LTR', name='Instructions_begin', opacity=1, ori=0, pos=array([0., 0.]), rgb=UNKNOWN, text=str(...), units='height', win=Window(...), wrapWidth=1)
12.8715 	EXP 	Created Fixation_cross = TextStim(__class__=<class 'psychopy.visual.text.TextStim'>, alignHoriz=method-wrapper(...), alignText='center', alignVert=method-wrapper(...), anchorHoriz='center', anchorVert='center', antialias=True, autoLog=True, bold=False, color=array([-1., -1., -1.]), colorSpace='rgb', contrast=1.0, depth=-1.0, flipHoriz=False, flipVert=False, font='Arial', fontFiles=[], height=0.2, italic=False, languageStyle='LTR', name='Fixation_cross', opacity=1, ori=0, pos=array([0., 0.]), rgb=UNKNOWN, text='+', units='height', win=Window(...), wrapWidth=1)
12.8941 	EXP 	Created text_5 = TextStim(__class__=<class 'psychopy.visual.text.TextStim'>, alignHoriz=method-wrapper(...), alignText='center', alignVert=method-wrapper(...), anchorHoriz='center', anchorVert='center', antialias=True, autoLog=True, bold=False, color=array([-1., -1., -1.]), colorSpace='rgb', contrast=1.0, depth=-1.0, flipHoriz=False, flipVert=False, font='Arial', fontFiles=[], height=0.05, italic=False, languageStyle='LTR', name='text_5', opacity=1, ori=0, pos=array([0., 0.]), rgb=UNKNOWN, text=str(...), units='height', win=Window(...), wrapWidth=1)
12.9904 	EXP 	Created Begin = TextStim(__class__=<class 'psychopy.visual.text.TextStim'>, alignHoriz=method-wrapper(...), alignText='center', alignVert=method-wrapper(...), anchorHoriz='center', anchorVert='center', antialias=True, autoLog=True, bold=False, color=array([-1., -1., -1.]), colorSpace='rgb', contrast=1.0, depth=-1.0, flipHoriz=False, flipVert=False, font='Arial', fontFiles=[], height=0.05, italic=False, languageStyle='LTR', name='Begin', opacity=1, ori=0, pos=array([0., 0.]), rgb=UNKNOWN, text=str(...), units='height', win=Window(...), wrapWidth=1)
12.9961 	EXP 	Created Fixation = TextStim(__class__=<class 'psychopy.visual.text.TextStim'>, alignHoriz=method-wrapper(...), alignText='center', alignVert=method-wrapper(...), anchorHoriz='center', anchorVert='center', antialias=True, autoLog=True, bold=False, color=array([-1., -1., -1.]), colorSpace='rgb', contrast=1.0, depth=-1.0, flipHoriz=False, flipVert=False, font='Arial', fontFiles=[], height=0.2, italic=False, languageStyle='LTR', name='Fixation', opacity=1, ori=0, pos=array([0., 0.]), rgb=UNKNOWN, text='+', units='height', win=Window(...), wrapWidth=1)
13.0167 	EXP 	Sound sound_digit1 set volume 1.000
13.0334 	EXP 	Sound sound_digit2 set volume 1.000
13.0478 	EXP 	Sound sound_digit3 set volume 1.000
13.0498 	EXP 	Created disp_answer = TextStim(__class__=<class 'psychopy.visual.text.TextStim'>, alignHoriz=method-wrapper(...), alignText='center', alignVert=method-wrapper(...), anchorHoriz='center', anchorVert='center', antialias=True, autoLog=True, bold=False, color=array([-1., -1., -1.]), colorSpace='rgb', contrast=1.0, depth=-2.0, flipHoriz=False, flipVert=False, font='Arial', fontFiles=[], height=0.1, italic=False, languageStyle='LTR', name='disp_answer', opacity=1, ori=0, pos=array([0., 0.]), rgb=UNKNOWN, text='', units='height', win=Window(...), wrapWidth=1)
13.0514 	EXP 	Created Begin_3 = TextStim(__class__=<class 'psychopy.visual.text.TextStim'>, alignHoriz=method-wrapper(...), alignText='center', alignVert=method-wrapper(...), anchorHoriz='center', anchorVert='center', antialias=True, autoLog=True, bold=False, color=array([-1., -1., -1.]), colorSpace='rgb', contrast=1.0, depth=-1.0, flipHoriz=False, flipVert=False, font='Arial', fontFiles=[], height=0.05, italic=False, languageStyle='LTR', name='Begin_3', opacity=1, ori=0, pos=array([0., 0.]), rgb=UNKNOWN, text='', units='height', win=Window(...), wrapWidth=1)
13.0547 	EXP 	Created Fixation_2 = TextStim(__class__=<class 'psychopy.visual.text.TextStim'>, alignHoriz=method-wrapper(...), alignText='center', alignVert=method-wrapper(...), anchorHoriz='center', anchorVert='center', antialias=True, autoLog=True, bold=False, color=array([-1., -1., -1.]), colorSpace='rgb', contrast=1.0, depth=-1.0, flipHoriz=False, flipVert=False, font='Arial', fontFiles=[], height=0.2, italic=False, languageStyle='LTR', name='Fixation_2', opacity=1, ori=0, pos=array([0., 0.]), rgb=UNKNOWN, text='+', units='height', win=Window(...), wrapWidth=1)
13.0675 	EXP 	Sound sound_digit1_2 set volume 1.000
13.0800 	EXP 	Sound sound_digit2_2 set volume 1.000
13.0922 	EXP 	Sound sound_digit3_2 set volume 1.000
13.0941 	EXP 	Created disp_answer_2 = TextStim(__class__=<class 'psychopy.visual.text.TextStim'>, alignHoriz=method-wrapper(...), alignText='center', alignVert=method-wrapper(...), anchorHoriz='center', anchorVert='center', antialias=True, autoLog=True, bold=False, color=array([-1., -1., -1.]), colorSpace='rgb', contrast=1.0, depth=-2.0, flipHoriz=False, flipVert=False, font='Arial', fontFiles=[], height=0.1, italic=False, languageStyle='LTR', name='disp_answer_2', opacity=1, ori=0, pos=array([0., 0.]), rgb=UNKNOWN, text='', units='height', win=Window(...), wrapWidth=1)
13.0980 	EXP 	Created Begin_4 = TextStim(__class__=<class 'psychopy.visual.text.TextStim'>, alignHoriz=method-wrapper(...), alignText='center', alignVert=method-wrapper(...), anchorHoriz='center', anchorVert='center', antialias=True, autoLog=True, bold=False, color=array([-1., -1., -1.]), colorSpace='rgb', contrast=1.0, depth=-1.0, flipHoriz=False, flipVert=False, font='Arial', fontFiles=[], height=0.05, italic=False, languageStyle='LTR', name='Begin_4', opacity=1, ori=0, pos=array([0., 0.]), rgb=UNKNOWN, text='', units='height', win=Window(...), wrapWidth=1)
13.3153 	EXP 	Instructions_Noise: autoDraw = True
14.0326 	DATA 	Keypress: return
14.0350 	EXP 	Sound  started
14.0476 	EXP 	Instructions_Noise: autoDraw = False
14.0476 	EXP 	Fixation_cross_Test: autoDraw = True
19.0491 	EXP 	Sound  stopped
19.0496 	EXP 	Created sequence: sequential, trialTypes=1, nReps=100, seed=None
19.0502 	EXP 	New trial (rep=0, index=0): None
19.0578 	EXP 	Fixation_cross_Test: autoDraw = False
19.0578 	EXP 	Fixation_cross_Test: autoDraw = False
19.0578 	EXP 	Instructions_clear_Digits: autoDraw = True
20.3156 	DATA 	Keypress: return
20.3248 	EXP 	Imported practice_trials.xlsx as conditions, 10 conditions, 4 params
20.3252 	EXP 	Created sequence: sequential, trialTypes=10, nReps=1, seed=None
20.3254 	EXP 	New trial (rep=0, index=0): {'TrialID': 0.0, 'NFB_digit1': 6.0, 'NFB_digit2': 2.0, 'NFB_digit3': 4.0}
20.3283 	EXP 	Sound Digit1_clear started
20.3333 	EXP 	Instructions_clear_Digits: autoDraw = False
20.8097 	EXP 	Sound Digit1_clear reached end of file
20.8097 	EXP 	Sound Digit2_clear started
21.2956 	EXP 	Sound Digit2_clear reached end of file
21.2957 	EXP 	Sound Digit3_clear started
21.7709 	EXP 	Sound Digit3_clear reached end of file
21.7736 	EXP 	Created sequence: sequential, trialTypes=1, nReps=3, seed=None
21.7738 	EXP 	New trial (rep=0, index=0): None
21.7948 	EXP 	disp_answer_3: autoDraw = True
22.1980 	DATA 	Keypress: return
22.2022 	EXP 	New trial (rep=1, index=0): None
22.2138 	EXP 	disp_answer_3: autoDraw = False
22.2138 	EXP 	disp_answer_3: autoDraw = True
22.3682 	DATA 	Keypress: return
22.3846 	EXP 	New trial (rep=2, index=0): None
22.3972 	EXP 	disp_answer_3: autoDraw = False
22.3972 	EXP 	disp_answer_3: autoDraw = True
22.5856 	DATA 	Keypress: return
22.6018 	EXP 	New trial (rep=0, index=1): {'TrialID': 1.0, 'NFB_digit1': 1.0, 'NFB_digit2': 9.0, 'NFB_digit3': 3.0}
22.6035 	EXP 	Sound Digit1_clear started
22.6135 	EXP 	disp_answer_3: autoDraw = False
23.0804 	EXP 	Sound Digit1_clear reached end of file
23.0845 	EXP 	Sound Digit2_clear started
23.5651 	EXP 	Sound Digit2_clear reached end of file
23.5652 	EXP 	Sound Digit3_clear started
24.0498 	EXP 	Sound Digit3_clear reached end of file
24.0522 	EXP 	Created sequence: sequential, trialTypes=1, nReps=3, seed=None
24.0524 	EXP 	New trial (rep=0, index=0): None
24.0635 	EXP 	disp_answer_3: autoDraw = True
24.2182 	DATA 	Keypress: return
24.2348 	EXP 	New trial (rep=1, index=0): None
24.2470 	EXP 	disp_answer_3: autoDraw = False
24.2470 	EXP 	disp_answer_3: autoDraw = True
24.3849 	DATA 	Keypress: return
24.4011 	EXP 	New trial (rep=2, index=0): None
24.4137 	EXP 	disp_answer_3: autoDraw = False
24.4137 	EXP 	disp_answer_3: autoDraw = True
24.5642 	DATA 	Keypress: return
24.5688 	EXP 	New trial (rep=0, index=2): {'TrialID': 2.0, 'NFB_digit1': 8.0, 'NFB_digit2': 0.0, 'NFB_digit3': 1.0}
24.5705 	EXP 	Sound Digit1_clear started
24.5802 	EXP 	disp_answer_3: autoDraw = False
25.0463 	EXP 	Sound Digit1_clear reached end of file
25.0504 	EXP 	Sound Digit2_clear started
25.5270 	EXP 	Sound Digit2_clear reached end of file
25.5271 	EXP 	Sound Digit3_clear started
26.0098 	EXP 	Sound Digit3_clear reached end of file
26.0126 	EXP 	Created sequence: sequential, trialTypes=1, nReps=3, seed=None
26.0128 	EXP 	New trial (rep=0, index=0): None
26.0192 	EXP 	disp_answer_3: autoDraw = True
26.2138 	DATA 	Keypress: return
26.2182 	EXP 	New trial (rep=1, index=0): None
26.2302 	EXP 	disp_answer_3: autoDraw = False
26.2302 	EXP 	disp_answer_3: autoDraw = True
26.3971 	DATA 	Keypress: return
26.4015 	EXP 	New trial (rep=2, index=0): None
26.4135 	EXP 	disp_answer_3: autoDraw = False
26.4135 	EXP 	disp_answer_3: autoDraw = True
26.5646 	DATA 	Keypress: return
26.5691 	EXP 	New trial (rep=0, index=3): {'TrialID': 3.0, 'NFB_digit1': 9.0, 'NFB_digit2': 6.0, 'NFB_digit3': 1.0}
26.5707 	EXP 	Sound Digit1_clear started
26.5798 	EXP 	disp_answer_3: autoDraw = False
27.0585 	EXP 	Sound Digit1_clear reached end of file
27.0586 	EXP 	Sound Digit2_clear started
27.5346 	EXP 	Sound Digit2_clear reached end of file
27.5347 	EXP 	Sound Digit3_clear started
28.0173 	EXP 	Sound Digit3_clear reached end of file
28.0197 	EXP 	Created sequence: sequential, trialTypes=1, nReps=3, seed=None
28.0198 	EXP 	New trial (rep=0, index=0): None
28.0201 	DATA 	Keypress: return
28.0225 	EXP 	New trial (rep=1, index=0): None
28.0300 	EXP 	disp_answer_3: autoDraw = True
28.0300 	EXP 	disp_answer_3: autoDraw = False
28.0300 	EXP 	disp_answer_3: autoDraw = True
28.2307 	DATA 	Keypress: return
28.2353 	EXP 	New trial (rep=2, index=0): None
28.2467 	EXP 	disp_answer_3: autoDraw = False
28.2467 	EXP 	disp_answer_3: autoDraw = True
28.4137 	DATA 	Keypress: return
28.4184 	EXP 	New trial (rep=0, index=4): {'TrialID': 4.0, 'NFB_digit1': 8.0, 'NFB_digit2': 1.0, 'NFB_digit3': 5.0}
28.4200 	EXP 	Sound Digit1_clear started
28.4297 	EXP 	disp_answer_3: autoDraw = False
28.6151 	DATA 	Keypress: return
28.8962 	EXP 	Sound Digit1_clear reached end of file
28.8962 	EXP 	Sound Digit2_clear started
29.3775 	EXP 	Sound Digit2_clear reached end of file
29.3776 	EXP 	Sound Digit3_clear started
29.8531 	EXP 	Sound Digit3_clear reached end of file
29.8555 	EXP 	Created sequence: sequential, trialTypes=1, nReps=3, seed=None
29.8557 	EXP 	New trial (rep=0, index=0): None
29.8583 	EXP 	New trial (rep=1, index=0): None
29.8659 	EXP 	disp_answer_3: autoDraw = True
29.8659 	EXP 	disp_answer_3: autoDraw = False
29.8659 	EXP 	disp_answer_3: autoDraw = True
30.0851 	DATA 	Keypress: return
30.1053 	EXP 	New trial (rep=2, index=0): None
30.1159 	EXP 	disp_answer_3: autoDraw = False
30.1159 	EXP 	disp_answer_3: autoDraw = True
30.2515 	DATA 	Keypress: return
30.2678 	EXP 	New trial (rep=0, index=5): {'TrialID': 5.0, 'NFB_digit1': 4.0, 'NFB_digit2': 1.0, 'NFB_digit3': 0.0}
30.2695 	EXP 	Sound Digit1_clear started
30.2796 	EXP 	disp_answer_3: autoDraw = False
30.4481 	DATA 	Keypress: return
30.7462 	EXP 	Sound Digit1_clear reached end of file
30.7463 	EXP 	Sound Digit2_clear started
31.2324 	EXP 	Sound Digit2_clear reached end of file
31.2325 	EXP 	Sound Digit3_clear started
31.7143 	EXP 	Sound Digit3_clear reached end of file
31.7166 	EXP 	Created sequence: sequential, trialTypes=1, nReps=3, seed=None
31.7168 	EXP 	New trial (rep=0, index=0): None
31.7195 	EXP 	New trial (rep=1, index=0): None
31.7297 	EXP 	disp_answer_3: autoDraw = True
31.7297 	EXP 	disp_answer_3: autoDraw = False
31.7297 	EXP 	disp_answer_3: autoDraw = True
31.8965 	DATA 	Keypress: return
31.9011 	EXP 	New trial (rep=2, index=0): None
31.9131 	EXP 	disp_answer_3: autoDraw = False
31.9131 	EXP 	disp_answer_3: autoDraw = True
32.0965 	DATA 	Keypress: return
32.1005 	EXP 	New trial (rep=0, index=6): {'TrialID': 6.0, 'NFB_digit1': 9.0, 'NFB_digit2': 2.0, 'NFB_digit3': 6.0}
32.1022 	EXP 	Sound Digit1_clear started
32.1127 	EXP 	disp_answer_3: autoDraw = False
32.2818 	DATA 	Keypress: return
32.5901 	EXP 	Sound Digit1_clear reached end of file
32.5901 	EXP 	Sound Digit2_clear started
33.0753 	EXP 	Sound Digit2_clear reached end of file
33.0753 	EXP 	Sound Digit3_clear started
33.5510 	EXP 	Sound Digit3_clear reached end of file
33.5534 	EXP 	Created sequence: sequential, trialTypes=1, nReps=3, seed=None
33.5536 	EXP 	New trial (rep=0, index=0): None
33.5562 	EXP 	New trial (rep=1, index=0): None
33.5629 	EXP 	disp_answer_3: autoDraw = True
33.5629 	EXP 	disp_answer_3: autoDraw = False
33.5629 	EXP 	disp_answer_3: autoDraw = True
33.8631 	DATA 	Keypress: return
33.8675 	EXP 	New trial (rep=2, index=0): None
33.8794 	EXP 	disp_answer_3: autoDraw = False
33.8794 	EXP 	disp_answer_3: autoDraw = True
34.0297 	DATA 	Keypress: return
34.0340 	EXP 	New trial (rep=0, index=7): {'TrialID': 7.0, 'NFB_digit1': 2.0, 'NFB_digit2': 3.0, 'NFB_digit3': 0.0}
34.0457 	EXP 	Sound Digit1_clear started
34.0504 	EXP 	disp_answer_3: autoDraw = False
34.2150 	DATA 	Keypress: return
34.5296 	EXP 	Sound Digit1_clear reached end of file
34.5333 	EXP 	Sound Digit2_clear started
35.0019 	EXP 	Sound Digit2_clear reached end of file
35.0019 	EXP 	Sound Digit3_clear started
35.4876 	EXP 	Sound Digit3_clear reached end of file
35.4899 	EXP 	Created sequence: sequential, trialTypes=1, nReps=3, seed=None
35.4901 	EXP 	New trial (rep=0, index=0): None
35.4930 	EXP 	New trial (rep=1, index=0): None
35.4999 	EXP 	disp_answer_3: autoDraw = True
35.4999 	EXP 	disp_answer_3: autoDraw = False
35.4999 	EXP 	disp_answer_3: autoDraw = True
35.8796 	DATA 	Keypress: return
35.8838 	EXP 	New trial (rep=2, index=0): None
35.8960 	EXP 	disp_answer_3: autoDraw = False
35.8960 	EXP 	disp_answer_3: autoDraw = True
36.0466 	DATA 	Keypress: return
36.0506 	EXP 	New trial (rep=0, index=8): {'TrialID': 8.0, 'NFB_digit1': 1.0, 'NFB_digit2': 9.0, 'NFB_digit3': 2.0}
36.0524 	EXP 	Sound Digit1_clear started
36.0625 	EXP 	disp_answer_3: autoDraw = False
36.5375 	EXP 	Sound Digit1_clear reached end of file
36.5376 	EXP 	Sound Digit2_clear started
37.0133 	EXP 	Sound Digit2_clear reached end of file
37.0133 	EXP 	Sound Digit3_clear started
37.4957 	EXP 	Sound Digit3_clear reached end of file
37.4965 	EXP 	Created sequence: sequential, trialTypes=1, nReps=3, seed=None
37.4966 	EXP 	New trial (rep=0, index=0): None
37.5030 	EXP 	disp_answer_3: autoDraw = True
37.9126 	DATA 	Keypress: return
37.9171 	EXP 	New trial (rep=1, index=0): None
37.9292 	EXP 	disp_answer_3: autoDraw = False
37.9292 	EXP 	disp_answer_3: autoDraw = True
38.0842 	DATA 	Keypress: return
38.1004 	EXP 	New trial (rep=2, index=0): None
38.1126 	EXP 	disp_answer_3: autoDraw = False
38.1126 	EXP 	disp_answer_3: autoDraw = True
38.7627 	DATA 	Keypress: return
38.7668 	EXP 	New trial (rep=0, index=9): {'TrialID': 9.0, 'NFB_digit1': 8.0, 'NFB_digit2': 1.0, 'NFB_digit3': 0.0}
38.7684 	EXP 	Sound Digit1_clear started
38.7788 	EXP 	disp_answer_3: autoDraw = False
39.2562 	EXP 	Sound Digit1_clear reached end of file
39.2563 	EXP 	Sound Digit2_clear started
39.7320 	EXP 	Sound Digit2_clear reached end of file
39.7320 	EXP 	Sound Digit3_clear started
40.2117 	EXP 	Sound Digit3_clear reached end of file
40.2125 	EXP 	Created sequence: sequential, trialTypes=1, nReps=3, seed=None
40.2126 	EXP 	New trial (rep=0, index=0): None
40.2190 	EXP 	disp_answer_3: autoDraw = True
40.6171 	DATA 	Keypress: return
40.6331 	EXP 	New trial (rep=1, index=0): None
40.6458 	EXP 	disp_answer_3: autoDraw = False
40.6458 	EXP 	disp_answer_3: autoDraw = True
40.7958 	DATA 	Keypress: return
40.8004 	EXP 	New trial (rep=2, index=0): None
40.8123 	EXP 	disp_answer_3: autoDraw = False
40.8123 	EXP 	disp_answer_3: autoDraw = True
40.9292 	DATA 	Keypress: return
40.9458 	EXP 	disp_answer_3: autoDraw = False
40.9458 	EXP 	text_4: autoDraw = True
50.9317 	EXP 	Created sequence: sequential, trialTypes=1, nReps=100, seed=None
50.9324 	EXP 	New trial (rep=0, index=0): None
50.9461 	EXP 	text_4: autoDraw = False
50.9461 	EXP 	text_4: autoDraw = False
50.9461 	EXP 	Instructions_begin: autoDraw = True
52.8793 	DATA 	Keypress: return
52.8814 	EXP 	Sound  started
52.8946 	EXP 	Instructions_begin: autoDraw = False
52.8946 	EXP 	Fixation_cross: autoDraw = True
57.8929 	EXP 	Sound  stopped
57.9003 	EXP 	Fixation_cross: autoDraw = False
57.9003 	EXP 	Fixation_cross: autoDraw = False
57.9003 	EXP 	text_5: autoDraw = True
67.9122 	EXP 	text_5: autoDraw = False
67.9122 	EXP 	Begin: autoDraw = True
69.8656 	DATA 	Keypress: return
69.8813 	EXP 	Created sequence: sequential, trialTypes=1, nReps=1, seed=None
69.8814 	EXP 	New trial (rep=0, index=0): None
69.8880 	EXP 	Imported Stimuli_exp_cond.xlsx as conditions, 12 conditions, 4 params
69.8884 	EXP 	Created sequence: sequential, trialTypes=12, nReps=1, seed=None
69.8886 	EXP 	New trial (rep=0, index=0): {'TrialID': 0.0, 'NFB_digit1': 2.0, 'NFB_digit2': 0.0, 'NFB_digit3': 4.0}
69.8992 	EXP 	Sound  started
69.9066 	EXP 	Begin: autoDraw = False
69.9066 	EXP 	Fixation: autoDraw = True
71.8887 	EXP 	Sound  stopped
71.8914 	EXP 	Sound  started
71.8963 	EXP 	Fixation: autoDraw = False
72.3768 	EXP 	Sound  reached end of file
72.3805 	EXP 	Sound  started
72.8600 	EXP 	Sound  reached end of file
72.8638 	EXP 	Sound  started
73.3497 	EXP 	Sound  reached end of file
73.3514 	EXP 	Sound  started
73.3525 	EXP 	Created sequence: sequential, trialTypes=1, nReps=3, seed=None
73.3526 	EXP 	New trial (rep=0, index=0): None
73.3527 	EXP 	Sound  started
73.3624 	EXP 	disp_answer: autoDraw = True
74.5100 	DATA 	Keypress: return
74.5146 	EXP 	New trial (rep=1, index=0): None
74.5146 	EXP 	Sound  started
74.5264 	EXP 	disp_answer: autoDraw = False
74.5264 	EXP 	disp_answer: autoDraw = True
74.9932 	DATA 	Keypress: return
74.9972 	EXP 	New trial (rep=2, index=0): None
74.9972 	EXP 	Sound  started
75.0097 	EXP 	disp_answer: autoDraw = False
75.0097 	EXP 	disp_answer: autoDraw = True
75.4148 	DATA 	Keypress: return
75.4322 	EXP 	Sound  started
75.4327 	EXP 	New trial (rep=0, index=1): {'TrialID': 1.0, 'NFB_digit1': 5.0, 'NFB_digit2': 1.0, 'NFB_digit3': 0.0}
75.4344 	EXP 	Sound  started
75.4429 	EXP 	disp_answer: autoDraw = False
75.4429 	EXP 	Begin_3: text = ' '
75.4429 	EXP 	Begin_3: autoDraw = False
75.4429 	EXP 	Fixation: autoDraw = True
77.4298 	EXP 	Sound  started
77.4426 	EXP 	Fixation: autoDraw = False
77.9151 	EXP 	Sound  reached end of file
77.9152 	EXP 	Sound  started
78.3918 	EXP 	Sound  reached end of file
78.3954 	EXP 	Sound  started
78.8728 	EXP 	Sound  reached end of file
78.8755 	EXP 	Created sequence: sequential, trialTypes=1, nReps=3, seed=None
78.8757 	EXP 	New trial (rep=0, index=0): None
78.8758 	EXP 	Sound  started
78.8820 	EXP 	disp_answer: autoDraw = True
81.8595 	DATA 	Keypress: return
81.8637 	EXP 	New trial (rep=1, index=0): None
81.8637 	EXP 	Sound  started
81.8759 	EXP 	disp_answer: autoDraw = False
81.8759 	EXP 	disp_answer: autoDraw = True
82.3261 	DATA 	Keypress: return
82.3306 	EXP 	New trial (rep=2, index=0): None
82.3307 	EXP 	Sound  started
82.3425 	EXP 	disp_answer: autoDraw = False
82.3425 	EXP 	disp_answer: autoDraw = True
82.7260 	DATA 	Keypress: return
82.7303 	EXP 	Sound  started
82.7306 	EXP 	New trial (rep=0, index=2): {'TrialID': 2.0, 'NFB_digit1': 5.0, 'NFB_digit2': 0.0, 'NFB_digit3': 4.0}
82.7421 	EXP 	Sound  started
82.7490 	EXP 	disp_answer: autoDraw = False
82.7490 	EXP 	Begin_3: text = ' '
82.7490 	EXP 	Begin_3: autoDraw = False
82.7490 	EXP 	Fixation: autoDraw = True
84.7289 	EXP 	Sound  started
84.7422 	EXP 	Fixation: autoDraw = False
85.2028 	EXP 	Sound  reached end of file
85.2029 	EXP 	Sound  started
85.6881 	EXP 	Sound  reached end of file
85.6881 	EXP 	Sound  started
86.1610 	EXP 	Sound  reached end of file
86.1630 	EXP 	Created sequence: sequential, trialTypes=1, nReps=3, seed=None
86.1632 	EXP 	New trial (rep=0, index=0): None
86.1633 	EXP 	Sound  started
86.1755 	EXP 	disp_answer: autoDraw = True
86.6933 	DATA 	Keypress: return
86.6983 	EXP 	New trial (rep=1, index=0): None
86.6983 	EXP 	Sound  started
86.7087 	EXP 	disp_answer: autoDraw = False
86.7087 	EXP 	disp_answer: autoDraw = True
86.9642 	DATA 	Keypress: return
86.9872 	EXP 	New trial (rep=2, index=0): None
86.9873 	EXP 	Sound  started
86.9999 	EXP 	disp_answer: autoDraw = False
86.9999 	EXP 	disp_answer: autoDraw = True
87.3257 	DATA 	Keypress: return
87.3302 	EXP 	Sound  started
87.3305 	EXP 	New trial (rep=0, index=3): {'TrialID': 3.0, 'NFB_digit1': 4.0, 'NFB_digit2': 5.0, 'NFB_digit3': 8.0}
87.3324 	EXP 	Sound  started
87.3419 	EXP 	disp_answer: autoDraw = False
87.3419 	EXP 	Begin_3: text = ' '
87.3419 	EXP 	Begin_3: autoDraw = False
87.3419 	EXP 	Fixation: autoDraw = True
89.3282 	EXP 	Sound  started
89.3417 	EXP 	Fixation: autoDraw = False
89.8007 	EXP 	Sound  reached end of file
89.8007 	EXP 	Sound  started
90.2863 	EXP 	Sound  reached end of file
90.2863 	EXP 	Sound  started
90.7691 	EXP 	Sound  reached end of file
90.7715 	EXP 	Created sequence: sequential, trialTypes=1, nReps=3, seed=None
90.7717 	EXP 	New trial (rep=0, index=0): None
90.7719 	EXP 	Sound  started
90.7796 	EXP 	disp_answer: autoDraw = True
91.4304 	DATA 	Keypress: return
91.4468 	EXP 	New trial (rep=1, index=0): None
91.4468 	EXP 	Sound  started
91.4585 	EXP 	disp_answer: autoDraw = False
91.4585 	EXP 	disp_answer: autoDraw = True
91.6750 	DATA 	Keypress: return
91.6789 	EXP 	New trial (rep=2, index=0): None
91.6790 	EXP 	Sound  started
91.6917 	EXP 	disp_answer: autoDraw = False
91.6917 	EXP 	disp_answer: autoDraw = True
91.9136 	DATA 	Keypress: return
91.9289 	EXP 	Sound  started
91.9292 	EXP 	New trial (rep=0, index=4): {'TrialID': 4.0, 'NFB_digit1': 1.0, 'NFB_digit2': 3.0, 'NFB_digit3': 4.0}
91.9310 	EXP 	Sound  started
91.9415 	EXP 	disp_answer: autoDraw = False
91.9415 	EXP 	Begin_3: text = ' '
91.9415 	EXP 	Begin_3: autoDraw = False
91.9415 	EXP 	Fixation: autoDraw = True
92.1948 	DATA 	Keypress: return
93.9407 	EXP 	Sound  stopped
93.9424 	EXP 	Sound  started
93.9477 	EXP 	Fixation: autoDraw = False
94.4108 	EXP 	Sound  reached end of file
94.4108 	EXP 	Sound  started
94.8946 	EXP 	Sound  reached end of file
94.8946 	EXP 	Sound  started
95.3803 	EXP 	Sound  reached end of file
95.3819 	EXP 	Sound  started
95.3827 	EXP 	Created sequence: sequential, trialTypes=1, nReps=3, seed=None
95.3829 	EXP 	New trial (rep=0, index=0): None
95.3829 	EXP 	Sound  started
95.3855 	EXP 	New trial (rep=1, index=0): None
95.3855 	EXP 	Sound  started
95.3918 	EXP 	disp_answer: autoDraw = True
95.3918 	EXP 	disp_answer: autoDraw = False
95.3918 	EXP 	disp_answer: autoDraw = True
96.0749 	DATA 	Keypress: return
96.0794 	EXP 	New trial (rep=2, index=0): None
96.0795 	EXP 	Sound  started
96.0913 	EXP 	disp_answer: autoDraw = False
96.0913 	EXP 	disp_answer: autoDraw = True
96.3084 	DATA 	Keypress: return
96.3125 	EXP 	Sound  started
96.3128 	EXP 	New trial (rep=0, index=5): {'TrialID': 5.0, 'NFB_digit1': 9.0, 'NFB_digit2': 5.0, 'NFB_digit3': 0.0}
96.3153 	EXP 	Sound  started
96.3246 	EXP 	disp_answer: autoDraw = False
96.3246 	EXP 	Begin_3: text = ' '
96.3246 	EXP 	Begin_3: autoDraw = False
96.3246 	EXP 	Fixation: autoDraw = True
96.5113 	DATA 	Keypress: return
98.3198 	EXP 	Sound  stopped
98.3214 	EXP 	Sound  started
98.3264 	EXP 	Fixation: autoDraw = False
98.7980 	EXP 	Sound  reached end of file
98.7980 	EXP 	Sound  started
99.2713 	EXP 	Sound  reached end of file
99.2714 	EXP 	Sound  started
99.7577 	EXP 	Sound  reached end of file
99.7578 	EXP 	Sound  started
99.7585 	EXP 	Created sequence: sequential, trialTypes=1, nReps=3, seed=None
99.7587 	EXP 	New trial (rep=0, index=0): None
99.7588 	EXP 	Sound  started
99.7608 	EXP 	New trial (rep=1, index=0): None
99.7609 	EXP 	Sound  started
99.7670 	EXP 	disp_answer: autoDraw = True
99.7670 	EXP 	disp_answer: autoDraw = False
99.7670 	EXP 	disp_answer: autoDraw = True
100.3248 	DATA 	Keypress: return
100.3295 	EXP 	New trial (rep=2, index=0): None
100.3296 	EXP 	Sound  started
100.3411 	EXP 	disp_answer: autoDraw = False
100.3411 	EXP 	disp_answer: autoDraw = True
100.5423 	DATA 	Keypress: return
100.5623 	EXP 	Sound  stopped
100.6214 	EXP 	disp_answer: autoDraw = False
100.6214 	EXP 	Begin_3: text = 'Du hast den ersten Block geschafft, Glückwunsch! Du kannst Dich kurz entspannen, wenn nötig.\n            \n            Sobald Du bereit bist, um den nächsten Block zu starten, kannst Du auf "Enter" drücken.\n            \n            Weiterhin gilt: Solange das Fixationskreuz sichtbar ist, bewege Dich bitte nicht.'
100.6214 	EXP 	Begin_3: autoDraw = True
100.7424 	DATA 	Keypress: return
100.7440 	EXP 	Sound  started
100.7445 	EXP 	New trial (rep=0, index=6): {'TrialID': 6.0, 'NFB_digit1': 6.0, 'NFB_digit2': 4.0, 'NFB_digit3': 2.0}
100.7464 	EXP 	Sound  started
100.7574 	EXP 	Begin_3: autoDraw = False
100.7574 	EXP 	Fixation: autoDraw = True
101.8274 	DATA 	Keypress: return
102.0102 	DATA 	Keypress: return
102.7445 	EXP 	Sound  started
102.7573 	EXP 	Fixation: autoDraw = False
103.2232 	EXP 	Sound  reached end of file
103.2272 	EXP 	Sound  started
103.7089 	EXP 	Sound  reached end of file
103.7090 	EXP 	Sound  started
104.1821 	EXP 	Sound  reached end of file
104.1845 	EXP 	Created sequence: sequential, trialTypes=1, nReps=3, seed=None
104.1847 	EXP 	New trial (rep=0, index=0): None
104.1848 	EXP 	Sound  started
104.1876 	EXP 	New trial (rep=1, index=0): None
104.1876 	EXP 	Sound  started
104.1949 	EXP 	disp_answer: autoDraw = True
104.1949 	EXP 	disp_answer: autoDraw = False
104.1949 	EXP 	disp_answer: autoDraw = True
104.4294 	DATA 	Keypress: return
104.4447 	EXP 	New trial (rep=2, index=0): None
104.4448 	EXP 	Sound  started
104.4575 	EXP 	disp_answer: autoDraw = False
104.4575 	EXP 	disp_answer: autoDraw = True
104.6242 	DATA 	Keypress: return
104.6296 	EXP 	Sound  started
104.6299 	EXP 	New trial (rep=0, index=7): {'TrialID': 7.0, 'NFB_digit1': 3.0, 'NFB_digit2': 5.0, 'NFB_digit3': 0.0}
104.6318 	EXP 	Sound  started
104.6406 	EXP 	disp_answer: autoDraw = False
104.6406 	EXP 	Begin_3: text = ' '
104.6406 	EXP 	Begin_3: autoDraw = False
104.6406 	EXP 	Fixation: autoDraw = True
104.8273 	DATA 	Keypress: return
106.6273 	EXP 	Sound  started
106.6403 	EXP 	Fixation: autoDraw = False
107.1070 	EXP 	Sound  reached end of file
107.1070 	EXP 	Sound  started
107.5953 	EXP 	Sound  reached end of file
107.5953 	EXP 	Sound  started
108.0704 	EXP 	Sound  reached end of file
108.0728 	EXP 	Created sequence: sequential, trialTypes=1, nReps=3, seed=None
108.0730 	EXP 	New trial (rep=0, index=0): None
108.0730 	EXP 	Sound  started
108.0756 	EXP 	New trial (rep=1, index=0): None
108.0757 	EXP 	Sound  started
108.0818 	EXP 	disp_answer: autoDraw = True
108.0818 	EXP 	disp_answer: autoDraw = False
108.0818 	EXP 	disp_answer: autoDraw = True
108.4074 	DATA 	Keypress: return
108.4112 	EXP 	New trial (rep=2, index=0): None
108.4113 	EXP 	Sound  started
108.4238 	EXP 	disp_answer: autoDraw = False
108.4238 	EXP 	disp_answer: autoDraw = True
108.5785 	DATA 	Keypress: return
108.5946 	EXP 	Sound  started
108.5949 	EXP 	New trial (rep=0, index=8): {'TrialID': 8.0, 'NFB_digit1': 4.0, 'NFB_digit2': 8.0, 'NFB_digit3': 6.0}
108.5968 	EXP 	Sound  started
108.6068 	EXP 	disp_answer: autoDraw = False
108.6068 	EXP 	Begin_3: text = ' '
108.6068 	EXP 	Begin_3: autoDraw = False
108.6068 	EXP 	Fixation: autoDraw = True
108.7932 	DATA 	Keypress: return
109.0601 	DATA 	Keypress: return
110.4598 	DATA 	Keypress: return
110.5937 	EXP 	Sound  started
110.6067 	EXP 	Fixation: autoDraw = False
111.0650 	EXP 	Sound  reached end of file
111.0650 	EXP 	Sound  started
111.5492 	EXP 	Sound  reached end of file
111.5493 	EXP 	Sound  started
112.0226 	EXP 	Sound  reached end of file
112.0234 	EXP 	Created sequence: sequential, trialTypes=1, nReps=3, seed=None
112.0236 	EXP 	New trial (rep=0, index=0): None
112.0237 	EXP 	Sound  started
112.0257 	EXP 	New trial (rep=1, index=0): None
112.0258 	EXP 	Sound  started
112.0320 	EXP 	disp_answer: autoDraw = True
112.0320 	EXP 	disp_answer: autoDraw = False
112.0320 	EXP 	disp_answer: autoDraw = True
112.7905 	DATA 	Keypress: return
112.7951 	EXP 	New trial (rep=2, index=0): None
112.7951 	EXP 	Sound  started
112.8068 	EXP 	disp_answer: autoDraw = False
112.8068 	EXP 	disp_answer: autoDraw = True
112.9903 	DATA 	Keypress: return
112.9945 	EXP 	Sound  started
112.9948 	EXP 	New trial (rep=0, index=9): {'TrialID': 9.0, 'NFB_digit1': 8.0, 'NFB_digit2': 0.0, 'NFB_digit3': 6.0}
112.9966 	EXP 	Sound  started
113.0068 	EXP 	disp_answer: autoDraw = False
113.0068 	EXP 	Begin_3: text = ' '
113.0068 	EXP 	Begin_3: autoDraw = False
113.0068 	EXP 	Fixation: autoDraw = True
113.1760 	DATA 	Keypress: return
113.3433 	DATA 	Keypress: return
115.0117 	EXP 	Sound  stopped
115.0133 	EXP 	Sound  started
115.0182 	EXP 	Fixation: autoDraw = False
115.4819 	EXP 	Sound  reached end of file
115.4820 	EXP 	Sound  started
115.9651 	EXP 	Sound  reached end of file
115.9651 	EXP 	Sound  started
116.4489 	EXP 	Sound  reached end of file
116.4506 	EXP 	Sound  started
116.4513 	EXP 	Created sequence: sequential, trialTypes=1, nReps=3, seed=None
116.4514 	EXP 	New trial (rep=0, index=0): None
116.4515 	EXP 	Sound  started
116.4542 	EXP 	New trial (rep=1, index=0): None
116.4543 	EXP 	Sound  started
116.4614 	EXP 	disp_answer: autoDraw = True
116.4614 	EXP 	disp_answer: autoDraw = False
116.4614 	EXP 	disp_answer: autoDraw = True
116.9781 	DATA 	Keypress: return
116.9984 	EXP 	New trial (rep=2, index=0): None
116.9985 	EXP 	Sound  started
117.0091 	EXP 	disp_answer: autoDraw = False
117.0091 	EXP 	disp_answer: autoDraw = True
117.1793 	DATA 	Keypress: return
117.1938 	EXP 	Sound  started
117.1941 	EXP 	New trial (rep=0, index=10): {'TrialID': 10.0, 'NFB_digit1': 4.0, 'NFB_digit2': 2.0, 'NFB_digit3': 0.0}
117.2055 	EXP 	Sound  started
117.2126 	EXP 	disp_answer: autoDraw = False
117.2126 	EXP 	Begin_3: text = ' '
117.2126 	EXP 	Begin_3: autoDraw = False
117.2126 	EXP 	Fixation: autoDraw = True
117.3927 	DATA 	Keypress: return
117.6095 	DATA 	Keypress: return
119.2080 	EXP 	Sound  stopped
119.2095 	EXP 	Sound  started
119.2145 	EXP 	Fixation: autoDraw = False
119.6818 	EXP 	Sound  reached end of file
119.6819 	EXP 	Sound  started
120.1690 	EXP 	Sound  reached end of file
120.1691 	EXP 	Sound  started
120.6412 	EXP 	Sound  reached end of file
120.6429 	EXP 	Sound  started
120.6437 	EXP 	Created sequence: sequential, trialTypes=1, nReps=3, seed=None
120.6439 	EXP 	New trial (rep=0, index=0): None
120.6440 	EXP 	Sound  started
120.6465 	EXP 	New trial (rep=1, index=0): None
120.6466 	EXP 	Sound  started
120.6561 	EXP 	disp_answer: autoDraw = True
120.6561 	EXP 	disp_answer: autoDraw = False
120.6561 	EXP 	disp_answer: autoDraw = True
121.0065 	DATA 	Keypress: return
121.0106 	EXP 	New trial (rep=2, index=0): None
121.0107 	EXP 	Sound  started
121.0226 	EXP 	disp_answer: autoDraw = False
121.0226 	EXP 	disp_answer: autoDraw = True
121.1897 	DATA 	Keypress: return
121.1940 	EXP 	Sound  started
121.1943 	EXP 	New trial (rep=0, index=11): {'TrialID': 11.0, 'NFB_digit1': 4.0, 'NFB_digit2': 0.0, 'NFB_digit3': 9.0}
121.1962 	EXP 	Sound  started
121.2060 	EXP 	disp_answer: autoDraw = False
121.2060 	EXP 	Begin_3: text = ' '
121.2060 	EXP 	Begin_3: autoDraw = False
121.2060 	EXP 	Fixation: autoDraw = True
121.3925 	DATA 	Keypress: return
123.2011 	EXP 	Sound  stopped
123.2029 	EXP 	Sound  started
123.2076 	EXP 	Fixation: autoDraw = False
123.6801 	EXP 	Sound  reached end of file
123.6802 	EXP 	Sound  started
124.1673 	EXP 	Sound  reached end of file
124.1674 	EXP 	Sound  started
124.6440 	EXP 	Sound  reached end of file
124.6457 	EXP 	Sound  started
124.6465 	EXP 	Created sequence: sequential, trialTypes=1, nReps=3, seed=None
124.6466 	EXP 	New trial (rep=0, index=0): None
124.6467 	EXP 	Sound  started
124.6493 	EXP 	New trial (rep=1, index=0): None
124.6494 	EXP 	Sound  started
124.6561 	EXP 	disp_answer: autoDraw = True
124.6561 	EXP 	disp_answer: autoDraw = False
124.6561 	EXP 	disp_answer: autoDraw = True
125.0894 	DATA 	Keypress: return
125.0934 	EXP 	New trial (rep=2, index=0): None
125.0935 	EXP 	Sound  started
125.1058 	EXP 	disp_answer: autoDraw = False
125.1058 	EXP 	disp_answer: autoDraw = True
125.3394 	DATA 	Keypress: return
125.3556 	EXP 	Sound  stopped
125.3818 	EXP 	disp_answer: autoDraw = False
125.3818 	EXP 	Begin_3: text = 'Du hast den zweiten Block geschafft, Glückwunsch!\n            \n            Nun gibt es eine kleine Pause. Der/die VersuchsleiterIn wird in Kürze in den Raum kommen.'
125.3818 	EXP 	Begin_3: autoDraw = True
125.5400 	DATA 	Keypress: return
125.5419 	EXP 	Sound  started
125.5426 	EXP 	Created sequence: sequential, trialTypes=1, nReps=1, seed=None
125.5428 	EXP 	New trial (rep=0, index=0): None
125.5493 	EXP 	Imported Stimuli_ctrl_cond.xlsx as conditions, 12 conditions, 4 params
125.5497 	EXP 	Created sequence: sequential, trialTypes=12, nReps=1, seed=None
125.5500 	EXP 	New trial (rep=0, index=0): {'TrialID': 0.0, 'NFB_digit1': 0.0, 'NFB_digit2': 5.0, 'NFB_digit3': 3.0}
125.5520 	EXP 	Sound  started
125.5603 	EXP 	Begin_3: autoDraw = False
125.5603 	EXP 	Fixation_2: autoDraw = True
126.4586 	DATA 	Keypress: return
127.5706 	EXP 	Sound  stopped
127.5726 	EXP 	Sound  started
127.5781 	EXP 	Fixation_2: autoDraw = False
128.0505 	EXP 	Sound  reached end of file
128.0506 	EXP 	Sound  started
128.5362 	EXP 	Sound  reached end of file
128.5363 	EXP 	Sound  started
129.0200 	EXP 	Sound  reached end of file
129.0228 	EXP 	Created sequence: sequential, trialTypes=1, nReps=3, seed=None
129.0230 	EXP 	New trial (rep=0, index=0): None
129.0230 	EXP 	Sound  started
129.0293 	EXP 	New trial (rep=1, index=0): None
129.0294 	EXP 	Sound  started
129.0372 	EXP 	disp_answer_2: autoDraw = True
129.0372 	EXP 	disp_answer_2: autoDraw = False
129.0372 	EXP 	disp_answer_2: autoDraw = True
129.5109 	DATA 	Keypress: return
129.5293 	EXP 	New trial (rep=2, index=0): None
129.5294 	EXP 	Sound  started
129.5394 	EXP 	disp_answer_2: autoDraw = False
129.5394 	EXP 	disp_answer_2: autoDraw = True
129.7056 	DATA 	Keypress: return
129.7110 	EXP 	Sound  started
129.7115 	EXP 	New trial (rep=0, index=1): {'TrialID': 1.0, 'NFB_digit1': 1.0, 'NFB_digit2': 6.0, 'NFB_digit3': 8.0}
129.7133 	EXP 	Sound  started
129.7217 	EXP 	disp_answer_2: autoDraw = False
129.7217 	EXP 	Begin_4: text = ' '
129.7217 	EXP 	Begin_4: autoDraw = False
129.7217 	EXP 	Fixation_2: autoDraw = True
129.9079 	DATA 	Keypress: return
131.7257 	EXP 	Sound  started
131.7384 	EXP 	Fixation_2: autoDraw = False
132.2016 	EXP 	Sound  reached end of file
132.2017 	EXP 	Sound  started
132.6864 	EXP 	Sound  reached end of file
132.6864 	EXP 	Sound  started
133.1691 	EXP 	Sound  reached end of file
133.1715 	EXP 	Created sequence: sequential, trialTypes=1, nReps=3, seed=None
133.1717 	EXP 	New trial (rep=0, index=0): None
133.1718 	EXP 	Sound  started
133.1743 	EXP 	New trial (rep=1, index=0): None
133.1744 	EXP 	Sound  started
133.1805 	EXP 	disp_answer_2: autoDraw = True
133.1805 	EXP 	disp_answer_2: autoDraw = False
133.1805 	EXP 	disp_answer_2: autoDraw = True
133.5884 	DATA 	Keypress: return
133.5927 	EXP 	New trial (rep=2, index=0): None
133.5928 	EXP 	Sound  started
133.6052 	EXP 	disp_answer_2: autoDraw = False
133.6052 	EXP 	disp_answer_2: autoDraw = True
133.7720 	DATA 	Keypress: return
133.7758 	EXP 	Sound  started
133.7762 	EXP 	New trial (rep=0, index=2): {'TrialID': 2.0, 'NFB_digit1': 1.0, 'NFB_digit2': 4.0, 'NFB_digit3': 2.0}
133.7780 	EXP 	Sound  started
133.7883 	EXP 	disp_answer_2: autoDraw = False
133.7883 	EXP 	Begin_4: text = ' '
133.7883 	EXP 	Begin_4: autoDraw = False
133.7883 	EXP 	Fixation_2: autoDraw = True
133.9413 	DATA 	Keypress: return
135.7917 	EXP 	Sound  started
135.8047 	EXP 	Fixation_2: autoDraw = False
136.2771 	EXP 	Sound  reached end of file
136.2771 	EXP 	Sound  started
136.7504 	EXP 	Sound  reached end of file
136.7505 	EXP 	Sound  started
137.2371 	EXP 	Sound  reached end of file
137.2379 	EXP 	Created sequence: sequential, trialTypes=1, nReps=3, seed=None
137.2380 	EXP 	New trial (rep=0, index=0): None
137.2381 	EXP 	Sound  started
137.2403 	EXP 	New trial (rep=1, index=0): None
137.2404 	EXP 	Sound  started
137.2464 	EXP 	disp_answer_2: autoDraw = True
137.2464 	EXP 	disp_answer_2: autoDraw = False
137.2464 	EXP 	disp_answer_2: autoDraw = True
137.5052 	DATA 	Keypress: return
137.5096 	EXP 	New trial (rep=2, index=0): None
137.5097 	EXP 	Sound  started
137.5215 	EXP 	disp_answer_2: autoDraw = False
137.5215 	EXP 	disp_answer_2: autoDraw = True
137.7050 	DATA 	Keypress: return
137.7095 	EXP 	Sound  started
137.7099 	EXP 	New trial (rep=0, index=3): {'TrialID': 3.0, 'NFB_digit1': 2.0, 'NFB_digit2': 1.0, 'NFB_digit3': 3.0}
137.7116 	EXP 	Sound  started
137.7213 	EXP 	disp_answer_2: autoDraw = False
137.7213 	EXP 	Begin_4: text = ' '
137.7213 	EXP 	Begin_4: autoDraw = False
137.7213 	EXP 	Fixation_2: autoDraw = True
137.9077 	DATA 	Keypress: return
139.7247 	EXP 	Sound  started
139.7377 	EXP 	Fixation_2: autoDraw = False
140.1951 	EXP 	Sound  reached end of file
140.1952 	EXP 	Sound  started
140.6799 	EXP 	Sound  reached end of file
140.6800 	EXP 	Sound  started
141.1561 	EXP 	Sound  reached end of file
141.1584 	EXP 	Created sequence: sequential, trialTypes=1, nReps=3, seed=None
141.1586 	EXP 	New trial (rep=0, index=0): None
141.1587 	EXP 	Sound  started
141.1613 	EXP 	New trial (rep=1, index=0): None
141.1614 	EXP 	Sound  started
141.1712 	EXP 	disp_answer_2: autoDraw = True
141.1712 	EXP 	disp_answer_2: autoDraw = False
141.1712 	EXP 	disp_answer_2: autoDraw = True
141.6598 	DATA 	Keypress: return
141.6791 	EXP 	New trial (rep=2, index=0): None
141.6792 	EXP 	Sound  started
141.6899 	EXP 	disp_answer_2: autoDraw = False
141.6899 	EXP 	disp_answer_2: autoDraw = True
141.8429 	DATA 	Keypress: return
141.8592 	EXP 	Sound  started
141.8595 	EXP 	New trial (rep=0, index=4): {'TrialID': 4.0, 'NFB_digit1': 1.0, 'NFB_digit2': 3.0, 'NFB_digit3': 5.0}
141.8615 	EXP 	Sound  started
141.8710 	EXP 	disp_answer_2: autoDraw = False
141.8710 	EXP 	Begin_4: text = ' '
141.8710 	EXP 	Begin_4: autoDraw = False
141.8710 	EXP 	Fixation_2: autoDraw = True
142.0237 	DATA 	Keypress: return
143.8848 	EXP 	Sound  stopped
143.8874 	EXP 	Sound  started
143.8922 	EXP 	Fixation_2: autoDraw = False
144.3768 	EXP 	Sound  reached end of file
144.3768 	EXP 	Sound  started
144.8526 	EXP 	Sound  reached end of file
144.8526 	EXP 	Sound  started
145.3381 	EXP 	Sound  reached end of file
145.3388 	EXP 	Created sequence: sequential, trialTypes=1, nReps=3, seed=None
145.3390 	EXP 	New trial (rep=0, index=0): None
145.3391 	EXP 	Sound  started
145.3412 	EXP 	New trial (rep=1, index=0): None
145.3413 	EXP 	Sound  started
145.3474 	EXP 	disp_answer_2: autoDraw = True
145.3474 	EXP 	disp_answer_2: autoDraw = False
145.3474 	EXP 	disp_answer_2: autoDraw = True
145.8044 	DATA 	Keypress: return
145.8091 	EXP 	New trial (rep=2, index=0): None
145.8092 	EXP 	Sound  started
145.8209 	EXP 	disp_answer_2: autoDraw = False
145.8209 	EXP 	disp_answer_2: autoDraw = True
146.0211 	DATA 	Keypress: return
146.0254 	EXP 	Sound  started
146.0257 	EXP 	New trial (rep=0, index=5): {'TrialID': 5.0, 'NFB_digit1': 6.0, 'NFB_digit2': 2.0, 'NFB_digit3': 5.0}
146.0370 	EXP 	Sound  started
146.0433 	EXP 	disp_answer_2: autoDraw = False
146.0433 	EXP 	Begin_4: text = ' '
146.0433 	EXP 	Begin_4: autoDraw = False
146.0433 	EXP 	Fixation_2: autoDraw = True
146.1732 	DATA 	Keypress: return
148.0530 	EXP 	Sound  stopped
148.0562 	EXP 	Sound  started
148.0616 	EXP 	Fixation_2: autoDraw = False
148.5361 	EXP 	Sound  reached end of file
148.5401 	EXP 	Sound  started
149.0188 	EXP 	Sound  reached end of file
149.0189 	EXP 	Sound  started
149.4921 	EXP 	Sound  reached end of file
149.4945 	EXP 	Created sequence: sequential, trialTypes=1, nReps=3, seed=None
149.4946 	EXP 	New trial (rep=0, index=0): None
149.4947 	EXP 	Sound  started
149.4973 	EXP 	New trial (rep=1, index=0): None
149.4973 	EXP 	Sound  started
149.5040 	EXP 	disp_answer_2: autoDraw = True
149.5040 	EXP 	disp_answer_2: autoDraw = False
149.5040 	EXP 	disp_answer_2: autoDraw = True
149.7756 	DATA 	Keypress: return
149.7920 	EXP 	New trial (rep=2, index=0): None
149.7921 	EXP 	Sound  started
149.8038 	EXP 	disp_answer_2: autoDraw = False
149.8038 	EXP 	disp_answer_2: autoDraw = True
149.9875 	DATA 	Keypress: return
150.0053 	EXP 	Sound  stopped
150.0362 	EXP 	disp_answer_2: autoDraw = False
150.0362 	EXP 	Begin_4: text = 'Du hast den dritten Block geschafft, Glückwunsch! \n            \n            Sobald Du bereit bist, um den nächsten Block zu starten, kannst Du auf "Enter" drücken.\n            \n            Weiterhin gilt: Während das Fixationskreuz sichtbar ist, bewege Dich bitte nicht.'
150.0362 	EXP 	Begin_4: autoDraw = True
150.1718 	DATA 	Keypress: return
150.1739 	EXP 	Sound  started
150.1743 	EXP 	New trial (rep=0, index=6): {'TrialID': 6.0, 'NFB_digit1': 4.0, 'NFB_digit2': 8.0, 'NFB_digit3': 3.0}
150.1762 	EXP 	Sound  started
150.1870 	EXP 	Begin_4: autoDraw = False
150.1870 	EXP 	Fixation_2: autoDraw = True
152.1899 	EXP 	Sound  started
152.2035 	EXP 	Fixation_2: autoDraw = False
152.6741 	EXP 	Sound  reached end of file
152.6742 	EXP 	Sound  started
153.1533 	EXP 	Sound  reached end of file
153.1533 	EXP 	Sound  started
153.6352 	EXP 	Sound  reached end of file
153.6375 	EXP 	Created sequence: sequential, trialTypes=1, nReps=3, seed=None
153.6377 	EXP 	New trial (rep=0, index=0): None
153.6378 	EXP 	Sound  started
153.6444 	EXP 	disp_answer_2: autoDraw = True
153.7542 	DATA 	Keypress: return
153.7593 	EXP 	New trial (rep=1, index=0): None
153.7594 	EXP 	Sound  started
153.7703 	EXP 	disp_answer_2: autoDraw = False
153.7703 	EXP 	disp_answer_2: autoDraw = True
153.9372 	DATA 	Keypress: return
153.9415 	EXP 	New trial (rep=2, index=0): None
153.9416 	EXP 	Sound  started
153.9533 	EXP 	disp_answer_2: autoDraw = False
153.9533 	EXP 	disp_answer_2: autoDraw = True
154.1747 	DATA 	Keypress: return
154.1922 	EXP 	Sound  started
154.1925 	EXP 	New trial (rep=0, index=7): {'TrialID': 7.0, 'NFB_digit1': 6.0, 'NFB_digit2': 8.0, 'NFB_digit3': 4.0}
154.1943 	EXP 	Sound  started
154.2034 	EXP 	disp_answer_2: autoDraw = False
154.2034 	EXP 	Begin_4: text = ' '
154.2034 	EXP 	Begin_4: autoDraw = False
154.2034 	EXP 	Fixation_2: autoDraw = True
156.2067 	EXP 	Sound  started
156.2198 	EXP 	Fixation_2: autoDraw = False
156.6857 	EXP 	Sound  reached end of file
156.6900 	EXP 	Sound  started
157.1634 	EXP 	Sound  reached end of file
157.1634 	EXP 	Sound  started
157.6406 	EXP 	Sound  reached end of file
157.6430 	EXP 	Created sequence: sequential, trialTypes=1, nReps=3, seed=None
157.6432 	EXP 	New trial (rep=0, index=0): None
157.6432 	EXP 	Sound  started
157.6533 	EXP 	disp_answer_2: autoDraw = True
157.8420 	DATA 	Keypress: return
157.8645 	EXP 	New trial (rep=1, index=0): None
157.8646 	EXP 	Sound  started
157.8756 	EXP 	disp_answer_2: autoDraw = False
157.8756 	EXP 	disp_answer_2: autoDraw = True
158.0368 	DATA 	Keypress: return
158.0411 	EXP 	New trial (rep=2, index=0): None
158.0412 	EXP 	Sound  started
158.0531 	EXP 	disp_answer_2: autoDraw = False
158.0531 	EXP 	disp_answer_2: autoDraw = True
158.2369 	DATA 	Keypress: return
158.2411 	EXP 	Sound  started
158.2414 	EXP 	New trial (rep=0, index=8): {'TrialID': 8.0, 'NFB_digit1': 9.0, 'NFB_digit2': 3.0, 'NFB_digit3': 6.0}
158.2432 	EXP 	Sound  started
158.2531 	EXP 	disp_answer_2: autoDraw = False
158.2531 	EXP 	Begin_4: text = ' '
158.2531 	EXP 	Begin_4: autoDraw = False
158.2531 	EXP 	Fixation_2: autoDraw = True
160.2562 	EXP 	Sound  started
160.2695 	EXP 	Fixation_2: autoDraw = False
160.7318 	EXP 	Sound  reached end of file
160.7318 	EXP 	Sound  started
161.2137 	EXP 	Sound  reached end of file
161.2138 	EXP 	Sound  started
161.6975 	EXP 	Sound  reached end of file
161.7002 	EXP 	Created sequence: sequential, trialTypes=1, nReps=3, seed=None
161.7004 	EXP 	New trial (rep=0, index=0): None
161.7005 	EXP 	Sound  started
161.7069 	EXP 	disp_answer_2: autoDraw = True
161.7912 	DATA 	Keypress: return
161.8136 	EXP 	New trial (rep=1, index=0): None
161.8137 	EXP 	Sound  started
161.8240 	EXP 	disp_answer_2: autoDraw = False
161.8240 	EXP 	disp_answer_2: autoDraw = True
161.9864 	DATA 	Keypress: return
161.9908 	EXP 	New trial (rep=2, index=0): None
161.9909 	EXP 	Sound  started
162.0029 	EXP 	disp_answer_2: autoDraw = False
162.0029 	EXP 	disp_answer_2: autoDraw = True
162.2031 	DATA 	Keypress: return
162.2072 	EXP 	Sound  started
162.2075 	EXP 	New trial (rep=0, index=9): {'TrialID': 9.0, 'NFB_digit1': 6.0, 'NFB_digit2': 9.0, 'NFB_digit3': 4.0}
162.2187 	EXP 	Sound  started
162.2254 	EXP 	disp_answer_2: autoDraw = False
162.2254 	EXP 	Begin_4: text = ' '
162.2254 	EXP 	Begin_4: autoDraw = False
162.2254 	EXP 	Fixation_2: autoDraw = True
164.2371 	EXP 	Sound  stopped
164.2386 	EXP 	Sound  started
164.2437 	EXP 	Fixation_2: autoDraw = False
164.7159 	EXP 	Sound  reached end of file
164.7160 	EXP 	Sound  started
165.1910 	EXP 	Sound  reached end of file
165.1910 	EXP 	Sound  started
165.6768 	EXP 	Sound  reached end of file
165.6791 	EXP 	Created sequence: sequential, trialTypes=1, nReps=3, seed=None
165.6793 	EXP 	New trial (rep=0, index=0): None
165.6793 	EXP 	Sound  started
165.6869 	EXP 	disp_answer_2: autoDraw = True
166.2413 	DATA 	Keypress: return
166.2568 	EXP 	New trial (rep=1, index=0): None
166.2568 	EXP 	Sound  started
166.2693 	EXP 	disp_answer_2: autoDraw = False
166.2693 	EXP 	disp_answer_2: autoDraw = True
166.4362 	DATA 	Keypress: return
166.4404 	EXP 	New trial (rep=2, index=0): None
166.4405 	EXP 	Sound  started
166.4526 	EXP 	disp_answer_2: autoDraw = False
166.4526 	EXP 	disp_answer_2: autoDraw = True
166.6411 	DATA 	Keypress: return
166.6613 	EXP 	Sound  started
166.6617 	EXP 	New trial (rep=0, index=10): {'TrialID': 10.0, 'NFB_digit1': 0.0, 'NFB_digit2': 3.0, 'NFB_digit3': 9.0}
166.6725 	EXP 	Sound  started
166.6786 	EXP 	disp_answer_2: autoDraw = False
166.6786 	EXP 	Begin_4: text = ' '
166.6786 	EXP 	Begin_4: autoDraw = False
166.6786 	EXP 	Fixation_2: autoDraw = True
168.6850 	EXP 	Sound  stopped
168.6868 	EXP 	Sound  started
168.6924 	EXP 	Fixation_2: autoDraw = False
169.1660 	EXP 	Sound  reached end of file
169.1661 	EXP 	Sound  started
169.6417 	EXP 	Sound  reached end of file
169.6418 	EXP 	Sound  started
170.1282 	EXP 	Sound  reached end of file
170.1306 	EXP 	Created sequence: sequential, trialTypes=1, nReps=3, seed=None
170.1308 	EXP 	New trial (rep=0, index=0): None
170.1309 	EXP 	Sound  started
170.1423 	EXP 	disp_answer_2: autoDraw = True
170.6409 	DATA 	Keypress: return
170.6563 	EXP 	New trial (rep=1, index=0): None
170.6564 	EXP 	Sound  started
170.6688 	EXP 	disp_answer_2: autoDraw = False
170.6688 	EXP 	disp_answer_2: autoDraw = True
170.8525 	DATA 	Keypress: return
170.8566 	EXP 	New trial (rep=2, index=0): None
170.8567 	EXP 	Sound  started
170.8689 	EXP 	disp_answer_2: autoDraw = False
170.8689 	EXP 	disp_answer_2: autoDraw = True
171.0243 	DATA 	Keypress: return
171.0395 	EXP 	Sound  started
171.0399 	EXP 	New trial (rep=0, index=11): {'TrialID': 11.0, 'NFB_digit1': 9.0, 'NFB_digit2': 2.0, 'NFB_digit3': 6.0}
171.0417 	EXP 	Sound  started
171.0521 	EXP 	disp_answer_2: autoDraw = False
171.0521 	EXP 	Begin_4: text = ' '
171.0521 	EXP 	Begin_4: autoDraw = False
171.0521 	EXP 	Fixation_2: autoDraw = True
173.0724 	EXP 	Sound  stopped
173.0740 	EXP 	Sound  started
173.0790 	EXP 	Fixation_2: autoDraw = False
173.5413 	EXP 	Sound  reached end of file
173.5413 	EXP 	Sound  started
174.0280 	EXP 	Sound  reached end of file
174.0280 	EXP 	Sound  started
174.5018 	EXP 	Sound  reached end of file
174.5026 	EXP 	Created sequence: sequential, trialTypes=1, nReps=3, seed=None
174.5028 	EXP 	New trial (rep=0, index=0): None
174.5028 	EXP 	Sound  started
174.5091 	EXP 	disp_answer_2: autoDraw = True
174.9071 	DATA 	Keypress: return
174.9257 	EXP 	New trial (rep=1, index=0): None
174.9258 	EXP 	Sound  started
174.9362 	EXP 	disp_answer_2: autoDraw = False
174.9362 	EXP 	disp_answer_2: autoDraw = True
175.1071 	DATA 	Keypress: return
175.1264 	EXP 	New trial (rep=2, index=0): None
175.1264 	EXP 	Sound  started
175.1371 	EXP 	disp_answer_2: autoDraw = False
175.1371 	EXP 	disp_answer_2: autoDraw = True
175.2905 	DATA 	Keypress: return
175.3253 	EXP 	Sound  stopped
175.3401 	EXP 	disp_answer_2: autoDraw = False
175.3401 	EXP 	Begin_4: text = 'Das Experiment ist nun zu Ende. Vielen Dank für Deine Teilnahme!'
175.3401 	EXP 	Begin_4: autoDraw = True
178.8353 	DATA 	Keypress: return
178.8376 	EXP 	Sound  started
178.8512 	EXP 	Begin_4: autoDraw = False
180.3072 	EXP 	window1: mouseVisible = True
