5.2196 	WARNING 	We strongly recommend you activate the PTB sound engine in PsychoPy prefs as the preferred audio engine. Its timing is vastly superior. Your prefs are currently set to use ['pyo'] (in that order).
23.9697 	WARNING 	User requested fullscreen with size [2560 1440], but screen is actually [1280, 1024]. Using actual size
26.9645 	EXP 	Created window1 = Window(allowGUI=False, allowStencil=False, autoLog=True, backendConf=UNKNOWN, bitsMode=UNKNOWN, blendMode='avg', bpc=(8, 8, 8), color=array([0, 0, 0]), colorSpace='rgb', depthBits=8, fullscr=<method-wrapper '__getattribute__' of attributeSetter object at 0x000002C3F773C280>, gamma=None, gammaErrorPolicy='raise', lms=UNKNOWN, monitor=<psychopy.monitors.calibTools.Monitor object at 0x000002C3F7C07280>, multiSample=False, name='window1', numSamples=2, pos=(0, 0), screen=0, size=array([1280, 1024]), stencilBits=0, stereo=False, units='height', useFBO=True, useRetina=False, viewOri=0.0, viewPos=None, viewScale=None, waitBlanking=True, winType='pyglet')
26.9647 	EXP 	window1: mouseVisible = True
26.9647 	EXP 	window1: Attempting to measure frame rate of screen (0) ...
26.9647 	EXP 	window1: recordFrameIntervals = False
27.1305 	EXP 	window1: recordFrameIntervals = True
27.3139 	EXP 	Screen (0) actual frame rate measured at 60.01Hz
27.3140 	EXP 	window1: recordFrameIntervals = False
29.2039 	EXP 	Created instrTrainText = TextStim(__class__=<class 'psychopy.visual.text.TextStim'>, alignHoriz=method-wrapper(...), alignText='center', alignVert=method-wrapper(...), anchorHoriz='center', anchorVert='center', antialias=True, autoLog=True, bold=False, color=array([1., 1., 1.]), colorSpace='rgb', contrast=1.0, depth=-1.0, flipHoriz=False, flipVert=False, font='Arial', fontFiles=[], height=0.04, italic=False, languageStyle='LTR', name='instrTrainText', opacity=1.0, ori=0, pos=array([0., 0.]), rgb=UNKNOWN, text=str(...), units='height', win=Window(...), wrapWidth=1)
29.2057 	EXP 	Created blockStart = TextStim(__class__=<class 'psychopy.visual.text.TextStim'>, alignHoriz=method-wrapper(...), alignText='center', alignVert=method-wrapper(...), anchorHoriz='center', anchorVert='center', antialias=True, autoLog=True, bold=False, color=array([1., 1., 1.]), colorSpace='rgb', contrast=1.0, depth=0.0, flipHoriz=False, flipVert=False, font='Arial', fontFiles=[], height=0.04, italic=False, languageStyle='LTR', name='blockStart', opacity=1.0, ori=0, pos=array([0., 0.]), rgb=UNKNOWN, text='Begin  block ', units='height', win=Window(...), wrapWidth=1)
30.9795 	EXP 	Set  sound=C
31.0022 	EXP 	Set sound_1 sound=A
31.0022 	EXP 	Sound sound_1 set volume 1.000
31.0104 	EXP 	Created fixation = ShapeStim(__class__=<class 'psychopy.visual.shape.ShapeStim'>, anchor=('center', 'center'), autoDraw=False, autoLog=True, closeShape=True, color=method-wrapper(...), colorSpace='rgb', contrast=None, depth=-2.0, fillColor=array([1, 1, 1]), fillColorSpace='rgb', fillRGB=array([1, 1, 1]), interpolate=True, lineColor=array([1., 1., 1.]), lineColorSpace='rgb', lineRGB=array([1, 1, 1]), lineWidth=0.5, name='fixation', opacity=0.75, ori=0.0, pos=array([0., 0.]), size=array([0.05, 0.05]), units='height', vertices=ndarray(...), win=Window(...), windingRule=None)
31.0580 	EXP 	Created screenAfterAudio = ImageStim(__class__=<class 'psychopy.visual.image.ImageStim'>, anchor=('center', 'center'), autoLog=True, color=array([1., 1., 1.]), colorSpace='rgb', contrast=1.0, depth=-4.0, flipHoriz=False, flipVert=False, image='images/grayScreen.png', interpolate=True, mask=None, maskParams=None, name='screenAfterAudio', opacity=1.0, ori=0.0, pos=array([0., 0.]), size=array([0.5, 0.5]), texRes=128.0, units='height', win=Window(...))
31.0721 	EXP 	Created blankScreen = ImageStim(__class__=<class 'psychopy.visual.image.ImageStim'>, anchor=('center', 'center'), autoLog=True, color=array([1., 1., 1.]), colorSpace='rgb', contrast=1.0, depth=-4.0, flipHoriz=False, flipVert=False, image='images/grayScreen.png', interpolate=True, mask=None, maskParams=None, name='blankScreen', opacity=1.0, ori=0.0, pos=array([0., 0.]), size=array([1920., 1080.]), texRes=128, units='height', win=Window(...))
31.1086 	EXP 	Created call1 = ImageStim(__class__=<class 'psychopy.visual.image.ImageStim'>, anchor=('center', 'center'), autoLog=True, color=array([1., 1., 1.]), colorSpace='rgb', contrast=1.0, depth=-5.0, flipHoriz=False, flipVert=False, image='images/adler.png', interpolate=True, mask=None, maskParams=None, name='call1', opacity=1.0, ori=0.0, pos=array([-0.4   ,  0.3125]), size=array([0.18, 0.18]), texRes=128, units='height', win=Window(...))
31.1482 	EXP 	Created call2 = ImageStim(__class__=<class 'psychopy.visual.image.ImageStim'>, anchor=('center', 'center'), autoLog=True, color=array([1., 1., 1.]), colorSpace='rgb', contrast=1.0, depth=-6.0, flipHoriz=False, flipVert=False, image='images/drossel.png', interpolate=True, mask=None, maskParams=None, name='call2', opacity=1.0, ori=0.0, pos=array([-0.4       ,  0.10416667]), size=array([0.18, 0.18]), texRes=128, units='height', win=Window(...))
31.1829 	EXP 	Created call3 = ImageStim(__class__=<class 'psychopy.visual.image.ImageStim'>, anchor=('center', 'center'), autoLog=True, color=array([1., 1., 1.]), colorSpace='rgb', contrast=1.0, depth=-7.0, flipHoriz=False, flipVert=False, image='images/tiger.png', interpolate=True, mask=None, maskParams=None, name='call3', opacity=1.0, ori=0.0, pos=array([-0.4       , -0.10416667]), size=array([0.18, 0.18]), texRes=128, units='height', win=Window(...))
31.2164 	EXP 	Created call4 = ImageStim(__class__=<class 'psychopy.visual.image.ImageStim'>, anchor=('center', 'center'), autoLog=True, color=array([1., 1., 1.]), colorSpace='rgb', contrast=1.0, depth=-8.0, flipHoriz=False, flipVert=False, image='images/kroete.png', interpolate=True, mask=None, maskParams=None, name='call4', opacity=1.0, ori=0.0, pos=array([-0.4   , -0.3125]), size=array([0.18, 0.18]), texRes=128, units='height', win=Window(...))
31.2543 	EXP 	Created colour1 = ImageStim(__class__=<class 'psychopy.visual.image.ImageStim'>, anchor=('center', 'center'), autoLog=True, color=array([1., 1., 1.]), colorSpace='rgb', contrast=1.0, depth=-9.0, flipHoriz=False, flipVert=False, image='images/gelb.png', interpolate=True, mask=None, maskParams=None, name='colour1', opacity=1.0, ori=0.0, pos=array([0.    , 0.3125]), size=array([0.18, 0.18]), texRes=128, units='height', win=Window(...))
31.2862 	EXP 	Created colour2 = ImageStim(__class__=<class 'psychopy.visual.image.ImageStim'>, anchor=('center', 'center'), autoLog=True, color=array([1., 1., 1.]), colorSpace='rgb', contrast=1.0, depth=-10.0, flipHoriz=False, flipVert=False, image='images/gruen.png', interpolate=True, mask=None, maskParams=None, name='colour2', opacity=1.0, ori=0.0, pos=array([0.        , 0.10416667]), size=array([0.18, 0.18]), texRes=128, units='height', win=Window(...))
31.3254 	EXP 	Created colour3 = ImageStim(__class__=<class 'psychopy.visual.image.ImageStim'>, anchor=('center', 'center'), autoLog=True, color=array([1., 1., 1.]), colorSpace='rgb', contrast=1.0, depth=-11.0, flipHoriz=False, flipVert=False, image='images/rot.png', interpolate=True, mask=None, maskParams=None, name='colour3', opacity=1.0, ori=0.0, pos=array([ 0.        , -0.10416667]), size=array([0.18, 0.18]), texRes=128, units='height', win=Window(...))
31.3475 	EXP 	Created colour4 = ImageStim(__class__=<class 'psychopy.visual.image.ImageStim'>, anchor=('center', 'center'), autoLog=True, color=array([1., 1., 1.]), colorSpace='rgb', contrast=1.0, depth=-12.0, flipHoriz=False, flipVert=False, image='images/weiss.png', interpolate=True, mask=None, maskParams=None, name='colour4', opacity=1.0, ori=0.0, pos=array([ 0.    , -0.3125]), size=array([0.18, 0.18]), texRes=128, units='height', win=Window(...))
31.3887 	EXP 	Created number1 = ImageStim(__class__=<class 'psychopy.visual.image.ImageStim'>, anchor=('center', 'center'), autoLog=True, color=array([1., 1., 1.]), colorSpace='rgb', contrast=1.0, depth=-13.0, flipHoriz=False, flipVert=False, image='images/1.png', interpolate=True, mask=None, maskParams=None, name='number1', opacity=1.0, ori=0.0, pos=array([0.4   , 0.3125]), size=array([0.18, 0.18]), texRes=128, units='height', win=Window(...))
31.4159 	EXP 	Created number2 = ImageStim(__class__=<class 'psychopy.visual.image.ImageStim'>, anchor=('center', 'center'), autoLog=True, color=array([1., 1., 1.]), colorSpace='rgb', contrast=1.0, depth=-14.0, flipHoriz=False, flipVert=False, image='images/2.png', interpolate=True, mask=None, maskParams=None, name='number2', opacity=1.0, ori=0.0, pos=array([0.4       , 0.10416667]), size=array([0.18, 0.18]), texRes=128, units='height', win=Window(...))
31.4505 	EXP 	Created number3 = ImageStim(__class__=<class 'psychopy.visual.image.ImageStim'>, anchor=('center', 'center'), autoLog=True, color=array([1., 1., 1.]), colorSpace='rgb', contrast=1.0, depth=-15.0, flipHoriz=False, flipVert=False, image='images/3.png', interpolate=True, mask=None, maskParams=None, name='number3', opacity=1.0, ori=0.0, pos=array([ 0.4       , -0.10416667]), size=array([0.18, 0.18]), texRes=128, units='height', win=Window(...))
31.4840 	EXP 	Created number4 = ImageStim(__class__=<class 'psychopy.visual.image.ImageStim'>, anchor=('center', 'center'), autoLog=True, color=array([1., 1., 1.]), colorSpace='rgb', contrast=1.0, depth=-16.0, flipHoriz=False, flipVert=False, image='images/4.png', interpolate=True, mask=None, maskParams=None, name='number4', opacity=1.0, ori=0.0, pos=array([ 0.4   , -0.3125]), size=array([0.18, 0.18]), texRes=128, units='height', win=Window(...))
31.4841 	EXP 	window1: mouseVisible = True
31.4841 	EXP 	window1: mouseVisible = True
31.4841 	EXP 	window1: mouseVisible = True
31.5064 	EXP 	Created blankScreenAfterResponse = ImageStim(__class__=<class 'psychopy.visual.image.ImageStim'>, anchor=('center', 'center'), autoLog=True, color=array([1., 1., 1.]), colorSpace='rgb', contrast=1.0, depth=-25.0, flipHoriz=False, flipVert=False, image='images/blankScreen.png', interpolate=True, mask=None, maskParams=None, name='blankScreenAfterResponse', opacity=1.0, ori=0.0, pos=array([0., 0.]), size=array([1920., 1080.]), texRes=128, units='height', win=Window(...))
31.5121 	EXP 	Created thanksText = TextStim(__class__=<class 'psychopy.visual.text.TextStim'>, alignHoriz=method-wrapper(...), alignText='center', alignVert=method-wrapper(...), anchorHoriz='center', anchorVert='center', antialias=True, autoLog=True, bold=False, color=array([1., 1., 1.]), colorSpace='rgb', contrast=1.0, depth=0.0, flipHoriz=False, flipVert=False, font='Arial', fontFiles=[], height=0.04, italic=False, languageStyle='LTR', name='thanksText', opacity=1.0, ori=0, pos=array([0., 0.]), rgb=UNKNOWN, text=str(...), units='height', win=Window(...), wrapWidth=1)
31.5122 	EXP 	window1: mouseVisible = False
31.5287 	EXP 	instrTrainText: autoDraw = True
32.4293 	EXP 	Imported order1.csv as conditions, 4 conditions, 1 params
32.4301 	EXP 	Created sequence: sequential, trialTypes=4, nReps=1, seed=None
32.4303 	EXP 	New trial (rep=0, index=0): OrderedDict([('condsFile', 'flow\\tts-golang-selected_PsyPySEQ_NV1.csv')])
32.4316 	DATA 	Keypress: space
32.4452 	EXP 	instrTrainText: autoDraw = False
32.4452 	EXP 	blockStart: autoDraw = True
33.4600 	EXP 	Imported flow\tts-golang-selected_PsyPySEQ_NV1.csv as conditions, 96 conditions, 26 params
33.4606 	EXP 	Created sequence: random, trialTypes=96, nReps=1, seed=None
33.4609 	EXP 	New trial (rep=0, index=0): OrderedDict([('audiofile', 'audio/NV_DE_Neural2-F_Ad-gr-Zw_0.8p.wav'), ('duration', 5.0032), ('noise', 'NV'), ('voice', 'Neural2-F'), ('words', 'Ad-gr-Zw'), ('callSign', 'Ad'), ('colour', 'gr'), ('number', 'Zw'), ('levels', '0.8p'), ('trigger_start', 100), ('trigger_end', 101), ('trigger_call', 111), ('trigger_col', 122), ('trigger_num', 132), ('file', 'DE_Neural2-F_Ad-gr-Zw.TextGrid'), ('firstSound_tmin', 0.17712), ('lastSound_tmax', 4.261327894666667), ('token_1_tmin', 0.7084189756666667), ('token_1_tmax', 1.2480677193333334), ('token_2_tmin', 2.258302074), ('token_2_tmax', 2.61712), ('token_3_tmin', 3.8418041986666656), ('token_3_tmax', 4.261327894666667), ('rater', 'mean'), ('newidx', 10), ('block', 'NV1')])
34.1156 	EXP 	Set sound_1 sound=audio/NV_DE_Neural2-F_Ad-gr-Zw_0.8p.wav
34.1157 	EXP 	window1: mouseVisible = False
34.1163 	EXP 	Sound sound_1 started
34.1194 	DATA 	Keypress: space
34.1197 	DATA 	Mouse: Left button down, pos=(537,425)
34.1197 	DATA 	Mouse:  Left button up, pos=(537,425)
34.1279 	EXP 	blockStart: autoDraw = False
34.1279 	EXP 	fixation: autoDraw = True
39.1265 	EXP 	Sound sound_1 stopped
39.1667 	EXP 	window1: mouseVisible = False
39.1779 	EXP 	fixation: autoDraw = False
39.1779 	EXP 	screenAfterAudio: autoDraw = True
39.1779 	EXP 	screenAfterAudio: autoDraw = False
39.1779 	EXP 	fixation: autoDraw = False
39.1779 	EXP 	screenAfterAudio: autoDraw = False
39.1779 	EXP 	call1: texRes = 128
39.1779 	EXP 	call2: texRes = 128
39.1779 	EXP 	call3: texRes = 128
39.1779 	EXP 	call4: texRes = 128
39.1779 	EXP 	colour1: texRes = 128
39.1779 	EXP 	colour2: texRes = 128
39.1779 	EXP 	colour3: texRes = 128
39.1779 	EXP 	colour4: texRes = 128
39.1779 	EXP 	number1: texRes = 128
39.1779 	EXP 	number2: texRes = 128
39.1779 	EXP 	number3: texRes = 128
39.1779 	EXP 	number4: texRes = 128
39.1779 	EXP 	blankScreen: autoDraw = True
39.1780 	EXP 	window1: mouseVisible = False
39.2095 	EXP 	window1: mouseVisible = False
39.2258 	EXP 	window1: mouseVisible = False
39.2426 	EXP 	window1: mouseVisible = False
39.2594 	EXP 	window1: mouseVisible = False
39.2760 	EXP 	window1: mouseVisible = False
39.2925 	EXP 	window1: mouseVisible = False
39.3093 	EXP 	window1: mouseVisible = False
39.3260 	EXP 	window1: mouseVisible = False
39.3426 	EXP 	window1: mouseVisible = False
39.3593 	EXP 	window1: mouseVisible = False
39.3759 	EXP 	window1: mouseVisible = False
39.3926 	EXP 	window1: mouseVisible = False
39.4091 	EXP 	window1: mouseVisible = False
39.4259 	EXP 	window1: mouseVisible = False
39.4427 	EXP 	window1: mouseVisible = False
39.4595 	EXP 	window1: mouseVisible = False
39.4757 	EXP 	window1: mouseVisible = False
39.4926 	EXP 	window1: mouseVisible = False
39.5091 	EXP 	window1: mouseVisible = False
39.5257 	EXP 	window1: mouseVisible = False
39.5426 	EXP 	window1: mouseVisible = False
39.5594 	EXP 	window1: mouseVisible = False
39.5758 	EXP 	window1: mouseVisible = False
39.5925 	EXP 	window1: mouseVisible = False
39.6094 	EXP 	window1: mouseVisible = False
39.6259 	EXP 	window1: mouseVisible = False
39.6426 	EXP 	window1: mouseVisible = False
39.6598 	EXP 	window1: mouseVisible = False
39.6760 	EXP 	window1: mouseVisible = False
39.6923 	EXP 	window1: mouseVisible = False
39.7092 	EXP 	window1: mouseVisible = False
39.7259 	EXP 	window1: mouseVisible = False
39.7424 	EXP 	window1: mouseVisible = False
39.7590 	EXP 	window1: mouseVisible = False
39.7758 	EXP 	window1: mouseVisible = False
39.7925 	EXP 	window1: mouseVisible = False
39.8091 	EXP 	window1: mouseVisible = False
39.8259 	EXP 	window1: mouseVisible = False
39.8429 	EXP 	window1: mouseVisible = False
39.8594 	EXP 	window1: mouseVisible = False
39.8757 	EXP 	window1: mouseVisible = False
39.8927 	EXP 	window1: mouseVisible = False
39.9092 	EXP 	window1: mouseVisible = False
39.9256 	EXP 	window1: mouseVisible = False
39.9425 	EXP 	window1: mouseVisible = False
39.9592 	EXP 	window1: mouseVisible = False
39.9755 	EXP 	window1: mouseVisible = False
39.9924 	EXP 	window1: mouseVisible = False
40.0091 	EXP 	window1: mouseVisible = False
40.0259 	EXP 	window1: mouseVisible = False
40.0426 	EXP 	window1: mouseVisible = False
40.0596 	EXP 	window1: mouseVisible = False
40.0758 	EXP 	window1: mouseVisible = False
40.0922 	EXP 	window1: mouseVisible = False
40.1094 	EXP 	window1: mouseVisible = False
40.1258 	EXP 	window1: mouseVisible = False
40.1422 	EXP 	window1: mouseVisible = False
40.1589 	EXP 	window1: mouseVisible = False
40.1757 	EXP 	window1: mouseVisible = False
40.1918 	EXP 	blankScreen: autoDraw = False
40.1918 	EXP 	call1: autoDraw = True
40.1918 	EXP 	call2: autoDraw = True
40.1918 	EXP 	call3: autoDraw = True
40.1918 	EXP 	call4: autoDraw = True
40.1918 	EXP 	colour1: autoDraw = True
40.1918 	EXP 	colour2: autoDraw = True
40.1918 	EXP 	colour3: autoDraw = True
40.1918 	EXP 	colour4: autoDraw = True
40.1918 	EXP 	number1: autoDraw = True
40.1918 	EXP 	number2: autoDraw = True
40.1918 	EXP 	number3: autoDraw = True
40.1918 	EXP 	number4: autoDraw = True
40.1919 	EXP 	window1: mouseVisible = False
40.1921 	EXP 	window1: mouseVisible = True
40.2089 	EXP 	window1: mouseVisible = False
40.2091 	EXP 	window1: mouseVisible = True
40.2258 	EXP 	window1: mouseVisible = False
40.2260 	EXP 	window1: mouseVisible = True
40.2422 	EXP 	window1: mouseVisible = False
40.2424 	EXP 	window1: mouseVisible = True
40.2589 	EXP 	window1: mouseVisible = False
40.2590 	EXP 	window1: mouseVisible = True
40.3256 	EXP 	window1: mouseVisible = False
40.3258 	EXP 	window1: mouseVisible = True
40.3426 	EXP 	window1: mouseVisible = False
40.3427 	EXP 	window1: mouseVisible = True
40.3591 	EXP 	window1: mouseVisible = False
40.3593 	EXP 	window1: mouseVisible = True
40.3757 	EXP 	window1: mouseVisible = False
40.4094 	EXP 	window1: mouseVisible = True
40.4260 	EXP 	window1: mouseVisible = False
40.4262 	EXP 	window1: mouseVisible = True
40.4431 	EXP 	window1: mouseVisible = False
40.4434 	EXP 	window1: mouseVisible = True
40.4594 	EXP 	window1: mouseVisible = False
40.4596 	EXP 	window1: mouseVisible = True
40.4769 	EXP 	window1: mouseVisible = False
40.4771 	EXP 	window1: mouseVisible = True
40.4925 	EXP 	window1: mouseVisible = False
40.4927 	EXP 	window1: mouseVisible = True
40.5100 	EXP 	window1: mouseVisible = False
40.5101 	EXP 	window1: mouseVisible = True
40.5261 	EXP 	window1: mouseVisible = False
40.5262 	EXP 	window1: mouseVisible = True
40.5429 	EXP 	window1: mouseVisible = False
40.5431 	EXP 	window1: mouseVisible = True
40.5592 	EXP 	window1: mouseVisible = False
40.5596 	EXP 	window1: mouseVisible = True
40.5769 	EXP 	window1: mouseVisible = False
40.5771 	EXP 	window1: mouseVisible = True
40.5927 	EXP 	window1: mouseVisible = False
40.5928 	EXP 	window1: mouseVisible = True
40.6096 	EXP 	window1: mouseVisible = False
40.6099 	EXP 	window1: mouseVisible = True
40.6260 	EXP 	window1: mouseVisible = False
40.6261 	EXP 	window1: mouseVisible = True
40.6428 	EXP 	window1: mouseVisible = False
40.6430 	EXP 	window1: mouseVisible = True
40.6593 	EXP 	window1: mouseVisible = False
40.6595 	EXP 	window1: mouseVisible = True
40.6769 	EXP 	window1: mouseVisible = False
40.6770 	EXP 	window1: mouseVisible = True
40.6923 	EXP 	window1: mouseVisible = False
40.6926 	EXP 	window1: mouseVisible = True
40.7089 	EXP 	window1: mouseVisible = False
40.7090 	EXP 	window1: mouseVisible = True
40.7255 	EXP 	window1: mouseVisible = False
40.7256 	EXP 	window1: mouseVisible = True
40.7423 	EXP 	window1: mouseVisible = False
40.7425 	EXP 	window1: mouseVisible = True
40.7590 	EXP 	window1: mouseVisible = False
40.7591 	EXP 	window1: mouseVisible = True
40.7754 	EXP 	window1: mouseVisible = False
40.7756 	EXP 	window1: mouseVisible = True
40.7924 	EXP 	window1: mouseVisible = False
40.7927 	EXP 	window1: mouseVisible = True
40.8089 	EXP 	window1: mouseVisible = False
40.8091 	EXP 	window1: mouseVisible = True
40.8254 	EXP 	window1: mouseVisible = False
40.8256 	EXP 	window1: mouseVisible = True
40.8424 	EXP 	window1: mouseVisible = False
40.8425 	EXP 	window1: mouseVisible = True
40.8595 	EXP 	window1: mouseVisible = False
40.8596 	EXP 	window1: mouseVisible = True
40.8758 	EXP 	window1: mouseVisible = False
40.9099 	EXP 	window1: mouseVisible = True
40.9260 	EXP 	window1: mouseVisible = False
40.9261 	EXP 	window1: mouseVisible = True
40.9422 	EXP 	window1: mouseVisible = False
40.9424 	EXP 	window1: mouseVisible = True
40.9592 	EXP 	window1: mouseVisible = False
40.9593 	EXP 	window1: mouseVisible = True
40.9759 	EXP 	window1: mouseVisible = False
40.9769 	EXP 	window1: mouseVisible = True
40.9924 	EXP 	window1: mouseVisible = False
40.9925 	EXP 	window1: mouseVisible = True
41.0090 	EXP 	window1: mouseVisible = False
41.0092 	EXP 	window1: mouseVisible = True
41.0258 	EXP 	window1: mouseVisible = False
41.0259 	EXP 	window1: mouseVisible = True
41.0427 	EXP 	window1: mouseVisible = False
41.0429 	EXP 	window1: mouseVisible = True
41.0591 	EXP 	window1: mouseVisible = False
41.0592 	EXP 	window1: mouseVisible = True
41.0756 	EXP 	window1: mouseVisible = False
41.0759 	EXP 	window1: mouseVisible = True
41.0925 	EXP 	window1: mouseVisible = False
41.0926 	EXP 	window1: mouseVisible = True
41.1089 	EXP 	window1: mouseVisible = False
41.1091 	EXP 	window1: mouseVisible = True
41.1259 	EXP 	window1: mouseVisible = False
41.1261 	EXP 	window1: mouseVisible = True
41.1424 	EXP 	window1: mouseVisible = False
41.1426 	EXP 	window1: mouseVisible = True
41.1589 	EXP 	window1: mouseVisible = False
41.1592 	EXP 	window1: mouseVisible = True
41.1755 	EXP 	window1: mouseVisible = False
41.1757 	EXP 	window1: mouseVisible = True
41.1924 	EXP 	window1: mouseVisible = False
41.1925 	EXP 	window1: mouseVisible = True
41.2093 	EXP 	window1: mouseVisible = False
41.2095 	EXP 	window1: mouseVisible = True
41.2257 	EXP 	window1: mouseVisible = False
41.2258 	EXP 	window1: mouseVisible = True
41.2428 	EXP 	window1: mouseVisible = False
41.2430 	EXP 	window1: mouseVisible = True
41.2594 	EXP 	window1: mouseVisible = False
41.2596 	EXP 	window1: mouseVisible = True
41.2758 	EXP 	window1: mouseVisible = False
41.2760 	EXP 	window1: mouseVisible = True
41.2922 	EXP 	window1: mouseVisible = False
41.2923 	EXP 	window1: mouseVisible = True
41.3088 	EXP 	window1: mouseVisible = False
41.3090 	EXP 	window1: mouseVisible = True
41.3252 	EXP 	window1: mouseVisible = False
41.3254 	EXP 	window1: mouseVisible = True
41.3420 	EXP 	window1: mouseVisible = False
41.3423 	EXP 	window1: mouseVisible = True
41.3588 	EXP 	window1: mouseVisible = False
41.3589 	EXP 	window1: mouseVisible = True
41.3753 	EXP 	window1: mouseVisible = False
41.3755 	EXP 	window1: mouseVisible = True
41.3919 	EXP 	window1: mouseVisible = False
41.3921 	EXP 	window1: mouseVisible = True
41.4087 	EXP 	window1: mouseVisible = False
41.4089 	EXP 	window1: mouseVisible = True
41.4255 	EXP 	window1: mouseVisible = False
41.4256 	EXP 	window1: mouseVisible = True
41.4418 	EXP 	window1: mouseVisible = False
41.4420 	EXP 	window1: mouseVisible = True
41.4588 	EXP 	window1: mouseVisible = False
41.4590 	EXP 	window1: mouseVisible = True
41.4756 	EXP 	window1: mouseVisible = False
41.4758 	EXP 	window1: mouseVisible = True
41.4920 	EXP 	window1: mouseVisible = False
41.4922 	EXP 	window1: mouseVisible = True
41.5085 	EXP 	window1: mouseVisible = False
41.5088 	EXP 	window1: mouseVisible = True
41.5255 	EXP 	window1: mouseVisible = False
41.5256 	EXP 	window1: mouseVisible = True
41.5418 	EXP 	window1: mouseVisible = False
41.5421 	EXP 	window1: mouseVisible = True
41.5586 	EXP 	window1: mouseVisible = False
41.5587 	EXP 	window1: mouseVisible = True
41.5751 	EXP 	window1: mouseVisible = False
41.5753 	EXP 	window1: mouseVisible = True
41.5921 	EXP 	window1: mouseVisible = False
41.5922 	EXP 	window1: mouseVisible = True
41.6085 	EXP 	window1: mouseVisible = False
41.6087 	EXP 	window1: mouseVisible = True
41.6252 	EXP 	window1: mouseVisible = False
41.6253 	EXP 	window1: mouseVisible = True
41.6419 	EXP 	window1: mouseVisible = False
41.6422 	EXP 	window1: mouseVisible = True
41.6589 	EXP 	window1: mouseVisible = False
41.6590 	EXP 	window1: mouseVisible = True
41.6754 	EXP 	window1: mouseVisible = False
41.6755 	EXP 	window1: mouseVisible = True
41.6920 	EXP 	window1: mouseVisible = False
41.6921 	EXP 	window1: mouseVisible = True
41.7085 	EXP 	window1: mouseVisible = False
41.7087 	EXP 	window1: mouseVisible = True
41.7252 	EXP 	window1: mouseVisible = False
41.7253 	EXP 	window1: mouseVisible = True
41.7419 	EXP 	window1: mouseVisible = False
41.7421 	EXP 	window1: mouseVisible = True
41.7586 	EXP 	window1: mouseVisible = False
41.7588 	EXP 	window1: mouseVisible = True
41.7751 	EXP 	window1: mouseVisible = False
41.7752 	EXP 	window1: mouseVisible = True
41.7920 	EXP 	window1: mouseVisible = False
41.7921 	EXP 	window1: mouseVisible = True
41.8085 	EXP 	window1: mouseVisible = False
41.8088 	EXP 	window1: mouseVisible = True
41.8253 	EXP 	window1: mouseVisible = False
41.8255 	EXP 	window1: mouseVisible = True
41.8419 	EXP 	window1: mouseVisible = False
41.8421 	EXP 	window1: mouseVisible = True
41.8586 	EXP 	window1: mouseVisible = False
41.8589 	EXP 	window1: mouseVisible = True
41.8752 	EXP 	window1: mouseVisible = False
41.8753 	EXP 	window1: mouseVisible = True
41.8918 	EXP 	window1: mouseVisible = False
41.8919 	EXP 	window1: mouseVisible = True
41.9086 	EXP 	window1: mouseVisible = False
41.9092 	EXP 	window1: mouseVisible = True
41.9251 	EXP 	window1: mouseVisible = False
41.9252 	EXP 	window1: mouseVisible = True
41.9416 	EXP 	window1: mouseVisible = False
41.9419 	EXP 	window1: mouseVisible = True
41.9588 	EXP 	window1: mouseVisible = False
41.9589 	EXP 	window1: mouseVisible = True
41.9755 	EXP 	window1: mouseVisible = False
41.9757 	EXP 	window1: mouseVisible = True
41.9918 	EXP 	window1: mouseVisible = False
41.9919 	EXP 	window1: mouseVisible = True
42.0085 	EXP 	window1: mouseVisible = False
42.0087 	EXP 	window1: mouseVisible = True
42.0253 	EXP 	window1: mouseVisible = False
42.0254 	EXP 	window1: mouseVisible = True
42.0417 	EXP 	window1: mouseVisible = False
42.0419 	EXP 	window1: mouseVisible = True
42.0585 	EXP 	window1: mouseVisible = False
42.0586 	EXP 	window1: mouseVisible = True
42.0752 	EXP 	window1: mouseVisible = False
42.0754 	EXP 	window1: mouseVisible = True
42.0919 	EXP 	window1: mouseVisible = False
42.0921 	EXP 	window1: mouseVisible = True
42.1082 	EXP 	window1: mouseVisible = False
42.1084 	EXP 	window1: mouseVisible = True
42.1252 	EXP 	window1: mouseVisible = False
42.1254 	EXP 	window1: mouseVisible = True
42.1419 	EXP 	window1: mouseVisible = False
42.1420 	EXP 	window1: mouseVisible = True
42.1583 	EXP 	window1: mouseVisible = False
42.1585 	EXP 	window1: mouseVisible = True
42.1750 	EXP 	window1: mouseVisible = False
42.1751 	EXP 	window1: mouseVisible = True
42.1919 	EXP 	window1: mouseVisible = False
42.1920 	EXP 	window1: mouseVisible = True
42.2084 	EXP 	window1: mouseVisible = False
42.2085 	EXP 	window1: mouseVisible = True
42.2249 	EXP 	window1: mouseVisible = False
42.2250 	EXP 	window1: mouseVisible = True
42.2420 	EXP 	window1: mouseVisible = False
42.2423 	EXP 	window1: mouseVisible = True
42.2589 	EXP 	window1: mouseVisible = False
42.2590 	EXP 	window1: mouseVisible = True
42.2753 	EXP 	window1: mouseVisible = False
42.2755 	EXP 	window1: mouseVisible = True
42.2919 	EXP 	window1: mouseVisible = False
42.2920 	EXP 	window1: mouseVisible = True
42.3088 	EXP 	window1: mouseVisible = False
42.3091 	EXP 	window1: mouseVisible = True
42.3258 	EXP 	window1: mouseVisible = False
42.3260 	EXP 	window1: mouseVisible = True
42.3419 	EXP 	window1: mouseVisible = False
42.3421 	EXP 	window1: mouseVisible = True
42.3585 	EXP 	window1: mouseVisible = False
42.3588 	EXP 	window1: mouseVisible = True
42.3753 	EXP 	window1: mouseVisible = False
42.3755 	EXP 	window1: mouseVisible = True
42.3917 	EXP 	window1: mouseVisible = False
42.3920 	EXP 	window1: mouseVisible = True
42.4086 	EXP 	window1: mouseVisible = False
42.4087 	EXP 	window1: mouseVisible = True
42.4254 	EXP 	window1: mouseVisible = False
42.4256 	EXP 	window1: mouseVisible = True
42.4418 	EXP 	window1: mouseVisible = False
42.4420 	EXP 	window1: mouseVisible = True
42.4590 	EXP 	window1: mouseVisible = False
42.4592 	EXP 	window1: mouseVisible = True
42.4754 	EXP 	window1: mouseVisible = False
42.4755 	EXP 	window1: mouseVisible = True
42.4921 	EXP 	window1: mouseVisible = False
42.4923 	EXP 	window1: mouseVisible = True
42.5084 	EXP 	window1: mouseVisible = False
42.5085 	EXP 	window1: mouseVisible = True
42.5252 	EXP 	window1: mouseVisible = False
42.5253 	EXP 	window1: mouseVisible = True
42.5420 	EXP 	window1: mouseVisible = False
42.5423 	EXP 	window1: mouseVisible = True
42.5587 	EXP 	window1: mouseVisible = False
42.5589 	EXP 	window1: mouseVisible = True
42.5753 	EXP 	window1: mouseVisible = False
42.5755 	EXP 	window1: mouseVisible = True
42.5918 	EXP 	window1: mouseVisible = False
42.5919 	EXP 	window1: mouseVisible = True
42.6084 	EXP 	window1: mouseVisible = False
42.6085 	EXP 	window1: mouseVisible = True
42.6249 	EXP 	window1: mouseVisible = False
42.6250 	EXP 	window1: mouseVisible = True
42.6418 	EXP 	window1: mouseVisible = False
42.6419 	EXP 	window1: mouseVisible = True
42.6585 	EXP 	window1: mouseVisible = False
42.6586 	EXP 	window1: mouseVisible = True
42.6749 	EXP 	window1: mouseVisible = False
42.6750 	EXP 	window1: mouseVisible = True
42.6916 	EXP 	window1: mouseVisible = False
42.6918 	EXP 	window1: mouseVisible = True
42.7084 	EXP 	window1: mouseVisible = False
42.7087 	EXP 	window1: mouseVisible = True
42.7248 	EXP 	window1: mouseVisible = False
42.7250 	EXP 	window1: mouseVisible = True
42.7415 	EXP 	window1: mouseVisible = False
42.7418 	EXP 	window1: mouseVisible = True
42.7584 	EXP 	window1: mouseVisible = False
42.7585 	EXP 	window1: mouseVisible = True
42.7751 	EXP 	window1: mouseVisible = False
42.7752 	EXP 	window1: mouseVisible = True
42.7914 	EXP 	window1: mouseVisible = False
42.7915 	EXP 	window1: mouseVisible = True
42.8084 	EXP 	window1: mouseVisible = False
42.8087 	EXP 	window1: mouseVisible = True
42.8251 	EXP 	window1: mouseVisible = False
42.8252 	EXP 	window1: mouseVisible = True
42.8414 	EXP 	window1: mouseVisible = False
42.8416 	EXP 	window1: mouseVisible = True
42.8586 	EXP 	window1: mouseVisible = False
42.8588 	EXP 	window1: mouseVisible = True
42.8751 	EXP 	window1: mouseVisible = False
42.8753 	EXP 	window1: mouseVisible = True
42.8914 	EXP 	window1: mouseVisible = False
42.8916 	EXP 	window1: mouseVisible = True
42.9081 	EXP 	window1: mouseVisible = False
42.9083 	EXP 	window1: mouseVisible = True
42.9247 	EXP 	window1: mouseVisible = False
42.9250 	EXP 	window1: mouseVisible = True
42.9420 	EXP 	window1: mouseVisible = False
42.9422 	EXP 	window1: mouseVisible = True
42.9585 	EXP 	window1: mouseVisible = False
42.9587 	EXP 	window1: mouseVisible = True
42.9749 	EXP 	window1: mouseVisible = False
42.9750 	EXP 	window1: mouseVisible = True
42.9916 	EXP 	window1: mouseVisible = False
42.9917 	EXP 	window1: mouseVisible = True
43.0082 	EXP 	window1: mouseVisible = False
43.0084 	EXP 	window1: mouseVisible = True
43.0247 	EXP 	window1: mouseVisible = False
43.0249 	EXP 	window1: mouseVisible = True
43.0419 	EXP 	window1: mouseVisible = False
43.0421 	EXP 	window1: mouseVisible = True
43.0581 	EXP 	window1: mouseVisible = False
43.0582 	EXP 	window1: mouseVisible = True
43.0747 	EXP 	window1: mouseVisible = False
43.0748 	EXP 	window1: mouseVisible = True
43.0916 	EXP 	window1: mouseVisible = False
43.0919 	EXP 	window1: mouseVisible = True
43.1082 	EXP 	window1: mouseVisible = False
43.1084 	EXP 	window1: mouseVisible = True
43.1247 	EXP 	window1: mouseVisible = False
43.1248 	EXP 	window1: mouseVisible = True
43.1417 	EXP 	window1: mouseVisible = False
43.1420 	EXP 	window1: mouseVisible = True
43.1582 	EXP 	window1: mouseVisible = False
43.1583 	EXP 	window1: mouseVisible = True
43.1752 	EXP 	window1: mouseVisible = False
43.1753 	EXP 	window1: mouseVisible = True
43.1914 	EXP 	window1: mouseVisible = False
43.1915 	EXP 	window1: mouseVisible = True
43.2082 	EXP 	window1: mouseVisible = False
43.2083 	EXP 	window1: mouseVisible = True
43.2249 	EXP 	window1: mouseVisible = False
43.2250 	EXP 	window1: mouseVisible = True
43.2418 	EXP 	window1: mouseVisible = False
43.2420 	EXP 	window1: mouseVisible = True
43.2586 	EXP 	window1: mouseVisible = False
43.2588 	EXP 	window1: mouseVisible = True
43.2750 	EXP 	window1: mouseVisible = False
43.2752 	EXP 	window1: mouseVisible = True
43.2913 	EXP 	window1: mouseVisible = False
43.2914 	EXP 	window1: mouseVisible = True
43.3081 	EXP 	window1: mouseVisible = False
43.3084 	EXP 	window1: mouseVisible = True
43.3248 	EXP 	window1: mouseVisible = False
43.3250 	EXP 	window1: mouseVisible = True
43.3417 	EXP 	window1: mouseVisible = False
43.3419 	EXP 	window1: mouseVisible = True
43.3587 	EXP 	window1: mouseVisible = False
43.3589 	EXP 	window1: mouseVisible = True
43.3748 	EXP 	window1: mouseVisible = False
43.3750 	EXP 	window1: mouseVisible = True
43.3915 	EXP 	window1: mouseVisible = False
43.3916 	EXP 	window1: mouseVisible = True
43.4079 	EXP 	window1: mouseVisible = False
43.4081 	EXP 	window1: mouseVisible = True
43.4250 	EXP 	window1: mouseVisible = False
43.4251 	EXP 	window1: mouseVisible = True
43.4416 	EXP 	window1: mouseVisible = False
43.4417 	EXP 	window1: mouseVisible = True
43.4582 	EXP 	window1: mouseVisible = False
43.4583 	EXP 	window1: mouseVisible = True
43.4745 	EXP 	window1: mouseVisible = False
43.4747 	EXP 	window1: mouseVisible = True
43.4915 	EXP 	window1: mouseVisible = False
43.4917 	EXP 	window1: mouseVisible = True
43.5083 	EXP 	window1: mouseVisible = False
43.5085 	EXP 	window1: mouseVisible = True
43.5246 	EXP 	window1: mouseVisible = False
43.5247 	EXP 	window1: mouseVisible = True
43.5418 	EXP 	window1: mouseVisible = False
43.5420 	EXP 	window1: mouseVisible = True
43.5582 	EXP 	window1: mouseVisible = False
43.5584 	EXP 	window1: mouseVisible = True
43.5749 	EXP 	window1: mouseVisible = False
43.5751 	EXP 	window1: mouseVisible = True
43.5913 	EXP 	window1: mouseVisible = False
43.5914 	EXP 	window1: mouseVisible = True
43.6083 	EXP 	window1: mouseVisible = False
43.6084 	EXP 	window1: mouseVisible = True
43.6248 	EXP 	window1: mouseVisible = False
43.6249 	EXP 	window1: mouseVisible = True
43.6413 	EXP 	window1: mouseVisible = False
43.6415 	EXP 	window1: mouseVisible = True
43.6581 	EXP 	window1: mouseVisible = False
43.6583 	EXP 	window1: mouseVisible = True
43.6747 	EXP 	window1: mouseVisible = False
43.6749 	EXP 	window1: mouseVisible = True
43.6911 	EXP 	window1: mouseVisible = False
43.6912 	EXP 	window1: mouseVisible = True
43.7080 	EXP 	window1: mouseVisible = False
43.7081 	EXP 	window1: mouseVisible = True
43.7246 	EXP 	window1: mouseVisible = False
43.7248 	EXP 	window1: mouseVisible = True
43.7412 	EXP 	window1: mouseVisible = False
43.7414 	EXP 	window1: mouseVisible = True
43.7578 	EXP 	window1: mouseVisible = False
43.7579 	EXP 	window1: mouseVisible = True
43.7746 	EXP 	window1: mouseVisible = False
43.7747 	EXP 	window1: mouseVisible = True
43.7915 	EXP 	window1: mouseVisible = False
43.7917 	EXP 	window1: mouseVisible = True
43.8079 	EXP 	window1: mouseVisible = False
43.8080 	EXP 	window1: mouseVisible = True
43.8244 	EXP 	window1: mouseVisible = False
43.8248 	EXP 	window1: mouseVisible = True
43.8417 	EXP 	window1: mouseVisible = False
43.8419 	EXP 	window1: mouseVisible = True
43.8581 	EXP 	window1: mouseVisible = False
43.8582 	EXP 	window1: mouseVisible = True
43.8745 	EXP 	window1: mouseVisible = False
43.8746 	EXP 	window1: mouseVisible = True
43.8914 	EXP 	window1: mouseVisible = False
43.8916 	EXP 	window1: mouseVisible = True
43.9079 	EXP 	window1: mouseVisible = False
43.9081 	EXP 	window1: mouseVisible = True
43.9247 	EXP 	window1: mouseVisible = False
43.9248 	EXP 	window1: mouseVisible = True
43.9413 	EXP 	window1: mouseVisible = False
43.9415 	EXP 	window1: mouseVisible = True
43.9581 	EXP 	window1: mouseVisible = False
43.9583 	EXP 	window1: mouseVisible = True
43.9744 	EXP 	window1: mouseVisible = False
43.9745 	EXP 	window1: mouseVisible = True
43.9911 	EXP 	window1: mouseVisible = False
43.9914 	EXP 	window1: mouseVisible = True
44.0079 	EXP 	window1: mouseVisible = False
44.0082 	EXP 	window1: mouseVisible = True
44.0245 	EXP 	window1: mouseVisible = False
44.0246 	EXP 	window1: mouseVisible = True
44.0413 	EXP 	window1: mouseVisible = False
44.0414 	EXP 	window1: mouseVisible = True
44.0580 	EXP 	window1: mouseVisible = False
44.0581 	EXP 	window1: mouseVisible = True
44.0746 	EXP 	window1: mouseVisible = False
44.0747 	EXP 	window1: mouseVisible = True
44.0910 	EXP 	window1: mouseVisible = False
44.0912 	EXP 	window1: mouseVisible = True
44.1077 	EXP 	window1: mouseVisible = False
44.1079 	EXP 	window1: mouseVisible = True
44.1244 	EXP 	window1: mouseVisible = False
44.1247 	EXP 	window1: mouseVisible = True
44.1413 	EXP 	window1: mouseVisible = False
44.1417 	EXP 	window1: mouseVisible = True
44.1578 	EXP 	window1: mouseVisible = False
44.1580 	EXP 	window1: mouseVisible = True
44.1744 	EXP 	window1: mouseVisible = False
44.1745 	EXP 	window1: mouseVisible = True
44.1912 	EXP 	window1: mouseVisible = False
44.1913 	EXP 	window1: mouseVisible = True
44.2078 	EXP 	window1: mouseVisible = False
44.2079 	EXP 	window1: mouseVisible = True
44.2246 	EXP 	window1: mouseVisible = False
44.2248 	EXP 	window1: mouseVisible = True
44.2409 	EXP 	window1: mouseVisible = False
44.2411 	EXP 	window1: mouseVisible = True
44.2578 	EXP 	window1: mouseVisible = False
44.2579 	EXP 	window1: mouseVisible = True
44.2747 	EXP 	window1: mouseVisible = False
44.2748 	EXP 	window1: mouseVisible = True
44.2909 	EXP 	window1: mouseVisible = False
44.2910 	EXP 	window1: mouseVisible = True
44.3077 	EXP 	window1: mouseVisible = False
44.3079 	EXP 	window1: mouseVisible = True
44.3245 	EXP 	window1: mouseVisible = False
44.3246 	EXP 	window1: mouseVisible = True
44.3411 	EXP 	window1: mouseVisible = False
44.3412 	EXP 	window1: mouseVisible = True
44.3575 	EXP 	window1: mouseVisible = False
44.3577 	EXP 	window1: mouseVisible = True
44.3745 	EXP 	window1: mouseVisible = False
44.3746 	EXP 	window1: mouseVisible = True
44.3911 	EXP 	window1: mouseVisible = False
44.3912 	EXP 	window1: mouseVisible = True
44.4076 	EXP 	window1: mouseVisible = False
44.4077 	EXP 	window1: mouseVisible = True
44.4244 	EXP 	window1: mouseVisible = False
44.4245 	EXP 	window1: mouseVisible = True
44.4415 	EXP 	window1: mouseVisible = False
44.4417 	EXP 	window1: mouseVisible = True
44.4580 	EXP 	window1: mouseVisible = False
44.4581 	EXP 	window1: mouseVisible = True
44.4744 	EXP 	window1: mouseVisible = False
44.4745 	EXP 	window1: mouseVisible = True
44.4911 	EXP 	window1: mouseVisible = False
44.4913 	EXP 	window1: mouseVisible = True
44.5085 	EXP 	window1: mouseVisible = False
44.5086 	EXP 	window1: mouseVisible = True
44.5244 	EXP 	window1: mouseVisible = False
44.5245 	EXP 	window1: mouseVisible = True
44.5415 	EXP 	window1: mouseVisible = False
44.5417 	EXP 	window1: mouseVisible = True
44.5579 	EXP 	window1: mouseVisible = False
44.5581 	EXP 	window1: mouseVisible = True
44.5742 	EXP 	window1: mouseVisible = False
44.5746 	EXP 	window1: mouseVisible = True
44.5909 	EXP 	window1: mouseVisible = False
44.5912 	EXP 	window1: mouseVisible = True
44.6077 	EXP 	window1: mouseVisible = False
44.6079 	EXP 	window1: mouseVisible = True
44.6245 	EXP 	window1: mouseVisible = False
44.6246 	EXP 	window1: mouseVisible = True
44.6415 	EXP 	window1: mouseVisible = False
44.6417 	EXP 	window1: mouseVisible = True
44.6579 	EXP 	window1: mouseVisible = False
44.6580 	EXP 	window1: mouseVisible = True
44.6745 	EXP 	window1: mouseVisible = False
44.6746 	EXP 	window1: mouseVisible = True
44.6910 	EXP 	window1: mouseVisible = False
44.6912 	EXP 	window1: mouseVisible = True
44.7077 	EXP 	window1: mouseVisible = False
44.7079 	EXP 	window1: mouseVisible = True
44.7242 	EXP 	window1: mouseVisible = False
44.7243 	EXP 	window1: mouseVisible = True
44.7409 	EXP 	window1: mouseVisible = False
44.7411 	EXP 	window1: mouseVisible = True
44.7576 	EXP 	window1: mouseVisible = False
44.7577 	EXP 	window1: mouseVisible = True
44.7742 	EXP 	window1: mouseVisible = False
44.7744 	EXP 	window1: mouseVisible = True
44.7908 	EXP 	window1: mouseVisible = False
44.7910 	EXP 	window1: mouseVisible = True
44.8076 	EXP 	window1: mouseVisible = False
44.8078 	EXP 	window1: mouseVisible = True
44.8242 	EXP 	window1: mouseVisible = False
44.8246 	EXP 	window1: mouseVisible = True
44.8409 	EXP 	window1: mouseVisible = False
44.8411 	EXP 	window1: mouseVisible = True
44.8574 	EXP 	window1: mouseVisible = False
44.8577 	EXP 	window1: mouseVisible = True
44.8742 	EXP 	window1: mouseVisible = False
44.8743 	EXP 	window1: mouseVisible = True
44.8907 	EXP 	window1: mouseVisible = False
44.8909 	EXP 	window1: mouseVisible = True
44.9077 	EXP 	window1: mouseVisible = False
44.9078 	EXP 	window1: mouseVisible = True
44.9244 	EXP 	window1: mouseVisible = False
44.9245 	EXP 	window1: mouseVisible = True
44.9411 	EXP 	window1: mouseVisible = False
44.9412 	EXP 	window1: mouseVisible = True
44.9579 	EXP 	window1: mouseVisible = False
44.9581 	EXP 	window1: mouseVisible = True
44.9745 	EXP 	window1: mouseVisible = False
44.9747 	EXP 	window1: mouseVisible = True
44.9911 	EXP 	window1: mouseVisible = False
44.9913 	EXP 	window1: mouseVisible = True
45.0077 	EXP 	window1: mouseVisible = False
45.0079 	EXP 	window1: mouseVisible = True
45.0244 	EXP 	window1: mouseVisible = False
45.0245 	EXP 	window1: mouseVisible = True
45.0414 	EXP 	window1: mouseVisible = False
45.0416 	EXP 	window1: mouseVisible = True
45.0579 	EXP 	window1: mouseVisible = False
45.0582 	EXP 	window1: mouseVisible = True
45.0741 	EXP 	window1: mouseVisible = False
45.0743 	EXP 	window1: mouseVisible = True
45.0908 	EXP 	window1: mouseVisible = False
45.0910 	EXP 	window1: mouseVisible = True
45.1075 	EXP 	window1: mouseVisible = False
45.1077 	EXP 	window1: mouseVisible = True
45.1243 	EXP 	window1: mouseVisible = False
45.1244 	EXP 	window1: mouseVisible = True
45.1409 	EXP 	window1: mouseVisible = False
45.1411 	EXP 	window1: mouseVisible = True
45.1576 	EXP 	window1: mouseVisible = False
45.1578 	EXP 	window1: mouseVisible = True
45.1740 	EXP 	window1: mouseVisible = False
45.1741 	EXP 	window1: mouseVisible = True
45.1907 	EXP 	window1: mouseVisible = False
45.1909 	EXP 	window1: mouseVisible = True
45.2076 	EXP 	window1: mouseVisible = False
45.2078 	EXP 	window1: mouseVisible = True
45.2243 	EXP 	window1: mouseVisible = False
45.2244 	EXP 	window1: mouseVisible = True
45.2410 	EXP 	window1: mouseVisible = False
45.2412 	EXP 	window1: mouseVisible = True
45.2576 	EXP 	window1: mouseVisible = False
45.2577 	EXP 	window1: mouseVisible = True
45.2742 	EXP 	window1: mouseVisible = False
45.2743 	EXP 	window1: mouseVisible = True
45.2906 	EXP 	window1: mouseVisible = False
45.2908 	EXP 	window1: mouseVisible = True
45.3076 	EXP 	window1: mouseVisible = False
45.3077 	EXP 	window1: mouseVisible = True
45.3243 	EXP 	window1: mouseVisible = False
45.3245 	EXP 	window1: mouseVisible = True
45.3412 	EXP 	window1: mouseVisible = False
45.3414 	EXP 	window1: mouseVisible = True
45.3576 	EXP 	window1: mouseVisible = False
45.3578 	EXP 	window1: mouseVisible = True
45.3743 	EXP 	window1: mouseVisible = False
45.3745 	EXP 	window1: mouseVisible = True
45.3908 	EXP 	window1: mouseVisible = False
45.3909 	EXP 	window1: mouseVisible = True
45.4073 	EXP 	window1: mouseVisible = False
45.4075 	EXP 	window1: mouseVisible = True
45.4241 	EXP 	window1: mouseVisible = False
45.4243 	EXP 	window1: mouseVisible = True
45.4412 	EXP 	window1: mouseVisible = False
45.4414 	EXP 	window1: mouseVisible = True
45.4574 	EXP 	window1: mouseVisible = False
45.4575 	EXP 	window1: mouseVisible = True
45.4740 	EXP 	window1: mouseVisible = False
45.4741 	EXP 	window1: mouseVisible = True
45.4907 	EXP 	window1: mouseVisible = False
45.4909 	EXP 	window1: mouseVisible = True
45.5074 	EXP 	window1: mouseVisible = False
45.5077 	EXP 	window1: mouseVisible = True
45.5238 	EXP 	window1: mouseVisible = False
45.5240 	EXP 	window1: mouseVisible = True
45.5408 	EXP 	window1: mouseVisible = False
45.5411 	EXP 	window1: mouseVisible = True
45.5575 	EXP 	window1: mouseVisible = False
45.5578 	EXP 	window1: mouseVisible = True
45.5739 	EXP 	window1: mouseVisible = False
45.5740 	EXP 	window1: mouseVisible = True
45.5906 	EXP 	window1: mouseVisible = False
45.5908 	EXP 	window1: mouseVisible = True
45.6072 	EXP 	window1: mouseVisible = False
45.6075 	EXP 	window1: mouseVisible = True
45.6239 	EXP 	window1: mouseVisible = False
45.6241 	EXP 	window1: mouseVisible = True
45.6405 	EXP 	window1: mouseVisible = False
45.6408 	EXP 	window1: mouseVisible = True
45.6574 	EXP 	window1: mouseVisible = False
45.6575 	EXP 	window1: mouseVisible = True
45.6741 	EXP 	window1: mouseVisible = False
45.6742 	EXP 	window1: mouseVisible = True
45.6904 	EXP 	window1: mouseVisible = False
45.6906 	EXP 	window1: mouseVisible = True
45.7073 	EXP 	window1: mouseVisible = False
45.7075 	EXP 	window1: mouseVisible = True
45.7241 	EXP 	window1: mouseVisible = False
45.7242 	EXP 	window1: mouseVisible = True
45.7407 	EXP 	window1: mouseVisible = False
45.7409 	EXP 	window1: mouseVisible = True
45.7573 	EXP 	window1: mouseVisible = False
45.7575 	EXP 	window1: mouseVisible = True
45.7739 	EXP 	window1: mouseVisible = False
45.7740 	EXP 	window1: mouseVisible = True
45.7906 	EXP 	window1: mouseVisible = False
45.7908 	EXP 	window1: mouseVisible = True
45.8072 	EXP 	window1: mouseVisible = False
45.8073 	EXP 	window1: mouseVisible = True
45.8239 	EXP 	window1: mouseVisible = False
45.8242 	EXP 	window1: mouseVisible = True
45.8409 	EXP 	window1: mouseVisible = False
45.8411 	EXP 	window1: mouseVisible = True
45.8575 	EXP 	window1: mouseVisible = False
45.8577 	EXP 	window1: mouseVisible = True
45.8738 	EXP 	window1: mouseVisible = False
45.8741 	EXP 	window1: mouseVisible = True
45.8908 	EXP 	window1: mouseVisible = False
45.8909 	EXP 	window1: mouseVisible = True
45.9072 	EXP 	window1: mouseVisible = False
45.9073 	EXP 	window1: mouseVisible = True
45.9239 	EXP 	window1: mouseVisible = False
45.9241 	EXP 	window1: mouseVisible = True
45.9409 	EXP 	window1: mouseVisible = False
45.9411 	EXP 	window1: mouseVisible = True
45.9576 	EXP 	window1: mouseVisible = False
45.9578 	EXP 	window1: mouseVisible = True
45.9738 	EXP 	window1: mouseVisible = False
45.9740 	EXP 	window1: mouseVisible = True
45.9908 	EXP 	window1: mouseVisible = False
45.9910 	EXP 	window1: mouseVisible = True
46.0073 	EXP 	window1: mouseVisible = False
46.0074 	EXP 	window1: mouseVisible = True
46.0238 	EXP 	window1: mouseVisible = False
46.0239 	EXP 	window1: mouseVisible = True
46.0404 	EXP 	window1: mouseVisible = False
46.0406 	EXP 	window1: mouseVisible = True
46.0577 	EXP 	window1: mouseVisible = False
46.0578 	EXP 	window1: mouseVisible = True
46.0741 	EXP 	window1: mouseVisible = False
46.0742 	EXP 	window1: mouseVisible = True
46.0905 	EXP 	window1: mouseVisible = False
46.0906 	EXP 	window1: mouseVisible = True
46.1073 	EXP 	window1: mouseVisible = False
46.1074 	EXP 	window1: mouseVisible = True
46.1240 	EXP 	window1: mouseVisible = False
46.1242 	EXP 	window1: mouseVisible = True
46.1407 	EXP 	window1: mouseVisible = False
46.1408 	EXP 	window1: mouseVisible = True
46.1570 	EXP 	window1: mouseVisible = False
46.1573 	EXP 	window1: mouseVisible = True
46.1740 	EXP 	window1: mouseVisible = False
46.1741 	EXP 	window1: mouseVisible = True
46.1903 	EXP 	window1: mouseVisible = False
46.1904 	EXP 	window1: mouseVisible = True
46.2070 	EXP 	window1: mouseVisible = False
46.2072 	EXP 	window1: mouseVisible = True
46.2237 	EXP 	window1: mouseVisible = False
46.2238 	EXP 	window1: mouseVisible = True
46.2407 	EXP 	window1: mouseVisible = False
46.2408 	EXP 	window1: mouseVisible = True
46.2571 	EXP 	window1: mouseVisible = False
46.2573 	EXP 	window1: mouseVisible = True
46.2739 	EXP 	window1: mouseVisible = False
46.2740 	EXP 	window1: mouseVisible = True
46.2904 	EXP 	window1: mouseVisible = False
46.2905 	EXP 	window1: mouseVisible = True
46.3069 	EXP 	window1: mouseVisible = False
46.3071 	EXP 	window1: mouseVisible = True
46.3238 	EXP 	window1: mouseVisible = False
46.3239 	EXP 	window1: mouseVisible = True
46.3405 	EXP 	window1: mouseVisible = False
46.3407 	EXP 	window1: mouseVisible = True
46.3573 	EXP 	window1: mouseVisible = False
46.3575 	EXP 	window1: mouseVisible = True
46.3738 	EXP 	window1: mouseVisible = False
46.3739 	EXP 	window1: mouseVisible = True
46.3905 	EXP 	window1: mouseVisible = False
46.3906 	EXP 	window1: mouseVisible = True
46.4071 	EXP 	window1: mouseVisible = False
46.4072 	EXP 	window1: mouseVisible = True
46.4241 	EXP 	window1: mouseVisible = False
46.4242 	EXP 	window1: mouseVisible = True
46.4405 	EXP 	window1: mouseVisible = False
46.4406 	EXP 	window1: mouseVisible = True
46.4574 	EXP 	window1: mouseVisible = False
46.4575 	EXP 	window1: mouseVisible = True
46.4738 	EXP 	window1: mouseVisible = False
46.4739 	EXP 	window1: mouseVisible = True
46.4903 	EXP 	window1: mouseVisible = False
46.4904 	EXP 	window1: mouseVisible = True
46.5072 	EXP 	window1: mouseVisible = False
46.5073 	EXP 	window1: mouseVisible = True
46.5237 	EXP 	window1: mouseVisible = False
46.5239 	EXP 	window1: mouseVisible = True
46.5402 	EXP 	window1: mouseVisible = False
46.5403 	EXP 	window1: mouseVisible = True
46.5572 	EXP 	window1: mouseVisible = False
46.5574 	EXP 	window1: mouseVisible = True
46.5738 	EXP 	window1: mouseVisible = False
46.5740 	EXP 	window1: mouseVisible = True
46.5903 	EXP 	window1: mouseVisible = False
46.5905 	EXP 	window1: mouseVisible = True
46.6071 	EXP 	window1: mouseVisible = False
46.6072 	EXP 	window1: mouseVisible = True
46.6239 	EXP 	window1: mouseVisible = False
46.6240 	EXP 	window1: mouseVisible = True
46.6407 	EXP 	window1: mouseVisible = False
46.6409 	EXP 	window1: mouseVisible = True
46.6572 	EXP 	window1: mouseVisible = False
46.6575 	EXP 	window1: mouseVisible = True
46.6735 	EXP 	window1: mouseVisible = False
46.6736 	EXP 	window1: mouseVisible = True
46.6903 	EXP 	window1: mouseVisible = False
46.6905 	EXP 	window1: mouseVisible = True
46.7069 	EXP 	window1: mouseVisible = False
46.7070 	EXP 	window1: mouseVisible = True
46.7237 	EXP 	window1: mouseVisible = False
46.7239 	EXP 	window1: mouseVisible = True
46.7406 	EXP 	window1: mouseVisible = False
46.7407 	EXP 	window1: mouseVisible = True
46.7571 	EXP 	window1: mouseVisible = False
46.7573 	EXP 	window1: mouseVisible = True
46.7575 	DATA 	Keypress: space
46.7736 	EXP 	window1: mouseVisible = False
46.7738 	EXP 	window1: mouseVisible = True
46.7902 	EXP 	window1: mouseVisible = False
46.7903 	EXP 	window1: mouseVisible = True
46.8069 	EXP 	window1: mouseVisible = False
46.8072 	EXP 	window1: mouseVisible = True
46.8239 	EXP 	window1: mouseVisible = False
46.8240 	EXP 	window1: mouseVisible = True
46.8401 	EXP 	window1: mouseVisible = False
46.8403 	EXP 	window1: mouseVisible = True
46.8570 	EXP 	window1: mouseVisible = False
46.8571 	EXP 	window1: mouseVisible = True
46.8739 	EXP 	window1: mouseVisible = False
46.8740 	EXP 	window1: mouseVisible = True
46.8901 	EXP 	window1: mouseVisible = False
46.8903 	EXP 	window1: mouseVisible = True
46.9068 	EXP 	window1: mouseVisible = False
46.9072 	EXP 	window1: mouseVisible = True
46.9235 	EXP 	window1: mouseVisible = False
46.9237 	EXP 	window1: mouseVisible = True
46.9402 	EXP 	window1: mouseVisible = False
46.9405 	EXP 	window1: mouseVisible = True
46.9569 	EXP 	window1: mouseVisible = False
46.9570 	EXP 	window1: mouseVisible = True
46.9736 	EXP 	window1: mouseVisible = False
46.9737 	EXP 	window1: mouseVisible = True
46.9901 	EXP 	window1: mouseVisible = False
46.9902 	EXP 	window1: mouseVisible = True
47.0069 	EXP 	window1: mouseVisible = False
47.0071 	EXP 	window1: mouseVisible = True
47.0234 	EXP 	window1: mouseVisible = False
47.0235 	EXP 	window1: mouseVisible = True
47.0405 	EXP 	window1: mouseVisible = False
47.0406 	EXP 	window1: mouseVisible = True
47.0573 	EXP 	window1: mouseVisible = False
47.0575 	EXP 	window1: mouseVisible = True
47.0735 	EXP 	window1: mouseVisible = False
47.0737 	EXP 	window1: mouseVisible = True
47.0903 	EXP 	window1: mouseVisible = False
47.0904 	EXP 	window1: mouseVisible = True
47.1067 	EXP 	window1: mouseVisible = False
47.1070 	EXP 	window1: mouseVisible = True
47.1233 	EXP 	window1: mouseVisible = False
47.1234 	EXP 	window1: mouseVisible = True
47.1401 	EXP 	window1: mouseVisible = False
47.1403 	EXP 	window1: mouseVisible = True
47.1568 	EXP 	window1: mouseVisible = False
47.1572 	EXP 	window1: mouseVisible = True
47.1735 	EXP 	window1: mouseVisible = False
47.1737 	EXP 	window1: mouseVisible = True
47.1901 	EXP 	window1: mouseVisible = False
47.1902 	EXP 	window1: mouseVisible = True
47.2068 	EXP 	window1: mouseVisible = False
47.2069 	EXP 	window1: mouseVisible = True
47.2238 	EXP 	window1: mouseVisible = False
47.2239 	EXP 	window1: mouseVisible = True
47.2400 	EXP 	window1: mouseVisible = False
47.2401 	EXP 	window1: mouseVisible = True
47.2568 	EXP 	window1: mouseVisible = False
47.2569 	EXP 	window1: mouseVisible = True
47.2736 	EXP 	window1: mouseVisible = False
47.2737 	EXP 	window1: mouseVisible = True
47.2900 	EXP 	window1: mouseVisible = False
47.2901 	EXP 	window1: mouseVisible = True
47.3069 	EXP 	window1: mouseVisible = False
47.3070 	EXP 	window1: mouseVisible = True
47.3236 	EXP 	window1: mouseVisible = False
47.3237 	EXP 	window1: mouseVisible = True
47.3403 	EXP 	window1: mouseVisible = False
47.3405 	EXP 	window1: mouseVisible = True
47.3567 	EXP 	window1: mouseVisible = False
47.3568 	EXP 	window1: mouseVisible = True
47.3736 	EXP 	window1: mouseVisible = False
47.3739 	EXP 	window1: mouseVisible = True
47.3900 	EXP 	window1: mouseVisible = False
47.3902 	EXP 	window1: mouseVisible = True
47.4066 	EXP 	window1: mouseVisible = False
47.4067 	EXP 	window1: mouseVisible = True
47.4234 	EXP 	window1: mouseVisible = False
47.4235 	EXP 	window1: mouseVisible = True
47.4405 	EXP 	window1: mouseVisible = False
47.4408 	EXP 	window1: mouseVisible = True
47.4569 	EXP 	window1: mouseVisible = False
47.4571 	EXP 	window1: mouseVisible = True
47.4734 	EXP 	window1: mouseVisible = False
47.4735 	EXP 	window1: mouseVisible = True
47.4899 	EXP 	window1: mouseVisible = False
47.4900 	EXP 	window1: mouseVisible = True
47.5068 	EXP 	window1: mouseVisible = False
47.5070 	EXP 	window1: mouseVisible = True
47.5238 	EXP 	window1: mouseVisible = False
47.5240 	EXP 	window1: mouseVisible = True
47.5404 	EXP 	window1: mouseVisible = False
47.5406 	EXP 	window1: mouseVisible = True
47.5570 	EXP 	window1: mouseVisible = False
47.5572 	EXP 	window1: mouseVisible = True
47.5734 	EXP 	window1: mouseVisible = False
47.5735 	EXP 	window1: mouseVisible = True
47.5899 	EXP 	window1: mouseVisible = False
47.5901 	EXP 	window1: mouseVisible = True
47.6068 	EXP 	window1: mouseVisible = False
47.6069 	EXP 	window1: mouseVisible = True
47.6233 	EXP 	window1: mouseVisible = False
47.6235 	EXP 	window1: mouseVisible = True
47.6399 	EXP 	window1: mouseVisible = False
47.6400 	EXP 	window1: mouseVisible = True
47.6568 	EXP 	window1: mouseVisible = False
47.6569 	EXP 	window1: mouseVisible = True
47.6734 	EXP 	window1: mouseVisible = False
47.6736 	EXP 	window1: mouseVisible = True
47.6900 	EXP 	window1: mouseVisible = False
47.6901 	EXP 	window1: mouseVisible = True
47.7066 	EXP 	window1: mouseVisible = False
47.7068 	EXP 	window1: mouseVisible = True
47.7235 	EXP 	window1: mouseVisible = False
47.7238 	EXP 	window1: mouseVisible = True
47.7402 	EXP 	window1: mouseVisible = False
47.7404 	EXP 	window1: mouseVisible = True
47.7566 	EXP 	window1: mouseVisible = False
47.7567 	EXP 	window1: mouseVisible = True
47.7735 	EXP 	window1: mouseVisible = False
47.7736 	EXP 	window1: mouseVisible = True
47.7900 	EXP 	window1: mouseVisible = False
47.7901 	EXP 	window1: mouseVisible = True
47.8064 	EXP 	window1: mouseVisible = False
47.8066 	EXP 	window1: mouseVisible = True
47.8232 	EXP 	window1: mouseVisible = False
47.8233 	EXP 	window1: mouseVisible = True
47.8405 	EXP 	window1: mouseVisible = False
47.8407 	EXP 	window1: mouseVisible = True
47.8567 	EXP 	window1: mouseVisible = False
47.8569 	EXP 	window1: mouseVisible = True
47.8732 	EXP 	window1: mouseVisible = False
47.8734 	EXP 	window1: mouseVisible = True
47.8898 	EXP 	window1: mouseVisible = False
47.8900 	EXP 	window1: mouseVisible = True
47.9068 	EXP 	window1: mouseVisible = False
47.9069 	EXP 	window1: mouseVisible = True
47.9232 	EXP 	window1: mouseVisible = False
47.9235 	EXP 	window1: mouseVisible = True
47.9402 	EXP 	window1: mouseVisible = False
47.9404 	EXP 	window1: mouseVisible = True
47.9567 	EXP 	window1: mouseVisible = False
47.9569 	EXP 	window1: mouseVisible = True
47.9734 	EXP 	window1: mouseVisible = False
47.9735 	EXP 	window1: mouseVisible = True
47.9899 	EXP 	window1: mouseVisible = False
47.9900 	EXP 	window1: mouseVisible = True
48.0067 	EXP 	window1: mouseVisible = False
48.0068 	EXP 	window1: mouseVisible = True
48.0230 	EXP 	window1: mouseVisible = False
48.0231 	EXP 	window1: mouseVisible = True
48.0397 	EXP 	window1: mouseVisible = False
48.0400 	EXP 	window1: mouseVisible = True
48.0568 	EXP 	window1: mouseVisible = False
48.0569 	EXP 	window1: mouseVisible = True
48.0733 	EXP 	window1: mouseVisible = False
48.0735 	EXP 	window1: mouseVisible = True
48.0900 	EXP 	window1: mouseVisible = False
48.0902 	EXP 	window1: mouseVisible = True
48.1066 	EXP 	window1: mouseVisible = False
48.1067 	EXP 	window1: mouseVisible = True
48.1234 	EXP 	window1: mouseVisible = False
48.1237 	EXP 	window1: mouseVisible = True
48.1401 	EXP 	window1: mouseVisible = False
48.1403 	EXP 	window1: mouseVisible = True
48.1565 	EXP 	window1: mouseVisible = False
48.1568 	EXP 	window1: mouseVisible = True
48.1734 	EXP 	window1: mouseVisible = False
48.1736 	EXP 	window1: mouseVisible = True
48.1900 	EXP 	window1: mouseVisible = False
48.1902 	EXP 	window1: mouseVisible = True
48.2065 	EXP 	window1: mouseVisible = False
48.2066 	EXP 	window1: mouseVisible = True
48.2234 	EXP 	window1: mouseVisible = False
48.2235 	EXP 	window1: mouseVisible = True
48.2404 	EXP 	window1: mouseVisible = False
48.2405 	EXP 	window1: mouseVisible = True
48.2566 	EXP 	window1: mouseVisible = False
48.2568 	EXP 	window1: mouseVisible = True
48.2731 	EXP 	window1: mouseVisible = False
48.2732 	EXP 	window1: mouseVisible = True
48.2898 	EXP 	window1: mouseVisible = False
48.2899 	EXP 	window1: mouseVisible = True
48.3065 	EXP 	window1: mouseVisible = False
48.3067 	EXP 	window1: mouseVisible = True
48.3230 	EXP 	window1: mouseVisible = False
48.3231 	EXP 	window1: mouseVisible = True
48.3400 	EXP 	window1: mouseVisible = False
48.3402 	EXP 	window1: mouseVisible = True
48.3566 	EXP 	window1: mouseVisible = False
48.3567 	EXP 	window1: mouseVisible = True
48.3734 	EXP 	window1: mouseVisible = False
48.3735 	EXP 	window1: mouseVisible = True
48.3900 	EXP 	window1: mouseVisible = False
48.3901 	EXP 	window1: mouseVisible = True
48.4065 	EXP 	window1: mouseVisible = False
48.4067 	EXP 	window1: mouseVisible = True
48.4232 	EXP 	window1: mouseVisible = False
48.4233 	EXP 	window1: mouseVisible = True
48.4397 	EXP 	window1: mouseVisible = False
48.4398 	EXP 	window1: mouseVisible = True
48.4566 	EXP 	window1: mouseVisible = False
48.4567 	EXP 	window1: mouseVisible = True
48.4729 	EXP 	window1: mouseVisible = False
48.4731 	EXP 	window1: mouseVisible = True
48.4898 	EXP 	window1: mouseVisible = False
48.4899 	EXP 	window1: mouseVisible = True
48.5065 	EXP 	window1: mouseVisible = False
48.5066 	EXP 	window1: mouseVisible = True
48.5234 	EXP 	window1: mouseVisible = False
48.5235 	EXP 	window1: mouseVisible = True
48.5402 	EXP 	window1: mouseVisible = False
48.5404 	EXP 	window1: mouseVisible = True
48.5565 	EXP 	window1: mouseVisible = False
48.5567 	EXP 	window1: mouseVisible = True
48.5731 	EXP 	window1: mouseVisible = False
48.5732 	EXP 	window1: mouseVisible = True
48.5899 	EXP 	window1: mouseVisible = False
48.5900 	EXP 	window1: mouseVisible = True
48.6063 	EXP 	window1: mouseVisible = False
48.6064 	EXP 	window1: mouseVisible = True
48.6227 	EXP 	window1: mouseVisible = False
48.6231 	EXP 	window1: mouseVisible = True
48.6399 	EXP 	window1: mouseVisible = False
48.6401 	EXP 	window1: mouseVisible = True
48.6565 	EXP 	window1: mouseVisible = False
48.6567 	EXP 	window1: mouseVisible = True
48.6730 	EXP 	window1: mouseVisible = False
48.6732 	EXP 	window1: mouseVisible = True
48.6896 	EXP 	window1: mouseVisible = False
48.6898 	EXP 	window1: mouseVisible = True
48.7067 	EXP 	window1: mouseVisible = False
48.7068 	EXP 	window1: mouseVisible = True
48.7232 	EXP 	window1: mouseVisible = False
48.7233 	EXP 	window1: mouseVisible = True
48.7401 	EXP 	window1: mouseVisible = False
48.7403 	EXP 	window1: mouseVisible = True
48.7565 	EXP 	window1: mouseVisible = False
48.7566 	EXP 	window1: mouseVisible = True
48.7728 	EXP 	window1: mouseVisible = False
48.7729 	EXP 	window1: mouseVisible = True
48.7897 	EXP 	window1: mouseVisible = False
48.7899 	EXP 	window1: mouseVisible = True
48.8064 	EXP 	window1: mouseVisible = False
48.8065 	EXP 	window1: mouseVisible = True
48.8230 	EXP 	window1: mouseVisible = False
48.8232 	EXP 	window1: mouseVisible = True
48.8397 	EXP 	window1: mouseVisible = False
48.8400 	EXP 	window1: mouseVisible = True
48.8567 	EXP 	window1: mouseVisible = False
48.8568 	EXP 	window1: mouseVisible = True
48.8585 	DATA 	Keypress: escape
48.8731 	EXP 	window1: mouseVisible = False
48.8732 	EXP 	window1: mouseVisible = True
48.8895 	EXP 	window1: mouseVisible = False
48.8897 	EXP 	window1: mouseVisible = True
48.9063 	EXP 	window1: mouseVisible = False
48.9064 	EXP 	window1: mouseVisible = True
48.9230 	EXP 	window1: mouseVisible = False
48.9231 	EXP 	window1: mouseVisible = True
48.9396 	EXP 	window1: mouseVisible = False
48.9398 	EXP 	window1: mouseVisible = True
48.9562 	EXP 	window1: mouseVisible = False
48.9563 	EXP 	window1: mouseVisible = True
48.9731 	EXP 	window1: mouseVisible = False
48.9732 	EXP 	window1: mouseVisible = True
48.9898 	EXP 	window1: mouseVisible = False
48.9900 	EXP 	window1: mouseVisible = True
50.2396 	EXP 	window1: mouseVisible = True
