1.8620 	WARNING 	We strongly recommend you activate the PTB sound engine in PsychoPy prefs as the preferred audio engine. Its timing is vastly superior. Your prefs are currently set to use ['pyo'] (in that order).
8.8781 	EXP 	Created window1 = Window(allowGUI=True, allowStencil=False, autoLog=True, backendConf=UNKNOWN, bitsMode=UNKNOWN, blendMode='avg', bpc=(8, 8, 8), color=array([0, 0, 0]), colorSpace='rgb', depthBits=8, fullscr=<method-wrapper '__getattribute__' of attributeSetter object at 0x000001D776B30D60>, gamma=None, gammaErrorPolicy='raise', lms=UNKNOWN, monitor=<psychopy.monitors.calibTools.Monitor object at 0x000001D71F100940>, multiSample=False, name='window1', numSamples=2, pos=(0, 0), screen=0, size=array([2560, 1440]), stencilBits=0, stereo=False, units='height', useFBO=True, useRetina=False, viewOri=0.0, viewPos=None, viewScale=None, waitBlanking=True, winType='pyglet')
8.8782 	EXP 	window1: mouseVisible = True
8.8783 	EXP 	window1: mouseVisible = False
8.8783 	EXP 	window1: Attempting to measure frame rate of screen (0) ...
8.8783 	EXP 	window1: recordFrameIntervals = False
9.0446 	EXP 	window1: recordFrameIntervals = True
9.2277 	EXP 	Screen (0) actual frame rate measured at 60.04Hz
9.2277 	EXP 	window1: recordFrameIntervals = False
10.9336 	EXP 	Created instr_start = TextStim(__class__=<class 'psychopy.visual.text.TextStim'>, alignHoriz=method-wrapper(...), alignText='center', alignVert=method-wrapper(...), anchorHoriz='center', anchorVert='center', antialias=True, autoDraw=False, autoLog=True, bold=False, color=array([1., 1., 1.]), colorSpace='rgb', contrast=1.0, depth=0.0, flipHoriz=False, flipVert=False, font='Arial', fontFiles=[], height=0.04, italic=False, languageStyle='LTR', name='instr_start', opacity=1.0, ori=0, pos=array([0., 0.]), rgb=UNKNOWN, text=str(...), units='height', win=Window(...), wrapWidth=1)
10.9513 	EXP 	Created instrRest_pre = TextStim(__class__=<class 'psychopy.visual.text.TextStim'>, alignHoriz=method-wrapper(...), alignText='center', alignVert=method-wrapper(...), anchorHoriz='center', anchorVert='center', antialias=True, autoDraw=False, autoLog=True, bold=False, color=array([1., 1., 1.]), colorSpace='rgb', contrast=1.0, depth=-1.0, flipHoriz=False, flipVert=False, font='Arial', fontFiles=[], height=0.04, italic=False, languageStyle='LTR', name='instrRest_pre', opacity=1.0, ori=0, pos=array([0., 0.]), rgb=UNKNOWN, text=str(...), units='height', win=Window(...), wrapWidth=1)
11.9132 	EXP 	Set  sound=C
11.9370 	EXP 	Set beep_rest_pre_start sound=A
11.9370 	EXP 	Sound beep_rest_pre_start set volume 1.000
11.9447 	EXP 	Created fixation_1 = ShapeStim(__class__=<class 'psychopy.visual.shape.ShapeStim'>, anchor=('center', 'center'), autoDraw=False, autoLog=True, closeShape=True, color=method-wrapper(...), colorSpace='rgb', contrast=None, depth=-1.0, fillColor=array([1, 1, 1]), fillColorSpace='rgb', fillRGB=array([1, 1, 1]), interpolate=True, lineColor=array([1., 1., 1.]), lineColorSpace='rgb', lineRGB=array([1, 1, 1]), lineWidth=0.5, name='fixation_1', opacity=0.75, ori=0.0, pos=array([0., 0.]), size=array([0.05, 0.05]), units='height', vertices=ndarray(...), win=Window(...), windingRule=None)
11.9634 	EXP 	Created screenAfterAudio_3 = ImageStim(__class__=<class 'psychopy.visual.image.ImageStim'>, anchor=('center', 'center'), autoLog=True, color=array([1., 1., 1.]), colorSpace='rgb', contrast=1.0, depth=-3.0, flipHoriz=False, flipVert=False, image='images/grayScreen.png', interpolate=True, mask=None, maskParams=None, name='screenAfterAudio_3', opacity=1.0, ori=0.0, pos=array([0., 0.]), size=array([0.5, 0.5]), texRes=128.0, units='height', win=Window(...))
11.9648 	EXP 	Set beep_rest_pre_end sound=A
11.9648 	EXP 	Sound beep_rest_pre_end set volume 1.000
12.0147 	EXP 	Created instr_start_2 = TextStim(__class__=<class 'psychopy.visual.text.TextStim'>, alignHoriz=method-wrapper(...), alignText='center', alignVert=method-wrapper(...), anchorHoriz='center', anchorVert='center', antialias=True, autoDraw=False, autoLog=True, bold=False, color=array([1., 1., 1.]), colorSpace='rgb', contrast=1.0, depth=0.0, flipHoriz=False, flipVert=False, font='Arial', fontFiles=[], height=0.04, italic=False, languageStyle='LTR', name='instr_start_2', opacity=1.0, ori=0, pos=array([0., 0.]), rgb=UNKNOWN, text=str(...), units='height', win=Window(...), wrapWidth=1)
12.0279 	EXP 	Set sound_examples sound=A
12.0280 	EXP 	Sound sound_examples set volume 1.000
12.0298 	EXP 	Created fixation_2 = ShapeStim(__class__=<class 'psychopy.visual.shape.ShapeStim'>, anchor=('center', 'center'), autoDraw=False, autoLog=True, closeShape=True, color=method-wrapper(...), colorSpace='rgb', contrast=None, depth=-1.0, fillColor=array([1, 1, 1]), fillColorSpace='rgb', fillRGB=array([1, 1, 1]), interpolate=True, lineColor=array([1., 1., 1.]), lineColorSpace='rgb', lineRGB=array([1, 1, 1]), lineWidth=0.5, name='fixation_2', opacity=0.75, ori=0.0, pos=array([0., 0.]), size=array([0.05, 0.05]), units='height', vertices=ndarray(...), win=Window(...), windingRule=None)
12.0419 	EXP 	Created screenAfterAudio_2 = ImageStim(__class__=<class 'psychopy.visual.image.ImageStim'>, anchor=('center', 'center'), autoLog=True, color=array([1., 1., 1.]), colorSpace='rgb', contrast=1.0, depth=-3.0, flipHoriz=False, flipVert=False, image='images/grayScreen.png', interpolate=True, mask=None, maskParams=None, name='screenAfterAudio_2', opacity=1.0, ori=0.0, pos=array([0., 0.]), size=array([0.5, 0.5]), texRes=128.0, units='height', win=Window(...))
12.0544 	EXP 	Created blankScreen_2 = ImageStim(__class__=<class 'psychopy.visual.image.ImageStim'>, anchor=('center', 'center'), autoLog=True, color=array([1., 1., 1.]), colorSpace='rgb', contrast=1.0, depth=-4.0, flipHoriz=False, flipVert=False, image='images/grayScreen.png', interpolate=True, mask=None, maskParams=None, name='blankScreen_2', opacity=1.0, ori=0.0, pos=array([0., 0.]), size=array([1920., 1080.]), texRes=128, units='height', win=Window(...))
12.0805 	EXP 	Created call1_2 = ImageStim(__class__=<class 'psychopy.visual.image.ImageStim'>, anchor=('center', 'center'), autoLog=True, color=array([1., 1., 1.]), colorSpace='rgb', contrast=1.0, depth=-5.0, flipHoriz=False, flipVert=False, image='images/adler.png', interpolate=True, mask=None, maskParams=None, name='call1_2', opacity=1.0, ori=0.0, pos=array([-0.4   ,  0.3125]), size=array([0.18, 0.18]), texRes=128, units='height', win=Window(...))
12.1058 	EXP 	Created call2_2 = ImageStim(__class__=<class 'psychopy.visual.image.ImageStim'>, anchor=('center', 'center'), autoLog=True, color=array([1., 1., 1.]), colorSpace='rgb', contrast=1.0, depth=-6.0, flipHoriz=False, flipVert=False, image='images/drossel.png', interpolate=True, mask=None, maskParams=None, name='call2_2', opacity=1.0, ori=0.0, pos=array([-0.4       ,  0.10416667]), size=array([0.18, 0.18]), texRes=128, units='height', win=Window(...))
12.1310 	EXP 	Created call3_2 = ImageStim(__class__=<class 'psychopy.visual.image.ImageStim'>, anchor=('center', 'center'), autoLog=True, color=array([1., 1., 1.]), colorSpace='rgb', contrast=1.0, depth=-7.0, flipHoriz=False, flipVert=False, image='images/kroete.png', interpolate=True, mask=None, maskParams=None, name='call3_2', opacity=1.0, ori=0.0, pos=array([-0.4       , -0.10416667]), size=array([0.18, 0.18]), texRes=128, units='height', win=Window(...))
12.1551 	EXP 	Created call4_2 = ImageStim(__class__=<class 'psychopy.visual.image.ImageStim'>, anchor=('center', 'center'), autoLog=True, color=array([1., 1., 1.]), colorSpace='rgb', contrast=1.0, depth=-8.0, flipHoriz=False, flipVert=False, image='images/tiger.png', interpolate=True, mask=None, maskParams=None, name='call4_2', opacity=1.0, ori=0.0, pos=array([-0.4   , -0.3125]), size=array([0.18, 0.18]), texRes=128, units='height', win=Window(...))
12.1777 	EXP 	Created colour1_2 = ImageStim(__class__=<class 'psychopy.visual.image.ImageStim'>, anchor=('center', 'center'), autoLog=True, color=array([1., 1., 1.]), colorSpace='rgb', contrast=1.0, depth=-9.0, flipHoriz=False, flipVert=False, image='images/gelb.png', interpolate=True, mask=None, maskParams=None, name='colour1_2', opacity=1.0, ori=0.0, pos=array([0.    , 0.3125]), size=array([0.18, 0.18]), texRes=128, units='height', win=Window(...))
12.1983 	EXP 	Created colour2_2 = ImageStim(__class__=<class 'psychopy.visual.image.ImageStim'>, anchor=('center', 'center'), autoLog=True, color=array([1., 1., 1.]), colorSpace='rgb', contrast=1.0, depth=-10.0, flipHoriz=False, flipVert=False, image='images/gruen.png', interpolate=True, mask=None, maskParams=None, name='colour2_2', opacity=1.0, ori=0.0, pos=array([0.        , 0.10416667]), size=array([0.18, 0.18]), texRes=128, units='height', win=Window(...))
12.2171 	EXP 	Created colour3_2 = ImageStim(__class__=<class 'psychopy.visual.image.ImageStim'>, anchor=('center', 'center'), autoLog=True, color=array([1., 1., 1.]), colorSpace='rgb', contrast=1.0, depth=-11.0, flipHoriz=False, flipVert=False, image='images/rot.png', interpolate=True, mask=None, maskParams=None, name='colour3_2', opacity=1.0, ori=0.0, pos=array([ 0.        , -0.10416667]), size=array([0.18, 0.18]), texRes=128, units='height', win=Window(...))
12.2441 	EXP 	Created colour4_2 = ImageStim(__class__=<class 'psychopy.visual.image.ImageStim'>, anchor=('center', 'center'), autoLog=True, color=array([1., 1., 1.]), colorSpace='rgb', contrast=1.0, depth=-12.0, flipHoriz=False, flipVert=False, image='images/weiss.png', interpolate=True, mask=None, maskParams=None, name='colour4_2', opacity=1.0, ori=0.0, pos=array([ 0.    , -0.3125]), size=array([0.18, 0.18]), texRes=128, units='height', win=Window(...))
12.2649 	EXP 	Created number1_2 = ImageStim(__class__=<class 'psychopy.visual.image.ImageStim'>, anchor=('center', 'center'), autoLog=True, color=array([1., 1., 1.]), colorSpace='rgb', contrast=1.0, depth=-13.0, flipHoriz=False, flipVert=False, image='images/1.png', interpolate=True, mask=None, maskParams=None, name='number1_2', opacity=1.0, ori=0.0, pos=array([0.4   , 0.3125]), size=array([0.18, 0.18]), texRes=128, units='height', win=Window(...))
12.2879 	EXP 	Created number2_2 = ImageStim(__class__=<class 'psychopy.visual.image.ImageStim'>, anchor=('center', 'center'), autoLog=True, color=array([1., 1., 1.]), colorSpace='rgb', contrast=1.0, depth=-14.0, flipHoriz=False, flipVert=False, image='images/2.png', interpolate=True, mask=None, maskParams=None, name='number2_2', opacity=1.0, ori=0.0, pos=array([0.4       , 0.10416667]), size=array([0.18, 0.18]), texRes=128, units='height', win=Window(...))
12.3105 	EXP 	Created number3_2 = ImageStim(__class__=<class 'psychopy.visual.image.ImageStim'>, anchor=('center', 'center'), autoLog=True, color=array([1., 1., 1.]), colorSpace='rgb', contrast=1.0, depth=-15.0, flipHoriz=False, flipVert=False, image='images/3.png', interpolate=True, mask=None, maskParams=None, name='number3_2', opacity=1.0, ori=0.0, pos=array([ 0.4       , -0.10416667]), size=array([0.18, 0.18]), texRes=128, units='height', win=Window(...))
12.3300 	EXP 	Created number4_2 = ImageStim(__class__=<class 'psychopy.visual.image.ImageStim'>, anchor=('center', 'center'), autoLog=True, color=array([1., 1., 1.]), colorSpace='rgb', contrast=1.0, depth=-16.0, flipHoriz=False, flipVert=False, image='images/4.png', interpolate=True, mask=None, maskParams=None, name='number4_2', opacity=1.0, ori=0.0, pos=array([ 0.4   , -0.3125]), size=array([0.18, 0.18]), texRes=128, units='height', win=Window(...))
12.3303 	EXP 	window1: mouseVisible = True
12.3305 	EXP 	window1: mouseVisible = True
12.3305 	EXP 	window1: mouseVisible = True
12.3498 	EXP 	Created blankScreenAfterResponse_2 = ImageStim(__class__=<class 'psychopy.visual.image.ImageStim'>, anchor=('center', 'center'), autoLog=True, color=array([1., 1., 1.]), colorSpace='rgb', contrast=1.0, depth=-25.0, flipHoriz=False, flipVert=False, image='images/blankScreen.png', interpolate=True, mask=None, maskParams=None, name='blankScreenAfterResponse_2', opacity=1.0, ori=0.0, pos=array([0., 0.]), size=array([1920., 1080.]), texRes=128, units='height', win=Window(...))
12.3635 	EXP 	Created instrTaskText = TextStim(__class__=<class 'psychopy.visual.text.TextStim'>, alignHoriz=method-wrapper(...), alignText='center', alignVert=method-wrapper(...), anchorHoriz='center', anchorVert='center', antialias=True, autoDraw=False, autoLog=True, bold=False, color=array([1., 1., 1.]), colorSpace='rgb', contrast=1.0, depth=-1.0, flipHoriz=False, flipVert=False, font='Arial', fontFiles=[], height=0.04, italic=False, languageStyle='LTR', name='instrTaskText', opacity=1.0, ori=0, pos=array([0., 0.]), rgb=UNKNOWN, text=str(...), units='height', win=Window(...), wrapWidth=1)
12.3734 	EXP 	Created blockStart = TextStim(__class__=<class 'psychopy.visual.text.TextStim'>, alignHoriz=method-wrapper(...), alignText='center', alignVert=method-wrapper(...), anchorHoriz='center', anchorVert='center', antialias=True, autoDraw=False, autoLog=True, bold=False, color=array([1., 1., 1.]), colorSpace='rgb', contrast=1.0, depth=0.0, flipHoriz=False, flipVert=False, font='Arial', fontFiles=[], height=0.04, italic=False, languageStyle='LTR', name='blockStart', opacity=1.0, ori=0, pos=array([0., 0.]), rgb=UNKNOWN, text=str(...), units='height', win=Window(...), wrapWidth=1)
12.3869 	EXP 	Set sound_1 sound=A
12.3869 	EXP 	Sound sound_1 set volume 1.000
12.3887 	EXP 	Created fixation = ShapeStim(__class__=<class 'psychopy.visual.shape.ShapeStim'>, anchor=('center', 'center'), autoDraw=False, autoLog=True, closeShape=True, color=method-wrapper(...), colorSpace='rgb', contrast=None, depth=-2.0, fillColor=array([1, 1, 1]), fillColorSpace='rgb', fillRGB=array([1, 1, 1]), interpolate=True, lineColor=array([1., 1., 1.]), lineColorSpace='rgb', lineRGB=array([1, 1, 1]), lineWidth=0.5, name='fixation', opacity=0.75, ori=0.0, pos=array([0., 0.]), size=array([0.05, 0.05]), units='height', vertices=ndarray(...), win=Window(...), windingRule=None)
12.4027 	EXP 	Created screenAfterAudio = ImageStim(__class__=<class 'psychopy.visual.image.ImageStim'>, anchor=('center', 'center'), autoLog=True, color=array([1., 1., 1.]), colorSpace='rgb', contrast=1.0, depth=-4.0, flipHoriz=False, flipVert=False, image='images/grayScreen.png', interpolate=True, mask=None, maskParams=None, name='screenAfterAudio', opacity=1.0, ori=0.0, pos=array([0., 0.]), size=array([0.5, 0.5]), texRes=128.0, units='height', win=Window(...))
12.4146 	EXP 	Created blankScreen = ImageStim(__class__=<class 'psychopy.visual.image.ImageStim'>, anchor=('center', 'center'), autoLog=True, color=array([1., 1., 1.]), colorSpace='rgb', contrast=1.0, depth=-4.0, flipHoriz=False, flipVert=False, image='images/grayScreen.png', interpolate=True, mask=None, maskParams=None, name='blankScreen', opacity=1.0, ori=0.0, pos=array([0., 0.]), size=array([1920., 1080.]), texRes=128, units='height', win=Window(...))
12.4316 	EXP 	Created call1 = ImageStim(__class__=<class 'psychopy.visual.image.ImageStim'>, anchor=('center', 'center'), autoLog=True, color=array([1., 1., 1.]), colorSpace='rgb', contrast=1.0, depth=-5.0, flipHoriz=False, flipVert=False, image='images/adler.png', interpolate=True, mask=None, maskParams=None, name='call1', opacity=1.0, ori=0.0, pos=array([-0.4   ,  0.3125]), size=array([0.18, 0.18]), texRes=128, units='height', win=Window(...))
12.4465 	EXP 	Created call2 = ImageStim(__class__=<class 'psychopy.visual.image.ImageStim'>, anchor=('center', 'center'), autoLog=True, color=array([1., 1., 1.]), colorSpace='rgb', contrast=1.0, depth=-6.0, flipHoriz=False, flipVert=False, image='images/drossel.png', interpolate=True, mask=None, maskParams=None, name='call2', opacity=1.0, ori=0.0, pos=array([-0.4       ,  0.10416667]), size=array([0.18, 0.18]), texRes=128, units='height', win=Window(...))
12.4621 	EXP 	Created call3 = ImageStim(__class__=<class 'psychopy.visual.image.ImageStim'>, anchor=('center', 'center'), autoLog=True, color=array([1., 1., 1.]), colorSpace='rgb', contrast=1.0, depth=-7.0, flipHoriz=False, flipVert=False, image='images/kroete.png', interpolate=True, mask=None, maskParams=None, name='call3', opacity=1.0, ori=0.0, pos=array([-0.4       , -0.10416667]), size=array([0.18, 0.18]), texRes=128, units='height', win=Window(...))
12.4772 	EXP 	Created call4 = ImageStim(__class__=<class 'psychopy.visual.image.ImageStim'>, anchor=('center', 'center'), autoLog=True, color=array([1., 1., 1.]), colorSpace='rgb', contrast=1.0, depth=-8.0, flipHoriz=False, flipVert=False, image='images/tiger.png', interpolate=True, mask=None, maskParams=None, name='call4', opacity=1.0, ori=0.0, pos=array([-0.4   , -0.3125]), size=array([0.18, 0.18]), texRes=128, units='height', win=Window(...))
12.4912 	EXP 	Created colour1 = ImageStim(__class__=<class 'psychopy.visual.image.ImageStim'>, anchor=('center', 'center'), autoLog=True, color=array([1., 1., 1.]), colorSpace='rgb', contrast=1.0, depth=-9.0, flipHoriz=False, flipVert=False, image='images/gelb.png', interpolate=True, mask=None, maskParams=None, name='colour1', opacity=1.0, ori=0.0, pos=array([0.    , 0.3125]), size=array([0.18, 0.18]), texRes=128, units='height', win=Window(...))
12.5043 	EXP 	Created colour2 = ImageStim(__class__=<class 'psychopy.visual.image.ImageStim'>, anchor=('center', 'center'), autoLog=True, color=array([1., 1., 1.]), colorSpace='rgb', contrast=1.0, depth=-10.0, flipHoriz=False, flipVert=False, image='images/gruen.png', interpolate=True, mask=None, maskParams=None, name='colour2', opacity=1.0, ori=0.0, pos=array([0.        , 0.10416667]), size=array([0.18, 0.18]), texRes=128, units='height', win=Window(...))
12.5191 	EXP 	Created colour3 = ImageStim(__class__=<class 'psychopy.visual.image.ImageStim'>, anchor=('center', 'center'), autoLog=True, color=array([1., 1., 1.]), colorSpace='rgb', contrast=1.0, depth=-11.0, flipHoriz=False, flipVert=False, image='images/rot.png', interpolate=True, mask=None, maskParams=None, name='colour3', opacity=1.0, ori=0.0, pos=array([ 0.        , -0.10416667]), size=array([0.18, 0.18]), texRes=128, units='height', win=Window(...))
12.5375 	EXP 	Created colour4 = ImageStim(__class__=<class 'psychopy.visual.image.ImageStim'>, anchor=('center', 'center'), autoLog=True, color=array([1., 1., 1.]), colorSpace='rgb', contrast=1.0, depth=-12.0, flipHoriz=False, flipVert=False, image='images/weiss.png', interpolate=True, mask=None, maskParams=None, name='colour4', opacity=1.0, ori=0.0, pos=array([ 0.    , -0.3125]), size=array([0.18, 0.18]), texRes=128, units='height', win=Window(...))
12.5524 	EXP 	Created number1 = ImageStim(__class__=<class 'psychopy.visual.image.ImageStim'>, anchor=('center', 'center'), autoLog=True, color=array([1., 1., 1.]), colorSpace='rgb', contrast=1.0, depth=-13.0, flipHoriz=False, flipVert=False, image='images/1.png', interpolate=True, mask=None, maskParams=None, name='number1', opacity=1.0, ori=0.0, pos=array([0.4   , 0.3125]), size=array([0.18, 0.18]), texRes=128, units='height', win=Window(...))
12.5653 	EXP 	Created number2 = ImageStim(__class__=<class 'psychopy.visual.image.ImageStim'>, anchor=('center', 'center'), autoLog=True, color=array([1., 1., 1.]), colorSpace='rgb', contrast=1.0, depth=-14.0, flipHoriz=False, flipVert=False, image='images/2.png', interpolate=True, mask=None, maskParams=None, name='number2', opacity=1.0, ori=0.0, pos=array([0.4       , 0.10416667]), size=array([0.18, 0.18]), texRes=128, units='height', win=Window(...))
12.5783 	EXP 	Created number3 = ImageStim(__class__=<class 'psychopy.visual.image.ImageStim'>, anchor=('center', 'center'), autoLog=True, color=array([1., 1., 1.]), colorSpace='rgb', contrast=1.0, depth=-15.0, flipHoriz=False, flipVert=False, image='images/3.png', interpolate=True, mask=None, maskParams=None, name='number3', opacity=1.0, ori=0.0, pos=array([ 0.4       , -0.10416667]), size=array([0.18, 0.18]), texRes=128, units='height', win=Window(...))
12.5921 	EXP 	Created number4 = ImageStim(__class__=<class 'psychopy.visual.image.ImageStim'>, anchor=('center', 'center'), autoLog=True, color=array([1., 1., 1.]), colorSpace='rgb', contrast=1.0, depth=-16.0, flipHoriz=False, flipVert=False, image='images/4.png', interpolate=True, mask=None, maskParams=None, name='number4', opacity=1.0, ori=0.0, pos=array([ 0.4   , -0.3125]), size=array([0.18, 0.18]), texRes=128, units='height', win=Window(...))
12.5921 	EXP 	window1: mouseVisible = True
12.5922 	EXP 	window1: mouseVisible = True
12.5922 	EXP 	window1: mouseVisible = True
12.6057 	EXP 	Created blankScreenAfterResponse = ImageStim(__class__=<class 'psychopy.visual.image.ImageStim'>, anchor=('center', 'center'), autoLog=True, color=array([1., 1., 1.]), colorSpace='rgb', contrast=1.0, depth=-25.0, flipHoriz=False, flipVert=False, image='images/blankScreen.png', interpolate=True, mask=None, maskParams=None, name='blankScreenAfterResponse', opacity=1.0, ori=0.0, pos=array([0., 0.]), size=array([1920., 1080.]), texRes=128, units='height', win=Window(...))
12.6235 	EXP 	Created instrRest_post = TextStim(__class__=<class 'psychopy.visual.text.TextStim'>, alignHoriz=method-wrapper(...), alignText='center', alignVert=method-wrapper(...), anchorHoriz='center', anchorVert='center', antialias=True, autoDraw=False, autoLog=True, bold=False, color=array([1., 1., 1.]), colorSpace='rgb', contrast=1.0, depth=-1.0, flipHoriz=False, flipVert=False, font='Arial', fontFiles=[], height=0.04, italic=False, languageStyle='LTR', name='instrRest_post', opacity=1.0, ori=0, pos=array([0., 0.]), rgb=UNKNOWN, text=str(...), units='height', win=Window(...), wrapWidth=1)
12.6259 	EXP 	Created restBlock_2 = TextStim(__class__=<class 'psychopy.visual.text.TextStim'>, alignHoriz=method-wrapper(...), alignText='center', alignVert=method-wrapper(...), anchorHoriz='center', anchorVert='center', antialias=True, autoDraw=False, autoLog=True, bold=False, color=array([1., 1., 1.]), colorSpace='rgb', contrast=1.0, depth=0.0, flipHoriz=False, flipVert=False, font='Arial', fontFiles=[], height=0.04, italic=False, languageStyle='LTR', name='restBlock_2', opacity=1.0, ori=0, pos=array([0., 0.]), rgb=UNKNOWN, text='Begin  block ', units='height', win=Window(...), wrapWidth=1)
12.6313 	EXP 	Created thanksText_end = TextStim(__class__=<class 'psychopy.visual.text.TextStim'>, alignHoriz=method-wrapper(...), alignText='center', alignVert=method-wrapper(...), anchorHoriz='center', anchorVert='center', antialias=True, autoDraw=False, autoLog=True, bold=False, color=array([1., 1., 1.]), colorSpace='rgb', contrast=1.0, depth=0.0, flipHoriz=False, flipVert=False, font='Arial', fontFiles=[], height=0.04, italic=False, languageStyle='LTR', name='thanksText_end', opacity=1.0, ori=0, pos=array([0., 0.]), rgb=UNKNOWN, text=str(...), units='height', win=Window(...), wrapWidth=1)
12.6315 	EXP 	window1: mouseVisible = False
12.6469 	EXP 	instr_start: autoDraw = True
13.7663 	DATA 	Keypress: space
13.7817 	EXP 	window1: mouseVisible = False
13.7978 	EXP 	instr_start: autoDraw = False
13.7978 	EXP 	instrRest_pre: autoDraw = True
13.9334 	EXP 	Set beep_rest_pre_start sound=click_beep.wav
13.9334 	EXP 	window1: mouseVisible = False
13.9363 	EXP 	Set beep_rest_pre_end sound=click_beep.wav
13.9370 	EXP 	Sound beep_rest_pre_start started
13.9393 	DATA 	Keypress: space
13.9480 	EXP 	instrRest_pre: autoDraw = False
13.9480 	EXP 	fixation_1: autoDraw = True
17.9354 	EXP 	Sound beep_rest_pre_end started
17.9512 	EXP 	fixation_1: autoDraw = False
17.9512 	EXP 	screenAfterAudio_3: autoDraw = True
17.9512 	EXP 	screenAfterAudio_3: autoDraw = False
18.9355 	EXP 	Sound beep_rest_pre_end stopped
18.9358 	EXP 	Sound beep_rest_pre_start stopped
18.9358 	EXP 	Sound beep_rest_pre_end stopped
18.9358 	EXP 	window1: mouseVisible = False
18.9521 	EXP 	fixation_1: autoDraw = False
18.9521 	EXP 	screenAfterAudio_3: autoDraw = False
18.9521 	EXP 	instr_start_2: autoDraw = True
19.8804 	EXP 	Imported Example_list.csv as conditions, 4 conditions, 4 params
19.8807 	EXP 	Created sequence: sequential, trialTypes=4, nReps=1, seed=None
19.8809 	EXP 	New trial (rep=0, index=0): OrderedDict([('audiofile', 'audio/NV_DE_Neural2-D_Dr-we-Ei_0.9p.wav'), ('callSign', 'Dr'), ('colour', 'we'), ('number', 'Ei')])
19.9082 	EXP 	Set sound_examples sound=audio/NV_DE_Neural2-D_Dr-we-Ei_0.9p.wav
19.9083 	EXP 	window1: mouseVisible = False
19.9088 	EXP 	Sound sound_examples started
19.9104 	DATA 	Keypress: space
19.9195 	EXP 	instr_start_2: autoDraw = False
19.9195 	EXP 	fixation_2: autoDraw = True
20.3715 	DATA 	Keypress: space
25.3751 	EXP 	Sound sound_examples stopped
25.4192 	EXP 	window1: mouseVisible = False
25.4288 	EXP 	fixation_2: autoDraw = False
25.4288 	EXP 	screenAfterAudio_2: autoDraw = True
25.4288 	EXP 	screenAfterAudio_2: autoDraw = False
25.4288 	EXP 	fixation_2: autoDraw = False
25.4288 	EXP 	screenAfterAudio_2: autoDraw = False
25.4288 	EXP 	call1_2: texRes = 128
25.4288 	EXP 	call2_2: texRes = 128
25.4288 	EXP 	call3_2: texRes = 128
25.4288 	EXP 	call4_2: texRes = 128
25.4288 	EXP 	colour1_2: texRes = 128
25.4288 	EXP 	colour2_2: texRes = 128
25.4288 	EXP 	colour3_2: texRes = 128
25.4288 	EXP 	colour4_2: texRes = 128
25.4288 	EXP 	number1_2: texRes = 128
25.4288 	EXP 	number2_2: texRes = 128
25.4288 	EXP 	number3_2: texRes = 128
25.4288 	EXP 	number4_2: texRes = 128
25.4288 	EXP 	blankScreen_2: autoDraw = True
25.4289 	EXP 	window1: mouseVisible = False
25.4460 	EXP 	window1: mouseVisible = False
25.4627 	EXP 	window1: mouseVisible = False
25.4796 	EXP 	window1: mouseVisible = False
25.4963 	EXP 	window1: mouseVisible = False
25.5127 	EXP 	window1: mouseVisible = False
25.5300 	EXP 	window1: mouseVisible = False
25.5461 	EXP 	window1: mouseVisible = False
25.5627 	EXP 	window1: mouseVisible = False
25.5799 	EXP 	window1: mouseVisible = False
25.5962 	EXP 	window1: mouseVisible = False
25.6137 	EXP 	window1: mouseVisible = False
25.6294 	EXP 	window1: mouseVisible = False
25.6463 	EXP 	window1: mouseVisible = False
25.6632 	EXP 	window1: mouseVisible = False
25.6796 	EXP 	window1: mouseVisible = False
25.6962 	EXP 	window1: mouseVisible = False
25.7129 	EXP 	window1: mouseVisible = False
25.7299 	EXP 	window1: mouseVisible = False
25.7465 	EXP 	window1: mouseVisible = False
25.7631 	EXP 	window1: mouseVisible = False
25.7798 	EXP 	window1: mouseVisible = False
25.7962 	EXP 	window1: mouseVisible = False
25.8134 	EXP 	window1: mouseVisible = False
25.8297 	EXP 	window1: mouseVisible = False
25.8462 	EXP 	window1: mouseVisible = False
25.8635 	EXP 	window1: mouseVisible = False
25.8801 	EXP 	window1: mouseVisible = False
25.8966 	EXP 	window1: mouseVisible = False
25.9130 	EXP 	window1: mouseVisible = False
25.9301 	EXP 	window1: mouseVisible = False
25.9466 	EXP 	window1: mouseVisible = False
25.9637 	EXP 	window1: mouseVisible = False
25.9801 	EXP 	window1: mouseVisible = False
25.9965 	EXP 	window1: mouseVisible = False
26.0134 	EXP 	window1: mouseVisible = False
26.0296 	EXP 	window1: mouseVisible = False
26.0469 	EXP 	window1: mouseVisible = False
26.0632 	EXP 	window1: mouseVisible = False
26.0798 	EXP 	window1: mouseVisible = False
26.0970 	EXP 	window1: mouseVisible = False
26.1132 	EXP 	window1: mouseVisible = False
26.1299 	EXP 	window1: mouseVisible = False
26.1471 	EXP 	window1: mouseVisible = False
26.1636 	EXP 	window1: mouseVisible = False
26.1798 	EXP 	window1: mouseVisible = False
26.1972 	EXP 	window1: mouseVisible = False
26.2136 	EXP 	window1: mouseVisible = False
26.2299 	EXP 	window1: mouseVisible = False
26.2473 	EXP 	window1: mouseVisible = False
26.2636 	EXP 	window1: mouseVisible = False
26.2800 	EXP 	window1: mouseVisible = False
26.2974 	EXP 	window1: mouseVisible = False
26.3136 	EXP 	window1: mouseVisible = False
26.3302 	EXP 	window1: mouseVisible = False
26.3471 	EXP 	window1: mouseVisible = False
26.3633 	EXP 	window1: mouseVisible = False
26.3805 	EXP 	window1: mouseVisible = False
26.3968 	EXP 	window1: mouseVisible = False
26.4134 	EXP 	window1: mouseVisible = False
26.4284 	EXP 	blankScreen_2: autoDraw = False
26.4284 	EXP 	call1_2: autoDraw = True
26.4284 	EXP 	call2_2: autoDraw = True
26.4284 	EXP 	call3_2: autoDraw = True
26.4284 	EXP 	call4_2: autoDraw = True
26.4284 	EXP 	colour1_2: autoDraw = True
26.4284 	EXP 	colour2_2: autoDraw = True
26.4284 	EXP 	colour3_2: autoDraw = True
26.4284 	EXP 	colour4_2: autoDraw = True
26.4284 	EXP 	number1_2: autoDraw = True
26.4284 	EXP 	number2_2: autoDraw = True
26.4284 	EXP 	number3_2: autoDraw = True
26.4284 	EXP 	number4_2: autoDraw = True
26.4286 	EXP 	window1: mouseVisible = False
26.4289 	EXP 	window1: mouseVisible = True
26.4450 	EXP 	window1: mouseVisible = False
26.4455 	EXP 	window1: mouseVisible = True
26.4616 	EXP 	window1: mouseVisible = False
26.4618 	EXP 	window1: mouseVisible = True
26.4785 	EXP 	window1: mouseVisible = False
26.4787 	EXP 	window1: mouseVisible = True
26.4949 	EXP 	window1: mouseVisible = False
26.4951 	EXP 	window1: mouseVisible = True
26.5118 	EXP 	window1: mouseVisible = False
26.5120 	EXP 	window1: mouseVisible = True
26.5287 	EXP 	window1: mouseVisible = False
26.5288 	EXP 	window1: mouseVisible = True
26.5450 	EXP 	window1: mouseVisible = False
26.5453 	EXP 	window1: mouseVisible = True
26.5617 	EXP 	window1: mouseVisible = False
26.5619 	EXP 	window1: mouseVisible = True
26.5788 	EXP 	window1: mouseVisible = False
26.5789 	EXP 	window1: mouseVisible = True
26.5951 	EXP 	window1: mouseVisible = False
26.5953 	EXP 	window1: mouseVisible = True
26.6119 	EXP 	window1: mouseVisible = False
26.6121 	EXP 	window1: mouseVisible = True
26.6285 	EXP 	window1: mouseVisible = False
26.6288 	EXP 	window1: mouseVisible = True
26.6451 	EXP 	window1: mouseVisible = False
26.6453 	EXP 	window1: mouseVisible = True
26.6619 	EXP 	window1: mouseVisible = False
26.6622 	EXP 	window1: mouseVisible = True
26.6785 	EXP 	window1: mouseVisible = False
26.6789 	EXP 	window1: mouseVisible = True
26.6953 	EXP 	window1: mouseVisible = False
26.6956 	EXP 	window1: mouseVisible = True
26.7120 	EXP 	window1: mouseVisible = False
26.7122 	EXP 	window1: mouseVisible = True
26.7287 	EXP 	window1: mouseVisible = False
26.7289 	EXP 	window1: mouseVisible = True
26.7456 	EXP 	window1: mouseVisible = False
26.7458 	EXP 	window1: mouseVisible = True
26.7618 	EXP 	window1: mouseVisible = False
26.7620 	EXP 	window1: mouseVisible = True
26.7781 	EXP 	window1: mouseVisible = False
26.7783 	EXP 	window1: mouseVisible = True
26.7948 	EXP 	window1: mouseVisible = False
26.7950 	EXP 	window1: mouseVisible = True
26.8116 	EXP 	window1: mouseVisible = False
26.8119 	EXP 	window1: mouseVisible = True
26.8281 	EXP 	window1: mouseVisible = False
26.8282 	EXP 	window1: mouseVisible = True
26.8452 	EXP 	window1: mouseVisible = False
26.8454 	EXP 	window1: mouseVisible = True
26.8617 	EXP 	window1: mouseVisible = False
26.8618 	EXP 	window1: mouseVisible = True
26.8781 	EXP 	window1: mouseVisible = False
26.8783 	EXP 	window1: mouseVisible = True
26.8949 	EXP 	window1: mouseVisible = False
26.8951 	EXP 	window1: mouseVisible = True
26.9119 	EXP 	window1: mouseVisible = False
26.9123 	EXP 	window1: mouseVisible = True
26.9283 	EXP 	window1: mouseVisible = False
26.9285 	EXP 	window1: mouseVisible = True
26.9450 	EXP 	window1: mouseVisible = False
26.9453 	EXP 	window1: mouseVisible = True
26.9618 	EXP 	window1: mouseVisible = False
26.9620 	EXP 	window1: mouseVisible = True
26.9782 	EXP 	window1: mouseVisible = False
26.9784 	EXP 	window1: mouseVisible = True
26.9951 	EXP 	window1: mouseVisible = False
26.9954 	EXP 	window1: mouseVisible = True
27.0115 	EXP 	window1: mouseVisible = False
27.0118 	EXP 	window1: mouseVisible = True
27.0285 	EXP 	window1: mouseVisible = False
27.0287 	EXP 	window1: mouseVisible = True
27.0451 	EXP 	window1: mouseVisible = False
27.0453 	EXP 	window1: mouseVisible = True
27.0616 	EXP 	window1: mouseVisible = False
27.0618 	EXP 	window1: mouseVisible = True
27.0784 	EXP 	window1: mouseVisible = False
27.0787 	EXP 	window1: mouseVisible = True
27.0952 	EXP 	window1: mouseVisible = False
27.0954 	EXP 	window1: mouseVisible = True
27.1117 	EXP 	window1: mouseVisible = False
27.1121 	EXP 	window1: mouseVisible = True
27.1286 	EXP 	window1: mouseVisible = False
27.1288 	EXP 	window1: mouseVisible = True
27.1290 	DATA 	Mouse: Left button down, pos=(680,841)
27.1586 	EXP 	call1_2: texRes = 128
27.1586 	EXP 	call3_2: texRes = 128
27.1586 	EXP 	call4_2: texRes = 128
27.1588 	EXP 	window1: mouseVisible = False
27.1590 	EXP 	window1: mouseVisible = True
27.1756 	EXP 	window1: mouseVisible = False
27.1758 	EXP 	window1: mouseVisible = True
27.1922 	EXP 	window1: mouseVisible = False
27.1924 	EXP 	window1: mouseVisible = True
27.2089 	EXP 	window1: mouseVisible = False
27.2091 	EXP 	window1: mouseVisible = True
27.2095 	DATA 	Mouse:  Left button up, pos=(680,841)
27.2259 	EXP 	window1: mouseVisible = False
27.2262 	EXP 	window1: mouseVisible = True
27.2423 	EXP 	window1: mouseVisible = False
27.2425 	EXP 	window1: mouseVisible = True
27.2591 	EXP 	window1: mouseVisible = False
27.2594 	EXP 	window1: mouseVisible = True
27.2757 	EXP 	window1: mouseVisible = False
27.2761 	EXP 	window1: mouseVisible = True
27.2924 	EXP 	window1: mouseVisible = False
27.2926 	EXP 	window1: mouseVisible = True
27.3090 	EXP 	window1: mouseVisible = False
27.3092 	EXP 	window1: mouseVisible = True
27.3257 	EXP 	window1: mouseVisible = False
27.3260 	EXP 	window1: mouseVisible = True
27.3423 	EXP 	window1: mouseVisible = False
27.3426 	EXP 	window1: mouseVisible = True
27.3591 	EXP 	window1: mouseVisible = False
27.3593 	EXP 	window1: mouseVisible = True
27.3758 	EXP 	window1: mouseVisible = False
27.3760 	EXP 	window1: mouseVisible = True
27.3925 	EXP 	window1: mouseVisible = False
27.3927 	EXP 	window1: mouseVisible = True
27.4091 	EXP 	window1: mouseVisible = False
27.4093 	EXP 	window1: mouseVisible = True
27.4259 	EXP 	window1: mouseVisible = False
27.4262 	EXP 	window1: mouseVisible = True
27.4424 	EXP 	window1: mouseVisible = False
27.4426 	EXP 	window1: mouseVisible = True
27.4591 	EXP 	window1: mouseVisible = False
27.4593 	EXP 	window1: mouseVisible = True
27.4760 	EXP 	window1: mouseVisible = False
27.4765 	EXP 	window1: mouseVisible = True
27.4926 	EXP 	window1: mouseVisible = False
27.4928 	EXP 	window1: mouseVisible = True
27.5091 	EXP 	window1: mouseVisible = False
27.5094 	EXP 	window1: mouseVisible = True
27.5259 	EXP 	window1: mouseVisible = False
27.5261 	EXP 	window1: mouseVisible = True
27.5425 	EXP 	window1: mouseVisible = False
27.5427 	EXP 	window1: mouseVisible = True
27.5593 	EXP 	window1: mouseVisible = False
27.5596 	EXP 	window1: mouseVisible = True
27.5759 	EXP 	window1: mouseVisible = False
27.5761 	EXP 	window1: mouseVisible = True
27.5927 	EXP 	window1: mouseVisible = False
27.5929 	EXP 	window1: mouseVisible = True
27.6093 	EXP 	window1: mouseVisible = False
27.6096 	EXP 	window1: mouseVisible = True
27.6100 	DATA 	Mouse: Left button down, pos=(1371,786)
27.6425 	EXP 	colour1_2: texRes = 128
27.6425 	EXP 	colour3_2: texRes = 128
27.6425 	EXP 	colour4_2: texRes = 128
27.6427 	EXP 	window1: mouseVisible = False
27.6429 	EXP 	window1: mouseVisible = True
27.6593 	EXP 	window1: mouseVisible = False
27.6595 	EXP 	window1: mouseVisible = True
27.6761 	EXP 	window1: mouseVisible = False
27.6763 	EXP 	window1: mouseVisible = True
27.6926 	EXP 	window1: mouseVisible = False
27.6928 	EXP 	window1: mouseVisible = True
27.6931 	DATA 	Mouse:  Left button up, pos=(1372,788)
27.7095 	EXP 	window1: mouseVisible = False
27.7099 	EXP 	window1: mouseVisible = True
27.7259 	EXP 	window1: mouseVisible = False
27.7261 	EXP 	window1: mouseVisible = True
27.7428 	EXP 	window1: mouseVisible = False
27.7430 	EXP 	window1: mouseVisible = True
27.7600 	EXP 	window1: mouseVisible = False
27.7602 	EXP 	window1: mouseVisible = True
27.7761 	EXP 	window1: mouseVisible = False
27.7765 	EXP 	window1: mouseVisible = True
27.7928 	EXP 	window1: mouseVisible = False
27.7931 	EXP 	window1: mouseVisible = True
27.8094 	EXP 	window1: mouseVisible = False
27.8096 	EXP 	window1: mouseVisible = True
27.8262 	EXP 	window1: mouseVisible = False
27.8263 	EXP 	window1: mouseVisible = True
27.8427 	EXP 	window1: mouseVisible = False
27.8429 	EXP 	window1: mouseVisible = True
27.8595 	EXP 	window1: mouseVisible = False
27.8598 	EXP 	window1: mouseVisible = True
27.8762 	EXP 	window1: mouseVisible = False
27.8764 	EXP 	window1: mouseVisible = True
27.8928 	EXP 	window1: mouseVisible = False
27.8930 	EXP 	window1: mouseVisible = True
27.9096 	EXP 	window1: mouseVisible = False
27.9099 	EXP 	window1: mouseVisible = True
27.9262 	EXP 	window1: mouseVisible = False
27.9264 	EXP 	window1: mouseVisible = True
27.9429 	EXP 	window1: mouseVisible = False
27.9432 	EXP 	window1: mouseVisible = True
27.9595 	EXP 	window1: mouseVisible = False
27.9598 	EXP 	window1: mouseVisible = True
27.9761 	EXP 	window1: mouseVisible = False
27.9763 	EXP 	window1: mouseVisible = True
27.9931 	EXP 	window1: mouseVisible = False
27.9933 	EXP 	window1: mouseVisible = True
27.9956 	DATA 	Mouse: Left button down, pos=(1820,752)
28.0096 	EXP 	window1: mouseVisible = False
28.0100 	EXP 	window1: mouseVisible = True
28.0228 	EXP 	New trial (rep=0, index=1): OrderedDict([('audiofile', 'audio/NV_DE_Neural2-D_Dr-we-Ei_0.3p.wav'), ('callSign', 'Dr'), ('colour', 'we'), ('number', 'Ei')])
28.0461 	EXP 	Set sound_examples sound=audio/NV_DE_Neural2-D_Dr-we-Ei_0.3p.wav
28.0463 	EXP 	window1: mouseVisible = False
28.0470 	EXP 	Sound sound_examples started
28.0594 	EXP 	number1_2: texRes = 128
28.0594 	EXP 	number3_2: texRes = 128
28.0594 	EXP 	number4_2: texRes = 128
28.0594 	EXP 	blankScreen_2: autoDraw = False
28.0594 	EXP 	call1_2: autoDraw = False
28.0594 	EXP 	call2_2: autoDraw = False
28.0594 	EXP 	call3_2: autoDraw = False
28.0594 	EXP 	call4_2: autoDraw = False
28.0594 	EXP 	colour1_2: autoDraw = False
28.0594 	EXP 	colour2_2: autoDraw = False
28.0594 	EXP 	colour3_2: autoDraw = False
28.0594 	EXP 	colour4_2: autoDraw = False
28.0594 	EXP 	number1_2: autoDraw = False
28.0594 	EXP 	number2_2: autoDraw = False
28.0594 	EXP 	number3_2: autoDraw = False
28.0594 	EXP 	number4_2: autoDraw = False
28.0594 	EXP 	blankScreenAfterResponse_2: autoDraw = False
28.0594 	EXP 	fixation_2: autoDraw = True
28.0945 	DATA 	Mouse:  Left button up, pos=(1822,753)
33.5145 	EXP 	Sound sound_examples stopped
33.5617 	EXP 	window1: mouseVisible = False
33.5693 	EXP 	fixation_2: autoDraw = False
33.5693 	EXP 	screenAfterAudio_2: autoDraw = True
33.5693 	EXP 	screenAfterAudio_2: autoDraw = False
33.5693 	EXP 	fixation_2: autoDraw = False
33.5693 	EXP 	screenAfterAudio_2: autoDraw = False
33.5693 	EXP 	call1_2: texRes = 128
33.5693 	EXP 	call2_2: texRes = 128
33.5693 	EXP 	call3_2: texRes = 128
33.5693 	EXP 	call4_2: texRes = 128
33.5693 	EXP 	colour1_2: texRes = 128
33.5693 	EXP 	colour2_2: texRes = 128
33.5693 	EXP 	colour3_2: texRes = 128
33.5693 	EXP 	colour4_2: texRes = 128
33.5693 	EXP 	number1_2: texRes = 128
33.5693 	EXP 	number2_2: texRes = 128
33.5693 	EXP 	number3_2: texRes = 128
33.5693 	EXP 	number4_2: texRes = 128
33.5693 	EXP 	blankScreen_2: autoDraw = True
33.5695 	EXP 	window1: mouseVisible = False
33.5864 	EXP 	window1: mouseVisible = False
33.6029 	EXP 	window1: mouseVisible = False
33.6195 	EXP 	window1: mouseVisible = False
33.6365 	EXP 	window1: mouseVisible = False
33.6528 	EXP 	window1: mouseVisible = False
33.6700 	EXP 	window1: mouseVisible = False
33.6867 	EXP 	window1: mouseVisible = False
33.7029 	EXP 	window1: mouseVisible = False
33.7198 	EXP 	window1: mouseVisible = False
33.7368 	EXP 	window1: mouseVisible = False
33.7533 	EXP 	window1: mouseVisible = False
33.7699 	EXP 	window1: mouseVisible = False
33.7869 	EXP 	window1: mouseVisible = False
33.8031 	EXP 	window1: mouseVisible = False
33.8200 	EXP 	window1: mouseVisible = False
33.8366 	EXP 	window1: mouseVisible = False
33.8533 	EXP 	window1: mouseVisible = False
33.8701 	EXP 	window1: mouseVisible = False
33.8865 	EXP 	window1: mouseVisible = False
33.9033 	EXP 	window1: mouseVisible = False
33.9201 	EXP 	window1: mouseVisible = False
33.9366 	EXP 	window1: mouseVisible = False
33.9534 	EXP 	window1: mouseVisible = False
33.9703 	EXP 	window1: mouseVisible = False
33.9866 	EXP 	window1: mouseVisible = False
34.0033 	EXP 	window1: mouseVisible = False
34.0203 	EXP 	window1: mouseVisible = False
34.0366 	EXP 	window1: mouseVisible = False
34.0534 	EXP 	window1: mouseVisible = False
34.0700 	EXP 	window1: mouseVisible = False
34.0868 	EXP 	window1: mouseVisible = False
34.1036 	EXP 	window1: mouseVisible = False
34.1207 	EXP 	window1: mouseVisible = False
34.1369 	EXP 	window1: mouseVisible = False
34.1535 	EXP 	window1: mouseVisible = False
34.1702 	EXP 	window1: mouseVisible = False
34.1869 	EXP 	window1: mouseVisible = False
34.2037 	EXP 	window1: mouseVisible = False
34.2201 	EXP 	window1: mouseVisible = False
34.2371 	EXP 	window1: mouseVisible = False
34.2539 	EXP 	window1: mouseVisible = False
34.2702 	EXP 	window1: mouseVisible = False
34.2869 	EXP 	window1: mouseVisible = False
34.3038 	EXP 	window1: mouseVisible = False
34.3203 	EXP 	window1: mouseVisible = False
34.3370 	EXP 	window1: mouseVisible = False
34.3539 	EXP 	window1: mouseVisible = False
34.3705 	EXP 	window1: mouseVisible = False
34.3871 	EXP 	window1: mouseVisible = False
34.4041 	EXP 	window1: mouseVisible = False
34.4204 	EXP 	window1: mouseVisible = False
34.4372 	EXP 	window1: mouseVisible = False
34.4536 	EXP 	window1: mouseVisible = False
34.4705 	EXP 	window1: mouseVisible = False
34.4872 	EXP 	window1: mouseVisible = False
34.5036 	EXP 	window1: mouseVisible = False
34.5204 	EXP 	window1: mouseVisible = False
34.5372 	EXP 	window1: mouseVisible = False
34.5537 	EXP 	window1: mouseVisible = False
34.5823 	EXP 	blankScreen_2: autoDraw = False
34.5823 	EXP 	call1_2: autoDraw = True
34.5823 	EXP 	call2_2: autoDraw = True
34.5823 	EXP 	call3_2: autoDraw = True
34.5823 	EXP 	call4_2: autoDraw = True
34.5823 	EXP 	colour1_2: autoDraw = True
34.5823 	EXP 	colour2_2: autoDraw = True
34.5823 	EXP 	colour3_2: autoDraw = True
34.5823 	EXP 	colour4_2: autoDraw = True
34.5823 	EXP 	number1_2: autoDraw = True
34.5823 	EXP 	number2_2: autoDraw = True
34.5823 	EXP 	number3_2: autoDraw = True
34.5823 	EXP 	number4_2: autoDraw = True
34.5825 	EXP 	window1: mouseVisible = False
34.5828 	EXP 	window1: mouseVisible = True
34.5983 	EXP 	window1: mouseVisible = False
34.5985 	EXP 	window1: mouseVisible = True
34.6152 	EXP 	window1: mouseVisible = False
34.6155 	EXP 	window1: mouseVisible = True
34.6318 	EXP 	window1: mouseVisible = False
34.6321 	EXP 	window1: mouseVisible = True
34.6483 	EXP 	window1: mouseVisible = False
34.6485 	EXP 	window1: mouseVisible = True
34.6650 	EXP 	window1: mouseVisible = False
34.6652 	EXP 	window1: mouseVisible = True
34.6818 	EXP 	window1: mouseVisible = False
34.6821 	EXP 	window1: mouseVisible = True
34.6986 	EXP 	window1: mouseVisible = False
34.6989 	EXP 	window1: mouseVisible = True
34.7153 	EXP 	window1: mouseVisible = False
34.7156 	EXP 	window1: mouseVisible = True
34.7320 	EXP 	window1: mouseVisible = False
34.7323 	EXP 	window1: mouseVisible = True
34.7487 	EXP 	window1: mouseVisible = False
34.7489 	EXP 	window1: mouseVisible = True
34.7656 	EXP 	window1: mouseVisible = False
34.7658 	EXP 	window1: mouseVisible = True
34.7819 	EXP 	window1: mouseVisible = False
34.7821 	EXP 	window1: mouseVisible = True
34.7985 	EXP 	window1: mouseVisible = False
34.7987 	EXP 	window1: mouseVisible = True
34.8153 	EXP 	window1: mouseVisible = False
34.8156 	EXP 	window1: mouseVisible = True
34.8319 	EXP 	window1: mouseVisible = False
34.8322 	EXP 	window1: mouseVisible = True
34.8486 	EXP 	window1: mouseVisible = False
34.8488 	EXP 	window1: mouseVisible = True
34.8653 	EXP 	window1: mouseVisible = False
34.8656 	EXP 	window1: mouseVisible = True
34.8821 	EXP 	window1: mouseVisible = False
34.8826 	EXP 	window1: mouseVisible = True
34.8985 	EXP 	window1: mouseVisible = False
34.8988 	EXP 	window1: mouseVisible = True
34.9153 	EXP 	window1: mouseVisible = False
34.9155 	EXP 	window1: mouseVisible = True
34.9320 	EXP 	window1: mouseVisible = False
34.9323 	EXP 	window1: mouseVisible = True
34.9487 	EXP 	window1: mouseVisible = False
34.9490 	EXP 	window1: mouseVisible = True
34.9653 	EXP 	window1: mouseVisible = False
34.9656 	EXP 	window1: mouseVisible = True
34.9821 	EXP 	window1: mouseVisible = False
34.9823 	EXP 	window1: mouseVisible = True
34.9988 	EXP 	window1: mouseVisible = False
34.9990 	EXP 	window1: mouseVisible = True
35.0156 	EXP 	window1: mouseVisible = False
35.0158 	EXP 	window1: mouseVisible = True
35.0323 	EXP 	window1: mouseVisible = False
35.0325 	EXP 	window1: mouseVisible = True
35.0486 	EXP 	window1: mouseVisible = False
35.0488 	EXP 	window1: mouseVisible = True
35.0654 	EXP 	window1: mouseVisible = False
35.0656 	EXP 	window1: mouseVisible = True
35.0821 	EXP 	window1: mouseVisible = False
35.0823 	EXP 	window1: mouseVisible = True
35.0987 	EXP 	window1: mouseVisible = False
35.0989 	EXP 	window1: mouseVisible = True
35.1159 	EXP 	window1: mouseVisible = False
35.1165 	EXP 	window1: mouseVisible = True
35.1322 	EXP 	window1: mouseVisible = False
35.1325 	EXP 	window1: mouseVisible = True
35.1489 	EXP 	window1: mouseVisible = False
35.1493 	EXP 	window1: mouseVisible = True
35.1655 	EXP 	window1: mouseVisible = False
35.1658 	EXP 	window1: mouseVisible = True
35.1822 	EXP 	window1: mouseVisible = False
35.1825 	EXP 	window1: mouseVisible = True
35.1988 	EXP 	window1: mouseVisible = False
35.1990 	EXP 	window1: mouseVisible = True
35.2155 	EXP 	window1: mouseVisible = False
35.2158 	EXP 	window1: mouseVisible = True
35.2323 	EXP 	window1: mouseVisible = False
35.2325 	EXP 	window1: mouseVisible = True
35.2489 	EXP 	window1: mouseVisible = False
35.2491 	EXP 	window1: mouseVisible = True
35.2658 	EXP 	window1: mouseVisible = False
35.2661 	EXP 	window1: mouseVisible = True
35.2822 	EXP 	window1: mouseVisible = False
35.2824 	EXP 	window1: mouseVisible = True
35.2990 	EXP 	window1: mouseVisible = False
35.2991 	EXP 	window1: mouseVisible = True
35.3157 	EXP 	window1: mouseVisible = False
35.3159 	EXP 	window1: mouseVisible = True
35.3325 	EXP 	window1: mouseVisible = False
35.3327 	EXP 	window1: mouseVisible = True
35.3489 	EXP 	window1: mouseVisible = False
35.3491 	EXP 	window1: mouseVisible = True
35.3656 	EXP 	window1: mouseVisible = False
35.3658 	EXP 	window1: mouseVisible = True
35.3824 	EXP 	window1: mouseVisible = False
35.3828 	EXP 	window1: mouseVisible = True
35.3990 	EXP 	window1: mouseVisible = False
35.3992 	EXP 	window1: mouseVisible = True
35.4157 	EXP 	window1: mouseVisible = False
35.4159 	EXP 	window1: mouseVisible = True
35.4327 	EXP 	window1: mouseVisible = False
35.4330 	EXP 	window1: mouseVisible = True
35.4334 	DATA 	Mouse: Left button down, pos=(763,525)
35.4656 	EXP 	call1_2: texRes = 128
35.4656 	EXP 	call2_2: texRes = 128
35.4656 	EXP 	call4_2: texRes = 128
35.4659 	EXP 	window1: mouseVisible = False
35.4661 	EXP 	window1: mouseVisible = True
35.4825 	EXP 	window1: mouseVisible = False
35.4827 	EXP 	window1: mouseVisible = True
35.4991 	EXP 	window1: mouseVisible = False
35.4993 	EXP 	window1: mouseVisible = True
35.5158 	EXP 	window1: mouseVisible = False
35.5160 	EXP 	window1: mouseVisible = True
35.5163 	DATA 	Mouse:  Left button up, pos=(764,525)
35.5327 	EXP 	window1: mouseVisible = False
35.5330 	EXP 	window1: mouseVisible = True
35.5492 	EXP 	window1: mouseVisible = False
35.5494 	EXP 	window1: mouseVisible = True
35.5657 	EXP 	window1: mouseVisible = False
35.5659 	EXP 	window1: mouseVisible = True
35.5826 	EXP 	window1: mouseVisible = False
35.5829 	EXP 	window1: mouseVisible = True
35.5997 	EXP 	window1: mouseVisible = False
35.6001 	EXP 	window1: mouseVisible = True
35.6162 	EXP 	window1: mouseVisible = False
35.6165 	EXP 	window1: mouseVisible = True
35.6325 	EXP 	window1: mouseVisible = False
35.6327 	EXP 	window1: mouseVisible = True
35.6492 	EXP 	window1: mouseVisible = False
35.6495 	EXP 	window1: mouseVisible = True
35.6659 	EXP 	window1: mouseVisible = False
35.6661 	EXP 	window1: mouseVisible = True
35.6826 	EXP 	window1: mouseVisible = False
35.6827 	EXP 	window1: mouseVisible = True
35.6992 	EXP 	window1: mouseVisible = False
35.6994 	EXP 	window1: mouseVisible = True
35.7160 	EXP 	window1: mouseVisible = False
35.7162 	EXP 	window1: mouseVisible = True
35.7327 	EXP 	window1: mouseVisible = False
35.7330 	EXP 	window1: mouseVisible = True
35.7493 	EXP 	window1: mouseVisible = False
35.7495 	EXP 	window1: mouseVisible = True
35.7666 	EXP 	window1: mouseVisible = False
35.7668 	EXP 	window1: mouseVisible = True
35.7671 	DATA 	Mouse: Left button down, pos=(1210,543)
35.7992 	EXP 	colour1_2: texRes = 128
35.7992 	EXP 	colour2_2: texRes = 128
35.7992 	EXP 	colour4_2: texRes = 128
35.7995 	EXP 	window1: mouseVisible = False
35.7997 	EXP 	window1: mouseVisible = True
35.8161 	EXP 	window1: mouseVisible = False
35.8163 	EXP 	window1: mouseVisible = True
35.8327 	EXP 	window1: mouseVisible = False
35.8329 	EXP 	window1: mouseVisible = True
35.8493 	EXP 	window1: mouseVisible = False
35.8495 	EXP 	window1: mouseVisible = True
35.8665 	EXP 	window1: mouseVisible = False
35.8668 	EXP 	window1: mouseVisible = True
35.8672 	DATA 	Mouse:  Left button up, pos=(1210,543)
35.8827 	EXP 	window1: mouseVisible = False
35.8829 	EXP 	window1: mouseVisible = True
35.8995 	EXP 	window1: mouseVisible = False
35.8998 	EXP 	window1: mouseVisible = True
35.9162 	EXP 	window1: mouseVisible = False
35.9165 	EXP 	window1: mouseVisible = True
35.9328 	EXP 	window1: mouseVisible = False
35.9332 	EXP 	window1: mouseVisible = True
35.9494 	EXP 	window1: mouseVisible = False
35.9497 	EXP 	window1: mouseVisible = True
35.9662 	EXP 	window1: mouseVisible = False
35.9665 	EXP 	window1: mouseVisible = True
35.9828 	EXP 	window1: mouseVisible = False
35.9830 	EXP 	window1: mouseVisible = True
35.9995 	EXP 	window1: mouseVisible = False
35.9997 	EXP 	window1: mouseVisible = True
36.0163 	EXP 	window1: mouseVisible = False
36.0165 	EXP 	window1: mouseVisible = True
36.0329 	EXP 	window1: mouseVisible = False
36.0331 	EXP 	window1: mouseVisible = True
36.0495 	EXP 	window1: mouseVisible = False
36.0497 	EXP 	window1: mouseVisible = True
36.0662 	EXP 	window1: mouseVisible = False
36.0663 	EXP 	window1: mouseVisible = True
36.0828 	EXP 	window1: mouseVisible = False
36.0830 	EXP 	window1: mouseVisible = True
36.0996 	EXP 	window1: mouseVisible = False
36.1002 	EXP 	window1: mouseVisible = True
36.1164 	EXP 	window1: mouseVisible = False
36.1167 	EXP 	window1: mouseVisible = True
36.1330 	EXP 	window1: mouseVisible = False
36.1333 	EXP 	window1: mouseVisible = True
36.1496 	EXP 	window1: mouseVisible = False
36.1498 	EXP 	window1: mouseVisible = True
36.1663 	EXP 	window1: mouseVisible = False
36.1665 	EXP 	window1: mouseVisible = True
36.1831 	EXP 	window1: mouseVisible = False
36.1834 	EXP 	window1: mouseVisible = True
36.1998 	EXP 	window1: mouseVisible = False
36.2001 	EXP 	window1: mouseVisible = True
36.2163 	EXP 	window1: mouseVisible = False
36.2165 	EXP 	window1: mouseVisible = True
36.2330 	EXP 	window1: mouseVisible = False
36.2332 	EXP 	window1: mouseVisible = True
36.2499 	EXP 	window1: mouseVisible = False
36.2501 	EXP 	window1: mouseVisible = True
36.2664 	EXP 	window1: mouseVisible = False
36.2666 	EXP 	window1: mouseVisible = True
36.2669 	DATA 	Mouse: Left button down, pos=(1803,680)
36.2798 	EXP 	New trial (rep=0, index=2): OrderedDict([('audiofile', 'audio/SiSSN_DE_Neural2-D_Kr-we-Dr_-2.5db.wav'), ('callSign', 'Kr'), ('colour', 'we'), ('number', 'Dr')])
36.3014 	EXP 	Set sound_examples sound=audio/SiSSN_DE_Neural2-D_Kr-we-Dr_-2.5db.wav
36.3016 	EXP 	window1: mouseVisible = False
36.3022 	EXP 	Sound sound_examples started
36.3164 	EXP 	number1_2: texRes = 128
36.3164 	EXP 	number2_2: texRes = 128
36.3164 	EXP 	number4_2: texRes = 128
36.3164 	EXP 	blankScreen_2: autoDraw = False
36.3164 	EXP 	call1_2: autoDraw = False
36.3164 	EXP 	call2_2: autoDraw = False
36.3164 	EXP 	call3_2: autoDraw = False
36.3164 	EXP 	call4_2: autoDraw = False
36.3164 	EXP 	colour1_2: autoDraw = False
36.3164 	EXP 	colour2_2: autoDraw = False
36.3164 	EXP 	colour3_2: autoDraw = False
36.3164 	EXP 	colour4_2: autoDraw = False
36.3164 	EXP 	number1_2: autoDraw = False
36.3164 	EXP 	number2_2: autoDraw = False
36.3164 	EXP 	number3_2: autoDraw = False
36.3164 	EXP 	number4_2: autoDraw = False
36.3164 	EXP 	blankScreenAfterResponse_2: autoDraw = False
36.3164 	EXP 	fixation_2: autoDraw = True
36.3677 	DATA 	Mouse:  Left button up, pos=(1803,680)
41.6380 	EXP 	Sound sound_examples stopped
41.6802 	EXP 	window1: mouseVisible = False
41.6878 	EXP 	fixation_2: autoDraw = False
41.6878 	EXP 	screenAfterAudio_2: autoDraw = True
41.6878 	EXP 	screenAfterAudio_2: autoDraw = False
41.6878 	EXP 	fixation_2: autoDraw = False
41.6878 	EXP 	screenAfterAudio_2: autoDraw = False
41.6878 	EXP 	call1_2: texRes = 128
41.6878 	EXP 	call2_2: texRes = 128
41.6878 	EXP 	call3_2: texRes = 128
41.6878 	EXP 	call4_2: texRes = 128
41.6878 	EXP 	colour1_2: texRes = 128
41.6878 	EXP 	colour2_2: texRes = 128
41.6878 	EXP 	colour3_2: texRes = 128
41.6878 	EXP 	colour4_2: texRes = 128
41.6878 	EXP 	number1_2: texRes = 128
41.6878 	EXP 	number2_2: texRes = 128
41.6878 	EXP 	number3_2: texRes = 128
41.6878 	EXP 	number4_2: texRes = 128
41.6878 	EXP 	blankScreen_2: autoDraw = True
41.6880 	EXP 	window1: mouseVisible = False
41.7050 	EXP 	window1: mouseVisible = False
41.7207 	EXP 	window1: mouseVisible = False
41.7376 	EXP 	window1: mouseVisible = False
41.7547 	EXP 	window1: mouseVisible = False
41.7708 	EXP 	window1: mouseVisible = False
41.7878 	EXP 	window1: mouseVisible = False
41.8043 	EXP 	window1: mouseVisible = False
41.8210 	EXP 	window1: mouseVisible = False
41.8375 	EXP 	window1: mouseVisible = False
41.8543 	EXP 	window1: mouseVisible = False
41.8710 	EXP 	window1: mouseVisible = False
41.8876 	EXP 	window1: mouseVisible = False
41.9043 	EXP 	window1: mouseVisible = False
41.9210 	EXP 	window1: mouseVisible = False
41.9378 	EXP 	window1: mouseVisible = False
41.9544 	EXP 	window1: mouseVisible = False
41.9711 	EXP 	window1: mouseVisible = False
41.9878 	EXP 	window1: mouseVisible = False
42.0044 	EXP 	window1: mouseVisible = False
42.0210 	EXP 	window1: mouseVisible = False
42.0377 	EXP 	window1: mouseVisible = False
42.0544 	EXP 	window1: mouseVisible = False
42.0712 	EXP 	window1: mouseVisible = False
42.0878 	EXP 	window1: mouseVisible = False
42.1044 	EXP 	window1: mouseVisible = False
42.1213 	EXP 	window1: mouseVisible = False
42.1379 	EXP 	window1: mouseVisible = False
42.1545 	EXP 	window1: mouseVisible = False
42.1712 	EXP 	window1: mouseVisible = False
42.1878 	EXP 	window1: mouseVisible = False
42.2046 	EXP 	window1: mouseVisible = False
42.2212 	EXP 	window1: mouseVisible = False
42.2380 	EXP 	window1: mouseVisible = False
42.2546 	EXP 	window1: mouseVisible = False
42.2712 	EXP 	window1: mouseVisible = False
42.2879 	EXP 	window1: mouseVisible = False
42.3047 	EXP 	window1: mouseVisible = False
42.3213 	EXP 	window1: mouseVisible = False
42.3380 	EXP 	window1: mouseVisible = False
42.3548 	EXP 	window1: mouseVisible = False
42.3713 	EXP 	window1: mouseVisible = False
42.3882 	EXP 	window1: mouseVisible = False
42.4046 	EXP 	window1: mouseVisible = False
42.4215 	EXP 	window1: mouseVisible = False
42.4381 	EXP 	window1: mouseVisible = False
42.4547 	EXP 	window1: mouseVisible = False
42.4714 	EXP 	window1: mouseVisible = False
42.4880 	EXP 	window1: mouseVisible = False
42.5048 	EXP 	window1: mouseVisible = False
42.5214 	EXP 	window1: mouseVisible = False
42.5383 	EXP 	window1: mouseVisible = False
42.5549 	EXP 	window1: mouseVisible = False
42.5715 	EXP 	window1: mouseVisible = False
42.5882 	EXP 	window1: mouseVisible = False
42.6049 	EXP 	window1: mouseVisible = False
42.6216 	EXP 	window1: mouseVisible = False
42.6382 	EXP 	window1: mouseVisible = False
42.6550 	EXP 	window1: mouseVisible = False
42.6719 	EXP 	window1: mouseVisible = False
42.6883 	EXP 	blankScreen_2: autoDraw = False
42.6883 	EXP 	call1_2: autoDraw = True
42.6883 	EXP 	call2_2: autoDraw = True
42.6883 	EXP 	call3_2: autoDraw = True
42.6883 	EXP 	call4_2: autoDraw = True
42.6883 	EXP 	colour1_2: autoDraw = True
42.6883 	EXP 	colour2_2: autoDraw = True
42.6883 	EXP 	colour3_2: autoDraw = True
42.6883 	EXP 	colour4_2: autoDraw = True
42.6883 	EXP 	number1_2: autoDraw = True
42.6883 	EXP 	number2_2: autoDraw = True
42.6883 	EXP 	number3_2: autoDraw = True
42.6883 	EXP 	number4_2: autoDraw = True
42.6885 	EXP 	window1: mouseVisible = False
42.6888 	EXP 	window1: mouseVisible = True
42.7052 	EXP 	window1: mouseVisible = False
42.7054 	EXP 	window1: mouseVisible = True
42.7218 	EXP 	window1: mouseVisible = False
42.7220 	EXP 	window1: mouseVisible = True
42.7385 	EXP 	window1: mouseVisible = False
42.7387 	EXP 	window1: mouseVisible = True
42.7556 	EXP 	window1: mouseVisible = False
42.7559 	EXP 	window1: mouseVisible = True
42.7718 	EXP 	window1: mouseVisible = False
42.7721 	EXP 	window1: mouseVisible = True
42.7884 	EXP 	window1: mouseVisible = False
42.7886 	EXP 	window1: mouseVisible = True
42.8055 	EXP 	window1: mouseVisible = False
42.8058 	EXP 	window1: mouseVisible = True
42.8219 	EXP 	window1: mouseVisible = False
42.8222 	EXP 	window1: mouseVisible = True
42.8384 	EXP 	window1: mouseVisible = False
42.8387 	EXP 	window1: mouseVisible = True
42.8552 	EXP 	window1: mouseVisible = False
42.8555 	EXP 	window1: mouseVisible = True
42.8719 	EXP 	window1: mouseVisible = False
42.8722 	EXP 	window1: mouseVisible = True
42.8885 	EXP 	window1: mouseVisible = False
42.8887 	EXP 	window1: mouseVisible = True
42.9052 	EXP 	window1: mouseVisible = False
42.9055 	EXP 	window1: mouseVisible = True
42.9221 	EXP 	window1: mouseVisible = False
42.9223 	EXP 	window1: mouseVisible = True
42.9386 	EXP 	window1: mouseVisible = False
42.9388 	EXP 	window1: mouseVisible = True
42.9552 	EXP 	window1: mouseVisible = False
42.9555 	EXP 	window1: mouseVisible = True
42.9722 	EXP 	window1: mouseVisible = False
42.9723 	EXP 	window1: mouseVisible = True
42.9886 	EXP 	window1: mouseVisible = False
42.9887 	EXP 	window1: mouseVisible = True
43.0052 	EXP 	window1: mouseVisible = False
43.0054 	EXP 	window1: mouseVisible = True
43.0220 	EXP 	window1: mouseVisible = False
43.0223 	EXP 	window1: mouseVisible = True
43.0386 	EXP 	window1: mouseVisible = False
43.0388 	EXP 	window1: mouseVisible = True
43.0554 	EXP 	window1: mouseVisible = False
43.0556 	EXP 	window1: mouseVisible = True
43.0722 	EXP 	window1: mouseVisible = False
43.0725 	EXP 	window1: mouseVisible = True
43.0887 	EXP 	window1: mouseVisible = False
43.0889 	EXP 	window1: mouseVisible = True
43.1055 	EXP 	window1: mouseVisible = False
43.1057 	EXP 	window1: mouseVisible = True
43.1223 	EXP 	window1: mouseVisible = False
43.1226 	EXP 	window1: mouseVisible = True
43.1389 	EXP 	window1: mouseVisible = False
43.1391 	EXP 	window1: mouseVisible = True
43.1555 	EXP 	window1: mouseVisible = False
43.1558 	EXP 	window1: mouseVisible = True
43.1721 	EXP 	window1: mouseVisible = False
43.1723 	EXP 	window1: mouseVisible = True
43.1888 	EXP 	window1: mouseVisible = False
43.1890 	EXP 	window1: mouseVisible = True
43.2054 	EXP 	window1: mouseVisible = False
43.2056 	EXP 	window1: mouseVisible = True
43.2223 	EXP 	window1: mouseVisible = False
43.2226 	EXP 	window1: mouseVisible = True
43.2389 	EXP 	window1: mouseVisible = False
43.2392 	EXP 	window1: mouseVisible = True
43.2556 	EXP 	window1: mouseVisible = False
43.2559 	EXP 	window1: mouseVisible = True
43.2723 	EXP 	window1: mouseVisible = False
43.2728 	EXP 	window1: mouseVisible = True
43.2888 	EXP 	window1: mouseVisible = False
43.2890 	EXP 	window1: mouseVisible = True
43.3056 	EXP 	window1: mouseVisible = False
43.3059 	EXP 	window1: mouseVisible = True
43.3223 	EXP 	window1: mouseVisible = False
43.3225 	EXP 	window1: mouseVisible = True
43.3390 	EXP 	window1: mouseVisible = False
43.3392 	EXP 	window1: mouseVisible = True
43.3397 	DATA 	Mouse: Left button down, pos=(765,340)
43.3723 	EXP 	call1_2: texRes = 128
43.3723 	EXP 	call2_2: texRes = 128
43.3723 	EXP 	call3_2: texRes = 128
43.3725 	EXP 	window1: mouseVisible = False
43.3728 	EXP 	window1: mouseVisible = True
43.3888 	EXP 	window1: mouseVisible = False
43.3890 	EXP 	window1: mouseVisible = True
43.4056 	EXP 	window1: mouseVisible = False
43.4058 	EXP 	window1: mouseVisible = True
43.4224 	EXP 	window1: mouseVisible = False
43.4226 	EXP 	window1: mouseVisible = True
43.4228 	DATA 	Mouse:  Left button up, pos=(765,338)
43.4390 	EXP 	window1: mouseVisible = False
43.4391 	EXP 	window1: mouseVisible = True
43.4558 	EXP 	window1: mouseVisible = False
43.4560 	EXP 	window1: mouseVisible = True
43.4724 	EXP 	window1: mouseVisible = False
43.4727 	EXP 	window1: mouseVisible = True
43.4892 	EXP 	window1: mouseVisible = False
43.4894 	EXP 	window1: mouseVisible = True
43.5060 	EXP 	window1: mouseVisible = False
43.5065 	EXP 	window1: mouseVisible = True
43.5225 	EXP 	window1: mouseVisible = False
43.5227 	EXP 	window1: mouseVisible = True
43.5391 	EXP 	window1: mouseVisible = False
43.5396 	EXP 	window1: mouseVisible = True
43.5557 	EXP 	window1: mouseVisible = False
43.5558 	EXP 	window1: mouseVisible = True
43.5724 	EXP 	window1: mouseVisible = False
43.5727 	EXP 	window1: mouseVisible = True
43.5890 	EXP 	window1: mouseVisible = False
43.5892 	EXP 	window1: mouseVisible = True
43.6058 	EXP 	window1: mouseVisible = False
43.6061 	EXP 	window1: mouseVisible = True
43.6225 	EXP 	window1: mouseVisible = False
43.6228 	EXP 	window1: mouseVisible = True
43.6393 	EXP 	window1: mouseVisible = False
43.6396 	EXP 	window1: mouseVisible = True
43.6560 	EXP 	window1: mouseVisible = False
43.6562 	EXP 	window1: mouseVisible = True
43.6726 	EXP 	window1: mouseVisible = False
43.6728 	EXP 	window1: mouseVisible = True
43.6892 	EXP 	window1: mouseVisible = False
43.6894 	EXP 	window1: mouseVisible = True
43.6897 	DATA 	Mouse: Left button down, pos=(1253,323)
43.7224 	EXP 	colour1_2: texRes = 128
43.7224 	EXP 	colour2_2: texRes = 128
43.7224 	EXP 	colour3_2: texRes = 128
43.7227 	EXP 	window1: mouseVisible = False
43.7228 	EXP 	window1: mouseVisible = True
43.7392 	EXP 	window1: mouseVisible = False
43.7394 	EXP 	window1: mouseVisible = True
43.7566 	EXP 	window1: mouseVisible = False
43.7568 	EXP 	window1: mouseVisible = True
43.7727 	EXP 	window1: mouseVisible = False
43.7729 	EXP 	window1: mouseVisible = True
43.7733 	DATA 	Mouse:  Left button up, pos=(1255,324)
43.7892 	EXP 	window1: mouseVisible = False
43.7894 	EXP 	window1: mouseVisible = True
43.8061 	EXP 	window1: mouseVisible = False
43.8064 	EXP 	window1: mouseVisible = True
43.8226 	EXP 	window1: mouseVisible = False
43.8229 	EXP 	window1: mouseVisible = True
43.8395 	EXP 	window1: mouseVisible = False
43.8398 	EXP 	window1: mouseVisible = True
43.8560 	EXP 	window1: mouseVisible = False
43.8562 	EXP 	window1: mouseVisible = True
43.8728 	EXP 	window1: mouseVisible = False
43.8730 	EXP 	window1: mouseVisible = True
43.8894 	EXP 	window1: mouseVisible = False
43.8896 	EXP 	window1: mouseVisible = True
43.9061 	EXP 	window1: mouseVisible = False
43.9063 	EXP 	window1: mouseVisible = True
43.9227 	EXP 	window1: mouseVisible = False
43.9229 	EXP 	window1: mouseVisible = True
43.9394 	EXP 	window1: mouseVisible = False
43.9396 	EXP 	window1: mouseVisible = True
43.9560 	EXP 	window1: mouseVisible = False
43.9562 	EXP 	window1: mouseVisible = True
43.9728 	EXP 	window1: mouseVisible = False
43.9731 	EXP 	window1: mouseVisible = True
43.9895 	EXP 	window1: mouseVisible = False
43.9897 	EXP 	window1: mouseVisible = True
44.0061 	EXP 	window1: mouseVisible = False
44.0064 	EXP 	window1: mouseVisible = True
44.0229 	EXP 	window1: mouseVisible = False
44.0231 	EXP 	window1: mouseVisible = True
44.0396 	EXP 	window1: mouseVisible = False
44.0399 	EXP 	window1: mouseVisible = True
44.0561 	EXP 	window1: mouseVisible = False
44.0564 	EXP 	window1: mouseVisible = True
44.0730 	EXP 	window1: mouseVisible = False
44.0732 	EXP 	window1: mouseVisible = True
44.0895 	EXP 	window1: mouseVisible = False
44.0898 	EXP 	window1: mouseVisible = True
44.1063 	EXP 	window1: mouseVisible = False
44.1065 	EXP 	window1: mouseVisible = True
44.1068 	DATA 	Mouse: Left button down, pos=(1858,324)
44.1202 	EXP 	New trial (rep=0, index=3): OrderedDict([('audiofile', 'audio/SiSSN_DE_Neural2-D_Kr-we-Dr_-13db.wav'), ('callSign', 'Kr'), ('colour', 'we'), ('number', 'Dr')])
44.1407 	EXP 	Set sound_examples sound=audio/SiSSN_DE_Neural2-D_Kr-we-Dr_-13db.wav
44.1409 	EXP 	window1: mouseVisible = False
44.1416 	EXP 	Sound sound_examples started
44.1562 	EXP 	number1_2: texRes = 128
44.1562 	EXP 	number2_2: texRes = 128
44.1562 	EXP 	number3_2: texRes = 128
44.1562 	EXP 	blankScreen_2: autoDraw = False
44.1562 	EXP 	call1_2: autoDraw = False
44.1562 	EXP 	call2_2: autoDraw = False
44.1562 	EXP 	call3_2: autoDraw = False
44.1562 	EXP 	call4_2: autoDraw = False
44.1562 	EXP 	colour1_2: autoDraw = False
44.1562 	EXP 	colour2_2: autoDraw = False
44.1562 	EXP 	colour3_2: autoDraw = False
44.1562 	EXP 	colour4_2: autoDraw = False
44.1562 	EXP 	number1_2: autoDraw = False
44.1562 	EXP 	number2_2: autoDraw = False
44.1562 	EXP 	number3_2: autoDraw = False
44.1562 	EXP 	number4_2: autoDraw = False
44.1562 	EXP 	blankScreenAfterResponse_2: autoDraw = False
44.1562 	EXP 	fixation_2: autoDraw = True
44.2248 	DATA 	Mouse:  Left button up, pos=(1861,326)
49.4783 	EXP 	Sound sound_examples stopped
49.5212 	EXP 	window1: mouseVisible = False
49.5288 	EXP 	fixation_2: autoDraw = False
49.5288 	EXP 	screenAfterAudio_2: autoDraw = True
49.5288 	EXP 	screenAfterAudio_2: autoDraw = False
49.5288 	EXP 	fixation_2: autoDraw = False
49.5288 	EXP 	screenAfterAudio_2: autoDraw = False
49.5288 	EXP 	call1_2: texRes = 128
49.5288 	EXP 	call2_2: texRes = 128
49.5288 	EXP 	call3_2: texRes = 128
49.5288 	EXP 	call4_2: texRes = 128
49.5288 	EXP 	colour1_2: texRes = 128
49.5288 	EXP 	colour2_2: texRes = 128
49.5288 	EXP 	colour3_2: texRes = 128
49.5288 	EXP 	colour4_2: texRes = 128
49.5288 	EXP 	number1_2: texRes = 128
49.5288 	EXP 	number2_2: texRes = 128
49.5288 	EXP 	number3_2: texRes = 128
49.5288 	EXP 	number4_2: texRes = 128
49.5288 	EXP 	blankScreen_2: autoDraw = True
49.5290 	EXP 	window1: mouseVisible = False
49.5496 	EXP 	window1: mouseVisible = False
49.5659 	EXP 	window1: mouseVisible = False
49.5827 	EXP 	window1: mouseVisible = False
49.5994 	EXP 	window1: mouseVisible = False
49.6159 	EXP 	window1: mouseVisible = False
49.6326 	EXP 	window1: mouseVisible = False
49.6496 	EXP 	window1: mouseVisible = False
49.6662 	EXP 	window1: mouseVisible = False
49.6830 	EXP 	window1: mouseVisible = False
49.6998 	EXP 	window1: mouseVisible = False
49.7161 	EXP 	window1: mouseVisible = False
49.7333 	EXP 	window1: mouseVisible = False
49.7500 	EXP 	window1: mouseVisible = False
49.7663 	EXP 	window1: mouseVisible = False
49.7829 	EXP 	window1: mouseVisible = False
49.7993 	EXP 	window1: mouseVisible = False
49.8165 	EXP 	window1: mouseVisible = False
49.8328 	EXP 	window1: mouseVisible = False
49.8493 	EXP 	window1: mouseVisible = False
49.8665 	EXP 	window1: mouseVisible = False
49.8834 	EXP 	window1: mouseVisible = False
49.8994 	EXP 	window1: mouseVisible = False
49.9166 	EXP 	window1: mouseVisible = False
49.9330 	EXP 	window1: mouseVisible = False
49.9494 	EXP 	window1: mouseVisible = False
49.9667 	EXP 	window1: mouseVisible = False
49.9829 	EXP 	window1: mouseVisible = False
49.9995 	EXP 	window1: mouseVisible = False
50.0168 	EXP 	window1: mouseVisible = False
50.0331 	EXP 	window1: mouseVisible = False
50.0496 	EXP 	window1: mouseVisible = False
50.0668 	EXP 	window1: mouseVisible = False
50.0831 	EXP 	window1: mouseVisible = False
50.1000 	EXP 	window1: mouseVisible = False
50.1165 	EXP 	window1: mouseVisible = False
50.1329 	EXP 	window1: mouseVisible = False
50.1497 	EXP 	window1: mouseVisible = False
50.1670 	EXP 	window1: mouseVisible = False
50.1831 	EXP 	window1: mouseVisible = False
50.1999 	EXP 	window1: mouseVisible = False
50.2167 	EXP 	window1: mouseVisible = False
50.2332 	EXP 	window1: mouseVisible = False
50.2500 	EXP 	window1: mouseVisible = False
50.2667 	EXP 	window1: mouseVisible = False
50.2830 	EXP 	window1: mouseVisible = False
50.3003 	EXP 	window1: mouseVisible = False
50.3167 	EXP 	window1: mouseVisible = False
50.3331 	EXP 	window1: mouseVisible = False
50.3506 	EXP 	window1: mouseVisible = False
50.3666 	EXP 	window1: mouseVisible = False
50.3832 	EXP 	window1: mouseVisible = False
50.4007 	EXP 	window1: mouseVisible = False
50.4168 	EXP 	window1: mouseVisible = False
50.4333 	EXP 	window1: mouseVisible = False
50.4506 	EXP 	window1: mouseVisible = False
50.4665 	EXP 	window1: mouseVisible = False
50.4833 	EXP 	window1: mouseVisible = False
50.5006 	EXP 	window1: mouseVisible = False
50.5167 	EXP 	window1: mouseVisible = False
50.5447 	EXP 	blankScreen_2: autoDraw = False
50.5447 	EXP 	call1_2: autoDraw = True
50.5447 	EXP 	call2_2: autoDraw = True
50.5447 	EXP 	call3_2: autoDraw = True
50.5447 	EXP 	call4_2: autoDraw = True
50.5447 	EXP 	colour1_2: autoDraw = True
50.5447 	EXP 	colour2_2: autoDraw = True
50.5447 	EXP 	colour3_2: autoDraw = True
50.5447 	EXP 	colour4_2: autoDraw = True
50.5447 	EXP 	number1_2: autoDraw = True
50.5447 	EXP 	number2_2: autoDraw = True
50.5447 	EXP 	number3_2: autoDraw = True
50.5447 	EXP 	number4_2: autoDraw = True
50.5449 	EXP 	window1: mouseVisible = False
50.5451 	EXP 	window1: mouseVisible = True
50.5621 	EXP 	window1: mouseVisible = False
50.5623 	EXP 	window1: mouseVisible = True
50.5791 	EXP 	window1: mouseVisible = False
50.5793 	EXP 	window1: mouseVisible = True
50.5950 	EXP 	window1: mouseVisible = False
50.5951 	EXP 	window1: mouseVisible = True
50.6122 	EXP 	window1: mouseVisible = False
50.6124 	EXP 	window1: mouseVisible = True
50.6292 	EXP 	window1: mouseVisible = False
50.6294 	EXP 	window1: mouseVisible = True
50.6450 	EXP 	window1: mouseVisible = False
50.6452 	EXP 	window1: mouseVisible = True
50.6621 	EXP 	window1: mouseVisible = False
50.6626 	EXP 	window1: mouseVisible = True
50.6783 	EXP 	window1: mouseVisible = False
50.6787 	EXP 	window1: mouseVisible = True
50.6957 	EXP 	window1: mouseVisible = False
50.6960 	EXP 	window1: mouseVisible = True
50.7123 	EXP 	window1: mouseVisible = False
50.7126 	EXP 	window1: mouseVisible = True
50.7283 	EXP 	window1: mouseVisible = False
50.7285 	EXP 	window1: mouseVisible = True
50.7451 	EXP 	window1: mouseVisible = False
50.7454 	EXP 	window1: mouseVisible = True
50.7622 	EXP 	window1: mouseVisible = False
50.7624 	EXP 	window1: mouseVisible = True
50.7784 	EXP 	window1: mouseVisible = False
50.7787 	EXP 	window1: mouseVisible = True
50.7951 	EXP 	window1: mouseVisible = False
50.7953 	EXP 	window1: mouseVisible = True
50.8118 	EXP 	window1: mouseVisible = False
50.8121 	EXP 	window1: mouseVisible = True
50.8284 	EXP 	window1: mouseVisible = False
50.8286 	EXP 	window1: mouseVisible = True
50.8452 	EXP 	window1: mouseVisible = False
50.8454 	EXP 	window1: mouseVisible = True
50.8618 	EXP 	window1: mouseVisible = False
50.8620 	EXP 	window1: mouseVisible = True
50.8784 	EXP 	window1: mouseVisible = False
50.8786 	EXP 	window1: mouseVisible = True
50.8952 	EXP 	window1: mouseVisible = False
50.8954 	EXP 	window1: mouseVisible = True
50.9122 	EXP 	window1: mouseVisible = False
50.9126 	EXP 	window1: mouseVisible = True
50.9285 	EXP 	window1: mouseVisible = False
50.9289 	EXP 	window1: mouseVisible = True
50.9451 	EXP 	window1: mouseVisible = False
50.9453 	EXP 	window1: mouseVisible = True
50.9618 	EXP 	window1: mouseVisible = False
50.9620 	EXP 	window1: mouseVisible = True
50.9784 	EXP 	window1: mouseVisible = False
50.9786 	EXP 	window1: mouseVisible = True
50.9953 	EXP 	window1: mouseVisible = False
50.9956 	EXP 	window1: mouseVisible = True
51.0119 	EXP 	window1: mouseVisible = False
51.0122 	EXP 	window1: mouseVisible = True
51.0285 	EXP 	window1: mouseVisible = False
51.0287 	EXP 	window1: mouseVisible = True
51.0453 	EXP 	window1: mouseVisible = False
51.0456 	EXP 	window1: mouseVisible = True
51.0621 	EXP 	window1: mouseVisible = False
51.0623 	EXP 	window1: mouseVisible = True
51.0787 	EXP 	window1: mouseVisible = False
51.0789 	EXP 	window1: mouseVisible = True
51.0954 	EXP 	window1: mouseVisible = False
51.0955 	EXP 	window1: mouseVisible = True
51.1121 	EXP 	window1: mouseVisible = False
51.1123 	EXP 	window1: mouseVisible = True
51.1286 	EXP 	window1: mouseVisible = False
51.1288 	EXP 	window1: mouseVisible = True
51.1453 	EXP 	window1: mouseVisible = False
51.1455 	EXP 	window1: mouseVisible = True
51.1621 	EXP 	window1: mouseVisible = False
51.1625 	EXP 	window1: mouseVisible = True
51.1788 	EXP 	window1: mouseVisible = False
51.1791 	EXP 	window1: mouseVisible = True
51.1953 	EXP 	window1: mouseVisible = False
51.1955 	EXP 	window1: mouseVisible = True
51.2121 	EXP 	window1: mouseVisible = False
51.2124 	EXP 	window1: mouseVisible = True
51.2287 	EXP 	window1: mouseVisible = False
51.2290 	EXP 	window1: mouseVisible = True
51.2455 	EXP 	window1: mouseVisible = False
51.2457 	EXP 	window1: mouseVisible = True
51.2624 	EXP 	window1: mouseVisible = False
51.2626 	EXP 	window1: mouseVisible = True
51.2787 	EXP 	window1: mouseVisible = False
51.2789 	EXP 	window1: mouseVisible = True
51.2955 	EXP 	window1: mouseVisible = False
51.2957 	EXP 	window1: mouseVisible = True
51.3122 	EXP 	window1: mouseVisible = False
51.3124 	EXP 	window1: mouseVisible = True
51.3287 	EXP 	window1: mouseVisible = False
51.3289 	EXP 	window1: mouseVisible = True
51.3455 	EXP 	window1: mouseVisible = False
51.3457 	EXP 	window1: mouseVisible = True
51.3623 	EXP 	window1: mouseVisible = False
51.3625 	EXP 	window1: mouseVisible = True
51.3790 	EXP 	window1: mouseVisible = False
51.3792 	EXP 	window1: mouseVisible = True
51.3955 	EXP 	window1: mouseVisible = False
51.3958 	EXP 	window1: mouseVisible = True
51.4124 	EXP 	window1: mouseVisible = False
51.4128 	EXP 	window1: mouseVisible = True
51.4290 	EXP 	window1: mouseVisible = False
51.4294 	EXP 	window1: mouseVisible = True
51.4456 	EXP 	window1: mouseVisible = False
51.4460 	EXP 	window1: mouseVisible = True
51.4623 	EXP 	window1: mouseVisible = False
51.4625 	EXP 	window1: mouseVisible = True
51.4789 	EXP 	window1: mouseVisible = False
51.4791 	EXP 	window1: mouseVisible = True
51.4956 	EXP 	window1: mouseVisible = False
51.4959 	EXP 	window1: mouseVisible = True
51.5123 	EXP 	window1: mouseVisible = False
51.5125 	EXP 	window1: mouseVisible = True
51.5290 	EXP 	window1: mouseVisible = False
51.5292 	EXP 	window1: mouseVisible = True
51.5456 	EXP 	window1: mouseVisible = False
51.5459 	EXP 	window1: mouseVisible = True
51.5624 	EXP 	window1: mouseVisible = False
51.5627 	EXP 	window1: mouseVisible = True
51.5789 	EXP 	window1: mouseVisible = False
51.5791 	EXP 	window1: mouseVisible = True
51.5956 	EXP 	window1: mouseVisible = False
51.5958 	EXP 	window1: mouseVisible = True
51.6125 	EXP 	window1: mouseVisible = False
51.6127 	EXP 	window1: mouseVisible = True
51.6291 	EXP 	window1: mouseVisible = False
51.6293 	EXP 	window1: mouseVisible = True
51.6458 	EXP 	window1: mouseVisible = False
51.6461 	EXP 	window1: mouseVisible = True
51.6627 	EXP 	window1: mouseVisible = False
51.6630 	EXP 	window1: mouseVisible = True
51.6792 	EXP 	window1: mouseVisible = False
51.6794 	EXP 	window1: mouseVisible = True
51.6959 	EXP 	window1: mouseVisible = False
51.6961 	EXP 	window1: mouseVisible = True
51.7127 	EXP 	window1: mouseVisible = False
51.7129 	EXP 	window1: mouseVisible = True
51.7291 	EXP 	window1: mouseVisible = False
51.7293 	EXP 	window1: mouseVisible = True
51.7460 	EXP 	window1: mouseVisible = False
51.7462 	EXP 	window1: mouseVisible = True
51.7631 	EXP 	window1: mouseVisible = False
51.7633 	EXP 	window1: mouseVisible = True
51.7792 	EXP 	window1: mouseVisible = False
51.7793 	EXP 	window1: mouseVisible = True
51.7958 	EXP 	window1: mouseVisible = False
51.7960 	EXP 	window1: mouseVisible = True
51.8126 	EXP 	window1: mouseVisible = False
51.8129 	EXP 	window1: mouseVisible = True
51.8293 	EXP 	window1: mouseVisible = False
51.8295 	EXP 	window1: mouseVisible = True
51.8459 	EXP 	window1: mouseVisible = False
51.8462 	EXP 	window1: mouseVisible = True
51.8626 	EXP 	window1: mouseVisible = False
51.8628 	EXP 	window1: mouseVisible = True
51.8793 	EXP 	window1: mouseVisible = False
51.8795 	EXP 	window1: mouseVisible = True
51.8959 	EXP 	window1: mouseVisible = False
51.8961 	EXP 	window1: mouseVisible = True
51.9128 	EXP 	window1: mouseVisible = False
51.9132 	EXP 	window1: mouseVisible = True
51.9292 	EXP 	window1: mouseVisible = False
51.9294 	EXP 	window1: mouseVisible = True
51.9459 	EXP 	window1: mouseVisible = False
51.9461 	EXP 	window1: mouseVisible = True
51.9627 	EXP 	window1: mouseVisible = False
51.9630 	EXP 	window1: mouseVisible = True
51.9651 	DATA 	Mouse: Left button down, pos=(641,248)
51.9794 	EXP 	window1: mouseVisible = False
51.9795 	EXP 	window1: mouseVisible = True
52.0125 	EXP 	call1_2: texRes = 128
52.0125 	EXP 	call2_2: texRes = 128
52.0125 	EXP 	call3_2: texRes = 128
52.0127 	EXP 	window1: mouseVisible = False
52.0129 	EXP 	window1: mouseVisible = True
52.0294 	EXP 	window1: mouseVisible = False
52.0296 	EXP 	window1: mouseVisible = True
52.0461 	EXP 	window1: mouseVisible = False
52.0462 	EXP 	window1: mouseVisible = True
52.0465 	DATA 	Mouse:  Left button up, pos=(642,248)
52.0629 	EXP 	window1: mouseVisible = False
52.0632 	EXP 	window1: mouseVisible = True
52.0794 	EXP 	window1: mouseVisible = False
52.0797 	EXP 	window1: mouseVisible = True
52.0962 	EXP 	window1: mouseVisible = False
52.0965 	EXP 	window1: mouseVisible = True
52.1128 	EXP 	window1: mouseVisible = False
52.1131 	EXP 	window1: mouseVisible = True
52.1296 	EXP 	window1: mouseVisible = False
52.1298 	EXP 	window1: mouseVisible = True
52.1463 	EXP 	window1: mouseVisible = False
52.1465 	EXP 	window1: mouseVisible = True
52.1628 	EXP 	window1: mouseVisible = False
52.1630 	EXP 	window1: mouseVisible = True
52.1795 	EXP 	window1: mouseVisible = False
52.1797 	EXP 	window1: mouseVisible = True
52.1962 	EXP 	window1: mouseVisible = False
52.1966 	EXP 	window1: mouseVisible = True
52.2129 	EXP 	window1: mouseVisible = False
52.2132 	EXP 	window1: mouseVisible = True
52.2295 	EXP 	window1: mouseVisible = False
52.2297 	EXP 	window1: mouseVisible = True
52.2463 	EXP 	window1: mouseVisible = False
52.2465 	EXP 	window1: mouseVisible = True
52.2630 	EXP 	window1: mouseVisible = False
52.2632 	EXP 	window1: mouseVisible = True
52.2797 	EXP 	window1: mouseVisible = False
52.2800 	EXP 	window1: mouseVisible = True
52.2963 	EXP 	window1: mouseVisible = False
52.2965 	EXP 	window1: mouseVisible = True
52.2970 	DATA 	Mouse: Left button down, pos=(1212,561)
52.3295 	EXP 	colour1_2: texRes = 128
52.3295 	EXP 	colour2_2: texRes = 128
52.3295 	EXP 	colour4_2: texRes = 128
52.3298 	EXP 	window1: mouseVisible = False
52.3300 	EXP 	window1: mouseVisible = True
52.3463 	EXP 	window1: mouseVisible = False
52.3465 	EXP 	window1: mouseVisible = True
52.3632 	EXP 	window1: mouseVisible = False
52.3634 	EXP 	window1: mouseVisible = True
52.3797 	EXP 	window1: mouseVisible = False
52.3799 	EXP 	window1: mouseVisible = True
52.3964 	EXP 	window1: mouseVisible = False
52.3966 	EXP 	window1: mouseVisible = True
52.4133 	EXP 	window1: mouseVisible = False
52.4138 	EXP 	window1: mouseVisible = True
52.4142 	DATA 	Mouse:  Left button up, pos=(1213,561)
52.4297 	EXP 	window1: mouseVisible = False
52.4300 	EXP 	window1: mouseVisible = True
52.4465 	EXP 	window1: mouseVisible = False
52.4468 	EXP 	window1: mouseVisible = True
52.4631 	EXP 	window1: mouseVisible = False
52.4633 	EXP 	window1: mouseVisible = True
52.4798 	EXP 	window1: mouseVisible = False
52.4801 	EXP 	window1: mouseVisible = True
52.4965 	EXP 	window1: mouseVisible = False
52.4967 	EXP 	window1: mouseVisible = True
52.5132 	EXP 	window1: mouseVisible = False
52.5134 	EXP 	window1: mouseVisible = True
52.5298 	EXP 	window1: mouseVisible = False
52.5300 	EXP 	window1: mouseVisible = True
52.5465 	EXP 	window1: mouseVisible = False
52.5467 	EXP 	window1: mouseVisible = True
52.5634 	EXP 	window1: mouseVisible = False
52.5636 	EXP 	window1: mouseVisible = True
52.5799 	EXP 	window1: mouseVisible = False
52.5803 	EXP 	window1: mouseVisible = True
52.5966 	EXP 	window1: mouseVisible = False
52.5968 	EXP 	window1: mouseVisible = True
52.6132 	EXP 	window1: mouseVisible = False
52.6134 	EXP 	window1: mouseVisible = True
52.6299 	EXP 	window1: mouseVisible = False
52.6301 	EXP 	window1: mouseVisible = True
52.6464 	EXP 	window1: mouseVisible = False
52.6467 	EXP 	window1: mouseVisible = True
52.6635 	EXP 	window1: mouseVisible = False
52.6639 	EXP 	window1: mouseVisible = True
52.6801 	EXP 	window1: mouseVisible = False
52.6803 	EXP 	window1: mouseVisible = True
52.6966 	EXP 	window1: mouseVisible = False
52.6968 	EXP 	window1: mouseVisible = True
52.7134 	EXP 	window1: mouseVisible = False
52.7136 	EXP 	window1: mouseVisible = True
52.7300 	EXP 	window1: mouseVisible = False
52.7302 	EXP 	window1: mouseVisible = True
52.7468 	EXP 	window1: mouseVisible = False
52.7470 	EXP 	window1: mouseVisible = True
52.7638 	EXP 	window1: mouseVisible = False
52.7640 	EXP 	window1: mouseVisible = True
52.7802 	EXP 	window1: mouseVisible = False
52.7805 	EXP 	window1: mouseVisible = True
52.7968 	EXP 	window1: mouseVisible = False
52.7970 	EXP 	window1: mouseVisible = True
52.8133 	EXP 	window1: mouseVisible = False
52.8135 	EXP 	window1: mouseVisible = True
52.8300 	EXP 	window1: mouseVisible = False
52.8302 	EXP 	window1: mouseVisible = True
52.8468 	EXP 	window1: mouseVisible = False
52.8470 	EXP 	window1: mouseVisible = True
52.8634 	EXP 	window1: mouseVisible = False
52.8636 	EXP 	window1: mouseVisible = True
52.8800 	EXP 	window1: mouseVisible = False
52.8802 	EXP 	window1: mouseVisible = True
52.8969 	EXP 	window1: mouseVisible = False
52.8972 	EXP 	window1: mouseVisible = True
52.9134 	EXP 	window1: mouseVisible = False
52.9135 	EXP 	window1: mouseVisible = True
52.9304 	EXP 	window1: mouseVisible = False
52.9307 	EXP 	window1: mouseVisible = True
52.9469 	EXP 	window1: mouseVisible = False
52.9473 	EXP 	window1: mouseVisible = True
52.9634 	EXP 	window1: mouseVisible = False
52.9637 	EXP 	window1: mouseVisible = True
52.9803 	EXP 	window1: mouseVisible = False
52.9804 	EXP 	window1: mouseVisible = True
52.9969 	EXP 	window1: mouseVisible = False
52.9973 	EXP 	window1: mouseVisible = True
53.0136 	EXP 	window1: mouseVisible = False
53.0139 	EXP 	window1: mouseVisible = True
53.0303 	EXP 	window1: mouseVisible = False
53.0305 	EXP 	window1: mouseVisible = True
53.0308 	DATA 	Mouse: Left button down, pos=(1812,799)
53.0990 	EXP 	window1: mouseVisible = False
53.1135 	EXP 	number1_2: texRes = 128
53.1135 	EXP 	number3_2: texRes = 128
53.1135 	EXP 	number4_2: texRes = 128
53.1135 	EXP 	blankScreen_2: autoDraw = False
53.1135 	EXP 	call1_2: autoDraw = False
53.1135 	EXP 	call2_2: autoDraw = False
53.1135 	EXP 	call3_2: autoDraw = False
53.1135 	EXP 	call4_2: autoDraw = False
53.1135 	EXP 	colour1_2: autoDraw = False
53.1135 	EXP 	colour2_2: autoDraw = False
53.1135 	EXP 	colour3_2: autoDraw = False
53.1135 	EXP 	colour4_2: autoDraw = False
53.1135 	EXP 	number1_2: autoDraw = False
53.1135 	EXP 	number2_2: autoDraw = False
53.1135 	EXP 	number3_2: autoDraw = False
53.1135 	EXP 	number4_2: autoDraw = False
53.1135 	EXP 	blankScreenAfterResponse_2: autoDraw = False
53.1135 	EXP 	instrTaskText: autoDraw = True
53.1326 	DATA 	Mouse:  Left button up, pos=(1813,802)
54.1833 	DATA 	Mouse: Left button down, pos=(1770,525)
54.3002 	DATA 	Mouse:  Left button up, pos=(1770,525)
57.3520 	DATA 	Keypress: escape
58.8797 	EXP 	window1: mouseVisible = True
