1.8684 	WARNING 	We strongly recommend you activate the PTB sound engine in PsychoPy prefs as the preferred audio engine. Its timing is vastly superior. Your prefs are currently set to use ['pyo'] (in that order).
16.0506 	EXP 	Created window1 = Window(allowGUI=True, allowStencil=False, autoLog=True, backendConf=UNKNOWN, bitsMode=UNKNOWN, blendMode='avg', bpc=(8, 8, 8), color=array([0, 0, 0]), colorSpace='rgb', depthBits=8, fullscr=<method-wrapper '__getattribute__' of attributeSetter object at 0x0000019F07890D30>, gamma=None, gammaErrorPolicy='raise', lms=UNKNOWN, monitor=<psychopy.monitors.calibTools.Monitor object at 0x0000019F2FB1B940>, multiSample=False, name='window1', numSamples=2, pos=(0, 0), screen=0, size=array([2560, 1440]), stencilBits=0, stereo=False, units='height', useFBO=True, useRetina=False, viewOri=0.0, viewPos=None, viewScale=None, waitBlanking=True, winType='pyglet')
16.0507 	EXP 	window1: mouseVisible = True
16.0508 	EXP 	window1: mouseVisible = False
16.0508 	EXP 	window1: Attempting to measure frame rate of screen (0) ...
16.0508 	EXP 	window1: recordFrameIntervals = False
16.2173 	EXP 	window1: recordFrameIntervals = True
16.4006 	EXP 	Screen (0) actual frame rate measured at 59.97Hz
16.4006 	EXP 	window1: recordFrameIntervals = False
18.1072 	EXP 	Created instr_start = TextStim(__class__=<class 'psychopy.visual.text.TextStim'>, alignHoriz=method-wrapper(...), alignText='center', alignVert=method-wrapper(...), anchorHoriz='center', anchorVert='center', antialias=True, autoDraw=False, autoLog=True, bold=False, color=array([1., 1., 1.]), colorSpace='rgb', contrast=1.0, depth=0.0, flipHoriz=False, flipVert=False, font='Arial', fontFiles=[], height=0.04, italic=False, languageStyle='LTR', name='instr_start', opacity=1.0, ori=0, pos=array([0., 0.]), rgb=UNKNOWN, text=str(...), units='height', win=Window(...), wrapWidth=1)
18.1255 	EXP 	Created instrRest_pre = TextStim(__class__=<class 'psychopy.visual.text.TextStim'>, alignHoriz=method-wrapper(...), alignText='center', alignVert=method-wrapper(...), anchorHoriz='center', anchorVert='center', antialias=True, autoDraw=False, autoLog=True, bold=False, color=array([1., 1., 1.]), colorSpace='rgb', contrast=1.0, depth=-1.0, flipHoriz=False, flipVert=False, font='Arial', fontFiles=[], height=0.04, italic=False, languageStyle='LTR', name='instrRest_pre', opacity=1.0, ori=0, pos=array([0., 0.]), rgb=UNKNOWN, text=str(...), units='height', win=Window(...), wrapWidth=1)
19.1014 	EXP 	Set  sound=C
19.1270 	EXP 	Set beep_rest_pre_start sound=A
19.1270 	EXP 	Sound beep_rest_pre_start set volume 1.000
19.1353 	EXP 	Created fixation_1 = ShapeStim(__class__=<class 'psychopy.visual.shape.ShapeStim'>, anchor=('center', 'center'), autoDraw=False, autoLog=True, closeShape=True, color=method-wrapper(...), colorSpace='rgb', contrast=None, depth=-1.0, fillColor=array([1, 1, 1]), fillColorSpace='rgb', fillRGB=array([1, 1, 1]), interpolate=True, lineColor=array([1., 1., 1.]), lineColorSpace='rgb', lineRGB=array([1, 1, 1]), lineWidth=0.5, name='fixation_1', opacity=0.75, ori=0.0, pos=array([0., 0.]), size=array([0.05, 0.05]), units='height', vertices=ndarray(...), win=Window(...), windingRule=None)
19.1559 	EXP 	Created screenAfterAudio_3 = ImageStim(__class__=<class 'psychopy.visual.image.ImageStim'>, anchor=('center', 'center'), autoLog=True, color=array([1., 1., 1.]), colorSpace='rgb', contrast=1.0, depth=-3.0, flipHoriz=False, flipVert=False, image='images/grayScreen.png', interpolate=True, mask=None, maskParams=None, name='screenAfterAudio_3', opacity=1.0, ori=0.0, pos=array([0., 0.]), size=array([0.5, 0.5]), texRes=128.0, units='height', win=Window(...))
19.1572 	EXP 	Set beep_rest_pre_end sound=A
19.1572 	EXP 	Sound beep_rest_pre_end set volume 1.000
19.2102 	EXP 	Created instr_start_2 = TextStim(__class__=<class 'psychopy.visual.text.TextStim'>, alignHoriz=method-wrapper(...), alignText='center', alignVert=method-wrapper(...), anchorHoriz='center', anchorVert='center', antialias=True, autoDraw=False, autoLog=True, bold=False, color=array([1., 1., 1.]), colorSpace='rgb', contrast=1.0, depth=0.0, flipHoriz=False, flipVert=False, font='Arial', fontFiles=[], height=0.04, italic=False, languageStyle='LTR', name='instr_start_2', opacity=1.0, ori=0, pos=array([0., 0.]), rgb=UNKNOWN, text=str(...), units='height', win=Window(...), wrapWidth=1)
19.2239 	EXP 	Set sound_examples sound=A
19.2239 	EXP 	Sound sound_examples set volume 1.000
19.2257 	EXP 	Created fixation_2 = ShapeStim(__class__=<class 'psychopy.visual.shape.ShapeStim'>, anchor=('center', 'center'), autoDraw=False, autoLog=True, closeShape=True, color=method-wrapper(...), colorSpace='rgb', contrast=None, depth=-1.0, fillColor=array([1, 1, 1]), fillColorSpace='rgb', fillRGB=array([1, 1, 1]), interpolate=True, lineColor=array([1., 1., 1.]), lineColorSpace='rgb', lineRGB=array([1, 1, 1]), lineWidth=0.5, name='fixation_2', opacity=0.75, ori=0.0, pos=array([0., 0.]), size=array([0.05, 0.05]), units='height', vertices=ndarray(...), win=Window(...), windingRule=None)
19.2390 	EXP 	Created screenAfterAudio_2 = ImageStim(__class__=<class 'psychopy.visual.image.ImageStim'>, anchor=('center', 'center'), autoLog=True, color=array([1., 1., 1.]), colorSpace='rgb', contrast=1.0, depth=-3.0, flipHoriz=False, flipVert=False, image='images/grayScreen.png', interpolate=True, mask=None, maskParams=None, name='screenAfterAudio_2', opacity=1.0, ori=0.0, pos=array([0., 0.]), size=array([0.5, 0.5]), texRes=128.0, units='height', win=Window(...))
19.2534 	EXP 	Created blankScreen_2 = ImageStim(__class__=<class 'psychopy.visual.image.ImageStim'>, anchor=('center', 'center'), autoLog=True, color=array([1., 1., 1.]), colorSpace='rgb', contrast=1.0, depth=-4.0, flipHoriz=False, flipVert=False, image='images/grayScreen.png', interpolate=True, mask=None, maskParams=None, name='blankScreen_2', opacity=1.0, ori=0.0, pos=array([0., 0.]), size=array([1920., 1080.]), texRes=128, units='height', win=Window(...))
19.2814 	EXP 	Created call1_2 = ImageStim(__class__=<class 'psychopy.visual.image.ImageStim'>, anchor=('center', 'center'), autoLog=True, color=array([1., 1., 1.]), colorSpace='rgb', contrast=1.0, depth=-5.0, flipHoriz=False, flipVert=False, image='images/adler.png', interpolate=True, mask=None, maskParams=None, name='call1_2', opacity=1.0, ori=0.0, pos=array([-0.4   ,  0.3125]), size=array([0.18, 0.18]), texRes=128, units='height', win=Window(...))
19.3079 	EXP 	Created call2_2 = ImageStim(__class__=<class 'psychopy.visual.image.ImageStim'>, anchor=('center', 'center'), autoLog=True, color=array([1., 1., 1.]), colorSpace='rgb', contrast=1.0, depth=-6.0, flipHoriz=False, flipVert=False, image='images/drossel.png', interpolate=True, mask=None, maskParams=None, name='call2_2', opacity=1.0, ori=0.0, pos=array([-0.4       ,  0.10416667]), size=array([0.18, 0.18]), texRes=128, units='height', win=Window(...))
19.3348 	EXP 	Created call3_2 = ImageStim(__class__=<class 'psychopy.visual.image.ImageStim'>, anchor=('center', 'center'), autoLog=True, color=array([1., 1., 1.]), colorSpace='rgb', contrast=1.0, depth=-7.0, flipHoriz=False, flipVert=False, image='images/kroete.png', interpolate=True, mask=None, maskParams=None, name='call3_2', opacity=1.0, ori=0.0, pos=array([-0.4       , -0.10416667]), size=array([0.18, 0.18]), texRes=128, units='height', win=Window(...))
19.3605 	EXP 	Created call4_2 = ImageStim(__class__=<class 'psychopy.visual.image.ImageStim'>, anchor=('center', 'center'), autoLog=True, color=array([1., 1., 1.]), colorSpace='rgb', contrast=1.0, depth=-8.0, flipHoriz=False, flipVert=False, image='images/tiger.png', interpolate=True, mask=None, maskParams=None, name='call4_2', opacity=1.0, ori=0.0, pos=array([-0.4   , -0.3125]), size=array([0.18, 0.18]), texRes=128, units='height', win=Window(...))
19.3809 	EXP 	Created colour1_2 = ImageStim(__class__=<class 'psychopy.visual.image.ImageStim'>, anchor=('center', 'center'), autoLog=True, color=array([1., 1., 1.]), colorSpace='rgb', contrast=1.0, depth=-9.0, flipHoriz=False, flipVert=False, image='images/gelb.png', interpolate=True, mask=None, maskParams=None, name='colour1_2', opacity=1.0, ori=0.0, pos=array([0.    , 0.3125]), size=array([0.18, 0.18]), texRes=128, units='height', win=Window(...))
19.4005 	EXP 	Created colour2_2 = ImageStim(__class__=<class 'psychopy.visual.image.ImageStim'>, anchor=('center', 'center'), autoLog=True, color=array([1., 1., 1.]), colorSpace='rgb', contrast=1.0, depth=-10.0, flipHoriz=False, flipVert=False, image='images/gruen.png', interpolate=True, mask=None, maskParams=None, name='colour2_2', opacity=1.0, ori=0.0, pos=array([0.        , 0.10416667]), size=array([0.18, 0.18]), texRes=128, units='height', win=Window(...))
19.4221 	EXP 	Created colour3_2 = ImageStim(__class__=<class 'psychopy.visual.image.ImageStim'>, anchor=('center', 'center'), autoLog=True, color=array([1., 1., 1.]), colorSpace='rgb', contrast=1.0, depth=-11.0, flipHoriz=False, flipVert=False, image='images/rot.png', interpolate=True, mask=None, maskParams=None, name='colour3_2', opacity=1.0, ori=0.0, pos=array([ 0.        , -0.10416667]), size=array([0.18, 0.18]), texRes=128, units='height', win=Window(...))
19.4522 	EXP 	Created colour4_2 = ImageStim(__class__=<class 'psychopy.visual.image.ImageStim'>, anchor=('center', 'center'), autoLog=True, color=array([1., 1., 1.]), colorSpace='rgb', contrast=1.0, depth=-12.0, flipHoriz=False, flipVert=False, image='images/weiss.png', interpolate=True, mask=None, maskParams=None, name='colour4_2', opacity=1.0, ori=0.0, pos=array([ 0.    , -0.3125]), size=array([0.18, 0.18]), texRes=128, units='height', win=Window(...))
19.4740 	EXP 	Created number1_2 = ImageStim(__class__=<class 'psychopy.visual.image.ImageStim'>, anchor=('center', 'center'), autoLog=True, color=array([1., 1., 1.]), colorSpace='rgb', contrast=1.0, depth=-13.0, flipHoriz=False, flipVert=False, image='images/1.png', interpolate=True, mask=None, maskParams=None, name='number1_2', opacity=1.0, ori=0.0, pos=array([0.4   , 0.3125]), size=array([0.18, 0.18]), texRes=128, units='height', win=Window(...))
19.4997 	EXP 	Created number2_2 = ImageStim(__class__=<class 'psychopy.visual.image.ImageStim'>, anchor=('center', 'center'), autoLog=True, color=array([1., 1., 1.]), colorSpace='rgb', contrast=1.0, depth=-14.0, flipHoriz=False, flipVert=False, image='images/2.png', interpolate=True, mask=None, maskParams=None, name='number2_2', opacity=1.0, ori=0.0, pos=array([0.4       , 0.10416667]), size=array([0.18, 0.18]), texRes=128, units='height', win=Window(...))
19.5207 	EXP 	Created number3_2 = ImageStim(__class__=<class 'psychopy.visual.image.ImageStim'>, anchor=('center', 'center'), autoLog=True, color=array([1., 1., 1.]), colorSpace='rgb', contrast=1.0, depth=-15.0, flipHoriz=False, flipVert=False, image='images/3.png', interpolate=True, mask=None, maskParams=None, name='number3_2', opacity=1.0, ori=0.0, pos=array([ 0.4       , -0.10416667]), size=array([0.18, 0.18]), texRes=128, units='height', win=Window(...))
19.5411 	EXP 	Created number4_2 = ImageStim(__class__=<class 'psychopy.visual.image.ImageStim'>, anchor=('center', 'center'), autoLog=True, color=array([1., 1., 1.]), colorSpace='rgb', contrast=1.0, depth=-16.0, flipHoriz=False, flipVert=False, image='images/4.png', interpolate=True, mask=None, maskParams=None, name='number4_2', opacity=1.0, ori=0.0, pos=array([ 0.4   , -0.3125]), size=array([0.18, 0.18]), texRes=128, units='height', win=Window(...))
19.5412 	EXP 	window1: mouseVisible = True
19.5412 	EXP 	window1: mouseVisible = True
19.5412 	EXP 	window1: mouseVisible = True
19.5551 	EXP 	Created blankScreenAfterResponse_2 = ImageStim(__class__=<class 'psychopy.visual.image.ImageStim'>, anchor=('center', 'center'), autoLog=True, color=array([1., 1., 1.]), colorSpace='rgb', contrast=1.0, depth=-25.0, flipHoriz=False, flipVert=False, image='images/grayScreen.png', interpolate=True, mask=None, maskParams=None, name='blankScreenAfterResponse_2', opacity=1.0, ori=0.0, pos=array([0., 0.]), size=array([1920., 1080.]), texRes=128, units='height', win=Window(...))
19.5695 	EXP 	Created instrTaskText = TextStim(__class__=<class 'psychopy.visual.text.TextStim'>, alignHoriz=method-wrapper(...), alignText='center', alignVert=method-wrapper(...), anchorHoriz='center', anchorVert='center', antialias=True, autoDraw=False, autoLog=True, bold=False, color=array([1., 1., 1.]), colorSpace='rgb', contrast=1.0, depth=0.0, flipHoriz=False, flipVert=False, font='Arial', fontFiles=[], height=0.04, italic=False, languageStyle='LTR', name='instrTaskText', opacity=1.0, ori=0, pos=array([0., 0.]), rgb=UNKNOWN, text=str(...), units='height', win=Window(...), wrapWidth=1)
19.5756 	EXP 	Created blockStart = TextStim(__class__=<class 'psychopy.visual.text.TextStim'>, alignHoriz=method-wrapper(...), alignText='center', alignVert=method-wrapper(...), anchorHoriz='center', anchorVert='center', antialias=True, autoDraw=False, autoLog=True, bold=False, color=array([1., 1., 1.]), colorSpace='rgb', contrast=1.0, depth=0.0, flipHoriz=False, flipVert=False, font='Arial', fontFiles=[], height=0.04, italic=False, languageStyle='LTR', name='blockStart', opacity=1.0, ori=0, pos=array([0., 0.]), rgb=UNKNOWN, text=str(...), units='height', win=Window(...), wrapWidth=1)
19.5907 	EXP 	Set sound_1 sound=A
19.5907 	EXP 	Sound sound_1 set volume 1.000
19.5927 	EXP 	Created fixation = ShapeStim(__class__=<class 'psychopy.visual.shape.ShapeStim'>, anchor=('center', 'center'), autoDraw=False, autoLog=True, closeShape=True, color=method-wrapper(...), colorSpace='rgb', contrast=None, depth=-2.0, fillColor=array([1, 1, 1]), fillColorSpace='rgb', fillRGB=array([1, 1, 1]), interpolate=True, lineColor=array([1., 1., 1.]), lineColorSpace='rgb', lineRGB=array([1, 1, 1]), lineWidth=0.5, name='fixation', opacity=0.75, ori=0.0, pos=array([0., 0.]), size=array([0.05, 0.05]), units='height', vertices=ndarray(...), win=Window(...), windingRule=None)
19.6140 	EXP 	Created screenAfterAudio = ImageStim(__class__=<class 'psychopy.visual.image.ImageStim'>, anchor=('center', 'center'), autoLog=True, color=array([1., 1., 1.]), colorSpace='rgb', contrast=1.0, depth=-4.0, flipHoriz=False, flipVert=False, image='images/grayScreen.png', interpolate=True, mask=None, maskParams=None, name='screenAfterAudio', opacity=1.0, ori=0.0, pos=array([0., 0.]), size=array([0.5, 0.5]), texRes=128.0, units='height', win=Window(...))
19.6281 	EXP 	Created blankScreen = ImageStim(__class__=<class 'psychopy.visual.image.ImageStim'>, anchor=('center', 'center'), autoLog=True, color=array([1., 1., 1.]), colorSpace='rgb', contrast=1.0, depth=-4.0, flipHoriz=False, flipVert=False, image='images/grayScreen.png', interpolate=True, mask=None, maskParams=None, name='blankScreen', opacity=1.0, ori=0.0, pos=array([0., 0.]), size=array([1920., 1080.]), texRes=128, units='height', win=Window(...))
19.6429 	EXP 	Created call1 = ImageStim(__class__=<class 'psychopy.visual.image.ImageStim'>, anchor=('center', 'center'), autoLog=True, color=array([1., 1., 1.]), colorSpace='rgb', contrast=1.0, depth=-5.0, flipHoriz=False, flipVert=False, image='images/adler.png', interpolate=True, mask=None, maskParams=None, name='call1', opacity=1.0, ori=0.0, pos=array([-0.4   ,  0.3125]), size=array([0.18, 0.18]), texRes=128, units='height', win=Window(...))
19.6594 	EXP 	Created call2 = ImageStim(__class__=<class 'psychopy.visual.image.ImageStim'>, anchor=('center', 'center'), autoLog=True, color=array([1., 1., 1.]), colorSpace='rgb', contrast=1.0, depth=-6.0, flipHoriz=False, flipVert=False, image='images/drossel.png', interpolate=True, mask=None, maskParams=None, name='call2', opacity=1.0, ori=0.0, pos=array([-0.4       ,  0.10416667]), size=array([0.18, 0.18]), texRes=128, units='height', win=Window(...))
19.6770 	EXP 	Created call3 = ImageStim(__class__=<class 'psychopy.visual.image.ImageStim'>, anchor=('center', 'center'), autoLog=True, color=array([1., 1., 1.]), colorSpace='rgb', contrast=1.0, depth=-7.0, flipHoriz=False, flipVert=False, image='images/kroete.png', interpolate=True, mask=None, maskParams=None, name='call3', opacity=1.0, ori=0.0, pos=array([-0.4       , -0.10416667]), size=array([0.18, 0.18]), texRes=128, units='height', win=Window(...))
19.6930 	EXP 	Created call4 = ImageStim(__class__=<class 'psychopy.visual.image.ImageStim'>, anchor=('center', 'center'), autoLog=True, color=array([1., 1., 1.]), colorSpace='rgb', contrast=1.0, depth=-8.0, flipHoriz=False, flipVert=False, image='images/tiger.png', interpolate=True, mask=None, maskParams=None, name='call4', opacity=1.0, ori=0.0, pos=array([-0.4   , -0.3125]), size=array([0.18, 0.18]), texRes=128, units='height', win=Window(...))
19.7078 	EXP 	Created colour1 = ImageStim(__class__=<class 'psychopy.visual.image.ImageStim'>, anchor=('center', 'center'), autoLog=True, color=array([1., 1., 1.]), colorSpace='rgb', contrast=1.0, depth=-9.0, flipHoriz=False, flipVert=False, image='images/gelb.png', interpolate=True, mask=None, maskParams=None, name='colour1', opacity=1.0, ori=0.0, pos=array([0.    , 0.3125]), size=array([0.18, 0.18]), texRes=128, units='height', win=Window(...))
19.7223 	EXP 	Created colour2 = ImageStim(__class__=<class 'psychopy.visual.image.ImageStim'>, anchor=('center', 'center'), autoLog=True, color=array([1., 1., 1.]), colorSpace='rgb', contrast=1.0, depth=-10.0, flipHoriz=False, flipVert=False, image='images/gruen.png', interpolate=True, mask=None, maskParams=None, name='colour2', opacity=1.0, ori=0.0, pos=array([0.        , 0.10416667]), size=array([0.18, 0.18]), texRes=128, units='height', win=Window(...))
19.7361 	EXP 	Created colour3 = ImageStim(__class__=<class 'psychopy.visual.image.ImageStim'>, anchor=('center', 'center'), autoLog=True, color=array([1., 1., 1.]), colorSpace='rgb', contrast=1.0, depth=-11.0, flipHoriz=False, flipVert=False, image='images/rot.png', interpolate=True, mask=None, maskParams=None, name='colour3', opacity=1.0, ori=0.0, pos=array([ 0.        , -0.10416667]), size=array([0.18, 0.18]), texRes=128, units='height', win=Window(...))
19.7523 	EXP 	Created colour4 = ImageStim(__class__=<class 'psychopy.visual.image.ImageStim'>, anchor=('center', 'center'), autoLog=True, color=array([1., 1., 1.]), colorSpace='rgb', contrast=1.0, depth=-12.0, flipHoriz=False, flipVert=False, image='images/weiss.png', interpolate=True, mask=None, maskParams=None, name='colour4', opacity=1.0, ori=0.0, pos=array([ 0.    , -0.3125]), size=array([0.18, 0.18]), texRes=128, units='height', win=Window(...))
19.7671 	EXP 	Created number1 = ImageStim(__class__=<class 'psychopy.visual.image.ImageStim'>, anchor=('center', 'center'), autoLog=True, color=array([1., 1., 1.]), colorSpace='rgb', contrast=1.0, depth=-13.0, flipHoriz=False, flipVert=False, image='images/1.png', interpolate=True, mask=None, maskParams=None, name='number1', opacity=1.0, ori=0.0, pos=array([0.4   , 0.3125]), size=array([0.18, 0.18]), texRes=128, units='height', win=Window(...))
19.7819 	EXP 	Created number2 = ImageStim(__class__=<class 'psychopy.visual.image.ImageStim'>, anchor=('center', 'center'), autoLog=True, color=array([1., 1., 1.]), colorSpace='rgb', contrast=1.0, depth=-14.0, flipHoriz=False, flipVert=False, image='images/2.png', interpolate=True, mask=None, maskParams=None, name='number2', opacity=1.0, ori=0.0, pos=array([0.4       , 0.10416667]), size=array([0.18, 0.18]), texRes=128, units='height', win=Window(...))
19.7975 	EXP 	Created number3 = ImageStim(__class__=<class 'psychopy.visual.image.ImageStim'>, anchor=('center', 'center'), autoLog=True, color=array([1., 1., 1.]), colorSpace='rgb', contrast=1.0, depth=-15.0, flipHoriz=False, flipVert=False, image='images/3.png', interpolate=True, mask=None, maskParams=None, name='number3', opacity=1.0, ori=0.0, pos=array([ 0.4       , -0.10416667]), size=array([0.18, 0.18]), texRes=128, units='height', win=Window(...))
19.8122 	EXP 	Created number4 = ImageStim(__class__=<class 'psychopy.visual.image.ImageStim'>, anchor=('center', 'center'), autoLog=True, color=array([1., 1., 1.]), colorSpace='rgb', contrast=1.0, depth=-16.0, flipHoriz=False, flipVert=False, image='images/4.png', interpolate=True, mask=None, maskParams=None, name='number4', opacity=1.0, ori=0.0, pos=array([ 0.4   , -0.3125]), size=array([0.18, 0.18]), texRes=128, units='height', win=Window(...))
19.8123 	EXP 	window1: mouseVisible = True
19.8123 	EXP 	window1: mouseVisible = True
19.8124 	EXP 	window1: mouseVisible = True
19.8320 	EXP 	Created blankScreenAfterResponse = ImageStim(__class__=<class 'psychopy.visual.image.ImageStim'>, anchor=('center', 'center'), autoLog=True, color=array([1., 1., 1.]), colorSpace='rgb', contrast=1.0, depth=-25.0, flipHoriz=False, flipVert=False, image='images/blankScreen.png', interpolate=True, mask=None, maskParams=None, name='blankScreenAfterResponse', opacity=1.0, ori=0.0, pos=array([0., 0.]), size=array([1920., 1080.]), texRes=128, units='height', win=Window(...))
19.8490 	EXP 	Created instrRest_post = TextStim(__class__=<class 'psychopy.visual.text.TextStim'>, alignHoriz=method-wrapper(...), alignText='center', alignVert=method-wrapper(...), anchorHoriz='center', anchorVert='center', antialias=True, autoDraw=False, autoLog=True, bold=False, color=array([1., 1., 1.]), colorSpace='rgb', contrast=1.0, depth=0.0, flipHoriz=False, flipVert=False, font='Arial', fontFiles=[], height=0.04, italic=False, languageStyle='LTR', name='instrRest_post', opacity=1.0, ori=0, pos=array([0., 0.]), rgb=UNKNOWN, text=str(...), units='height', win=Window(...), wrapWidth=1)
19.8512 	EXP 	Created restBlock_2 = TextStim(__class__=<class 'psychopy.visual.text.TextStim'>, alignHoriz=method-wrapper(...), alignText='center', alignVert=method-wrapper(...), anchorHoriz='center', anchorVert='center', antialias=True, autoDraw=False, autoLog=True, bold=False, color=array([1., 1., 1.]), colorSpace='rgb', contrast=1.0, depth=0.0, flipHoriz=False, flipVert=False, font='Arial', fontFiles=[], height=0.04, italic=False, languageStyle='LTR', name='restBlock_2', opacity=1.0, ori=0, pos=array([0., 0.]), rgb=UNKNOWN, text='Begin  block ', units='height', win=Window(...), wrapWidth=1)
19.8568 	EXP 	Created thanksText_end = TextStim(__class__=<class 'psychopy.visual.text.TextStim'>, alignHoriz=method-wrapper(...), alignText='center', alignVert=method-wrapper(...), anchorHoriz='center', anchorVert='center', antialias=True, autoDraw=False, autoLog=True, bold=False, color=array([1., 1., 1.]), colorSpace='rgb', contrast=1.0, depth=0.0, flipHoriz=False, flipVert=False, font='Arial', fontFiles=[], height=0.04, italic=False, languageStyle='LTR', name='thanksText_end', opacity=1.0, ori=0, pos=array([0., 0.]), rgb=UNKNOWN, text=str(...), units='height', win=Window(...), wrapWidth=1)
19.8569 	EXP 	window1: mouseVisible = False
19.8706 	EXP 	instr_start: autoDraw = True
21.3048 	EXP 	window1: mouseVisible = False
21.3066 	DATA 	Keypress: space
21.3209 	EXP 	instr_start: autoDraw = False
21.3209 	EXP 	instrRest_pre: autoDraw = True
21.4753 	EXP 	Set beep_rest_pre_start sound=click_beep.wav
21.4754 	EXP 	window1: mouseVisible = False
21.4799 	EXP 	Set beep_rest_pre_end sound=click_beep.wav
21.4805 	EXP 	Sound beep_rest_pre_start started
21.4829 	DATA 	Keypress: space
21.4873 	EXP 	instrRest_pre: autoDraw = False
21.4873 	EXP 	fixation_1: autoDraw = True
25.4750 	EXP 	Sound beep_rest_pre_end started
25.4911 	EXP 	fixation_1: autoDraw = False
25.4911 	EXP 	screenAfterAudio_3: autoDraw = True
25.4911 	EXP 	screenAfterAudio_3: autoDraw = False
26.4753 	EXP 	Sound beep_rest_pre_end stopped
26.4756 	EXP 	Sound beep_rest_pre_start stopped
26.4756 	EXP 	Sound beep_rest_pre_end stopped
26.4756 	EXP 	window1: mouseVisible = False
26.4918 	EXP 	fixation_1: autoDraw = False
26.4918 	EXP 	screenAfterAudio_3: autoDraw = False
26.4918 	EXP 	instr_start_2: autoDraw = True
27.0040 	EXP 	Imported Example_list.csv as conditions, 2 conditions, 4 params
27.0128 	EXP 	Created sequence: random, trialTypes=2, nReps=1, seed=None
27.0130 	EXP 	New trial (rep=0, index=0): OrderedDict([('audiofile', 'audio/NV_DE_Neural2-D_Dr-we-Ei_0.9p.wav'), ('callSign', 'Dr'), ('colour', 'we'), ('number', 'Ei')])
27.0402 	EXP 	Set sound_examples sound=audio/NV_DE_Neural2-D_Dr-we-Ei_0.9p.wav
27.0402 	EXP 	window1: mouseVisible = False
27.0408 	EXP 	Sound sound_examples started
27.0424 	DATA 	Keypress: space
27.0588 	EXP 	instr_start_2: autoDraw = False
27.0588 	EXP 	fixation_2: autoDraw = True
32.5138 	EXP 	Sound sound_examples stopped
32.6435 	EXP 	window1: mouseVisible = False
32.6542 	EXP 	fixation_2: autoDraw = False
32.6542 	EXP 	screenAfterAudio_2: autoDraw = True
32.6542 	EXP 	screenAfterAudio_2: autoDraw = False
32.6542 	EXP 	fixation_2: autoDraw = False
32.6542 	EXP 	screenAfterAudio_2: autoDraw = False
32.6542 	EXP 	call1_2: texRes = 128
32.6542 	EXP 	call2_2: texRes = 128
32.6542 	EXP 	call3_2: texRes = 128
32.6542 	EXP 	call4_2: texRes = 128
32.6542 	EXP 	colour1_2: texRes = 128
32.6542 	EXP 	colour2_2: texRes = 128
32.6542 	EXP 	colour3_2: texRes = 128
32.6542 	EXP 	colour4_2: texRes = 128
32.6542 	EXP 	number1_2: texRes = 128
32.6542 	EXP 	number2_2: texRes = 128
32.6542 	EXP 	number3_2: texRes = 128
32.6542 	EXP 	number4_2: texRes = 128
32.6542 	EXP 	blankScreen_2: autoDraw = True
32.6543 	EXP 	window1: mouseVisible = False
32.6684 	EXP 	window1: mouseVisible = False
32.6855 	EXP 	window1: mouseVisible = False
32.7021 	EXP 	window1: mouseVisible = False
32.7189 	EXP 	window1: mouseVisible = False
32.7354 	EXP 	window1: mouseVisible = False
32.7521 	EXP 	window1: mouseVisible = False
32.7688 	EXP 	window1: mouseVisible = False
32.7855 	EXP 	window1: mouseVisible = False
32.8021 	EXP 	window1: mouseVisible = False
32.8190 	EXP 	window1: mouseVisible = False
32.8357 	EXP 	window1: mouseVisible = False
32.8521 	EXP 	window1: mouseVisible = False
32.8689 	EXP 	window1: mouseVisible = False
32.8857 	EXP 	window1: mouseVisible = False
32.9023 	EXP 	window1: mouseVisible = False
32.9190 	EXP 	window1: mouseVisible = False
32.9357 	EXP 	window1: mouseVisible = False
32.9524 	EXP 	window1: mouseVisible = False
32.9690 	EXP 	window1: mouseVisible = False
32.9861 	EXP 	window1: mouseVisible = False
33.0024 	EXP 	window1: mouseVisible = False
33.0190 	EXP 	window1: mouseVisible = False
33.0358 	EXP 	window1: mouseVisible = False
33.0525 	EXP 	window1: mouseVisible = False
33.0690 	EXP 	window1: mouseVisible = False
33.0858 	EXP 	window1: mouseVisible = False
33.1026 	EXP 	window1: mouseVisible = False
33.1191 	EXP 	window1: mouseVisible = False
33.1359 	EXP 	window1: mouseVisible = False
33.1528 	EXP 	window1: mouseVisible = False
33.1692 	EXP 	window1: mouseVisible = False
33.1862 	EXP 	window1: mouseVisible = False
33.2025 	EXP 	window1: mouseVisible = False
33.2192 	EXP 	window1: mouseVisible = False
33.2359 	EXP 	window1: mouseVisible = False
33.2525 	EXP 	window1: mouseVisible = False
33.2696 	EXP 	window1: mouseVisible = False
33.2860 	EXP 	window1: mouseVisible = False
33.3025 	EXP 	window1: mouseVisible = False
33.3192 	EXP 	window1: mouseVisible = False
33.3360 	EXP 	window1: mouseVisible = False
33.3527 	EXP 	window1: mouseVisible = False
33.3695 	EXP 	window1: mouseVisible = False
33.3861 	EXP 	window1: mouseVisible = False
33.4028 	EXP 	window1: mouseVisible = False
33.4194 	EXP 	window1: mouseVisible = False
33.4363 	EXP 	window1: mouseVisible = False
33.4528 	EXP 	window1: mouseVisible = False
33.4694 	EXP 	window1: mouseVisible = False
33.4863 	EXP 	window1: mouseVisible = False
33.5032 	EXP 	window1: mouseVisible = False
33.5193 	EXP 	window1: mouseVisible = False
33.5362 	EXP 	window1: mouseVisible = False
33.5528 	EXP 	window1: mouseVisible = False
33.5696 	EXP 	window1: mouseVisible = False
33.5862 	EXP 	window1: mouseVisible = False
33.6030 	EXP 	window1: mouseVisible = False
33.6199 	EXP 	window1: mouseVisible = False
33.6363 	EXP 	window1: mouseVisible = False
33.6529 	EXP 	window1: mouseVisible = False
33.6681 	EXP 	blankScreen_2: autoDraw = False
33.6681 	EXP 	call1_2: autoDraw = True
33.6681 	EXP 	call2_2: autoDraw = True
33.6681 	EXP 	call3_2: autoDraw = True
33.6681 	EXP 	call4_2: autoDraw = True
33.6681 	EXP 	colour1_2: autoDraw = True
33.6681 	EXP 	colour2_2: autoDraw = True
33.6681 	EXP 	colour3_2: autoDraw = True
33.6681 	EXP 	colour4_2: autoDraw = True
33.6681 	EXP 	number1_2: autoDraw = True
33.6681 	EXP 	number2_2: autoDraw = True
33.6681 	EXP 	number3_2: autoDraw = True
33.6681 	EXP 	number4_2: autoDraw = True
33.6682 	EXP 	window1: mouseVisible = False
33.6685 	EXP 	window1: mouseVisible = True
33.6844 	EXP 	window1: mouseVisible = False
33.6847 	EXP 	window1: mouseVisible = True
33.7012 	EXP 	window1: mouseVisible = False
33.7015 	EXP 	window1: mouseVisible = True
33.7181 	EXP 	window1: mouseVisible = False
33.7183 	EXP 	window1: mouseVisible = True
33.7346 	EXP 	window1: mouseVisible = False
33.7348 	EXP 	window1: mouseVisible = True
33.7513 	EXP 	window1: mouseVisible = False
33.7516 	EXP 	window1: mouseVisible = True
33.7682 	EXP 	window1: mouseVisible = False
33.7684 	EXP 	window1: mouseVisible = True
33.7846 	EXP 	window1: mouseVisible = False
33.7848 	EXP 	window1: mouseVisible = True
33.8015 	EXP 	window1: mouseVisible = False
33.8016 	EXP 	window1: mouseVisible = True
33.8179 	EXP 	window1: mouseVisible = False
33.8182 	EXP 	window1: mouseVisible = True
33.8347 	EXP 	window1: mouseVisible = False
33.8349 	EXP 	window1: mouseVisible = True
33.8516 	EXP 	window1: mouseVisible = False
33.8518 	EXP 	window1: mouseVisible = True
33.8680 	EXP 	window1: mouseVisible = False
33.8682 	EXP 	window1: mouseVisible = True
33.8848 	EXP 	window1: mouseVisible = False
33.8850 	EXP 	window1: mouseVisible = True
33.9016 	EXP 	window1: mouseVisible = False
33.9018 	EXP 	window1: mouseVisible = True
33.9179 	EXP 	window1: mouseVisible = False
33.9181 	EXP 	window1: mouseVisible = True
33.9349 	EXP 	window1: mouseVisible = False
33.9351 	EXP 	window1: mouseVisible = True
33.9518 	EXP 	window1: mouseVisible = False
33.9520 	EXP 	window1: mouseVisible = True
33.9679 	EXP 	window1: mouseVisible = False
33.9681 	EXP 	window1: mouseVisible = True
33.9849 	EXP 	window1: mouseVisible = False
33.9851 	EXP 	window1: mouseVisible = True
34.0017 	EXP 	window1: mouseVisible = False
34.0019 	EXP 	window1: mouseVisible = True
34.0180 	EXP 	window1: mouseVisible = False
34.0182 	EXP 	window1: mouseVisible = True
34.0349 	EXP 	window1: mouseVisible = False
34.0351 	EXP 	window1: mouseVisible = True
34.0517 	EXP 	window1: mouseVisible = False
34.0519 	EXP 	window1: mouseVisible = True
34.0681 	EXP 	window1: mouseVisible = False
34.0684 	EXP 	window1: mouseVisible = True
34.0850 	EXP 	window1: mouseVisible = False
34.0853 	EXP 	window1: mouseVisible = True
34.1019 	EXP 	window1: mouseVisible = False
34.1021 	EXP 	window1: mouseVisible = True
34.1183 	EXP 	window1: mouseVisible = False
34.1185 	EXP 	window1: mouseVisible = True
34.1351 	EXP 	window1: mouseVisible = False
34.1353 	EXP 	window1: mouseVisible = True
34.1515 	EXP 	window1: mouseVisible = False
34.1517 	EXP 	window1: mouseVisible = True
34.1686 	EXP 	window1: mouseVisible = False
34.1689 	EXP 	window1: mouseVisible = True
34.1851 	EXP 	window1: mouseVisible = False
34.1853 	EXP 	window1: mouseVisible = True
34.2015 	EXP 	window1: mouseVisible = False
34.2017 	EXP 	window1: mouseVisible = True
34.2183 	EXP 	window1: mouseVisible = False
34.2185 	EXP 	window1: mouseVisible = True
34.2351 	EXP 	window1: mouseVisible = False
34.2353 	EXP 	window1: mouseVisible = True
34.2516 	EXP 	window1: mouseVisible = False
34.2518 	EXP 	window1: mouseVisible = True
34.2683 	EXP 	window1: mouseVisible = False
34.2685 	EXP 	window1: mouseVisible = True
34.2851 	EXP 	window1: mouseVisible = False
34.2854 	EXP 	window1: mouseVisible = True
34.3016 	EXP 	window1: mouseVisible = False
34.3018 	EXP 	window1: mouseVisible = True
34.3184 	EXP 	window1: mouseVisible = False
34.3186 	EXP 	window1: mouseVisible = True
34.3354 	EXP 	window1: mouseVisible = False
34.3356 	EXP 	window1: mouseVisible = True
34.3516 	EXP 	window1: mouseVisible = False
34.3519 	EXP 	window1: mouseVisible = True
34.3684 	EXP 	window1: mouseVisible = False
34.3687 	EXP 	window1: mouseVisible = True
34.3849 	EXP 	window1: mouseVisible = False
34.3851 	EXP 	window1: mouseVisible = True
34.4017 	EXP 	window1: mouseVisible = False
34.4019 	EXP 	window1: mouseVisible = True
34.4185 	EXP 	window1: mouseVisible = False
34.4188 	EXP 	window1: mouseVisible = True
34.4349 	EXP 	window1: mouseVisible = False
34.4351 	EXP 	window1: mouseVisible = True
34.4519 	EXP 	window1: mouseVisible = False
34.4523 	EXP 	window1: mouseVisible = True
34.4686 	EXP 	window1: mouseVisible = False
34.4688 	EXP 	window1: mouseVisible = True
34.4850 	EXP 	window1: mouseVisible = False
34.4852 	EXP 	window1: mouseVisible = True
34.5018 	EXP 	window1: mouseVisible = False
34.5021 	EXP 	window1: mouseVisible = True
34.5187 	EXP 	window1: mouseVisible = False
34.5189 	EXP 	window1: mouseVisible = True
34.5351 	EXP 	window1: mouseVisible = False
34.5353 	EXP 	window1: mouseVisible = True
34.5520 	EXP 	window1: mouseVisible = False
34.5521 	EXP 	window1: mouseVisible = True
34.5688 	EXP 	window1: mouseVisible = False
34.5690 	EXP 	window1: mouseVisible = True
34.5852 	EXP 	window1: mouseVisible = False
34.5854 	EXP 	window1: mouseVisible = True
34.6020 	EXP 	window1: mouseVisible = False
34.6022 	EXP 	window1: mouseVisible = True
34.6187 	EXP 	window1: mouseVisible = False
34.6190 	EXP 	window1: mouseVisible = True
34.6353 	EXP 	window1: mouseVisible = False
34.6356 	EXP 	window1: mouseVisible = True
34.6520 	EXP 	window1: mouseVisible = False
34.6522 	EXP 	window1: mouseVisible = True
34.6684 	EXP 	window1: mouseVisible = False
34.6686 	EXP 	window1: mouseVisible = True
34.6853 	EXP 	window1: mouseVisible = False
34.6856 	EXP 	window1: mouseVisible = True
34.7021 	EXP 	window1: mouseVisible = False
34.7023 	EXP 	window1: mouseVisible = True
34.7185 	EXP 	window1: mouseVisible = False
34.7187 	EXP 	window1: mouseVisible = True
34.7353 	EXP 	window1: mouseVisible = False
34.7355 	EXP 	window1: mouseVisible = True
34.7522 	EXP 	window1: mouseVisible = False
34.7524 	EXP 	window1: mouseVisible = True
34.7686 	EXP 	window1: mouseVisible = False
34.7688 	EXP 	window1: mouseVisible = True
34.7854 	EXP 	window1: mouseVisible = False
34.7856 	EXP 	window1: mouseVisible = True
34.8022 	EXP 	window1: mouseVisible = False
34.8024 	EXP 	window1: mouseVisible = True
34.8186 	EXP 	window1: mouseVisible = False
34.8188 	EXP 	window1: mouseVisible = True
34.8354 	EXP 	window1: mouseVisible = False
34.8356 	EXP 	window1: mouseVisible = True
34.8522 	EXP 	window1: mouseVisible = False
34.8525 	EXP 	window1: mouseVisible = True
34.8687 	EXP 	window1: mouseVisible = False
34.8690 	EXP 	window1: mouseVisible = True
34.8855 	EXP 	window1: mouseVisible = False
34.8857 	EXP 	window1: mouseVisible = True
34.9024 	EXP 	window1: mouseVisible = False
34.9026 	EXP 	window1: mouseVisible = True
34.9035 	DATA 	Mouse: Left button down, pos=(807,881)
34.9321 	EXP 	call1_2: texRes = 128
34.9321 	EXP 	call3_2: texRes = 128
34.9321 	EXP 	call4_2: texRes = 128
34.9324 	EXP 	window1: mouseVisible = False
34.9327 	EXP 	window1: mouseVisible = True
34.9487 	EXP 	window1: mouseVisible = False
34.9490 	EXP 	window1: mouseVisible = True
34.9653 	EXP 	window1: mouseVisible = False
34.9655 	EXP 	window1: mouseVisible = True
34.9822 	EXP 	window1: mouseVisible = False
34.9825 	EXP 	window1: mouseVisible = True
34.9988 	EXP 	window1: mouseVisible = False
34.9990 	EXP 	window1: mouseVisible = True
35.0156 	EXP 	window1: mouseVisible = False
35.0158 	EXP 	window1: mouseVisible = True
35.0321 	EXP 	window1: mouseVisible = False
35.0323 	EXP 	window1: mouseVisible = True
35.0326 	DATA 	Mouse:  Left button up, pos=(809,878)
35.0489 	EXP 	window1: mouseVisible = False
35.0491 	EXP 	window1: mouseVisible = True
35.0656 	EXP 	window1: mouseVisible = False
35.0658 	EXP 	window1: mouseVisible = True
35.0824 	EXP 	window1: mouseVisible = False
35.0826 	EXP 	window1: mouseVisible = True
35.0988 	EXP 	window1: mouseVisible = False
35.0990 	EXP 	window1: mouseVisible = True
35.1156 	EXP 	window1: mouseVisible = False
35.1159 	EXP 	window1: mouseVisible = True
35.1323 	EXP 	window1: mouseVisible = False
35.1326 	EXP 	window1: mouseVisible = True
35.1489 	EXP 	window1: mouseVisible = False
35.1491 	EXP 	window1: mouseVisible = True
35.1659 	EXP 	window1: mouseVisible = False
35.1661 	EXP 	window1: mouseVisible = True
35.1823 	EXP 	window1: mouseVisible = False
35.1826 	EXP 	window1: mouseVisible = True
35.1991 	EXP 	window1: mouseVisible = False
35.1993 	EXP 	window1: mouseVisible = True
35.2158 	EXP 	window1: mouseVisible = False
35.2160 	EXP 	window1: mouseVisible = True
35.2325 	EXP 	window1: mouseVisible = False
35.2327 	EXP 	window1: mouseVisible = True
35.2489 	EXP 	window1: mouseVisible = False
35.2491 	EXP 	window1: mouseVisible = True
35.2657 	EXP 	window1: mouseVisible = False
35.2659 	EXP 	window1: mouseVisible = True
35.2824 	EXP 	window1: mouseVisible = False
35.2827 	EXP 	window1: mouseVisible = True
35.2992 	EXP 	window1: mouseVisible = False
35.2994 	EXP 	window1: mouseVisible = True
35.3158 	EXP 	window1: mouseVisible = False
35.3159 	EXP 	window1: mouseVisible = True
35.3323 	EXP 	window1: mouseVisible = False
35.3325 	EXP 	window1: mouseVisible = True
35.3329 	DATA 	Mouse: Left button down, pos=(1263,782)
35.3657 	EXP 	colour1_2: texRes = 128
35.3657 	EXP 	colour3_2: texRes = 128
35.3657 	EXP 	colour4_2: texRes = 128
35.3659 	EXP 	window1: mouseVisible = False
35.3662 	EXP 	window1: mouseVisible = True
35.3825 	EXP 	window1: mouseVisible = False
35.3828 	EXP 	window1: mouseVisible = True
35.3992 	EXP 	window1: mouseVisible = False
35.3995 	EXP 	window1: mouseVisible = True
35.4159 	EXP 	window1: mouseVisible = False
35.4161 	EXP 	window1: mouseVisible = True
35.4327 	EXP 	window1: mouseVisible = False
35.4329 	EXP 	window1: mouseVisible = True
35.4491 	EXP 	window1: mouseVisible = False
35.4493 	EXP 	window1: mouseVisible = True
35.4660 	EXP 	window1: mouseVisible = False
35.4663 	EXP 	window1: mouseVisible = True
35.4666 	DATA 	Mouse:  Left button up, pos=(1267,783)
35.4825 	EXP 	window1: mouseVisible = False
35.4827 	EXP 	window1: mouseVisible = True
35.4994 	EXP 	window1: mouseVisible = False
35.4996 	EXP 	window1: mouseVisible = True
35.5159 	EXP 	window1: mouseVisible = False
35.5161 	EXP 	window1: mouseVisible = True
35.5326 	EXP 	window1: mouseVisible = False
35.5328 	EXP 	window1: mouseVisible = True
35.5493 	EXP 	window1: mouseVisible = False
35.5496 	EXP 	window1: mouseVisible = True
35.5661 	EXP 	window1: mouseVisible = False
35.5663 	EXP 	window1: mouseVisible = True
35.5826 	EXP 	window1: mouseVisible = False
35.5828 	EXP 	window1: mouseVisible = True
35.5994 	EXP 	window1: mouseVisible = False
35.5996 	EXP 	window1: mouseVisible = True
35.6161 	EXP 	window1: mouseVisible = False
35.6163 	EXP 	window1: mouseVisible = True
35.6326 	EXP 	window1: mouseVisible = False
35.6328 	EXP 	window1: mouseVisible = True
35.6493 	EXP 	window1: mouseVisible = False
35.6495 	EXP 	window1: mouseVisible = True
35.6661 	EXP 	window1: mouseVisible = False
35.6663 	EXP 	window1: mouseVisible = True
35.6827 	EXP 	window1: mouseVisible = False
35.6829 	EXP 	window1: mouseVisible = True
35.6995 	EXP 	window1: mouseVisible = False
35.6998 	EXP 	window1: mouseVisible = True
35.7160 	EXP 	window1: mouseVisible = False
35.7162 	EXP 	window1: mouseVisible = True
35.7329 	EXP 	window1: mouseVisible = False
35.7331 	EXP 	window1: mouseVisible = True
35.7496 	EXP 	window1: mouseVisible = False
35.7498 	EXP 	window1: mouseVisible = True
35.7663 	EXP 	window1: mouseVisible = False
35.7664 	EXP 	window1: mouseVisible = True
35.7829 	EXP 	window1: mouseVisible = False
35.7831 	EXP 	window1: mouseVisible = True
35.7995 	EXP 	window1: mouseVisible = False
35.7998 	EXP 	window1: mouseVisible = True
35.8162 	EXP 	window1: mouseVisible = False
35.8164 	EXP 	window1: mouseVisible = True
35.8328 	EXP 	window1: mouseVisible = False
35.8330 	EXP 	window1: mouseVisible = True
35.8496 	EXP 	window1: mouseVisible = False
35.8498 	EXP 	window1: mouseVisible = True
35.8521 	DATA 	Mouse: Left button down, pos=(1898,543)
35.8662 	EXP 	window1: mouseVisible = False
35.8664 	EXP 	window1: mouseVisible = True
35.8794 	EXP 	New trial (rep=0, index=1): OrderedDict([('audiofile', 'audio/NV_DE_Neural2-D_Dr-we-Ei_0.3p.wav'), ('callSign', 'Dr'), ('colour', 'we'), ('number', 'Ei')])
35.9040 	EXP 	Set sound_examples sound=audio/NV_DE_Neural2-D_Dr-we-Ei_0.3p.wav
35.9042 	EXP 	window1: mouseVisible = False
35.9049 	EXP 	Sound sound_examples started
35.9161 	EXP 	number1_2: texRes = 128
35.9161 	EXP 	number2_2: texRes = 128
35.9161 	EXP 	number4_2: texRes = 128
35.9161 	EXP 	blankScreen_2: autoDraw = False
35.9161 	EXP 	call1_2: autoDraw = False
35.9161 	EXP 	call2_2: autoDraw = False
35.9161 	EXP 	call3_2: autoDraw = False
35.9161 	EXP 	call4_2: autoDraw = False
35.9161 	EXP 	colour1_2: autoDraw = False
35.9161 	EXP 	colour2_2: autoDraw = False
35.9161 	EXP 	colour3_2: autoDraw = False
35.9161 	EXP 	colour4_2: autoDraw = False
35.9161 	EXP 	number1_2: autoDraw = False
35.9161 	EXP 	number2_2: autoDraw = False
35.9161 	EXP 	number3_2: autoDraw = False
35.9161 	EXP 	number4_2: autoDraw = False
35.9161 	EXP 	blankScreenAfterResponse_2: autoDraw = False
35.9161 	EXP 	fixation_2: autoDraw = True
35.9510 	DATA 	Mouse:  Left button up, pos=(1899,543)
41.3713 	EXP 	Sound sound_examples stopped
41.4157 	EXP 	window1: mouseVisible = False
41.4232 	EXP 	fixation_2: autoDraw = False
41.4232 	EXP 	screenAfterAudio_2: autoDraw = True
41.4232 	EXP 	screenAfterAudio_2: autoDraw = False
41.4232 	EXP 	fixation_2: autoDraw = False
41.4232 	EXP 	screenAfterAudio_2: autoDraw = False
41.4232 	EXP 	call1_2: texRes = 128
41.4232 	EXP 	call2_2: texRes = 128
41.4232 	EXP 	call3_2: texRes = 128
41.4232 	EXP 	call4_2: texRes = 128
41.4232 	EXP 	colour1_2: texRes = 128
41.4232 	EXP 	colour2_2: texRes = 128
41.4232 	EXP 	colour3_2: texRes = 128
41.4232 	EXP 	colour4_2: texRes = 128
41.4232 	EXP 	number1_2: texRes = 128
41.4232 	EXP 	number2_2: texRes = 128
41.4232 	EXP 	number3_2: texRes = 128
41.4232 	EXP 	number4_2: texRes = 128
41.4232 	EXP 	blankScreen_2: autoDraw = True
41.4234 	EXP 	window1: mouseVisible = False
41.4430 	EXP 	window1: mouseVisible = False
41.4595 	EXP 	window1: mouseVisible = False
41.4761 	EXP 	window1: mouseVisible = False
41.4929 	EXP 	window1: mouseVisible = False
41.5095 	EXP 	window1: mouseVisible = False
41.5261 	EXP 	window1: mouseVisible = False
41.5430 	EXP 	window1: mouseVisible = False
41.5596 	EXP 	window1: mouseVisible = False
41.5762 	EXP 	window1: mouseVisible = False
41.5932 	EXP 	window1: mouseVisible = False
41.6096 	EXP 	window1: mouseVisible = False
41.6263 	EXP 	window1: mouseVisible = False
41.6430 	EXP 	window1: mouseVisible = False
41.6599 	EXP 	window1: mouseVisible = False
41.6764 	EXP 	window1: mouseVisible = False
41.6931 	EXP 	window1: mouseVisible = False
41.7100 	EXP 	window1: mouseVisible = False
41.7266 	EXP 	window1: mouseVisible = False
41.7433 	EXP 	window1: mouseVisible = False
41.7601 	EXP 	window1: mouseVisible = False
41.7766 	EXP 	window1: mouseVisible = False
41.7934 	EXP 	window1: mouseVisible = False
41.8097 	EXP 	window1: mouseVisible = False
41.8266 	EXP 	window1: mouseVisible = False
41.8433 	EXP 	window1: mouseVisible = False
41.8599 	EXP 	window1: mouseVisible = False
41.8769 	EXP 	window1: mouseVisible = False
41.8938 	EXP 	window1: mouseVisible = False
41.9100 	EXP 	window1: mouseVisible = False
41.9268 	EXP 	window1: mouseVisible = False
41.9432 	EXP 	window1: mouseVisible = False
41.9604 	EXP 	window1: mouseVisible = False
41.9766 	EXP 	window1: mouseVisible = False
41.9936 	EXP 	window1: mouseVisible = False
42.0101 	EXP 	window1: mouseVisible = False
42.0267 	EXP 	window1: mouseVisible = False
42.0435 	EXP 	window1: mouseVisible = False
42.0600 	EXP 	window1: mouseVisible = False
42.0767 	EXP 	window1: mouseVisible = False
42.0937 	EXP 	window1: mouseVisible = False
42.1103 	EXP 	window1: mouseVisible = False
42.1267 	EXP 	window1: mouseVisible = False
42.1433 	EXP 	window1: mouseVisible = False
42.1604 	EXP 	window1: mouseVisible = False
42.1768 	EXP 	window1: mouseVisible = False
42.1939 	EXP 	window1: mouseVisible = False
42.2102 	EXP 	window1: mouseVisible = False
42.2269 	EXP 	window1: mouseVisible = False
42.2440 	EXP 	window1: mouseVisible = False
42.2601 	EXP 	window1: mouseVisible = False
42.2771 	EXP 	window1: mouseVisible = False
42.2938 	EXP 	window1: mouseVisible = False
42.3102 	EXP 	window1: mouseVisible = False
42.3272 	EXP 	window1: mouseVisible = False
42.3435 	EXP 	window1: mouseVisible = False
42.3602 	EXP 	window1: mouseVisible = False
42.3768 	EXP 	window1: mouseVisible = False
42.3936 	EXP 	window1: mouseVisible = False
42.4103 	EXP 	window1: mouseVisible = False
42.4382 	EXP 	blankScreen_2: autoDraw = False
42.4382 	EXP 	call1_2: autoDraw = True
42.4382 	EXP 	call2_2: autoDraw = True
42.4382 	EXP 	call3_2: autoDraw = True
42.4382 	EXP 	call4_2: autoDraw = True
42.4382 	EXP 	colour1_2: autoDraw = True
42.4382 	EXP 	colour2_2: autoDraw = True
42.4382 	EXP 	colour3_2: autoDraw = True
42.4382 	EXP 	colour4_2: autoDraw = True
42.4382 	EXP 	number1_2: autoDraw = True
42.4382 	EXP 	number2_2: autoDraw = True
42.4382 	EXP 	number3_2: autoDraw = True
42.4382 	EXP 	number4_2: autoDraw = True
42.4384 	EXP 	window1: mouseVisible = False
42.4387 	EXP 	window1: mouseVisible = True
42.4549 	EXP 	window1: mouseVisible = False
42.4551 	EXP 	window1: mouseVisible = True
42.4723 	EXP 	window1: mouseVisible = False
42.4726 	EXP 	window1: mouseVisible = True
42.4883 	EXP 	window1: mouseVisible = False
42.4885 	EXP 	window1: mouseVisible = True
42.5055 	EXP 	window1: mouseVisible = False
42.5058 	EXP 	window1: mouseVisible = True
42.5224 	EXP 	window1: mouseVisible = False
42.5226 	EXP 	window1: mouseVisible = True
42.5384 	EXP 	window1: mouseVisible = False
42.5387 	EXP 	window1: mouseVisible = True
42.5552 	EXP 	window1: mouseVisible = False
42.5555 	EXP 	window1: mouseVisible = True
42.5718 	EXP 	window1: mouseVisible = False
42.5721 	EXP 	window1: mouseVisible = True
42.5886 	EXP 	window1: mouseVisible = False
42.5888 	EXP 	window1: mouseVisible = True
42.6050 	EXP 	window1: mouseVisible = False
42.6052 	EXP 	window1: mouseVisible = True
42.6217 	EXP 	window1: mouseVisible = False
42.6219 	EXP 	window1: mouseVisible = True
42.6386 	EXP 	window1: mouseVisible = False
42.6388 	EXP 	window1: mouseVisible = True
42.6553 	EXP 	window1: mouseVisible = False
42.6555 	EXP 	window1: mouseVisible = True
42.6719 	EXP 	window1: mouseVisible = False
42.6722 	EXP 	window1: mouseVisible = True
42.6884 	EXP 	window1: mouseVisible = False
42.6886 	EXP 	window1: mouseVisible = True
42.7052 	EXP 	window1: mouseVisible = False
42.7054 	EXP 	window1: mouseVisible = True
42.7218 	EXP 	window1: mouseVisible = False
42.7220 	EXP 	window1: mouseVisible = True
42.7385 	EXP 	window1: mouseVisible = False
42.7387 	EXP 	window1: mouseVisible = True
42.7553 	EXP 	window1: mouseVisible = False
42.7555 	EXP 	window1: mouseVisible = True
42.7719 	EXP 	window1: mouseVisible = False
42.7720 	EXP 	window1: mouseVisible = True
42.7887 	EXP 	window1: mouseVisible = False
42.7889 	EXP 	window1: mouseVisible = True
42.8056 	EXP 	window1: mouseVisible = False
42.8059 	EXP 	window1: mouseVisible = True
42.8221 	EXP 	window1: mouseVisible = False
42.8224 	EXP 	window1: mouseVisible = True
42.8389 	EXP 	window1: mouseVisible = False
42.8391 	EXP 	window1: mouseVisible = True
42.8553 	EXP 	window1: mouseVisible = False
42.8555 	EXP 	window1: mouseVisible = True
42.8719 	EXP 	window1: mouseVisible = False
42.8721 	EXP 	window1: mouseVisible = True
42.8885 	EXP 	window1: mouseVisible = False
42.8888 	EXP 	window1: mouseVisible = True
42.9054 	EXP 	window1: mouseVisible = False
42.9056 	EXP 	window1: mouseVisible = True
42.9221 	EXP 	window1: mouseVisible = False
42.9223 	EXP 	window1: mouseVisible = True
42.9388 	EXP 	window1: mouseVisible = False
42.9390 	EXP 	window1: mouseVisible = True
42.9554 	EXP 	window1: mouseVisible = False
42.9556 	EXP 	window1: mouseVisible = True
42.9722 	EXP 	window1: mouseVisible = False
42.9724 	EXP 	window1: mouseVisible = True
42.9886 	EXP 	window1: mouseVisible = False
42.9888 	EXP 	window1: mouseVisible = True
43.0054 	EXP 	window1: mouseVisible = False
43.0056 	EXP 	window1: mouseVisible = True
43.0221 	EXP 	window1: mouseVisible = False
43.0223 	EXP 	window1: mouseVisible = True
43.0388 	EXP 	window1: mouseVisible = False
43.0391 	EXP 	window1: mouseVisible = True
43.0556 	EXP 	window1: mouseVisible = False
43.0559 	EXP 	window1: mouseVisible = True
43.0722 	EXP 	window1: mouseVisible = False
43.0724 	EXP 	window1: mouseVisible = True
43.0888 	EXP 	window1: mouseVisible = False
43.0890 	EXP 	window1: mouseVisible = True
43.1055 	EXP 	window1: mouseVisible = False
43.1057 	EXP 	window1: mouseVisible = True
43.1223 	EXP 	window1: mouseVisible = False
43.1225 	EXP 	window1: mouseVisible = True
43.1390 	EXP 	window1: mouseVisible = False
43.1392 	EXP 	window1: mouseVisible = True
43.1556 	EXP 	window1: mouseVisible = False
43.1558 	EXP 	window1: mouseVisible = True
43.1723 	EXP 	window1: mouseVisible = False
43.1726 	EXP 	window1: mouseVisible = True
43.1889 	EXP 	window1: mouseVisible = False
43.1891 	EXP 	window1: mouseVisible = True
43.2056 	EXP 	window1: mouseVisible = False
43.2058 	EXP 	window1: mouseVisible = True
43.2222 	EXP 	window1: mouseVisible = False
43.2224 	EXP 	window1: mouseVisible = True
43.2391 	EXP 	window1: mouseVisible = False
43.2393 	EXP 	window1: mouseVisible = True
43.2556 	EXP 	window1: mouseVisible = False
43.2558 	EXP 	window1: mouseVisible = True
43.2724 	EXP 	window1: mouseVisible = False
43.2726 	EXP 	window1: mouseVisible = True
43.2890 	EXP 	window1: mouseVisible = False
43.2893 	EXP 	window1: mouseVisible = True
43.3057 	EXP 	window1: mouseVisible = False
43.3059 	EXP 	window1: mouseVisible = True
43.3224 	EXP 	window1: mouseVisible = False
43.3227 	EXP 	window1: mouseVisible = True
43.3391 	EXP 	window1: mouseVisible = False
43.3395 	EXP 	window1: mouseVisible = True
43.3559 	EXP 	window1: mouseVisible = False
43.3561 	EXP 	window1: mouseVisible = True
43.3723 	EXP 	window1: mouseVisible = False
43.3725 	EXP 	window1: mouseVisible = True
43.3891 	EXP 	window1: mouseVisible = False
43.3893 	EXP 	window1: mouseVisible = True
43.3897 	DATA 	Mouse: Left button down, pos=(791,238)
43.4223 	EXP 	call1_2: texRes = 128
43.4223 	EXP 	call2_2: texRes = 128
43.4223 	EXP 	call3_2: texRes = 128
43.4226 	EXP 	window1: mouseVisible = False
43.4229 	EXP 	window1: mouseVisible = True
43.4393 	EXP 	window1: mouseVisible = False
43.4395 	EXP 	window1: mouseVisible = True
43.4559 	EXP 	window1: mouseVisible = False
43.4561 	EXP 	window1: mouseVisible = True
43.4726 	EXP 	window1: mouseVisible = False
43.4728 	EXP 	window1: mouseVisible = True
43.4891 	EXP 	window1: mouseVisible = False
43.4893 	EXP 	window1: mouseVisible = True
43.5059 	EXP 	window1: mouseVisible = False
43.5061 	EXP 	window1: mouseVisible = True
43.5226 	EXP 	window1: mouseVisible = False
43.5228 	EXP 	window1: mouseVisible = True
43.5232 	DATA 	Mouse:  Left button up, pos=(784,237)
43.5393 	EXP 	window1: mouseVisible = False
43.5395 	EXP 	window1: mouseVisible = True
43.5562 	EXP 	window1: mouseVisible = False
43.5565 	EXP 	window1: mouseVisible = True
43.5726 	EXP 	window1: mouseVisible = False
43.5728 	EXP 	window1: mouseVisible = True
43.5892 	EXP 	window1: mouseVisible = False
43.5896 	EXP 	window1: mouseVisible = True
43.6058 	EXP 	window1: mouseVisible = False
43.6060 	EXP 	window1: mouseVisible = True
43.6227 	EXP 	window1: mouseVisible = False
43.6230 	EXP 	window1: mouseVisible = True
43.6392 	EXP 	window1: mouseVisible = False
43.6394 	EXP 	window1: mouseVisible = True
43.6561 	EXP 	window1: mouseVisible = False
43.6563 	EXP 	window1: mouseVisible = True
43.6727 	EXP 	window1: mouseVisible = False
43.6729 	EXP 	window1: mouseVisible = True
43.6894 	EXP 	window1: mouseVisible = False
43.6896 	EXP 	window1: mouseVisible = True
43.7060 	EXP 	window1: mouseVisible = False
43.7061 	EXP 	window1: mouseVisible = True
43.7226 	EXP 	window1: mouseVisible = False
43.7228 	EXP 	window1: mouseVisible = True
43.7395 	EXP 	window1: mouseVisible = False
43.7396 	EXP 	window1: mouseVisible = True
43.7560 	EXP 	window1: mouseVisible = False
43.7562 	EXP 	window1: mouseVisible = True
43.7728 	EXP 	window1: mouseVisible = False
43.7730 	EXP 	window1: mouseVisible = True
43.7895 	EXP 	window1: mouseVisible = False
43.7897 	EXP 	window1: mouseVisible = True
43.8062 	EXP 	window1: mouseVisible = False
43.8064 	EXP 	window1: mouseVisible = True
43.8227 	EXP 	window1: mouseVisible = False
43.8230 	EXP 	window1: mouseVisible = True
43.8235 	DATA 	Mouse: Left button down, pos=(1171,520)
43.8560 	EXP 	colour1_2: texRes = 128
43.8560 	EXP 	colour2_2: texRes = 128
43.8560 	EXP 	colour4_2: texRes = 128
43.8563 	EXP 	window1: mouseVisible = False
43.8567 	EXP 	window1: mouseVisible = True
43.8729 	EXP 	window1: mouseVisible = False
43.8732 	EXP 	window1: mouseVisible = True
43.8895 	EXP 	window1: mouseVisible = False
43.8897 	EXP 	window1: mouseVisible = True
43.8899 	DATA 	Mouse:  Left button up, pos=(1171,520)
43.9061 	EXP 	window1: mouseVisible = False
43.9063 	EXP 	window1: mouseVisible = True
43.9228 	EXP 	window1: mouseVisible = False
43.9230 	EXP 	window1: mouseVisible = True
43.9396 	EXP 	window1: mouseVisible = False
43.9398 	EXP 	window1: mouseVisible = True
43.9563 	EXP 	window1: mouseVisible = False
43.9565 	EXP 	window1: mouseVisible = True
43.9728 	EXP 	window1: mouseVisible = False
43.9730 	EXP 	window1: mouseVisible = True
43.9896 	EXP 	window1: mouseVisible = False
43.9899 	EXP 	window1: mouseVisible = True
44.0063 	EXP 	window1: mouseVisible = False
44.0066 	EXP 	window1: mouseVisible = True
44.0228 	EXP 	window1: mouseVisible = False
44.0230 	EXP 	window1: mouseVisible = True
44.0397 	EXP 	window1: mouseVisible = False
44.0400 	EXP 	window1: mouseVisible = True
44.0563 	EXP 	window1: mouseVisible = False
44.0566 	EXP 	window1: mouseVisible = True
44.0732 	EXP 	window1: mouseVisible = False
44.0735 	EXP 	window1: mouseVisible = True
44.0897 	EXP 	window1: mouseVisible = False
44.0900 	EXP 	window1: mouseVisible = True
44.1065 	EXP 	window1: mouseVisible = False
44.1068 	EXP 	window1: mouseVisible = True
44.1231 	EXP 	window1: mouseVisible = False
44.1233 	EXP 	window1: mouseVisible = True
44.1397 	EXP 	window1: mouseVisible = False
44.1399 	EXP 	window1: mouseVisible = True
44.1563 	EXP 	window1: mouseVisible = False
44.1566 	EXP 	window1: mouseVisible = True
44.1730 	EXP 	window1: mouseVisible = False
44.1732 	EXP 	window1: mouseVisible = True
44.1897 	EXP 	window1: mouseVisible = False
44.1899 	EXP 	window1: mouseVisible = True
44.2064 	EXP 	window1: mouseVisible = False
44.2066 	EXP 	window1: mouseVisible = True
44.2231 	EXP 	window1: mouseVisible = False
44.2234 	EXP 	window1: mouseVisible = True
44.2399 	EXP 	window1: mouseVisible = False
44.2402 	EXP 	window1: mouseVisible = True
44.2565 	EXP 	window1: mouseVisible = False
44.2567 	EXP 	window1: mouseVisible = True
44.2731 	EXP 	window1: mouseVisible = False
44.2733 	EXP 	window1: mouseVisible = True
44.2897 	EXP 	window1: mouseVisible = False
44.2899 	EXP 	window1: mouseVisible = True
44.3068 	EXP 	window1: mouseVisible = False
44.3072 	EXP 	window1: mouseVisible = True
44.3231 	EXP 	window1: mouseVisible = False
44.3234 	EXP 	window1: mouseVisible = True
44.3400 	EXP 	window1: mouseVisible = False
44.3402 	EXP 	window1: mouseVisible = True
44.3566 	EXP 	window1: mouseVisible = False
44.3568 	EXP 	window1: mouseVisible = True
44.3733 	EXP 	window1: mouseVisible = False
44.3735 	EXP 	window1: mouseVisible = True
44.3899 	EXP 	window1: mouseVisible = False
44.3901 	EXP 	window1: mouseVisible = True
44.4065 	EXP 	window1: mouseVisible = False
44.4067 	EXP 	window1: mouseVisible = True
44.4233 	EXP 	window1: mouseVisible = False
44.4236 	EXP 	window1: mouseVisible = True
44.4399 	EXP 	window1: mouseVisible = False
44.4401 	EXP 	window1: mouseVisible = True
44.4567 	EXP 	window1: mouseVisible = False
44.4569 	EXP 	window1: mouseVisible = True
44.4572 	DATA 	Mouse: Left button down, pos=(1826,310)
44.5170 	EXP 	window1: mouseVisible = False
44.5232 	EXP 	number1_2: texRes = 128
44.5232 	EXP 	number2_2: texRes = 128
44.5232 	EXP 	number3_2: texRes = 128
44.5232 	EXP 	blankScreen_2: autoDraw = False
44.5232 	EXP 	call1_2: autoDraw = False
44.5232 	EXP 	call2_2: autoDraw = False
44.5232 	EXP 	call3_2: autoDraw = False
44.5232 	EXP 	call4_2: autoDraw = False
44.5232 	EXP 	colour1_2: autoDraw = False
44.5232 	EXP 	colour2_2: autoDraw = False
44.5232 	EXP 	colour3_2: autoDraw = False
44.5232 	EXP 	colour4_2: autoDraw = False
44.5232 	EXP 	number1_2: autoDraw = False
44.5232 	EXP 	number2_2: autoDraw = False
44.5232 	EXP 	number3_2: autoDraw = False
44.5232 	EXP 	number4_2: autoDraw = False
44.5232 	EXP 	blankScreenAfterResponse_2: autoDraw = False
44.5748 	DATA 	Mouse:  Left button up, pos=(1840,307)
47.3600 	DATA 	Mouse: Left button down, pos=(1808,323)
47.5434 	DATA 	Mouse:  Left button up, pos=(1809,324)
48.8058 	EXP 	window1: mouseVisible = True
