1.8875 	WARNING 	We strongly recommend you activate the PTB sound engine in PsychoPy prefs as the preferred audio engine. Its timing is vastly superior. Your prefs are currently set to use ['pyo'] (in that order).
6.9986 	EXP 	Created window1 = Window(allowGUI=True, allowStencil=False, autoLog=True, backendConf=UNKNOWN, bitsMode=UNKNOWN, blendMode='avg', bpc=(8, 8, 8), color=array([0, 0, 0]), colorSpace='rgb', depthBits=8, fullscr=<method-wrapper '__getattribute__' of attributeSetter object at 0x000001D1D9BA0D90>, gamma=None, gammaErrorPolicy='raise', lms=UNKNOWN, monitor=<psychopy.monitors.calibTools.Monitor object at 0x000001D18089A940>, multiSample=False, name='window1', numSamples=2, pos=(0, 0), screen=0, size=array([2560, 1440]), stencilBits=0, stereo=False, units='height', useFBO=True, useRetina=False, viewOri=0.0, viewPos=None, viewScale=None, waitBlanking=True, winType='pyglet')
6.9987 	EXP 	window1: mouseVisible = True
6.9988 	EXP 	window1: mouseVisible = False
6.9988 	EXP 	window1: Attempting to measure frame rate of screen (0) ...
6.9988 	EXP 	window1: recordFrameIntervals = False
7.1647 	EXP 	window1: recordFrameIntervals = True
7.3481 	EXP 	Screen (0) actual frame rate measured at 60.06Hz
7.3482 	EXP 	window1: recordFrameIntervals = False
9.0490 	EXP 	Created instr_start = TextStim(__class__=<class 'psychopy.visual.text.TextStim'>, alignHoriz=method-wrapper(...), alignText='center', alignVert=method-wrapper(...), anchorHoriz='center', anchorVert='center', antialias=True, autoDraw=False, autoLog=True, bold=False, color=array([1., 1., 1.]), colorSpace='rgb', contrast=1.0, depth=0.0, flipHoriz=False, flipVert=False, font='Arial', fontFiles=[], height=0.04, italic=False, languageStyle='LTR', name='instr_start', opacity=1.0, ori=0, pos=array([0., 0.]), rgb=UNKNOWN, text=str(...), units='height', win=Window(...), wrapWidth=1)
9.0667 	EXP 	Created instrRest_pre = TextStim(__class__=<class 'psychopy.visual.text.TextStim'>, alignHoriz=method-wrapper(...), alignText='center', alignVert=method-wrapper(...), anchorHoriz='center', anchorVert='center', antialias=True, autoDraw=False, autoLog=True, bold=False, color=array([1., 1., 1.]), colorSpace='rgb', contrast=1.0, depth=-1.0, flipHoriz=False, flipVert=False, font='Arial', fontFiles=[], height=0.04, italic=False, languageStyle='LTR', name='instrRest_pre', opacity=1.0, ori=0, pos=array([0., 0.]), rgb=UNKNOWN, text=str(...), units='height', win=Window(...), wrapWidth=1)
10.0272 	EXP 	Set  sound=C
10.0504 	EXP 	Set beep_rest_pre_start sound=A
10.0504 	EXP 	Sound beep_rest_pre_start set volume 1.000
10.0583 	EXP 	Created fixation_1 = ShapeStim(__class__=<class 'psychopy.visual.shape.ShapeStim'>, anchor=('center', 'center'), autoDraw=False, autoLog=True, closeShape=True, color=method-wrapper(...), colorSpace='rgb', contrast=None, depth=-1.0, fillColor=array([1, 1, 1]), fillColorSpace='rgb', fillRGB=array([1, 1, 1]), interpolate=True, lineColor=array([1., 1., 1.]), lineColorSpace='rgb', lineRGB=array([1, 1, 1]), lineWidth=0.5, name='fixation_1', opacity=0.75, ori=0.0, pos=array([0., 0.]), size=array([0.05, 0.05]), units='height', vertices=ndarray(...), win=Window(...), windingRule=None)
10.0777 	EXP 	Created screenAfterAudio_3 = ImageStim(__class__=<class 'psychopy.visual.image.ImageStim'>, anchor=('center', 'center'), autoLog=True, color=array([1., 1., 1.]), colorSpace='rgb', contrast=1.0, depth=-3.0, flipHoriz=False, flipVert=False, image='images/grayScreen.png', interpolate=True, mask=None, maskParams=None, name='screenAfterAudio_3', opacity=1.0, ori=0.0, pos=array([0., 0.]), size=array([0.5, 0.5]), texRes=128.0, units='height', win=Window(...))
10.0791 	EXP 	Set beep_rest_pre_end sound=A
10.0792 	EXP 	Sound beep_rest_pre_end set volume 1.000
10.1300 	EXP 	Created instr_start_2 = TextStim(__class__=<class 'psychopy.visual.text.TextStim'>, alignHoriz=method-wrapper(...), alignText='center', alignVert=method-wrapper(...), anchorHoriz='center', anchorVert='center', antialias=True, autoDraw=False, autoLog=True, bold=False, color=array([1., 1., 1.]), colorSpace='rgb', contrast=1.0, depth=0.0, flipHoriz=False, flipVert=False, font='Arial', fontFiles=[], height=0.04, italic=False, languageStyle='LTR', name='instr_start_2', opacity=1.0, ori=0, pos=array([0., 0.]), rgb=UNKNOWN, text=str(...), units='height', win=Window(...), wrapWidth=1)
10.1428 	EXP 	Set sound_examples sound=A
10.1428 	EXP 	Sound sound_examples set volume 1.000
10.1446 	EXP 	Created fixation_2 = ShapeStim(__class__=<class 'psychopy.visual.shape.ShapeStim'>, anchor=('center', 'center'), autoDraw=False, autoLog=True, closeShape=True, color=method-wrapper(...), colorSpace='rgb', contrast=None, depth=-1.0, fillColor=array([1, 1, 1]), fillColorSpace='rgb', fillRGB=array([1, 1, 1]), interpolate=True, lineColor=array([1., 1., 1.]), lineColorSpace='rgb', lineRGB=array([1, 1, 1]), lineWidth=0.5, name='fixation_2', opacity=0.75, ori=0.0, pos=array([0., 0.]), size=array([0.05, 0.05]), units='height', vertices=ndarray(...), win=Window(...), windingRule=None)
10.1573 	EXP 	Created screenAfterAudio_2 = ImageStim(__class__=<class 'psychopy.visual.image.ImageStim'>, anchor=('center', 'center'), autoLog=True, color=array([1., 1., 1.]), colorSpace='rgb', contrast=1.0, depth=-3.0, flipHoriz=False, flipVert=False, image='images/grayScreen.png', interpolate=True, mask=None, maskParams=None, name='screenAfterAudio_2', opacity=1.0, ori=0.0, pos=array([0., 0.]), size=array([0.5, 0.5]), texRes=128.0, units='height', win=Window(...))
10.1705 	EXP 	Created blankScreen_2 = ImageStim(__class__=<class 'psychopy.visual.image.ImageStim'>, anchor=('center', 'center'), autoLog=True, color=array([1., 1., 1.]), colorSpace='rgb', contrast=1.0, depth=-4.0, flipHoriz=False, flipVert=False, image='images/grayScreen.png', interpolate=True, mask=None, maskParams=None, name='blankScreen_2', opacity=1.0, ori=0.0, pos=array([0., 0.]), size=array([1920., 1080.]), texRes=128, units='height', win=Window(...))
10.1947 	EXP 	Created call1_2 = ImageStim(__class__=<class 'psychopy.visual.image.ImageStim'>, anchor=('center', 'center'), autoLog=True, color=array([1., 1., 1.]), colorSpace='rgb', contrast=1.0, depth=-5.0, flipHoriz=False, flipVert=False, image='images/adler.png', interpolate=True, mask=None, maskParams=None, name='call1_2', opacity=1.0, ori=0.0, pos=array([-0.4   ,  0.3125]), size=array([0.18, 0.18]), texRes=128, units='height', win=Window(...))
10.2195 	EXP 	Created call2_2 = ImageStim(__class__=<class 'psychopy.visual.image.ImageStim'>, anchor=('center', 'center'), autoLog=True, color=array([1., 1., 1.]), colorSpace='rgb', contrast=1.0, depth=-6.0, flipHoriz=False, flipVert=False, image='images/drossel.png', interpolate=True, mask=None, maskParams=None, name='call2_2', opacity=1.0, ori=0.0, pos=array([-0.4       ,  0.10416667]), size=array([0.18, 0.18]), texRes=128, units='height', win=Window(...))
10.2451 	EXP 	Created call3_2 = ImageStim(__class__=<class 'psychopy.visual.image.ImageStim'>, anchor=('center', 'center'), autoLog=True, color=array([1., 1., 1.]), colorSpace='rgb', contrast=1.0, depth=-7.0, flipHoriz=False, flipVert=False, image='images/kroete.png', interpolate=True, mask=None, maskParams=None, name='call3_2', opacity=1.0, ori=0.0, pos=array([-0.4       , -0.10416667]), size=array([0.18, 0.18]), texRes=128, units='height', win=Window(...))
10.2698 	EXP 	Created call4_2 = ImageStim(__class__=<class 'psychopy.visual.image.ImageStim'>, anchor=('center', 'center'), autoLog=True, color=array([1., 1., 1.]), colorSpace='rgb', contrast=1.0, depth=-8.0, flipHoriz=False, flipVert=False, image='images/tiger.png', interpolate=True, mask=None, maskParams=None, name='call4_2', opacity=1.0, ori=0.0, pos=array([-0.4   , -0.3125]), size=array([0.18, 0.18]), texRes=128, units='height', win=Window(...))
10.2881 	EXP 	Created colour1_2 = ImageStim(__class__=<class 'psychopy.visual.image.ImageStim'>, anchor=('center', 'center'), autoLog=True, color=array([1., 1., 1.]), colorSpace='rgb', contrast=1.0, depth=-9.0, flipHoriz=False, flipVert=False, image='images/gelb.png', interpolate=True, mask=None, maskParams=None, name='colour1_2', opacity=1.0, ori=0.0, pos=array([0.    , 0.3125]), size=array([0.18, 0.18]), texRes=128, units='height', win=Window(...))
10.3069 	EXP 	Created colour2_2 = ImageStim(__class__=<class 'psychopy.visual.image.ImageStim'>, anchor=('center', 'center'), autoLog=True, color=array([1., 1., 1.]), colorSpace='rgb', contrast=1.0, depth=-10.0, flipHoriz=False, flipVert=False, image='images/gruen.png', interpolate=True, mask=None, maskParams=None, name='colour2_2', opacity=1.0, ori=0.0, pos=array([0.        , 0.10416667]), size=array([0.18, 0.18]), texRes=128, units='height', win=Window(...))
10.3256 	EXP 	Created colour3_2 = ImageStim(__class__=<class 'psychopy.visual.image.ImageStim'>, anchor=('center', 'center'), autoLog=True, color=array([1., 1., 1.]), colorSpace='rgb', contrast=1.0, depth=-11.0, flipHoriz=False, flipVert=False, image='images/rot.png', interpolate=True, mask=None, maskParams=None, name='colour3_2', opacity=1.0, ori=0.0, pos=array([ 0.        , -0.10416667]), size=array([0.18, 0.18]), texRes=128, units='height', win=Window(...))
10.3518 	EXP 	Created colour4_2 = ImageStim(__class__=<class 'psychopy.visual.image.ImageStim'>, anchor=('center', 'center'), autoLog=True, color=array([1., 1., 1.]), colorSpace='rgb', contrast=1.0, depth=-12.0, flipHoriz=False, flipVert=False, image='images/weiss.png', interpolate=True, mask=None, maskParams=None, name='colour4_2', opacity=1.0, ori=0.0, pos=array([ 0.    , -0.3125]), size=array([0.18, 0.18]), texRes=128, units='height', win=Window(...))
10.3702 	EXP 	Created number1_2 = ImageStim(__class__=<class 'psychopy.visual.image.ImageStim'>, anchor=('center', 'center'), autoLog=True, color=array([1., 1., 1.]), colorSpace='rgb', contrast=1.0, depth=-13.0, flipHoriz=False, flipVert=False, image='images/1.png', interpolate=True, mask=None, maskParams=None, name='number1_2', opacity=1.0, ori=0.0, pos=array([0.4   , 0.3125]), size=array([0.18, 0.18]), texRes=128, units='height', win=Window(...))
10.3925 	EXP 	Created number2_2 = ImageStim(__class__=<class 'psychopy.visual.image.ImageStim'>, anchor=('center', 'center'), autoLog=True, color=array([1., 1., 1.]), colorSpace='rgb', contrast=1.0, depth=-14.0, flipHoriz=False, flipVert=False, image='images/2.png', interpolate=True, mask=None, maskParams=None, name='number2_2', opacity=1.0, ori=0.0, pos=array([0.4       , 0.10416667]), size=array([0.18, 0.18]), texRes=128, units='height', win=Window(...))
10.4114 	EXP 	Created number3_2 = ImageStim(__class__=<class 'psychopy.visual.image.ImageStim'>, anchor=('center', 'center'), autoLog=True, color=array([1., 1., 1.]), colorSpace='rgb', contrast=1.0, depth=-15.0, flipHoriz=False, flipVert=False, image='images/3.png', interpolate=True, mask=None, maskParams=None, name='number3_2', opacity=1.0, ori=0.0, pos=array([ 0.4       , -0.10416667]), size=array([0.18, 0.18]), texRes=128, units='height', win=Window(...))
10.4294 	EXP 	Created number4_2 = ImageStim(__class__=<class 'psychopy.visual.image.ImageStim'>, anchor=('center', 'center'), autoLog=True, color=array([1., 1., 1.]), colorSpace='rgb', contrast=1.0, depth=-16.0, flipHoriz=False, flipVert=False, image='images/4.png', interpolate=True, mask=None, maskParams=None, name='number4_2', opacity=1.0, ori=0.0, pos=array([ 0.4   , -0.3125]), size=array([0.18, 0.18]), texRes=128, units='height', win=Window(...))
10.4297 	EXP 	window1: mouseVisible = True
10.4298 	EXP 	window1: mouseVisible = True
10.4298 	EXP 	window1: mouseVisible = True
10.4431 	EXP 	Created instrTaskText = TextStim(__class__=<class 'psychopy.visual.text.TextStim'>, alignHoriz=method-wrapper(...), alignText='center', alignVert=method-wrapper(...), anchorHoriz='center', anchorVert='center', antialias=True, autoDraw=False, autoLog=True, bold=False, color=array([1., 1., 1.]), colorSpace='rgb', contrast=1.0, depth=0.0, flipHoriz=False, flipVert=False, font='Arial', fontFiles=[], height=0.04, italic=False, languageStyle='LTR', name='instrTaskText', opacity=1.0, ori=0, pos=array([0., 0.]), rgb=UNKNOWN, text=str(...), units='height', win=Window(...), wrapWidth=1)
10.4480 	EXP 	Created blockStart = TextStim(__class__=<class 'psychopy.visual.text.TextStim'>, alignHoriz=method-wrapper(...), alignText='center', alignVert=method-wrapper(...), anchorHoriz='center', anchorVert='center', antialias=True, autoDraw=False, autoLog=True, bold=False, color=array([1., 1., 1.]), colorSpace='rgb', contrast=1.0, depth=0.0, flipHoriz=False, flipVert=False, font='Arial', fontFiles=[], height=0.04, italic=False, languageStyle='LTR', name='blockStart', opacity=1.0, ori=0, pos=array([0., 0.]), rgb=UNKNOWN, text=str(...), units='height', win=Window(...), wrapWidth=1)
10.4613 	EXP 	Set sound_1 sound=A
10.4613 	EXP 	Sound sound_1 set volume 1.000
10.4632 	EXP 	Created fixation = ShapeStim(__class__=<class 'psychopy.visual.shape.ShapeStim'>, anchor=('center', 'center'), autoDraw=False, autoLog=True, closeShape=True, color=method-wrapper(...), colorSpace='rgb', contrast=None, depth=-2.0, fillColor=array([1, 1, 1]), fillColorSpace='rgb', fillRGB=array([1, 1, 1]), interpolate=True, lineColor=array([1., 1., 1.]), lineColorSpace='rgb', lineRGB=array([1, 1, 1]), lineWidth=0.5, name='fixation', opacity=0.75, ori=0.0, pos=array([0., 0.]), size=array([0.05, 0.05]), units='height', vertices=ndarray(...), win=Window(...), windingRule=None)
10.4758 	EXP 	Created screenAfterAudio = ImageStim(__class__=<class 'psychopy.visual.image.ImageStim'>, anchor=('center', 'center'), autoLog=True, color=array([1., 1., 1.]), colorSpace='rgb', contrast=1.0, depth=-4.0, flipHoriz=False, flipVert=False, image='images/grayScreen.png', interpolate=True, mask=None, maskParams=None, name='screenAfterAudio', opacity=1.0, ori=0.0, pos=array([0., 0.]), size=array([0.5, 0.5]), texRes=128.0, units='height', win=Window(...))
10.4946 	EXP 	Created blankScreen = ImageStim(__class__=<class 'psychopy.visual.image.ImageStim'>, anchor=('center', 'center'), autoLog=True, color=array([1., 1., 1.]), colorSpace='rgb', contrast=1.0, depth=-4.0, flipHoriz=False, flipVert=False, image='images/grayScreen.png', interpolate=True, mask=None, maskParams=None, name='blankScreen', opacity=1.0, ori=0.0, pos=array([0., 0.]), size=array([1920., 1080.]), texRes=128, units='height', win=Window(...))
10.5088 	EXP 	Created call1 = ImageStim(__class__=<class 'psychopy.visual.image.ImageStim'>, anchor=('center', 'center'), autoLog=True, color=array([1., 1., 1.]), colorSpace='rgb', contrast=1.0, depth=-5.0, flipHoriz=False, flipVert=False, image='images/adler.png', interpolate=True, mask=None, maskParams=None, name='call1', opacity=1.0, ori=0.0, pos=array([-0.4   ,  0.3125]), size=array([0.18, 0.18]), texRes=128, units='height', win=Window(...))
10.5230 	EXP 	Created call2 = ImageStim(__class__=<class 'psychopy.visual.image.ImageStim'>, anchor=('center', 'center'), autoLog=True, color=array([1., 1., 1.]), colorSpace='rgb', contrast=1.0, depth=-6.0, flipHoriz=False, flipVert=False, image='images/drossel.png', interpolate=True, mask=None, maskParams=None, name='call2', opacity=1.0, ori=0.0, pos=array([-0.4       ,  0.10416667]), size=array([0.18, 0.18]), texRes=128, units='height', win=Window(...))
10.5377 	EXP 	Created call3 = ImageStim(__class__=<class 'psychopy.visual.image.ImageStim'>, anchor=('center', 'center'), autoLog=True, color=array([1., 1., 1.]), colorSpace='rgb', contrast=1.0, depth=-7.0, flipHoriz=False, flipVert=False, image='images/kroete.png', interpolate=True, mask=None, maskParams=None, name='call3', opacity=1.0, ori=0.0, pos=array([-0.4       , -0.10416667]), size=array([0.18, 0.18]), texRes=128, units='height', win=Window(...))
10.5527 	EXP 	Created call4 = ImageStim(__class__=<class 'psychopy.visual.image.ImageStim'>, anchor=('center', 'center'), autoLog=True, color=array([1., 1., 1.]), colorSpace='rgb', contrast=1.0, depth=-8.0, flipHoriz=False, flipVert=False, image='images/tiger.png', interpolate=True, mask=None, maskParams=None, name='call4', opacity=1.0, ori=0.0, pos=array([-0.4   , -0.3125]), size=array([0.18, 0.18]), texRes=128, units='height', win=Window(...))
10.5658 	EXP 	Created colour1 = ImageStim(__class__=<class 'psychopy.visual.image.ImageStim'>, anchor=('center', 'center'), autoLog=True, color=array([1., 1., 1.]), colorSpace='rgb', contrast=1.0, depth=-9.0, flipHoriz=False, flipVert=False, image='images/gelb.png', interpolate=True, mask=None, maskParams=None, name='colour1', opacity=1.0, ori=0.0, pos=array([0.    , 0.3125]), size=array([0.18, 0.18]), texRes=128, units='height', win=Window(...))
10.5798 	EXP 	Created colour2 = ImageStim(__class__=<class 'psychopy.visual.image.ImageStim'>, anchor=('center', 'center'), autoLog=True, color=array([1., 1., 1.]), colorSpace='rgb', contrast=1.0, depth=-10.0, flipHoriz=False, flipVert=False, image='images/gruen.png', interpolate=True, mask=None, maskParams=None, name='colour2', opacity=1.0, ori=0.0, pos=array([0.        , 0.10416667]), size=array([0.18, 0.18]), texRes=128, units='height', win=Window(...))
10.5927 	EXP 	Created colour3 = ImageStim(__class__=<class 'psychopy.visual.image.ImageStim'>, anchor=('center', 'center'), autoLog=True, color=array([1., 1., 1.]), colorSpace='rgb', contrast=1.0, depth=-11.0, flipHoriz=False, flipVert=False, image='images/rot.png', interpolate=True, mask=None, maskParams=None, name='colour3', opacity=1.0, ori=0.0, pos=array([ 0.        , -0.10416667]), size=array([0.18, 0.18]), texRes=128, units='height', win=Window(...))
10.6061 	EXP 	Created colour4 = ImageStim(__class__=<class 'psychopy.visual.image.ImageStim'>, anchor=('center', 'center'), autoLog=True, color=array([1., 1., 1.]), colorSpace='rgb', contrast=1.0, depth=-12.0, flipHoriz=False, flipVert=False, image='images/weiss.png', interpolate=True, mask=None, maskParams=None, name='colour4', opacity=1.0, ori=0.0, pos=array([ 0.    , -0.3125]), size=array([0.18, 0.18]), texRes=128, units='height', win=Window(...))
10.6198 	EXP 	Created number1 = ImageStim(__class__=<class 'psychopy.visual.image.ImageStim'>, anchor=('center', 'center'), autoLog=True, color=array([1., 1., 1.]), colorSpace='rgb', contrast=1.0, depth=-13.0, flipHoriz=False, flipVert=False, image='images/1.png', interpolate=True, mask=None, maskParams=None, name='number1', opacity=1.0, ori=0.0, pos=array([0.4   , 0.3125]), size=array([0.18, 0.18]), texRes=128, units='height', win=Window(...))
10.6339 	EXP 	Created number2 = ImageStim(__class__=<class 'psychopy.visual.image.ImageStim'>, anchor=('center', 'center'), autoLog=True, color=array([1., 1., 1.]), colorSpace='rgb', contrast=1.0, depth=-14.0, flipHoriz=False, flipVert=False, image='images/2.png', interpolate=True, mask=None, maskParams=None, name='number2', opacity=1.0, ori=0.0, pos=array([0.4       , 0.10416667]), size=array([0.18, 0.18]), texRes=128, units='height', win=Window(...))
10.6476 	EXP 	Created number3 = ImageStim(__class__=<class 'psychopy.visual.image.ImageStim'>, anchor=('center', 'center'), autoLog=True, color=array([1., 1., 1.]), colorSpace='rgb', contrast=1.0, depth=-15.0, flipHoriz=False, flipVert=False, image='images/3.png', interpolate=True, mask=None, maskParams=None, name='number3', opacity=1.0, ori=0.0, pos=array([ 0.4       , -0.10416667]), size=array([0.18, 0.18]), texRes=128, units='height', win=Window(...))
10.6622 	EXP 	Created number4 = ImageStim(__class__=<class 'psychopy.visual.image.ImageStim'>, anchor=('center', 'center'), autoLog=True, color=array([1., 1., 1.]), colorSpace='rgb', contrast=1.0, depth=-16.0, flipHoriz=False, flipVert=False, image='images/4.png', interpolate=True, mask=None, maskParams=None, name='number4', opacity=1.0, ori=0.0, pos=array([ 0.4   , -0.3125]), size=array([0.18, 0.18]), texRes=128, units='height', win=Window(...))
10.6623 	EXP 	window1: mouseVisible = True
10.6623 	EXP 	window1: mouseVisible = True
10.6624 	EXP 	window1: mouseVisible = True
10.6807 	EXP 	Created blankScreenAfterResponse = ImageStim(__class__=<class 'psychopy.visual.image.ImageStim'>, anchor=('center', 'center'), autoLog=True, color=array([1., 1., 1.]), colorSpace='rgb', contrast=1.0, depth=-25.0, flipHoriz=False, flipVert=False, image='images/blankScreen.png', interpolate=True, mask=None, maskParams=None, name='blankScreenAfterResponse', opacity=1.0, ori=0.0, pos=array([0., 0.]), size=array([1920., 1080.]), texRes=128, units='height', win=Window(...))
10.6976 	EXP 	Created instrRest_post = TextStim(__class__=<class 'psychopy.visual.text.TextStim'>, alignHoriz=method-wrapper(...), alignText='center', alignVert=method-wrapper(...), anchorHoriz='center', anchorVert='center', antialias=True, autoDraw=False, autoLog=True, bold=False, color=array([1., 1., 1.]), colorSpace='rgb', contrast=1.0, depth=0.0, flipHoriz=False, flipVert=False, font='Arial', fontFiles=[], height=0.04, italic=False, languageStyle='LTR', name='instrRest_post', opacity=1.0, ori=0, pos=array([0., 0.]), rgb=UNKNOWN, text=str(...), units='height', win=Window(...), wrapWidth=1)
10.6998 	EXP 	Created restBlock_2 = TextStim(__class__=<class 'psychopy.visual.text.TextStim'>, alignHoriz=method-wrapper(...), alignText='center', alignVert=method-wrapper(...), anchorHoriz='center', anchorVert='center', antialias=True, autoDraw=False, autoLog=True, bold=False, color=array([1., 1., 1.]), colorSpace='rgb', contrast=1.0, depth=0.0, flipHoriz=False, flipVert=False, font='Arial', fontFiles=[], height=0.04, italic=False, languageStyle='LTR', name='restBlock_2', opacity=1.0, ori=0, pos=array([0., 0.]), rgb=UNKNOWN, text='Begin  block ', units='height', win=Window(...), wrapWidth=1)
10.7048 	EXP 	Created thanksText_end = TextStim(__class__=<class 'psychopy.visual.text.TextStim'>, alignHoriz=method-wrapper(...), alignText='center', alignVert=method-wrapper(...), anchorHoriz='center', anchorVert='center', antialias=True, autoDraw=False, autoLog=True, bold=False, color=array([1., 1., 1.]), colorSpace='rgb', contrast=1.0, depth=0.0, flipHoriz=False, flipVert=False, font='Arial', fontFiles=[], height=0.04, italic=False, languageStyle='LTR', name='thanksText_end', opacity=1.0, ori=0, pos=array([0., 0.]), rgb=UNKNOWN, text=str(...), units='height', win=Window(...), wrapWidth=1)
10.7049 	EXP 	window1: mouseVisible = False
10.7172 	EXP 	instr_start: autoDraw = True
11.1690 	EXP 	window1: mouseVisible = False
11.1706 	DATA 	Keypress: space
11.1841 	EXP 	instr_start: autoDraw = False
11.1841 	EXP 	instrRest_pre: autoDraw = True
11.4209 	EXP 	Set beep_rest_pre_start sound=click_beep.wav
11.4209 	EXP 	window1: mouseVisible = False
11.4242 	EXP 	Set beep_rest_pre_end sound=click_beep.wav
11.4249 	EXP 	Sound beep_rest_pre_start started
11.4271 	DATA 	Keypress: space
11.4345 	EXP 	instrRest_pre: autoDraw = False
11.4345 	EXP 	fixation_1: autoDraw = True
11.5699 	DATA 	Keypress: space
15.4218 	EXP 	Sound beep_rest_pre_end started
15.4377 	EXP 	fixation_1: autoDraw = False
15.4377 	EXP 	screenAfterAudio_3: autoDraw = True
15.4377 	EXP 	screenAfterAudio_3: autoDraw = False
16.4219 	EXP 	Sound beep_rest_pre_end stopped
16.4222 	EXP 	Sound beep_rest_pre_start stopped
16.4222 	EXP 	Sound beep_rest_pre_end stopped
16.4223 	EXP 	window1: mouseVisible = False
16.4384 	EXP 	fixation_1: autoDraw = False
16.4384 	EXP 	screenAfterAudio_3: autoDraw = False
16.4384 	EXP 	instr_start_2: autoDraw = True
16.9165 	EXP 	Imported Example_list.csv as conditions, 2 conditions, 4 params
16.9168 	EXP 	Created sequence: sequential, trialTypes=2, nReps=1, seed=None
16.9170 	EXP 	New trial (rep=0, index=0): OrderedDict([('audiofile', 'audio/NV_DE_Neural2-D_Dr-we-Ei_0.9p.wav'), ('callSign', 'Dr'), ('colour', 'we'), ('number', 'Ei')])
16.9453 	EXP 	Set sound_examples sound=audio/NV_DE_Neural2-D_Dr-we-Ei_0.9p.wav
16.9454 	EXP 	window1: mouseVisible = False
16.9460 	EXP 	Sound sound_examples started
16.9477 	DATA 	Keypress: space
16.9557 	EXP 	instr_start_2: autoDraw = False
16.9557 	EXP 	fixation_2: autoDraw = True
17.1910 	DATA 	Keypress: space
22.4112 	EXP 	Sound sound_examples stopped
22.5397 	EXP 	window1: mouseVisible = False
22.5486 	EXP 	fixation_2: autoDraw = False
22.5486 	EXP 	screenAfterAudio_2: autoDraw = True
22.5486 	EXP 	screenAfterAudio_2: autoDraw = False
22.5486 	EXP 	fixation_2: autoDraw = False
22.5486 	EXP 	screenAfterAudio_2: autoDraw = False
22.5486 	EXP 	call1_2: texRes = 128
22.5486 	EXP 	call2_2: texRes = 128
22.5486 	EXP 	call3_2: texRes = 128
22.5486 	EXP 	call4_2: texRes = 128
22.5486 	EXP 	colour1_2: texRes = 128
22.5486 	EXP 	colour2_2: texRes = 128
22.5486 	EXP 	colour3_2: texRes = 128
22.5486 	EXP 	colour4_2: texRes = 128
22.5486 	EXP 	number1_2: texRes = 128
22.5486 	EXP 	number2_2: texRes = 128
22.5486 	EXP 	number3_2: texRes = 128
22.5486 	EXP 	number4_2: texRes = 128
22.5486 	EXP 	blankScreen_2: autoDraw = True
22.5488 	EXP 	window1: mouseVisible = False
22.5661 	EXP 	window1: mouseVisible = False
22.5824 	EXP 	window1: mouseVisible = False
22.5994 	EXP 	window1: mouseVisible = False
22.6157 	EXP 	window1: mouseVisible = False
22.6323 	EXP 	window1: mouseVisible = False
22.6494 	EXP 	window1: mouseVisible = False
22.6660 	EXP 	window1: mouseVisible = False
22.6825 	EXP 	window1: mouseVisible = False
22.6991 	EXP 	window1: mouseVisible = False
22.7160 	EXP 	window1: mouseVisible = False
22.7325 	EXP 	window1: mouseVisible = False
22.7498 	EXP 	window1: mouseVisible = False
22.7660 	EXP 	window1: mouseVisible = False
22.7827 	EXP 	window1: mouseVisible = False
22.7992 	EXP 	window1: mouseVisible = False
22.8159 	EXP 	window1: mouseVisible = False
22.8326 	EXP 	window1: mouseVisible = False
22.8496 	EXP 	window1: mouseVisible = False
22.8661 	EXP 	window1: mouseVisible = False
22.8827 	EXP 	window1: mouseVisible = False
22.8996 	EXP 	window1: mouseVisible = False
22.9159 	EXP 	window1: mouseVisible = False
22.9328 	EXP 	window1: mouseVisible = False
22.9495 	EXP 	window1: mouseVisible = False
22.9661 	EXP 	window1: mouseVisible = False
22.9832 	EXP 	window1: mouseVisible = False
22.9996 	EXP 	window1: mouseVisible = False
23.0161 	EXP 	window1: mouseVisible = False
23.0331 	EXP 	window1: mouseVisible = False
23.0497 	EXP 	window1: mouseVisible = False
23.0664 	EXP 	window1: mouseVisible = False
23.0828 	EXP 	window1: mouseVisible = False
23.0993 	EXP 	window1: mouseVisible = False
23.1162 	EXP 	window1: mouseVisible = False
23.1333 	EXP 	window1: mouseVisible = False
23.1494 	EXP 	window1: mouseVisible = False
23.1664 	EXP 	window1: mouseVisible = False
23.1828 	EXP 	window1: mouseVisible = False
23.1995 	EXP 	window1: mouseVisible = False
23.2165 	EXP 	window1: mouseVisible = False
23.2329 	EXP 	window1: mouseVisible = False
23.2497 	EXP 	window1: mouseVisible = False
23.2666 	EXP 	window1: mouseVisible = False
23.2830 	EXP 	window1: mouseVisible = False
23.2998 	EXP 	window1: mouseVisible = False
23.3162 	EXP 	window1: mouseVisible = False
23.3334 	EXP 	window1: mouseVisible = False
23.3496 	EXP 	window1: mouseVisible = False
23.3670 	EXP 	window1: mouseVisible = False
23.3832 	EXP 	window1: mouseVisible = False
23.3999 	EXP 	window1: mouseVisible = False
23.4163 	EXP 	window1: mouseVisible = False
23.4330 	EXP 	window1: mouseVisible = False
23.4499 	EXP 	window1: mouseVisible = False
23.4666 	EXP 	window1: mouseVisible = False
23.4831 	EXP 	window1: mouseVisible = False
23.4998 	EXP 	window1: mouseVisible = False
23.5167 	EXP 	window1: mouseVisible = False
23.5331 	EXP 	window1: mouseVisible = False
23.6739 	EXP 	window1: mouseVisible = True
