2.0179 	WARNING 	We strongly recommend you activate the PTB sound engine in PsychoPy prefs as the preferred audio engine. Its timing is vastly superior. Your prefs are currently set to use ['pyo'] (in that order).
6.6599 	EXP 	Created window1 = Window(allowGUI=True, allowStencil=False, autoLog=True, backendConf=UNKNOWN, bitsMode=UNKNOWN, blendMode='avg', bpc=(8, 8, 8), color=array([0, 0, 0]), colorSpace='rgb', depthBits=8, fullscr=<method-wrapper '__getattribute__' of attributeSetter object at 0x000001B96BCCFD60>, gamma=None, gammaErrorPolicy='raise', lms=UNKNOWN, monitor=<psychopy.monitors.calibTools.Monitor object at 0x000001B914DBC580>, multiSample=False, name='window1', numSamples=2, pos=(0, 0), screen=0, size=array([2560, 1440]), stencilBits=0, stereo=False, units='height', useFBO=True, useRetina=False, viewOri=0.0, viewPos=None, viewScale=None, waitBlanking=True, winType='pyglet')
6.6600 	EXP 	window1: mouseVisible = True
6.6601 	EXP 	window1: mouseVisible = False
6.6601 	EXP 	window1: Attempting to measure frame rate of screen (0) ...
6.6601 	EXP 	window1: recordFrameIntervals = False
6.8274 	EXP 	window1: recordFrameIntervals = True
7.0439 	EXP 	Screen (0) actual frame rate measured at 59.87Hz
7.0439 	EXP 	window1: recordFrameIntervals = False
8.8514 	EXP 	Created instr_start = TextStim(__class__=<class 'psychopy.visual.text.TextStim'>, alignHoriz=method-wrapper(...), alignText='center', alignVert=method-wrapper(...), anchorHoriz='center', anchorVert='center', antialias=True, autoDraw=False, autoLog=True, bold=False, color=array([1., 1., 1.]), colorSpace='rgb', contrast=1.0, depth=0.0, flipHoriz=False, flipVert=False, font='Arial', fontFiles=[], height=0.04, italic=False, languageStyle='LTR', name='instr_start', opacity=1.0, ori=0, pos=array([0., 0.]), rgb=UNKNOWN, text=str(...), units='height', win=Window(...), wrapWidth=1)
8.8697 	EXP 	Created instrRest_pre = TextStim(__class__=<class 'psychopy.visual.text.TextStim'>, alignHoriz=method-wrapper(...), alignText='center', alignVert=method-wrapper(...), anchorHoriz='center', anchorVert='center', antialias=True, autoDraw=False, autoLog=True, bold=False, color=array([1., 1., 1.]), colorSpace='rgb', contrast=1.0, depth=-1.0, flipHoriz=False, flipVert=False, font='Arial', fontFiles=[], height=0.04, italic=False, languageStyle='LTR', name='instrRest_pre', opacity=1.0, ori=0, pos=array([0., 0.]), rgb=UNKNOWN, text=str(...), units='height', win=Window(...), wrapWidth=1)
10.1438 	EXP 	Set  sound=C
10.1551 	EXP 	Set beep_rest_pre_start sound=A
10.1551 	EXP 	Sound beep_rest_pre_start set volume 1.000
10.1581 	EXP 	Created fixation_1 = ShapeStim(__class__=<class 'psychopy.visual.shape.ShapeStim'>, anchor=('center', 'center'), autoDraw=False, autoLog=True, closeShape=True, color=method-wrapper(...), colorSpace='rgb', contrast=None, depth=-1.0, fillColor=array([ 1., -1., -1.]), fillColorSpace='rgb', fillRGB=array([ 1., -1., -1.]), interpolate=True, lineColor=array([ 1., -1., -1.]), lineColorSpace='rgb', lineRGB=array([ 1., -1., -1.]), lineWidth=0.5, name='fixation_1', opacity=0.75, ori=0.0, pos=array([0., 0.]), size=array([0.05, 0.05]), units='height', vertices=ndarray(...), win=Window(...), windingRule=None)
10.1808 	EXP 	Created screenAfterAudio_3 = ImageStim(__class__=<class 'psychopy.visual.image.ImageStim'>, anchor=('center', 'center'), autoLog=True, color=array([1., 1., 1.]), colorSpace='rgb', contrast=1.0, depth=-3.0, flipHoriz=False, flipVert=False, image='images/grayScreen.png', interpolate=True, mask=None, maskParams=None, name='screenAfterAudio_3', opacity=1.0, ori=0.0, pos=array([0., 0.]), size=array([0.5, 0.5]), texRes=128.0, units='height', win=Window(...))
10.1819 	EXP 	Set beep_rest_pre_end sound=A
10.1819 	EXP 	Sound beep_rest_pre_end set volume 1.000
10.2350 	EXP 	Created instr_start_2 = TextStim(__class__=<class 'psychopy.visual.text.TextStim'>, alignHoriz=method-wrapper(...), alignText='center', alignVert=method-wrapper(...), anchorHoriz='center', anchorVert='center', antialias=True, autoDraw=False, autoLog=True, bold=False, color=array([1., 1., 1.]), colorSpace='rgb', contrast=1.0, depth=0.0, flipHoriz=False, flipVert=False, font='Arial', fontFiles=[], height=0.04, italic=False, languageStyle='LTR', name='instr_start_2', opacity=1.0, ori=0, pos=array([0., 0.]), rgb=UNKNOWN, text=str(...), units='height', win=Window(...), wrapWidth=1)
10.2487 	EXP 	Set sound_examples sound=A
10.2487 	EXP 	Sound sound_examples set volume 1.000
10.2505 	EXP 	Created fixation_2 = ShapeStim(__class__=<class 'psychopy.visual.shape.ShapeStim'>, anchor=('center', 'center'), autoDraw=False, autoLog=True, closeShape=True, color=method-wrapper(...), colorSpace='rgb', contrast=None, depth=-1.0, fillColor=array([1, 1, 1]), fillColorSpace='rgb', fillRGB=array([1, 1, 1]), interpolate=True, lineColor=array([1., 1., 1.]), lineColorSpace='rgb', lineRGB=array([1, 1, 1]), lineWidth=0.5, name='fixation_2', opacity=0.75, ori=0.0, pos=array([0., 0.]), size=array([0.05, 0.05]), units='height', vertices=ndarray(...), win=Window(...), windingRule=None)
10.2635 	EXP 	Created screenAfterAudio_2 = ImageStim(__class__=<class 'psychopy.visual.image.ImageStim'>, anchor=('center', 'center'), autoLog=True, color=array([1., 1., 1.]), colorSpace='rgb', contrast=1.0, depth=-3.0, flipHoriz=False, flipVert=False, image='images/grayScreen.png', interpolate=True, mask=None, maskParams=None, name='screenAfterAudio_2', opacity=1.0, ori=0.0, pos=array([0., 0.]), size=array([0.5, 0.5]), texRes=128.0, units='height', win=Window(...))
10.2756 	EXP 	Created blankScreen_2 = ImageStim(__class__=<class 'psychopy.visual.image.ImageStim'>, anchor=('center', 'center'), autoLog=True, color=array([1., 1., 1.]), colorSpace='rgb', contrast=1.0, depth=-4.0, flipHoriz=False, flipVert=False, image='images/grayScreen.png', interpolate=True, mask=None, maskParams=None, name='blankScreen_2', opacity=1.0, ori=0.0, pos=array([0., 0.]), size=array([1920., 1080.]), texRes=128, units='height', win=Window(...))
10.3013 	EXP 	Created call1_2 = ImageStim(__class__=<class 'psychopy.visual.image.ImageStim'>, anchor=('center', 'center'), autoLog=True, color=array([1., 1., 1.]), colorSpace='rgb', contrast=1.0, depth=-5.0, flipHoriz=False, flipVert=False, image='images/adler.png', interpolate=True, mask=None, maskParams=None, name='call1_2', opacity=1.0, ori=0.0, pos=array([-0.4   ,  0.3125]), size=array([0.18, 0.18]), texRes=128, units='height', win=Window(...))
10.3263 	EXP 	Created call2_2 = ImageStim(__class__=<class 'psychopy.visual.image.ImageStim'>, anchor=('center', 'center'), autoLog=True, color=array([1., 1., 1.]), colorSpace='rgb', contrast=1.0, depth=-6.0, flipHoriz=False, flipVert=False, image='images/drossel.png', interpolate=True, mask=None, maskParams=None, name='call2_2', opacity=1.0, ori=0.0, pos=array([-0.4       ,  0.10416667]), size=array([0.18, 0.18]), texRes=128, units='height', win=Window(...))
10.3524 	EXP 	Created call3_2 = ImageStim(__class__=<class 'psychopy.visual.image.ImageStim'>, anchor=('center', 'center'), autoLog=True, color=array([1., 1., 1.]), colorSpace='rgb', contrast=1.0, depth=-7.0, flipHoriz=False, flipVert=False, image='images/kroete.png', interpolate=True, mask=None, maskParams=None, name='call3_2', opacity=1.0, ori=0.0, pos=array([-0.4       , -0.10416667]), size=array([0.18, 0.18]), texRes=128, units='height', win=Window(...))
10.3778 	EXP 	Created call4_2 = ImageStim(__class__=<class 'psychopy.visual.image.ImageStim'>, anchor=('center', 'center'), autoLog=True, color=array([1., 1., 1.]), colorSpace='rgb', contrast=1.0, depth=-8.0, flipHoriz=False, flipVert=False, image='images/tiger.png', interpolate=True, mask=None, maskParams=None, name='call4_2', opacity=1.0, ori=0.0, pos=array([-0.4   , -0.3125]), size=array([0.18, 0.18]), texRes=128, units='height', win=Window(...))
10.3994 	EXP 	Created colour1_2 = ImageStim(__class__=<class 'psychopy.visual.image.ImageStim'>, anchor=('center', 'center'), autoLog=True, color=array([1., 1., 1.]), colorSpace='rgb', contrast=1.0, depth=-9.0, flipHoriz=False, flipVert=False, image='images/gelb.png', interpolate=True, mask=None, maskParams=None, name='colour1_2', opacity=1.0, ori=0.0, pos=array([0.    , 0.3125]), size=array([0.18, 0.18]), texRes=128, units='height', win=Window(...))
10.4176 	EXP 	Created colour2_2 = ImageStim(__class__=<class 'psychopy.visual.image.ImageStim'>, anchor=('center', 'center'), autoLog=True, color=array([1., 1., 1.]), colorSpace='rgb', contrast=1.0, depth=-10.0, flipHoriz=False, flipVert=False, image='images/gruen.png', interpolate=True, mask=None, maskParams=None, name='colour2_2', opacity=1.0, ori=0.0, pos=array([0.        , 0.10416667]), size=array([0.18, 0.18]), texRes=128, units='height', win=Window(...))
10.4360 	EXP 	Created colour3_2 = ImageStim(__class__=<class 'psychopy.visual.image.ImageStim'>, anchor=('center', 'center'), autoLog=True, color=array([1., 1., 1.]), colorSpace='rgb', contrast=1.0, depth=-11.0, flipHoriz=False, flipVert=False, image='images/rot.png', interpolate=True, mask=None, maskParams=None, name='colour3_2', opacity=1.0, ori=0.0, pos=array([ 0.        , -0.10416667]), size=array([0.18, 0.18]), texRes=128, units='height', win=Window(...))
10.4633 	EXP 	Created colour4_2 = ImageStim(__class__=<class 'psychopy.visual.image.ImageStim'>, anchor=('center', 'center'), autoLog=True, color=array([1., 1., 1.]), colorSpace='rgb', contrast=1.0, depth=-12.0, flipHoriz=False, flipVert=False, image='images/weiss.png', interpolate=True, mask=None, maskParams=None, name='colour4_2', opacity=1.0, ori=0.0, pos=array([ 0.    , -0.3125]), size=array([0.18, 0.18]), texRes=128, units='height', win=Window(...))
10.4825 	EXP 	Created number1_2 = ImageStim(__class__=<class 'psychopy.visual.image.ImageStim'>, anchor=('center', 'center'), autoLog=True, color=array([1., 1., 1.]), colorSpace='rgb', contrast=1.0, depth=-13.0, flipHoriz=False, flipVert=False, image='images/1.png', interpolate=True, mask=None, maskParams=None, name='number1_2', opacity=1.0, ori=0.0, pos=array([0.4   , 0.3125]), size=array([0.18, 0.18]), texRes=128, units='height', win=Window(...))
10.5002 	EXP 	Created number2_2 = ImageStim(__class__=<class 'psychopy.visual.image.ImageStim'>, anchor=('center', 'center'), autoLog=True, color=array([1., 1., 1.]), colorSpace='rgb', contrast=1.0, depth=-14.0, flipHoriz=False, flipVert=False, image='images/2.png', interpolate=True, mask=None, maskParams=None, name='number2_2', opacity=1.0, ori=0.0, pos=array([0.4       , 0.10416667]), size=array([0.18, 0.18]), texRes=128, units='height', win=Window(...))
10.5184 	EXP 	Created number3_2 = ImageStim(__class__=<class 'psychopy.visual.image.ImageStim'>, anchor=('center', 'center'), autoLog=True, color=array([1., 1., 1.]), colorSpace='rgb', contrast=1.0, depth=-15.0, flipHoriz=False, flipVert=False, image='images/3.png', interpolate=True, mask=None, maskParams=None, name='number3_2', opacity=1.0, ori=0.0, pos=array([ 0.4       , -0.10416667]), size=array([0.18, 0.18]), texRes=128, units='height', win=Window(...))
10.5362 	EXP 	Created number4_2 = ImageStim(__class__=<class 'psychopy.visual.image.ImageStim'>, anchor=('center', 'center'), autoLog=True, color=array([1., 1., 1.]), colorSpace='rgb', contrast=1.0, depth=-16.0, flipHoriz=False, flipVert=False, image='images/4.png', interpolate=True, mask=None, maskParams=None, name='number4_2', opacity=1.0, ori=0.0, pos=array([ 0.4   , -0.3125]), size=array([0.18, 0.18]), texRes=128, units='height', win=Window(...))
10.5365 	EXP 	window1: mouseVisible = True
10.5366 	EXP 	window1: mouseVisible = True
10.5366 	EXP 	window1: mouseVisible = True
10.5497 	EXP 	Created blankScreenAfterResponse_2 = ImageStim(__class__=<class 'psychopy.visual.image.ImageStim'>, anchor=('center', 'center'), autoLog=True, color=array([1., 1., 1.]), colorSpace='rgb', contrast=1.0, depth=-25.0, flipHoriz=False, flipVert=False, image='images/grayScreen.png', interpolate=True, mask=None, maskParams=None, name='blankScreenAfterResponse_2', opacity=1.0, ori=0.0, pos=array([0., 0.]), size=array([1920., 1080.]), texRes=128, units='height', win=Window(...))
10.5632 	EXP 	Created instrTaskText = TextStim(__class__=<class 'psychopy.visual.text.TextStim'>, alignHoriz=method-wrapper(...), alignText='center', alignVert=method-wrapper(...), anchorHoriz='center', anchorVert='center', antialias=True, autoDraw=False, autoLog=True, bold=False, color=array([1., 1., 1.]), colorSpace='rgb', contrast=1.0, depth=0.0, flipHoriz=False, flipVert=False, font='Arial', fontFiles=[], height=0.04, italic=False, languageStyle='LTR', name='instrTaskText', opacity=1.0, ori=0, pos=array([0., 0.]), rgb=UNKNOWN, text=str(...), units='height', win=Window(...), wrapWidth=1)
10.5685 	EXP 	Created blockStart = TextStim(__class__=<class 'psychopy.visual.text.TextStim'>, alignHoriz=method-wrapper(...), alignText='center', alignVert=method-wrapper(...), anchorHoriz='center', anchorVert='center', antialias=True, autoDraw=False, autoLog=True, bold=False, color=array([1., 1., 1.]), colorSpace='rgb', contrast=1.0, depth=0.0, flipHoriz=False, flipVert=False, font='Arial', fontFiles=[], height=0.04, italic=False, languageStyle='LTR', name='blockStart', opacity=1.0, ori=0, pos=array([0., 0.]), rgb=UNKNOWN, text=str(...), units='height', win=Window(...), wrapWidth=1)
10.5817 	EXP 	Set sound_1 sound=A
10.5817 	EXP 	Sound sound_1 set volume 1.000
10.5835 	EXP 	Created fixation = ShapeStim(__class__=<class 'psychopy.visual.shape.ShapeStim'>, anchor=('center', 'center'), autoDraw=False, autoLog=True, closeShape=True, color=method-wrapper(...), colorSpace='rgb', contrast=None, depth=-2.0, fillColor=array([1, 1, 1]), fillColorSpace='rgb', fillRGB=array([1, 1, 1]), interpolate=True, lineColor=array([1., 1., 1.]), lineColorSpace='rgb', lineRGB=array([1, 1, 1]), lineWidth=0.5, name='fixation', opacity=0.75, ori=0.0, pos=array([0., 0.]), size=array([0.05, 0.05]), units='height', vertices=ndarray(...), win=Window(...), windingRule=None)
10.5960 	EXP 	Created screenAfterAudio = ImageStim(__class__=<class 'psychopy.visual.image.ImageStim'>, anchor=('center', 'center'), autoLog=True, color=array([1., 1., 1.]), colorSpace='rgb', contrast=1.0, depth=-4.0, flipHoriz=False, flipVert=False, image='images/grayScreen.png', interpolate=True, mask=None, maskParams=None, name='screenAfterAudio', opacity=1.0, ori=0.0, pos=array([0., 0.]), size=array([0.5, 0.5]), texRes=128.0, units='height', win=Window(...))
10.6078 	EXP 	Created blankScreen = ImageStim(__class__=<class 'psychopy.visual.image.ImageStim'>, anchor=('center', 'center'), autoLog=True, color=array([1., 1., 1.]), colorSpace='rgb', contrast=1.0, depth=-4.0, flipHoriz=False, flipVert=False, image='images/grayScreen.png', interpolate=True, mask=None, maskParams=None, name='blankScreen', opacity=1.0, ori=0.0, pos=array([0., 0.]), size=array([1920., 1080.]), texRes=128, units='height', win=Window(...))
10.6226 	EXP 	Created call1 = ImageStim(__class__=<class 'psychopy.visual.image.ImageStim'>, anchor=('center', 'center'), autoLog=True, color=array([1., 1., 1.]), colorSpace='rgb', contrast=1.0, depth=-5.0, flipHoriz=False, flipVert=False, image='images/adler.png', interpolate=True, mask=None, maskParams=None, name='call1', opacity=1.0, ori=0.0, pos=array([-0.4   ,  0.3125]), size=array([0.18, 0.18]), texRes=128, units='height', win=Window(...))
10.6372 	EXP 	Created call2 = ImageStim(__class__=<class 'psychopy.visual.image.ImageStim'>, anchor=('center', 'center'), autoLog=True, color=array([1., 1., 1.]), colorSpace='rgb', contrast=1.0, depth=-6.0, flipHoriz=False, flipVert=False, image='images/drossel.png', interpolate=True, mask=None, maskParams=None, name='call2', opacity=1.0, ori=0.0, pos=array([-0.4       ,  0.10416667]), size=array([0.18, 0.18]), texRes=128, units='height', win=Window(...))
10.6516 	EXP 	Created call3 = ImageStim(__class__=<class 'psychopy.visual.image.ImageStim'>, anchor=('center', 'center'), autoLog=True, color=array([1., 1., 1.]), colorSpace='rgb', contrast=1.0, depth=-7.0, flipHoriz=False, flipVert=False, image='images/kroete.png', interpolate=True, mask=None, maskParams=None, name='call3', opacity=1.0, ori=0.0, pos=array([-0.4       , -0.10416667]), size=array([0.18, 0.18]), texRes=128, units='height', win=Window(...))
10.6670 	EXP 	Created call4 = ImageStim(__class__=<class 'psychopy.visual.image.ImageStim'>, anchor=('center', 'center'), autoLog=True, color=array([1., 1., 1.]), colorSpace='rgb', contrast=1.0, depth=-8.0, flipHoriz=False, flipVert=False, image='images/tiger.png', interpolate=True, mask=None, maskParams=None, name='call4', opacity=1.0, ori=0.0, pos=array([-0.4   , -0.3125]), size=array([0.18, 0.18]), texRes=128, units='height', win=Window(...))
10.6803 	EXP 	Created colour1 = ImageStim(__class__=<class 'psychopy.visual.image.ImageStim'>, anchor=('center', 'center'), autoLog=True, color=array([1., 1., 1.]), colorSpace='rgb', contrast=1.0, depth=-9.0, flipHoriz=False, flipVert=False, image='images/gelb.png', interpolate=True, mask=None, maskParams=None, name='colour1', opacity=1.0, ori=0.0, pos=array([0.    , 0.3125]), size=array([0.18, 0.18]), texRes=128, units='height', win=Window(...))
10.6939 	EXP 	Created colour2 = ImageStim(__class__=<class 'psychopy.visual.image.ImageStim'>, anchor=('center', 'center'), autoLog=True, color=array([1., 1., 1.]), colorSpace='rgb', contrast=1.0, depth=-10.0, flipHoriz=False, flipVert=False, image='images/gruen.png', interpolate=True, mask=None, maskParams=None, name='colour2', opacity=1.0, ori=0.0, pos=array([0.        , 0.10416667]), size=array([0.18, 0.18]), texRes=128, units='height', win=Window(...))
10.7079 	EXP 	Created colour3 = ImageStim(__class__=<class 'psychopy.visual.image.ImageStim'>, anchor=('center', 'center'), autoLog=True, color=array([1., 1., 1.]), colorSpace='rgb', contrast=1.0, depth=-11.0, flipHoriz=False, flipVert=False, image='images/rot.png', interpolate=True, mask=None, maskParams=None, name='colour3', opacity=1.0, ori=0.0, pos=array([ 0.        , -0.10416667]), size=array([0.18, 0.18]), texRes=128, units='height', win=Window(...))
10.7280 	EXP 	Created colour4 = ImageStim(__class__=<class 'psychopy.visual.image.ImageStim'>, anchor=('center', 'center'), autoLog=True, color=array([1., 1., 1.]), colorSpace='rgb', contrast=1.0, depth=-12.0, flipHoriz=False, flipVert=False, image='images/weiss.png', interpolate=True, mask=None, maskParams=None, name='colour4', opacity=1.0, ori=0.0, pos=array([ 0.    , -0.3125]), size=array([0.18, 0.18]), texRes=128, units='height', win=Window(...))
10.7435 	EXP 	Created number1 = ImageStim(__class__=<class 'psychopy.visual.image.ImageStim'>, anchor=('center', 'center'), autoLog=True, color=array([1., 1., 1.]), colorSpace='rgb', contrast=1.0, depth=-13.0, flipHoriz=False, flipVert=False, image='images/1.png', interpolate=True, mask=None, maskParams=None, name='number1', opacity=1.0, ori=0.0, pos=array([0.4   , 0.3125]), size=array([0.18, 0.18]), texRes=128, units='height', win=Window(...))
10.7581 	EXP 	Created number2 = ImageStim(__class__=<class 'psychopy.visual.image.ImageStim'>, anchor=('center', 'center'), autoLog=True, color=array([1., 1., 1.]), colorSpace='rgb', contrast=1.0, depth=-14.0, flipHoriz=False, flipVert=False, image='images/2.png', interpolate=True, mask=None, maskParams=None, name='number2', opacity=1.0, ori=0.0, pos=array([0.4       , 0.10416667]), size=array([0.18, 0.18]), texRes=128, units='height', win=Window(...))
10.7720 	EXP 	Created number3 = ImageStim(__class__=<class 'psychopy.visual.image.ImageStim'>, anchor=('center', 'center'), autoLog=True, color=array([1., 1., 1.]), colorSpace='rgb', contrast=1.0, depth=-15.0, flipHoriz=False, flipVert=False, image='images/3.png', interpolate=True, mask=None, maskParams=None, name='number3', opacity=1.0, ori=0.0, pos=array([ 0.4       , -0.10416667]), size=array([0.18, 0.18]), texRes=128, units='height', win=Window(...))
10.7858 	EXP 	Created number4 = ImageStim(__class__=<class 'psychopy.visual.image.ImageStim'>, anchor=('center', 'center'), autoLog=True, color=array([1., 1., 1.]), colorSpace='rgb', contrast=1.0, depth=-16.0, flipHoriz=False, flipVert=False, image='images/4.png', interpolate=True, mask=None, maskParams=None, name='number4', opacity=1.0, ori=0.0, pos=array([ 0.4   , -0.3125]), size=array([0.18, 0.18]), texRes=128, units='height', win=Window(...))
10.7859 	EXP 	window1: mouseVisible = True
10.7859 	EXP 	window1: mouseVisible = True
10.7859 	EXP 	window1: mouseVisible = True
10.8048 	EXP 	Created blankScreenAfterResponse = ImageStim(__class__=<class 'psychopy.visual.image.ImageStim'>, anchor=('center', 'center'), autoLog=True, color=array([1., 1., 1.]), colorSpace='rgb', contrast=1.0, depth=-25.0, flipHoriz=False, flipVert=False, image='images/blankScreen.png', interpolate=True, mask=None, maskParams=None, name='blankScreenAfterResponse', opacity=1.0, ori=0.0, pos=array([0., 0.]), size=array([1920., 1080.]), texRes=128, units='height', win=Window(...))
10.8071 	EXP 	Created blockEnds = TextStim(__class__=<class 'psychopy.visual.text.TextStim'>, alignHoriz=method-wrapper(...), alignText='center', alignVert=method-wrapper(...), anchorHoriz='center', anchorVert='center', antialias=True, autoDraw=False, autoLog=True, bold=False, color=array([1., 1., 1.]), colorSpace='rgb', contrast=1.0, depth=0.0, flipHoriz=False, flipVert=False, font='Arial', fontFiles=[], height=0.04, italic=False, languageStyle='LTR', name='blockEnds', opacity=1.0, ori=0, pos=array([0., 0.]), rgb=UNKNOWN, text='Klar', units='height', win=Window(...), wrapWidth=1)
10.8274 	EXP 	Created instrRest_post = TextStim(__class__=<class 'psychopy.visual.text.TextStim'>, alignHoriz=method-wrapper(...), alignText='center', alignVert=method-wrapper(...), anchorHoriz='center', anchorVert='center', antialias=True, autoDraw=False, autoLog=True, bold=False, color=array([1., 1., 1.]), colorSpace='rgb', contrast=1.0, depth=0.0, flipHoriz=False, flipVert=False, font='Arial', fontFiles=[], height=0.04, italic=False, languageStyle='LTR', name='instrRest_post', opacity=1.0, ori=0, pos=array([0., 0.]), rgb=UNKNOWN, text=str(...), units='height', win=Window(...), wrapWidth=1)
10.8291 	EXP 	Set beep_rest_post_start sound=A
10.8291 	EXP 	Sound beep_rest_post_start set volume 1.000
10.8306 	EXP 	Created fixation_3 = ShapeStim(__class__=<class 'psychopy.visual.shape.ShapeStim'>, anchor=('center', 'center'), autoDraw=False, autoLog=True, closeShape=True, color=method-wrapper(...), colorSpace='rgb', contrast=None, depth=-1.0, fillColor=array([ 1., -1., -1.]), fillColorSpace='rgb', fillRGB=array([ 1., -1., -1.]), interpolate=True, lineColor=array([ 1., -1., -1.]), lineColorSpace='rgb', lineRGB=array([ 1., -1., -1.]), lineWidth=0.5, name='fixation_3', opacity=0.75, ori=0.0, pos=array([0., 0.]), size=array([0.05, 0.05]), units='height', vertices=ndarray(...), win=Window(...), windingRule=None)
10.8435 	EXP 	Created screenAfterAudio_4 = ImageStim(__class__=<class 'psychopy.visual.image.ImageStim'>, anchor=('center', 'center'), autoLog=True, color=array([1., 1., 1.]), colorSpace='rgb', contrast=1.0, depth=-3.0, flipHoriz=False, flipVert=False, image='images/grayScreen.png', interpolate=True, mask=None, maskParams=None, name='screenAfterAudio_4', opacity=1.0, ori=0.0, pos=array([0., 0.]), size=array([0.5, 0.5]), texRes=128.0, units='height', win=Window(...))
10.8448 	EXP 	Set beep_rest_post_end sound=A
10.8448 	EXP 	Sound beep_rest_post_end set volume 1.000
10.8520 	EXP 	Created thanksText_end = TextStim(__class__=<class 'psychopy.visual.text.TextStim'>, alignHoriz=method-wrapper(...), alignText='center', alignVert=method-wrapper(...), anchorHoriz='center', anchorVert='center', antialias=True, autoDraw=False, autoLog=True, bold=False, color=array([1., 1., 1.]), colorSpace='rgb', contrast=1.0, depth=0.0, flipHoriz=False, flipVert=False, font='Arial', fontFiles=[], height=0.04, italic=False, languageStyle='LTR', name='thanksText_end', opacity=1.0, ori=0, pos=array([0., 0.]), rgb=UNKNOWN, text=str(...), units='height', win=Window(...), wrapWidth=1)
10.8521 	EXP 	window1: mouseVisible = False
10.8659 	EXP 	instr_start: autoDraw = True
11.2331 	EXP 	window1: mouseVisible = False
11.2348 	DATA 	Keypress: space
11.2489 	EXP 	instr_start: autoDraw = False
11.2489 	EXP 	instrRest_pre: autoDraw = True
11.7197 	EXP 	Set beep_rest_pre_start sound=click_beep.wav
11.7197 	EXP 	window1: mouseVisible = False
11.7228 	EXP 	Set beep_rest_pre_end sound=click_beep.wav
11.7235 	EXP 	Sound beep_rest_pre_start started
11.7255 	DATA 	Keypress: space
11.7295 	EXP 	instrRest_pre: autoDraw = False
11.7295 	EXP 	fixation_1: autoDraw = True
12.7166 	EXP 	Sound beep_rest_pre_start stopped
13.7180 	EXP 	Sound beep_rest_pre_end started
13.7344 	EXP 	fixation_1: autoDraw = False
13.7344 	EXP 	screenAfterAudio_3: autoDraw = True
13.7344 	EXP 	screenAfterAudio_3: autoDraw = False
14.7180 	EXP 	Sound beep_rest_pre_end stopped
14.7183 	EXP 	Sound beep_rest_pre_start stopped
14.7183 	EXP 	Sound beep_rest_pre_end stopped
14.7184 	EXP 	window1: mouseVisible = False
14.7352 	EXP 	fixation_1: autoDraw = False
14.7352 	EXP 	screenAfterAudio_3: autoDraw = False
14.7352 	EXP 	instr_start_2: autoDraw = True
15.0963 	EXP 	Imported Example_list.csv as conditions, 4 conditions, 4 params
15.0966 	EXP 	Created sequence: random, trialTypes=4, nReps=1, seed=None
15.0968 	EXP 	New trial (rep=0, index=0): OrderedDict([('audiofile', 'audio/SiSSN_DE_Neural2-D_Kr-we-Dr_-2.5db.wav'), ('callSign', 'Kr'), ('colour', 'we'), ('number', 'Dr')])
15.1477 	EXP 	Set sound_examples sound=audio/SiSSN_DE_Neural2-D_Kr-we-Dr_-2.5db.wav
15.1477 	EXP 	window1: mouseVisible = False
15.1484 	EXP 	Sound sound_examples started
15.1501 	DATA 	Keypress: space
15.1657 	EXP 	instr_start_2: autoDraw = False
15.1657 	EXP 	fixation_2: autoDraw = True
20.4875 	EXP 	Sound sound_examples stopped
20.5337 	EXP 	window1: mouseVisible = False
20.5538 	EXP 	fixation_2: autoDraw = False
20.5538 	EXP 	screenAfterAudio_2: autoDraw = True
20.5538 	EXP 	screenAfterAudio_2: autoDraw = False
20.5538 	EXP 	fixation_2: autoDraw = False
20.5538 	EXP 	screenAfterAudio_2: autoDraw = False
20.5538 	EXP 	call1_2: texRes = 128
20.5538 	EXP 	call2_2: texRes = 128
20.5538 	EXP 	call3_2: texRes = 128
20.5538 	EXP 	call4_2: texRes = 128
20.5538 	EXP 	colour1_2: texRes = 128
20.5538 	EXP 	colour2_2: texRes = 128
20.5538 	EXP 	colour3_2: texRes = 128
20.5538 	EXP 	colour4_2: texRes = 128
20.5538 	EXP 	number1_2: texRes = 128
20.5538 	EXP 	number2_2: texRes = 128
20.5538 	EXP 	number3_2: texRes = 128
20.5538 	EXP 	number4_2: texRes = 128
20.5538 	EXP 	blankScreen_2: autoDraw = True
20.5540 	EXP 	window1: mouseVisible = False
20.5705 	EXP 	window1: mouseVisible = False
20.5878 	EXP 	window1: mouseVisible = False
20.6034 	EXP 	window1: mouseVisible = False
20.6206 	EXP 	window1: mouseVisible = False
20.6370 	EXP 	window1: mouseVisible = False
20.6549 	EXP 	window1: mouseVisible = False
20.6702 	EXP 	window1: mouseVisible = False
20.6876 	EXP 	window1: mouseVisible = False
20.7037 	EXP 	window1: mouseVisible = False
20.7210 	EXP 	window1: mouseVisible = False
20.7370 	EXP 	window1: mouseVisible = False
20.7542 	EXP 	window1: mouseVisible = False
20.7712 	EXP 	window1: mouseVisible = False
20.7871 	EXP 	window1: mouseVisible = False
20.8051 	EXP 	window1: mouseVisible = False
20.8204 	EXP 	window1: mouseVisible = False
20.8375 	EXP 	window1: mouseVisible = False
20.8543 	EXP 	window1: mouseVisible = False
20.8705 	EXP 	window1: mouseVisible = False
20.8871 	EXP 	window1: mouseVisible = False
20.9039 	EXP 	window1: mouseVisible = False
20.9206 	EXP 	window1: mouseVisible = False
20.9372 	EXP 	window1: mouseVisible = False
20.9539 	EXP 	window1: mouseVisible = False
20.9706 	EXP 	window1: mouseVisible = False
20.9871 	EXP 	window1: mouseVisible = False
21.0039 	EXP 	window1: mouseVisible = False
21.0206 	EXP 	window1: mouseVisible = False
21.0377 	EXP 	window1: mouseVisible = False
21.0541 	EXP 	window1: mouseVisible = False
21.0707 	EXP 	window1: mouseVisible = False
21.0873 	EXP 	window1: mouseVisible = False
21.1039 	EXP 	window1: mouseVisible = False
21.1206 	EXP 	window1: mouseVisible = False
21.1374 	EXP 	window1: mouseVisible = False
21.1547 	EXP 	window1: mouseVisible = False
21.1707 	EXP 	window1: mouseVisible = False
21.1874 	EXP 	window1: mouseVisible = False
21.2041 	EXP 	window1: mouseVisible = False
21.2207 	EXP 	window1: mouseVisible = False
21.2375 	EXP 	window1: mouseVisible = False
21.2541 	EXP 	window1: mouseVisible = False
21.2709 	EXP 	window1: mouseVisible = False
21.2876 	EXP 	window1: mouseVisible = False
21.3049 	EXP 	window1: mouseVisible = False
21.3208 	EXP 	window1: mouseVisible = False
21.3376 	EXP 	window1: mouseVisible = False
21.3544 	EXP 	window1: mouseVisible = False
21.3708 	EXP 	window1: mouseVisible = False
21.3877 	EXP 	window1: mouseVisible = False
21.4043 	EXP 	window1: mouseVisible = False
21.4213 	EXP 	window1: mouseVisible = False
21.4378 	EXP 	window1: mouseVisible = False
21.4547 	EXP 	window1: mouseVisible = False
21.4709 	EXP 	window1: mouseVisible = False
21.4878 	EXP 	window1: mouseVisible = False
21.5044 	EXP 	window1: mouseVisible = False
21.5210 	EXP 	window1: mouseVisible = False
21.5377 	EXP 	window1: mouseVisible = False
21.5543 	EXP 	blankScreen_2: autoDraw = False
21.5543 	EXP 	call1_2: autoDraw = True
21.5543 	EXP 	call2_2: autoDraw = True
21.5543 	EXP 	call3_2: autoDraw = True
21.5543 	EXP 	call4_2: autoDraw = True
21.5543 	EXP 	colour1_2: autoDraw = True
21.5543 	EXP 	colour2_2: autoDraw = True
21.5543 	EXP 	colour3_2: autoDraw = True
21.5543 	EXP 	colour4_2: autoDraw = True
21.5543 	EXP 	number1_2: autoDraw = True
21.5543 	EXP 	number2_2: autoDraw = True
21.5543 	EXP 	number3_2: autoDraw = True
21.5543 	EXP 	number4_2: autoDraw = True
21.5545 	EXP 	window1: mouseVisible = False
21.5548 	EXP 	window1: mouseVisible = True
21.5717 	EXP 	window1: mouseVisible = False
21.5721 	EXP 	window1: mouseVisible = True
21.5878 	EXP 	window1: mouseVisible = False
21.5881 	EXP 	window1: mouseVisible = True
21.6047 	EXP 	window1: mouseVisible = False
21.6051 	EXP 	window1: mouseVisible = True
21.6214 	EXP 	window1: mouseVisible = False
21.6216 	EXP 	window1: mouseVisible = True
21.6378 	EXP 	window1: mouseVisible = False
21.6379 	EXP 	window1: mouseVisible = True
21.6546 	EXP 	window1: mouseVisible = False
21.6549 	EXP 	window1: mouseVisible = True
21.6714 	EXP 	window1: mouseVisible = False
21.6718 	EXP 	window1: mouseVisible = True
21.6880 	EXP 	window1: mouseVisible = False
21.6883 	EXP 	window1: mouseVisible = True
21.7045 	EXP 	window1: mouseVisible = False
21.7047 	EXP 	window1: mouseVisible = True
21.7215 	EXP 	window1: mouseVisible = False
21.7217 	EXP 	window1: mouseVisible = True
21.7379 	EXP 	window1: mouseVisible = False
21.7381 	EXP 	window1: mouseVisible = True
21.7545 	EXP 	window1: mouseVisible = False
21.7547 	EXP 	window1: mouseVisible = True
21.7714 	EXP 	window1: mouseVisible = False
21.7716 	EXP 	window1: mouseVisible = True
21.7880 	EXP 	window1: mouseVisible = False
21.7882 	EXP 	window1: mouseVisible = True
21.8047 	EXP 	window1: mouseVisible = False
21.8049 	EXP 	window1: mouseVisible = True
21.8213 	EXP 	window1: mouseVisible = False
21.8215 	EXP 	window1: mouseVisible = True
21.8382 	EXP 	window1: mouseVisible = False
21.8385 	EXP 	window1: mouseVisible = True
21.8547 	EXP 	window1: mouseVisible = False
21.8549 	EXP 	window1: mouseVisible = True
21.8716 	EXP 	window1: mouseVisible = False
21.8719 	EXP 	window1: mouseVisible = True
21.8884 	EXP 	window1: mouseVisible = False
21.8885 	EXP 	window1: mouseVisible = True
21.9047 	EXP 	window1: mouseVisible = False
21.9049 	EXP 	window1: mouseVisible = True
21.9214 	EXP 	window1: mouseVisible = False
21.9216 	EXP 	window1: mouseVisible = True
21.9381 	EXP 	window1: mouseVisible = False
21.9383 	EXP 	window1: mouseVisible = True
21.9548 	EXP 	window1: mouseVisible = False
21.9550 	EXP 	window1: mouseVisible = True
21.9715 	EXP 	window1: mouseVisible = False
21.9716 	EXP 	window1: mouseVisible = True
21.9882 	EXP 	window1: mouseVisible = False
21.9884 	EXP 	window1: mouseVisible = True
22.0050 	EXP 	window1: mouseVisible = False
22.0052 	EXP 	window1: mouseVisible = True
22.0216 	EXP 	window1: mouseVisible = False
22.0217 	EXP 	window1: mouseVisible = True
22.0383 	EXP 	window1: mouseVisible = False
22.0384 	EXP 	window1: mouseVisible = True
22.0548 	EXP 	window1: mouseVisible = False
22.0550 	EXP 	window1: mouseVisible = True
22.0715 	EXP 	window1: mouseVisible = False
22.0717 	EXP 	window1: mouseVisible = True
22.0883 	EXP 	window1: mouseVisible = False
22.0885 	EXP 	window1: mouseVisible = True
22.1051 	EXP 	window1: mouseVisible = False
22.1053 	EXP 	window1: mouseVisible = True
22.1215 	EXP 	window1: mouseVisible = False
22.1217 	EXP 	window1: mouseVisible = True
22.1385 	EXP 	window1: mouseVisible = False
22.1387 	EXP 	window1: mouseVisible = True
22.1552 	EXP 	window1: mouseVisible = False
22.1557 	EXP 	window1: mouseVisible = True
22.1717 	EXP 	window1: mouseVisible = False
22.1718 	EXP 	window1: mouseVisible = True
22.1882 	EXP 	window1: mouseVisible = False
22.1884 	EXP 	window1: mouseVisible = True
22.2050 	EXP 	window1: mouseVisible = False
22.2052 	EXP 	window1: mouseVisible = True
22.2217 	EXP 	window1: mouseVisible = False
22.2219 	EXP 	window1: mouseVisible = True
22.2383 	EXP 	window1: mouseVisible = False
22.2385 	EXP 	window1: mouseVisible = True
22.2552 	EXP 	window1: mouseVisible = False
22.2554 	EXP 	window1: mouseVisible = True
22.2719 	EXP 	window1: mouseVisible = False
22.2720 	EXP 	window1: mouseVisible = True
22.2884 	EXP 	window1: mouseVisible = False
22.2886 	EXP 	window1: mouseVisible = True
22.3052 	EXP 	window1: mouseVisible = False
22.3053 	EXP 	window1: mouseVisible = True
22.3217 	EXP 	window1: mouseVisible = False
22.3219 	EXP 	window1: mouseVisible = True
22.3386 	EXP 	window1: mouseVisible = False
22.3388 	EXP 	window1: mouseVisible = True
22.3551 	EXP 	window1: mouseVisible = False
22.3553 	EXP 	window1: mouseVisible = True
22.3720 	EXP 	window1: mouseVisible = False
22.3723 	EXP 	window1: mouseVisible = True
22.3886 	EXP 	window1: mouseVisible = False
22.3889 	EXP 	window1: mouseVisible = True
22.4055 	EXP 	window1: mouseVisible = False
22.4059 	EXP 	window1: mouseVisible = True
22.4082 	DATA 	Mouse: Left button down, pos=(759,535)
22.4219 	EXP 	window1: mouseVisible = False
22.4222 	EXP 	window1: mouseVisible = True
22.4552 	EXP 	call1_2: texRes = 128
22.4552 	EXP 	call2_2: texRes = 128
22.4552 	EXP 	call4_2: texRes = 128
22.4554 	EXP 	window1: mouseVisible = False
22.4556 	EXP 	window1: mouseVisible = True
22.4718 	EXP 	window1: mouseVisible = False
22.4720 	EXP 	window1: mouseVisible = True
22.4886 	EXP 	window1: mouseVisible = False
22.4887 	EXP 	window1: mouseVisible = True
22.5051 	EXP 	window1: mouseVisible = False
22.5053 	EXP 	window1: mouseVisible = True
22.5055 	DATA 	Mouse:  Left button up, pos=(760,535)
22.5227 	EXP 	window1: mouseVisible = False
22.5229 	EXP 	window1: mouseVisible = True
22.5388 	EXP 	window1: mouseVisible = False
22.5390 	EXP 	window1: mouseVisible = True
22.5552 	EXP 	window1: mouseVisible = False
22.5554 	EXP 	window1: mouseVisible = True
22.5725 	EXP 	window1: mouseVisible = False
22.5726 	EXP 	window1: mouseVisible = True
22.5892 	EXP 	window1: mouseVisible = False
22.5895 	EXP 	window1: mouseVisible = True
22.6057 	EXP 	window1: mouseVisible = False
22.6062 	EXP 	window1: mouseVisible = True
22.6223 	EXP 	window1: mouseVisible = False
22.6227 	EXP 	window1: mouseVisible = True
22.6389 	EXP 	window1: mouseVisible = False
22.6393 	EXP 	window1: mouseVisible = True
22.6553 	EXP 	window1: mouseVisible = False
22.6556 	EXP 	window1: mouseVisible = True
22.6721 	EXP 	window1: mouseVisible = False
22.6723 	EXP 	window1: mouseVisible = True
22.6889 	EXP 	window1: mouseVisible = False
22.6891 	EXP 	window1: mouseVisible = True
22.7055 	EXP 	window1: mouseVisible = False
22.7058 	EXP 	window1: mouseVisible = True
22.7221 	EXP 	window1: mouseVisible = False
22.7223 	EXP 	window1: mouseVisible = True
22.7387 	EXP 	window1: mouseVisible = False
22.7388 	EXP 	window1: mouseVisible = True
22.7557 	EXP 	window1: mouseVisible = False
22.7559 	EXP 	window1: mouseVisible = True
22.7722 	EXP 	window1: mouseVisible = False
22.7725 	EXP 	window1: mouseVisible = True
22.7890 	EXP 	window1: mouseVisible = False
22.7891 	EXP 	window1: mouseVisible = True
22.8060 	EXP 	window1: mouseVisible = False
22.8062 	EXP 	window1: mouseVisible = True
22.8223 	EXP 	window1: mouseVisible = False
22.8225 	EXP 	window1: mouseVisible = True
22.8392 	EXP 	window1: mouseVisible = False
22.8394 	EXP 	window1: mouseVisible = True
22.8557 	EXP 	window1: mouseVisible = False
22.8559 	EXP 	window1: mouseVisible = True
22.8724 	EXP 	window1: mouseVisible = False
22.8727 	EXP 	window1: mouseVisible = True
22.8889 	EXP 	window1: mouseVisible = False
22.8891 	EXP 	window1: mouseVisible = True
22.8915 	DATA 	Mouse: Left button down, pos=(1183,550)
22.9062 	EXP 	window1: mouseVisible = False
22.9064 	EXP 	window1: mouseVisible = True
22.9389 	EXP 	colour1_2: texRes = 128
22.9389 	EXP 	colour2_2: texRes = 128
22.9389 	EXP 	colour4_2: texRes = 128
22.9391 	EXP 	window1: mouseVisible = False
22.9393 	EXP 	window1: mouseVisible = True
22.9560 	EXP 	window1: mouseVisible = False
22.9562 	EXP 	window1: mouseVisible = True
22.9722 	EXP 	window1: mouseVisible = False
22.9724 	EXP 	window1: mouseVisible = True
22.9726 	DATA 	Mouse:  Left button up, pos=(1183,550)
22.9894 	EXP 	window1: mouseVisible = False
22.9895 	EXP 	window1: mouseVisible = True
23.0057 	EXP 	window1: mouseVisible = False
23.0058 	EXP 	window1: mouseVisible = True
23.0228 	EXP 	window1: mouseVisible = False
23.0231 	EXP 	window1: mouseVisible = True
23.0390 	EXP 	window1: mouseVisible = False
23.0392 	EXP 	window1: mouseVisible = True
23.0558 	EXP 	window1: mouseVisible = False
23.0560 	EXP 	window1: mouseVisible = True
23.0725 	EXP 	window1: mouseVisible = False
23.0727 	EXP 	window1: mouseVisible = True
23.0891 	EXP 	window1: mouseVisible = False
23.0892 	EXP 	window1: mouseVisible = True
23.1059 	EXP 	window1: mouseVisible = False
23.1062 	EXP 	window1: mouseVisible = True
23.1227 	EXP 	window1: mouseVisible = False
23.1229 	EXP 	window1: mouseVisible = True
23.1393 	EXP 	window1: mouseVisible = False
23.1397 	EXP 	window1: mouseVisible = True
23.1558 	EXP 	window1: mouseVisible = False
23.1560 	EXP 	window1: mouseVisible = True
23.1727 	EXP 	window1: mouseVisible = False
23.1730 	EXP 	window1: mouseVisible = True
23.1894 	EXP 	window1: mouseVisible = False
23.1897 	EXP 	window1: mouseVisible = True
23.2060 	EXP 	window1: mouseVisible = False
23.2064 	EXP 	window1: mouseVisible = True
23.2229 	EXP 	window1: mouseVisible = False
23.2231 	EXP 	window1: mouseVisible = True
23.2392 	EXP 	window1: mouseVisible = False
23.2394 	EXP 	window1: mouseVisible = True
23.2559 	EXP 	window1: mouseVisible = False
23.2561 	EXP 	window1: mouseVisible = True
23.2725 	EXP 	window1: mouseVisible = False
23.2727 	EXP 	window1: mouseVisible = True
23.2895 	EXP 	window1: mouseVisible = False
23.2897 	EXP 	window1: mouseVisible = True
23.3059 	EXP 	window1: mouseVisible = False
23.3060 	EXP 	window1: mouseVisible = True
23.3227 	EXP 	window1: mouseVisible = False
23.3229 	EXP 	window1: mouseVisible = True
23.3395 	EXP 	window1: mouseVisible = False
23.3397 	EXP 	window1: mouseVisible = True
23.3559 	EXP 	window1: mouseVisible = False
23.3562 	EXP 	window1: mouseVisible = True
23.3726 	EXP 	window1: mouseVisible = False
23.3729 	EXP 	window1: mouseVisible = True
23.3893 	EXP 	window1: mouseVisible = False
23.3896 	EXP 	window1: mouseVisible = True
23.4061 	EXP 	window1: mouseVisible = False
23.4063 	EXP 	window1: mouseVisible = True
23.4227 	EXP 	window1: mouseVisible = False
23.4231 	EXP 	window1: mouseVisible = True
23.4398 	EXP 	window1: mouseVisible = False
23.4402 	EXP 	window1: mouseVisible = True
23.4572 	EXP 	window1: mouseVisible = False
23.4575 	EXP 	window1: mouseVisible = True
23.4727 	EXP 	window1: mouseVisible = False
23.4729 	EXP 	window1: mouseVisible = True
23.4897 	EXP 	window1: mouseVisible = False
23.4899 	EXP 	window1: mouseVisible = True
23.4902 	DATA 	Mouse: Left button down, pos=(1874,581)
23.5029 	EXP 	New trial (rep=0, index=1): OrderedDict([('audiofile', 'audio/NV_DE_Neural2-D_Dr-we-Ei_0.9p.wav'), ('callSign', 'Dr'), ('colour', 'we'), ('number', 'Ei')])
23.5455 	EXP 	Set sound_examples sound=audio/NV_DE_Neural2-D_Dr-we-Ei_0.9p.wav
23.5456 	EXP 	window1: mouseVisible = False
23.5463 	EXP 	Sound sound_examples started
23.5478 	DATA 	Mouse:  Left button up, pos=(1872,581)
23.5561 	EXP 	number1_2: texRes = 128
23.5561 	EXP 	number2_2: texRes = 128
23.5561 	EXP 	number4_2: texRes = 128
23.5561 	EXP 	blankScreen_2: autoDraw = False
23.5561 	EXP 	call1_2: autoDraw = False
23.5561 	EXP 	call2_2: autoDraw = False
23.5561 	EXP 	call3_2: autoDraw = False
23.5561 	EXP 	call4_2: autoDraw = False
23.5561 	EXP 	colour1_2: autoDraw = False
23.5561 	EXP 	colour2_2: autoDraw = False
23.5561 	EXP 	colour3_2: autoDraw = False
23.5561 	EXP 	colour4_2: autoDraw = False
23.5561 	EXP 	number1_2: autoDraw = False
23.5561 	EXP 	number2_2: autoDraw = False
23.5561 	EXP 	number3_2: autoDraw = False
23.5561 	EXP 	number4_2: autoDraw = False
23.5561 	EXP 	blankScreenAfterResponse_2: autoDraw = False
23.5561 	EXP 	fixation_2: autoDraw = True
26.3933 	DATA 	Mouse: Left button down, pos=(1452,392)
26.5267 	DATA 	Mouse:  Left button up, pos=(1452,392)
29.0285 	EXP 	Sound sound_examples stopped
29.0721 	EXP 	window1: mouseVisible = False
29.0795 	EXP 	fixation_2: autoDraw = False
29.0795 	EXP 	screenAfterAudio_2: autoDraw = True
29.0795 	EXP 	screenAfterAudio_2: autoDraw = False
29.0795 	EXP 	fixation_2: autoDraw = False
29.0795 	EXP 	screenAfterAudio_2: autoDraw = False
29.0795 	EXP 	call1_2: texRes = 128
29.0795 	EXP 	call2_2: texRes = 128
29.0795 	EXP 	call3_2: texRes = 128
29.0795 	EXP 	call4_2: texRes = 128
29.0795 	EXP 	colour1_2: texRes = 128
29.0795 	EXP 	colour2_2: texRes = 128
29.0795 	EXP 	colour3_2: texRes = 128
29.0795 	EXP 	colour4_2: texRes = 128
29.0795 	EXP 	number1_2: texRes = 128
29.0795 	EXP 	number2_2: texRes = 128
29.0795 	EXP 	number3_2: texRes = 128
29.0795 	EXP 	number4_2: texRes = 128
29.0795 	EXP 	blankScreen_2: autoDraw = True
29.0797 	EXP 	window1: mouseVisible = False
29.0999 	EXP 	window1: mouseVisible = False
29.1163 	EXP 	window1: mouseVisible = False
29.1332 	EXP 	window1: mouseVisible = False
29.1499 	EXP 	window1: mouseVisible = False
29.1669 	EXP 	window1: mouseVisible = False
29.1831 	EXP 	window1: mouseVisible = False
29.2000 	EXP 	window1: mouseVisible = False
29.2165 	EXP 	window1: mouseVisible = False
29.2332 	EXP 	window1: mouseVisible = False
29.2501 	EXP 	window1: mouseVisible = False
29.2671 	EXP 	window1: mouseVisible = False
29.2833 	EXP 	window1: mouseVisible = False
29.3003 	EXP 	window1: mouseVisible = False
29.3167 	EXP 	window1: mouseVisible = False
29.3335 	EXP 	window1: mouseVisible = False
29.3497 	EXP 	window1: mouseVisible = False
29.3665 	EXP 	window1: mouseVisible = False
29.3835 	EXP 	window1: mouseVisible = False
29.4005 	EXP 	window1: mouseVisible = False
29.4168 	EXP 	window1: mouseVisible = False
29.4333 	EXP 	window1: mouseVisible = False
29.4506 	EXP 	window1: mouseVisible = False
29.4665 	EXP 	window1: mouseVisible = False
29.4836 	EXP 	window1: mouseVisible = False
29.5006 	EXP 	window1: mouseVisible = False
29.5166 	EXP 	window1: mouseVisible = False
29.5337 	EXP 	window1: mouseVisible = False
29.5501 	EXP 	window1: mouseVisible = False
29.5667 	EXP 	window1: mouseVisible = False
29.5838 	EXP 	window1: mouseVisible = False
29.6000 	EXP 	window1: mouseVisible = False
29.6175 	EXP 	window1: mouseVisible = False
29.6337 	EXP 	window1: mouseVisible = False
29.6509 	EXP 	window1: mouseVisible = False
29.6673 	EXP 	window1: mouseVisible = False
29.6839 	EXP 	window1: mouseVisible = False
29.7004 	EXP 	window1: mouseVisible = False
29.7172 	EXP 	window1: mouseVisible = False
29.7340 	EXP 	window1: mouseVisible = False
29.7504 	EXP 	window1: mouseVisible = False
29.7672 	EXP 	window1: mouseVisible = False
29.7842 	EXP 	window1: mouseVisible = False
29.8011 	EXP 	window1: mouseVisible = False
29.8172 	EXP 	window1: mouseVisible = False
29.8336 	EXP 	window1: mouseVisible = False
29.8506 	EXP 	window1: mouseVisible = False
29.8673 	EXP 	window1: mouseVisible = False
29.8837 	EXP 	window1: mouseVisible = False
29.9004 	EXP 	window1: mouseVisible = False
29.9170 	EXP 	window1: mouseVisible = False
29.9340 	EXP 	window1: mouseVisible = False
29.9503 	EXP 	window1: mouseVisible = False
29.9669 	EXP 	window1: mouseVisible = False
29.9837 	EXP 	window1: mouseVisible = False
30.0009 	EXP 	window1: mouseVisible = False
30.0170 	EXP 	window1: mouseVisible = False
30.0339 	EXP 	window1: mouseVisible = False
30.0504 	EXP 	window1: mouseVisible = False
30.0677 	EXP 	window1: mouseVisible = False
30.0949 	EXP 	blankScreen_2: autoDraw = False
30.0949 	EXP 	call1_2: autoDraw = True
30.0949 	EXP 	call2_2: autoDraw = True
30.0949 	EXP 	call3_2: autoDraw = True
30.0949 	EXP 	call4_2: autoDraw = True
30.0949 	EXP 	colour1_2: autoDraw = True
30.0949 	EXP 	colour2_2: autoDraw = True
30.0949 	EXP 	colour3_2: autoDraw = True
30.0949 	EXP 	colour4_2: autoDraw = True
30.0949 	EXP 	number1_2: autoDraw = True
30.0949 	EXP 	number2_2: autoDraw = True
30.0949 	EXP 	number3_2: autoDraw = True
30.0949 	EXP 	number4_2: autoDraw = True
30.0951 	EXP 	window1: mouseVisible = False
30.0954 	EXP 	window1: mouseVisible = True
30.1125 	EXP 	window1: mouseVisible = False
30.1129 	EXP 	window1: mouseVisible = True
30.1285 	EXP 	window1: mouseVisible = False
30.1288 	EXP 	window1: mouseVisible = True
30.1458 	EXP 	window1: mouseVisible = False
30.1462 	EXP 	window1: mouseVisible = True
30.1623 	EXP 	window1: mouseVisible = False
30.1626 	EXP 	window1: mouseVisible = True
30.1788 	EXP 	window1: mouseVisible = False
30.1792 	EXP 	window1: mouseVisible = True
30.1958 	EXP 	window1: mouseVisible = False
30.1962 	EXP 	window1: mouseVisible = True
30.2123 	EXP 	window1: mouseVisible = False
30.2125 	EXP 	window1: mouseVisible = True
30.2285 	EXP 	window1: mouseVisible = False
30.2286 	EXP 	window1: mouseVisible = True
30.2452 	EXP 	window1: mouseVisible = False
30.2453 	EXP 	window1: mouseVisible = True
30.2620 	EXP 	window1: mouseVisible = False
30.2623 	EXP 	window1: mouseVisible = True
30.2787 	EXP 	window1: mouseVisible = False
30.2791 	EXP 	window1: mouseVisible = True
30.2954 	EXP 	window1: mouseVisible = False
30.2957 	EXP 	window1: mouseVisible = True
30.3122 	EXP 	window1: mouseVisible = False
30.3126 	EXP 	window1: mouseVisible = True
30.3289 	EXP 	window1: mouseVisible = False
30.3294 	EXP 	window1: mouseVisible = True
30.3454 	EXP 	window1: mouseVisible = False
30.3456 	EXP 	window1: mouseVisible = True
30.3623 	EXP 	window1: mouseVisible = False
30.3627 	EXP 	window1: mouseVisible = True
30.3789 	EXP 	window1: mouseVisible = False
30.3792 	EXP 	window1: mouseVisible = True
30.3954 	EXP 	window1: mouseVisible = False
30.3957 	EXP 	window1: mouseVisible = True
30.4121 	EXP 	window1: mouseVisible = False
30.4123 	EXP 	window1: mouseVisible = True
30.4287 	EXP 	window1: mouseVisible = False
30.4290 	EXP 	window1: mouseVisible = True
30.4456 	EXP 	window1: mouseVisible = False
30.4459 	EXP 	window1: mouseVisible = True
30.4622 	EXP 	window1: mouseVisible = False
30.4624 	EXP 	window1: mouseVisible = True
30.4790 	EXP 	window1: mouseVisible = False
30.4793 	EXP 	window1: mouseVisible = True
30.4955 	EXP 	window1: mouseVisible = False
30.4957 	EXP 	window1: mouseVisible = True
30.5123 	EXP 	window1: mouseVisible = False
30.5126 	EXP 	window1: mouseVisible = True
30.5288 	EXP 	window1: mouseVisible = False
30.5289 	EXP 	window1: mouseVisible = True
30.5455 	EXP 	window1: mouseVisible = False
30.5457 	EXP 	window1: mouseVisible = True
30.5628 	EXP 	window1: mouseVisible = False
30.5630 	EXP 	window1: mouseVisible = True
30.5794 	EXP 	window1: mouseVisible = False
30.5795 	EXP 	window1: mouseVisible = True
30.5957 	EXP 	window1: mouseVisible = False
30.5958 	EXP 	window1: mouseVisible = True
30.6123 	EXP 	window1: mouseVisible = False
30.6125 	EXP 	window1: mouseVisible = True
30.6128 	DATA 	Mouse: Left button down, pos=(702,902)
30.6455 	EXP 	call1_2: texRes = 128
30.6455 	EXP 	call3_2: texRes = 128
30.6455 	EXP 	call4_2: texRes = 128
30.6457 	EXP 	window1: mouseVisible = False
30.6459 	EXP 	window1: mouseVisible = True
30.6622 	EXP 	window1: mouseVisible = False
30.6624 	EXP 	window1: mouseVisible = True
30.6791 	EXP 	window1: mouseVisible = False
30.6793 	EXP 	window1: mouseVisible = True
30.6959 	EXP 	window1: mouseVisible = False
30.6961 	EXP 	window1: mouseVisible = True
30.6964 	DATA 	Mouse:  Left button up, pos=(700,900)
30.7124 	EXP 	window1: mouseVisible = False
30.7126 	EXP 	window1: mouseVisible = True
30.7291 	EXP 	window1: mouseVisible = False
30.7295 	EXP 	window1: mouseVisible = True
30.7460 	EXP 	window1: mouseVisible = False
30.7464 	EXP 	window1: mouseVisible = True
30.7625 	EXP 	window1: mouseVisible = False
30.7627 	EXP 	window1: mouseVisible = True
30.7791 	EXP 	window1: mouseVisible = False
30.7793 	EXP 	window1: mouseVisible = True
30.7959 	EXP 	window1: mouseVisible = False
30.7961 	EXP 	window1: mouseVisible = True
30.8124 	EXP 	window1: mouseVisible = False
30.8126 	EXP 	window1: mouseVisible = True
30.8291 	EXP 	window1: mouseVisible = False
30.8292 	EXP 	window1: mouseVisible = True
30.8458 	EXP 	window1: mouseVisible = False
30.8459 	EXP 	window1: mouseVisible = True
30.8625 	EXP 	window1: mouseVisible = False
30.8627 	EXP 	window1: mouseVisible = True
30.8791 	EXP 	window1: mouseVisible = False
30.8793 	EXP 	window1: mouseVisible = True
30.8963 	EXP 	window1: mouseVisible = False
30.8965 	EXP 	window1: mouseVisible = True
30.9126 	EXP 	window1: mouseVisible = False
30.9127 	EXP 	window1: mouseVisible = True
30.9293 	EXP 	window1: mouseVisible = False
30.9295 	EXP 	window1: mouseVisible = True
30.9460 	EXP 	window1: mouseVisible = False
30.9462 	EXP 	window1: mouseVisible = True
30.9629 	EXP 	window1: mouseVisible = False
30.9631 	EXP 	window1: mouseVisible = True
30.9794 	EXP 	window1: mouseVisible = False
30.9796 	EXP 	window1: mouseVisible = True
30.9958 	EXP 	window1: mouseVisible = False
30.9960 	EXP 	window1: mouseVisible = True
31.0125 	EXP 	window1: mouseVisible = False
31.0129 	EXP 	window1: mouseVisible = True
31.0295 	EXP 	window1: mouseVisible = False
31.0298 	EXP 	window1: mouseVisible = True
31.0459 	EXP 	window1: mouseVisible = False
31.0463 	EXP 	window1: mouseVisible = True
31.0631 	EXP 	window1: mouseVisible = False
31.0633 	EXP 	window1: mouseVisible = True
31.0792 	EXP 	window1: mouseVisible = False
31.0794 	EXP 	window1: mouseVisible = True
31.0959 	EXP 	window1: mouseVisible = False
31.0961 	EXP 	window1: mouseVisible = True
31.1129 	EXP 	window1: mouseVisible = False
31.1131 	EXP 	window1: mouseVisible = True
31.1295 	EXP 	window1: mouseVisible = False
31.1297 	EXP 	window1: mouseVisible = True
31.1460 	EXP 	window1: mouseVisible = False
31.1461 	EXP 	window1: mouseVisible = True
31.1629 	EXP 	window1: mouseVisible = False
31.1632 	EXP 	window1: mouseVisible = True
31.1796 	EXP 	window1: mouseVisible = False
31.1798 	EXP 	window1: mouseVisible = True
31.1960 	EXP 	window1: mouseVisible = False
31.1962 	EXP 	window1: mouseVisible = True
31.1985 	DATA 	Mouse: Left button down, pos=(1205,800)
31.2129 	EXP 	window1: mouseVisible = False
31.2132 	EXP 	window1: mouseVisible = True
31.2464 	EXP 	colour1_2: texRes = 128
31.2464 	EXP 	colour3_2: texRes = 128
31.2464 	EXP 	colour4_2: texRes = 128
31.2466 	EXP 	window1: mouseVisible = False
31.2469 	EXP 	window1: mouseVisible = True
31.2628 	EXP 	window1: mouseVisible = False
31.2631 	EXP 	window1: mouseVisible = True
31.2798 	EXP 	window1: mouseVisible = False
31.2802 	EXP 	window1: mouseVisible = True
31.2804 	DATA 	Mouse:  Left button up, pos=(1205,800)
31.2964 	EXP 	window1: mouseVisible = False
31.2965 	EXP 	window1: mouseVisible = True
31.3128 	EXP 	window1: mouseVisible = False
31.3130 	EXP 	window1: mouseVisible = True
31.3295 	EXP 	window1: mouseVisible = False
31.3296 	EXP 	window1: mouseVisible = True
31.3464 	EXP 	window1: mouseVisible = False
31.3466 	EXP 	window1: mouseVisible = True
31.3631 	EXP 	window1: mouseVisible = False
31.3633 	EXP 	window1: mouseVisible = True
31.3797 	EXP 	window1: mouseVisible = False
31.3799 	EXP 	window1: mouseVisible = True
31.3969 	EXP 	window1: mouseVisible = False
31.3972 	EXP 	window1: mouseVisible = True
31.4129 	EXP 	window1: mouseVisible = False
31.4132 	EXP 	window1: mouseVisible = True
31.4298 	EXP 	window1: mouseVisible = False
31.4299 	EXP 	window1: mouseVisible = True
31.4464 	EXP 	window1: mouseVisible = False
31.4466 	EXP 	window1: mouseVisible = True
31.4630 	EXP 	window1: mouseVisible = False
31.4632 	EXP 	window1: mouseVisible = True
31.4798 	EXP 	window1: mouseVisible = False
31.4800 	EXP 	window1: mouseVisible = True
31.4964 	EXP 	window1: mouseVisible = False
31.4967 	EXP 	window1: mouseVisible = True
31.5130 	EXP 	window1: mouseVisible = False
31.5135 	EXP 	window1: mouseVisible = True
31.5296 	EXP 	window1: mouseVisible = False
31.5299 	EXP 	window1: mouseVisible = True
31.5467 	EXP 	window1: mouseVisible = False
31.5470 	EXP 	window1: mouseVisible = True
31.5632 	EXP 	window1: mouseVisible = False
31.5634 	EXP 	window1: mouseVisible = True
31.5797 	EXP 	window1: mouseVisible = False
31.5799 	EXP 	window1: mouseVisible = True
31.5965 	EXP 	window1: mouseVisible = False
31.5966 	EXP 	window1: mouseVisible = True
31.6133 	EXP 	window1: mouseVisible = False
31.6135 	EXP 	window1: mouseVisible = True
31.6300 	EXP 	window1: mouseVisible = False
31.6302 	EXP 	window1: mouseVisible = True
31.6465 	EXP 	window1: mouseVisible = False
31.6466 	EXP 	window1: mouseVisible = True
31.6631 	EXP 	window1: mouseVisible = False
31.6633 	EXP 	window1: mouseVisible = True
31.6799 	EXP 	window1: mouseVisible = False
31.6801 	EXP 	window1: mouseVisible = True
31.6965 	EXP 	window1: mouseVisible = False
31.6966 	EXP 	window1: mouseVisible = True
31.6970 	DATA 	Mouse: Left button down, pos=(1888,730)
31.7133 	EXP 	window1: mouseVisible = False
31.7134 	EXP 	window1: mouseVisible = True
31.7299 	EXP 	window1: mouseVisible = False
31.7302 	EXP 	window1: mouseVisible = True
31.7467 	EXP 	window1: mouseVisible = False
31.7471 	EXP 	window1: mouseVisible = True
31.7633 	EXP 	window1: mouseVisible = False
31.7635 	EXP 	window1: mouseVisible = True
31.7805 	EXP 	window1: mouseVisible = False
31.7809 	EXP 	window1: mouseVisible = True
31.7833 	DATA 	Mouse:  Left button up, pos=(1881,733)
31.7967 	EXP 	window1: mouseVisible = False
31.7971 	EXP 	window1: mouseVisible = True
31.8134 	EXP 	window1: mouseVisible = False
31.8137 	EXP 	window1: mouseVisible = True
31.8308 	EXP 	window1: mouseVisible = False
31.8310 	EXP 	window1: mouseVisible = True
31.8469 	EXP 	window1: mouseVisible = False
31.8470 	EXP 	window1: mouseVisible = True
31.8635 	EXP 	window1: mouseVisible = False
31.8637 	EXP 	window1: mouseVisible = True
31.8799 	EXP 	window1: mouseVisible = False
31.8801 	EXP 	window1: mouseVisible = True
31.8966 	EXP 	window1: mouseVisible = False
31.8967 	EXP 	window1: mouseVisible = True
31.9133 	EXP 	window1: mouseVisible = False
31.9135 	EXP 	window1: mouseVisible = True
31.9302 	EXP 	window1: mouseVisible = False
31.9304 	EXP 	window1: mouseVisible = True
31.9468 	EXP 	window1: mouseVisible = False
31.9470 	EXP 	window1: mouseVisible = True
31.9634 	EXP 	window1: mouseVisible = False
31.9635 	EXP 	window1: mouseVisible = True
31.9802 	EXP 	window1: mouseVisible = False
31.9804 	EXP 	window1: mouseVisible = True
31.9970 	EXP 	window1: mouseVisible = False
31.9973 	EXP 	window1: mouseVisible = True
32.0136 	EXP 	window1: mouseVisible = False
32.0138 	EXP 	window1: mouseVisible = True
32.0303 	EXP 	window1: mouseVisible = False
32.0306 	EXP 	window1: mouseVisible = True
32.0470 	EXP 	window1: mouseVisible = False
32.0473 	EXP 	window1: mouseVisible = True
32.0635 	EXP 	window1: mouseVisible = False
32.0638 	EXP 	window1: mouseVisible = True
32.0804 	EXP 	window1: mouseVisible = False
32.0808 	EXP 	window1: mouseVisible = True
32.0970 	EXP 	window1: mouseVisible = False
32.0973 	EXP 	window1: mouseVisible = True
32.1136 	EXP 	window1: mouseVisible = False
32.1139 	EXP 	window1: mouseVisible = True
32.1306 	EXP 	window1: mouseVisible = False
32.1310 	EXP 	window1: mouseVisible = True
32.1472 	EXP 	window1: mouseVisible = False
32.1473 	EXP 	window1: mouseVisible = True
32.1476 	DATA 	Mouse: Left button down, pos=(1879,766)
32.1608 	EXP 	New trial (rep=0, index=2): OrderedDict([('audiofile', 'audio/NV_DE_Neural2-D_Dr-we-Ei_0.3p.wav'), ('callSign', 'Dr'), ('colour', 'we'), ('number', 'Ei')])
32.2083 	EXP 	Set sound_examples sound=audio/NV_DE_Neural2-D_Dr-we-Ei_0.3p.wav
32.2084 	EXP 	window1: mouseVisible = False
32.2091 	EXP 	Sound sound_examples started
32.2150 	EXP 	number1_2: texRes = 128
32.2150 	EXP 	number3_2: texRes = 128
32.2150 	EXP 	number4_2: texRes = 128
32.2150 	EXP 	blankScreen_2: autoDraw = False
32.2150 	EXP 	call1_2: autoDraw = False
32.2150 	EXP 	call2_2: autoDraw = False
32.2150 	EXP 	call3_2: autoDraw = False
32.2150 	EXP 	call4_2: autoDraw = False
32.2150 	EXP 	colour1_2: autoDraw = False
32.2150 	EXP 	colour2_2: autoDraw = False
32.2150 	EXP 	colour3_2: autoDraw = False
32.2150 	EXP 	colour4_2: autoDraw = False
32.2150 	EXP 	number1_2: autoDraw = False
32.2150 	EXP 	number2_2: autoDraw = False
32.2150 	EXP 	number3_2: autoDraw = False
32.2150 	EXP 	number4_2: autoDraw = False
32.2150 	EXP 	blankScreenAfterResponse_2: autoDraw = False
32.2150 	EXP 	fixation_2: autoDraw = True
32.2350 	DATA 	Mouse:  Left button up, pos=(1879,766)
37.6726 	EXP 	Sound sound_examples stopped
37.7159 	EXP 	window1: mouseVisible = False
37.7234 	EXP 	fixation_2: autoDraw = False
37.7234 	EXP 	screenAfterAudio_2: autoDraw = True
37.7234 	EXP 	screenAfterAudio_2: autoDraw = False
37.7234 	EXP 	fixation_2: autoDraw = False
37.7234 	EXP 	screenAfterAudio_2: autoDraw = False
37.7234 	EXP 	call1_2: texRes = 128
37.7234 	EXP 	call2_2: texRes = 128
37.7234 	EXP 	call3_2: texRes = 128
37.7234 	EXP 	call4_2: texRes = 128
37.7234 	EXP 	colour1_2: texRes = 128
37.7234 	EXP 	colour2_2: texRes = 128
37.7234 	EXP 	colour3_2: texRes = 128
37.7234 	EXP 	colour4_2: texRes = 128
37.7234 	EXP 	number1_2: texRes = 128
37.7234 	EXP 	number2_2: texRes = 128
37.7234 	EXP 	number3_2: texRes = 128
37.7234 	EXP 	number4_2: texRes = 128
37.7234 	EXP 	blankScreen_2: autoDraw = True
37.7235 	EXP 	window1: mouseVisible = False
37.7408 	EXP 	window1: mouseVisible = False
37.7575 	EXP 	window1: mouseVisible = False
37.7738 	EXP 	window1: mouseVisible = False
37.7908 	EXP 	window1: mouseVisible = False
37.8076 	EXP 	window1: mouseVisible = False
37.8239 	EXP 	window1: mouseVisible = False
37.8407 	EXP 	window1: mouseVisible = False
37.8577 	EXP 	window1: mouseVisible = False
37.8740 	EXP 	window1: mouseVisible = False
37.8909 	EXP 	window1: mouseVisible = False
37.9078 	EXP 	window1: mouseVisible = False
37.9242 	EXP 	window1: mouseVisible = False
37.9408 	EXP 	window1: mouseVisible = False
37.9573 	EXP 	window1: mouseVisible = False
37.9741 	EXP 	window1: mouseVisible = False
37.9909 	EXP 	window1: mouseVisible = False
38.0075 	EXP 	window1: mouseVisible = False
38.0243 	EXP 	window1: mouseVisible = False
38.0409 	EXP 	window1: mouseVisible = False
38.0576 	EXP 	window1: mouseVisible = False
38.0742 	EXP 	window1: mouseVisible = False
38.0911 	EXP 	window1: mouseVisible = False
38.1075 	EXP 	window1: mouseVisible = False
38.1243 	EXP 	window1: mouseVisible = False
38.1412 	EXP 	window1: mouseVisible = False
38.1576 	EXP 	window1: mouseVisible = False
38.1745 	EXP 	window1: mouseVisible = False
38.1913 	EXP 	window1: mouseVisible = False
38.2077 	EXP 	window1: mouseVisible = False
38.2244 	EXP 	window1: mouseVisible = False
38.2411 	EXP 	window1: mouseVisible = False
38.2579 	EXP 	window1: mouseVisible = False
38.2746 	EXP 	window1: mouseVisible = False
38.2915 	EXP 	window1: mouseVisible = False
38.3078 	EXP 	window1: mouseVisible = False
38.3246 	EXP 	window1: mouseVisible = False
38.3412 	EXP 	window1: mouseVisible = False
38.3579 	EXP 	window1: mouseVisible = False
38.3746 	EXP 	window1: mouseVisible = False
38.3911 	EXP 	window1: mouseVisible = False
38.4079 	EXP 	window1: mouseVisible = False
38.4247 	EXP 	window1: mouseVisible = False
38.4411 	EXP 	window1: mouseVisible = False
38.4578 	EXP 	window1: mouseVisible = False
38.4750 	EXP 	window1: mouseVisible = False
38.4913 	EXP 	window1: mouseVisible = False
38.5083 	EXP 	window1: mouseVisible = False
38.5252 	EXP 	window1: mouseVisible = False
38.5411 	EXP 	window1: mouseVisible = False
38.5581 	EXP 	window1: mouseVisible = False
38.5745 	EXP 	window1: mouseVisible = False
38.5914 	EXP 	window1: mouseVisible = False
38.6086 	EXP 	window1: mouseVisible = False
38.6245 	EXP 	window1: mouseVisible = False
38.6413 	EXP 	window1: mouseVisible = False
38.6582 	EXP 	window1: mouseVisible = False
38.6748 	EXP 	window1: mouseVisible = False
38.6917 	EXP 	window1: mouseVisible = False
38.7086 	EXP 	window1: mouseVisible = False
38.7359 	EXP 	blankScreen_2: autoDraw = False
38.7359 	EXP 	call1_2: autoDraw = True
38.7359 	EXP 	call2_2: autoDraw = True
38.7359 	EXP 	call3_2: autoDraw = True
38.7359 	EXP 	call4_2: autoDraw = True
38.7359 	EXP 	colour1_2: autoDraw = True
38.7359 	EXP 	colour2_2: autoDraw = True
38.7359 	EXP 	colour3_2: autoDraw = True
38.7359 	EXP 	colour4_2: autoDraw = True
38.7359 	EXP 	number1_2: autoDraw = True
38.7359 	EXP 	number2_2: autoDraw = True
38.7359 	EXP 	number3_2: autoDraw = True
38.7359 	EXP 	number4_2: autoDraw = True
38.7360 	EXP 	window1: mouseVisible = False
38.7363 	EXP 	window1: mouseVisible = True
38.7533 	EXP 	window1: mouseVisible = False
38.7536 	EXP 	window1: mouseVisible = True
38.7693 	EXP 	window1: mouseVisible = False
38.7697 	EXP 	window1: mouseVisible = True
38.7865 	EXP 	window1: mouseVisible = False
38.7869 	EXP 	window1: mouseVisible = True
38.8034 	EXP 	window1: mouseVisible = False
38.8037 	EXP 	window1: mouseVisible = True
38.8196 	EXP 	window1: mouseVisible = False
38.8200 	EXP 	window1: mouseVisible = True
38.8362 	EXP 	window1: mouseVisible = False
38.8365 	EXP 	window1: mouseVisible = True
38.8535 	EXP 	window1: mouseVisible = False
38.8537 	EXP 	window1: mouseVisible = True
38.8693 	EXP 	window1: mouseVisible = False
38.8695 	EXP 	window1: mouseVisible = True
38.8860 	EXP 	window1: mouseVisible = False
38.8861 	EXP 	window1: mouseVisible = True
38.9033 	EXP 	window1: mouseVisible = False
38.9035 	EXP 	window1: mouseVisible = True
38.9197 	EXP 	window1: mouseVisible = False
38.9203 	EXP 	window1: mouseVisible = True
38.9366 	EXP 	window1: mouseVisible = False
38.9369 	EXP 	window1: mouseVisible = True
38.9529 	EXP 	window1: mouseVisible = False
38.9532 	EXP 	window1: mouseVisible = True
38.9700 	EXP 	window1: mouseVisible = False
38.9704 	EXP 	window1: mouseVisible = True
38.9861 	EXP 	window1: mouseVisible = False
38.9864 	EXP 	window1: mouseVisible = True
39.0032 	EXP 	window1: mouseVisible = False
39.0036 	EXP 	window1: mouseVisible = True
39.0200 	EXP 	window1: mouseVisible = False
39.0204 	EXP 	window1: mouseVisible = True
39.0365 	EXP 	window1: mouseVisible = False
39.0369 	EXP 	window1: mouseVisible = True
39.0534 	EXP 	window1: mouseVisible = False
39.0538 	EXP 	window1: mouseVisible = True
39.0702 	EXP 	window1: mouseVisible = False
39.0707 	EXP 	window1: mouseVisible = True
39.0870 	EXP 	window1: mouseVisible = False
39.0872 	EXP 	window1: mouseVisible = True
39.1031 	EXP 	window1: mouseVisible = False
39.1033 	EXP 	window1: mouseVisible = True
39.1196 	EXP 	window1: mouseVisible = False
39.1197 	EXP 	window1: mouseVisible = True
39.1364 	EXP 	window1: mouseVisible = False
39.1368 	EXP 	window1: mouseVisible = True
39.1530 	EXP 	window1: mouseVisible = False
39.1533 	EXP 	window1: mouseVisible = True
39.1698 	EXP 	window1: mouseVisible = False
39.1701 	EXP 	window1: mouseVisible = True
39.1865 	EXP 	window1: mouseVisible = False
39.1868 	EXP 	window1: mouseVisible = True
39.2032 	EXP 	window1: mouseVisible = False
39.2037 	EXP 	window1: mouseVisible = True
39.2198 	EXP 	window1: mouseVisible = False
39.2201 	EXP 	window1: mouseVisible = True
39.2366 	EXP 	window1: mouseVisible = False
39.2369 	EXP 	window1: mouseVisible = True
39.2530 	EXP 	window1: mouseVisible = False
39.2534 	EXP 	window1: mouseVisible = True
39.2700 	EXP 	window1: mouseVisible = False
39.2703 	EXP 	window1: mouseVisible = True
39.2864 	EXP 	window1: mouseVisible = False
39.2867 	EXP 	window1: mouseVisible = True
39.3030 	EXP 	window1: mouseVisible = False
39.3033 	EXP 	window1: mouseVisible = True
39.3199 	EXP 	window1: mouseVisible = False
39.3202 	EXP 	window1: mouseVisible = True
39.3367 	EXP 	window1: mouseVisible = False
39.3371 	EXP 	window1: mouseVisible = True
39.3531 	EXP 	window1: mouseVisible = False
39.3534 	EXP 	window1: mouseVisible = True
39.3697 	EXP 	window1: mouseVisible = False
39.3699 	EXP 	window1: mouseVisible = True
39.3867 	EXP 	window1: mouseVisible = False
39.3871 	EXP 	window1: mouseVisible = True
39.4033 	EXP 	window1: mouseVisible = False
39.4036 	EXP 	window1: mouseVisible = True
39.4199 	EXP 	window1: mouseVisible = False
39.4202 	EXP 	window1: mouseVisible = True
39.4367 	EXP 	window1: mouseVisible = False
39.4370 	EXP 	window1: mouseVisible = True
39.4535 	EXP 	window1: mouseVisible = False
39.4537 	EXP 	window1: mouseVisible = True
39.4700 	EXP 	window1: mouseVisible = False
39.4705 	EXP 	window1: mouseVisible = True
39.4866 	EXP 	window1: mouseVisible = False
39.4868 	EXP 	window1: mouseVisible = True
39.5034 	EXP 	window1: mouseVisible = False
39.5038 	EXP 	window1: mouseVisible = True
39.5201 	EXP 	window1: mouseVisible = False
39.5204 	EXP 	window1: mouseVisible = True
39.5368 	EXP 	window1: mouseVisible = False
39.5370 	EXP 	window1: mouseVisible = True
39.5372 	DATA 	Mouse: Left button down, pos=(611,526)
39.5698 	EXP 	call1_2: texRes = 128
39.5698 	EXP 	call2_2: texRes = 128
39.5698 	EXP 	call4_2: texRes = 128
39.5700 	EXP 	window1: mouseVisible = False
39.5702 	EXP 	window1: mouseVisible = True
39.5872 	EXP 	window1: mouseVisible = False
39.5877 	EXP 	window1: mouseVisible = True
39.6035 	EXP 	window1: mouseVisible = False
39.6038 	EXP 	window1: mouseVisible = True
39.6204 	EXP 	window1: mouseVisible = False
39.6206 	EXP 	window1: mouseVisible = True
39.6208 	DATA 	Mouse:  Left button up, pos=(612,526)
39.6367 	EXP 	window1: mouseVisible = False
39.6369 	EXP 	window1: mouseVisible = True
39.6536 	EXP 	window1: mouseVisible = False
39.6539 	EXP 	window1: mouseVisible = True
39.6702 	EXP 	window1: mouseVisible = False
39.6706 	EXP 	window1: mouseVisible = True
39.6867 	EXP 	window1: mouseVisible = False
39.6870 	EXP 	window1: mouseVisible = True
39.7036 	EXP 	window1: mouseVisible = False
39.7039 	EXP 	window1: mouseVisible = True
39.7203 	EXP 	window1: mouseVisible = False
39.7205 	EXP 	window1: mouseVisible = True
39.7369 	EXP 	window1: mouseVisible = False
39.7371 	EXP 	window1: mouseVisible = True
39.7535 	EXP 	window1: mouseVisible = False
39.7537 	EXP 	window1: mouseVisible = True
39.7703 	EXP 	window1: mouseVisible = False
39.7705 	EXP 	window1: mouseVisible = True
39.7869 	EXP 	window1: mouseVisible = False
39.7871 	EXP 	window1: mouseVisible = True
39.8035 	EXP 	window1: mouseVisible = False
39.8037 	EXP 	window1: mouseVisible = True
39.8202 	EXP 	window1: mouseVisible = False
39.8204 	EXP 	window1: mouseVisible = True
39.8370 	EXP 	window1: mouseVisible = False
39.8372 	EXP 	window1: mouseVisible = True
39.8537 	EXP 	window1: mouseVisible = False
39.8539 	EXP 	window1: mouseVisible = True
39.8705 	EXP 	window1: mouseVisible = False
39.8707 	EXP 	window1: mouseVisible = True
39.8874 	EXP 	window1: mouseVisible = False
39.8879 	EXP 	window1: mouseVisible = True
39.9038 	EXP 	window1: mouseVisible = False
39.9042 	EXP 	window1: mouseVisible = True
39.9206 	EXP 	window1: mouseVisible = False
39.9208 	EXP 	window1: mouseVisible = True
39.9211 	DATA 	Mouse: Left button down, pos=(1314,523)
39.9535 	EXP 	colour1_2: texRes = 128
39.9535 	EXP 	colour2_2: texRes = 128
39.9535 	EXP 	colour4_2: texRes = 128
39.9537 	EXP 	window1: mouseVisible = False
39.9539 	EXP 	window1: mouseVisible = True
39.9702 	EXP 	window1: mouseVisible = False
39.9704 	EXP 	window1: mouseVisible = True
39.9877 	EXP 	window1: mouseVisible = False
39.9878 	EXP 	window1: mouseVisible = True
40.0042 	EXP 	window1: mouseVisible = False
40.0044 	EXP 	window1: mouseVisible = True
40.0205 	EXP 	window1: mouseVisible = False
40.0207 	EXP 	window1: mouseVisible = True
40.0371 	EXP 	window1: mouseVisible = False
40.0373 	EXP 	window1: mouseVisible = True
40.0374 	DATA 	Mouse:  Left button up, pos=(1314,523)
40.0538 	EXP 	window1: mouseVisible = False
40.0540 	EXP 	window1: mouseVisible = True
40.0706 	EXP 	window1: mouseVisible = False
40.0707 	EXP 	window1: mouseVisible = True
40.0872 	EXP 	window1: mouseVisible = False
40.0874 	EXP 	window1: mouseVisible = True
40.1040 	EXP 	window1: mouseVisible = False
40.1041 	EXP 	window1: mouseVisible = True
40.1208 	EXP 	window1: mouseVisible = False
40.1210 	EXP 	window1: mouseVisible = True
40.1374 	EXP 	window1: mouseVisible = False
40.1377 	EXP 	window1: mouseVisible = True
40.1544 	EXP 	window1: mouseVisible = False
40.1549 	EXP 	window1: mouseVisible = True
40.1705 	EXP 	window1: mouseVisible = False
40.1708 	EXP 	window1: mouseVisible = True
40.1872 	EXP 	window1: mouseVisible = False
40.1874 	EXP 	window1: mouseVisible = True
40.2041 	EXP 	window1: mouseVisible = False
40.2043 	EXP 	window1: mouseVisible = True
40.2207 	EXP 	window1: mouseVisible = False
40.2209 	EXP 	window1: mouseVisible = True
40.2373 	EXP 	window1: mouseVisible = False
40.2375 	EXP 	window1: mouseVisible = True
40.2541 	EXP 	window1: mouseVisible = False
40.2542 	EXP 	window1: mouseVisible = True
40.2707 	EXP 	window1: mouseVisible = False
40.2709 	EXP 	window1: mouseVisible = True
40.2872 	EXP 	window1: mouseVisible = False
40.2874 	EXP 	window1: mouseVisible = True
40.3039 	EXP 	window1: mouseVisible = False
40.3041 	EXP 	window1: mouseVisible = True
40.3208 	EXP 	window1: mouseVisible = False
40.3210 	EXP 	window1: mouseVisible = True
40.3374 	EXP 	window1: mouseVisible = False
40.3375 	EXP 	window1: mouseVisible = True
40.3540 	EXP 	window1: mouseVisible = False
40.3542 	EXP 	window1: mouseVisible = True
40.3709 	EXP 	window1: mouseVisible = False
40.3711 	EXP 	window1: mouseVisible = True
40.3879 	EXP 	window1: mouseVisible = False
40.3883 	EXP 	window1: mouseVisible = True
40.4040 	EXP 	window1: mouseVisible = False
40.4043 	EXP 	window1: mouseVisible = True
40.4216 	EXP 	window1: mouseVisible = False
40.4220 	EXP 	window1: mouseVisible = True
40.4374 	EXP 	window1: mouseVisible = False
40.4378 	EXP 	window1: mouseVisible = True
40.4542 	EXP 	window1: mouseVisible = False
40.4544 	EXP 	window1: mouseVisible = True
40.4709 	EXP 	window1: mouseVisible = False
40.4711 	EXP 	window1: mouseVisible = True
40.4874 	EXP 	window1: mouseVisible = False
40.4875 	EXP 	window1: mouseVisible = True
40.5041 	EXP 	window1: mouseVisible = False
40.5043 	EXP 	window1: mouseVisible = True
40.5208 	EXP 	window1: mouseVisible = False
40.5209 	EXP 	window1: mouseVisible = True
40.5212 	DATA 	Mouse: Left button down, pos=(1769,527)
40.5342 	EXP 	New trial (rep=0, index=3): OrderedDict([('audiofile', 'audio/SiSSN_DE_Neural2-D_Kr-we-Dr_-13db.wav'), ('callSign', 'Kr'), ('colour', 'we'), ('number', 'Dr')])
40.5770 	EXP 	Set sound_examples sound=audio/SiSSN_DE_Neural2-D_Kr-we-Dr_-13db.wav
40.5772 	EXP 	window1: mouseVisible = False
40.5779 	EXP 	Sound sound_examples started
40.5875 	EXP 	number1_2: texRes = 128
40.5875 	EXP 	number2_2: texRes = 128
40.5875 	EXP 	number4_2: texRes = 128
40.5875 	EXP 	blankScreen_2: autoDraw = False
40.5875 	EXP 	call1_2: autoDraw = False
40.5875 	EXP 	call2_2: autoDraw = False
40.5875 	EXP 	call3_2: autoDraw = False
40.5875 	EXP 	call4_2: autoDraw = False
40.5875 	EXP 	colour1_2: autoDraw = False
40.5875 	EXP 	colour2_2: autoDraw = False
40.5875 	EXP 	colour3_2: autoDraw = False
40.5875 	EXP 	colour4_2: autoDraw = False
40.5875 	EXP 	number1_2: autoDraw = False
40.5875 	EXP 	number2_2: autoDraw = False
40.5875 	EXP 	number3_2: autoDraw = False
40.5875 	EXP 	number4_2: autoDraw = False
40.5875 	EXP 	blankScreenAfterResponse_2: autoDraw = False
40.5875 	EXP 	fixation_2: autoDraw = True
40.6058 	DATA 	Mouse:  Left button up, pos=(1769,527)
45.9097 	EXP 	Sound sound_examples stopped
45.9559 	EXP 	window1: mouseVisible = False
45.9633 	EXP 	fixation_2: autoDraw = False
45.9633 	EXP 	screenAfterAudio_2: autoDraw = True
45.9633 	EXP 	screenAfterAudio_2: autoDraw = False
45.9633 	EXP 	fixation_2: autoDraw = False
45.9633 	EXP 	screenAfterAudio_2: autoDraw = False
45.9633 	EXP 	call1_2: texRes = 128
45.9633 	EXP 	call2_2: texRes = 128
45.9633 	EXP 	call3_2: texRes = 128
45.9633 	EXP 	call4_2: texRes = 128
45.9633 	EXP 	colour1_2: texRes = 128
45.9633 	EXP 	colour2_2: texRes = 128
45.9633 	EXP 	colour3_2: texRes = 128
45.9633 	EXP 	colour4_2: texRes = 128
45.9633 	EXP 	number1_2: texRes = 128
45.9633 	EXP 	number2_2: texRes = 128
45.9633 	EXP 	number3_2: texRes = 128
45.9633 	EXP 	number4_2: texRes = 128
45.9633 	EXP 	blankScreen_2: autoDraw = True
45.9634 	EXP 	window1: mouseVisible = False
45.9813 	EXP 	window1: mouseVisible = False
45.9977 	EXP 	window1: mouseVisible = False
46.0146 	EXP 	window1: mouseVisible = False
46.0311 	EXP 	window1: mouseVisible = False
46.0477 	EXP 	window1: mouseVisible = False
46.0647 	EXP 	window1: mouseVisible = False
46.0808 	EXP 	window1: mouseVisible = False
46.0977 	EXP 	window1: mouseVisible = False
46.1148 	EXP 	window1: mouseVisible = False
46.1309 	EXP 	window1: mouseVisible = False
46.1478 	EXP 	window1: mouseVisible = False
46.1648 	EXP 	window1: mouseVisible = False
46.1809 	EXP 	window1: mouseVisible = False
46.1979 	EXP 	window1: mouseVisible = False
46.2148 	EXP 	window1: mouseVisible = False
46.2312 	EXP 	window1: mouseVisible = False
46.2481 	EXP 	window1: mouseVisible = False
46.2648 	EXP 	window1: mouseVisible = False
46.2812 	EXP 	window1: mouseVisible = False
46.2981 	EXP 	window1: mouseVisible = False
46.3149 	EXP 	window1: mouseVisible = False
46.3313 	EXP 	window1: mouseVisible = False
46.3482 	EXP 	window1: mouseVisible = False
46.3647 	EXP 	window1: mouseVisible = False
46.3813 	EXP 	window1: mouseVisible = False
46.3984 	EXP 	window1: mouseVisible = False
46.4149 	EXP 	window1: mouseVisible = False
46.4315 	EXP 	window1: mouseVisible = False
46.4483 	EXP 	window1: mouseVisible = False
46.4650 	EXP 	window1: mouseVisible = False
46.4817 	EXP 	window1: mouseVisible = False
46.4985 	EXP 	window1: mouseVisible = False
46.5145 	EXP 	window1: mouseVisible = False
46.5315 	EXP 	window1: mouseVisible = False
46.5484 	EXP 	window1: mouseVisible = False
46.5648 	EXP 	window1: mouseVisible = False
46.5817 	EXP 	window1: mouseVisible = False
46.5984 	EXP 	window1: mouseVisible = False
46.6149 	EXP 	window1: mouseVisible = False
46.6317 	EXP 	window1: mouseVisible = False
46.6485 	EXP 	window1: mouseVisible = False
46.6650 	EXP 	window1: mouseVisible = False
46.6818 	EXP 	window1: mouseVisible = False
46.6984 	EXP 	window1: mouseVisible = False
46.7149 	EXP 	window1: mouseVisible = False
46.7320 	EXP 	window1: mouseVisible = False
46.7485 	EXP 	window1: mouseVisible = False
46.7652 	EXP 	window1: mouseVisible = False
46.7821 	EXP 	window1: mouseVisible = False
46.7986 	EXP 	window1: mouseVisible = False
46.8152 	EXP 	window1: mouseVisible = False
46.8319 	EXP 	window1: mouseVisible = False
46.8489 	EXP 	window1: mouseVisible = False
46.8654 	EXP 	window1: mouseVisible = False
46.8819 	EXP 	window1: mouseVisible = False
46.8983 	EXP 	window1: mouseVisible = False
46.9155 	EXP 	window1: mouseVisible = False
46.9323 	EXP 	window1: mouseVisible = False
46.9482 	EXP 	window1: mouseVisible = False
46.9761 	EXP 	blankScreen_2: autoDraw = False
46.9761 	EXP 	call1_2: autoDraw = True
46.9761 	EXP 	call2_2: autoDraw = True
46.9761 	EXP 	call3_2: autoDraw = True
46.9761 	EXP 	call4_2: autoDraw = True
46.9761 	EXP 	colour1_2: autoDraw = True
46.9761 	EXP 	colour2_2: autoDraw = True
46.9761 	EXP 	colour3_2: autoDraw = True
46.9761 	EXP 	colour4_2: autoDraw = True
46.9761 	EXP 	number1_2: autoDraw = True
46.9761 	EXP 	number2_2: autoDraw = True
46.9761 	EXP 	number3_2: autoDraw = True
46.9761 	EXP 	number4_2: autoDraw = True
46.9763 	EXP 	window1: mouseVisible = False
46.9766 	EXP 	window1: mouseVisible = True
46.9936 	EXP 	window1: mouseVisible = False
46.9939 	EXP 	window1: mouseVisible = True
47.0109 	EXP 	window1: mouseVisible = False
47.0111 	EXP 	window1: mouseVisible = True
47.0264 	EXP 	window1: mouseVisible = False
47.0267 	EXP 	window1: mouseVisible = True
47.0436 	EXP 	window1: mouseVisible = False
47.0440 	EXP 	window1: mouseVisible = True
47.0606 	EXP 	window1: mouseVisible = False
47.0609 	EXP 	window1: mouseVisible = True
47.0765 	EXP 	window1: mouseVisible = False
47.0769 	EXP 	window1: mouseVisible = True
47.0931 	EXP 	window1: mouseVisible = False
47.0934 	EXP 	window1: mouseVisible = True
47.1104 	EXP 	window1: mouseVisible = False
47.1107 	EXP 	window1: mouseVisible = True
47.1265 	EXP 	window1: mouseVisible = False
47.1269 	EXP 	window1: mouseVisible = True
47.1431 	EXP 	window1: mouseVisible = False
47.1433 	EXP 	window1: mouseVisible = True
47.1601 	EXP 	window1: mouseVisible = False
47.1603 	EXP 	window1: mouseVisible = True
47.1766 	EXP 	window1: mouseVisible = False
47.1768 	EXP 	window1: mouseVisible = True
47.1934 	EXP 	window1: mouseVisible = False
47.1936 	EXP 	window1: mouseVisible = True
47.2100 	EXP 	window1: mouseVisible = False
47.2101 	EXP 	window1: mouseVisible = True
47.2267 	EXP 	window1: mouseVisible = False
47.2269 	EXP 	window1: mouseVisible = True
47.2434 	EXP 	window1: mouseVisible = False
47.2436 	EXP 	window1: mouseVisible = True
47.2601 	EXP 	window1: mouseVisible = False
47.2602 	EXP 	window1: mouseVisible = True
47.2767 	EXP 	window1: mouseVisible = False
47.2769 	EXP 	window1: mouseVisible = True
47.2935 	EXP 	window1: mouseVisible = False
47.2940 	EXP 	window1: mouseVisible = True
47.3101 	EXP 	window1: mouseVisible = False
47.3105 	EXP 	window1: mouseVisible = True
47.3268 	EXP 	window1: mouseVisible = False
47.3271 	EXP 	window1: mouseVisible = True
47.3436 	EXP 	window1: mouseVisible = False
47.3439 	EXP 	window1: mouseVisible = True
47.3600 	EXP 	window1: mouseVisible = False
47.3602 	EXP 	window1: mouseVisible = True
47.3768 	EXP 	window1: mouseVisible = False
47.3771 	EXP 	window1: mouseVisible = True
47.3934 	EXP 	window1: mouseVisible = False
47.3937 	EXP 	window1: mouseVisible = True
47.4102 	EXP 	window1: mouseVisible = False
47.4104 	EXP 	window1: mouseVisible = True
47.4267 	EXP 	window1: mouseVisible = False
47.4268 	EXP 	window1: mouseVisible = True
47.4435 	EXP 	window1: mouseVisible = False
47.4438 	EXP 	window1: mouseVisible = True
47.4602 	EXP 	window1: mouseVisible = False
47.4604 	EXP 	window1: mouseVisible = True
47.4767 	EXP 	window1: mouseVisible = False
47.4769 	EXP 	window1: mouseVisible = True
47.4937 	EXP 	window1: mouseVisible = False
47.4939 	EXP 	window1: mouseVisible = True
47.5102 	EXP 	window1: mouseVisible = False
47.5104 	EXP 	window1: mouseVisible = True
47.5268 	EXP 	window1: mouseVisible = False
47.5270 	EXP 	window1: mouseVisible = True
47.5437 	EXP 	window1: mouseVisible = False
47.5442 	EXP 	window1: mouseVisible = True
47.5604 	EXP 	window1: mouseVisible = False
47.5606 	EXP 	window1: mouseVisible = True
47.5771 	EXP 	window1: mouseVisible = False
47.5774 	EXP 	window1: mouseVisible = True
47.5936 	EXP 	window1: mouseVisible = False
47.5939 	EXP 	window1: mouseVisible = True
47.6102 	EXP 	window1: mouseVisible = False
47.6106 	EXP 	window1: mouseVisible = True
47.6271 	EXP 	window1: mouseVisible = False
47.6275 	EXP 	window1: mouseVisible = True
47.6437 	EXP 	window1: mouseVisible = False
47.6439 	EXP 	window1: mouseVisible = True
47.6603 	EXP 	window1: mouseVisible = False
47.6605 	EXP 	window1: mouseVisible = True
47.6770 	EXP 	window1: mouseVisible = False
47.6772 	EXP 	window1: mouseVisible = True
47.6775 	DATA 	Mouse: Left button down, pos=(726,591)
47.7102 	EXP 	call1_2: texRes = 128
47.7102 	EXP 	call2_2: texRes = 128
47.7102 	EXP 	call4_2: texRes = 128
47.7104 	EXP 	window1: mouseVisible = False
47.7105 	EXP 	window1: mouseVisible = True
47.7273 	EXP 	window1: mouseVisible = False
47.7275 	EXP 	window1: mouseVisible = True
47.7436 	EXP 	window1: mouseVisible = False
47.7438 	EXP 	window1: mouseVisible = True
47.7606 	EXP 	window1: mouseVisible = False
47.7607 	EXP 	window1: mouseVisible = True
47.7610 	DATA 	Mouse:  Left button up, pos=(725,589)
47.7773 	EXP 	window1: mouseVisible = False
47.7777 	EXP 	window1: mouseVisible = True
47.7937 	EXP 	window1: mouseVisible = False
47.7939 	EXP 	window1: mouseVisible = True
47.8105 	EXP 	window1: mouseVisible = False
47.8109 	EXP 	window1: mouseVisible = True
47.8274 	EXP 	window1: mouseVisible = False
47.8278 	EXP 	window1: mouseVisible = True
47.8439 	EXP 	window1: mouseVisible = False
47.8442 	EXP 	window1: mouseVisible = True
47.8604 	EXP 	window1: mouseVisible = False
47.8606 	EXP 	window1: mouseVisible = True
47.8772 	EXP 	window1: mouseVisible = False
47.8777 	EXP 	window1: mouseVisible = True
47.8939 	EXP 	window1: mouseVisible = False
47.8941 	EXP 	window1: mouseVisible = True
47.9105 	EXP 	window1: mouseVisible = False
47.9107 	EXP 	window1: mouseVisible = True
47.9272 	EXP 	window1: mouseVisible = False
47.9274 	EXP 	window1: mouseVisible = True
47.9440 	EXP 	window1: mouseVisible = False
47.9442 	EXP 	window1: mouseVisible = True
47.9606 	EXP 	window1: mouseVisible = False
47.9608 	EXP 	window1: mouseVisible = True
47.9773 	EXP 	window1: mouseVisible = False
47.9775 	EXP 	window1: mouseVisible = True
47.9940 	EXP 	window1: mouseVisible = False
47.9942 	EXP 	window1: mouseVisible = True
48.0106 	EXP 	window1: mouseVisible = False
48.0107 	EXP 	window1: mouseVisible = True
48.0274 	EXP 	window1: mouseVisible = False
48.0277 	EXP 	window1: mouseVisible = True
48.0441 	EXP 	window1: mouseVisible = False
48.0444 	EXP 	window1: mouseVisible = True
48.0607 	EXP 	window1: mouseVisible = False
48.0610 	EXP 	window1: mouseVisible = True
48.0774 	EXP 	window1: mouseVisible = False
48.0777 	EXP 	window1: mouseVisible = True
48.0943 	EXP 	window1: mouseVisible = False
48.0947 	EXP 	window1: mouseVisible = True
48.1108 	EXP 	window1: mouseVisible = False
48.1113 	EXP 	window1: mouseVisible = True
48.1272 	EXP 	window1: mouseVisible = False
48.1275 	EXP 	window1: mouseVisible = True
48.1442 	EXP 	window1: mouseVisible = False
48.1444 	EXP 	window1: mouseVisible = True
48.1608 	EXP 	window1: mouseVisible = False
48.1612 	EXP 	window1: mouseVisible = True
48.1618 	DATA 	Mouse: Left button down, pos=(1269,959)
48.1947 	EXP 	colour1_2: texRes = 128
48.1947 	EXP 	colour3_2: texRes = 128
48.1947 	EXP 	colour4_2: texRes = 128
48.1949 	EXP 	window1: mouseVisible = False
48.1951 	EXP 	window1: mouseVisible = True
48.2107 	EXP 	window1: mouseVisible = False
48.2109 	EXP 	window1: mouseVisible = True
48.2274 	EXP 	window1: mouseVisible = False
48.2276 	EXP 	window1: mouseVisible = True
48.2442 	EXP 	window1: mouseVisible = False
48.2444 	EXP 	window1: mouseVisible = True
48.2446 	DATA 	Mouse:  Left button up, pos=(1269,958)
48.2614 	EXP 	window1: mouseVisible = False
48.2616 	EXP 	window1: mouseVisible = True
48.2775 	EXP 	window1: mouseVisible = False
48.2777 	EXP 	window1: mouseVisible = True
48.2944 	EXP 	window1: mouseVisible = False
48.2948 	EXP 	window1: mouseVisible = True
48.3109 	EXP 	window1: mouseVisible = False
48.3112 	EXP 	window1: mouseVisible = True
48.3275 	EXP 	window1: mouseVisible = False
48.3279 	EXP 	window1: mouseVisible = True
48.3450 	EXP 	window1: mouseVisible = False
48.3453 	EXP 	window1: mouseVisible = True
48.3610 	EXP 	window1: mouseVisible = False
48.3612 	EXP 	window1: mouseVisible = True
48.3777 	EXP 	window1: mouseVisible = False
48.3780 	EXP 	window1: mouseVisible = True
48.3944 	EXP 	window1: mouseVisible = False
48.3947 	EXP 	window1: mouseVisible = True
48.4115 	EXP 	window1: mouseVisible = False
48.4120 	EXP 	window1: mouseVisible = True
48.4281 	EXP 	window1: mouseVisible = False
48.4284 	EXP 	window1: mouseVisible = True
48.4444 	EXP 	window1: mouseVisible = False
48.4448 	EXP 	window1: mouseVisible = True
48.4617 	EXP 	window1: mouseVisible = False
48.4619 	EXP 	window1: mouseVisible = True
48.4779 	EXP 	window1: mouseVisible = False
48.4781 	EXP 	window1: mouseVisible = True
48.4944 	EXP 	window1: mouseVisible = False
48.4946 	EXP 	window1: mouseVisible = True
48.5110 	EXP 	window1: mouseVisible = False
48.5112 	EXP 	window1: mouseVisible = True
48.5280 	EXP 	window1: mouseVisible = False
48.5284 	EXP 	window1: mouseVisible = True
48.5445 	EXP 	window1: mouseVisible = False
48.5450 	EXP 	window1: mouseVisible = True
48.5613 	EXP 	window1: mouseVisible = False
48.5615 	EXP 	window1: mouseVisible = True
48.5778 	EXP 	window1: mouseVisible = False
48.5781 	EXP 	window1: mouseVisible = True
48.5945 	EXP 	window1: mouseVisible = False
48.5948 	EXP 	window1: mouseVisible = True
48.6113 	EXP 	window1: mouseVisible = False
48.6116 	EXP 	window1: mouseVisible = True
48.6281 	EXP 	window1: mouseVisible = False
48.6284 	EXP 	window1: mouseVisible = True
48.6446 	EXP 	window1: mouseVisible = False
48.6448 	EXP 	window1: mouseVisible = True
48.6611 	EXP 	window1: mouseVisible = False
48.6614 	EXP 	window1: mouseVisible = True
48.6781 	EXP 	window1: mouseVisible = False
48.6784 	EXP 	window1: mouseVisible = True
48.6946 	EXP 	window1: mouseVisible = False
48.6949 	EXP 	window1: mouseVisible = True
48.7112 	EXP 	window1: mouseVisible = False
48.7115 	EXP 	window1: mouseVisible = True
48.7285 	EXP 	window1: mouseVisible = False
48.7287 	EXP 	window1: mouseVisible = True
48.7446 	EXP 	window1: mouseVisible = False
48.7450 	EXP 	window1: mouseVisible = True
48.7621 	EXP 	window1: mouseVisible = False
48.7623 	EXP 	window1: mouseVisible = True
48.7781 	EXP 	window1: mouseVisible = False
48.7784 	EXP 	window1: mouseVisible = True
48.7948 	EXP 	window1: mouseVisible = False
48.7950 	EXP 	window1: mouseVisible = True
48.8113 	EXP 	window1: mouseVisible = False
48.8115 	EXP 	window1: mouseVisible = True
48.8279 	EXP 	window1: mouseVisible = False
48.8281 	EXP 	window1: mouseVisible = True
48.8284 	DATA 	Mouse: Left button down, pos=(1856,587)
48.8861 	EXP 	window1: mouseVisible = False
48.8946 	EXP 	number1_2: texRes = 128
48.8946 	EXP 	number2_2: texRes = 128
48.8946 	EXP 	number4_2: texRes = 128
48.8946 	EXP 	blankScreen_2: autoDraw = False
48.8946 	EXP 	call1_2: autoDraw = False
48.8946 	EXP 	call2_2: autoDraw = False
48.8946 	EXP 	call3_2: autoDraw = False
48.8946 	EXP 	call4_2: autoDraw = False
48.8946 	EXP 	colour1_2: autoDraw = False
48.8946 	EXP 	colour2_2: autoDraw = False
48.8946 	EXP 	colour3_2: autoDraw = False
48.8946 	EXP 	colour4_2: autoDraw = False
48.8946 	EXP 	number1_2: autoDraw = False
48.8946 	EXP 	number2_2: autoDraw = False
48.8946 	EXP 	number3_2: autoDraw = False
48.8946 	EXP 	number4_2: autoDraw = False
48.8946 	EXP 	blankScreenAfterResponse_2: autoDraw = False
48.8946 	EXP 	instrTaskText: autoDraw = True
48.9300 	DATA 	Mouse:  Left button up, pos=(1856,587)
49.6142 	DATA 	Mouse: Left button down, pos=(1659,644)
49.6973 	DATA 	Mouse:  Left button up, pos=(1657,644)
50.4405 	EXP 	Imported order1.csv as conditions, 4 conditions, 1 params
50.4409 	EXP 	Created sequence: sequential, trialTypes=4, nReps=1, seed=None
50.4411 	EXP 	New trial (rep=0, index=0): OrderedDict([('condsFile', 'flow\\tts-golang-selected_PsyPySEQ_NV1.csv')])
50.4429 	DATA 	Keypress: space
50.4471 	EXP 	instrTaskText: autoDraw = False
50.4471 	EXP 	blockStart: autoDraw = True
51.6593 	EXP 	window1: mouseVisible = True
