1.8714 	WARNING 	We strongly recommend you activate the PTB sound engine in PsychoPy prefs as the preferred audio engine. Its timing is vastly superior. Your prefs are currently set to use ['pyo'] (in that order).
6.4904 	EXP 	Created window1 = Window(allowGUI=True, allowStencil=False, autoLog=True, backendConf=UNKNOWN, bitsMode=UNKNOWN, blendMode='avg', bpc=(8, 8, 8), color=array([0, 0, 0]), colorSpace='rgb', depthBits=8, fullscr=<method-wrapper '__getattribute__' of attributeSetter object at 0x00000242AE130D60>, gamma=None, gammaErrorPolicy='raise', lms=UNKNOWN, monitor=<psychopy.monitors.calibTools.Monitor object at 0x00000242D63AB940>, multiSample=False, name='window1', numSamples=2, pos=(0, 0), screen=0, size=array([2560, 1440]), stencilBits=0, stereo=False, units='height', useFBO=True, useRetina=False, viewOri=0.0, viewPos=None, viewScale=None, waitBlanking=True, winType='pyglet')
6.4905 	EXP 	window1: mouseVisible = True
6.4906 	EXP 	window1: mouseVisible = False
6.4906 	EXP 	window1: Attempting to measure frame rate of screen (0) ...
6.4906 	EXP 	window1: recordFrameIntervals = False
6.6569 	EXP 	window1: recordFrameIntervals = True
6.8401 	EXP 	Screen (0) actual frame rate measured at 59.90Hz
6.8402 	EXP 	window1: recordFrameIntervals = False
8.5446 	EXP 	Created instr_start = TextStim(__class__=<class 'psychopy.visual.text.TextStim'>, alignHoriz=method-wrapper(...), alignText='center', alignVert=method-wrapper(...), anchorHoriz='center', anchorVert='center', antialias=True, autoDraw=False, autoLog=True, bold=False, color=array([1., 1., 1.]), colorSpace='rgb', contrast=1.0, depth=0.0, flipHoriz=False, flipVert=False, font='Arial', fontFiles=[], height=0.04, italic=False, languageStyle='LTR', name='instr_start', opacity=1.0, ori=0, pos=array([0., 0.]), rgb=UNKNOWN, text=str(...), units='height', win=Window(...), wrapWidth=1)
8.5624 	EXP 	Created instrRest_pre = TextStim(__class__=<class 'psychopy.visual.text.TextStim'>, alignHoriz=method-wrapper(...), alignText='center', alignVert=method-wrapper(...), anchorHoriz='center', anchorVert='center', antialias=True, autoDraw=False, autoLog=True, bold=False, color=array([1., 1., 1.]), colorSpace='rgb', contrast=1.0, depth=-1.0, flipHoriz=False, flipVert=False, font='Arial', fontFiles=[], height=0.04, italic=False, languageStyle='LTR', name='instrRest_pre', opacity=1.0, ori=0, pos=array([0., 0.]), rgb=UNKNOWN, text=str(...), units='height', win=Window(...), wrapWidth=1)
9.5238 	EXP 	Set  sound=C
9.5466 	EXP 	Set beep_rest_pre_start sound=A
9.5466 	EXP 	Sound beep_rest_pre_start set volume 1.000
9.5543 	EXP 	Created fixation_1 = ShapeStim(__class__=<class 'psychopy.visual.shape.ShapeStim'>, anchor=('center', 'center'), autoDraw=False, autoLog=True, closeShape=True, color=method-wrapper(...), colorSpace='rgb', contrast=None, depth=-1.0, fillColor=array([1, 1, 1]), fillColorSpace='rgb', fillRGB=array([1, 1, 1]), interpolate=True, lineColor=array([1., 1., 1.]), lineColorSpace='rgb', lineRGB=array([1, 1, 1]), lineWidth=0.5, name='fixation_1', opacity=0.75, ori=0.0, pos=array([0., 0.]), size=array([0.05, 0.05]), units='height', vertices=ndarray(...), win=Window(...), windingRule=None)
9.5725 	EXP 	Created screenAfterAudio_3 = ImageStim(__class__=<class 'psychopy.visual.image.ImageStim'>, anchor=('center', 'center'), autoLog=True, color=array([1., 1., 1.]), colorSpace='rgb', contrast=1.0, depth=-3.0, flipHoriz=False, flipVert=False, image='images/grayScreen.png', interpolate=True, mask=None, maskParams=None, name='screenAfterAudio_3', opacity=1.0, ori=0.0, pos=array([0., 0.]), size=array([0.5, 0.5]), texRes=128.0, units='height', win=Window(...))
9.5737 	EXP 	Set beep_rest_pre_end sound=A
9.5738 	EXP 	Sound beep_rest_pre_end set volume 1.000
9.6250 	EXP 	Created instr_start_2 = TextStim(__class__=<class 'psychopy.visual.text.TextStim'>, alignHoriz=method-wrapper(...), alignText='center', alignVert=method-wrapper(...), anchorHoriz='center', anchorVert='center', antialias=True, autoDraw=False, autoLog=True, bold=False, color=array([1., 1., 1.]), colorSpace='rgb', contrast=1.0, depth=0.0, flipHoriz=False, flipVert=False, font='Arial', fontFiles=[], height=0.04, italic=False, languageStyle='LTR', name='instr_start_2', opacity=1.0, ori=0, pos=array([0., 0.]), rgb=UNKNOWN, text=str(...), units='height', win=Window(...), wrapWidth=1)
9.6383 	EXP 	Set sound_examples sound=A
9.6384 	EXP 	Sound sound_examples set volume 1.000
9.6401 	EXP 	Created fixation_2 = ShapeStim(__class__=<class 'psychopy.visual.shape.ShapeStim'>, anchor=('center', 'center'), autoDraw=False, autoLog=True, closeShape=True, color=method-wrapper(...), colorSpace='rgb', contrast=None, depth=-1.0, fillColor=array([1, 1, 1]), fillColorSpace='rgb', fillRGB=array([1, 1, 1]), interpolate=True, lineColor=array([1., 1., 1.]), lineColorSpace='rgb', lineRGB=array([1, 1, 1]), lineWidth=0.5, name='fixation_2', opacity=0.75, ori=0.0, pos=array([0., 0.]), size=array([0.05, 0.05]), units='height', vertices=ndarray(...), win=Window(...), windingRule=None)
9.6521 	EXP 	Created screenAfterAudio_2 = ImageStim(__class__=<class 'psychopy.visual.image.ImageStim'>, anchor=('center', 'center'), autoLog=True, color=array([1., 1., 1.]), colorSpace='rgb', contrast=1.0, depth=-3.0, flipHoriz=False, flipVert=False, image='images/grayScreen.png', interpolate=True, mask=None, maskParams=None, name='screenAfterAudio_2', opacity=1.0, ori=0.0, pos=array([0., 0.]), size=array([0.5, 0.5]), texRes=128.0, units='height', win=Window(...))
9.6641 	EXP 	Created blankScreen_2 = ImageStim(__class__=<class 'psychopy.visual.image.ImageStim'>, anchor=('center', 'center'), autoLog=True, color=array([1., 1., 1.]), colorSpace='rgb', contrast=1.0, depth=-4.0, flipHoriz=False, flipVert=False, image='images/grayScreen.png', interpolate=True, mask=None, maskParams=None, name='blankScreen_2', opacity=1.0, ori=0.0, pos=array([0., 0.]), size=array([1920., 1080.]), texRes=128, units='height', win=Window(...))
9.6898 	EXP 	Created call1_2 = ImageStim(__class__=<class 'psychopy.visual.image.ImageStim'>, anchor=('center', 'center'), autoLog=True, color=array([1., 1., 1.]), colorSpace='rgb', contrast=1.0, depth=-5.0, flipHoriz=False, flipVert=False, image='images/adler.png', interpolate=True, mask=None, maskParams=None, name='call1_2', opacity=1.0, ori=0.0, pos=array([-0.4   ,  0.3125]), size=array([0.18, 0.18]), texRes=128, units='height', win=Window(...))
9.7148 	EXP 	Created call2_2 = ImageStim(__class__=<class 'psychopy.visual.image.ImageStim'>, anchor=('center', 'center'), autoLog=True, color=array([1., 1., 1.]), colorSpace='rgb', contrast=1.0, depth=-6.0, flipHoriz=False, flipVert=False, image='images/drossel.png', interpolate=True, mask=None, maskParams=None, name='call2_2', opacity=1.0, ori=0.0, pos=array([-0.4       ,  0.10416667]), size=array([0.18, 0.18]), texRes=128, units='height', win=Window(...))
9.7410 	EXP 	Created call3_2 = ImageStim(__class__=<class 'psychopy.visual.image.ImageStim'>, anchor=('center', 'center'), autoLog=True, color=array([1., 1., 1.]), colorSpace='rgb', contrast=1.0, depth=-7.0, flipHoriz=False, flipVert=False, image='images/kroete.png', interpolate=True, mask=None, maskParams=None, name='call3_2', opacity=1.0, ori=0.0, pos=array([-0.4       , -0.10416667]), size=array([0.18, 0.18]), texRes=128, units='height', win=Window(...))
9.7652 	EXP 	Created call4_2 = ImageStim(__class__=<class 'psychopy.visual.image.ImageStim'>, anchor=('center', 'center'), autoLog=True, color=array([1., 1., 1.]), colorSpace='rgb', contrast=1.0, depth=-8.0, flipHoriz=False, flipVert=False, image='images/tiger.png', interpolate=True, mask=None, maskParams=None, name='call4_2', opacity=1.0, ori=0.0, pos=array([-0.4   , -0.3125]), size=array([0.18, 0.18]), texRes=128, units='height', win=Window(...))
9.7836 	EXP 	Created colour1_2 = ImageStim(__class__=<class 'psychopy.visual.image.ImageStim'>, anchor=('center', 'center'), autoLog=True, color=array([1., 1., 1.]), colorSpace='rgb', contrast=1.0, depth=-9.0, flipHoriz=False, flipVert=False, image='images/gelb.png', interpolate=True, mask=None, maskParams=None, name='colour1_2', opacity=1.0, ori=0.0, pos=array([0.    , 0.3125]), size=array([0.18, 0.18]), texRes=128, units='height', win=Window(...))
9.8025 	EXP 	Created colour2_2 = ImageStim(__class__=<class 'psychopy.visual.image.ImageStim'>, anchor=('center', 'center'), autoLog=True, color=array([1., 1., 1.]), colorSpace='rgb', contrast=1.0, depth=-10.0, flipHoriz=False, flipVert=False, image='images/gruen.png', interpolate=True, mask=None, maskParams=None, name='colour2_2', opacity=1.0, ori=0.0, pos=array([0.        , 0.10416667]), size=array([0.18, 0.18]), texRes=128, units='height', win=Window(...))
9.8209 	EXP 	Created colour3_2 = ImageStim(__class__=<class 'psychopy.visual.image.ImageStim'>, anchor=('center', 'center'), autoLog=True, color=array([1., 1., 1.]), colorSpace='rgb', contrast=1.0, depth=-11.0, flipHoriz=False, flipVert=False, image='images/rot.png', interpolate=True, mask=None, maskParams=None, name='colour3_2', opacity=1.0, ori=0.0, pos=array([ 0.        , -0.10416667]), size=array([0.18, 0.18]), texRes=128, units='height', win=Window(...))
9.8461 	EXP 	Created colour4_2 = ImageStim(__class__=<class 'psychopy.visual.image.ImageStim'>, anchor=('center', 'center'), autoLog=True, color=array([1., 1., 1.]), colorSpace='rgb', contrast=1.0, depth=-12.0, flipHoriz=False, flipVert=False, image='images/weiss.png', interpolate=True, mask=None, maskParams=None, name='colour4_2', opacity=1.0, ori=0.0, pos=array([ 0.    , -0.3125]), size=array([0.18, 0.18]), texRes=128, units='height', win=Window(...))
9.8657 	EXP 	Created number1_2 = ImageStim(__class__=<class 'psychopy.visual.image.ImageStim'>, anchor=('center', 'center'), autoLog=True, color=array([1., 1., 1.]), colorSpace='rgb', contrast=1.0, depth=-13.0, flipHoriz=False, flipVert=False, image='images/1.png', interpolate=True, mask=None, maskParams=None, name='number1_2', opacity=1.0, ori=0.0, pos=array([0.4   , 0.3125]), size=array([0.18, 0.18]), texRes=128, units='height', win=Window(...))
9.8886 	EXP 	Created number2_2 = ImageStim(__class__=<class 'psychopy.visual.image.ImageStim'>, anchor=('center', 'center'), autoLog=True, color=array([1., 1., 1.]), colorSpace='rgb', contrast=1.0, depth=-14.0, flipHoriz=False, flipVert=False, image='images/2.png', interpolate=True, mask=None, maskParams=None, name='number2_2', opacity=1.0, ori=0.0, pos=array([0.4       , 0.10416667]), size=array([0.18, 0.18]), texRes=128, units='height', win=Window(...))
9.9075 	EXP 	Created number3_2 = ImageStim(__class__=<class 'psychopy.visual.image.ImageStim'>, anchor=('center', 'center'), autoLog=True, color=array([1., 1., 1.]), colorSpace='rgb', contrast=1.0, depth=-15.0, flipHoriz=False, flipVert=False, image='images/3.png', interpolate=True, mask=None, maskParams=None, name='number3_2', opacity=1.0, ori=0.0, pos=array([ 0.4       , -0.10416667]), size=array([0.18, 0.18]), texRes=128, units='height', win=Window(...))
9.9265 	EXP 	Created number4_2 = ImageStim(__class__=<class 'psychopy.visual.image.ImageStim'>, anchor=('center', 'center'), autoLog=True, color=array([1., 1., 1.]), colorSpace='rgb', contrast=1.0, depth=-16.0, flipHoriz=False, flipVert=False, image='images/4.png', interpolate=True, mask=None, maskParams=None, name='number4_2', opacity=1.0, ori=0.0, pos=array([ 0.4   , -0.3125]), size=array([0.18, 0.18]), texRes=128, units='height', win=Window(...))
9.9269 	EXP 	window1: mouseVisible = True
9.9269 	EXP 	window1: mouseVisible = True
9.9270 	EXP 	window1: mouseVisible = True
9.9467 	EXP 	Created blankScreenAfterResponse_2 = ImageStim(__class__=<class 'psychopy.visual.image.ImageStim'>, anchor=('center', 'center'), autoLog=True, color=array([1., 1., 1.]), colorSpace='rgb', contrast=1.0, depth=-25.0, flipHoriz=False, flipVert=False, image='images/grayScreen.png', interpolate=True, mask=None, maskParams=None, name='blankScreenAfterResponse_2', opacity=1.0, ori=0.0, pos=array([0., 0.]), size=array([1920., 1080.]), texRes=128, units='height', win=Window(...))
9.9611 	EXP 	Created instrTaskText = TextStim(__class__=<class 'psychopy.visual.text.TextStim'>, alignHoriz=method-wrapper(...), alignText='center', alignVert=method-wrapper(...), anchorHoriz='center', anchorVert='center', antialias=True, autoDraw=False, autoLog=True, bold=False, color=array([1., 1., 1.]), colorSpace='rgb', contrast=1.0, depth=0.0, flipHoriz=False, flipVert=False, font='Arial', fontFiles=[], height=0.04, italic=False, languageStyle='LTR', name='instrTaskText', opacity=1.0, ori=0, pos=array([0., 0.]), rgb=UNKNOWN, text=str(...), units='height', win=Window(...), wrapWidth=1)
9.9704 	EXP 	Created blockStart = TextStim(__class__=<class 'psychopy.visual.text.TextStim'>, alignHoriz=method-wrapper(...), alignText='center', alignVert=method-wrapper(...), anchorHoriz='center', anchorVert='center', antialias=True, autoDraw=False, autoLog=True, bold=False, color=array([1., 1., 1.]), colorSpace='rgb', contrast=1.0, depth=0.0, flipHoriz=False, flipVert=False, font='Arial', fontFiles=[], height=0.04, italic=False, languageStyle='LTR', name='blockStart', opacity=1.0, ori=0, pos=array([0., 0.]), rgb=UNKNOWN, text=str(...), units='height', win=Window(...), wrapWidth=1)
9.9835 	EXP 	Set sound_1 sound=A
9.9835 	EXP 	Sound sound_1 set volume 1.000
9.9853 	EXP 	Created fixation = ShapeStim(__class__=<class 'psychopy.visual.shape.ShapeStim'>, anchor=('center', 'center'), autoDraw=False, autoLog=True, closeShape=True, color=method-wrapper(...), colorSpace='rgb', contrast=None, depth=-2.0, fillColor=array([1, 1, 1]), fillColorSpace='rgb', fillRGB=array([1, 1, 1]), interpolate=True, lineColor=array([1., 1., 1.]), lineColorSpace='rgb', lineRGB=array([1, 1, 1]), lineWidth=0.5, name='fixation', opacity=0.75, ori=0.0, pos=array([0., 0.]), size=array([0.05, 0.05]), units='height', vertices=ndarray(...), win=Window(...), windingRule=None)
9.9989 	EXP 	Created screenAfterAudio = ImageStim(__class__=<class 'psychopy.visual.image.ImageStim'>, anchor=('center', 'center'), autoLog=True, color=array([1., 1., 1.]), colorSpace='rgb', contrast=1.0, depth=-4.0, flipHoriz=False, flipVert=False, image='images/grayScreen.png', interpolate=True, mask=None, maskParams=None, name='screenAfterAudio', opacity=1.0, ori=0.0, pos=array([0., 0.]), size=array([0.5, 0.5]), texRes=128.0, units='height', win=Window(...))
10.0109 	EXP 	Created blankScreen = ImageStim(__class__=<class 'psychopy.visual.image.ImageStim'>, anchor=('center', 'center'), autoLog=True, color=array([1., 1., 1.]), colorSpace='rgb', contrast=1.0, depth=-4.0, flipHoriz=False, flipVert=False, image='images/grayScreen.png', interpolate=True, mask=None, maskParams=None, name='blankScreen', opacity=1.0, ori=0.0, pos=array([0., 0.]), size=array([1920., 1080.]), texRes=128, units='height', win=Window(...))
10.0260 	EXP 	Created call1 = ImageStim(__class__=<class 'psychopy.visual.image.ImageStim'>, anchor=('center', 'center'), autoLog=True, color=array([1., 1., 1.]), colorSpace='rgb', contrast=1.0, depth=-5.0, flipHoriz=False, flipVert=False, image='images/adler.png', interpolate=True, mask=None, maskParams=None, name='call1', opacity=1.0, ori=0.0, pos=array([-0.4   ,  0.3125]), size=array([0.18, 0.18]), texRes=128, units='height', win=Window(...))
10.0413 	EXP 	Created call2 = ImageStim(__class__=<class 'psychopy.visual.image.ImageStim'>, anchor=('center', 'center'), autoLog=True, color=array([1., 1., 1.]), colorSpace='rgb', contrast=1.0, depth=-6.0, flipHoriz=False, flipVert=False, image='images/drossel.png', interpolate=True, mask=None, maskParams=None, name='call2', opacity=1.0, ori=0.0, pos=array([-0.4       ,  0.10416667]), size=array([0.18, 0.18]), texRes=128, units='height', win=Window(...))
10.0568 	EXP 	Created call3 = ImageStim(__class__=<class 'psychopy.visual.image.ImageStim'>, anchor=('center', 'center'), autoLog=True, color=array([1., 1., 1.]), colorSpace='rgb', contrast=1.0, depth=-7.0, flipHoriz=False, flipVert=False, image='images/kroete.png', interpolate=True, mask=None, maskParams=None, name='call3', opacity=1.0, ori=0.0, pos=array([-0.4       , -0.10416667]), size=array([0.18, 0.18]), texRes=128, units='height', win=Window(...))
10.0737 	EXP 	Created call4 = ImageStim(__class__=<class 'psychopy.visual.image.ImageStim'>, anchor=('center', 'center'), autoLog=True, color=array([1., 1., 1.]), colorSpace='rgb', contrast=1.0, depth=-8.0, flipHoriz=False, flipVert=False, image='images/tiger.png', interpolate=True, mask=None, maskParams=None, name='call4', opacity=1.0, ori=0.0, pos=array([-0.4   , -0.3125]), size=array([0.18, 0.18]), texRes=128, units='height', win=Window(...))
10.0878 	EXP 	Created colour1 = ImageStim(__class__=<class 'psychopy.visual.image.ImageStim'>, anchor=('center', 'center'), autoLog=True, color=array([1., 1., 1.]), colorSpace='rgb', contrast=1.0, depth=-9.0, flipHoriz=False, flipVert=False, image='images/gelb.png', interpolate=True, mask=None, maskParams=None, name='colour1', opacity=1.0, ori=0.0, pos=array([0.    , 0.3125]), size=array([0.18, 0.18]), texRes=128, units='height', win=Window(...))
10.1018 	EXP 	Created colour2 = ImageStim(__class__=<class 'psychopy.visual.image.ImageStim'>, anchor=('center', 'center'), autoLog=True, color=array([1., 1., 1.]), colorSpace='rgb', contrast=1.0, depth=-10.0, flipHoriz=False, flipVert=False, image='images/gruen.png', interpolate=True, mask=None, maskParams=None, name='colour2', opacity=1.0, ori=0.0, pos=array([0.        , 0.10416667]), size=array([0.18, 0.18]), texRes=128, units='height', win=Window(...))
10.1153 	EXP 	Created colour3 = ImageStim(__class__=<class 'psychopy.visual.image.ImageStim'>, anchor=('center', 'center'), autoLog=True, color=array([1., 1., 1.]), colorSpace='rgb', contrast=1.0, depth=-11.0, flipHoriz=False, flipVert=False, image='images/rot.png', interpolate=True, mask=None, maskParams=None, name='colour3', opacity=1.0, ori=0.0, pos=array([ 0.        , -0.10416667]), size=array([0.18, 0.18]), texRes=128, units='height', win=Window(...))
10.1343 	EXP 	Created colour4 = ImageStim(__class__=<class 'psychopy.visual.image.ImageStim'>, anchor=('center', 'center'), autoLog=True, color=array([1., 1., 1.]), colorSpace='rgb', contrast=1.0, depth=-12.0, flipHoriz=False, flipVert=False, image='images/weiss.png', interpolate=True, mask=None, maskParams=None, name='colour4', opacity=1.0, ori=0.0, pos=array([ 0.    , -0.3125]), size=array([0.18, 0.18]), texRes=128, units='height', win=Window(...))
10.1485 	EXP 	Created number1 = ImageStim(__class__=<class 'psychopy.visual.image.ImageStim'>, anchor=('center', 'center'), autoLog=True, color=array([1., 1., 1.]), colorSpace='rgb', contrast=1.0, depth=-13.0, flipHoriz=False, flipVert=False, image='images/1.png', interpolate=True, mask=None, maskParams=None, name='number1', opacity=1.0, ori=0.0, pos=array([0.4   , 0.3125]), size=array([0.18, 0.18]), texRes=128, units='height', win=Window(...))
10.1632 	EXP 	Created number2 = ImageStim(__class__=<class 'psychopy.visual.image.ImageStim'>, anchor=('center', 'center'), autoLog=True, color=array([1., 1., 1.]), colorSpace='rgb', contrast=1.0, depth=-14.0, flipHoriz=False, flipVert=False, image='images/2.png', interpolate=True, mask=None, maskParams=None, name='number2', opacity=1.0, ori=0.0, pos=array([0.4       , 0.10416667]), size=array([0.18, 0.18]), texRes=128, units='height', win=Window(...))
10.1764 	EXP 	Created number3 = ImageStim(__class__=<class 'psychopy.visual.image.ImageStim'>, anchor=('center', 'center'), autoLog=True, color=array([1., 1., 1.]), colorSpace='rgb', contrast=1.0, depth=-15.0, flipHoriz=False, flipVert=False, image='images/3.png', interpolate=True, mask=None, maskParams=None, name='number3', opacity=1.0, ori=0.0, pos=array([ 0.4       , -0.10416667]), size=array([0.18, 0.18]), texRes=128, units='height', win=Window(...))
10.1903 	EXP 	Created number4 = ImageStim(__class__=<class 'psychopy.visual.image.ImageStim'>, anchor=('center', 'center'), autoLog=True, color=array([1., 1., 1.]), colorSpace='rgb', contrast=1.0, depth=-16.0, flipHoriz=False, flipVert=False, image='images/4.png', interpolate=True, mask=None, maskParams=None, name='number4', opacity=1.0, ori=0.0, pos=array([ 0.4   , -0.3125]), size=array([0.18, 0.18]), texRes=128, units='height', win=Window(...))
10.1903 	EXP 	window1: mouseVisible = True
10.1904 	EXP 	window1: mouseVisible = True
10.1904 	EXP 	window1: mouseVisible = True
10.2111 	EXP 	Created blankScreenAfterResponse = ImageStim(__class__=<class 'psychopy.visual.image.ImageStim'>, anchor=('center', 'center'), autoLog=True, color=array([1., 1., 1.]), colorSpace='rgb', contrast=1.0, depth=-25.0, flipHoriz=False, flipVert=False, image='images/blankScreen.png', interpolate=True, mask=None, maskParams=None, name='blankScreenAfterResponse', opacity=1.0, ori=0.0, pos=array([0., 0.]), size=array([1920., 1080.]), texRes=128, units='height', win=Window(...))
10.2282 	EXP 	Created instrRest_post = TextStim(__class__=<class 'psychopy.visual.text.TextStim'>, alignHoriz=method-wrapper(...), alignText='center', alignVert=method-wrapper(...), anchorHoriz='center', anchorVert='center', antialias=True, autoDraw=False, autoLog=True, bold=False, color=array([1., 1., 1.]), colorSpace='rgb', contrast=1.0, depth=0.0, flipHoriz=False, flipVert=False, font='Arial', fontFiles=[], height=0.04, italic=False, languageStyle='LTR', name='instrRest_post', opacity=1.0, ori=0, pos=array([0., 0.]), rgb=UNKNOWN, text=str(...), units='height', win=Window(...), wrapWidth=1)
10.2304 	EXP 	Created restBlock_2 = TextStim(__class__=<class 'psychopy.visual.text.TextStim'>, alignHoriz=method-wrapper(...), alignText='center', alignVert=method-wrapper(...), anchorHoriz='center', anchorVert='center', antialias=True, autoDraw=False, autoLog=True, bold=False, color=array([1., 1., 1.]), colorSpace='rgb', contrast=1.0, depth=0.0, flipHoriz=False, flipVert=False, font='Arial', fontFiles=[], height=0.04, italic=False, languageStyle='LTR', name='restBlock_2', opacity=1.0, ori=0, pos=array([0., 0.]), rgb=UNKNOWN, text='Begin  block ', units='height', win=Window(...), wrapWidth=1)
10.2359 	EXP 	Created thanksText_end = TextStim(__class__=<class 'psychopy.visual.text.TextStim'>, alignHoriz=method-wrapper(...), alignText='center', alignVert=method-wrapper(...), anchorHoriz='center', anchorVert='center', antialias=True, autoDraw=False, autoLog=True, bold=False, color=array([1., 1., 1.]), colorSpace='rgb', contrast=1.0, depth=0.0, flipHoriz=False, flipVert=False, font='Arial', fontFiles=[], height=0.04, italic=False, languageStyle='LTR', name='thanksText_end', opacity=1.0, ori=0, pos=array([0., 0.]), rgb=UNKNOWN, text=str(...), units='height', win=Window(...), wrapWidth=1)
10.2360 	EXP 	window1: mouseVisible = False
10.2477 	EXP 	instr_start: autoDraw = True
10.6302 	EXP 	window1: mouseVisible = False
10.6321 	DATA 	Keypress: space
10.6459 	EXP 	instr_start: autoDraw = False
10.6459 	EXP 	instrRest_pre: autoDraw = True
10.8493 	EXP 	Set beep_rest_pre_start sound=click_beep.wav
10.8494 	EXP 	window1: mouseVisible = False
10.8523 	EXP 	Set beep_rest_pre_end sound=click_beep.wav
10.8531 	EXP 	Sound beep_rest_pre_start started
10.8556 	DATA 	Keypress: space
10.8596 	EXP 	instrRest_pre: autoDraw = False
10.8596 	EXP 	fixation_1: autoDraw = True
10.9775 	DATA 	Keypress: space
11.4443 	DATA 	Keypress: space
14.8470 	EXP 	Sound beep_rest_pre_end started
14.8626 	EXP 	fixation_1: autoDraw = False
14.8626 	EXP 	screenAfterAudio_3: autoDraw = True
14.8626 	EXP 	screenAfterAudio_3: autoDraw = False
15.8469 	EXP 	Sound beep_rest_pre_end stopped
15.8474 	EXP 	Sound beep_rest_pre_start stopped
15.8474 	EXP 	Sound beep_rest_pre_end stopped
15.8475 	EXP 	window1: mouseVisible = False
15.8635 	EXP 	fixation_1: autoDraw = False
15.8635 	EXP 	screenAfterAudio_3: autoDraw = False
15.8635 	EXP 	instr_start_2: autoDraw = True
16.2992 	DATA 	Mouse: Left button down, pos=(575,880)
16.3993 	DATA 	Mouse:  Left button up, pos=(577,879)
16.8828 	DATA 	Keypress: m
16.8998 	DATA 	Keypress: n
17.0593 	EXP 	Imported Example_list.csv as conditions, 2 conditions, 4 params
17.0597 	EXP 	Created sequence: random, trialTypes=2, nReps=1, seed=None
17.0599 	EXP 	New trial (rep=0, index=0): OrderedDict([('audiofile', 'audio/NV_DE_Neural2-D_Dr-we-Ei_0.9p.wav'), ('callSign', 'Dr'), ('colour', 'we'), ('number', 'Ei')])
17.0867 	EXP 	Set sound_examples sound=audio/NV_DE_Neural2-D_Dr-we-Ei_0.9p.wav
17.0867 	EXP 	window1: mouseVisible = False
17.0874 	EXP 	Sound sound_examples started
17.0889 	DATA 	Keypress: space
17.0980 	EXP 	instr_start_2: autoDraw = False
17.0980 	EXP 	fixation_2: autoDraw = True
17.2161 	DATA 	Keypress: space
18.0666 	DATA 	Mouse: Left button down, pos=(81,642)
18.1167 	DATA 	Mouse:  Left button up, pos=(102,657)
22.5531 	EXP 	Sound sound_examples stopped
22.6769 	EXP 	window1: mouseVisible = False
22.6861 	EXP 	fixation_2: autoDraw = False
22.6861 	EXP 	screenAfterAudio_2: autoDraw = True
22.6861 	EXP 	screenAfterAudio_2: autoDraw = False
22.6861 	EXP 	fixation_2: autoDraw = False
22.6861 	EXP 	screenAfterAudio_2: autoDraw = False
22.6861 	EXP 	call1_2: texRes = 128
22.6861 	EXP 	call2_2: texRes = 128
22.6861 	EXP 	call3_2: texRes = 128
22.6861 	EXP 	call4_2: texRes = 128
22.6861 	EXP 	colour1_2: texRes = 128
22.6861 	EXP 	colour2_2: texRes = 128
22.6861 	EXP 	colour3_2: texRes = 128
22.6861 	EXP 	colour4_2: texRes = 128
22.6861 	EXP 	number1_2: texRes = 128
22.6861 	EXP 	number2_2: texRes = 128
22.6861 	EXP 	number3_2: texRes = 128
22.6861 	EXP 	number4_2: texRes = 128
22.6861 	EXP 	blankScreen_2: autoDraw = True
22.6863 	EXP 	window1: mouseVisible = False
22.7030 	EXP 	window1: mouseVisible = False
22.7193 	EXP 	window1: mouseVisible = False
22.7360 	EXP 	window1: mouseVisible = False
22.7526 	EXP 	window1: mouseVisible = False
22.7693 	EXP 	window1: mouseVisible = False
22.7860 	EXP 	window1: mouseVisible = False
22.8027 	EXP 	window1: mouseVisible = False
22.8193 	EXP 	window1: mouseVisible = False
22.8360 	EXP 	window1: mouseVisible = False
22.8527 	EXP 	window1: mouseVisible = False
22.8694 	EXP 	window1: mouseVisible = False
22.8860 	EXP 	window1: mouseVisible = False
22.9026 	EXP 	window1: mouseVisible = False
22.9194 	EXP 	window1: mouseVisible = False
22.9361 	EXP 	window1: mouseVisible = False
22.9527 	EXP 	window1: mouseVisible = False
22.9693 	EXP 	window1: mouseVisible = False
22.9862 	EXP 	window1: mouseVisible = False
23.0028 	EXP 	window1: mouseVisible = False
23.0194 	EXP 	window1: mouseVisible = False
23.0363 	EXP 	window1: mouseVisible = False
23.0529 	EXP 	window1: mouseVisible = False
23.0694 	EXP 	window1: mouseVisible = False
23.0861 	EXP 	window1: mouseVisible = False
23.1029 	EXP 	window1: mouseVisible = False
23.1195 	EXP 	window1: mouseVisible = False
23.1362 	EXP 	window1: mouseVisible = False
23.1530 	EXP 	window1: mouseVisible = False
23.1696 	EXP 	window1: mouseVisible = False
23.1863 	EXP 	window1: mouseVisible = False
23.2029 	EXP 	window1: mouseVisible = False
23.2197 	EXP 	window1: mouseVisible = False
23.2364 	EXP 	window1: mouseVisible = False
23.2530 	EXP 	window1: mouseVisible = False
23.2698 	EXP 	window1: mouseVisible = False
23.2866 	EXP 	window1: mouseVisible = False
23.3030 	EXP 	window1: mouseVisible = False
23.3198 	EXP 	window1: mouseVisible = False
23.3364 	EXP 	window1: mouseVisible = False
23.3531 	EXP 	window1: mouseVisible = False
23.3699 	EXP 	window1: mouseVisible = False
23.3865 	EXP 	window1: mouseVisible = False
23.4032 	EXP 	window1: mouseVisible = False
23.4197 	EXP 	window1: mouseVisible = False
23.4366 	EXP 	window1: mouseVisible = False
23.4531 	EXP 	window1: mouseVisible = False
23.4698 	EXP 	window1: mouseVisible = False
23.4865 	EXP 	window1: mouseVisible = False
23.5031 	EXP 	window1: mouseVisible = False
23.5200 	EXP 	window1: mouseVisible = False
23.5366 	EXP 	window1: mouseVisible = False
23.5533 	EXP 	window1: mouseVisible = False
23.5699 	EXP 	window1: mouseVisible = False
23.5866 	EXP 	window1: mouseVisible = False
23.6032 	EXP 	window1: mouseVisible = False
23.6199 	EXP 	window1: mouseVisible = False
23.6367 	EXP 	window1: mouseVisible = False
23.6534 	EXP 	window1: mouseVisible = False
23.6701 	EXP 	window1: mouseVisible = False
23.6866 	EXP 	blankScreen_2: autoDraw = False
23.6866 	EXP 	call1_2: autoDraw = True
23.6866 	EXP 	call2_2: autoDraw = True
23.6866 	EXP 	call3_2: autoDraw = True
23.6866 	EXP 	call4_2: autoDraw = True
23.6866 	EXP 	colour1_2: autoDraw = True
23.6866 	EXP 	colour2_2: autoDraw = True
23.6866 	EXP 	colour3_2: autoDraw = True
23.6866 	EXP 	colour4_2: autoDraw = True
23.6866 	EXP 	number1_2: autoDraw = True
23.6866 	EXP 	number2_2: autoDraw = True
23.6866 	EXP 	number3_2: autoDraw = True
23.6866 	EXP 	number4_2: autoDraw = True
23.6868 	EXP 	window1: mouseVisible = False
23.6872 	EXP 	window1: mouseVisible = True
23.7036 	EXP 	window1: mouseVisible = False
23.7038 	EXP 	window1: mouseVisible = True
23.7201 	EXP 	window1: mouseVisible = False
23.7203 	EXP 	window1: mouseVisible = True
23.7368 	EXP 	window1: mouseVisible = False
23.7370 	EXP 	window1: mouseVisible = True
23.7536 	EXP 	window1: mouseVisible = False
23.7538 	EXP 	window1: mouseVisible = True
23.7705 	EXP 	window1: mouseVisible = False
23.7709 	EXP 	window1: mouseVisible = True
23.7870 	EXP 	window1: mouseVisible = False
23.7872 	EXP 	window1: mouseVisible = True
23.8037 	EXP 	window1: mouseVisible = False
23.8039 	EXP 	window1: mouseVisible = True
23.8202 	EXP 	window1: mouseVisible = False
23.8204 	EXP 	window1: mouseVisible = True
23.8368 	EXP 	window1: mouseVisible = False
23.8370 	EXP 	window1: mouseVisible = True
23.8537 	EXP 	window1: mouseVisible = False
23.8540 	EXP 	window1: mouseVisible = True
23.8704 	EXP 	window1: mouseVisible = False
23.8706 	EXP 	window1: mouseVisible = True
23.8869 	EXP 	window1: mouseVisible = False
23.8872 	EXP 	window1: mouseVisible = True
23.9036 	EXP 	window1: mouseVisible = False
23.9038 	EXP 	window1: mouseVisible = True
23.9204 	EXP 	window1: mouseVisible = False
23.9205 	EXP 	window1: mouseVisible = True
23.9369 	EXP 	window1: mouseVisible = False
23.9371 	EXP 	window1: mouseVisible = True
23.9536 	EXP 	window1: mouseVisible = False
23.9538 	EXP 	window1: mouseVisible = True
23.9704 	EXP 	window1: mouseVisible = False
23.9706 	EXP 	window1: mouseVisible = True
23.9871 	EXP 	window1: mouseVisible = False
23.9873 	EXP 	window1: mouseVisible = True
24.0037 	EXP 	window1: mouseVisible = False
24.0039 	EXP 	window1: mouseVisible = True
24.0203 	EXP 	window1: mouseVisible = False
24.0207 	EXP 	window1: mouseVisible = True
24.0371 	EXP 	window1: mouseVisible = False
24.0375 	EXP 	window1: mouseVisible = True
24.0537 	EXP 	window1: mouseVisible = False
24.0539 	EXP 	window1: mouseVisible = True
24.0705 	EXP 	window1: mouseVisible = False
24.0708 	EXP 	window1: mouseVisible = True
24.0873 	EXP 	window1: mouseVisible = False
24.0875 	EXP 	window1: mouseVisible = True
24.1038 	EXP 	window1: mouseVisible = False
24.1040 	EXP 	window1: mouseVisible = True
24.1205 	EXP 	window1: mouseVisible = False
24.1207 	EXP 	window1: mouseVisible = True
24.1371 	EXP 	window1: mouseVisible = False
24.1373 	EXP 	window1: mouseVisible = True
24.1539 	EXP 	window1: mouseVisible = False
24.1541 	EXP 	window1: mouseVisible = True
24.1705 	EXP 	window1: mouseVisible = False
24.1707 	EXP 	window1: mouseVisible = True
24.1872 	EXP 	window1: mouseVisible = False
24.1874 	EXP 	window1: mouseVisible = True
24.2039 	EXP 	window1: mouseVisible = False
24.2041 	EXP 	window1: mouseVisible = True
24.2206 	EXP 	window1: mouseVisible = False
24.2208 	EXP 	window1: mouseVisible = True
24.2210 	DATA 	Mouse: Left button down, pos=(809,454)
24.2538 	EXP 	call1_2: texRes = 128
24.2538 	EXP 	call2_2: texRes = 128
24.2538 	EXP 	call4_2: texRes = 128
24.2541 	EXP 	window1: mouseVisible = False
24.2544 	EXP 	window1: mouseVisible = True
24.2705 	EXP 	window1: mouseVisible = False
24.2708 	EXP 	window1: mouseVisible = True
24.2875 	EXP 	window1: mouseVisible = False
24.2879 	EXP 	window1: mouseVisible = True
24.3039 	EXP 	window1: mouseVisible = False
24.3041 	EXP 	window1: mouseVisible = True
24.3043 	DATA 	Mouse:  Left button up, pos=(809,454)
24.3206 	EXP 	window1: mouseVisible = False
24.3208 	EXP 	window1: mouseVisible = True
24.3374 	EXP 	window1: mouseVisible = False
24.3376 	EXP 	window1: mouseVisible = True
24.3540 	EXP 	window1: mouseVisible = False
24.3542 	EXP 	window1: mouseVisible = True
24.3707 	EXP 	window1: mouseVisible = False
24.3709 	EXP 	window1: mouseVisible = True
24.3874 	EXP 	window1: mouseVisible = False
24.3875 	EXP 	window1: mouseVisible = True
24.4040 	EXP 	window1: mouseVisible = False
24.4041 	EXP 	window1: mouseVisible = True
24.4207 	EXP 	window1: mouseVisible = False
24.4210 	EXP 	window1: mouseVisible = True
24.4374 	EXP 	window1: mouseVisible = False
24.4376 	EXP 	window1: mouseVisible = True
24.4541 	EXP 	window1: mouseVisible = False
24.4543 	EXP 	window1: mouseVisible = True
24.4708 	EXP 	window1: mouseVisible = False
24.4711 	EXP 	window1: mouseVisible = True
24.4875 	EXP 	window1: mouseVisible = False
24.4877 	EXP 	window1: mouseVisible = True
24.5042 	EXP 	window1: mouseVisible = False
24.5044 	EXP 	window1: mouseVisible = True
24.5209 	EXP 	window1: mouseVisible = False
24.5214 	EXP 	window1: mouseVisible = True
24.5376 	EXP 	window1: mouseVisible = False
24.5379 	EXP 	window1: mouseVisible = True
24.5542 	EXP 	window1: mouseVisible = False
24.5544 	EXP 	window1: mouseVisible = True
24.5709 	EXP 	window1: mouseVisible = False
24.5713 	EXP 	window1: mouseVisible = True
24.5875 	EXP 	window1: mouseVisible = False
24.5877 	EXP 	window1: mouseVisible = True
24.5899 	DATA 	Mouse: Left button down, pos=(1341,532)
24.6043 	EXP 	window1: mouseVisible = False
24.6045 	EXP 	window1: mouseVisible = True
24.6374 	EXP 	colour1_2: texRes = 128
24.6374 	EXP 	colour2_2: texRes = 128
24.6374 	EXP 	colour4_2: texRes = 128
24.6376 	EXP 	window1: mouseVisible = False
24.6379 	EXP 	window1: mouseVisible = True
24.6541 	EXP 	window1: mouseVisible = False
24.6543 	EXP 	window1: mouseVisible = True
24.6710 	EXP 	window1: mouseVisible = False
24.6713 	EXP 	window1: mouseVisible = True
24.6877 	EXP 	window1: mouseVisible = False
24.6880 	EXP 	window1: mouseVisible = True
24.6882 	DATA 	Mouse:  Left button up, pos=(1341,532)
24.7047 	EXP 	window1: mouseVisible = False
24.7049 	EXP 	window1: mouseVisible = True
24.7210 	EXP 	window1: mouseVisible = False
24.7212 	EXP 	window1: mouseVisible = True
24.7376 	EXP 	window1: mouseVisible = False
24.7378 	EXP 	window1: mouseVisible = True
24.7543 	EXP 	window1: mouseVisible = False
24.7546 	EXP 	window1: mouseVisible = True
24.7710 	EXP 	window1: mouseVisible = False
24.7712 	EXP 	window1: mouseVisible = True
24.7877 	EXP 	window1: mouseVisible = False
24.7879 	EXP 	window1: mouseVisible = True
24.8043 	EXP 	window1: mouseVisible = False
24.8045 	EXP 	window1: mouseVisible = True
24.8212 	EXP 	window1: mouseVisible = False
24.8215 	EXP 	window1: mouseVisible = True
24.8377 	EXP 	window1: mouseVisible = False
24.8379 	EXP 	window1: mouseVisible = True
24.8545 	EXP 	window1: mouseVisible = False
24.8547 	EXP 	window1: mouseVisible = True
24.8711 	EXP 	window1: mouseVisible = False
24.8714 	EXP 	window1: mouseVisible = True
24.8878 	EXP 	window1: mouseVisible = False
24.8881 	EXP 	window1: mouseVisible = True
24.9047 	EXP 	window1: mouseVisible = False
24.9050 	EXP 	window1: mouseVisible = True
24.9211 	EXP 	window1: mouseVisible = False
24.9213 	EXP 	window1: mouseVisible = True
24.9379 	EXP 	window1: mouseVisible = False
24.9381 	EXP 	window1: mouseVisible = True
24.9544 	EXP 	window1: mouseVisible = False
24.9546 	EXP 	window1: mouseVisible = True
24.9711 	EXP 	window1: mouseVisible = False
24.9713 	EXP 	window1: mouseVisible = True
24.9879 	EXP 	window1: mouseVisible = False
24.9882 	EXP 	window1: mouseVisible = True
25.0046 	EXP 	window1: mouseVisible = False
25.0049 	EXP 	window1: mouseVisible = True
25.0211 	EXP 	window1: mouseVisible = False
25.0214 	EXP 	window1: mouseVisible = True
25.0379 	EXP 	window1: mouseVisible = False
25.0382 	EXP 	window1: mouseVisible = True
25.0545 	EXP 	window1: mouseVisible = False
25.0548 	EXP 	window1: mouseVisible = True
25.0711 	EXP 	window1: mouseVisible = False
25.0713 	EXP 	window1: mouseVisible = True
25.0717 	DATA 	Mouse: Left button down, pos=(1822,500)
25.0847 	EXP 	New trial (rep=0, index=1): OrderedDict([('audiofile', 'audio/NV_DE_Neural2-D_Dr-we-Ei_0.3p.wav'), ('callSign', 'Dr'), ('colour', 'we'), ('number', 'Ei')])
25.1083 	EXP 	Set sound_examples sound=audio/NV_DE_Neural2-D_Dr-we-Ei_0.3p.wav
25.1084 	EXP 	window1: mouseVisible = False
25.1092 	EXP 	Sound sound_examples started
25.1213 	EXP 	number1_2: texRes = 128
25.1213 	EXP 	number2_2: texRes = 128
25.1213 	EXP 	number4_2: texRes = 128
25.1213 	EXP 	blankScreen_2: autoDraw = False
25.1213 	EXP 	call1_2: autoDraw = False
25.1213 	EXP 	call2_2: autoDraw = False
25.1213 	EXP 	call3_2: autoDraw = False
25.1213 	EXP 	call4_2: autoDraw = False
25.1213 	EXP 	colour1_2: autoDraw = False
25.1213 	EXP 	colour2_2: autoDraw = False
25.1213 	EXP 	colour3_2: autoDraw = False
25.1213 	EXP 	colour4_2: autoDraw = False
25.1213 	EXP 	number1_2: autoDraw = False
25.1213 	EXP 	number2_2: autoDraw = False
25.1213 	EXP 	number3_2: autoDraw = False
25.1213 	EXP 	number4_2: autoDraw = False
25.1213 	EXP 	blankScreenAfterResponse_2: autoDraw = False
25.1213 	EXP 	fixation_2: autoDraw = True
25.1563 	DATA 	Mouse:  Left button up, pos=(1822,500)
30.5765 	EXP 	Sound sound_examples stopped
30.6186 	EXP 	window1: mouseVisible = False
30.6261 	EXP 	fixation_2: autoDraw = False
30.6261 	EXP 	screenAfterAudio_2: autoDraw = True
30.6261 	EXP 	screenAfterAudio_2: autoDraw = False
30.6261 	EXP 	fixation_2: autoDraw = False
30.6261 	EXP 	screenAfterAudio_2: autoDraw = False
30.6261 	EXP 	call1_2: texRes = 128
30.6261 	EXP 	call2_2: texRes = 128
30.6261 	EXP 	call3_2: texRes = 128
30.6261 	EXP 	call4_2: texRes = 128
30.6261 	EXP 	colour1_2: texRes = 128
30.6261 	EXP 	colour2_2: texRes = 128
30.6261 	EXP 	colour3_2: texRes = 128
30.6261 	EXP 	colour4_2: texRes = 128
30.6261 	EXP 	number1_2: texRes = 128
30.6261 	EXP 	number2_2: texRes = 128
30.6261 	EXP 	number3_2: texRes = 128
30.6261 	EXP 	number4_2: texRes = 128
30.6261 	EXP 	blankScreen_2: autoDraw = True
30.6262 	EXP 	window1: mouseVisible = False
30.6482 	EXP 	window1: mouseVisible = False
30.6648 	EXP 	window1: mouseVisible = False
30.6813 	EXP 	window1: mouseVisible = False
30.6978 	EXP 	window1: mouseVisible = False
30.7147 	EXP 	window1: mouseVisible = False
30.7312 	EXP 	window1: mouseVisible = False
30.7483 	EXP 	window1: mouseVisible = False
30.7645 	EXP 	window1: mouseVisible = False
30.7815 	EXP 	window1: mouseVisible = False
30.7978 	EXP 	window1: mouseVisible = False
30.8144 	EXP 	window1: mouseVisible = False
30.8316 	EXP 	window1: mouseVisible = False
30.8478 	EXP 	window1: mouseVisible = False
30.8651 	EXP 	window1: mouseVisible = False
30.8815 	EXP 	window1: mouseVisible = False
30.8981 	EXP 	window1: mouseVisible = False
30.9147 	EXP 	window1: mouseVisible = False
30.9318 	EXP 	window1: mouseVisible = False
30.9482 	EXP 	window1: mouseVisible = False
30.9643 	EXP 	window1: mouseVisible = False
30.9824 	EXP 	window1: mouseVisible = False
30.9983 	EXP 	window1: mouseVisible = False
31.0149 	EXP 	window1: mouseVisible = False
31.0328 	EXP 	window1: mouseVisible = False
31.0525 	EXP 	window1: mouseVisible = False
31.0667 	EXP 	window1: mouseVisible = False
31.0840 	EXP 	window1: mouseVisible = False
31.0989 	EXP 	window1: mouseVisible = False
31.1154 	EXP 	window1: mouseVisible = False
31.1322 	EXP 	window1: mouseVisible = False
31.1489 	EXP 	window1: mouseVisible = False
31.1677 	EXP 	window1: mouseVisible = False
31.1856 	EXP 	window1: mouseVisible = False
31.1993 	EXP 	window1: mouseVisible = False
31.2157 	EXP 	window1: mouseVisible = False
31.2320 	EXP 	window1: mouseVisible = False
31.2489 	EXP 	window1: mouseVisible = False
31.2657 	EXP 	window1: mouseVisible = False
31.2829 	EXP 	window1: mouseVisible = False
31.2988 	EXP 	window1: mouseVisible = False
31.3157 	EXP 	window1: mouseVisible = False
31.3321 	EXP 	window1: mouseVisible = False
31.3489 	EXP 	window1: mouseVisible = False
31.3656 	EXP 	window1: mouseVisible = False
31.3823 	EXP 	window1: mouseVisible = False
31.4000 	EXP 	window1: mouseVisible = False
31.4165 	EXP 	window1: mouseVisible = False
31.4331 	EXP 	window1: mouseVisible = False
31.4532 	EXP 	window1: mouseVisible = False
31.4691 	EXP 	window1: mouseVisible = False
31.4855 	EXP 	window1: mouseVisible = False
31.4996 	EXP 	window1: mouseVisible = False
31.5190 	EXP 	window1: mouseVisible = False
31.5347 	EXP 	window1: mouseVisible = False
31.5497 	EXP 	window1: mouseVisible = False
31.5669 	EXP 	window1: mouseVisible = False
31.5830 	EXP 	window1: mouseVisible = False
31.5999 	EXP 	window1: mouseVisible = False
31.6167 	EXP 	window1: mouseVisible = False
31.6432 	EXP 	blankScreen_2: autoDraw = False
31.6432 	EXP 	call1_2: autoDraw = True
31.6432 	EXP 	call2_2: autoDraw = True
31.6432 	EXP 	call3_2: autoDraw = True
31.6432 	EXP 	call4_2: autoDraw = True
31.6432 	EXP 	colour1_2: autoDraw = True
31.6432 	EXP 	colour2_2: autoDraw = True
31.6432 	EXP 	colour3_2: autoDraw = True
31.6432 	EXP 	colour4_2: autoDraw = True
31.6432 	EXP 	number1_2: autoDraw = True
31.6432 	EXP 	number2_2: autoDraw = True
31.6432 	EXP 	number3_2: autoDraw = True
31.6432 	EXP 	number4_2: autoDraw = True
31.6462 	EXP 	window1: mouseVisible = False
31.6466 	EXP 	window1: mouseVisible = True
31.6600 	EXP 	window1: mouseVisible = False
31.6602 	EXP 	window1: mouseVisible = True
31.6766 	EXP 	window1: mouseVisible = False
31.6768 	EXP 	window1: mouseVisible = True
31.6934 	EXP 	window1: mouseVisible = False
31.6936 	EXP 	window1: mouseVisible = True
31.7100 	EXP 	window1: mouseVisible = False
31.7102 	EXP 	window1: mouseVisible = True
31.7267 	EXP 	window1: mouseVisible = False
31.7269 	EXP 	window1: mouseVisible = True
31.7435 	EXP 	window1: mouseVisible = False
31.7437 	EXP 	window1: mouseVisible = True
31.7602 	EXP 	window1: mouseVisible = False
31.7604 	EXP 	window1: mouseVisible = True
31.7768 	EXP 	window1: mouseVisible = False
31.7770 	EXP 	window1: mouseVisible = True
31.7937 	EXP 	window1: mouseVisible = False
31.7939 	EXP 	window1: mouseVisible = True
31.8101 	EXP 	window1: mouseVisible = False
31.8103 	EXP 	window1: mouseVisible = True
31.8268 	EXP 	window1: mouseVisible = False
31.8271 	EXP 	window1: mouseVisible = True
31.8435 	EXP 	window1: mouseVisible = False
31.8437 	EXP 	window1: mouseVisible = True
31.8602 	EXP 	window1: mouseVisible = False
31.8604 	EXP 	window1: mouseVisible = True
31.8769 	EXP 	window1: mouseVisible = False
31.8771 	EXP 	window1: mouseVisible = True
31.8935 	EXP 	window1: mouseVisible = False
31.8938 	EXP 	window1: mouseVisible = True
31.9101 	EXP 	window1: mouseVisible = False
31.9102 	EXP 	window1: mouseVisible = True
31.9270 	EXP 	window1: mouseVisible = False
31.9272 	EXP 	window1: mouseVisible = True
31.9436 	EXP 	window1: mouseVisible = False
31.9438 	EXP 	window1: mouseVisible = True
31.9602 	EXP 	window1: mouseVisible = False
31.9604 	EXP 	window1: mouseVisible = True
31.9771 	EXP 	window1: mouseVisible = False
31.9774 	EXP 	window1: mouseVisible = True
31.9936 	EXP 	window1: mouseVisible = False
31.9939 	EXP 	window1: mouseVisible = True
32.0104 	EXP 	window1: mouseVisible = False
32.0106 	EXP 	window1: mouseVisible = True
32.0271 	EXP 	window1: mouseVisible = False
32.0273 	EXP 	window1: mouseVisible = True
32.0437 	EXP 	window1: mouseVisible = False
32.0439 	EXP 	window1: mouseVisible = True
32.0603 	EXP 	window1: mouseVisible = False
32.0605 	EXP 	window1: mouseVisible = True
32.0772 	EXP 	window1: mouseVisible = False
32.0774 	EXP 	window1: mouseVisible = True
32.0936 	EXP 	window1: mouseVisible = False
32.0938 	EXP 	window1: mouseVisible = True
32.1104 	EXP 	window1: mouseVisible = False
32.1106 	EXP 	window1: mouseVisible = True
32.1271 	EXP 	window1: mouseVisible = False
32.1273 	EXP 	window1: mouseVisible = True
32.1439 	EXP 	window1: mouseVisible = False
32.1441 	EXP 	window1: mouseVisible = True
32.1606 	EXP 	window1: mouseVisible = False
32.1609 	EXP 	window1: mouseVisible = True
32.1773 	EXP 	window1: mouseVisible = False
32.1775 	EXP 	window1: mouseVisible = True
32.1940 	EXP 	window1: mouseVisible = False
32.1943 	EXP 	window1: mouseVisible = True
32.2104 	EXP 	window1: mouseVisible = False
32.2106 	EXP 	window1: mouseVisible = True
32.2272 	EXP 	window1: mouseVisible = False
32.2275 	EXP 	window1: mouseVisible = True
32.2440 	EXP 	window1: mouseVisible = False
32.2443 	EXP 	window1: mouseVisible = True
32.2606 	EXP 	window1: mouseVisible = False
32.2608 	EXP 	window1: mouseVisible = True
32.2772 	EXP 	window1: mouseVisible = False
32.2775 	EXP 	window1: mouseVisible = True
32.2939 	EXP 	window1: mouseVisible = False
32.2941 	EXP 	window1: mouseVisible = True
32.3108 	EXP 	window1: mouseVisible = False
32.3110 	EXP 	window1: mouseVisible = True
32.3272 	EXP 	window1: mouseVisible = False
32.3274 	EXP 	window1: mouseVisible = True
32.3440 	EXP 	window1: mouseVisible = False
32.3442 	EXP 	window1: mouseVisible = True
32.3606 	EXP 	window1: mouseVisible = False
32.3608 	EXP 	window1: mouseVisible = True
32.3772 	EXP 	window1: mouseVisible = False
32.3774 	EXP 	window1: mouseVisible = True
32.3942 	EXP 	window1: mouseVisible = False
32.3944 	EXP 	window1: mouseVisible = True
32.4107 	EXP 	window1: mouseVisible = False
32.4110 	EXP 	window1: mouseVisible = True
32.4274 	EXP 	window1: mouseVisible = False
32.4276 	EXP 	window1: mouseVisible = True
32.4441 	EXP 	window1: mouseVisible = False
32.4443 	EXP 	window1: mouseVisible = True
32.4609 	EXP 	window1: mouseVisible = False
32.4611 	EXP 	window1: mouseVisible = True
32.4774 	EXP 	window1: mouseVisible = False
32.4777 	EXP 	window1: mouseVisible = True
32.4940 	EXP 	window1: mouseVisible = False
32.4942 	EXP 	window1: mouseVisible = True
32.5106 	EXP 	window1: mouseVisible = False
32.5108 	EXP 	window1: mouseVisible = True
32.5275 	EXP 	window1: mouseVisible = False
32.5277 	EXP 	window1: mouseVisible = True
32.5442 	EXP 	window1: mouseVisible = False
32.5444 	EXP 	window1: mouseVisible = True
32.5608 	EXP 	window1: mouseVisible = False
32.5610 	EXP 	window1: mouseVisible = True
32.5776 	EXP 	window1: mouseVisible = False
32.5778 	EXP 	window1: mouseVisible = True
32.5941 	EXP 	window1: mouseVisible = False
32.5943 	EXP 	window1: mouseVisible = True
32.6108 	EXP 	window1: mouseVisible = False
32.6110 	EXP 	window1: mouseVisible = True
32.6275 	EXP 	window1: mouseVisible = False
32.6278 	EXP 	window1: mouseVisible = True
32.6441 	EXP 	window1: mouseVisible = False
32.6443 	EXP 	window1: mouseVisible = True
32.6608 	EXP 	window1: mouseVisible = False
32.6610 	EXP 	window1: mouseVisible = True
32.6775 	EXP 	window1: mouseVisible = False
32.6777 	EXP 	window1: mouseVisible = True
32.6942 	EXP 	window1: mouseVisible = False
32.6945 	EXP 	window1: mouseVisible = True
32.7108 	EXP 	window1: mouseVisible = False
32.7110 	EXP 	window1: mouseVisible = True
32.7276 	EXP 	window1: mouseVisible = False
32.7279 	EXP 	window1: mouseVisible = True
32.7443 	EXP 	window1: mouseVisible = False
32.7447 	EXP 	window1: mouseVisible = True
32.7609 	EXP 	window1: mouseVisible = False
32.7611 	EXP 	window1: mouseVisible = True
32.7777 	EXP 	window1: mouseVisible = False
32.7779 	EXP 	window1: mouseVisible = True
32.7942 	EXP 	window1: mouseVisible = False
32.7944 	EXP 	window1: mouseVisible = True
32.8111 	EXP 	window1: mouseVisible = False
32.8113 	EXP 	window1: mouseVisible = True
32.8277 	EXP 	window1: mouseVisible = False
32.8279 	EXP 	window1: mouseVisible = True
32.8444 	EXP 	window1: mouseVisible = False
32.8447 	EXP 	window1: mouseVisible = True
32.8610 	EXP 	window1: mouseVisible = False
32.8612 	EXP 	window1: mouseVisible = True
32.8777 	EXP 	window1: mouseVisible = False
32.8779 	EXP 	window1: mouseVisible = True
32.8945 	EXP 	window1: mouseVisible = False
32.8948 	EXP 	window1: mouseVisible = True
32.9110 	EXP 	window1: mouseVisible = False
32.9114 	EXP 	window1: mouseVisible = True
32.9278 	EXP 	window1: mouseVisible = False
32.9282 	EXP 	window1: mouseVisible = True
32.9443 	EXP 	window1: mouseVisible = False
32.9445 	EXP 	window1: mouseVisible = True
32.9610 	EXP 	window1: mouseVisible = False
32.9612 	EXP 	window1: mouseVisible = True
32.9778 	EXP 	window1: mouseVisible = False
32.9780 	EXP 	window1: mouseVisible = True
32.9948 	EXP 	window1: mouseVisible = False
32.9953 	EXP 	window1: mouseVisible = True
33.0114 	EXP 	window1: mouseVisible = False
33.0117 	EXP 	window1: mouseVisible = True
33.0290 	EXP 	window1: mouseVisible = False
33.0296 	EXP 	window1: mouseVisible = True
33.0449 	EXP 	window1: mouseVisible = False
33.0454 	EXP 	window1: mouseVisible = True
33.0617 	EXP 	window1: mouseVisible = False
33.0622 	EXP 	window1: mouseVisible = True
33.0782 	EXP 	window1: mouseVisible = False
33.0786 	EXP 	window1: mouseVisible = True
33.0948 	EXP 	window1: mouseVisible = False
33.0950 	EXP 	window1: mouseVisible = True
33.1117 	EXP 	window1: mouseVisible = False
33.1119 	EXP 	window1: mouseVisible = True
33.1288 	EXP 	window1: mouseVisible = False
33.1290 	EXP 	window1: mouseVisible = True
33.1448 	EXP 	window1: mouseVisible = False
33.1452 	EXP 	window1: mouseVisible = True
33.1613 	EXP 	window1: mouseVisible = False
33.1617 	EXP 	window1: mouseVisible = True
33.1779 	EXP 	window1: mouseVisible = False
33.1781 	EXP 	window1: mouseVisible = True
33.1949 	EXP 	window1: mouseVisible = False
33.1951 	EXP 	window1: mouseVisible = True
33.2113 	EXP 	window1: mouseVisible = False
33.2115 	EXP 	window1: mouseVisible = True
33.2281 	EXP 	window1: mouseVisible = False
33.2284 	EXP 	window1: mouseVisible = True
33.2446 	EXP 	window1: mouseVisible = False
33.2449 	EXP 	window1: mouseVisible = True
33.2614 	EXP 	window1: mouseVisible = False
33.2617 	EXP 	window1: mouseVisible = True
33.2781 	EXP 	window1: mouseVisible = False
33.2783 	EXP 	window1: mouseVisible = True
33.2947 	EXP 	window1: mouseVisible = False
33.2949 	EXP 	window1: mouseVisible = True
33.3115 	EXP 	window1: mouseVisible = False
33.3117 	EXP 	window1: mouseVisible = True
33.3282 	EXP 	window1: mouseVisible = False
33.3284 	EXP 	window1: mouseVisible = True
33.3449 	EXP 	window1: mouseVisible = False
33.3452 	EXP 	window1: mouseVisible = True
33.3615 	EXP 	window1: mouseVisible = False
33.3618 	EXP 	window1: mouseVisible = True
33.3783 	EXP 	window1: mouseVisible = False
33.3785 	EXP 	window1: mouseVisible = True
33.3947 	EXP 	window1: mouseVisible = False
33.3950 	EXP 	window1: mouseVisible = True
33.4113 	EXP 	window1: mouseVisible = False
33.4117 	EXP 	window1: mouseVisible = True
33.4283 	EXP 	window1: mouseVisible = False
33.4286 	EXP 	window1: mouseVisible = True
33.4449 	EXP 	window1: mouseVisible = False
33.4451 	EXP 	window1: mouseVisible = True
33.4616 	EXP 	window1: mouseVisible = False
33.4618 	EXP 	window1: mouseVisible = True
33.4782 	EXP 	window1: mouseVisible = False
33.4785 	EXP 	window1: mouseVisible = True
33.4948 	EXP 	window1: mouseVisible = False
33.4951 	EXP 	window1: mouseVisible = True
33.5115 	EXP 	window1: mouseVisible = False
33.5117 	EXP 	window1: mouseVisible = True
33.5283 	EXP 	window1: mouseVisible = False
33.5285 	EXP 	window1: mouseVisible = True
33.5450 	EXP 	window1: mouseVisible = False
33.5452 	EXP 	window1: mouseVisible = True
33.5615 	EXP 	window1: mouseVisible = False
33.5617 	EXP 	window1: mouseVisible = True
33.5783 	EXP 	window1: mouseVisible = False
33.5786 	EXP 	window1: mouseVisible = True
33.5949 	EXP 	window1: mouseVisible = False
33.5951 	EXP 	window1: mouseVisible = True
33.6116 	EXP 	window1: mouseVisible = False
33.6118 	EXP 	window1: mouseVisible = True
33.6282 	EXP 	window1: mouseVisible = False
33.6284 	EXP 	window1: mouseVisible = True
33.6452 	EXP 	window1: mouseVisible = False
33.6457 	EXP 	window1: mouseVisible = True
33.6617 	EXP 	window1: mouseVisible = False
33.6619 	EXP 	window1: mouseVisible = True
33.6783 	EXP 	window1: mouseVisible = False
33.6785 	EXP 	window1: mouseVisible = True
33.6949 	EXP 	window1: mouseVisible = False
33.6953 	EXP 	window1: mouseVisible = True
33.7117 	EXP 	window1: mouseVisible = False
33.7119 	EXP 	window1: mouseVisible = True
33.7285 	EXP 	window1: mouseVisible = False
33.7288 	EXP 	window1: mouseVisible = True
33.7452 	EXP 	window1: mouseVisible = False
33.7455 	EXP 	window1: mouseVisible = True
33.7619 	EXP 	window1: mouseVisible = False
33.7621 	EXP 	window1: mouseVisible = True
33.7784 	EXP 	window1: mouseVisible = False
33.7786 	EXP 	window1: mouseVisible = True
33.7952 	EXP 	window1: mouseVisible = False
33.7954 	EXP 	window1: mouseVisible = True
33.8118 	EXP 	window1: mouseVisible = False
33.8120 	EXP 	window1: mouseVisible = True
33.8285 	EXP 	window1: mouseVisible = False
33.8287 	EXP 	window1: mouseVisible = True
33.8451 	EXP 	window1: mouseVisible = False
33.8453 	EXP 	window1: mouseVisible = True
33.8618 	EXP 	window1: mouseVisible = False
33.8621 	EXP 	window1: mouseVisible = True
33.8786 	EXP 	window1: mouseVisible = False
33.8788 	EXP 	window1: mouseVisible = True
33.8951 	EXP 	window1: mouseVisible = False
33.8955 	EXP 	window1: mouseVisible = True
33.9119 	EXP 	window1: mouseVisible = False
33.9121 	EXP 	window1: mouseVisible = True
33.9284 	EXP 	window1: mouseVisible = False
33.9286 	EXP 	window1: mouseVisible = True
33.9452 	EXP 	window1: mouseVisible = False
33.9454 	EXP 	window1: mouseVisible = True
33.9619 	EXP 	window1: mouseVisible = False
33.9620 	EXP 	window1: mouseVisible = True
33.9785 	EXP 	window1: mouseVisible = False
33.9788 	EXP 	window1: mouseVisible = True
33.9952 	EXP 	window1: mouseVisible = False
33.9954 	EXP 	window1: mouseVisible = True
34.0119 	EXP 	window1: mouseVisible = False
34.0121 	EXP 	window1: mouseVisible = True
34.0286 	EXP 	window1: mouseVisible = False
34.0288 	EXP 	window1: mouseVisible = True
34.0453 	EXP 	window1: mouseVisible = False
34.0455 	EXP 	window1: mouseVisible = True
34.0620 	EXP 	window1: mouseVisible = False
34.0622 	EXP 	window1: mouseVisible = True
34.0787 	EXP 	window1: mouseVisible = False
34.0789 	EXP 	window1: mouseVisible = True
34.0953 	EXP 	window1: mouseVisible = False
34.0955 	EXP 	window1: mouseVisible = True
34.1122 	EXP 	window1: mouseVisible = False
34.1124 	EXP 	window1: mouseVisible = True
34.1288 	EXP 	window1: mouseVisible = False
34.1290 	EXP 	window1: mouseVisible = True
34.1456 	EXP 	window1: mouseVisible = False
34.1460 	EXP 	window1: mouseVisible = True
34.1623 	EXP 	window1: mouseVisible = False
34.1625 	EXP 	window1: mouseVisible = True
34.1787 	EXP 	window1: mouseVisible = False
34.1789 	EXP 	window1: mouseVisible = True
34.1957 	EXP 	window1: mouseVisible = False
34.1959 	EXP 	window1: mouseVisible = True
34.2122 	EXP 	window1: mouseVisible = False
34.2125 	EXP 	window1: mouseVisible = True
34.2287 	EXP 	window1: mouseVisible = False
34.2289 	EXP 	window1: mouseVisible = True
34.2457 	EXP 	window1: mouseVisible = False
34.2459 	EXP 	window1: mouseVisible = True
34.2623 	EXP 	window1: mouseVisible = False
34.2626 	EXP 	window1: mouseVisible = True
34.2790 	EXP 	window1: mouseVisible = False
34.2792 	EXP 	window1: mouseVisible = True
34.2957 	EXP 	window1: mouseVisible = False
34.2959 	EXP 	window1: mouseVisible = True
34.3122 	EXP 	window1: mouseVisible = False
34.3124 	EXP 	window1: mouseVisible = True
34.3289 	EXP 	window1: mouseVisible = False
34.3290 	EXP 	window1: mouseVisible = True
34.3457 	EXP 	window1: mouseVisible = False
34.3459 	EXP 	window1: mouseVisible = True
34.3622 	EXP 	window1: mouseVisible = False
34.3625 	EXP 	window1: mouseVisible = True
34.3788 	EXP 	window1: mouseVisible = False
34.3790 	EXP 	window1: mouseVisible = True
34.3955 	EXP 	window1: mouseVisible = False
34.3957 	EXP 	window1: mouseVisible = True
34.4125 	EXP 	window1: mouseVisible = False
34.4131 	EXP 	window1: mouseVisible = True
34.4290 	EXP 	window1: mouseVisible = False
34.4293 	EXP 	window1: mouseVisible = True
34.4455 	EXP 	window1: mouseVisible = False
34.4458 	EXP 	window1: mouseVisible = True
34.4623 	EXP 	window1: mouseVisible = False
34.4625 	EXP 	window1: mouseVisible = True
34.4789 	EXP 	window1: mouseVisible = False
34.4791 	EXP 	window1: mouseVisible = True
34.4957 	EXP 	window1: mouseVisible = False
34.4959 	EXP 	window1: mouseVisible = True
34.5123 	EXP 	window1: mouseVisible = False
34.5126 	EXP 	window1: mouseVisible = True
34.5290 	EXP 	window1: mouseVisible = False
34.5291 	EXP 	window1: mouseVisible = True
34.5457 	EXP 	window1: mouseVisible = False
34.5459 	EXP 	window1: mouseVisible = True
34.5624 	EXP 	window1: mouseVisible = False
34.5627 	EXP 	window1: mouseVisible = True
34.5791 	EXP 	window1: mouseVisible = False
34.5792 	EXP 	window1: mouseVisible = True
34.5956 	EXP 	window1: mouseVisible = False
34.5958 	EXP 	window1: mouseVisible = True
34.6125 	EXP 	window1: mouseVisible = False
34.6127 	EXP 	window1: mouseVisible = True
34.6292 	EXP 	window1: mouseVisible = False
34.6294 	EXP 	window1: mouseVisible = True
34.6461 	EXP 	window1: mouseVisible = False
34.6466 	EXP 	window1: mouseVisible = True
34.6626 	EXP 	window1: mouseVisible = False
34.6628 	EXP 	window1: mouseVisible = True
34.6791 	EXP 	window1: mouseVisible = False
34.6793 	EXP 	window1: mouseVisible = True
34.6957 	EXP 	window1: mouseVisible = False
34.6960 	EXP 	window1: mouseVisible = True
34.7126 	EXP 	window1: mouseVisible = False
34.7129 	EXP 	window1: mouseVisible = True
34.7292 	EXP 	window1: mouseVisible = False
34.7294 	EXP 	window1: mouseVisible = True
34.7459 	EXP 	window1: mouseVisible = False
34.7461 	EXP 	window1: mouseVisible = True
34.7627 	EXP 	window1: mouseVisible = False
34.7629 	EXP 	window1: mouseVisible = True
34.7794 	EXP 	window1: mouseVisible = False
34.7796 	EXP 	window1: mouseVisible = True
34.7960 	EXP 	window1: mouseVisible = False
34.7962 	EXP 	window1: mouseVisible = True
34.8127 	EXP 	window1: mouseVisible = False
34.8129 	EXP 	window1: mouseVisible = True
34.8294 	EXP 	window1: mouseVisible = False
34.8296 	EXP 	window1: mouseVisible = True
34.8460 	EXP 	window1: mouseVisible = False
34.8462 	EXP 	window1: mouseVisible = True
34.8626 	EXP 	window1: mouseVisible = False
34.8628 	EXP 	window1: mouseVisible = True
34.8793 	EXP 	window1: mouseVisible = False
34.8795 	EXP 	window1: mouseVisible = True
34.8960 	EXP 	window1: mouseVisible = False
34.8962 	EXP 	window1: mouseVisible = True
34.9128 	EXP 	window1: mouseVisible = False
34.9131 	EXP 	window1: mouseVisible = True
34.9295 	EXP 	window1: mouseVisible = False
34.9298 	EXP 	window1: mouseVisible = True
34.9462 	EXP 	window1: mouseVisible = False
34.9464 	EXP 	window1: mouseVisible = True
34.9628 	EXP 	window1: mouseVisible = False
34.9631 	EXP 	window1: mouseVisible = True
34.9793 	EXP 	window1: mouseVisible = False
34.9795 	EXP 	window1: mouseVisible = True
34.9963 	EXP 	window1: mouseVisible = False
34.9967 	EXP 	window1: mouseVisible = True
35.0130 	EXP 	window1: mouseVisible = False
35.0133 	EXP 	window1: mouseVisible = True
35.0295 	EXP 	window1: mouseVisible = False
35.0297 	EXP 	window1: mouseVisible = True
35.0462 	EXP 	window1: mouseVisible = False
35.0464 	EXP 	window1: mouseVisible = True
35.0628 	EXP 	window1: mouseVisible = False
35.0630 	EXP 	window1: mouseVisible = True
35.0795 	EXP 	window1: mouseVisible = False
35.0797 	EXP 	window1: mouseVisible = True
35.0962 	EXP 	window1: mouseVisible = False
35.0965 	EXP 	window1: mouseVisible = True
35.1129 	EXP 	window1: mouseVisible = False
35.1132 	EXP 	window1: mouseVisible = True
35.1294 	EXP 	window1: mouseVisible = False
35.1296 	EXP 	window1: mouseVisible = True
35.1463 	EXP 	window1: mouseVisible = False
35.1465 	EXP 	window1: mouseVisible = True
35.1628 	EXP 	window1: mouseVisible = False
35.1630 	EXP 	window1: mouseVisible = True
35.1795 	EXP 	window1: mouseVisible = False
35.1797 	EXP 	window1: mouseVisible = True
35.1964 	EXP 	window1: mouseVisible = False
35.1967 	EXP 	window1: mouseVisible = True
35.2131 	EXP 	window1: mouseVisible = False
35.2134 	EXP 	window1: mouseVisible = True
35.2298 	EXP 	window1: mouseVisible = False
35.2299 	EXP 	window1: mouseVisible = True
35.2464 	EXP 	window1: mouseVisible = False
35.2466 	EXP 	window1: mouseVisible = True
35.2631 	EXP 	window1: mouseVisible = False
35.2633 	EXP 	window1: mouseVisible = True
35.2796 	EXP 	window1: mouseVisible = False
35.2798 	EXP 	window1: mouseVisible = True
35.2965 	EXP 	window1: mouseVisible = False
35.2967 	EXP 	window1: mouseVisible = True
35.3132 	EXP 	window1: mouseVisible = False
35.3135 	EXP 	window1: mouseVisible = True
35.3296 	EXP 	window1: mouseVisible = False
35.3298 	EXP 	window1: mouseVisible = True
35.3464 	EXP 	window1: mouseVisible = False
35.3466 	EXP 	window1: mouseVisible = True
35.3631 	EXP 	window1: mouseVisible = False
35.3633 	EXP 	window1: mouseVisible = True
35.3798 	EXP 	window1: mouseVisible = False
35.3800 	EXP 	window1: mouseVisible = True
35.3966 	EXP 	window1: mouseVisible = False
35.3970 	EXP 	window1: mouseVisible = True
35.4131 	EXP 	window1: mouseVisible = False
35.4134 	EXP 	window1: mouseVisible = True
35.4298 	EXP 	window1: mouseVisible = False
35.4301 	EXP 	window1: mouseVisible = True
35.4466 	EXP 	window1: mouseVisible = False
35.4468 	EXP 	window1: mouseVisible = True
35.4632 	EXP 	window1: mouseVisible = False
35.4634 	EXP 	window1: mouseVisible = True
35.4797 	EXP 	window1: mouseVisible = False
35.4799 	EXP 	window1: mouseVisible = True
35.4964 	EXP 	window1: mouseVisible = False
35.4966 	EXP 	window1: mouseVisible = True
35.5131 	EXP 	window1: mouseVisible = False
35.5133 	EXP 	window1: mouseVisible = True
35.5301 	EXP 	window1: mouseVisible = False
35.5303 	EXP 	window1: mouseVisible = True
35.5466 	EXP 	window1: mouseVisible = False
35.5469 	EXP 	window1: mouseVisible = True
35.5633 	EXP 	window1: mouseVisible = False
35.5635 	EXP 	window1: mouseVisible = True
35.5799 	EXP 	window1: mouseVisible = False
35.5802 	EXP 	window1: mouseVisible = True
35.5967 	EXP 	window1: mouseVisible = False
35.5969 	EXP 	window1: mouseVisible = True
35.6134 	EXP 	window1: mouseVisible = False
35.6136 	EXP 	window1: mouseVisible = True
35.6299 	EXP 	window1: mouseVisible = False
35.6302 	EXP 	window1: mouseVisible = True
35.6467 	EXP 	window1: mouseVisible = False
35.6469 	EXP 	window1: mouseVisible = True
35.6634 	EXP 	window1: mouseVisible = False
35.6636 	EXP 	window1: mouseVisible = True
35.6800 	EXP 	window1: mouseVisible = False
35.6802 	EXP 	window1: mouseVisible = True
35.6967 	EXP 	window1: mouseVisible = False
35.6970 	EXP 	window1: mouseVisible = True
35.7133 	EXP 	window1: mouseVisible = False
35.7134 	EXP 	window1: mouseVisible = True
35.7301 	EXP 	window1: mouseVisible = False
35.7304 	EXP 	window1: mouseVisible = True
35.7468 	EXP 	window1: mouseVisible = False
35.7470 	EXP 	window1: mouseVisible = True
35.7635 	EXP 	window1: mouseVisible = False
35.7637 	EXP 	window1: mouseVisible = True
35.7800 	EXP 	window1: mouseVisible = False
35.7802 	EXP 	window1: mouseVisible = True
35.7968 	EXP 	window1: mouseVisible = False
35.7970 	EXP 	window1: mouseVisible = True
35.8135 	EXP 	window1: mouseVisible = False
35.8138 	EXP 	window1: mouseVisible = True
35.8302 	EXP 	window1: mouseVisible = False
35.8304 	EXP 	window1: mouseVisible = True
35.8468 	EXP 	window1: mouseVisible = False
35.8470 	EXP 	window1: mouseVisible = True
35.8635 	EXP 	window1: mouseVisible = False
35.8637 	EXP 	window1: mouseVisible = True
35.8802 	EXP 	window1: mouseVisible = False
35.8804 	EXP 	window1: mouseVisible = True
35.8967 	EXP 	window1: mouseVisible = False
35.8968 	EXP 	window1: mouseVisible = True
35.9135 	EXP 	window1: mouseVisible = False
35.9137 	EXP 	window1: mouseVisible = True
35.9301 	EXP 	window1: mouseVisible = False
35.9304 	EXP 	window1: mouseVisible = True
35.9470 	EXP 	window1: mouseVisible = False
35.9473 	EXP 	window1: mouseVisible = True
35.9637 	EXP 	window1: mouseVisible = False
35.9639 	EXP 	window1: mouseVisible = True
35.9803 	EXP 	window1: mouseVisible = False
35.9806 	EXP 	window1: mouseVisible = True
35.9971 	EXP 	window1: mouseVisible = False
35.9974 	EXP 	window1: mouseVisible = True
36.0136 	EXP 	window1: mouseVisible = False
36.0138 	EXP 	window1: mouseVisible = True
36.0303 	EXP 	window1: mouseVisible = False
36.0305 	EXP 	window1: mouseVisible = True
36.0469 	EXP 	window1: mouseVisible = False
36.0471 	EXP 	window1: mouseVisible = True
36.0640 	EXP 	window1: mouseVisible = False
36.0642 	EXP 	window1: mouseVisible = True
36.0803 	EXP 	window1: mouseVisible = False
36.0805 	EXP 	window1: mouseVisible = True
36.0972 	EXP 	window1: mouseVisible = False
36.0974 	EXP 	window1: mouseVisible = True
36.1138 	EXP 	window1: mouseVisible = False
36.1142 	EXP 	window1: mouseVisible = True
36.1304 	EXP 	window1: mouseVisible = False
36.1307 	EXP 	window1: mouseVisible = True
36.1471 	EXP 	window1: mouseVisible = False
36.1473 	EXP 	window1: mouseVisible = True
36.1636 	EXP 	window1: mouseVisible = False
36.1639 	EXP 	window1: mouseVisible = True
36.1804 	EXP 	window1: mouseVisible = False
36.1807 	EXP 	window1: mouseVisible = True
36.1972 	EXP 	window1: mouseVisible = False
36.1974 	EXP 	window1: mouseVisible = True
36.2138 	EXP 	window1: mouseVisible = False
36.2140 	EXP 	window1: mouseVisible = True
36.2304 	EXP 	window1: mouseVisible = False
36.2306 	EXP 	window1: mouseVisible = True
36.2474 	EXP 	window1: mouseVisible = False
36.2476 	EXP 	window1: mouseVisible = True
36.2639 	EXP 	window1: mouseVisible = False
36.2641 	EXP 	window1: mouseVisible = True
36.2804 	EXP 	window1: mouseVisible = False
36.2806 	EXP 	window1: mouseVisible = True
36.2973 	EXP 	window1: mouseVisible = False
36.2975 	EXP 	window1: mouseVisible = True
36.3137 	EXP 	window1: mouseVisible = False
36.3139 	EXP 	window1: mouseVisible = True
36.3307 	EXP 	window1: mouseVisible = False
36.3309 	EXP 	window1: mouseVisible = True
36.3473 	EXP 	window1: mouseVisible = False
36.3475 	EXP 	window1: mouseVisible = True
36.3640 	EXP 	window1: mouseVisible = False
36.3642 	EXP 	window1: mouseVisible = True
36.3805 	EXP 	window1: mouseVisible = False
36.3808 	EXP 	window1: mouseVisible = True
36.3973 	EXP 	window1: mouseVisible = False
36.3978 	EXP 	window1: mouseVisible = True
36.4140 	EXP 	window1: mouseVisible = False
36.4143 	EXP 	window1: mouseVisible = True
36.4306 	EXP 	window1: mouseVisible = False
36.4308 	EXP 	window1: mouseVisible = True
36.4473 	EXP 	window1: mouseVisible = False
36.4475 	EXP 	window1: mouseVisible = True
36.4640 	EXP 	window1: mouseVisible = False
36.4641 	EXP 	window1: mouseVisible = True
36.4808 	EXP 	window1: mouseVisible = False
36.4810 	EXP 	window1: mouseVisible = True
36.4976 	EXP 	window1: mouseVisible = False
36.4979 	EXP 	window1: mouseVisible = True
36.5140 	EXP 	window1: mouseVisible = False
36.5142 	EXP 	window1: mouseVisible = True
36.5308 	EXP 	window1: mouseVisible = False
36.5310 	EXP 	window1: mouseVisible = True
36.5475 	EXP 	window1: mouseVisible = False
36.5477 	EXP 	window1: mouseVisible = True
36.5642 	EXP 	window1: mouseVisible = False
36.5644 	EXP 	window1: mouseVisible = True
36.5808 	EXP 	window1: mouseVisible = False
36.5810 	EXP 	window1: mouseVisible = True
36.5977 	EXP 	window1: mouseVisible = False
36.5980 	EXP 	window1: mouseVisible = True
36.6143 	EXP 	window1: mouseVisible = False
36.6146 	EXP 	window1: mouseVisible = True
36.6309 	EXP 	window1: mouseVisible = False
36.6312 	EXP 	window1: mouseVisible = True
36.6474 	EXP 	window1: mouseVisible = False
36.6476 	EXP 	window1: mouseVisible = True
36.6641 	EXP 	window1: mouseVisible = False
36.6643 	EXP 	window1: mouseVisible = True
36.6808 	EXP 	window1: mouseVisible = False
36.6811 	EXP 	window1: mouseVisible = True
36.6974 	EXP 	window1: mouseVisible = False
36.6976 	EXP 	window1: mouseVisible = True
36.7142 	EXP 	window1: mouseVisible = False
36.7144 	EXP 	window1: mouseVisible = True
36.7312 	EXP 	window1: mouseVisible = False
36.7315 	EXP 	window1: mouseVisible = True
36.7477 	EXP 	window1: mouseVisible = False
36.7479 	EXP 	window1: mouseVisible = True
36.7643 	EXP 	window1: mouseVisible = False
36.7645 	EXP 	window1: mouseVisible = True
36.7809 	EXP 	window1: mouseVisible = False
36.7811 	EXP 	window1: mouseVisible = True
36.7977 	EXP 	window1: mouseVisible = False
36.7979 	EXP 	window1: mouseVisible = True
36.8142 	EXP 	window1: mouseVisible = False
36.8144 	EXP 	window1: mouseVisible = True
36.8311 	EXP 	window1: mouseVisible = False
36.8313 	EXP 	window1: mouseVisible = True
36.8479 	EXP 	window1: mouseVisible = False
36.8483 	EXP 	window1: mouseVisible = True
36.8644 	EXP 	window1: mouseVisible = False
36.8648 	EXP 	window1: mouseVisible = True
36.8810 	EXP 	window1: mouseVisible = False
36.8813 	EXP 	window1: mouseVisible = True
36.8978 	EXP 	window1: mouseVisible = False
36.8980 	EXP 	window1: mouseVisible = True
36.9143 	EXP 	window1: mouseVisible = False
36.9150 	EXP 	window1: mouseVisible = True
36.9311 	EXP 	window1: mouseVisible = False
36.9313 	EXP 	window1: mouseVisible = True
36.9478 	EXP 	window1: mouseVisible = False
36.9481 	EXP 	window1: mouseVisible = True
36.9643 	EXP 	window1: mouseVisible = False
36.9646 	EXP 	window1: mouseVisible = True
36.9811 	EXP 	window1: mouseVisible = False
36.9813 	EXP 	window1: mouseVisible = True
36.9978 	EXP 	window1: mouseVisible = False
36.9981 	EXP 	window1: mouseVisible = True
37.0145 	EXP 	window1: mouseVisible = False
37.0148 	EXP 	window1: mouseVisible = True
37.0311 	EXP 	window1: mouseVisible = False
37.0313 	EXP 	window1: mouseVisible = True
37.0479 	EXP 	window1: mouseVisible = False
37.0481 	EXP 	window1: mouseVisible = True
37.0645 	EXP 	window1: mouseVisible = False
37.0648 	EXP 	window1: mouseVisible = True
37.0811 	EXP 	window1: mouseVisible = False
37.0813 	EXP 	window1: mouseVisible = True
37.0979 	EXP 	window1: mouseVisible = False
37.0983 	EXP 	window1: mouseVisible = True
37.1144 	EXP 	window1: mouseVisible = False
37.1146 	EXP 	window1: mouseVisible = True
37.1311 	EXP 	window1: mouseVisible = False
37.1313 	EXP 	window1: mouseVisible = True
37.1481 	EXP 	window1: mouseVisible = False
37.1484 	EXP 	window1: mouseVisible = True
37.1647 	EXP 	window1: mouseVisible = False
37.1651 	EXP 	window1: mouseVisible = True
37.1813 	EXP 	window1: mouseVisible = False
37.1815 	EXP 	window1: mouseVisible = True
37.1979 	EXP 	window1: mouseVisible = False
37.1981 	EXP 	window1: mouseVisible = True
37.2146 	EXP 	window1: mouseVisible = False
37.2148 	EXP 	window1: mouseVisible = True
37.2313 	EXP 	window1: mouseVisible = False
37.2315 	EXP 	window1: mouseVisible = True
37.2484 	EXP 	window1: mouseVisible = False
37.2487 	EXP 	window1: mouseVisible = True
37.2649 	EXP 	window1: mouseVisible = False
37.2651 	EXP 	window1: mouseVisible = True
37.2817 	EXP 	window1: mouseVisible = False
37.2819 	EXP 	window1: mouseVisible = True
37.2984 	EXP 	window1: mouseVisible = False
37.2988 	EXP 	window1: mouseVisible = True
37.3152 	EXP 	window1: mouseVisible = False
37.3155 	EXP 	window1: mouseVisible = True
37.3317 	EXP 	window1: mouseVisible = False
37.3321 	EXP 	window1: mouseVisible = True
37.3485 	EXP 	window1: mouseVisible = False
37.3489 	EXP 	window1: mouseVisible = True
37.3650 	EXP 	window1: mouseVisible = False
37.3653 	EXP 	window1: mouseVisible = True
37.3817 	EXP 	window1: mouseVisible = False
37.3819 	EXP 	window1: mouseVisible = True
37.3980 	EXP 	window1: mouseVisible = False
37.3983 	EXP 	window1: mouseVisible = True
37.4147 	EXP 	window1: mouseVisible = False
37.4149 	EXP 	window1: mouseVisible = True
37.4315 	EXP 	window1: mouseVisible = False
37.4317 	EXP 	window1: mouseVisible = True
37.4481 	EXP 	window1: mouseVisible = False
37.4483 	EXP 	window1: mouseVisible = True
37.4647 	EXP 	window1: mouseVisible = False
37.4649 	EXP 	window1: mouseVisible = True
37.4816 	EXP 	window1: mouseVisible = False
37.4819 	EXP 	window1: mouseVisible = True
37.4981 	EXP 	window1: mouseVisible = False
37.4983 	EXP 	window1: mouseVisible = True
37.5149 	EXP 	window1: mouseVisible = False
37.5151 	EXP 	window1: mouseVisible = True
37.5317 	EXP 	window1: mouseVisible = False
37.5319 	EXP 	window1: mouseVisible = True
37.5482 	EXP 	window1: mouseVisible = False
37.5484 	EXP 	window1: mouseVisible = True
37.5648 	EXP 	window1: mouseVisible = False
37.5650 	EXP 	window1: mouseVisible = True
37.5816 	EXP 	window1: mouseVisible = False
37.5818 	EXP 	window1: mouseVisible = True
37.5983 	EXP 	window1: mouseVisible = False
37.5987 	EXP 	window1: mouseVisible = True
37.6149 	EXP 	window1: mouseVisible = False
37.6151 	EXP 	window1: mouseVisible = True
37.6317 	EXP 	window1: mouseVisible = False
37.6320 	EXP 	window1: mouseVisible = True
37.6482 	EXP 	window1: mouseVisible = False
37.6484 	EXP 	window1: mouseVisible = True
37.6651 	EXP 	window1: mouseVisible = False
37.6654 	EXP 	window1: mouseVisible = True
37.6818 	EXP 	window1: mouseVisible = False
37.6821 	EXP 	window1: mouseVisible = True
37.6985 	EXP 	window1: mouseVisible = False
37.6987 	EXP 	window1: mouseVisible = True
37.7149 	EXP 	window1: mouseVisible = False
37.7151 	EXP 	window1: mouseVisible = True
37.7315 	EXP 	window1: mouseVisible = False
37.7317 	EXP 	window1: mouseVisible = True
37.7485 	EXP 	window1: mouseVisible = False
37.7487 	EXP 	window1: mouseVisible = True
37.7651 	EXP 	window1: mouseVisible = False
37.7654 	EXP 	window1: mouseVisible = True
37.7817 	EXP 	window1: mouseVisible = False
37.7819 	EXP 	window1: mouseVisible = True
37.7983 	EXP 	window1: mouseVisible = False
37.7985 	EXP 	window1: mouseVisible = True
37.8152 	EXP 	window1: mouseVisible = False
37.8154 	EXP 	window1: mouseVisible = True
37.8318 	EXP 	window1: mouseVisible = False
37.8322 	EXP 	window1: mouseVisible = True
37.8486 	EXP 	window1: mouseVisible = False
37.8489 	EXP 	window1: mouseVisible = True
37.8651 	EXP 	window1: mouseVisible = False
37.8655 	EXP 	window1: mouseVisible = True
37.8817 	EXP 	window1: mouseVisible = False
37.8819 	EXP 	window1: mouseVisible = True
37.8985 	EXP 	window1: mouseVisible = False
37.8987 	EXP 	window1: mouseVisible = True
37.9153 	EXP 	window1: mouseVisible = False
37.9154 	EXP 	window1: mouseVisible = True
37.9320 	EXP 	window1: mouseVisible = False
37.9322 	EXP 	window1: mouseVisible = True
37.9486 	EXP 	window1: mouseVisible = False
37.9487 	EXP 	window1: mouseVisible = True
37.9655 	EXP 	window1: mouseVisible = False
37.9657 	EXP 	window1: mouseVisible = True
37.9820 	EXP 	window1: mouseVisible = False
37.9822 	EXP 	window1: mouseVisible = True
37.9987 	EXP 	window1: mouseVisible = False
37.9989 	EXP 	window1: mouseVisible = True
38.0152 	EXP 	window1: mouseVisible = False
38.0154 	EXP 	window1: mouseVisible = True
38.0320 	EXP 	window1: mouseVisible = False
38.0322 	EXP 	window1: mouseVisible = True
38.0488 	EXP 	window1: mouseVisible = False
38.0491 	EXP 	window1: mouseVisible = True
38.0655 	EXP 	window1: mouseVisible = False
38.0657 	EXP 	window1: mouseVisible = True
38.0823 	EXP 	window1: mouseVisible = False
38.0826 	EXP 	window1: mouseVisible = True
38.0986 	EXP 	window1: mouseVisible = False
38.0989 	EXP 	window1: mouseVisible = True
38.1157 	EXP 	window1: mouseVisible = False
38.1160 	EXP 	window1: mouseVisible = True
38.1321 	EXP 	window1: mouseVisible = False
38.1324 	EXP 	window1: mouseVisible = True
38.1486 	EXP 	window1: mouseVisible = False
38.1488 	EXP 	window1: mouseVisible = True
38.1654 	EXP 	window1: mouseVisible = False
38.1656 	EXP 	window1: mouseVisible = True
38.1821 	EXP 	window1: mouseVisible = False
38.1823 	EXP 	window1: mouseVisible = True
38.1987 	EXP 	window1: mouseVisible = False
38.1989 	EXP 	window1: mouseVisible = True
38.2154 	EXP 	window1: mouseVisible = False
38.2156 	EXP 	window1: mouseVisible = True
38.2322 	EXP 	window1: mouseVisible = False
38.2324 	EXP 	window1: mouseVisible = True
38.2489 	EXP 	window1: mouseVisible = False
38.2491 	EXP 	window1: mouseVisible = True
38.2656 	EXP 	window1: mouseVisible = False
38.2658 	EXP 	window1: mouseVisible = True
38.2822 	EXP 	window1: mouseVisible = False
38.2825 	EXP 	window1: mouseVisible = True
38.2988 	EXP 	window1: mouseVisible = False
38.2990 	EXP 	window1: mouseVisible = True
38.3154 	EXP 	window1: mouseVisible = False
38.3156 	EXP 	window1: mouseVisible = True
38.3323 	EXP 	window1: mouseVisible = False
38.3326 	EXP 	window1: mouseVisible = True
38.3491 	EXP 	window1: mouseVisible = False
38.3494 	EXP 	window1: mouseVisible = True
38.3655 	EXP 	window1: mouseVisible = False
38.3658 	EXP 	window1: mouseVisible = True
38.3821 	EXP 	window1: mouseVisible = False
38.3824 	EXP 	window1: mouseVisible = True
38.3988 	EXP 	window1: mouseVisible = False
38.3990 	EXP 	window1: mouseVisible = True
38.4156 	EXP 	window1: mouseVisible = False
38.4160 	EXP 	window1: mouseVisible = True
38.4322 	EXP 	window1: mouseVisible = False
38.4325 	EXP 	window1: mouseVisible = True
38.4490 	EXP 	window1: mouseVisible = False
38.4492 	EXP 	window1: mouseVisible = True
38.4657 	EXP 	window1: mouseVisible = False
38.4659 	EXP 	window1: mouseVisible = True
38.4825 	EXP 	window1: mouseVisible = False
38.4827 	EXP 	window1: mouseVisible = True
38.4991 	EXP 	window1: mouseVisible = False
38.4993 	EXP 	window1: mouseVisible = True
38.5158 	EXP 	window1: mouseVisible = False
38.5161 	EXP 	window1: mouseVisible = True
38.5324 	EXP 	window1: mouseVisible = False
38.5326 	EXP 	window1: mouseVisible = True
38.5490 	EXP 	window1: mouseVisible = False
38.5492 	EXP 	window1: mouseVisible = True
38.5659 	EXP 	window1: mouseVisible = False
38.5661 	EXP 	window1: mouseVisible = True
38.5827 	EXP 	window1: mouseVisible = False
38.5834 	EXP 	window1: mouseVisible = True
38.5991 	EXP 	window1: mouseVisible = False
38.5993 	EXP 	window1: mouseVisible = True
38.6159 	EXP 	window1: mouseVisible = False
38.6162 	EXP 	window1: mouseVisible = True
38.6324 	EXP 	window1: mouseVisible = False
38.6327 	EXP 	window1: mouseVisible = True
38.6490 	EXP 	window1: mouseVisible = False
38.6492 	EXP 	window1: mouseVisible = True
38.6661 	EXP 	window1: mouseVisible = False
38.6664 	EXP 	window1: mouseVisible = True
38.6827 	EXP 	window1: mouseVisible = False
38.6829 	EXP 	window1: mouseVisible = True
38.6991 	EXP 	window1: mouseVisible = False
38.6993 	EXP 	window1: mouseVisible = True
38.7160 	EXP 	window1: mouseVisible = False
38.7162 	EXP 	window1: mouseVisible = True
38.7327 	EXP 	window1: mouseVisible = False
38.7330 	EXP 	window1: mouseVisible = True
38.7493 	EXP 	window1: mouseVisible = False
38.7496 	EXP 	window1: mouseVisible = True
38.7658 	EXP 	window1: mouseVisible = False
38.7661 	EXP 	window1: mouseVisible = True
38.7827 	EXP 	window1: mouseVisible = False
38.7829 	EXP 	window1: mouseVisible = True
38.7994 	EXP 	window1: mouseVisible = False
38.7996 	EXP 	window1: mouseVisible = True
38.8161 	EXP 	window1: mouseVisible = False
38.8164 	EXP 	window1: mouseVisible = True
38.8325 	EXP 	window1: mouseVisible = False
38.8327 	EXP 	window1: mouseVisible = True
38.8494 	EXP 	window1: mouseVisible = False
38.8497 	EXP 	window1: mouseVisible = True
38.8658 	EXP 	window1: mouseVisible = False
38.8660 	EXP 	window1: mouseVisible = True
38.8827 	EXP 	window1: mouseVisible = False
38.8829 	EXP 	window1: mouseVisible = True
38.8993 	EXP 	window1: mouseVisible = False
38.8995 	EXP 	window1: mouseVisible = True
38.9159 	EXP 	window1: mouseVisible = False
38.9161 	EXP 	window1: mouseVisible = True
38.9327 	EXP 	window1: mouseVisible = False
38.9329 	EXP 	window1: mouseVisible = True
38.9495 	EXP 	window1: mouseVisible = False
38.9497 	EXP 	window1: mouseVisible = True
38.9660 	EXP 	window1: mouseVisible = False
38.9662 	EXP 	window1: mouseVisible = True
38.9828 	EXP 	window1: mouseVisible = False
38.9830 	EXP 	window1: mouseVisible = True
38.9993 	EXP 	window1: mouseVisible = False
38.9995 	EXP 	window1: mouseVisible = True
39.0161 	EXP 	window1: mouseVisible = False
39.0163 	EXP 	window1: mouseVisible = True
39.0327 	EXP 	window1: mouseVisible = False
39.0329 	EXP 	window1: mouseVisible = True
39.0494 	EXP 	window1: mouseVisible = False
39.0495 	EXP 	window1: mouseVisible = True
39.0660 	EXP 	window1: mouseVisible = False
39.0662 	EXP 	window1: mouseVisible = True
39.0829 	EXP 	window1: mouseVisible = False
39.0832 	EXP 	window1: mouseVisible = True
39.0996 	EXP 	window1: mouseVisible = False
39.1000 	EXP 	window1: mouseVisible = True
39.1162 	EXP 	window1: mouseVisible = False
39.1164 	EXP 	window1: mouseVisible = True
39.1329 	EXP 	window1: mouseVisible = False
39.1332 	EXP 	window1: mouseVisible = True
39.1494 	EXP 	window1: mouseVisible = False
39.1496 	EXP 	window1: mouseVisible = True
39.1664 	EXP 	window1: mouseVisible = False
39.1666 	EXP 	window1: mouseVisible = True
39.1829 	EXP 	window1: mouseVisible = False
39.1832 	EXP 	window1: mouseVisible = True
39.1996 	EXP 	window1: mouseVisible = False
39.1997 	EXP 	window1: mouseVisible = True
39.2164 	EXP 	window1: mouseVisible = False
39.2165 	EXP 	window1: mouseVisible = True
39.2330 	EXP 	window1: mouseVisible = False
39.2333 	EXP 	window1: mouseVisible = True
39.2497 	EXP 	window1: mouseVisible = False
39.2500 	EXP 	window1: mouseVisible = True
39.2665 	EXP 	window1: mouseVisible = False
39.2667 	EXP 	window1: mouseVisible = True
39.2830 	EXP 	window1: mouseVisible = False
39.2833 	EXP 	window1: mouseVisible = True
39.2995 	EXP 	window1: mouseVisible = False
39.2997 	EXP 	window1: mouseVisible = True
39.3162 	EXP 	window1: mouseVisible = False
39.3164 	EXP 	window1: mouseVisible = True
39.3329 	EXP 	window1: mouseVisible = False
39.3332 	EXP 	window1: mouseVisible = True
39.3496 	EXP 	window1: mouseVisible = False
39.3498 	EXP 	window1: mouseVisible = True
39.3664 	EXP 	window1: mouseVisible = False
39.3667 	EXP 	window1: mouseVisible = True
39.3831 	EXP 	window1: mouseVisible = False
39.3833 	EXP 	window1: mouseVisible = True
39.3997 	EXP 	window1: mouseVisible = False
39.3999 	EXP 	window1: mouseVisible = True
39.4164 	EXP 	window1: mouseVisible = False
39.4167 	EXP 	window1: mouseVisible = True
39.4331 	EXP 	window1: mouseVisible = False
39.4333 	EXP 	window1: mouseVisible = True
39.4497 	EXP 	window1: mouseVisible = False
39.4498 	EXP 	window1: mouseVisible = True
39.4666 	EXP 	window1: mouseVisible = False
39.4668 	EXP 	window1: mouseVisible = True
39.4832 	EXP 	window1: mouseVisible = False
39.4835 	EXP 	window1: mouseVisible = True
39.4998 	EXP 	window1: mouseVisible = False
39.4999 	EXP 	window1: mouseVisible = True
39.5167 	EXP 	window1: mouseVisible = False
39.5170 	EXP 	window1: mouseVisible = True
39.5334 	EXP 	window1: mouseVisible = False
39.5336 	EXP 	window1: mouseVisible = True
39.5501 	EXP 	window1: mouseVisible = False
39.5502 	EXP 	window1: mouseVisible = True
39.5666 	EXP 	window1: mouseVisible = False
39.5669 	EXP 	window1: mouseVisible = True
39.5833 	EXP 	window1: mouseVisible = False
39.5836 	EXP 	window1: mouseVisible = True
39.6000 	EXP 	window1: mouseVisible = False
39.6003 	EXP 	window1: mouseVisible = True
39.6165 	EXP 	window1: mouseVisible = False
39.6166 	EXP 	window1: mouseVisible = True
39.6333 	EXP 	window1: mouseVisible = False
39.6336 	EXP 	window1: mouseVisible = True
39.6499 	EXP 	window1: mouseVisible = False
39.6501 	EXP 	window1: mouseVisible = True
39.6667 	EXP 	window1: mouseVisible = False
39.6670 	EXP 	window1: mouseVisible = True
39.6833 	EXP 	window1: mouseVisible = False
39.6835 	EXP 	window1: mouseVisible = True
39.6999 	EXP 	window1: mouseVisible = False
39.7001 	EXP 	window1: mouseVisible = True
39.7167 	EXP 	window1: mouseVisible = False
39.7169 	EXP 	window1: mouseVisible = True
39.7334 	EXP 	window1: mouseVisible = False
39.7336 	EXP 	window1: mouseVisible = True
39.7502 	EXP 	window1: mouseVisible = False
39.7504 	EXP 	window1: mouseVisible = True
39.7669 	EXP 	window1: mouseVisible = False
39.7671 	EXP 	window1: mouseVisible = True
39.7836 	EXP 	window1: mouseVisible = False
39.7838 	EXP 	window1: mouseVisible = True
39.8001 	EXP 	window1: mouseVisible = False
39.8002 	EXP 	window1: mouseVisible = True
39.8169 	EXP 	window1: mouseVisible = False
39.8172 	EXP 	window1: mouseVisible = True
39.8334 	EXP 	window1: mouseVisible = False
39.8335 	EXP 	window1: mouseVisible = True
39.8501 	EXP 	window1: mouseVisible = False
39.8503 	EXP 	window1: mouseVisible = True
39.8670 	EXP 	window1: mouseVisible = False
39.8674 	EXP 	window1: mouseVisible = True
39.8836 	EXP 	window1: mouseVisible = False
39.8838 	EXP 	window1: mouseVisible = True
39.9002 	EXP 	window1: mouseVisible = False
39.9004 	EXP 	window1: mouseVisible = True
39.9170 	EXP 	window1: mouseVisible = False
39.9173 	EXP 	window1: mouseVisible = True
39.9336 	EXP 	window1: mouseVisible = False
39.9338 	EXP 	window1: mouseVisible = True
39.9502 	EXP 	window1: mouseVisible = False
39.9504 	EXP 	window1: mouseVisible = True
39.9669 	EXP 	window1: mouseVisible = False
39.9671 	EXP 	window1: mouseVisible = True
39.9836 	EXP 	window1: mouseVisible = False
39.9838 	EXP 	window1: mouseVisible = True
40.0004 	EXP 	window1: mouseVisible = False
40.0006 	EXP 	window1: mouseVisible = True
40.0169 	EXP 	window1: mouseVisible = False
40.0171 	EXP 	window1: mouseVisible = True
40.0335 	EXP 	window1: mouseVisible = False
40.0337 	EXP 	window1: mouseVisible = True
40.0503 	EXP 	window1: mouseVisible = False
40.0506 	EXP 	window1: mouseVisible = True
40.0671 	EXP 	window1: mouseVisible = False
40.0673 	EXP 	window1: mouseVisible = True
40.0836 	EXP 	window1: mouseVisible = False
40.0838 	EXP 	window1: mouseVisible = True
40.1002 	EXP 	window1: mouseVisible = False
40.1005 	EXP 	window1: mouseVisible = True
40.1170 	EXP 	window1: mouseVisible = False
40.1172 	EXP 	window1: mouseVisible = True
40.1336 	EXP 	window1: mouseVisible = False
40.1339 	EXP 	window1: mouseVisible = True
40.1504 	EXP 	window1: mouseVisible = False
40.1506 	EXP 	window1: mouseVisible = True
40.1670 	EXP 	window1: mouseVisible = False
40.1672 	EXP 	window1: mouseVisible = True
40.1838 	EXP 	window1: mouseVisible = False
40.1840 	EXP 	window1: mouseVisible = True
40.2004 	EXP 	window1: mouseVisible = False
40.2006 	EXP 	window1: mouseVisible = True
40.2169 	EXP 	window1: mouseVisible = False
40.2171 	EXP 	window1: mouseVisible = True
40.2339 	EXP 	window1: mouseVisible = False
40.2342 	EXP 	window1: mouseVisible = True
40.2504 	EXP 	window1: mouseVisible = False
40.2506 	EXP 	window1: mouseVisible = True
40.2671 	EXP 	window1: mouseVisible = False
40.2674 	EXP 	window1: mouseVisible = True
40.2839 	EXP 	window1: mouseVisible = False
40.2841 	EXP 	window1: mouseVisible = True
40.3005 	EXP 	window1: mouseVisible = False
40.3007 	EXP 	window1: mouseVisible = True
40.3176 	EXP 	window1: mouseVisible = False
40.3180 	EXP 	window1: mouseVisible = True
40.3337 	EXP 	window1: mouseVisible = False
40.3341 	EXP 	window1: mouseVisible = True
40.3505 	EXP 	window1: mouseVisible = False
40.3507 	EXP 	window1: mouseVisible = True
40.3672 	EXP 	window1: mouseVisible = False
40.3674 	EXP 	window1: mouseVisible = True
40.3839 	EXP 	window1: mouseVisible = False
40.3841 	EXP 	window1: mouseVisible = True
40.4006 	EXP 	window1: mouseVisible = False
40.4008 	EXP 	window1: mouseVisible = True
40.4172 	EXP 	window1: mouseVisible = False
40.4175 	EXP 	window1: mouseVisible = True
40.4339 	EXP 	window1: mouseVisible = False
40.4341 	EXP 	window1: mouseVisible = True
40.4507 	EXP 	window1: mouseVisible = False
40.4509 	EXP 	window1: mouseVisible = True
40.4673 	EXP 	window1: mouseVisible = False
40.4675 	EXP 	window1: mouseVisible = True
40.4839 	EXP 	window1: mouseVisible = False
40.4842 	EXP 	window1: mouseVisible = True
40.5006 	EXP 	window1: mouseVisible = False
40.5008 	EXP 	window1: mouseVisible = True
40.5173 	EXP 	window1: mouseVisible = False
40.5176 	EXP 	window1: mouseVisible = True
40.5340 	EXP 	window1: mouseVisible = False
40.5341 	EXP 	window1: mouseVisible = True
40.5506 	EXP 	window1: mouseVisible = False
40.5509 	EXP 	window1: mouseVisible = True
40.5674 	EXP 	window1: mouseVisible = False
40.5677 	EXP 	window1: mouseVisible = True
40.5842 	EXP 	window1: mouseVisible = False
40.5844 	EXP 	window1: mouseVisible = True
40.6006 	EXP 	window1: mouseVisible = False
40.6008 	EXP 	window1: mouseVisible = True
40.6175 	EXP 	window1: mouseVisible = False
40.6179 	EXP 	window1: mouseVisible = True
40.6339 	EXP 	window1: mouseVisible = False
40.6342 	EXP 	window1: mouseVisible = True
40.6828 	EXP 	window1: mouseVisible = False
40.7012 	EXP 	blankScreen_2: autoDraw = False
40.7012 	EXP 	call1_2: autoDraw = False
40.7012 	EXP 	call2_2: autoDraw = False
40.7012 	EXP 	call3_2: autoDraw = False
40.7012 	EXP 	call4_2: autoDraw = False
40.7012 	EXP 	colour1_2: autoDraw = False
40.7012 	EXP 	colour2_2: autoDraw = False
40.7012 	EXP 	colour3_2: autoDraw = False
40.7012 	EXP 	colour4_2: autoDraw = False
40.7012 	EXP 	number1_2: autoDraw = False
40.7012 	EXP 	number2_2: autoDraw = False
40.7012 	EXP 	number3_2: autoDraw = False
40.7012 	EXP 	number4_2: autoDraw = False
40.7012 	EXP 	blankScreenAfterResponse_2: autoDraw = False
48.5369 	EXP 	Imported order1.csv as conditions, 4 conditions, 1 params
48.5372 	EXP 	Created sequence: sequential, trialTypes=4, nReps=1, seed=None
48.5374 	EXP 	New trial (rep=0, index=0): OrderedDict([('condsFile', 'flow\\tts-golang-selected_PsyPySEQ_NV1.csv')])
48.5383 	DATA 	Keypress: space
48.5425 	EXP 	instrTaskText: autoDraw = False
50.5297 	DATA 	Mouse: Left button down, pos=(1973,265)
50.6633 	DATA 	Mouse:  Left button up, pos=(1973,265)
51.9810 	DATA 	Keypress: escape
53.5066 	EXP 	window1: mouseVisible = True
