1.7281 	WARNING 	We strongly recommend you activate the PTB sound engine in PsychoPy prefs as the preferred audio engine. Its timing is vastly superior. Your prefs are currently set to use ['pyo'] (in that order).
6.2036 	EXP 	Created window1 = Window(allowGUI=True, allowStencil=False, autoLog=True, backendConf=UNKNOWN, bitsMode=UNKNOWN, blendMode='avg', bpc=(8, 8, 8), color=array([0, 0, 0]), colorSpace='rgb', depthBits=8, fullscr=<method-wrapper '__getattribute__' of attributeSetter object at 0x000002012F601D30>, gamma=None, gammaErrorPolicy='raise', lms=UNKNOWN, monitor=<psychopy.monitors.calibTools.Monitor object at 0x000002015676E940>, multiSample=False, name='window1', numSamples=2, pos=(0, 0), screen=0, size=array([2560, 1440]), stencilBits=0, stereo=False, units='height', useFBO=True, useRetina=False, viewOri=0.0, viewPos=None, viewScale=None, waitBlanking=True, winType='pyglet')
6.2037 	EXP 	window1: mouseVisible = True
6.2038 	EXP 	window1: mouseVisible = False
6.2038 	EXP 	window1: Attempting to measure frame rate of screen (0) ...
6.2038 	EXP 	window1: recordFrameIntervals = False
6.3701 	EXP 	window1: recordFrameIntervals = True
6.5535 	EXP 	Screen (0) actual frame rate measured at 60.19Hz
6.5535 	EXP 	window1: recordFrameIntervals = False
8.2380 	EXP 	Created instr_start = TextStim(__class__=<class 'psychopy.visual.text.TextStim'>, alignHoriz=method-wrapper(...), alignText='center', alignVert=method-wrapper(...), anchorHoriz='center', anchorVert='center', antialias=True, autoDraw=False, autoLog=True, bold=False, color=array([1., 1., 1.]), colorSpace='rgb', contrast=1.0, depth=0.0, flipHoriz=False, flipVert=False, font='Arial', fontFiles=[], height=0.04, italic=False, languageStyle='LTR', name='instr_start', opacity=1.0, ori=0, pos=array([0., 0.]), rgb=UNKNOWN, text=str(...), units='height', win=Window(...), wrapWidth=1)
8.2558 	EXP 	Created instrRest_pre = TextStim(__class__=<class 'psychopy.visual.text.TextStim'>, alignHoriz=method-wrapper(...), alignText='center', alignVert=method-wrapper(...), anchorHoriz='center', anchorVert='center', antialias=True, autoDraw=False, autoLog=True, bold=False, color=array([1., 1., 1.]), colorSpace='rgb', contrast=1.0, depth=-1.0, flipHoriz=False, flipVert=False, font='Arial', fontFiles=[], height=0.04, italic=False, languageStyle='LTR', name='instrRest_pre', opacity=1.0, ori=0, pos=array([0., 0.]), rgb=UNKNOWN, text=str(...), units='height', win=Window(...), wrapWidth=1)
9.2326 	EXP 	Set  sound=C
9.2570 	EXP 	Set beep_rest_pre_start sound=A
9.2570 	EXP 	Sound beep_rest_pre_start set volume 1.000
9.2643 	EXP 	Created fixation_1 = ShapeStim(__class__=<class 'psychopy.visual.shape.ShapeStim'>, anchor=('center', 'center'), autoDraw=False, autoLog=True, closeShape=True, color=method-wrapper(...), colorSpace='rgb', contrast=None, depth=-1.0, fillColor=array([1, 1, 1]), fillColorSpace='rgb', fillRGB=array([1, 1, 1]), interpolate=True, lineColor=array([1., 1., 1.]), lineColorSpace='rgb', lineRGB=array([1, 1, 1]), lineWidth=0.5, name='fixation_1', opacity=0.75, ori=0.0, pos=array([0., 0.]), size=array([0.05, 0.05]), units='height', vertices=ndarray(...), win=Window(...), windingRule=None)
9.2841 	EXP 	Created screenAfterAudio_3 = ImageStim(__class__=<class 'psychopy.visual.image.ImageStim'>, anchor=('center', 'center'), autoLog=True, color=array([1., 1., 1.]), colorSpace='rgb', contrast=1.0, depth=-3.0, flipHoriz=False, flipVert=False, image='images/grayScreen.png', interpolate=True, mask=None, maskParams=None, name='screenAfterAudio_3', opacity=1.0, ori=0.0, pos=array([0., 0.]), size=array([0.5, 0.5]), texRes=128.0, units='height', win=Window(...))
9.2855 	EXP 	Set beep_rest_pre_end sound=A
9.2855 	EXP 	Sound beep_rest_pre_end set volume 1.000
9.3360 	EXP 	Created instr_start_2 = TextStim(__class__=<class 'psychopy.visual.text.TextStim'>, alignHoriz=method-wrapper(...), alignText='center', alignVert=method-wrapper(...), anchorHoriz='center', anchorVert='center', antialias=True, autoDraw=False, autoLog=True, bold=False, color=array([1., 1., 1.]), colorSpace='rgb', contrast=1.0, depth=0.0, flipHoriz=False, flipVert=False, font='Arial', fontFiles=[], height=0.04, italic=False, languageStyle='LTR', name='instr_start_2', opacity=1.0, ori=0, pos=array([0., 0.]), rgb=UNKNOWN, text=str(...), units='height', win=Window(...), wrapWidth=1)
9.3494 	EXP 	Set sound_examples sound=A
9.3495 	EXP 	Sound sound_examples set volume 1.000
9.3513 	EXP 	Created fixation_2 = ShapeStim(__class__=<class 'psychopy.visual.shape.ShapeStim'>, anchor=('center', 'center'), autoDraw=False, autoLog=True, closeShape=True, color=method-wrapper(...), colorSpace='rgb', contrast=None, depth=-1.0, fillColor=array([1, 1, 1]), fillColorSpace='rgb', fillRGB=array([1, 1, 1]), interpolate=True, lineColor=array([1., 1., 1.]), lineColorSpace='rgb', lineRGB=array([1, 1, 1]), lineWidth=0.5, name='fixation_2', opacity=0.75, ori=0.0, pos=array([0., 0.]), size=array([0.05, 0.05]), units='height', vertices=ndarray(...), win=Window(...), windingRule=None)
9.3650 	EXP 	Created screenAfterAudio_2 = ImageStim(__class__=<class 'psychopy.visual.image.ImageStim'>, anchor=('center', 'center'), autoLog=True, color=array([1., 1., 1.]), colorSpace='rgb', contrast=1.0, depth=-3.0, flipHoriz=False, flipVert=False, image='images/grayScreen.png', interpolate=True, mask=None, maskParams=None, name='screenAfterAudio_2', opacity=1.0, ori=0.0, pos=array([0., 0.]), size=array([0.5, 0.5]), texRes=128.0, units='height', win=Window(...))
9.3780 	EXP 	Created blankScreen_2 = ImageStim(__class__=<class 'psychopy.visual.image.ImageStim'>, anchor=('center', 'center'), autoLog=True, color=array([1., 1., 1.]), colorSpace='rgb', contrast=1.0, depth=-4.0, flipHoriz=False, flipVert=False, image='images/grayScreen.png', interpolate=True, mask=None, maskParams=None, name='blankScreen_2', opacity=1.0, ori=0.0, pos=array([0., 0.]), size=array([1920., 1080.]), texRes=128, units='height', win=Window(...))
9.4042 	EXP 	Created call1_2 = ImageStim(__class__=<class 'psychopy.visual.image.ImageStim'>, anchor=('center', 'center'), autoLog=True, color=array([1., 1., 1.]), colorSpace='rgb', contrast=1.0, depth=-5.0, flipHoriz=False, flipVert=False, image='images/adler.png', interpolate=True, mask=None, maskParams=None, name='call1_2', opacity=1.0, ori=0.0, pos=array([-0.4   ,  0.3125]), size=array([0.18, 0.18]), texRes=128, units='height', win=Window(...))
9.4302 	EXP 	Created call2_2 = ImageStim(__class__=<class 'psychopy.visual.image.ImageStim'>, anchor=('center', 'center'), autoLog=True, color=array([1., 1., 1.]), colorSpace='rgb', contrast=1.0, depth=-6.0, flipHoriz=False, flipVert=False, image='images/drossel.png', interpolate=True, mask=None, maskParams=None, name='call2_2', opacity=1.0, ori=0.0, pos=array([-0.4       ,  0.10416667]), size=array([0.18, 0.18]), texRes=128, units='height', win=Window(...))
9.4583 	EXP 	Created call3_2 = ImageStim(__class__=<class 'psychopy.visual.image.ImageStim'>, anchor=('center', 'center'), autoLog=True, color=array([1., 1., 1.]), colorSpace='rgb', contrast=1.0, depth=-7.0, flipHoriz=False, flipVert=False, image='images/kroete.png', interpolate=True, mask=None, maskParams=None, name='call3_2', opacity=1.0, ori=0.0, pos=array([-0.4       , -0.10416667]), size=array([0.18, 0.18]), texRes=128, units='height', win=Window(...))
9.4835 	EXP 	Created call4_2 = ImageStim(__class__=<class 'psychopy.visual.image.ImageStim'>, anchor=('center', 'center'), autoLog=True, color=array([1., 1., 1.]), colorSpace='rgb', contrast=1.0, depth=-8.0, flipHoriz=False, flipVert=False, image='images/tiger.png', interpolate=True, mask=None, maskParams=None, name='call4_2', opacity=1.0, ori=0.0, pos=array([-0.4   , -0.3125]), size=array([0.18, 0.18]), texRes=128, units='height', win=Window(...))
9.5043 	EXP 	Created colour1_2 = ImageStim(__class__=<class 'psychopy.visual.image.ImageStim'>, anchor=('center', 'center'), autoLog=True, color=array([1., 1., 1.]), colorSpace='rgb', contrast=1.0, depth=-9.0, flipHoriz=False, flipVert=False, image='images/gelb.png', interpolate=True, mask=None, maskParams=None, name='colour1_2', opacity=1.0, ori=0.0, pos=array([0.    , 0.3125]), size=array([0.18, 0.18]), texRes=128, units='height', win=Window(...))
9.5223 	EXP 	Created colour2_2 = ImageStim(__class__=<class 'psychopy.visual.image.ImageStim'>, anchor=('center', 'center'), autoLog=True, color=array([1., 1., 1.]), colorSpace='rgb', contrast=1.0, depth=-10.0, flipHoriz=False, flipVert=False, image='images/gruen.png', interpolate=True, mask=None, maskParams=None, name='colour2_2', opacity=1.0, ori=0.0, pos=array([0.        , 0.10416667]), size=array([0.18, 0.18]), texRes=128, units='height', win=Window(...))
9.5428 	EXP 	Created colour3_2 = ImageStim(__class__=<class 'psychopy.visual.image.ImageStim'>, anchor=('center', 'center'), autoLog=True, color=array([1., 1., 1.]), colorSpace='rgb', contrast=1.0, depth=-11.0, flipHoriz=False, flipVert=False, image='images/rot.png', interpolate=True, mask=None, maskParams=None, name='colour3_2', opacity=1.0, ori=0.0, pos=array([ 0.        , -0.10416667]), size=array([0.18, 0.18]), texRes=128, units='height', win=Window(...))
9.5700 	EXP 	Created colour4_2 = ImageStim(__class__=<class 'psychopy.visual.image.ImageStim'>, anchor=('center', 'center'), autoLog=True, color=array([1., 1., 1.]), colorSpace='rgb', contrast=1.0, depth=-12.0, flipHoriz=False, flipVert=False, image='images/weiss.png', interpolate=True, mask=None, maskParams=None, name='colour4_2', opacity=1.0, ori=0.0, pos=array([ 0.    , -0.3125]), size=array([0.18, 0.18]), texRes=128, units='height', win=Window(...))
9.5919 	EXP 	Created number1_2 = ImageStim(__class__=<class 'psychopy.visual.image.ImageStim'>, anchor=('center', 'center'), autoLog=True, color=array([1., 1., 1.]), colorSpace='rgb', contrast=1.0, depth=-13.0, flipHoriz=False, flipVert=False, image='images/1.png', interpolate=True, mask=None, maskParams=None, name='number1_2', opacity=1.0, ori=0.0, pos=array([0.4   , 0.3125]), size=array([0.18, 0.18]), texRes=128, units='height', win=Window(...))
9.6150 	EXP 	Created number2_2 = ImageStim(__class__=<class 'psychopy.visual.image.ImageStim'>, anchor=('center', 'center'), autoLog=True, color=array([1., 1., 1.]), colorSpace='rgb', contrast=1.0, depth=-14.0, flipHoriz=False, flipVert=False, image='images/2.png', interpolate=True, mask=None, maskParams=None, name='number2_2', opacity=1.0, ori=0.0, pos=array([0.4       , 0.10416667]), size=array([0.18, 0.18]), texRes=128, units='height', win=Window(...))
9.6340 	EXP 	Created number3_2 = ImageStim(__class__=<class 'psychopy.visual.image.ImageStim'>, anchor=('center', 'center'), autoLog=True, color=array([1., 1., 1.]), colorSpace='rgb', contrast=1.0, depth=-15.0, flipHoriz=False, flipVert=False, image='images/3.png', interpolate=True, mask=None, maskParams=None, name='number3_2', opacity=1.0, ori=0.0, pos=array([ 0.4       , -0.10416667]), size=array([0.18, 0.18]), texRes=128, units='height', win=Window(...))
9.6531 	EXP 	Created number4_2 = ImageStim(__class__=<class 'psychopy.visual.image.ImageStim'>, anchor=('center', 'center'), autoLog=True, color=array([1., 1., 1.]), colorSpace='rgb', contrast=1.0, depth=-16.0, flipHoriz=False, flipVert=False, image='images/4.png', interpolate=True, mask=None, maskParams=None, name='number4_2', opacity=1.0, ori=0.0, pos=array([ 0.4   , -0.3125]), size=array([0.18, 0.18]), texRes=128, units='height', win=Window(...))
9.6531 	EXP 	window1: mouseVisible = True
9.6532 	EXP 	window1: mouseVisible = True
9.6532 	EXP 	window1: mouseVisible = True
9.6725 	EXP 	Created blankScreenAfterResponse_2 = ImageStim(__class__=<class 'psychopy.visual.image.ImageStim'>, anchor=('center', 'center'), autoLog=True, color=array([1., 1., 1.]), colorSpace='rgb', contrast=1.0, depth=-25.0, flipHoriz=False, flipVert=False, image='images/blankScreen.png', interpolate=True, mask=None, maskParams=None, name='blankScreenAfterResponse_2', opacity=1.0, ori=0.0, pos=array([0., 0.]), size=array([1920., 1080.]), texRes=128, units='height', win=Window(...))
9.6863 	EXP 	Created instrTaskText = TextStim(__class__=<class 'psychopy.visual.text.TextStim'>, alignHoriz=method-wrapper(...), alignText='center', alignVert=method-wrapper(...), anchorHoriz='center', anchorVert='center', antialias=True, autoDraw=False, autoLog=True, bold=False, color=array([1., 1., 1.]), colorSpace='rgb', contrast=1.0, depth=-1.0, flipHoriz=False, flipVert=False, font='Arial', fontFiles=[], height=0.04, italic=False, languageStyle='LTR', name='instrTaskText', opacity=1.0, ori=0, pos=array([0., 0.]), rgb=UNKNOWN, text=str(...), units='height', win=Window(...), wrapWidth=1)
9.6955 	EXP 	Created blockStart = TextStim(__class__=<class 'psychopy.visual.text.TextStim'>, alignHoriz=method-wrapper(...), alignText='center', alignVert=method-wrapper(...), anchorHoriz='center', anchorVert='center', antialias=True, autoDraw=False, autoLog=True, bold=False, color=array([1., 1., 1.]), colorSpace='rgb', contrast=1.0, depth=0.0, flipHoriz=False, flipVert=False, font='Arial', fontFiles=[], height=0.04, italic=False, languageStyle='LTR', name='blockStart', opacity=1.0, ori=0, pos=array([0., 0.]), rgb=UNKNOWN, text=str(...), units='height', win=Window(...), wrapWidth=1)
9.7091 	EXP 	Set sound_1 sound=A
9.7092 	EXP 	Sound sound_1 set volume 1.000
9.7109 	EXP 	Created fixation = ShapeStim(__class__=<class 'psychopy.visual.shape.ShapeStim'>, anchor=('center', 'center'), autoDraw=False, autoLog=True, closeShape=True, color=method-wrapper(...), colorSpace='rgb', contrast=None, depth=-2.0, fillColor=array([1, 1, 1]), fillColorSpace='rgb', fillRGB=array([1, 1, 1]), interpolate=True, lineColor=array([1., 1., 1.]), lineColorSpace='rgb', lineRGB=array([1, 1, 1]), lineWidth=0.5, name='fixation', opacity=0.75, ori=0.0, pos=array([0., 0.]), size=array([0.05, 0.05]), units='height', vertices=ndarray(...), win=Window(...), windingRule=None)
9.7258 	EXP 	Created screenAfterAudio = ImageStim(__class__=<class 'psychopy.visual.image.ImageStim'>, anchor=('center', 'center'), autoLog=True, color=array([1., 1., 1.]), colorSpace='rgb', contrast=1.0, depth=-4.0, flipHoriz=False, flipVert=False, image='images/grayScreen.png', interpolate=True, mask=None, maskParams=None, name='screenAfterAudio', opacity=1.0, ori=0.0, pos=array([0., 0.]), size=array([0.5, 0.5]), texRes=128.0, units='height', win=Window(...))
9.7398 	EXP 	Created blankScreen = ImageStim(__class__=<class 'psychopy.visual.image.ImageStim'>, anchor=('center', 'center'), autoLog=True, color=array([1., 1., 1.]), colorSpace='rgb', contrast=1.0, depth=-4.0, flipHoriz=False, flipVert=False, image='images/grayScreen.png', interpolate=True, mask=None, maskParams=None, name='blankScreen', opacity=1.0, ori=0.0, pos=array([0., 0.]), size=array([1920., 1080.]), texRes=128, units='height', win=Window(...))
9.7546 	EXP 	Created call1 = ImageStim(__class__=<class 'psychopy.visual.image.ImageStim'>, anchor=('center', 'center'), autoLog=True, color=array([1., 1., 1.]), colorSpace='rgb', contrast=1.0, depth=-5.0, flipHoriz=False, flipVert=False, image='images/adler.png', interpolate=True, mask=None, maskParams=None, name='call1', opacity=1.0, ori=0.0, pos=array([-0.4   ,  0.3125]), size=array([0.18, 0.18]), texRes=128, units='height', win=Window(...))
9.7696 	EXP 	Created call2 = ImageStim(__class__=<class 'psychopy.visual.image.ImageStim'>, anchor=('center', 'center'), autoLog=True, color=array([1., 1., 1.]), colorSpace='rgb', contrast=1.0, depth=-6.0, flipHoriz=False, flipVert=False, image='images/drossel.png', interpolate=True, mask=None, maskParams=None, name='call2', opacity=1.0, ori=0.0, pos=array([-0.4       ,  0.10416667]), size=array([0.18, 0.18]), texRes=128, units='height', win=Window(...))
9.7861 	EXP 	Created call3 = ImageStim(__class__=<class 'psychopy.visual.image.ImageStim'>, anchor=('center', 'center'), autoLog=True, color=array([1., 1., 1.]), colorSpace='rgb', contrast=1.0, depth=-7.0, flipHoriz=False, flipVert=False, image='images/kroete.png', interpolate=True, mask=None, maskParams=None, name='call3', opacity=1.0, ori=0.0, pos=array([-0.4       , -0.10416667]), size=array([0.18, 0.18]), texRes=128, units='height', win=Window(...))
9.8015 	EXP 	Created call4 = ImageStim(__class__=<class 'psychopy.visual.image.ImageStim'>, anchor=('center', 'center'), autoLog=True, color=array([1., 1., 1.]), colorSpace='rgb', contrast=1.0, depth=-8.0, flipHoriz=False, flipVert=False, image='images/tiger.png', interpolate=True, mask=None, maskParams=None, name='call4', opacity=1.0, ori=0.0, pos=array([-0.4   , -0.3125]), size=array([0.18, 0.18]), texRes=128, units='height', win=Window(...))
9.8173 	EXP 	Created colour1 = ImageStim(__class__=<class 'psychopy.visual.image.ImageStim'>, anchor=('center', 'center'), autoLog=True, color=array([1., 1., 1.]), colorSpace='rgb', contrast=1.0, depth=-9.0, flipHoriz=False, flipVert=False, image='images/gelb.png', interpolate=True, mask=None, maskParams=None, name='colour1', opacity=1.0, ori=0.0, pos=array([0.    , 0.3125]), size=array([0.18, 0.18]), texRes=128, units='height', win=Window(...))
9.8316 	EXP 	Created colour2 = ImageStim(__class__=<class 'psychopy.visual.image.ImageStim'>, anchor=('center', 'center'), autoLog=True, color=array([1., 1., 1.]), colorSpace='rgb', contrast=1.0, depth=-10.0, flipHoriz=False, flipVert=False, image='images/gruen.png', interpolate=True, mask=None, maskParams=None, name='colour2', opacity=1.0, ori=0.0, pos=array([0.        , 0.10416667]), size=array([0.18, 0.18]), texRes=128, units='height', win=Window(...))
9.8465 	EXP 	Created colour3 = ImageStim(__class__=<class 'psychopy.visual.image.ImageStim'>, anchor=('center', 'center'), autoLog=True, color=array([1., 1., 1.]), colorSpace='rgb', contrast=1.0, depth=-11.0, flipHoriz=False, flipVert=False, image='images/rot.png', interpolate=True, mask=None, maskParams=None, name='colour3', opacity=1.0, ori=0.0, pos=array([ 0.        , -0.10416667]), size=array([0.18, 0.18]), texRes=128, units='height', win=Window(...))
9.8638 	EXP 	Created colour4 = ImageStim(__class__=<class 'psychopy.visual.image.ImageStim'>, anchor=('center', 'center'), autoLog=True, color=array([1., 1., 1.]), colorSpace='rgb', contrast=1.0, depth=-12.0, flipHoriz=False, flipVert=False, image='images/weiss.png', interpolate=True, mask=None, maskParams=None, name='colour4', opacity=1.0, ori=0.0, pos=array([ 0.    , -0.3125]), size=array([0.18, 0.18]), texRes=128, units='height', win=Window(...))
9.8785 	EXP 	Created number1 = ImageStim(__class__=<class 'psychopy.visual.image.ImageStim'>, anchor=('center', 'center'), autoLog=True, color=array([1., 1., 1.]), colorSpace='rgb', contrast=1.0, depth=-13.0, flipHoriz=False, flipVert=False, image='images/1.png', interpolate=True, mask=None, maskParams=None, name='number1', opacity=1.0, ori=0.0, pos=array([0.4   , 0.3125]), size=array([0.18, 0.18]), texRes=128, units='height', win=Window(...))
9.8917 	EXP 	Created number2 = ImageStim(__class__=<class 'psychopy.visual.image.ImageStim'>, anchor=('center', 'center'), autoLog=True, color=array([1., 1., 1.]), colorSpace='rgb', contrast=1.0, depth=-14.0, flipHoriz=False, flipVert=False, image='images/2.png', interpolate=True, mask=None, maskParams=None, name='number2', opacity=1.0, ori=0.0, pos=array([0.4       , 0.10416667]), size=array([0.18, 0.18]), texRes=128, units='height', win=Window(...))
9.9056 	EXP 	Created number3 = ImageStim(__class__=<class 'psychopy.visual.image.ImageStim'>, anchor=('center', 'center'), autoLog=True, color=array([1., 1., 1.]), colorSpace='rgb', contrast=1.0, depth=-15.0, flipHoriz=False, flipVert=False, image='images/3.png', interpolate=True, mask=None, maskParams=None, name='number3', opacity=1.0, ori=0.0, pos=array([ 0.4       , -0.10416667]), size=array([0.18, 0.18]), texRes=128, units='height', win=Window(...))
9.9196 	EXP 	Created number4 = ImageStim(__class__=<class 'psychopy.visual.image.ImageStim'>, anchor=('center', 'center'), autoLog=True, color=array([1., 1., 1.]), colorSpace='rgb', contrast=1.0, depth=-16.0, flipHoriz=False, flipVert=False, image='images/4.png', interpolate=True, mask=None, maskParams=None, name='number4', opacity=1.0, ori=0.0, pos=array([ 0.4   , -0.3125]), size=array([0.18, 0.18]), texRes=128, units='height', win=Window(...))
9.9197 	EXP 	window1: mouseVisible = True
9.9197 	EXP 	window1: mouseVisible = True
9.9198 	EXP 	window1: mouseVisible = True
9.9338 	EXP 	Created blankScreenAfterResponse = ImageStim(__class__=<class 'psychopy.visual.image.ImageStim'>, anchor=('center', 'center'), autoLog=True, color=array([1., 1., 1.]), colorSpace='rgb', contrast=1.0, depth=-25.0, flipHoriz=False, flipVert=False, image='images/blankScreen.png', interpolate=True, mask=None, maskParams=None, name='blankScreenAfterResponse', opacity=1.0, ori=0.0, pos=array([0., 0.]), size=array([1920., 1080.]), texRes=128, units='height', win=Window(...))
9.9508 	EXP 	Created instrRest_post = TextStim(__class__=<class 'psychopy.visual.text.TextStim'>, alignHoriz=method-wrapper(...), alignText='center', alignVert=method-wrapper(...), anchorHoriz='center', anchorVert='center', antialias=True, autoDraw=False, autoLog=True, bold=False, color=array([1., 1., 1.]), colorSpace='rgb', contrast=1.0, depth=-1.0, flipHoriz=False, flipVert=False, font='Arial', fontFiles=[], height=0.04, italic=False, languageStyle='LTR', name='instrRest_post', opacity=1.0, ori=0, pos=array([0., 0.]), rgb=UNKNOWN, text=str(...), units='height', win=Window(...), wrapWidth=1)
9.9530 	EXP 	Created restBlock_2 = TextStim(__class__=<class 'psychopy.visual.text.TextStim'>, alignHoriz=method-wrapper(...), alignText='center', alignVert=method-wrapper(...), anchorHoriz='center', anchorVert='center', antialias=True, autoDraw=False, autoLog=True, bold=False, color=array([1., 1., 1.]), colorSpace='rgb', contrast=1.0, depth=0.0, flipHoriz=False, flipVert=False, font='Arial', fontFiles=[], height=0.04, italic=False, languageStyle='LTR', name='restBlock_2', opacity=1.0, ori=0, pos=array([0., 0.]), rgb=UNKNOWN, text='Begin  block ', units='height', win=Window(...), wrapWidth=1)
9.9584 	EXP 	Created thanksText_end = TextStim(__class__=<class 'psychopy.visual.text.TextStim'>, alignHoriz=method-wrapper(...), alignText='center', alignVert=method-wrapper(...), anchorHoriz='center', anchorVert='center', antialias=True, autoDraw=False, autoLog=True, bold=False, color=array([1., 1., 1.]), colorSpace='rgb', contrast=1.0, depth=0.0, flipHoriz=False, flipVert=False, font='Arial', fontFiles=[], height=0.04, italic=False, languageStyle='LTR', name='thanksText_end', opacity=1.0, ori=0, pos=array([0., 0.]), rgb=UNKNOWN, text=str(...), units='height', win=Window(...), wrapWidth=1)
9.9584 	EXP 	window1: mouseVisible = False
9.9724 	EXP 	instr_start: autoDraw = True
13.9763 	EXP 	window1: mouseVisible = False
13.9785 	DATA 	Keypress: space
13.9925 	EXP 	instr_start: autoDraw = False
13.9925 	EXP 	instrRest_pre: autoDraw = True
14.9448 	DATA 	Mouse: Left button down, pos=(582,361)
15.0447 	DATA 	Mouse:  Left button up, pos=(582,361)
15.2792 	EXP 	Set beep_rest_pre_start sound=click_beep.wav
15.2793 	EXP 	window1: mouseVisible = False
15.2826 	EXP 	Set beep_rest_pre_end sound=click_beep.wav
15.2832 	EXP 	Sound beep_rest_pre_start started
15.2859 	DATA 	Keypress: space
15.2934 	EXP 	instrRest_pre: autoDraw = False
15.2934 	EXP 	fixation_1: autoDraw = True
19.2812 	EXP 	Sound beep_rest_pre_end started
19.2967 	EXP 	fixation_1: autoDraw = False
19.2967 	EXP 	screenAfterAudio_3: autoDraw = True
19.2967 	EXP 	screenAfterAudio_3: autoDraw = False
20.2811 	EXP 	Sound beep_rest_pre_end stopped
20.2814 	EXP 	Sound beep_rest_pre_start stopped
20.2814 	EXP 	Sound beep_rest_pre_end stopped
20.2815 	EXP 	window1: mouseVisible = False
20.2976 	EXP 	fixation_1: autoDraw = False
20.2976 	EXP 	screenAfterAudio_3: autoDraw = False
20.2976 	EXP 	instr_start_2: autoDraw = True
22.7681 	DATA 	Keypress: b
22.8110 	EXP 	Imported Example_list.csv as conditions, 4 conditions, 4 params
22.8113 	EXP 	Created sequence: sequential, trialTypes=4, nReps=5, seed=None
22.8116 	EXP 	New trial (rep=0, index=0): OrderedDict([('audiofile', 'audio/NV_DE_Neural2-D_Dr-we-Ei_0.9p.wav'), ('callSign', 'Dr'), ('colour', 'we'), ('number', 'Ei')])
22.8392 	EXP 	Set sound_examples sound=audio/NV_DE_Neural2-D_Dr-we-Ei_0.9p.wav
22.8393 	EXP 	window1: mouseVisible = False
22.8399 	EXP 	Sound sound_examples started
22.8415 	DATA 	Keypress: space
22.8498 	EXP 	instr_start_2: autoDraw = False
22.8498 	EXP 	fixation_2: autoDraw = True
28.3047 	EXP 	Sound sound_examples stopped
28.4446 	EXP 	window1: mouseVisible = False
28.4541 	EXP 	fixation_2: autoDraw = False
28.4541 	EXP 	screenAfterAudio_2: autoDraw = True
28.4541 	EXP 	screenAfterAudio_2: autoDraw = False
28.4541 	EXP 	fixation_2: autoDraw = False
28.4541 	EXP 	screenAfterAudio_2: autoDraw = False
28.4541 	EXP 	call1_2: texRes = 128
28.4541 	EXP 	call2_2: texRes = 128
28.4541 	EXP 	call3_2: texRes = 128
28.4541 	EXP 	call4_2: texRes = 128
28.4541 	EXP 	colour1_2: texRes = 128
28.4541 	EXP 	colour2_2: texRes = 128
28.4541 	EXP 	colour3_2: texRes = 128
28.4541 	EXP 	colour4_2: texRes = 128
28.4541 	EXP 	number1_2: texRes = 128
28.4541 	EXP 	number2_2: texRes = 128
28.4541 	EXP 	number3_2: texRes = 128
28.4541 	EXP 	number4_2: texRes = 128
28.4541 	EXP 	blankScreen_2: autoDraw = True
28.4543 	EXP 	window1: mouseVisible = False
28.4715 	EXP 	window1: mouseVisible = False
28.4880 	EXP 	window1: mouseVisible = False
28.5051 	EXP 	window1: mouseVisible = False
28.5220 	EXP 	window1: mouseVisible = False
28.5377 	EXP 	window1: mouseVisible = False
28.5552 	EXP 	window1: mouseVisible = False
28.5712 	EXP 	window1: mouseVisible = False
28.5881 	EXP 	window1: mouseVisible = False
28.6051 	EXP 	window1: mouseVisible = False
28.6216 	EXP 	window1: mouseVisible = False
28.6385 	EXP 	window1: mouseVisible = False
28.6553 	EXP 	window1: mouseVisible = False
28.6714 	EXP 	window1: mouseVisible = False
28.6882 	EXP 	window1: mouseVisible = False
28.7045 	EXP 	window1: mouseVisible = False
28.7212 	EXP 	window1: mouseVisible = False
28.7378 	EXP 	window1: mouseVisible = False
28.7546 	EXP 	window1: mouseVisible = False
28.7713 	EXP 	window1: mouseVisible = False
28.7881 	EXP 	window1: mouseVisible = False
28.8047 	EXP 	window1: mouseVisible = False
28.8212 	EXP 	window1: mouseVisible = False
28.8380 	EXP 	window1: mouseVisible = False
28.8547 	EXP 	window1: mouseVisible = False
28.8715 	EXP 	window1: mouseVisible = False
28.8880 	EXP 	window1: mouseVisible = False
28.9048 	EXP 	window1: mouseVisible = False
28.9216 	EXP 	window1: mouseVisible = False
28.9381 	EXP 	window1: mouseVisible = False
28.9548 	EXP 	window1: mouseVisible = False
28.9714 	EXP 	window1: mouseVisible = False
28.9882 	EXP 	window1: mouseVisible = False
29.0048 	EXP 	window1: mouseVisible = False
29.0216 	EXP 	window1: mouseVisible = False
29.0381 	EXP 	window1: mouseVisible = False
29.0551 	EXP 	window1: mouseVisible = False
29.0717 	EXP 	window1: mouseVisible = False
29.0882 	EXP 	window1: mouseVisible = False
29.1051 	EXP 	window1: mouseVisible = False
29.1219 	EXP 	window1: mouseVisible = False
29.1385 	EXP 	window1: mouseVisible = False
29.1550 	EXP 	window1: mouseVisible = False
29.1719 	EXP 	window1: mouseVisible = False
29.1882 	EXP 	window1: mouseVisible = False
29.2050 	EXP 	window1: mouseVisible = False
29.2216 	EXP 	window1: mouseVisible = False
29.2383 	EXP 	window1: mouseVisible = False
29.2551 	EXP 	window1: mouseVisible = False
29.2717 	EXP 	window1: mouseVisible = False
29.2883 	EXP 	window1: mouseVisible = False
29.3051 	EXP 	window1: mouseVisible = False
29.3219 	EXP 	window1: mouseVisible = False
29.3383 	EXP 	window1: mouseVisible = False
29.3551 	EXP 	window1: mouseVisible = False
29.3719 	EXP 	window1: mouseVisible = False
29.3885 	EXP 	window1: mouseVisible = False
29.4052 	EXP 	window1: mouseVisible = False
29.4218 	EXP 	window1: mouseVisible = False
29.4387 	EXP 	window1: mouseVisible = False
29.4552 	EXP 	blankScreen_2: autoDraw = False
29.4552 	EXP 	call1_2: autoDraw = True
29.4552 	EXP 	call2_2: autoDraw = True
29.4552 	EXP 	call3_2: autoDraw = True
29.4552 	EXP 	call4_2: autoDraw = True
29.4552 	EXP 	colour1_2: autoDraw = True
29.4552 	EXP 	colour2_2: autoDraw = True
29.4552 	EXP 	colour3_2: autoDraw = True
29.4552 	EXP 	colour4_2: autoDraw = True
29.4552 	EXP 	number1_2: autoDraw = True
29.4552 	EXP 	number2_2: autoDraw = True
29.4552 	EXP 	number3_2: autoDraw = True
29.4552 	EXP 	number4_2: autoDraw = True
29.4553 	EXP 	window1: mouseVisible = False
29.4557 	EXP 	window1: mouseVisible = True
29.4720 	EXP 	window1: mouseVisible = False
29.4723 	EXP 	window1: mouseVisible = True
29.4886 	EXP 	window1: mouseVisible = False
29.4888 	EXP 	window1: mouseVisible = True
29.5055 	EXP 	window1: mouseVisible = False
29.5057 	EXP 	window1: mouseVisible = True
29.5222 	EXP 	window1: mouseVisible = False
29.5225 	EXP 	window1: mouseVisible = True
29.5388 	EXP 	window1: mouseVisible = False
29.5390 	EXP 	window1: mouseVisible = True
29.5555 	EXP 	window1: mouseVisible = False
29.5558 	EXP 	window1: mouseVisible = True
29.5720 	EXP 	window1: mouseVisible = False
29.5722 	EXP 	window1: mouseVisible = True
29.5889 	EXP 	window1: mouseVisible = False
29.5891 	EXP 	window1: mouseVisible = True
29.6054 	EXP 	window1: mouseVisible = False
29.6056 	EXP 	window1: mouseVisible = True
29.6223 	EXP 	window1: mouseVisible = False
29.6226 	EXP 	window1: mouseVisible = True
29.6387 	EXP 	window1: mouseVisible = False
29.6389 	EXP 	window1: mouseVisible = True
29.6555 	EXP 	window1: mouseVisible = False
29.6559 	EXP 	window1: mouseVisible = True
29.6726 	EXP 	window1: mouseVisible = False
29.6730 	EXP 	window1: mouseVisible = True
29.6890 	EXP 	window1: mouseVisible = False
29.6892 	EXP 	window1: mouseVisible = True
29.7055 	EXP 	window1: mouseVisible = False
29.7057 	EXP 	window1: mouseVisible = True
29.7221 	EXP 	window1: mouseVisible = False
29.7223 	EXP 	window1: mouseVisible = True
29.7388 	EXP 	window1: mouseVisible = False
29.7391 	EXP 	window1: mouseVisible = True
29.7557 	EXP 	window1: mouseVisible = False
29.7560 	EXP 	window1: mouseVisible = True
29.7723 	EXP 	window1: mouseVisible = False
29.7725 	EXP 	window1: mouseVisible = True
29.7889 	EXP 	window1: mouseVisible = False
29.7891 	EXP 	window1: mouseVisible = True
29.8057 	EXP 	window1: mouseVisible = False
29.8059 	EXP 	window1: mouseVisible = True
29.8223 	EXP 	window1: mouseVisible = False
29.8225 	EXP 	window1: mouseVisible = True
29.8390 	EXP 	window1: mouseVisible = False
29.8392 	EXP 	window1: mouseVisible = True
29.8556 	EXP 	window1: mouseVisible = False
29.8558 	EXP 	window1: mouseVisible = True
29.8722 	EXP 	window1: mouseVisible = False
29.8724 	EXP 	window1: mouseVisible = True
29.8891 	EXP 	window1: mouseVisible = False
29.8894 	EXP 	window1: mouseVisible = True
29.9058 	EXP 	window1: mouseVisible = False
29.9060 	EXP 	window1: mouseVisible = True
29.9224 	EXP 	window1: mouseVisible = False
29.9226 	EXP 	window1: mouseVisible = True
29.9390 	EXP 	window1: mouseVisible = False
29.9394 	EXP 	window1: mouseVisible = True
29.9556 	EXP 	window1: mouseVisible = False
29.9558 	EXP 	window1: mouseVisible = True
29.9726 	EXP 	window1: mouseVisible = False
29.9729 	EXP 	window1: mouseVisible = True
29.9892 	EXP 	window1: mouseVisible = False
29.9895 	EXP 	window1: mouseVisible = True
30.0056 	EXP 	window1: mouseVisible = False
30.0058 	EXP 	window1: mouseVisible = True
30.0223 	EXP 	window1: mouseVisible = False
30.0225 	EXP 	window1: mouseVisible = True
30.0391 	EXP 	window1: mouseVisible = False
30.0393 	EXP 	window1: mouseVisible = True
30.0558 	EXP 	window1: mouseVisible = False
30.0560 	EXP 	window1: mouseVisible = True
30.0726 	EXP 	window1: mouseVisible = False
30.0728 	EXP 	window1: mouseVisible = True
30.0891 	EXP 	window1: mouseVisible = False
30.0894 	EXP 	window1: mouseVisible = True
30.1058 	EXP 	window1: mouseVisible = False
30.1060 	EXP 	window1: mouseVisible = True
30.1225 	EXP 	window1: mouseVisible = False
30.1228 	EXP 	window1: mouseVisible = True
30.1392 	EXP 	window1: mouseVisible = False
30.1395 	EXP 	window1: mouseVisible = True
30.1558 	EXP 	window1: mouseVisible = False
30.1561 	EXP 	window1: mouseVisible = True
30.1725 	EXP 	window1: mouseVisible = False
30.1727 	EXP 	window1: mouseVisible = True
30.1892 	EXP 	window1: mouseVisible = False
30.1895 	EXP 	window1: mouseVisible = True
30.2058 	EXP 	window1: mouseVisible = False
30.2061 	EXP 	window1: mouseVisible = True
30.2226 	EXP 	window1: mouseVisible = False
30.2228 	EXP 	window1: mouseVisible = True
30.2392 	EXP 	window1: mouseVisible = False
30.2394 	EXP 	window1: mouseVisible = True
30.2559 	EXP 	window1: mouseVisible = False
30.2561 	EXP 	window1: mouseVisible = True
30.2727 	EXP 	window1: mouseVisible = False
30.2730 	EXP 	window1: mouseVisible = True
30.2893 	EXP 	window1: mouseVisible = False
30.2895 	EXP 	window1: mouseVisible = True
30.3060 	EXP 	window1: mouseVisible = False
30.3062 	EXP 	window1: mouseVisible = True
30.3227 	EXP 	window1: mouseVisible = False
30.3229 	EXP 	window1: mouseVisible = True
30.3393 	EXP 	window1: mouseVisible = False
30.3395 	EXP 	window1: mouseVisible = True
30.3561 	EXP 	window1: mouseVisible = False
30.3563 	EXP 	window1: mouseVisible = True
30.3727 	EXP 	window1: mouseVisible = False
30.3729 	EXP 	window1: mouseVisible = True
30.3893 	EXP 	window1: mouseVisible = False
30.3895 	EXP 	window1: mouseVisible = True
30.4062 	EXP 	window1: mouseVisible = False
30.4065 	EXP 	window1: mouseVisible = True
30.4227 	EXP 	window1: mouseVisible = False
30.4229 	EXP 	window1: mouseVisible = True
30.4395 	EXP 	window1: mouseVisible = False
30.4397 	EXP 	window1: mouseVisible = True
30.4401 	DATA 	Mouse: Left button down, pos=(712,593)
30.4726 	EXP 	call1_2: texRes = 128
30.4726 	EXP 	call2_2: texRes = 128
30.4726 	EXP 	call4_2: texRes = 128
30.4728 	EXP 	window1: mouseVisible = False
30.4731 	EXP 	window1: mouseVisible = True
30.4895 	EXP 	window1: mouseVisible = False
30.4897 	EXP 	window1: mouseVisible = True
30.5063 	EXP 	window1: mouseVisible = False
30.5067 	EXP 	window1: mouseVisible = True
30.5229 	EXP 	window1: mouseVisible = False
30.5231 	EXP 	window1: mouseVisible = True
30.5234 	DATA 	Mouse:  Left button up, pos=(713,593)
30.5394 	EXP 	window1: mouseVisible = False
30.5398 	EXP 	window1: mouseVisible = True
30.5563 	EXP 	window1: mouseVisible = False
30.5566 	EXP 	window1: mouseVisible = True
30.5729 	EXP 	window1: mouseVisible = False
30.5732 	EXP 	window1: mouseVisible = True
30.5896 	EXP 	window1: mouseVisible = False
30.5898 	EXP 	window1: mouseVisible = True
30.6063 	EXP 	window1: mouseVisible = False
30.6066 	EXP 	window1: mouseVisible = True
30.6230 	EXP 	window1: mouseVisible = False
30.6232 	EXP 	window1: mouseVisible = True
30.6396 	EXP 	window1: mouseVisible = False
30.6399 	EXP 	window1: mouseVisible = True
30.6562 	EXP 	window1: mouseVisible = False
30.6564 	EXP 	window1: mouseVisible = True
30.6729 	EXP 	window1: mouseVisible = False
30.6731 	EXP 	window1: mouseVisible = True
30.6897 	EXP 	window1: mouseVisible = False
30.6901 	EXP 	window1: mouseVisible = True
30.7063 	EXP 	window1: mouseVisible = False
30.7066 	EXP 	window1: mouseVisible = True
30.7230 	EXP 	window1: mouseVisible = False
30.7233 	EXP 	window1: mouseVisible = True
30.7398 	EXP 	window1: mouseVisible = False
30.7400 	EXP 	window1: mouseVisible = True
30.7564 	EXP 	window1: mouseVisible = False
30.7567 	EXP 	window1: mouseVisible = True
30.7729 	EXP 	window1: mouseVisible = False
30.7731 	EXP 	window1: mouseVisible = True
30.7898 	EXP 	window1: mouseVisible = False
30.7901 	EXP 	window1: mouseVisible = True
30.8064 	EXP 	window1: mouseVisible = False
30.8066 	EXP 	window1: mouseVisible = True
30.8230 	EXP 	window1: mouseVisible = False
30.8232 	EXP 	window1: mouseVisible = True
30.8398 	EXP 	window1: mouseVisible = False
30.8401 	EXP 	window1: mouseVisible = True
30.8564 	EXP 	window1: mouseVisible = False
30.8568 	EXP 	window1: mouseVisible = True
30.8598 	DATA 	Mouse: Left button down, pos=(1242,514)
30.8732 	EXP 	window1: mouseVisible = False
30.8734 	EXP 	window1: mouseVisible = True
30.9064 	EXP 	colour1_2: texRes = 128
30.9064 	EXP 	colour2_2: texRes = 128
30.9064 	EXP 	colour4_2: texRes = 128
30.9066 	EXP 	window1: mouseVisible = False
30.9068 	EXP 	window1: mouseVisible = True
30.9231 	EXP 	window1: mouseVisible = False
30.9234 	EXP 	window1: mouseVisible = True
30.9397 	EXP 	window1: mouseVisible = False
30.9399 	EXP 	window1: mouseVisible = True
30.9565 	EXP 	window1: mouseVisible = False
30.9569 	EXP 	window1: mouseVisible = True
30.9572 	DATA 	Mouse:  Left button up, pos=(1242,514)
30.9732 	EXP 	window1: mouseVisible = False
30.9734 	EXP 	window1: mouseVisible = True
30.9900 	EXP 	window1: mouseVisible = False
30.9903 	EXP 	window1: mouseVisible = True
31.0066 	EXP 	window1: mouseVisible = False
31.0068 	EXP 	window1: mouseVisible = True
31.0233 	EXP 	window1: mouseVisible = False
31.0236 	EXP 	window1: mouseVisible = True
31.0399 	EXP 	window1: mouseVisible = False
31.0401 	EXP 	window1: mouseVisible = True
31.0567 	EXP 	window1: mouseVisible = False
31.0569 	EXP 	window1: mouseVisible = True
31.0733 	EXP 	window1: mouseVisible = False
31.0736 	EXP 	window1: mouseVisible = True
31.0900 	EXP 	window1: mouseVisible = False
31.0903 	EXP 	window1: mouseVisible = True
31.1069 	EXP 	window1: mouseVisible = False
31.1071 	EXP 	window1: mouseVisible = True
31.1233 	EXP 	window1: mouseVisible = False
31.1236 	EXP 	window1: mouseVisible = True
31.1401 	EXP 	window1: mouseVisible = False
31.1403 	EXP 	window1: mouseVisible = True
31.1566 	EXP 	window1: mouseVisible = False
31.1568 	EXP 	window1: mouseVisible = True
31.1733 	EXP 	window1: mouseVisible = False
31.1735 	EXP 	window1: mouseVisible = True
31.1900 	EXP 	window1: mouseVisible = False
31.1904 	EXP 	window1: mouseVisible = True
31.2068 	EXP 	window1: mouseVisible = False
31.2071 	EXP 	window1: mouseVisible = True
31.2235 	EXP 	window1: mouseVisible = False
31.2238 	EXP 	window1: mouseVisible = True
31.2401 	EXP 	window1: mouseVisible = False
31.2404 	EXP 	window1: mouseVisible = True
31.2569 	EXP 	window1: mouseVisible = False
31.2571 	EXP 	window1: mouseVisible = True
31.2734 	EXP 	window1: mouseVisible = False
31.2736 	EXP 	window1: mouseVisible = True
31.2902 	EXP 	window1: mouseVisible = False
31.2904 	EXP 	window1: mouseVisible = True
31.3068 	EXP 	window1: mouseVisible = False
31.3069 	EXP 	window1: mouseVisible = True
31.3235 	EXP 	window1: mouseVisible = False
31.3238 	EXP 	window1: mouseVisible = True
31.3402 	EXP 	window1: mouseVisible = False
31.3404 	EXP 	window1: mouseVisible = True
31.3569 	EXP 	window1: mouseVisible = False
31.3572 	EXP 	window1: mouseVisible = True
31.3735 	EXP 	window1: mouseVisible = False
31.3737 	EXP 	window1: mouseVisible = True
31.3901 	EXP 	window1: mouseVisible = False
31.3904 	EXP 	window1: mouseVisible = True
31.3907 	DATA 	Mouse: Left button down, pos=(1920,294)
31.5695 	EXP 	window1: mouseVisible = True
