8.5997 	EXP 	Created window1 = Window(allowGUI=False, allowStencil=False, autoLog=True, backendConf=UNKNOWN, bitsMode=UNKNOWN, blendMode='avg', bpc=(8, 8, 8), color=array([0, 0, 0]), colorSpace='rgb', depthBits=8, fullscr=<method-wrapper '__getattribute__' of attributeSetter object at 0x000001284D812AC0>, gamma=None, gammaErrorPolicy='raise', lms=UNKNOWN, monitor=<psychopy.monitors.calibTools.Monitor object at 0x000001284DB85730>, multiSample=False, name='window1', numSamples=2, pos=(0, 0), screen=0, size=array([1280, 1024]), stencilBits=0, stereo=False, units='height', useFBO=True, useRetina=False, viewOri=0.0, viewPos=None, viewScale=None, waitBlanking=True, winType='pyglet')
8.6000 	EXP 	window1: mouseVisible = True
8.6000 	EXP 	window1: Attempting to measure frame rate of screen (0) ...
8.6000 	EXP 	window1: recordFrameIntervals = False
8.7655 	EXP 	window1: recordFrameIntervals = True
8.9493 	EXP 	Screen (0) actual frame rate measured at 59.94Hz
8.9493 	EXP 	window1: recordFrameIntervals = False
10.4741 	EXP 	Created instrTrainText = TextStim(__class__=<class 'psychopy.visual.text.TextStim'>, alignHoriz=method-wrapper(...), alignText='center', alignVert=method-wrapper(...), anchorHoriz='center', anchorVert='center', antialias=True, autoLog=True, bold=False, color=array([1., 1., 1.]), colorSpace='rgb', contrast=1.0, depth=-1.0, flipHoriz=False, flipVert=False, font='Arial', fontFiles=[], height=0.04, italic=False, languageStyle='LTR', name='instrTrainText', opacity=1.0, ori=0, pos=array([0., 0.]), rgb=UNKNOWN, text=str(...), units='height', win=Window(...), wrapWidth=1)
10.4762 	EXP 	Created blockStart = TextStim(__class__=<class 'psychopy.visual.text.TextStim'>, alignHoriz=method-wrapper(...), alignText='center', alignVert=method-wrapper(...), anchorHoriz='center', anchorVert='center', antialias=True, autoLog=True, bold=False, color=array([1., 1., 1.]), colorSpace='rgb', contrast=1.0, depth=0.0, flipHoriz=False, flipVert=False, font='Arial', fontFiles=[], height=0.04, italic=False, languageStyle='LTR', name='blockStart', opacity=1.0, ori=0, pos=array([0., 0.]), rgb=UNKNOWN, text='Begin  block ', units='height', win=Window(...), wrapWidth=1)
10.5567 	EXP 	Sound sound_1 set volume 1.000
10.5597 	EXP 	Created fixation = ShapeStim(__class__=<class 'psychopy.visual.shape.ShapeStim'>, anchor=('center', 'center'), autoDraw=False, autoLog=True, closeShape=True, color=method-wrapper(...), colorSpace='rgb', contrast=None, depth=-2.0, fillColor=array([1, 1, 1]), fillColorSpace='rgb', fillRGB=array([1, 1, 1]), interpolate=True, lineColor=array([1., 1., 1.]), lineColorSpace='rgb', lineRGB=array([1, 1, 1]), lineWidth=0.5, name='fixation', opacity=0.75, ori=0.0, pos=array([0., 0.]), size=array([0.05, 0.05]), units='height', vertices=ndarray(...), win=Window(...), windingRule=None)
10.5904 	EXP 	Created screenAfterAudio = ImageStim(__class__=<class 'psychopy.visual.image.ImageStim'>, anchor=('center', 'center'), autoLog=True, color=array([1., 1., 1.]), colorSpace='rgb', contrast=1.0, depth=-4.0, flipHoriz=False, flipVert=False, image='images/grayScreen.png', interpolate=True, mask=None, maskParams=None, name='screenAfterAudio', opacity=1.0, ori=0.0, pos=array([0., 0.]), size=array([0.5, 0.5]), texRes=128.0, units='height', win=Window(...))
10.6105 	EXP 	Created blankScreen = ImageStim(__class__=<class 'psychopy.visual.image.ImageStim'>, anchor=('center', 'center'), autoLog=True, color=array([1., 1., 1.]), colorSpace='rgb', contrast=1.0, depth=-4.0, flipHoriz=False, flipVert=False, image='images/grayScreen.png', interpolate=True, mask=None, maskParams=None, name='blankScreen', opacity=1.0, ori=0.0, pos=array([0., 0.]), size=array([1920., 1080.]), texRes=128, units='height', win=Window(...))
10.8996 	EXP 	Created call1 = ImageStim(__class__=<class 'psychopy.visual.image.ImageStim'>, anchor=('center', 'center'), autoLog=True, color=array([1., 1., 1.]), colorSpace='rgb', contrast=1.0, depth=-5.0, flipHoriz=False, flipVert=False, image='images/adler.png', interpolate=True, mask=None, maskParams=None, name='call1', opacity=1.0, ori=0.0, pos=array([-0.4   ,  0.3125]), size=array([0.18, 0.18]), texRes=128, units='height', win=Window(...))
11.3713 	EXP 	Created call2 = ImageStim(__class__=<class 'psychopy.visual.image.ImageStim'>, anchor=('center', 'center'), autoLog=True, color=array([1., 1., 1.]), colorSpace='rgb', contrast=1.0, depth=-6.0, flipHoriz=False, flipVert=False, image='images/drossel.png', interpolate=True, mask=None, maskParams=None, name='call2', opacity=1.0, ori=0.0, pos=array([-0.4       ,  0.10416667]), size=array([0.18, 0.18]), texRes=128, units='height', win=Window(...))
11.5858 	EXP 	Created call3 = ImageStim(__class__=<class 'psychopy.visual.image.ImageStim'>, anchor=('center', 'center'), autoLog=True, color=array([1., 1., 1.]), colorSpace='rgb', contrast=1.0, depth=-7.0, flipHoriz=False, flipVert=False, image='images/tiger.png', interpolate=True, mask=None, maskParams=None, name='call3', opacity=1.0, ori=0.0, pos=array([-0.4       , -0.10416667]), size=array([0.18, 0.18]), texRes=128, units='height', win=Window(...))
11.7925 	EXP 	Created call4 = ImageStim(__class__=<class 'psychopy.visual.image.ImageStim'>, anchor=('center', 'center'), autoLog=True, color=array([1., 1., 1.]), colorSpace='rgb', contrast=1.0, depth=-8.0, flipHoriz=False, flipVert=False, image='images/kroete.png', interpolate=True, mask=None, maskParams=None, name='call4', opacity=1.0, ori=0.0, pos=array([-0.4   , -0.3125]), size=array([0.18, 0.18]), texRes=128, units='height', win=Window(...))
11.8213 	EXP 	Created colour1 = ImageStim(__class__=<class 'psychopy.visual.image.ImageStim'>, anchor=('center', 'center'), autoLog=True, color=array([1., 1., 1.]), colorSpace='rgb', contrast=1.0, depth=-9.0, flipHoriz=False, flipVert=False, image='images/gelb.png', interpolate=True, mask=None, maskParams=None, name='colour1', opacity=1.0, ori=0.0, pos=array([0.    , 0.3125]), size=array([0.18, 0.18]), texRes=128, units='height', win=Window(...))
11.8476 	EXP 	Created colour2 = ImageStim(__class__=<class 'psychopy.visual.image.ImageStim'>, anchor=('center', 'center'), autoLog=True, color=array([1., 1., 1.]), colorSpace='rgb', contrast=1.0, depth=-10.0, flipHoriz=False, flipVert=False, image='images/gruen.png', interpolate=True, mask=None, maskParams=None, name='colour2', opacity=1.0, ori=0.0, pos=array([0.        , 0.10416667]), size=array([0.18, 0.18]), texRes=128, units='height', win=Window(...))
11.8744 	EXP 	Created colour3 = ImageStim(__class__=<class 'psychopy.visual.image.ImageStim'>, anchor=('center', 'center'), autoLog=True, color=array([1., 1., 1.]), colorSpace='rgb', contrast=1.0, depth=-11.0, flipHoriz=False, flipVert=False, image='images/rot.png', interpolate=True, mask=None, maskParams=None, name='colour3', opacity=1.0, ori=0.0, pos=array([ 0.        , -0.10416667]), size=array([0.18, 0.18]), texRes=128, units='height', win=Window(...))
11.8957 	EXP 	Created colour4 = ImageStim(__class__=<class 'psychopy.visual.image.ImageStim'>, anchor=('center', 'center'), autoLog=True, color=array([1., 1., 1.]), colorSpace='rgb', contrast=1.0, depth=-12.0, flipHoriz=False, flipVert=False, image='images/weiss.png', interpolate=True, mask=None, maskParams=None, name='colour4', opacity=1.0, ori=0.0, pos=array([ 0.    , -0.3125]), size=array([0.18, 0.18]), texRes=128, units='height', win=Window(...))
11.9177 	EXP 	Created number1 = ImageStim(__class__=<class 'psychopy.visual.image.ImageStim'>, anchor=('center', 'center'), autoLog=True, color=array([1., 1., 1.]), colorSpace='rgb', contrast=1.0, depth=-13.0, flipHoriz=False, flipVert=False, image='images/1.png', interpolate=True, mask=None, maskParams=None, name='number1', opacity=1.0, ori=0.0, pos=array([0.4   , 0.3125]), size=array([0.18, 0.18]), texRes=128, units='height', win=Window(...))
11.9419 	EXP 	Created number2 = ImageStim(__class__=<class 'psychopy.visual.image.ImageStim'>, anchor=('center', 'center'), autoLog=True, color=array([1., 1., 1.]), colorSpace='rgb', contrast=1.0, depth=-14.0, flipHoriz=False, flipVert=False, image='images/2.png', interpolate=True, mask=None, maskParams=None, name='number2', opacity=1.0, ori=0.0, pos=array([0.4       , 0.10416667]), size=array([0.18, 0.18]), texRes=128, units='height', win=Window(...))
11.9646 	EXP 	Created number3 = ImageStim(__class__=<class 'psychopy.visual.image.ImageStim'>, anchor=('center', 'center'), autoLog=True, color=array([1., 1., 1.]), colorSpace='rgb', contrast=1.0, depth=-15.0, flipHoriz=False, flipVert=False, image='images/3.png', interpolate=True, mask=None, maskParams=None, name='number3', opacity=1.0, ori=0.0, pos=array([ 0.4       , -0.10416667]), size=array([0.18, 0.18]), texRes=128, units='height', win=Window(...))
11.9875 	EXP 	Created number4 = ImageStim(__class__=<class 'psychopy.visual.image.ImageStim'>, anchor=('center', 'center'), autoLog=True, color=array([1., 1., 1.]), colorSpace='rgb', contrast=1.0, depth=-16.0, flipHoriz=False, flipVert=False, image='images/4.png', interpolate=True, mask=None, maskParams=None, name='number4', opacity=1.0, ori=0.0, pos=array([ 0.4   , -0.3125]), size=array([0.18, 0.18]), texRes=128, units='height', win=Window(...))
11.9876 	EXP 	window1: mouseVisible = True
11.9876 	EXP 	window1: mouseVisible = True
11.9877 	EXP 	window1: mouseVisible = True
12.0132 	EXP 	Created blankScreenAfterResponse = ImageStim(__class__=<class 'psychopy.visual.image.ImageStim'>, anchor=('center', 'center'), autoLog=True, color=array([1., 1., 1.]), colorSpace='rgb', contrast=1.0, depth=-25.0, flipHoriz=False, flipVert=False, image='images/blankScreen.png', interpolate=True, mask=None, maskParams=None, name='blankScreenAfterResponse', opacity=1.0, ori=0.0, pos=array([0., 0.]), size=array([1920., 1080.]), texRes=128, units='height', win=Window(...))
12.0188 	EXP 	Created thanksText = TextStim(__class__=<class 'psychopy.visual.text.TextStim'>, alignHoriz=method-wrapper(...), alignText='center', alignVert=method-wrapper(...), anchorHoriz='center', anchorVert='center', antialias=True, autoLog=True, bold=False, color=array([1., 1., 1.]), colorSpace='rgb', contrast=1.0, depth=0.0, flipHoriz=False, flipVert=False, font='Arial', fontFiles=[], height=0.04, italic=False, languageStyle='LTR', name='thanksText', opacity=1.0, ori=0, pos=array([0., 0.]), rgb=UNKNOWN, text=str(...), units='height', win=Window(...), wrapWidth=1)
12.0190 	EXP 	window1: mouseVisible = False
12.0310 	EXP 	instrTrainText: autoDraw = True
13.8777 	EXP 	Imported order1.csv as conditions, 4 conditions, 1 params
13.8780 	EXP 	Created sequence: sequential, trialTypes=4, nReps=1, seed=None
13.8781 	EXP 	New trial (rep=0, index=0): OrderedDict([('condsFile', 'flow\\tts-golang-selected_PsyPySEQ_NV1.csv')])
13.8800 	DATA 	Keypress: space
13.8975 	EXP 	instrTrainText: autoDraw = False
13.8975 	EXP 	blockStart: autoDraw = True
14.9941 	EXP 	Imported flow\tts-golang-selected_PsyPySEQ_NV1.csv as conditions, 96 conditions, 26 params
14.9945 	EXP 	Created sequence: random, trialTypes=96, nReps=1, seed=None
14.9949 	EXP 	New trial (rep=0, index=0): OrderedDict([('audiofile', 'audio/NV_DE_Neural2-F_Ad-ro-Zw_0.6p.wav'), ('duration', 4.932), ('noise', 'NV'), ('voice', 'Neural2-F'), ('words', 'Ad-ro-Zw'), ('callSign', 'Ad'), ('colour', 'ro'), ('number', 'Zw'), ('levels', '0.6p'), ('trigger_start', 100), ('trigger_end', 101), ('trigger_call', 111), ('trigger_col', 123), ('trigger_num', 132), ('file', 'DE_Neural2-F_Ad-ro-Zw.TextGrid'), ('firstSound_tmin', 0.15712), ('lastSound_tmax', 4.194339364666667), ('token_1_tmin', 0.7174749500000001), ('token_1_tmax', 1.2553106456666667), ('token_2_tmin', 2.2319342916666667), ('token_2_tmax', 2.5805440916666664), ('token_3_tmin', 3.7847792143333336), ('token_3_tmax', 4.194339364666667), ('rater', 'mean'), ('newidx', 2), ('block', 'NV1')])
15.3550 	EXP 	window1: mouseVisible = False
15.3640 	EXP 	Sound sound_1 started
15.3572 	DATA 	Keypress: space
15.3632 	EXP 	blockStart: autoDraw = False
15.3632 	EXP 	fixation: autoDraw = True
19.9011 	EXP 	Sound sound_1 reached end of file
19.9535 	EXP 	window1: mouseVisible = False
19.9634 	EXP 	fixation: autoDraw = False
19.9634 	EXP 	screenAfterAudio: autoDraw = True
19.9634 	EXP 	screenAfterAudio: autoDraw = False
19.9634 	EXP 	fixation: autoDraw = False
19.9634 	EXP 	screenAfterAudio: autoDraw = False
19.9634 	EXP 	call1: texRes = 128
19.9634 	EXP 	call2: texRes = 128
19.9634 	EXP 	call3: texRes = 128
19.9634 	EXP 	call4: texRes = 128
19.9634 	EXP 	colour1: texRes = 128
19.9634 	EXP 	colour2: texRes = 128
19.9634 	EXP 	colour3: texRes = 128
19.9634 	EXP 	colour4: texRes = 128
19.9634 	EXP 	number1: texRes = 128
19.9634 	EXP 	number2: texRes = 128
19.9634 	EXP 	number3: texRes = 128
19.9634 	EXP 	number4: texRes = 128
19.9634 	EXP 	blankScreen: autoDraw = True
19.9635 	EXP 	window1: mouseVisible = False
19.9948 	EXP 	window1: mouseVisible = False
20.0121 	EXP 	window1: mouseVisible = False
20.0287 	EXP 	window1: mouseVisible = False
20.0455 	EXP 	window1: mouseVisible = False
20.0618 	EXP 	window1: mouseVisible = False
20.0787 	EXP 	window1: mouseVisible = False
20.0953 	EXP 	window1: mouseVisible = False
20.1119 	EXP 	window1: mouseVisible = False
20.1288 	EXP 	window1: mouseVisible = False
20.1455 	EXP 	window1: mouseVisible = False
20.1618 	EXP 	window1: mouseVisible = False
20.1786 	EXP 	window1: mouseVisible = False
20.1955 	EXP 	window1: mouseVisible = False
20.2119 	EXP 	window1: mouseVisible = False
20.2287 	EXP 	window1: mouseVisible = False
20.2453 	EXP 	window1: mouseVisible = False
20.2620 	EXP 	window1: mouseVisible = False
20.2785 	EXP 	window1: mouseVisible = False
20.2953 	EXP 	window1: mouseVisible = False
20.3119 	EXP 	window1: mouseVisible = False
20.3286 	EXP 	window1: mouseVisible = False
20.3453 	EXP 	window1: mouseVisible = False
20.3620 	EXP 	window1: mouseVisible = False
20.3788 	EXP 	window1: mouseVisible = False
20.3954 	EXP 	window1: mouseVisible = False
20.4120 	EXP 	window1: mouseVisible = False
20.4291 	EXP 	window1: mouseVisible = False
20.4454 	EXP 	window1: mouseVisible = False
20.4617 	EXP 	window1: mouseVisible = False
20.4783 	EXP 	window1: mouseVisible = False
20.4950 	EXP 	window1: mouseVisible = False
20.5118 	EXP 	window1: mouseVisible = False
20.5286 	EXP 	window1: mouseVisible = False
20.5453 	EXP 	window1: mouseVisible = False
20.5619 	EXP 	window1: mouseVisible = False
20.5785 	EXP 	window1: mouseVisible = False
20.5953 	EXP 	window1: mouseVisible = False
20.6119 	EXP 	window1: mouseVisible = False
20.6285 	EXP 	window1: mouseVisible = False
20.6452 	EXP 	window1: mouseVisible = False
20.6618 	EXP 	window1: mouseVisible = False
20.6788 	EXP 	window1: mouseVisible = False
20.6950 	EXP 	window1: mouseVisible = False
20.7127 	EXP 	window1: mouseVisible = False
20.7287 	EXP 	window1: mouseVisible = False
20.7453 	EXP 	window1: mouseVisible = False
20.7615 	EXP 	window1: mouseVisible = False
20.7784 	EXP 	window1: mouseVisible = False
20.7949 	EXP 	window1: mouseVisible = False
20.8118 	EXP 	window1: mouseVisible = False
20.8286 	EXP 	window1: mouseVisible = False
20.8450 	EXP 	window1: mouseVisible = False
20.8618 	EXP 	window1: mouseVisible = False
20.8784 	EXP 	window1: mouseVisible = False
20.8949 	EXP 	window1: mouseVisible = False
20.9118 	EXP 	window1: mouseVisible = False
20.9283 	EXP 	window1: mouseVisible = False
20.9450 	EXP 	window1: mouseVisible = False
20.9618 	EXP 	window1: mouseVisible = False
20.9776 	EXP 	blankScreen: autoDraw = False
20.9776 	EXP 	call1: autoDraw = True
20.9776 	EXP 	call2: autoDraw = True
20.9776 	EXP 	call3: autoDraw = True
20.9776 	EXP 	call4: autoDraw = True
20.9776 	EXP 	colour1: autoDraw = True
20.9776 	EXP 	colour2: autoDraw = True
20.9776 	EXP 	colour3: autoDraw = True
20.9776 	EXP 	colour4: autoDraw = True
20.9776 	EXP 	number1: autoDraw = True
20.9776 	EXP 	number2: autoDraw = True
20.9776 	EXP 	number3: autoDraw = True
20.9776 	EXP 	number4: autoDraw = True
20.9777 	EXP 	window1: mouseVisible = False
20.9797 	EXP 	window1: mouseVisible = True
20.9951 	EXP 	window1: mouseVisible = False
20.9952 	EXP 	window1: mouseVisible = True
21.0119 	EXP 	window1: mouseVisible = False
21.0124 	EXP 	window1: mouseVisible = True
21.0284 	EXP 	window1: mouseVisible = False
21.0286 	EXP 	window1: mouseVisible = True
21.0449 	EXP 	window1: mouseVisible = False
21.0450 	EXP 	window1: mouseVisible = True
21.1177 	EXP 	window1: mouseVisible = False
21.1189 	EXP 	window1: mouseVisible = True
21.1286 	EXP 	window1: mouseVisible = False
21.1287 	EXP 	window1: mouseVisible = True
21.1451 	EXP 	window1: mouseVisible = False
21.1453 	EXP 	window1: mouseVisible = True
21.1962 	EXP 	window1: mouseVisible = False
21.1968 	EXP 	window1: mouseVisible = True
21.2118 	EXP 	window1: mouseVisible = False
21.2121 	EXP 	window1: mouseVisible = True
21.2288 	EXP 	window1: mouseVisible = False
21.2295 	EXP 	window1: mouseVisible = True
21.2453 	EXP 	window1: mouseVisible = False
21.2458 	EXP 	window1: mouseVisible = True
21.2760 	EXP 	window1: mouseVisible = False
21.2763 	EXP 	window1: mouseVisible = True
21.2951 	EXP 	window1: mouseVisible = False
21.2953 	EXP 	window1: mouseVisible = True
21.3118 	EXP 	window1: mouseVisible = False
21.3124 	EXP 	window1: mouseVisible = True
21.3286 	EXP 	window1: mouseVisible = False
21.3288 	EXP 	window1: mouseVisible = True
21.3452 	EXP 	window1: mouseVisible = False
21.3454 	EXP 	window1: mouseVisible = True
21.3861 	EXP 	window1: mouseVisible = False
21.3869 	EXP 	window1: mouseVisible = True
21.3952 	EXP 	window1: mouseVisible = False
21.3954 	EXP 	window1: mouseVisible = True
21.4118 	EXP 	window1: mouseVisible = False
21.4120 	EXP 	window1: mouseVisible = True
21.4287 	EXP 	window1: mouseVisible = False
21.4289 	EXP 	window1: mouseVisible = True
21.4452 	EXP 	window1: mouseVisible = False
21.4454 	EXP 	window1: mouseVisible = True
21.4620 	EXP 	window1: mouseVisible = False
21.4622 	EXP 	window1: mouseVisible = True
21.4786 	EXP 	window1: mouseVisible = False
21.4791 	EXP 	window1: mouseVisible = True
21.4953 	EXP 	window1: mouseVisible = False
21.4954 	EXP 	window1: mouseVisible = True
21.5121 	EXP 	window1: mouseVisible = False
21.5125 	EXP 	window1: mouseVisible = True
21.5285 	EXP 	window1: mouseVisible = False
21.5287 	EXP 	window1: mouseVisible = True
21.5453 	EXP 	window1: mouseVisible = False
21.5455 	EXP 	window1: mouseVisible = True
21.5619 	EXP 	window1: mouseVisible = False
21.5621 	EXP 	window1: mouseVisible = True
21.5786 	EXP 	window1: mouseVisible = False
21.5787 	EXP 	window1: mouseVisible = True
21.5952 	EXP 	window1: mouseVisible = False
21.5953 	EXP 	window1: mouseVisible = True
21.6116 	EXP 	window1: mouseVisible = False
21.6118 	EXP 	window1: mouseVisible = True
21.6285 	EXP 	window1: mouseVisible = False
21.6287 	EXP 	window1: mouseVisible = True
21.6452 	EXP 	window1: mouseVisible = False
21.6454 	EXP 	window1: mouseVisible = True
21.6615 	EXP 	window1: mouseVisible = False
21.6617 	EXP 	window1: mouseVisible = True
21.6783 	EXP 	window1: mouseVisible = False
21.6785 	EXP 	window1: mouseVisible = True
21.6951 	EXP 	window1: mouseVisible = False
21.6953 	EXP 	window1: mouseVisible = True
21.7114 	EXP 	window1: mouseVisible = False
21.7118 	EXP 	window1: mouseVisible = True
21.7284 	EXP 	window1: mouseVisible = False
21.7290 	EXP 	window1: mouseVisible = True
21.7450 	EXP 	window1: mouseVisible = False
21.7451 	EXP 	window1: mouseVisible = True
21.7981 	EXP 	window1: mouseVisible = False
21.7991 	EXP 	window1: mouseVisible = True
21.8116 	EXP 	window1: mouseVisible = False
21.8119 	EXP 	window1: mouseVisible = True
21.8284 	EXP 	window1: mouseVisible = False
21.8290 	EXP 	window1: mouseVisible = True
21.8449 	EXP 	window1: mouseVisible = False
21.8451 	EXP 	window1: mouseVisible = True
21.9078 	EXP 	window1: mouseVisible = False
21.9088 	EXP 	window1: mouseVisible = True
21.9287 	EXP 	window1: mouseVisible = False
21.9288 	EXP 	window1: mouseVisible = True
21.9450 	EXP 	window1: mouseVisible = False
21.9452 	EXP 	window1: mouseVisible = True
21.9618 	EXP 	window1: mouseVisible = False
21.9623 	EXP 	window1: mouseVisible = True
21.9784 	EXP 	window1: mouseVisible = False
21.9786 	EXP 	window1: mouseVisible = True
21.9951 	EXP 	window1: mouseVisible = False
21.9957 	EXP 	window1: mouseVisible = True
22.0120 	EXP 	window1: mouseVisible = False
22.0130 	EXP 	window1: mouseVisible = True
22.0282 	EXP 	window1: mouseVisible = False
22.0288 	EXP 	window1: mouseVisible = True
22.0450 	EXP 	window1: mouseVisible = False
22.0455 	EXP 	window1: mouseVisible = True
22.0619 	EXP 	window1: mouseVisible = False
22.0626 	EXP 	window1: mouseVisible = True
22.0782 	EXP 	window1: mouseVisible = False
22.0785 	EXP 	window1: mouseVisible = True
22.0950 	EXP 	window1: mouseVisible = False
22.0958 	EXP 	window1: mouseVisible = True
22.1119 	EXP 	window1: mouseVisible = False
22.1121 	EXP 	window1: mouseVisible = True
22.1285 	EXP 	window1: mouseVisible = False
22.1294 	EXP 	window1: mouseVisible = True
22.1450 	EXP 	window1: mouseVisible = False
22.1452 	EXP 	window1: mouseVisible = True
22.1616 	EXP 	window1: mouseVisible = False
22.1617 	EXP 	window1: mouseVisible = True
22.1786 	EXP 	window1: mouseVisible = False
22.1787 	EXP 	window1: mouseVisible = True
22.1947 	EXP 	window1: mouseVisible = False
22.1949 	EXP 	window1: mouseVisible = True
22.2116 	EXP 	window1: mouseVisible = False
22.2123 	EXP 	window1: mouseVisible = True
22.2285 	EXP 	window1: mouseVisible = False
22.2294 	EXP 	window1: mouseVisible = True
22.2448 	EXP 	window1: mouseVisible = False
22.2453 	EXP 	window1: mouseVisible = True
22.2613 	EXP 	window1: mouseVisible = False
22.2614 	EXP 	window1: mouseVisible = True
22.2783 	EXP 	window1: mouseVisible = False
22.2786 	EXP 	window1: mouseVisible = True
22.2949 	EXP 	window1: mouseVisible = False
22.2950 	EXP 	window1: mouseVisible = True
22.3113 	EXP 	window1: mouseVisible = False
22.3120 	EXP 	window1: mouseVisible = True
22.3282 	EXP 	window1: mouseVisible = False
22.3283 	EXP 	window1: mouseVisible = True
22.3447 	EXP 	window1: mouseVisible = False
22.3456 	EXP 	window1: mouseVisible = True
22.3944 	EXP 	window1: mouseVisible = False
22.3950 	EXP 	window1: mouseVisible = True
22.4116 	EXP 	window1: mouseVisible = False
22.4119 	EXP 	window1: mouseVisible = True
22.4289 	EXP 	window1: mouseVisible = False
22.4290 	EXP 	window1: mouseVisible = True
22.4448 	EXP 	window1: mouseVisible = False
22.4452 	EXP 	window1: mouseVisible = True
22.4613 	EXP 	window1: mouseVisible = False
22.4615 	EXP 	window1: mouseVisible = True
22.4781 	EXP 	window1: mouseVisible = False
22.4785 	EXP 	window1: mouseVisible = True
22.4946 	EXP 	window1: mouseVisible = False
22.4947 	EXP 	window1: mouseVisible = True
22.5115 	EXP 	window1: mouseVisible = False
22.5121 	EXP 	window1: mouseVisible = True
22.5280 	EXP 	window1: mouseVisible = False
22.5285 	EXP 	window1: mouseVisible = True
22.5447 	EXP 	window1: mouseVisible = False
22.5455 	EXP 	window1: mouseVisible = True
22.5998 	EXP 	window1: mouseVisible = False
22.6008 	EXP 	window1: mouseVisible = True
22.6114 	EXP 	window1: mouseVisible = False
22.6116 	EXP 	window1: mouseVisible = True
22.6281 	EXP 	window1: mouseVisible = False
22.6286 	EXP 	window1: mouseVisible = True
22.6447 	EXP 	window1: mouseVisible = False
22.6448 	EXP 	window1: mouseVisible = True
22.6613 	EXP 	window1: mouseVisible = False
22.6620 	EXP 	window1: mouseVisible = True
22.6780 	EXP 	window1: mouseVisible = False
22.6783 	EXP 	window1: mouseVisible = True
22.6943 	EXP 	window1: mouseVisible = False
22.6945 	EXP 	window1: mouseVisible = True
22.7112 	EXP 	window1: mouseVisible = False
22.7114 	EXP 	window1: mouseVisible = True
22.7278 	EXP 	window1: mouseVisible = False
22.7280 	EXP 	window1: mouseVisible = True
22.7447 	EXP 	window1: mouseVisible = False
22.7453 	EXP 	window1: mouseVisible = True
22.7998 	EXP 	window1: mouseVisible = False
22.8005 	EXP 	window1: mouseVisible = True
22.8116 	EXP 	window1: mouseVisible = False
22.8125 	EXP 	window1: mouseVisible = True
22.8284 	EXP 	window1: mouseVisible = False
22.8291 	EXP 	window1: mouseVisible = True
22.8448 	EXP 	window1: mouseVisible = False
22.8450 	EXP 	window1: mouseVisible = True
22.8616 	EXP 	window1: mouseVisible = False
22.8618 	EXP 	window1: mouseVisible = True
22.8785 	EXP 	window1: mouseVisible = False
22.8787 	EXP 	window1: mouseVisible = True
22.8947 	EXP 	window1: mouseVisible = False
22.8948 	EXP 	window1: mouseVisible = True
22.9114 	EXP 	window1: mouseVisible = False
22.9116 	EXP 	window1: mouseVisible = True
22.9281 	EXP 	window1: mouseVisible = False
22.9282 	EXP 	window1: mouseVisible = True
22.9449 	EXP 	window1: mouseVisible = False
22.9455 	EXP 	window1: mouseVisible = True
22.9615 	EXP 	window1: mouseVisible = False
22.9617 	EXP 	window1: mouseVisible = True
22.9780 	EXP 	window1: mouseVisible = False
22.9786 	EXP 	window1: mouseVisible = True
22.9948 	EXP 	window1: mouseVisible = False
22.9950 	EXP 	window1: mouseVisible = True
23.0114 	EXP 	window1: mouseVisible = False
23.0120 	EXP 	window1: mouseVisible = True
23.0279 	EXP 	window1: mouseVisible = False
23.0287 	EXP 	window1: mouseVisible = True
23.0446 	EXP 	window1: mouseVisible = False
23.0453 	EXP 	window1: mouseVisible = True
23.0980 	EXP 	window1: mouseVisible = False
23.0986 	EXP 	window1: mouseVisible = True
23.1115 	EXP 	window1: mouseVisible = False
23.1117 	EXP 	window1: mouseVisible = True
23.1280 	EXP 	window1: mouseVisible = False
23.1287 	EXP 	window1: mouseVisible = True
23.1447 	EXP 	window1: mouseVisible = False
23.1456 	EXP 	window1: mouseVisible = True
23.1614 	EXP 	window1: mouseVisible = False
23.1619 	EXP 	window1: mouseVisible = True
23.1778 	EXP 	window1: mouseVisible = False
23.1780 	EXP 	window1: mouseVisible = True
23.1941 	EXP 	window1: mouseVisible = False
23.1942 	EXP 	window1: mouseVisible = True
23.2111 	EXP 	window1: mouseVisible = False
23.2113 	EXP 	window1: mouseVisible = True
23.2278 	EXP 	window1: mouseVisible = False
23.2279 	EXP 	window1: mouseVisible = True
23.2444 	EXP 	window1: mouseVisible = False
23.2453 	EXP 	window1: mouseVisible = True
23.2994 	EXP 	window1: mouseVisible = False
23.3002 	EXP 	window1: mouseVisible = True
23.3112 	EXP 	window1: mouseVisible = False
23.3116 	EXP 	window1: mouseVisible = True
23.3279 	EXP 	window1: mouseVisible = False
23.3286 	EXP 	window1: mouseVisible = True
23.3444 	EXP 	window1: mouseVisible = False
23.3446 	EXP 	window1: mouseVisible = True
23.3951 	EXP 	window1: mouseVisible = False
23.3962 	EXP 	window1: mouseVisible = True
23.4112 	EXP 	window1: mouseVisible = False
23.4114 	EXP 	window1: mouseVisible = True
23.4277 	EXP 	window1: mouseVisible = False
23.4282 	EXP 	window1: mouseVisible = True
23.4447 	EXP 	window1: mouseVisible = False
23.4449 	EXP 	window1: mouseVisible = True
23.5069 	EXP 	window1: mouseVisible = False
23.5080 	EXP 	window1: mouseVisible = True
23.5279 	EXP 	window1: mouseVisible = False
23.5285 	EXP 	window1: mouseVisible = True
23.5447 	EXP 	window1: mouseVisible = False
23.5449 	EXP 	window1: mouseVisible = True
23.5611 	EXP 	window1: mouseVisible = False
23.5617 	EXP 	window1: mouseVisible = True
23.5780 	EXP 	window1: mouseVisible = False
23.5781 	EXP 	window1: mouseVisible = True
23.5948 	EXP 	window1: mouseVisible = False
23.5955 	EXP 	window1: mouseVisible = True
23.6111 	EXP 	window1: mouseVisible = False
23.6122 	EXP 	window1: mouseVisible = True
23.6279 	EXP 	window1: mouseVisible = False
23.6285 	EXP 	window1: mouseVisible = True
23.6445 	EXP 	window1: mouseVisible = False
23.6447 	EXP 	window1: mouseVisible = True
23.6613 	EXP 	window1: mouseVisible = False
23.6619 	EXP 	window1: mouseVisible = True
23.6777 	EXP 	window1: mouseVisible = False
23.6783 	EXP 	window1: mouseVisible = True
23.6948 	EXP 	window1: mouseVisible = False
23.6952 	EXP 	window1: mouseVisible = True
23.7111 	EXP 	window1: mouseVisible = False
23.7113 	EXP 	window1: mouseVisible = True
23.7280 	EXP 	window1: mouseVisible = False
23.7284 	EXP 	window1: mouseVisible = True
23.7446 	EXP 	window1: mouseVisible = False
23.7452 	EXP 	window1: mouseVisible = True
23.7612 	EXP 	window1: mouseVisible = False
23.7614 	EXP 	window1: mouseVisible = True
23.7775 	EXP 	window1: mouseVisible = False
23.7780 	EXP 	window1: mouseVisible = True
23.7938 	EXP 	window1: mouseVisible = False
23.7940 	EXP 	window1: mouseVisible = True
23.8111 	EXP 	window1: mouseVisible = False
23.8118 	EXP 	window1: mouseVisible = True
23.8273 	EXP 	window1: mouseVisible = False
23.8274 	EXP 	window1: mouseVisible = True
23.8443 	EXP 	window1: mouseVisible = False
23.8448 	EXP 	window1: mouseVisible = True
23.8972 	EXP 	window1: mouseVisible = False
23.8981 	EXP 	window1: mouseVisible = True
23.9106 	EXP 	window1: mouseVisible = False
23.9111 	EXP 	window1: mouseVisible = True
23.9276 	EXP 	window1: mouseVisible = False
23.9278 	EXP 	window1: mouseVisible = True
23.9442 	EXP 	window1: mouseVisible = False
23.9448 	EXP 	window1: mouseVisible = True
24.0073 	EXP 	window1: mouseVisible = False
24.0080 	EXP 	window1: mouseVisible = True
24.0278 	EXP 	window1: mouseVisible = False
24.0284 	EXP 	window1: mouseVisible = True
24.0443 	EXP 	window1: mouseVisible = False
24.0453 	EXP 	window1: mouseVisible = True
24.0609 	EXP 	window1: mouseVisible = False
24.0614 	EXP 	window1: mouseVisible = True
24.0780 	EXP 	window1: mouseVisible = False
24.0782 	EXP 	window1: mouseVisible = True
24.0944 	EXP 	window1: mouseVisible = False
24.0951 	EXP 	window1: mouseVisible = True
24.1111 	EXP 	window1: mouseVisible = False
24.1112 	EXP 	window1: mouseVisible = True
24.1279 	EXP 	window1: mouseVisible = False
24.1285 	EXP 	window1: mouseVisible = True
24.1443 	EXP 	window1: mouseVisible = False
24.1445 	EXP 	window1: mouseVisible = True
24.1611 	EXP 	window1: mouseVisible = False
24.1621 	EXP 	window1: mouseVisible = True
24.1777 	EXP 	window1: mouseVisible = False
24.1779 	EXP 	window1: mouseVisible = True
24.1945 	EXP 	window1: mouseVisible = False
24.1948 	EXP 	window1: mouseVisible = True
24.2111 	EXP 	window1: mouseVisible = False
24.2113 	EXP 	window1: mouseVisible = True
24.2276 	EXP 	window1: mouseVisible = False
24.2278 	EXP 	window1: mouseVisible = True
24.2443 	EXP 	window1: mouseVisible = False
24.2448 	EXP 	window1: mouseVisible = True
24.2609 	EXP 	window1: mouseVisible = False
24.2616 	EXP 	window1: mouseVisible = True
24.2777 	EXP 	window1: mouseVisible = False
24.2782 	EXP 	window1: mouseVisible = True
24.2942 	EXP 	window1: mouseVisible = False
24.2943 	EXP 	window1: mouseVisible = True
24.3111 	EXP 	window1: mouseVisible = False
24.3118 	EXP 	window1: mouseVisible = True
24.3273 	EXP 	window1: mouseVisible = False
24.3274 	EXP 	window1: mouseVisible = True
24.3439 	EXP 	window1: mouseVisible = False
24.3443 	EXP 	window1: mouseVisible = True
24.3997 	EXP 	window1: mouseVisible = False
24.4007 	EXP 	window1: mouseVisible = True
24.4110 	EXP 	window1: mouseVisible = False
24.4111 	EXP 	window1: mouseVisible = True
24.4273 	EXP 	window1: mouseVisible = False
24.4276 	EXP 	window1: mouseVisible = True
24.4440 	EXP 	window1: mouseVisible = False
24.4447 	EXP 	window1: mouseVisible = True
24.4927 	EXP 	window1: mouseVisible = False
24.4935 	EXP 	window1: mouseVisible = True
24.5108 	EXP 	window1: mouseVisible = False
24.5109 	EXP 	window1: mouseVisible = True
24.5275 	EXP 	window1: mouseVisible = False
24.5277 	EXP 	window1: mouseVisible = True
24.5444 	EXP 	window1: mouseVisible = False
24.5445 	EXP 	window1: mouseVisible = True
24.5607 	EXP 	window1: mouseVisible = False
24.5609 	EXP 	window1: mouseVisible = True
24.5776 	EXP 	window1: mouseVisible = False
24.5782 	EXP 	window1: mouseVisible = True
24.5940 	EXP 	window1: mouseVisible = False
24.5942 	EXP 	window1: mouseVisible = True
24.6107 	EXP 	window1: mouseVisible = False
24.6108 	EXP 	window1: mouseVisible = True
24.6272 	EXP 	window1: mouseVisible = False
24.6274 	EXP 	window1: mouseVisible = True
24.6440 	EXP 	window1: mouseVisible = False
24.6441 	EXP 	window1: mouseVisible = True
24.6981 	EXP 	window1: mouseVisible = False
24.6984 	EXP 	window1: mouseVisible = True
24.7107 	EXP 	window1: mouseVisible = False
24.7112 	EXP 	window1: mouseVisible = True
24.7274 	EXP 	window1: mouseVisible = False
24.7283 	EXP 	window1: mouseVisible = True
24.7441 	EXP 	window1: mouseVisible = False
24.7443 	EXP 	window1: mouseVisible = True
24.8069 	EXP 	window1: mouseVisible = False
24.8078 	EXP 	window1: mouseVisible = True
24.8279 	EXP 	window1: mouseVisible = False
24.8281 	EXP 	window1: mouseVisible = True
24.8441 	EXP 	window1: mouseVisible = False
24.8443 	EXP 	window1: mouseVisible = True
24.8607 	EXP 	window1: mouseVisible = False
24.8609 	EXP 	window1: mouseVisible = True
24.8776 	EXP 	window1: mouseVisible = False
24.8778 	EXP 	window1: mouseVisible = True
24.8945 	EXP 	window1: mouseVisible = False
24.8947 	EXP 	window1: mouseVisible = True
24.9107 	EXP 	window1: mouseVisible = False
24.9113 	EXP 	window1: mouseVisible = True
24.9275 	EXP 	window1: mouseVisible = False
24.9277 	EXP 	window1: mouseVisible = True
24.9442 	EXP 	window1: mouseVisible = False
24.9444 	EXP 	window1: mouseVisible = True
24.9608 	EXP 	window1: mouseVisible = False
24.9610 	EXP 	window1: mouseVisible = True
24.9775 	EXP 	window1: mouseVisible = False
24.9776 	EXP 	window1: mouseVisible = True
24.9940 	EXP 	window1: mouseVisible = False
24.9945 	EXP 	window1: mouseVisible = True
25.0106 	EXP 	window1: mouseVisible = False
25.0111 	EXP 	window1: mouseVisible = True
25.0276 	EXP 	window1: mouseVisible = False
25.0279 	EXP 	window1: mouseVisible = True
25.0439 	EXP 	window1: mouseVisible = False
25.0440 	EXP 	window1: mouseVisible = True
25.0608 	EXP 	window1: mouseVisible = False
25.0612 	EXP 	window1: mouseVisible = True
25.0769 	EXP 	window1: mouseVisible = False
25.0771 	EXP 	window1: mouseVisible = True
25.0935 	EXP 	window1: mouseVisible = False
25.0936 	EXP 	window1: mouseVisible = True
25.1105 	EXP 	window1: mouseVisible = False
25.1110 	EXP 	window1: mouseVisible = True
25.1272 	EXP 	window1: mouseVisible = False
25.1274 	EXP 	window1: mouseVisible = True
25.1440 	EXP 	window1: mouseVisible = False
25.1442 	EXP 	window1: mouseVisible = True
25.2003 	EXP 	window1: mouseVisible = False
25.2014 	EXP 	window1: mouseVisible = True
25.2106 	EXP 	window1: mouseVisible = False
25.2108 	EXP 	window1: mouseVisible = True
25.2271 	EXP 	window1: mouseVisible = False
25.2279 	EXP 	window1: mouseVisible = True
25.2440 	EXP 	window1: mouseVisible = False
25.2442 	EXP 	window1: mouseVisible = True
25.2943 	EXP 	window1: mouseVisible = False
25.2952 	EXP 	window1: mouseVisible = True
25.3107 	EXP 	window1: mouseVisible = False
25.3115 	EXP 	window1: mouseVisible = True
25.3278 	EXP 	window1: mouseVisible = False
25.3280 	EXP 	window1: mouseVisible = True
25.3441 	EXP 	window1: mouseVisible = False
25.3443 	EXP 	window1: mouseVisible = True
25.3611 	EXP 	window1: mouseVisible = False
25.3616 	EXP 	window1: mouseVisible = True
25.3771 	EXP 	window1: mouseVisible = False
25.3772 	EXP 	window1: mouseVisible = True
25.3937 	EXP 	window1: mouseVisible = False
25.3939 	EXP 	window1: mouseVisible = True
25.4107 	EXP 	window1: mouseVisible = False
25.4109 	EXP 	window1: mouseVisible = True
25.4273 	EXP 	window1: mouseVisible = False
25.4274 	EXP 	window1: mouseVisible = True
25.4441 	EXP 	window1: mouseVisible = False
25.4443 	EXP 	window1: mouseVisible = True
25.4611 	EXP 	window1: mouseVisible = False
25.4612 	EXP 	window1: mouseVisible = True
25.4776 	EXP 	window1: mouseVisible = False
25.4782 	EXP 	window1: mouseVisible = True
25.4939 	EXP 	window1: mouseVisible = False
25.4941 	EXP 	window1: mouseVisible = True
25.5107 	EXP 	window1: mouseVisible = False
25.5112 	EXP 	window1: mouseVisible = True
25.5274 	EXP 	window1: mouseVisible = False
25.5284 	EXP 	window1: mouseVisible = True
25.5440 	EXP 	window1: mouseVisible = False
25.5445 	EXP 	window1: mouseVisible = True
25.5605 	EXP 	window1: mouseVisible = False
25.5609 	EXP 	window1: mouseVisible = True
25.5768 	EXP 	window1: mouseVisible = False
25.5775 	EXP 	window1: mouseVisible = True
25.5937 	EXP 	window1: mouseVisible = False
25.5938 	EXP 	window1: mouseVisible = True
25.6100 	EXP 	window1: mouseVisible = False
25.6101 	EXP 	window1: mouseVisible = True
25.6270 	EXP 	window1: mouseVisible = False
25.6272 	EXP 	window1: mouseVisible = True
25.6440 	EXP 	window1: mouseVisible = False
25.6442 	EXP 	window1: mouseVisible = True
25.7024 	EXP 	window1: mouseVisible = False
25.7030 	EXP 	window1: mouseVisible = True
25.7105 	EXP 	window1: mouseVisible = False
25.7106 	EXP 	window1: mouseVisible = True
25.7269 	EXP 	window1: mouseVisible = False
25.7271 	EXP 	window1: mouseVisible = True
25.7439 	EXP 	window1: mouseVisible = False
25.7449 	EXP 	window1: mouseVisible = True
25.7981 	EXP 	window1: mouseVisible = False
25.7988 	EXP 	window1: mouseVisible = True
25.8107 	EXP 	window1: mouseVisible = False
25.8109 	EXP 	window1: mouseVisible = True
25.8272 	EXP 	window1: mouseVisible = False
25.8278 	EXP 	window1: mouseVisible = True
25.8437 	EXP 	window1: mouseVisible = False
25.8440 	EXP 	window1: mouseVisible = True
25.8612 	EXP 	window1: mouseVisible = False
25.8621 	EXP 	window1: mouseVisible = True
25.8768 	EXP 	window1: mouseVisible = False
25.8770 	EXP 	window1: mouseVisible = True
25.8937 	EXP 	window1: mouseVisible = False
25.8939 	EXP 	window1: mouseVisible = True
25.9104 	EXP 	window1: mouseVisible = False
25.9105 	EXP 	window1: mouseVisible = True
25.9267 	EXP 	window1: mouseVisible = False
25.9269 	EXP 	window1: mouseVisible = True
25.9437 	EXP 	window1: mouseVisible = False
25.9439 	EXP 	window1: mouseVisible = True
26.0013 	EXP 	window1: mouseVisible = False
26.0026 	EXP 	window1: mouseVisible = True
26.0103 	EXP 	window1: mouseVisible = False
26.0104 	EXP 	window1: mouseVisible = True
26.0270 	EXP 	window1: mouseVisible = False
26.0277 	EXP 	window1: mouseVisible = True
26.0437 	EXP 	window1: mouseVisible = False
26.0441 	EXP 	window1: mouseVisible = True
26.0604 	EXP 	window1: mouseVisible = False
26.0800 	EXP 	window1: mouseVisible = True
26.0938 	EXP 	window1: mouseVisible = False
26.0940 	EXP 	window1: mouseVisible = True
26.1101 	EXP 	window1: mouseVisible = False
26.1111 	EXP 	window1: mouseVisible = True
26.1270 	EXP 	window1: mouseVisible = False
26.1277 	EXP 	window1: mouseVisible = True
26.1436 	EXP 	window1: mouseVisible = False
26.1438 	EXP 	window1: mouseVisible = True
26.1601 	EXP 	window1: mouseVisible = False
26.2057 	EXP 	window1: mouseVisible = True
26.2127 	EXP 	window1: mouseVisible = False
26.2136 	EXP 	window1: mouseVisible = True
26.2435 	EXP 	window1: mouseVisible = False
26.2441 	EXP 	window1: mouseVisible = True
26.2612 	EXP 	window1: mouseVisible = False
26.2618 	EXP 	window1: mouseVisible = True
26.2771 	EXP 	window1: mouseVisible = False
26.2772 	EXP 	window1: mouseVisible = True
26.2936 	EXP 	window1: mouseVisible = False
26.2942 	EXP 	window1: mouseVisible = True
26.3104 	EXP 	window1: mouseVisible = False
26.3106 	EXP 	window1: mouseVisible = True
26.3272 	EXP 	window1: mouseVisible = False
26.3281 	EXP 	window1: mouseVisible = True
26.3434 	EXP 	window1: mouseVisible = False
26.3438 	EXP 	window1: mouseVisible = True
26.3604 	EXP 	window1: mouseVisible = False
26.3611 	EXP 	window1: mouseVisible = True
26.3768 	EXP 	window1: mouseVisible = False
26.3770 	EXP 	window1: mouseVisible = True
26.3938 	EXP 	window1: mouseVisible = False
26.3944 	EXP 	window1: mouseVisible = True
26.4101 	EXP 	window1: mouseVisible = False
26.4102 	EXP 	window1: mouseVisible = True
26.4270 	EXP 	window1: mouseVisible = False
26.4271 	EXP 	window1: mouseVisible = True
26.4435 	EXP 	window1: mouseVisible = False
26.4436 	EXP 	window1: mouseVisible = True
26.4601 	EXP 	window1: mouseVisible = False
26.4602 	EXP 	window1: mouseVisible = True
26.4768 	EXP 	window1: mouseVisible = False
26.4773 	EXP 	window1: mouseVisible = True
26.4939 	EXP 	window1: mouseVisible = False
26.4941 	EXP 	window1: mouseVisible = True
26.5101 	EXP 	window1: mouseVisible = False
26.5107 	EXP 	window1: mouseVisible = True
26.5267 	EXP 	window1: mouseVisible = False
26.5268 	EXP 	window1: mouseVisible = True
26.5436 	EXP 	window1: mouseVisible = False
26.5445 	EXP 	window1: mouseVisible = True
26.5599 	EXP 	window1: mouseVisible = False
26.5603 	EXP 	window1: mouseVisible = True
26.5768 	EXP 	window1: mouseVisible = False
26.5774 	EXP 	window1: mouseVisible = True
26.5935 	EXP 	window1: mouseVisible = False
26.5936 	EXP 	window1: mouseVisible = True
26.6100 	EXP 	window1: mouseVisible = False
26.6106 	EXP 	window1: mouseVisible = True
26.6264 	EXP 	window1: mouseVisible = False
26.6266 	EXP 	window1: mouseVisible = True
26.6433 	EXP 	window1: mouseVisible = False
26.6439 	EXP 	window1: mouseVisible = True
26.6602 	EXP 	window1: mouseVisible = False
26.6925 	EXP 	window1: mouseVisible = True
26.7104 	EXP 	window1: mouseVisible = False
26.7105 	EXP 	window1: mouseVisible = True
26.7267 	EXP 	window1: mouseVisible = False
26.7268 	EXP 	window1: mouseVisible = True
26.7434 	EXP 	window1: mouseVisible = False
26.7439 	EXP 	window1: mouseVisible = True
26.7600 	EXP 	window1: mouseVisible = False
26.7607 	EXP 	window1: mouseVisible = True
26.7765 	EXP 	window1: mouseVisible = False
26.7771 	EXP 	window1: mouseVisible = True
26.7934 	EXP 	window1: mouseVisible = False
26.7935 	EXP 	window1: mouseVisible = True
26.8104 	EXP 	window1: mouseVisible = False
26.8109 	EXP 	window1: mouseVisible = True
26.8267 	EXP 	window1: mouseVisible = False
26.8269 	EXP 	window1: mouseVisible = True
26.8437 	EXP 	window1: mouseVisible = False
26.8444 	EXP 	window1: mouseVisible = True
26.8601 	EXP 	window1: mouseVisible = False
26.8605 	EXP 	window1: mouseVisible = True
26.8767 	EXP 	window1: mouseVisible = False
26.8769 	EXP 	window1: mouseVisible = True
26.8935 	EXP 	window1: mouseVisible = False
26.8937 	EXP 	window1: mouseVisible = True
26.9100 	EXP 	window1: mouseVisible = False
26.9102 	EXP 	window1: mouseVisible = True
26.9267 	EXP 	window1: mouseVisible = False
26.9269 	EXP 	window1: mouseVisible = True
26.9433 	EXP 	window1: mouseVisible = False
26.9435 	EXP 	window1: mouseVisible = True
26.9599 	EXP 	window1: mouseVisible = False
26.9601 	EXP 	window1: mouseVisible = True
26.9798 	EXP 	window1: mouseVisible = False
26.9809 	EXP 	window1: mouseVisible = True
26.9932 	EXP 	window1: mouseVisible = False
26.9937 	EXP 	window1: mouseVisible = True
27.0098 	EXP 	window1: mouseVisible = False
27.0099 	EXP 	window1: mouseVisible = True
27.0267 	EXP 	window1: mouseVisible = False
27.0272 	EXP 	window1: mouseVisible = True
27.0432 	EXP 	window1: mouseVisible = False
27.0434 	EXP 	window1: mouseVisible = True
27.0602 	EXP 	window1: mouseVisible = False
27.0603 	EXP 	window1: mouseVisible = True
27.1184 	EXP 	window1: mouseVisible = False
27.1194 	EXP 	window1: mouseVisible = True
27.1266 	EXP 	window1: mouseVisible = False
27.1267 	EXP 	window1: mouseVisible = True
27.1432 	EXP 	window1: mouseVisible = False
27.1434 	EXP 	window1: mouseVisible = True
27.1599 	EXP 	window1: mouseVisible = False
27.1600 	EXP 	window1: mouseVisible = True
27.1767 	EXP 	window1: mouseVisible = False
27.1770 	EXP 	window1: mouseVisible = True
27.1932 	EXP 	window1: mouseVisible = False
27.1937 	EXP 	window1: mouseVisible = True
27.2098 	EXP 	window1: mouseVisible = False
27.2100 	EXP 	window1: mouseVisible = True
27.2265 	EXP 	window1: mouseVisible = False
27.2266 	EXP 	window1: mouseVisible = True
27.2434 	EXP 	window1: mouseVisible = False
27.2440 	EXP 	window1: mouseVisible = True
27.2599 	EXP 	window1: mouseVisible = False
27.2601 	EXP 	window1: mouseVisible = True
27.2768 	EXP 	window1: mouseVisible = False
27.2775 	EXP 	window1: mouseVisible = True
27.2933 	EXP 	window1: mouseVisible = False
27.2937 	EXP 	window1: mouseVisible = True
27.3103 	EXP 	window1: mouseVisible = False
27.3105 	EXP 	window1: mouseVisible = True
27.3265 	EXP 	window1: mouseVisible = False
27.3267 	EXP 	window1: mouseVisible = True
27.3431 	EXP 	window1: mouseVisible = False
27.3433 	EXP 	window1: mouseVisible = True
27.3593 	EXP 	window1: mouseVisible = False
27.3596 	EXP 	window1: mouseVisible = True
27.3761 	EXP 	window1: mouseVisible = False
27.3762 	EXP 	window1: mouseVisible = True
27.3929 	EXP 	window1: mouseVisible = False
27.3930 	EXP 	window1: mouseVisible = True
27.4098 	EXP 	window1: mouseVisible = False
27.4100 	EXP 	window1: mouseVisible = True
27.4263 	EXP 	window1: mouseVisible = False
27.4265 	EXP 	window1: mouseVisible = True
27.4432 	EXP 	window1: mouseVisible = False
27.4438 	EXP 	window1: mouseVisible = True
27.4599 	EXP 	window1: mouseVisible = False
27.4600 	EXP 	window1: mouseVisible = True
27.4763 	EXP 	window1: mouseVisible = False
27.4767 	EXP 	window1: mouseVisible = True
27.4931 	EXP 	window1: mouseVisible = False
27.4938 	EXP 	window1: mouseVisible = True
27.5099 	EXP 	window1: mouseVisible = False
27.5101 	EXP 	window1: mouseVisible = True
27.5263 	EXP 	window1: mouseVisible = False
27.5269 	EXP 	window1: mouseVisible = True
27.5429 	EXP 	window1: mouseVisible = False
27.5431 	EXP 	window1: mouseVisible = True
27.5597 	EXP 	window1: mouseVisible = False
27.5609 	EXP 	window1: mouseVisible = True
27.5766 	EXP 	window1: mouseVisible = False
27.5768 	EXP 	window1: mouseVisible = True
27.5938 	EXP 	window1: mouseVisible = False
27.5940 	EXP 	window1: mouseVisible = True
27.6097 	EXP 	window1: mouseVisible = False
27.6099 	EXP 	window1: mouseVisible = True
27.6268 	EXP 	window1: mouseVisible = False
27.6269 	EXP 	window1: mouseVisible = True
27.6433 	EXP 	window1: mouseVisible = False
27.6435 	EXP 	window1: mouseVisible = True
27.6597 	EXP 	window1: mouseVisible = False
27.6599 	EXP 	window1: mouseVisible = True
27.6766 	EXP 	window1: mouseVisible = False
27.6770 	EXP 	window1: mouseVisible = True
27.6932 	EXP 	window1: mouseVisible = False
27.6938 	EXP 	window1: mouseVisible = True
27.7100 	EXP 	window1: mouseVisible = False
27.7102 	EXP 	window1: mouseVisible = True
27.7268 	EXP 	window1: mouseVisible = False
27.7269 	EXP 	window1: mouseVisible = True
27.7433 	EXP 	window1: mouseVisible = False
27.7437 	EXP 	window1: mouseVisible = True
27.7598 	EXP 	window1: mouseVisible = False
27.7600 	EXP 	window1: mouseVisible = True
27.7767 	EXP 	window1: mouseVisible = False
27.7777 	EXP 	window1: mouseVisible = True
27.7931 	EXP 	window1: mouseVisible = False
27.7933 	EXP 	window1: mouseVisible = True
27.8099 	EXP 	window1: mouseVisible = False
27.8103 	EXP 	window1: mouseVisible = True
27.8265 	EXP 	window1: mouseVisible = False
27.8267 	EXP 	window1: mouseVisible = True
27.8434 	EXP 	window1: mouseVisible = False
27.8442 	EXP 	window1: mouseVisible = True
27.8597 	EXP 	window1: mouseVisible = False
27.8602 	EXP 	window1: mouseVisible = True
27.8766 	EXP 	window1: mouseVisible = False
27.8774 	EXP 	window1: mouseVisible = True
27.8934 	EXP 	window1: mouseVisible = False
27.8943 	EXP 	window1: mouseVisible = True
27.9099 	EXP 	window1: mouseVisible = False
27.9100 	EXP 	window1: mouseVisible = True
27.9267 	EXP 	window1: mouseVisible = False
27.9268 	EXP 	window1: mouseVisible = True
27.9431 	EXP 	window1: mouseVisible = False
27.9433 	EXP 	window1: mouseVisible = True
27.9595 	EXP 	window1: mouseVisible = False
27.9597 	EXP 	window1: mouseVisible = True
27.9765 	EXP 	window1: mouseVisible = False
27.9766 	EXP 	window1: mouseVisible = True
27.9927 	EXP 	window1: mouseVisible = False
27.9934 	EXP 	window1: mouseVisible = True
28.0092 	EXP 	window1: mouseVisible = False
28.0095 	EXP 	window1: mouseVisible = True
28.0262 	EXP 	window1: mouseVisible = False
28.0269 	EXP 	window1: mouseVisible = True
28.0428 	EXP 	window1: mouseVisible = False
28.0434 	EXP 	window1: mouseVisible = True
28.0596 	EXP 	window1: mouseVisible = False
28.0603 	EXP 	window1: mouseVisible = True
28.0758 	EXP 	window1: mouseVisible = False
28.0760 	EXP 	window1: mouseVisible = True
28.0931 	EXP 	window1: mouseVisible = False
28.0938 	EXP 	window1: mouseVisible = True
28.1097 	EXP 	window1: mouseVisible = False
28.1105 	EXP 	window1: mouseVisible = True
28.1263 	EXP 	window1: mouseVisible = False
28.1271 	EXP 	window1: mouseVisible = True
28.1430 	EXP 	window1: mouseVisible = False
28.1435 	EXP 	window1: mouseVisible = True
28.1594 	EXP 	window1: mouseVisible = False
28.1601 	EXP 	window1: mouseVisible = True
28.1766 	EXP 	window1: mouseVisible = False
28.1769 	EXP 	window1: mouseVisible = True
28.1931 	EXP 	window1: mouseVisible = False
28.1935 	EXP 	window1: mouseVisible = True
28.2094 	EXP 	window1: mouseVisible = False
28.2096 	EXP 	window1: mouseVisible = True
28.2263 	EXP 	window1: mouseVisible = False
28.2269 	EXP 	window1: mouseVisible = True
28.2427 	EXP 	window1: mouseVisible = False
28.2433 	EXP 	window1: mouseVisible = True
28.2593 	EXP 	window1: mouseVisible = False
28.2594 	EXP 	window1: mouseVisible = True
28.2761 	EXP 	window1: mouseVisible = False
28.2768 	EXP 	window1: mouseVisible = True
28.2927 	EXP 	window1: mouseVisible = False
28.2928 	EXP 	window1: mouseVisible = True
28.3095 	EXP 	window1: mouseVisible = False
28.3102 	EXP 	window1: mouseVisible = True
28.3261 	EXP 	window1: mouseVisible = False
28.3270 	EXP 	window1: mouseVisible = True
28.3427 	EXP 	window1: mouseVisible = False
28.3431 	EXP 	window1: mouseVisible = True
28.3593 	EXP 	window1: mouseVisible = False
28.3595 	EXP 	window1: mouseVisible = True
28.3762 	EXP 	window1: mouseVisible = False
28.3768 	EXP 	window1: mouseVisible = True
28.3926 	EXP 	window1: mouseVisible = False
28.3928 	EXP 	window1: mouseVisible = True
28.4096 	EXP 	window1: mouseVisible = False
28.4103 	EXP 	window1: mouseVisible = True
28.4261 	EXP 	window1: mouseVisible = False
28.4263 	EXP 	window1: mouseVisible = True
28.4430 	EXP 	window1: mouseVisible = False
28.4440 	EXP 	window1: mouseVisible = True
28.4593 	EXP 	window1: mouseVisible = False
28.4598 	EXP 	window1: mouseVisible = True
28.4762 	EXP 	window1: mouseVisible = False
28.4769 	EXP 	window1: mouseVisible = True
28.4926 	EXP 	window1: mouseVisible = False
28.4928 	EXP 	window1: mouseVisible = True
28.5099 	EXP 	window1: mouseVisible = False
28.5106 	EXP 	window1: mouseVisible = True
28.5261 	EXP 	window1: mouseVisible = False
28.5263 	EXP 	window1: mouseVisible = True
28.5429 	EXP 	window1: mouseVisible = False
28.5437 	EXP 	window1: mouseVisible = True
28.5594 	EXP 	window1: mouseVisible = False
28.5595 	EXP 	window1: mouseVisible = True
28.5758 	EXP 	window1: mouseVisible = False
28.5760 	EXP 	window1: mouseVisible = True
28.5926 	EXP 	window1: mouseVisible = False
28.5928 	EXP 	window1: mouseVisible = True
28.6090 	EXP 	window1: mouseVisible = False
28.6092 	EXP 	window1: mouseVisible = True
28.6258 	EXP 	window1: mouseVisible = False
28.6260 	EXP 	window1: mouseVisible = True
28.6423 	EXP 	window1: mouseVisible = False
28.6424 	EXP 	window1: mouseVisible = True
28.6594 	EXP 	window1: mouseVisible = False
28.6595 	EXP 	window1: mouseVisible = True
28.6761 	EXP 	window1: mouseVisible = False
28.6762 	EXP 	window1: mouseVisible = True
28.6928 	EXP 	window1: mouseVisible = False
28.6929 	EXP 	window1: mouseVisible = True
28.7094 	EXP 	window1: mouseVisible = False
28.7096 	EXP 	window1: mouseVisible = True
28.7261 	EXP 	window1: mouseVisible = False
28.7262 	EXP 	window1: mouseVisible = True
28.7427 	EXP 	window1: mouseVisible = False
28.7429 	EXP 	window1: mouseVisible = True
28.7594 	EXP 	window1: mouseVisible = False
28.7605 	EXP 	window1: mouseVisible = True
28.7759 	EXP 	window1: mouseVisible = False
28.7763 	EXP 	window1: mouseVisible = True
28.7927 	EXP 	window1: mouseVisible = False
28.7931 	EXP 	window1: mouseVisible = True
28.8092 	EXP 	window1: mouseVisible = False
28.8094 	EXP 	window1: mouseVisible = True
28.8259 	EXP 	window1: mouseVisible = False
28.8261 	EXP 	window1: mouseVisible = True
28.8424 	EXP 	window1: mouseVisible = False
28.8425 	EXP 	window1: mouseVisible = True
28.8591 	EXP 	window1: mouseVisible = False
28.8592 	EXP 	window1: mouseVisible = True
28.8759 	EXP 	window1: mouseVisible = False
28.8760 	EXP 	window1: mouseVisible = True
28.8926 	EXP 	window1: mouseVisible = False
28.8927 	EXP 	window1: mouseVisible = True
28.9094 	EXP 	window1: mouseVisible = False
28.9096 	EXP 	window1: mouseVisible = True
28.9259 	EXP 	window1: mouseVisible = False
28.9261 	EXP 	window1: mouseVisible = True
28.9426 	EXP 	window1: mouseVisible = False
28.9428 	EXP 	window1: mouseVisible = True
28.9593 	EXP 	window1: mouseVisible = False
28.9595 	EXP 	window1: mouseVisible = True
28.9759 	EXP 	window1: mouseVisible = False
28.9763 	EXP 	window1: mouseVisible = True
28.9926 	EXP 	window1: mouseVisible = False
28.9927 	EXP 	window1: mouseVisible = True
29.0093 	EXP 	window1: mouseVisible = False
29.0099 	EXP 	window1: mouseVisible = True
29.0260 	EXP 	window1: mouseVisible = False
29.0262 	EXP 	window1: mouseVisible = True
29.0425 	EXP 	window1: mouseVisible = False
29.0431 	EXP 	window1: mouseVisible = True
29.0592 	EXP 	window1: mouseVisible = False
29.0594 	EXP 	window1: mouseVisible = True
29.0759 	EXP 	window1: mouseVisible = False
29.0765 	EXP 	window1: mouseVisible = True
29.0928 	EXP 	window1: mouseVisible = False
29.0932 	EXP 	window1: mouseVisible = True
29.1096 	EXP 	window1: mouseVisible = False
29.1097 	EXP 	window1: mouseVisible = True
29.1259 	EXP 	window1: mouseVisible = False
29.1262 	EXP 	window1: mouseVisible = True
29.1422 	EXP 	window1: mouseVisible = False
29.1423 	EXP 	window1: mouseVisible = True
29.1590 	EXP 	window1: mouseVisible = False
29.1592 	EXP 	window1: mouseVisible = True
29.1758 	EXP 	window1: mouseVisible = False
29.1760 	EXP 	window1: mouseVisible = True
29.1927 	EXP 	window1: mouseVisible = False
29.1928 	EXP 	window1: mouseVisible = True
29.2091 	EXP 	window1: mouseVisible = False
29.2092 	EXP 	window1: mouseVisible = True
29.2258 	EXP 	window1: mouseVisible = False
29.2260 	EXP 	window1: mouseVisible = True
29.2426 	EXP 	window1: mouseVisible = False
29.2428 	EXP 	window1: mouseVisible = True
29.2593 	EXP 	window1: mouseVisible = False
29.2599 	EXP 	window1: mouseVisible = True
29.2759 	EXP 	window1: mouseVisible = False
29.2761 	EXP 	window1: mouseVisible = True
29.2923 	EXP 	window1: mouseVisible = False
29.2930 	EXP 	window1: mouseVisible = True
29.3092 	EXP 	window1: mouseVisible = False
29.3103 	EXP 	window1: mouseVisible = True
29.3260 	EXP 	window1: mouseVisible = False
29.3261 	EXP 	window1: mouseVisible = True
29.3425 	EXP 	window1: mouseVisible = False
29.3426 	EXP 	window1: mouseVisible = True
29.3593 	EXP 	window1: mouseVisible = False
29.3594 	EXP 	window1: mouseVisible = True
29.3758 	EXP 	window1: mouseVisible = False
29.3761 	EXP 	window1: mouseVisible = True
29.3925 	EXP 	window1: mouseVisible = False
29.3927 	EXP 	window1: mouseVisible = True
29.4092 	EXP 	window1: mouseVisible = False
29.4094 	EXP 	window1: mouseVisible = True
29.4259 	EXP 	window1: mouseVisible = False
29.4261 	EXP 	window1: mouseVisible = True
29.4424 	EXP 	window1: mouseVisible = False
29.4426 	EXP 	window1: mouseVisible = True
29.4591 	EXP 	window1: mouseVisible = False
29.4593 	EXP 	window1: mouseVisible = True
29.4758 	EXP 	window1: mouseVisible = False
29.4764 	EXP 	window1: mouseVisible = True
29.4925 	EXP 	window1: mouseVisible = False
29.4929 	EXP 	window1: mouseVisible = True
29.5090 	EXP 	window1: mouseVisible = False
29.5097 	EXP 	window1: mouseVisible = True
29.5258 	EXP 	window1: mouseVisible = False
29.5267 	EXP 	window1: mouseVisible = True
29.5425 	EXP 	window1: mouseVisible = False
29.5428 	EXP 	window1: mouseVisible = True
29.5590 	EXP 	window1: mouseVisible = False
29.5592 	EXP 	window1: mouseVisible = True
29.5755 	EXP 	window1: mouseVisible = False
29.5757 	EXP 	window1: mouseVisible = True
29.5925 	EXP 	window1: mouseVisible = False
29.5926 	EXP 	window1: mouseVisible = True
29.6089 	EXP 	window1: mouseVisible = False
29.6094 	EXP 	window1: mouseVisible = True
29.6258 	EXP 	window1: mouseVisible = False
29.6260 	EXP 	window1: mouseVisible = True
29.6422 	EXP 	window1: mouseVisible = False
29.6427 	EXP 	window1: mouseVisible = True
29.6585 	EXP 	window1: mouseVisible = False
29.6587 	EXP 	window1: mouseVisible = True
29.6757 	EXP 	window1: mouseVisible = False
29.6764 	EXP 	window1: mouseVisible = True
29.6928 	EXP 	window1: mouseVisible = False
29.6929 	EXP 	window1: mouseVisible = True
29.7092 	EXP 	window1: mouseVisible = False
29.7094 	EXP 	window1: mouseVisible = True
29.7259 	EXP 	window1: mouseVisible = False
29.7261 	EXP 	window1: mouseVisible = True
29.7425 	EXP 	window1: mouseVisible = False
29.7427 	EXP 	window1: mouseVisible = True
29.7594 	EXP 	window1: mouseVisible = False
29.7600 	EXP 	window1: mouseVisible = True
29.7761 	EXP 	window1: mouseVisible = False
29.7763 	EXP 	window1: mouseVisible = True
29.7924 	EXP 	window1: mouseVisible = False
29.7927 	EXP 	window1: mouseVisible = True
29.8093 	EXP 	window1: mouseVisible = False
29.8094 	EXP 	window1: mouseVisible = True
29.8258 	EXP 	window1: mouseVisible = False
29.8259 	EXP 	window1: mouseVisible = True
29.8422 	EXP 	window1: mouseVisible = False
29.8423 	EXP 	window1: mouseVisible = True
29.8590 	EXP 	window1: mouseVisible = False
29.8591 	EXP 	window1: mouseVisible = True
29.8756 	EXP 	window1: mouseVisible = False
29.8760 	EXP 	window1: mouseVisible = True
29.8924 	EXP 	window1: mouseVisible = False
29.8925 	EXP 	window1: mouseVisible = True
29.9091 	EXP 	window1: mouseVisible = False
29.9093 	EXP 	window1: mouseVisible = True
29.9259 	EXP 	window1: mouseVisible = False
29.9260 	EXP 	window1: mouseVisible = True
29.9426 	EXP 	window1: mouseVisible = False
29.9427 	EXP 	window1: mouseVisible = True
29.9592 	EXP 	window1: mouseVisible = False
29.9594 	EXP 	window1: mouseVisible = True
29.9631 	EXP 	New trial (rep=0, index=1): OrderedDict([('audiofile', 'audio/NV_DE_Neural2-F_Kr-ro-Dr_0.7p.wav'), ('duration', 4.8714), ('noise', 'NV'), ('voice', 'Neural2-F'), ('words', 'Kr-ro-Dr'), ('callSign', 'Kr'), ('colour', 'ro'), ('number', 'Dr'), ('levels', '0.7p'), ('trigger_start', 100), ('trigger_end', 101), ('trigger_call', 113), ('trigger_col', 123), ('trigger_num', 133), ('file', 'DE_Neural2-F_Kr-ro-Dr.TextGrid'), ('firstSound_tmin', 0.16712), ('lastSound_tmax', 4.138714948333334), ('token_1_tmin', 0.7045109223333333), ('token_1_tmax', 1.2306902993333333), ('token_2_tmin', 2.2253968463333336), ('token_2_tmax', 2.585270111333333), ('token_3_tmin', 3.8004228006666665), ('token_3_tmax', 4.138714948333334), ('rater', 'mean'), ('newidx', 3), ('block', 'NV1')])
30.0011 	EXP 	window1: mouseVisible = False
30.0091 	EXP 	Sound sound_1 started
30.0024 	DATA 	Mouse: Left button down, pos=(219,370)
30.0085 	EXP 	blankScreen: autoDraw = False
30.0085 	EXP 	call1: autoDraw = False
30.0085 	EXP 	call2: autoDraw = False
30.0085 	EXP 	call3: autoDraw = False
30.0085 	EXP 	call4: autoDraw = False
30.0085 	EXP 	colour1: autoDraw = False
30.0085 	EXP 	colour2: autoDraw = False
30.0085 	EXP 	colour3: autoDraw = False
30.0085 	EXP 	colour4: autoDraw = False
30.0085 	EXP 	number1: autoDraw = False
30.0085 	EXP 	number2: autoDraw = False
30.0085 	EXP 	number3: autoDraw = False
30.0085 	EXP 	number4: autoDraw = False
30.0085 	EXP 	blankScreenAfterResponse: autoDraw = False
30.0085 	EXP 	fixation: autoDraw = True
30.1100 	DATA 	Mouse:  Left button up, pos=(219,370)
34.4865 	EXP 	Sound sound_1 reached end of file
35.3437 	EXP 	window1: mouseVisible = False
35.3575 	EXP 	fixation: autoDraw = False
35.3575 	EXP 	screenAfterAudio: autoDraw = True
35.3575 	EXP 	screenAfterAudio: autoDraw = False
35.3575 	EXP 	fixation: autoDraw = False
35.3575 	EXP 	screenAfterAudio: autoDraw = False
35.3575 	EXP 	call1: texRes = 128
35.3575 	EXP 	call2: texRes = 128
35.3575 	EXP 	call3: texRes = 128
35.3575 	EXP 	call4: texRes = 128
35.3575 	EXP 	colour1: texRes = 128
35.3575 	EXP 	colour2: texRes = 128
35.3575 	EXP 	colour3: texRes = 128
35.3575 	EXP 	colour4: texRes = 128
35.3575 	EXP 	number1: texRes = 128
35.3575 	EXP 	number2: texRes = 128
35.3575 	EXP 	number3: texRes = 128
35.3575 	EXP 	number4: texRes = 128
35.3575 	EXP 	blankScreen: autoDraw = True
35.3576 	EXP 	window1: mouseVisible = False
35.3739 	EXP 	window1: mouseVisible = False
35.3908 	EXP 	window1: mouseVisible = False
35.4075 	EXP 	window1: mouseVisible = False
35.4238 	EXP 	window1: mouseVisible = False
35.4403 	EXP 	window1: mouseVisible = False
35.4570 	EXP 	window1: mouseVisible = False
35.4736 	EXP 	window1: mouseVisible = False
35.4904 	EXP 	window1: mouseVisible = False
35.5072 	EXP 	window1: mouseVisible = False
35.5236 	EXP 	window1: mouseVisible = False
35.5403 	EXP 	window1: mouseVisible = False
35.5571 	EXP 	window1: mouseVisible = False
35.5735 	EXP 	window1: mouseVisible = False
35.5902 	EXP 	window1: mouseVisible = False
35.6070 	EXP 	window1: mouseVisible = False
35.6238 	EXP 	window1: mouseVisible = False
35.6404 	EXP 	window1: mouseVisible = False
35.6570 	EXP 	window1: mouseVisible = False
35.6739 	EXP 	window1: mouseVisible = False
35.6903 	EXP 	window1: mouseVisible = False
35.7069 	EXP 	window1: mouseVisible = False
35.7236 	EXP 	window1: mouseVisible = False
35.7401 	EXP 	window1: mouseVisible = False
35.7570 	EXP 	window1: mouseVisible = False
35.7737 	EXP 	window1: mouseVisible = False
35.7903 	EXP 	window1: mouseVisible = False
35.8069 	EXP 	window1: mouseVisible = False
35.8237 	EXP 	window1: mouseVisible = False
35.8403 	EXP 	window1: mouseVisible = False
35.8568 	EXP 	window1: mouseVisible = False
35.8736 	EXP 	window1: mouseVisible = False
35.8901 	EXP 	window1: mouseVisible = False
35.9072 	EXP 	window1: mouseVisible = False
35.9234 	EXP 	window1: mouseVisible = False
35.9402 	EXP 	window1: mouseVisible = False
35.9569 	EXP 	window1: mouseVisible = False
35.9736 	EXP 	window1: mouseVisible = False
35.9905 	EXP 	window1: mouseVisible = False
36.0066 	EXP 	window1: mouseVisible = False
36.0233 	EXP 	window1: mouseVisible = False
36.0401 	EXP 	window1: mouseVisible = False
36.0569 	EXP 	window1: mouseVisible = False
36.0737 	EXP 	window1: mouseVisible = False
36.0902 	EXP 	window1: mouseVisible = False
36.1068 	EXP 	window1: mouseVisible = False
36.1235 	EXP 	window1: mouseVisible = False
36.1402 	EXP 	window1: mouseVisible = False
36.1569 	EXP 	window1: mouseVisible = False
36.1736 	EXP 	window1: mouseVisible = False
36.1901 	EXP 	window1: mouseVisible = False
36.2069 	EXP 	window1: mouseVisible = False
36.2234 	EXP 	window1: mouseVisible = False
36.2402 	EXP 	window1: mouseVisible = False
36.2567 	EXP 	window1: mouseVisible = False
36.2735 	EXP 	window1: mouseVisible = False
36.2900 	EXP 	window1: mouseVisible = False
36.3068 	EXP 	window1: mouseVisible = False
36.3231 	EXP 	window1: mouseVisible = False
36.3398 	EXP 	window1: mouseVisible = False
36.3568 	EXP 	window1: mouseVisible = False
36.3727 	EXP 	blankScreen: autoDraw = False
36.3727 	EXP 	call1: autoDraw = True
36.3727 	EXP 	call2: autoDraw = True
36.3727 	EXP 	call3: autoDraw = True
36.3727 	EXP 	call4: autoDraw = True
36.3727 	EXP 	colour1: autoDraw = True
36.3727 	EXP 	colour2: autoDraw = True
36.3727 	EXP 	colour3: autoDraw = True
36.3727 	EXP 	colour4: autoDraw = True
36.3727 	EXP 	number1: autoDraw = True
36.3727 	EXP 	number2: autoDraw = True
36.3727 	EXP 	number3: autoDraw = True
36.3727 	EXP 	number4: autoDraw = True
36.3728 	EXP 	window1: mouseVisible = False
36.3827 	EXP 	window1: mouseVisible = True
36.3904 	EXP 	window1: mouseVisible = False
36.3911 	EXP 	window1: mouseVisible = True
36.4071 	EXP 	window1: mouseVisible = False
36.4074 	EXP 	window1: mouseVisible = True
36.4236 	EXP 	window1: mouseVisible = False
36.4242 	EXP 	window1: mouseVisible = True
36.4401 	EXP 	window1: mouseVisible = False
36.4405 	EXP 	window1: mouseVisible = True
36.4569 	EXP 	window1: mouseVisible = False
36.4576 	EXP 	window1: mouseVisible = True
36.5074 	EXP 	window1: mouseVisible = False
36.5081 	EXP 	window1: mouseVisible = True
36.5237 	EXP 	window1: mouseVisible = False
36.5239 	EXP 	window1: mouseVisible = True
36.5404 	EXP 	window1: mouseVisible = False
36.5414 	EXP 	window1: mouseVisible = True
36.5572 	EXP 	window1: mouseVisible = False
36.5574 	EXP 	window1: mouseVisible = True
36.5740 	EXP 	window1: mouseVisible = False
36.5742 	EXP 	window1: mouseVisible = True
36.5901 	EXP 	window1: mouseVisible = False
36.5903 	EXP 	window1: mouseVisible = True
36.6071 	EXP 	window1: mouseVisible = False
36.6073 	EXP 	window1: mouseVisible = True
36.6235 	EXP 	window1: mouseVisible = False
36.6241 	EXP 	window1: mouseVisible = True
36.6403 	EXP 	window1: mouseVisible = False
36.6405 	EXP 	window1: mouseVisible = True
36.6568 	EXP 	window1: mouseVisible = False
36.6578 	EXP 	window1: mouseVisible = True
36.7112 	EXP 	window1: mouseVisible = False
36.7118 	EXP 	window1: mouseVisible = True
36.7236 	EXP 	window1: mouseVisible = False
36.7237 	EXP 	window1: mouseVisible = True
36.7401 	EXP 	window1: mouseVisible = False
36.7407 	EXP 	window1: mouseVisible = True
36.7567 	EXP 	window1: mouseVisible = False
36.7568 	EXP 	window1: mouseVisible = True
36.8048 	EXP 	window1: mouseVisible = False
36.8058 	EXP 	window1: mouseVisible = True
36.8234 	EXP 	window1: mouseVisible = False
36.8238 	EXP 	window1: mouseVisible = True
36.8402 	EXP 	window1: mouseVisible = False
36.8404 	EXP 	window1: mouseVisible = True
36.8568 	EXP 	window1: mouseVisible = False
36.8574 	EXP 	window1: mouseVisible = True
36.8732 	EXP 	window1: mouseVisible = False
36.8734 	EXP 	window1: mouseVisible = True
36.8903 	EXP 	window1: mouseVisible = False
36.8910 	EXP 	window1: mouseVisible = True
36.9068 	EXP 	window1: mouseVisible = False
36.9069 	EXP 	window1: mouseVisible = True
36.9235 	EXP 	window1: mouseVisible = False
36.9237 	EXP 	window1: mouseVisible = True
36.9404 	EXP 	window1: mouseVisible = False
36.9406 	EXP 	window1: mouseVisible = True
36.9570 	EXP 	window1: mouseVisible = False
36.9572 	EXP 	window1: mouseVisible = True
36.9738 	EXP 	window1: mouseVisible = False
36.9740 	EXP 	window1: mouseVisible = True
36.9903 	EXP 	window1: mouseVisible = False
36.9905 	EXP 	window1: mouseVisible = True
37.0069 	EXP 	window1: mouseVisible = False
37.0070 	EXP 	window1: mouseVisible = True
37.0235 	EXP 	window1: mouseVisible = False
37.0236 	EXP 	window1: mouseVisible = True
37.0400 	EXP 	window1: mouseVisible = False
37.0407 	EXP 	window1: mouseVisible = True
37.0566 	EXP 	window1: mouseVisible = False
37.0568 	EXP 	window1: mouseVisible = True
37.1056 	EXP 	window1: mouseVisible = False
37.1063 	EXP 	window1: mouseVisible = True
37.1231 	EXP 	window1: mouseVisible = False
37.1235 	EXP 	window1: mouseVisible = True
37.1396 	EXP 	window1: mouseVisible = False
37.1398 	EXP 	window1: mouseVisible = True
37.1567 	EXP 	window1: mouseVisible = False
37.1569 	EXP 	window1: mouseVisible = True
37.2139 	EXP 	window1: mouseVisible = False
37.2145 	EXP 	window1: mouseVisible = True
37.2233 	EXP 	window1: mouseVisible = False
37.2238 	EXP 	window1: mouseVisible = True
37.2401 	EXP 	window1: mouseVisible = False
37.2404 	EXP 	window1: mouseVisible = True
37.2566 	EXP 	window1: mouseVisible = False
37.2567 	EXP 	window1: mouseVisible = True
37.3076 	EXP 	window1: mouseVisible = False
37.3084 	EXP 	window1: mouseVisible = True
37.3233 	EXP 	window1: mouseVisible = False
37.3236 	EXP 	window1: mouseVisible = True
37.3405 	EXP 	window1: mouseVisible = False
37.3412 	EXP 	window1: mouseVisible = True
37.3569 	EXP 	window1: mouseVisible = False
37.3571 	EXP 	window1: mouseVisible = True
37.3739 	EXP 	window1: mouseVisible = False
37.3741 	EXP 	window1: mouseVisible = True
37.3902 	EXP 	window1: mouseVisible = False
37.3904 	EXP 	window1: mouseVisible = True
37.4067 	EXP 	window1: mouseVisible = False
37.4069 	EXP 	window1: mouseVisible = True
37.4234 	EXP 	window1: mouseVisible = False
37.4236 	EXP 	window1: mouseVisible = True
37.4401 	EXP 	window1: mouseVisible = False
37.4402 	EXP 	window1: mouseVisible = True
37.4568 	EXP 	window1: mouseVisible = False
37.4570 	EXP 	window1: mouseVisible = True
37.4733 	EXP 	window1: mouseVisible = False
37.4735 	EXP 	window1: mouseVisible = True
37.4900 	EXP 	window1: mouseVisible = False
37.4901 	EXP 	window1: mouseVisible = True
37.5068 	EXP 	window1: mouseVisible = False
37.5070 	EXP 	window1: mouseVisible = True
37.5235 	EXP 	window1: mouseVisible = False
37.5237 	EXP 	window1: mouseVisible = True
37.5401 	EXP 	window1: mouseVisible = False
37.5403 	EXP 	window1: mouseVisible = True
37.5568 	EXP 	window1: mouseVisible = False
37.5579 	EXP 	window1: mouseVisible = True
37.5732 	EXP 	window1: mouseVisible = False
37.5734 	EXP 	window1: mouseVisible = True
37.5898 	EXP 	window1: mouseVisible = False
37.5904 	EXP 	window1: mouseVisible = True
37.6067 	EXP 	window1: mouseVisible = False
37.6069 	EXP 	window1: mouseVisible = True
37.6233 	EXP 	window1: mouseVisible = False
37.6240 	EXP 	window1: mouseVisible = True
37.6398 	EXP 	window1: mouseVisible = False
37.6403 	EXP 	window1: mouseVisible = True
37.6567 	EXP 	window1: mouseVisible = False
37.6570 	EXP 	window1: mouseVisible = True
37.6733 	EXP 	window1: mouseVisible = False
37.6736 	EXP 	window1: mouseVisible = True
37.6898 	EXP 	window1: mouseVisible = False
37.6900 	EXP 	window1: mouseVisible = True
37.7064 	EXP 	window1: mouseVisible = False
37.7066 	EXP 	window1: mouseVisible = True
37.7231 	EXP 	window1: mouseVisible = False
37.7233 	EXP 	window1: mouseVisible = True
37.7395 	EXP 	window1: mouseVisible = False
37.7397 	EXP 	window1: mouseVisible = True
37.7565 	EXP 	window1: mouseVisible = False
37.7570 	EXP 	window1: mouseVisible = True
37.8133 	EXP 	window1: mouseVisible = False
37.8149 	EXP 	window1: mouseVisible = True
37.8231 	EXP 	window1: mouseVisible = False
37.8233 	EXP 	window1: mouseVisible = True
37.8398 	EXP 	window1: mouseVisible = False
37.8406 	EXP 	window1: mouseVisible = True
37.8566 	EXP 	window1: mouseVisible = False
37.8568 	EXP 	window1: mouseVisible = True
37.9070 	EXP 	window1: mouseVisible = False
37.9078 	EXP 	window1: mouseVisible = True
37.9236 	EXP 	window1: mouseVisible = False
37.9246 	EXP 	window1: mouseVisible = True
37.9398 	EXP 	window1: mouseVisible = False
37.9400 	EXP 	window1: mouseVisible = True
37.9566 	EXP 	window1: mouseVisible = False
37.9571 	EXP 	window1: mouseVisible = True
37.9734 	EXP 	window1: mouseVisible = False
37.9735 	EXP 	window1: mouseVisible = True
37.9897 	EXP 	window1: mouseVisible = False
37.9898 	EXP 	window1: mouseVisible = True
38.0065 	EXP 	window1: mouseVisible = False
38.0067 	EXP 	window1: mouseVisible = True
38.0233 	EXP 	window1: mouseVisible = False
38.0235 	EXP 	window1: mouseVisible = True
38.0394 	EXP 	window1: mouseVisible = False
38.0396 	EXP 	window1: mouseVisible = True
38.0567 	EXP 	window1: mouseVisible = False
38.0574 	EXP 	window1: mouseVisible = True
38.0729 	EXP 	window1: mouseVisible = False
38.0730 	EXP 	window1: mouseVisible = True
38.0898 	EXP 	window1: mouseVisible = False
38.0904 	EXP 	window1: mouseVisible = True
38.1064 	EXP 	window1: mouseVisible = False
38.1066 	EXP 	window1: mouseVisible = True
38.1234 	EXP 	window1: mouseVisible = False
38.1241 	EXP 	window1: mouseVisible = True
38.1398 	EXP 	window1: mouseVisible = False
38.1407 	EXP 	window1: mouseVisible = True
38.1562 	EXP 	window1: mouseVisible = False
38.1567 	EXP 	window1: mouseVisible = True
38.1726 	EXP 	window1: mouseVisible = False
38.1731 	EXP 	window1: mouseVisible = True
38.1897 	EXP 	window1: mouseVisible = False
38.1903 	EXP 	window1: mouseVisible = True
38.2062 	EXP 	window1: mouseVisible = False
38.2067 	EXP 	window1: mouseVisible = True
38.2230 	EXP 	window1: mouseVisible = False
38.2237 	EXP 	window1: mouseVisible = True
38.2395 	EXP 	window1: mouseVisible = False
38.2397 	EXP 	window1: mouseVisible = True
38.2567 	EXP 	window1: mouseVisible = False
38.2577 	EXP 	window1: mouseVisible = True
38.3203 	EXP 	window1: mouseVisible = False
38.3218 	EXP 	window1: mouseVisible = True
38.3396 	EXP 	window1: mouseVisible = False
38.3401 	EXP 	window1: mouseVisible = True
38.3562 	EXP 	window1: mouseVisible = False
38.3564 	EXP 	window1: mouseVisible = True
38.3730 	EXP 	window1: mouseVisible = False
38.3732 	EXP 	window1: mouseVisible = True
38.3898 	EXP 	window1: mouseVisible = False
38.3899 	EXP 	window1: mouseVisible = True
38.4066 	EXP 	window1: mouseVisible = False
38.4068 	EXP 	window1: mouseVisible = True
38.4232 	EXP 	window1: mouseVisible = False
38.4234 	EXP 	window1: mouseVisible = True
38.4397 	EXP 	window1: mouseVisible = False
38.4399 	EXP 	window1: mouseVisible = True
38.4566 	EXP 	window1: mouseVisible = False
38.4568 	EXP 	window1: mouseVisible = True
38.4728 	EXP 	window1: mouseVisible = False
38.4730 	EXP 	window1: mouseVisible = True
38.4898 	EXP 	window1: mouseVisible = False
38.4900 	EXP 	window1: mouseVisible = True
38.5064 	EXP 	window1: mouseVisible = False
38.5065 	EXP 	window1: mouseVisible = True
38.5233 	EXP 	window1: mouseVisible = False
38.5234 	EXP 	window1: mouseVisible = True
38.5397 	EXP 	window1: mouseVisible = False
38.5399 	EXP 	window1: mouseVisible = True
38.5564 	EXP 	window1: mouseVisible = False
38.5572 	EXP 	window1: mouseVisible = True
38.5731 	EXP 	window1: mouseVisible = False
38.5740 	EXP 	window1: mouseVisible = True
38.5898 	EXP 	window1: mouseVisible = False
38.5903 	EXP 	window1: mouseVisible = True
38.6061 	EXP 	window1: mouseVisible = False
38.6063 	EXP 	window1: mouseVisible = True
38.6230 	EXP 	window1: mouseVisible = False
38.6237 	EXP 	window1: mouseVisible = True
38.6396 	EXP 	window1: mouseVisible = False
38.6398 	EXP 	window1: mouseVisible = True
38.6561 	EXP 	window1: mouseVisible = False
38.6563 	EXP 	window1: mouseVisible = True
38.7191 	EXP 	window1: mouseVisible = False
38.7201 	EXP 	window1: mouseVisible = True
38.7396 	EXP 	window1: mouseVisible = False
38.7398 	EXP 	window1: mouseVisible = True
38.7562 	EXP 	window1: mouseVisible = False
38.7564 	EXP 	window1: mouseVisible = True
38.7730 	EXP 	window1: mouseVisible = False
38.7735 	EXP 	window1: mouseVisible = True
38.7898 	EXP 	window1: mouseVisible = False
38.7905 	EXP 	window1: mouseVisible = True
38.8063 	EXP 	window1: mouseVisible = False
38.8066 	EXP 	window1: mouseVisible = True
38.8230 	EXP 	window1: mouseVisible = False
38.8238 	EXP 	window1: mouseVisible = True
38.8394 	EXP 	window1: mouseVisible = False
38.8395 	EXP 	window1: mouseVisible = True
38.8564 	EXP 	window1: mouseVisible = False
38.8568 	EXP 	window1: mouseVisible = True
38.8728 	EXP 	window1: mouseVisible = False
38.8732 	EXP 	window1: mouseVisible = True
38.8896 	EXP 	window1: mouseVisible = False
38.8897 	EXP 	window1: mouseVisible = True
38.9062 	EXP 	window1: mouseVisible = False
38.9065 	EXP 	window1: mouseVisible = True
38.9231 	EXP 	window1: mouseVisible = False
38.9233 	EXP 	window1: mouseVisible = True
38.9394 	EXP 	window1: mouseVisible = False
38.9396 	EXP 	window1: mouseVisible = True
38.9561 	EXP 	window1: mouseVisible = False
38.9562 	EXP 	window1: mouseVisible = True
38.9727 	EXP 	window1: mouseVisible = False
38.9728 	EXP 	window1: mouseVisible = True
38.9897 	EXP 	window1: mouseVisible = False
38.9899 	EXP 	window1: mouseVisible = True
39.0063 	EXP 	window1: mouseVisible = False
39.0064 	EXP 	window1: mouseVisible = True
39.0231 	EXP 	window1: mouseVisible = False
39.0233 	EXP 	window1: mouseVisible = True
39.0395 	EXP 	window1: mouseVisible = False
39.0403 	EXP 	window1: mouseVisible = True
39.0560 	EXP 	window1: mouseVisible = False
39.0561 	EXP 	window1: mouseVisible = True
39.0730 	EXP 	window1: mouseVisible = False
39.0737 	EXP 	window1: mouseVisible = True
39.0893 	EXP 	window1: mouseVisible = False
39.0895 	EXP 	window1: mouseVisible = True
39.1061 	EXP 	window1: mouseVisible = False
39.1067 	EXP 	window1: mouseVisible = True
39.1226 	EXP 	window1: mouseVisible = False
39.1228 	EXP 	window1: mouseVisible = True
39.1393 	EXP 	window1: mouseVisible = False
39.1402 	EXP 	window1: mouseVisible = True
39.1558 	EXP 	window1: mouseVisible = False
39.1566 	EXP 	window1: mouseVisible = True
39.2059 	EXP 	window1: mouseVisible = False
39.2066 	EXP 	window1: mouseVisible = True
39.2229 	EXP 	window1: mouseVisible = False
39.2233 	EXP 	window1: mouseVisible = True
39.2393 	EXP 	window1: mouseVisible = False
39.2395 	EXP 	window1: mouseVisible = True
39.2558 	EXP 	window1: mouseVisible = False
39.2560 	EXP 	window1: mouseVisible = True
39.2726 	EXP 	window1: mouseVisible = False
39.2728 	EXP 	window1: mouseVisible = True
39.2894 	EXP 	window1: mouseVisible = False
39.2901 	EXP 	window1: mouseVisible = True
39.3057 	EXP 	window1: mouseVisible = False
39.3059 	EXP 	window1: mouseVisible = True
39.3228 	EXP 	window1: mouseVisible = False
39.3233 	EXP 	window1: mouseVisible = True
39.3391 	EXP 	window1: mouseVisible = False
39.3395 	EXP 	window1: mouseVisible = True
39.3559 	EXP 	window1: mouseVisible = False
39.3564 	EXP 	window1: mouseVisible = True
39.4123 	EXP 	window1: mouseVisible = False
39.4134 	EXP 	window1: mouseVisible = True
39.4160 	DATA 	Keypress: escape
39.4228 	EXP 	window1: mouseVisible = False
39.4230 	EXP 	window1: mouseVisible = True
39.4393 	EXP 	window1: mouseVisible = False
39.4396 	EXP 	window1: mouseVisible = True
39.4559 	EXP 	window1: mouseVisible = False
39.4561 	EXP 	window1: mouseVisible = True
39.5063 	EXP 	window1: mouseVisible = False
39.5072 	EXP 	window1: mouseVisible = True
39.5230 	EXP 	window1: mouseVisible = False
39.5238 	EXP 	window1: mouseVisible = True
39.5396 	EXP 	window1: mouseVisible = False
39.5398 	EXP 	window1: mouseVisible = True
39.5563 	EXP 	window1: mouseVisible = False
39.5570 	EXP 	window1: mouseVisible = True
39.5725 	EXP 	window1: mouseVisible = False
39.5727 	EXP 	window1: mouseVisible = True
41.6277 	EXP 	window1: mouseVisible = True
