1.6992 	WARNING 	We strongly recommend you activate the PTB sound engine in PsychoPy prefs as the preferred audio engine. Its timing is vastly superior. Your prefs are currently set to use ['pyo'] (in that order).
9.1402 	EXP 	Created window1 = Window(allowGUI=False, allowStencil=False, autoLog=True, backendConf=UNKNOWN, bitsMode=UNKNOWN, blendMode='avg', bpc=(8, 8, 8), color=array([0, 0, 0]), colorSpace='rgb', depthBits=8, fullscr=<method-wrapper '__getattribute__' of attributeSetter object at 0x0000019E162AA250>, gamma=None, gammaErrorPolicy='raise', lms=UNKNOWN, monitor=<psychopy.monitors.calibTools.Monitor object at 0x0000019E15E5B280>, multiSample=False, name='window1', numSamples=2, pos=(0, 0), screen=0, size=array([1280, 1024]), stencilBits=0, stereo=False, units='height', useFBO=True, useRetina=False, viewOri=0.0, viewPos=None, viewScale=None, waitBlanking=True, winType='pyglet')
9.1404 	EXP 	window1: mouseVisible = True
9.1404 	EXP 	window1: Attempting to measure frame rate of screen (0) ...
9.1404 	EXP 	window1: recordFrameIntervals = False
9.3056 	EXP 	window1: recordFrameIntervals = True
9.4891 	EXP 	Screen (0) actual frame rate measured at 60.10Hz
9.4891 	EXP 	window1: recordFrameIntervals = False
11.0677 	EXP 	Created instrTrainText = TextStim(__class__=<class 'psychopy.visual.text.TextStim'>, alignHoriz=method-wrapper(...), alignText='center', alignVert=method-wrapper(...), anchorHoriz='center', anchorVert='center', antialias=True, autoLog=True, bold=False, color=array([1., 1., 1.]), colorSpace='rgb', contrast=1.0, depth=-1.0, flipHoriz=False, flipVert=False, font='Arial', fontFiles=[], height=0.04, italic=False, languageStyle='LTR', name='instrTrainText', opacity=1.0, ori=0, pos=array([0., 0.]), rgb=UNKNOWN, text=str(...), units='height', win=Window(...), wrapWidth=1)
11.0698 	EXP 	Created blockStart = TextStim(__class__=<class 'psychopy.visual.text.TextStim'>, alignHoriz=method-wrapper(...), alignText='center', alignVert=method-wrapper(...), anchorHoriz='center', anchorVert='center', antialias=True, autoLog=True, bold=False, color=array([1., 1., 1.]), colorSpace='rgb', contrast=1.0, depth=0.0, flipHoriz=False, flipVert=False, font='Arial', fontFiles=[], height=0.04, italic=False, languageStyle='LTR', name='blockStart', opacity=1.0, ori=0, pos=array([0., 0.]), rgb=UNKNOWN, text='Begin  block ', units='height', win=Window(...), wrapWidth=1)
12.7708 	EXP 	Set  sound=C
12.7954 	EXP 	Set sound_1 sound=A
12.7954 	EXP 	Sound sound_1 set volume 1.000
12.7988 	EXP 	Created fixation = ShapeStim(__class__=<class 'psychopy.visual.shape.ShapeStim'>, anchor=('center', 'center'), autoDraw=False, autoLog=True, closeShape=True, color=method-wrapper(...), colorSpace='rgb', contrast=None, depth=-2.0, fillColor=array([1, 1, 1]), fillColorSpace='rgb', fillRGB=array([1, 1, 1]), interpolate=True, lineColor=array([1., 1., 1.]), lineColorSpace='rgb', lineRGB=array([1, 1, 1]), lineWidth=0.5, name='fixation', opacity=0.75, ori=0.0, pos=array([0., 0.]), size=array([0.05, 0.05]), units='height', vertices=ndarray(...), win=Window(...), windingRule=None)
12.8217 	EXP 	Created screenAfterAudio = ImageStim(__class__=<class 'psychopy.visual.image.ImageStim'>, anchor=('center', 'center'), autoLog=True, color=array([1., 1., 1.]), colorSpace='rgb', contrast=1.0, depth=-4.0, flipHoriz=False, flipVert=False, image='images/grayScreen.png', interpolate=True, mask=None, maskParams=None, name='screenAfterAudio', opacity=1.0, ori=0.0, pos=array([0., 0.]), size=array([0.5, 0.5]), texRes=128.0, units='height', win=Window(...))
12.8368 	EXP 	Created blankScreen = ImageStim(__class__=<class 'psychopy.visual.image.ImageStim'>, anchor=('center', 'center'), autoLog=True, color=array([1., 1., 1.]), colorSpace='rgb', contrast=1.0, depth=-4.0, flipHoriz=False, flipVert=False, image='images/grayScreen.png', interpolate=True, mask=None, maskParams=None, name='blankScreen', opacity=1.0, ori=0.0, pos=array([0., 0.]), size=array([1920., 1080.]), texRes=128, units='height', win=Window(...))
12.8660 	EXP 	Created call1 = ImageStim(__class__=<class 'psychopy.visual.image.ImageStim'>, anchor=('center', 'center'), autoLog=True, color=array([1., 1., 1.]), colorSpace='rgb', contrast=1.0, depth=-5.0, flipHoriz=False, flipVert=False, image='images/adler.png', interpolate=True, mask=None, maskParams=None, name='call1', opacity=1.0, ori=0.0, pos=array([-0.4   ,  0.3125]), size=array([0.18, 0.18]), texRes=128, units='height', win=Window(...))
12.8907 	EXP 	Created call2 = ImageStim(__class__=<class 'psychopy.visual.image.ImageStim'>, anchor=('center', 'center'), autoLog=True, color=array([1., 1., 1.]), colorSpace='rgb', contrast=1.0, depth=-6.0, flipHoriz=False, flipVert=False, image='images/drossel.png', interpolate=True, mask=None, maskParams=None, name='call2', opacity=1.0, ori=0.0, pos=array([-0.4       ,  0.10416667]), size=array([0.18, 0.18]), texRes=128, units='height', win=Window(...))
12.9164 	EXP 	Created call3 = ImageStim(__class__=<class 'psychopy.visual.image.ImageStim'>, anchor=('center', 'center'), autoLog=True, color=array([1., 1., 1.]), colorSpace='rgb', contrast=1.0, depth=-7.0, flipHoriz=False, flipVert=False, image='images/tiger.png', interpolate=True, mask=None, maskParams=None, name='call3', opacity=1.0, ori=0.0, pos=array([-0.4       , -0.10416667]), size=array([0.18, 0.18]), texRes=128, units='height', win=Window(...))
12.9431 	EXP 	Created call4 = ImageStim(__class__=<class 'psychopy.visual.image.ImageStim'>, anchor=('center', 'center'), autoLog=True, color=array([1., 1., 1.]), colorSpace='rgb', contrast=1.0, depth=-8.0, flipHoriz=False, flipVert=False, image='images/kroete.png', interpolate=True, mask=None, maskParams=None, name='call4', opacity=1.0, ori=0.0, pos=array([-0.4   , -0.3125]), size=array([0.18, 0.18]), texRes=128, units='height', win=Window(...))
12.9629 	EXP 	Created colour1 = ImageStim(__class__=<class 'psychopy.visual.image.ImageStim'>, anchor=('center', 'center'), autoLog=True, color=array([1., 1., 1.]), colorSpace='rgb', contrast=1.0, depth=-9.0, flipHoriz=False, flipVert=False, image='images/gelb.png', interpolate=True, mask=None, maskParams=None, name='colour1', opacity=1.0, ori=0.0, pos=array([0.    , 0.3125]), size=array([0.18, 0.18]), texRes=128, units='height', win=Window(...))
12.9820 	EXP 	Created colour2 = ImageStim(__class__=<class 'psychopy.visual.image.ImageStim'>, anchor=('center', 'center'), autoLog=True, color=array([1., 1., 1.]), colorSpace='rgb', contrast=1.0, depth=-10.0, flipHoriz=False, flipVert=False, image='images/gruen.png', interpolate=True, mask=None, maskParams=None, name='colour2', opacity=1.0, ori=0.0, pos=array([0.        , 0.10416667]), size=array([0.18, 0.18]), texRes=128, units='height', win=Window(...))
13.0008 	EXP 	Created colour3 = ImageStim(__class__=<class 'psychopy.visual.image.ImageStim'>, anchor=('center', 'center'), autoLog=True, color=array([1., 1., 1.]), colorSpace='rgb', contrast=1.0, depth=-11.0, flipHoriz=False, flipVert=False, image='images/rot.png', interpolate=True, mask=None, maskParams=None, name='colour3', opacity=1.0, ori=0.0, pos=array([ 0.        , -0.10416667]), size=array([0.18, 0.18]), texRes=128, units='height', win=Window(...))
13.0203 	EXP 	Created colour4 = ImageStim(__class__=<class 'psychopy.visual.image.ImageStim'>, anchor=('center', 'center'), autoLog=True, color=array([1., 1., 1.]), colorSpace='rgb', contrast=1.0, depth=-12.0, flipHoriz=False, flipVert=False, image='images/weiss.png', interpolate=True, mask=None, maskParams=None, name='colour4', opacity=1.0, ori=0.0, pos=array([ 0.    , -0.3125]), size=array([0.18, 0.18]), texRes=128, units='height', win=Window(...))
13.0393 	EXP 	Created number1 = ImageStim(__class__=<class 'psychopy.visual.image.ImageStim'>, anchor=('center', 'center'), autoLog=True, color=array([1., 1., 1.]), colorSpace='rgb', contrast=1.0, depth=-13.0, flipHoriz=False, flipVert=False, image='images/1.png', interpolate=True, mask=None, maskParams=None, name='number1', opacity=1.0, ori=0.0, pos=array([0.4   , 0.3125]), size=array([0.18, 0.18]), texRes=128, units='height', win=Window(...))
13.0595 	EXP 	Created number2 = ImageStim(__class__=<class 'psychopy.visual.image.ImageStim'>, anchor=('center', 'center'), autoLog=True, color=array([1., 1., 1.]), colorSpace='rgb', contrast=1.0, depth=-14.0, flipHoriz=False, flipVert=False, image='images/2.png', interpolate=True, mask=None, maskParams=None, name='number2', opacity=1.0, ori=0.0, pos=array([0.4       , 0.10416667]), size=array([0.18, 0.18]), texRes=128, units='height', win=Window(...))
13.0789 	EXP 	Created number3 = ImageStim(__class__=<class 'psychopy.visual.image.ImageStim'>, anchor=('center', 'center'), autoLog=True, color=array([1., 1., 1.]), colorSpace='rgb', contrast=1.0, depth=-15.0, flipHoriz=False, flipVert=False, image='images/3.png', interpolate=True, mask=None, maskParams=None, name='number3', opacity=1.0, ori=0.0, pos=array([ 0.4       , -0.10416667]), size=array([0.18, 0.18]), texRes=128, units='height', win=Window(...))
13.0977 	EXP 	Created number4 = ImageStim(__class__=<class 'psychopy.visual.image.ImageStim'>, anchor=('center', 'center'), autoLog=True, color=array([1., 1., 1.]), colorSpace='rgb', contrast=1.0, depth=-16.0, flipHoriz=False, flipVert=False, image='images/4.png', interpolate=True, mask=None, maskParams=None, name='number4', opacity=1.0, ori=0.0, pos=array([ 0.4   , -0.3125]), size=array([0.18, 0.18]), texRes=128, units='height', win=Window(...))
13.0977 	EXP 	window1: mouseVisible = True
13.0977 	EXP 	window1: mouseVisible = True
13.0978 	EXP 	window1: mouseVisible = True
13.1190 	EXP 	Created blankScreenAfterResponse = ImageStim(__class__=<class 'psychopy.visual.image.ImageStim'>, anchor=('center', 'center'), autoLog=True, color=array([1., 1., 1.]), colorSpace='rgb', contrast=1.0, depth=-25.0, flipHoriz=False, flipVert=False, image='images/blankScreen.png', interpolate=True, mask=None, maskParams=None, name='blankScreenAfterResponse', opacity=1.0, ori=0.0, pos=array([0., 0.]), size=array([1920., 1080.]), texRes=128, units='height', win=Window(...))
13.1249 	EXP 	Created thanksText = TextStim(__class__=<class 'psychopy.visual.text.TextStim'>, alignHoriz=method-wrapper(...), alignText='center', alignVert=method-wrapper(...), anchorHoriz='center', anchorVert='center', antialias=True, autoLog=True, bold=False, color=array([1., 1., 1.]), colorSpace='rgb', contrast=1.0, depth=0.0, flipHoriz=False, flipVert=False, font='Arial', fontFiles=[], height=0.04, italic=False, languageStyle='LTR', name='thanksText', opacity=1.0, ori=0, pos=array([0., 0.]), rgb=UNKNOWN, text=str(...), units='height', win=Window(...), wrapWidth=1)
13.1250 	EXP 	window1: mouseVisible = False
13.1374 	EXP 	instrTrainText: autoDraw = True
14.6306 	EXP 	Imported order1.csv as conditions, 4 conditions, 1 params
14.6308 	EXP 	Created sequence: sequential, trialTypes=4, nReps=1, seed=None
14.6310 	EXP 	New trial (rep=0, index=0): OrderedDict([('condsFile', 'flow\\tts-golang-selected_PsyPySEQ_NV1.csv')])
14.6325 	DATA 	Keypress: space
14.6370 	EXP 	instrTrainText: autoDraw = False
14.6370 	EXP 	blockStart: autoDraw = True
15.8826 	EXP 	Imported flow\tts-golang-selected_PsyPySEQ_NV1.csv as conditions, 96 conditions, 26 params
15.8830 	EXP 	Created sequence: random, trialTypes=96, nReps=1, seed=None
15.8834 	EXP 	New trial (rep=0, index=0): OrderedDict([('audiofile', 'audio/NV_DE_Neural2-F_Dr-we-Ei_0.7p.wav'), ('duration', 5.146), ('noise', 'NV'), ('voice', 'Neural2-F'), ('words', 'Dr-we-Ei'), ('callSign', 'Dr'), ('colour', 'we'), ('number', 'Ei'), ('levels', '0.7p'), ('trigger_start', 100), ('trigger_end', 101), ('trigger_call', 112), ('trigger_col', 124), ('trigger_num', 131), ('file', 'DE_Neural2-F_Dr-we-Ei.TextGrid'), ('firstSound_tmin', 0.17712), ('lastSound_tmax', 4.362323438333333), ('token_1_tmin', 0.6981751993333334), ('token_1_tmax', 1.2154991306666665), ('token_2_tmin', 2.225944118), ('token_2_tmax', 2.600216210333333), ('token_3_tmin', 3.789889094333333), ('token_3_tmax', 4.362323438333333), ('rater', 'mean'), ('newidx', 10), ('block', 'NV1')])
16.5249 	EXP 	Set sound_1 sound=audio/NV_DE_Neural2-F_Dr-we-Ei_0.7p.wav
16.5250 	EXP 	window1: mouseVisible = False
16.5258 	EXP 	Sound sound_1 started
16.5279 	DATA 	Keypress: space
16.5363 	EXP 	blockStart: autoDraw = False
16.5363 	EXP 	fixation: autoDraw = True
21.6851 	EXP 	Sound sound_1 stopped
21.7276 	EXP 	window1: mouseVisible = False
21.7368 	EXP 	fixation: autoDraw = False
21.7368 	EXP 	screenAfterAudio: autoDraw = True
21.7368 	EXP 	screenAfterAudio: autoDraw = False
21.7368 	EXP 	fixation: autoDraw = False
21.7368 	EXP 	screenAfterAudio: autoDraw = False
21.7368 	EXP 	call1: texRes = 128
21.7368 	EXP 	call2: texRes = 128
21.7368 	EXP 	call3: texRes = 128
21.7368 	EXP 	call4: texRes = 128
21.7368 	EXP 	colour1: texRes = 128
21.7368 	EXP 	colour2: texRes = 128
21.7368 	EXP 	colour3: texRes = 128
21.7368 	EXP 	colour4: texRes = 128
21.7368 	EXP 	number1: texRes = 128
21.7368 	EXP 	number2: texRes = 128
21.7368 	EXP 	number3: texRes = 128
21.7368 	EXP 	number4: texRes = 128
21.7368 	EXP 	blankScreen: autoDraw = True
21.7369 	EXP 	window1: mouseVisible = False
21.7677 	EXP 	window1: mouseVisible = False
21.7845 	EXP 	window1: mouseVisible = False
21.8011 	EXP 	window1: mouseVisible = False
21.8176 	EXP 	window1: mouseVisible = False
21.8344 	EXP 	window1: mouseVisible = False
21.8512 	EXP 	window1: mouseVisible = False
21.8676 	EXP 	window1: mouseVisible = False
21.8844 	EXP 	window1: mouseVisible = False
21.9013 	EXP 	window1: mouseVisible = False
21.9178 	EXP 	window1: mouseVisible = False
21.9343 	EXP 	window1: mouseVisible = False
21.9510 	EXP 	window1: mouseVisible = False
21.9680 	EXP 	window1: mouseVisible = False
21.9843 	EXP 	window1: mouseVisible = False
22.0012 	EXP 	window1: mouseVisible = False
22.0178 	EXP 	window1: mouseVisible = False
22.0344 	EXP 	window1: mouseVisible = False
22.0510 	EXP 	window1: mouseVisible = False
22.0679 	EXP 	window1: mouseVisible = False
22.0843 	EXP 	window1: mouseVisible = False
22.1010 	EXP 	window1: mouseVisible = False
22.1178 	EXP 	window1: mouseVisible = False
22.1343 	EXP 	window1: mouseVisible = False
22.1509 	EXP 	window1: mouseVisible = False
22.1678 	EXP 	window1: mouseVisible = False
22.1844 	EXP 	window1: mouseVisible = False
22.2009 	EXP 	window1: mouseVisible = False
22.2176 	EXP 	window1: mouseVisible = False
22.2342 	EXP 	window1: mouseVisible = False
22.2510 	EXP 	window1: mouseVisible = False
22.2677 	EXP 	window1: mouseVisible = False
22.2843 	EXP 	window1: mouseVisible = False
22.3009 	EXP 	window1: mouseVisible = False
22.3178 	EXP 	window1: mouseVisible = False
22.3342 	EXP 	window1: mouseVisible = False
22.3510 	EXP 	window1: mouseVisible = False
22.3675 	EXP 	window1: mouseVisible = False
22.3842 	EXP 	window1: mouseVisible = False
22.4010 	EXP 	window1: mouseVisible = False
22.4177 	EXP 	window1: mouseVisible = False
22.4342 	EXP 	window1: mouseVisible = False
22.4509 	EXP 	window1: mouseVisible = False
22.4677 	EXP 	window1: mouseVisible = False
22.4842 	EXP 	window1: mouseVisible = False
22.5010 	EXP 	window1: mouseVisible = False
22.5177 	EXP 	window1: mouseVisible = False
22.5342 	EXP 	window1: mouseVisible = False
22.5507 	EXP 	window1: mouseVisible = False
22.5676 	EXP 	window1: mouseVisible = False
22.5842 	EXP 	window1: mouseVisible = False
22.6008 	EXP 	window1: mouseVisible = False
22.6175 	EXP 	window1: mouseVisible = False
22.6343 	EXP 	window1: mouseVisible = False
22.6507 	EXP 	window1: mouseVisible = False
22.6674 	EXP 	window1: mouseVisible = False
22.6843 	EXP 	window1: mouseVisible = False
22.7008 	EXP 	window1: mouseVisible = False
22.7174 	EXP 	window1: mouseVisible = False
22.7342 	EXP 	window1: mouseVisible = False
22.7504 	EXP 	blankScreen: autoDraw = False
22.7504 	EXP 	call1: autoDraw = True
22.7504 	EXP 	call2: autoDraw = True
22.7504 	EXP 	call3: autoDraw = True
22.7504 	EXP 	call4: autoDraw = True
22.7504 	EXP 	colour1: autoDraw = True
22.7504 	EXP 	colour2: autoDraw = True
22.7504 	EXP 	colour3: autoDraw = True
22.7504 	EXP 	colour4: autoDraw = True
22.7504 	EXP 	number1: autoDraw = True
22.7504 	EXP 	number2: autoDraw = True
22.7504 	EXP 	number3: autoDraw = True
22.7504 	EXP 	number4: autoDraw = True
22.7505 	EXP 	window1: mouseVisible = False
22.7507 	EXP 	window1: mouseVisible = True
22.7675 	EXP 	window1: mouseVisible = False
22.7676 	EXP 	window1: mouseVisible = True
22.7841 	EXP 	window1: mouseVisible = False
22.7842 	EXP 	window1: mouseVisible = True
22.8011 	EXP 	window1: mouseVisible = False
22.8012 	EXP 	window1: mouseVisible = True
22.8176 	EXP 	window1: mouseVisible = False
22.8177 	EXP 	window1: mouseVisible = True
22.8688 	EXP 	window1: mouseVisible = False
22.8692 	EXP 	window1: mouseVisible = True
22.8846 	EXP 	window1: mouseVisible = False
22.8848 	EXP 	window1: mouseVisible = True
22.9011 	EXP 	window1: mouseVisible = False
22.9012 	EXP 	window1: mouseVisible = True
22.9177 	EXP 	window1: mouseVisible = False
22.9178 	EXP 	window1: mouseVisible = True
22.9346 	EXP 	window1: mouseVisible = False
22.9347 	EXP 	window1: mouseVisible = True
22.9510 	EXP 	window1: mouseVisible = False
22.9512 	EXP 	window1: mouseVisible = True
22.9678 	EXP 	window1: mouseVisible = False
22.9680 	EXP 	window1: mouseVisible = True
22.9844 	EXP 	window1: mouseVisible = False
22.9845 	EXP 	window1: mouseVisible = True
23.0008 	EXP 	window1: mouseVisible = False
23.0009 	EXP 	window1: mouseVisible = True
23.0174 	EXP 	window1: mouseVisible = False
23.0175 	EXP 	window1: mouseVisible = True
23.0670 	EXP 	window1: mouseVisible = False
23.0678 	EXP 	window1: mouseVisible = True
23.0843 	EXP 	window1: mouseVisible = False
23.0844 	EXP 	window1: mouseVisible = True
23.1010 	EXP 	window1: mouseVisible = False
23.1011 	EXP 	window1: mouseVisible = True
23.1174 	EXP 	window1: mouseVisible = False
23.1176 	EXP 	window1: mouseVisible = True
23.1667 	EXP 	window1: mouseVisible = False
23.1672 	EXP 	window1: mouseVisible = True
23.1843 	EXP 	window1: mouseVisible = False
23.1845 	EXP 	window1: mouseVisible = True
23.2010 	EXP 	window1: mouseVisible = False
23.2012 	EXP 	window1: mouseVisible = True
23.2176 	EXP 	window1: mouseVisible = False
23.2177 	EXP 	window1: mouseVisible = True
23.2343 	EXP 	window1: mouseVisible = False
23.2345 	EXP 	window1: mouseVisible = True
23.2510 	EXP 	window1: mouseVisible = False
23.2511 	EXP 	window1: mouseVisible = True
23.2675 	EXP 	window1: mouseVisible = False
23.2676 	EXP 	window1: mouseVisible = True
23.2839 	EXP 	window1: mouseVisible = False
23.2840 	EXP 	window1: mouseVisible = True
23.3006 	EXP 	window1: mouseVisible = False
23.3007 	EXP 	window1: mouseVisible = True
23.3176 	EXP 	window1: mouseVisible = False
23.3178 	EXP 	window1: mouseVisible = True
23.3662 	EXP 	window1: mouseVisible = False
23.3664 	EXP 	window1: mouseVisible = True
23.3842 	EXP 	window1: mouseVisible = False
23.3843 	EXP 	window1: mouseVisible = True
23.4005 	EXP 	window1: mouseVisible = False
23.4007 	EXP 	window1: mouseVisible = True
23.4173 	EXP 	window1: mouseVisible = False
23.4174 	EXP 	window1: mouseVisible = True
23.4677 	EXP 	window1: mouseVisible = False
23.4680 	EXP 	window1: mouseVisible = True
23.4842 	EXP 	window1: mouseVisible = False
23.4843 	EXP 	window1: mouseVisible = True
23.5008 	EXP 	window1: mouseVisible = False
23.5010 	EXP 	window1: mouseVisible = True
23.5175 	EXP 	window1: mouseVisible = False
23.5176 	EXP 	window1: mouseVisible = True
23.5340 	EXP 	window1: mouseVisible = False
23.5342 	EXP 	window1: mouseVisible = True
23.5509 	EXP 	window1: mouseVisible = False
23.5514 	EXP 	window1: mouseVisible = True
23.5677 	EXP 	window1: mouseVisible = False
23.5678 	EXP 	window1: mouseVisible = True
23.5841 	EXP 	window1: mouseVisible = False
23.5842 	EXP 	window1: mouseVisible = True
23.6009 	EXP 	window1: mouseVisible = False
23.6010 	EXP 	window1: mouseVisible = True
23.6174 	EXP 	window1: mouseVisible = False
23.6176 	EXP 	window1: mouseVisible = True
23.6342 	EXP 	window1: mouseVisible = False
23.6344 	EXP 	window1: mouseVisible = True
23.6505 	EXP 	window1: mouseVisible = False
23.6506 	EXP 	window1: mouseVisible = True
23.6672 	EXP 	window1: mouseVisible = False
23.6673 	EXP 	window1: mouseVisible = True
23.6839 	EXP 	window1: mouseVisible = False
23.6840 	EXP 	window1: mouseVisible = True
23.7004 	EXP 	window1: mouseVisible = False
23.7005 	EXP 	window1: mouseVisible = True
23.7173 	EXP 	window1: mouseVisible = False
23.7174 	EXP 	window1: mouseVisible = True
23.7659 	EXP 	window1: mouseVisible = False
23.7661 	EXP 	window1: mouseVisible = True
23.7843 	EXP 	window1: mouseVisible = False
23.7845 	EXP 	window1: mouseVisible = True
23.8005 	EXP 	window1: mouseVisible = False
23.8006 	EXP 	window1: mouseVisible = True
23.8173 	EXP 	window1: mouseVisible = False
23.8175 	EXP 	window1: mouseVisible = True
23.8677 	EXP 	window1: mouseVisible = False
23.8682 	EXP 	window1: mouseVisible = True
23.8841 	EXP 	window1: mouseVisible = False
23.8842 	EXP 	window1: mouseVisible = True
23.9008 	EXP 	window1: mouseVisible = False
23.9009 	EXP 	window1: mouseVisible = True
23.9173 	EXP 	window1: mouseVisible = False
23.9174 	EXP 	window1: mouseVisible = True
23.9340 	EXP 	window1: mouseVisible = False
23.9341 	EXP 	window1: mouseVisible = True
23.9507 	EXP 	window1: mouseVisible = False
23.9508 	EXP 	window1: mouseVisible = True
23.9670 	EXP 	window1: mouseVisible = False
23.9672 	EXP 	window1: mouseVisible = True
23.9837 	EXP 	window1: mouseVisible = False
23.9838 	EXP 	window1: mouseVisible = True
24.0004 	EXP 	window1: mouseVisible = False
24.0005 	EXP 	window1: mouseVisible = True
24.0173 	EXP 	window1: mouseVisible = False
24.0174 	EXP 	window1: mouseVisible = True
24.0670 	EXP 	window1: mouseVisible = False
24.0674 	EXP 	window1: mouseVisible = True
24.0838 	EXP 	window1: mouseVisible = False
24.0839 	EXP 	window1: mouseVisible = True
24.1004 	EXP 	window1: mouseVisible = False
24.1005 	EXP 	window1: mouseVisible = True
24.1172 	EXP 	window1: mouseVisible = False
24.1173 	EXP 	window1: mouseVisible = True
24.1658 	EXP 	window1: mouseVisible = False
24.1663 	EXP 	window1: mouseVisible = True
24.1844 	EXP 	window1: mouseVisible = False
24.1845 	EXP 	window1: mouseVisible = True
24.2009 	EXP 	window1: mouseVisible = False
24.2010 	EXP 	window1: mouseVisible = True
24.2171 	EXP 	window1: mouseVisible = False
24.2172 	EXP 	window1: mouseVisible = True
24.2339 	EXP 	window1: mouseVisible = False
24.2340 	EXP 	window1: mouseVisible = True
24.2508 	EXP 	window1: mouseVisible = False
24.2509 	EXP 	window1: mouseVisible = True
24.2670 	EXP 	window1: mouseVisible = False
24.2671 	EXP 	window1: mouseVisible = True
24.2837 	EXP 	window1: mouseVisible = False
24.2838 	EXP 	window1: mouseVisible = True
24.3005 	EXP 	window1: mouseVisible = False
24.3012 	EXP 	window1: mouseVisible = True
24.3170 	EXP 	window1: mouseVisible = False
24.3171 	EXP 	window1: mouseVisible = True
24.3663 	EXP 	window1: mouseVisible = False
24.3667 	EXP 	window1: mouseVisible = True
24.3836 	EXP 	window1: mouseVisible = False
24.3838 	EXP 	window1: mouseVisible = True
24.4003 	EXP 	window1: mouseVisible = False
24.4005 	EXP 	window1: mouseVisible = True
24.4171 	EXP 	window1: mouseVisible = False
24.4172 	EXP 	window1: mouseVisible = True
24.4660 	EXP 	window1: mouseVisible = False
24.4664 	EXP 	window1: mouseVisible = True
24.4842 	EXP 	window1: mouseVisible = False
24.4843 	EXP 	window1: mouseVisible = True
24.5005 	EXP 	window1: mouseVisible = False
24.5006 	EXP 	window1: mouseVisible = True
24.5172 	EXP 	window1: mouseVisible = False
24.5173 	EXP 	window1: mouseVisible = True
24.5341 	EXP 	window1: mouseVisible = False
24.5342 	EXP 	window1: mouseVisible = True
24.5506 	EXP 	window1: mouseVisible = False
24.5507 	EXP 	window1: mouseVisible = True
24.5668 	EXP 	window1: mouseVisible = False
24.5669 	EXP 	window1: mouseVisible = True
24.5836 	EXP 	window1: mouseVisible = False
24.5838 	EXP 	window1: mouseVisible = True
24.6003 	EXP 	window1: mouseVisible = False
24.6004 	EXP 	window1: mouseVisible = True
24.6170 	EXP 	window1: mouseVisible = False
24.6171 	EXP 	window1: mouseVisible = True
24.6665 	EXP 	window1: mouseVisible = False
24.6671 	EXP 	window1: mouseVisible = True
24.6835 	EXP 	window1: mouseVisible = False
24.6836 	EXP 	window1: mouseVisible = True
24.7004 	EXP 	window1: mouseVisible = False
24.7005 	EXP 	window1: mouseVisible = True
24.7169 	EXP 	window1: mouseVisible = False
24.7170 	EXP 	window1: mouseVisible = True
24.7663 	EXP 	window1: mouseVisible = False
24.7669 	EXP 	window1: mouseVisible = True
24.7840 	EXP 	window1: mouseVisible = False
24.7841 	EXP 	window1: mouseVisible = True
24.8005 	EXP 	window1: mouseVisible = False
24.8007 	EXP 	window1: mouseVisible = True
24.8173 	EXP 	window1: mouseVisible = False
24.8178 	EXP 	window1: mouseVisible = True
24.8337 	EXP 	window1: mouseVisible = False
24.8339 	EXP 	window1: mouseVisible = True
24.8505 	EXP 	window1: mouseVisible = False
24.8506 	EXP 	window1: mouseVisible = True
24.8670 	EXP 	window1: mouseVisible = False
24.8671 	EXP 	window1: mouseVisible = True
24.8839 	EXP 	window1: mouseVisible = False
24.8841 	EXP 	window1: mouseVisible = True
24.9004 	EXP 	window1: mouseVisible = False
24.9005 	EXP 	window1: mouseVisible = True
24.9169 	EXP 	window1: mouseVisible = False
24.9170 	EXP 	window1: mouseVisible = True
24.9666 	EXP 	window1: mouseVisible = False
24.9671 	EXP 	window1: mouseVisible = True
24.9835 	EXP 	window1: mouseVisible = False
24.9837 	EXP 	window1: mouseVisible = True
25.0001 	EXP 	window1: mouseVisible = False
25.0002 	EXP 	window1: mouseVisible = True
25.0167 	EXP 	window1: mouseVisible = False
25.0168 	EXP 	window1: mouseVisible = True
25.0670 	EXP 	window1: mouseVisible = False
25.0675 	EXP 	window1: mouseVisible = True
25.0836 	EXP 	window1: mouseVisible = False
25.0838 	EXP 	window1: mouseVisible = True
25.1002 	EXP 	window1: mouseVisible = False
25.1004 	EXP 	window1: mouseVisible = True
25.1170 	EXP 	window1: mouseVisible = False
25.1171 	EXP 	window1: mouseVisible = True
25.1337 	EXP 	window1: mouseVisible = False
25.1341 	EXP 	window1: mouseVisible = True
25.1504 	EXP 	window1: mouseVisible = False
25.1506 	EXP 	window1: mouseVisible = True
25.1671 	EXP 	window1: mouseVisible = False
25.1672 	EXP 	window1: mouseVisible = True
25.1837 	EXP 	window1: mouseVisible = False
25.1838 	EXP 	window1: mouseVisible = True
25.2000 	EXP 	window1: mouseVisible = False
25.2001 	EXP 	window1: mouseVisible = True
25.2166 	EXP 	window1: mouseVisible = False
25.2168 	EXP 	window1: mouseVisible = True
25.2673 	EXP 	window1: mouseVisible = False
25.2678 	EXP 	window1: mouseVisible = True
25.2834 	EXP 	window1: mouseVisible = False
25.2835 	EXP 	window1: mouseVisible = True
25.3003 	EXP 	window1: mouseVisible = False
25.3010 	EXP 	window1: mouseVisible = True
25.3166 	EXP 	window1: mouseVisible = False
25.3167 	EXP 	window1: mouseVisible = True
25.3658 	EXP 	window1: mouseVisible = False
25.3665 	EXP 	window1: mouseVisible = True
25.3836 	EXP 	window1: mouseVisible = False
25.3838 	EXP 	window1: mouseVisible = True
25.4005 	EXP 	window1: mouseVisible = False
25.4006 	EXP 	window1: mouseVisible = True
25.4168 	EXP 	window1: mouseVisible = False
25.4169 	EXP 	window1: mouseVisible = True
25.4336 	EXP 	window1: mouseVisible = False
25.4337 	EXP 	window1: mouseVisible = True
25.4501 	EXP 	window1: mouseVisible = False
25.4502 	EXP 	window1: mouseVisible = True
25.4667 	EXP 	window1: mouseVisible = False
25.4669 	EXP 	window1: mouseVisible = True
25.4833 	EXP 	window1: mouseVisible = False
25.4834 	EXP 	window1: mouseVisible = True
25.4998 	EXP 	window1: mouseVisible = False
25.4999 	EXP 	window1: mouseVisible = True
25.5166 	EXP 	window1: mouseVisible = False
25.5167 	EXP 	window1: mouseVisible = True
25.5672 	EXP 	window1: mouseVisible = False
25.5675 	EXP 	window1: mouseVisible = True
25.5833 	EXP 	window1: mouseVisible = False
25.5834 	EXP 	window1: mouseVisible = True
25.6001 	EXP 	window1: mouseVisible = False
25.6007 	EXP 	window1: mouseVisible = True
25.6165 	EXP 	window1: mouseVisible = False
25.6166 	EXP 	window1: mouseVisible = True
25.6668 	EXP 	window1: mouseVisible = False
25.6673 	EXP 	window1: mouseVisible = True
25.6834 	EXP 	window1: mouseVisible = False
25.6835 	EXP 	window1: mouseVisible = True
25.7000 	EXP 	window1: mouseVisible = False
25.7001 	EXP 	window1: mouseVisible = True
25.7170 	EXP 	window1: mouseVisible = False
25.7171 	EXP 	window1: mouseVisible = True
25.7335 	EXP 	window1: mouseVisible = False
25.7336 	EXP 	window1: mouseVisible = True
25.7500 	EXP 	window1: mouseVisible = False
25.7501 	EXP 	window1: mouseVisible = True
25.7666 	EXP 	window1: mouseVisible = False
25.7667 	EXP 	window1: mouseVisible = True
25.7832 	EXP 	window1: mouseVisible = False
25.7833 	EXP 	window1: mouseVisible = True
25.8000 	EXP 	window1: mouseVisible = False
25.8002 	EXP 	window1: mouseVisible = True
25.8164 	EXP 	window1: mouseVisible = False
25.8166 	EXP 	window1: mouseVisible = True
25.8651 	EXP 	window1: mouseVisible = False
25.8658 	EXP 	window1: mouseVisible = True
25.8831 	EXP 	window1: mouseVisible = False
25.8832 	EXP 	window1: mouseVisible = True
25.9000 	EXP 	window1: mouseVisible = False
25.9001 	EXP 	window1: mouseVisible = True
25.9165 	EXP 	window1: mouseVisible = False
25.9166 	EXP 	window1: mouseVisible = True
25.9667 	EXP 	window1: mouseVisible = False
25.9669 	EXP 	window1: mouseVisible = True
25.9834 	EXP 	window1: mouseVisible = False
25.9835 	EXP 	window1: mouseVisible = True
26.0000 	EXP 	window1: mouseVisible = False
26.0001 	EXP 	window1: mouseVisible = True
26.0167 	EXP 	window1: mouseVisible = False
26.0168 	EXP 	window1: mouseVisible = True
26.0333 	EXP 	window1: mouseVisible = False
26.0335 	EXP 	window1: mouseVisible = True
26.0499 	EXP 	window1: mouseVisible = False
26.0500 	EXP 	window1: mouseVisible = True
26.0668 	EXP 	window1: mouseVisible = False
26.0670 	EXP 	window1: mouseVisible = True
26.0835 	EXP 	window1: mouseVisible = False
26.0837 	EXP 	window1: mouseVisible = True
26.0997 	EXP 	window1: mouseVisible = False
26.0998 	EXP 	window1: mouseVisible = True
26.1164 	EXP 	window1: mouseVisible = False
26.1166 	EXP 	window1: mouseVisible = True
26.1663 	EXP 	window1: mouseVisible = False
26.1668 	EXP 	window1: mouseVisible = True
26.1831 	EXP 	window1: mouseVisible = False
26.1832 	EXP 	window1: mouseVisible = True
26.1998 	EXP 	window1: mouseVisible = False
26.2000 	EXP 	window1: mouseVisible = True
26.2164 	EXP 	window1: mouseVisible = False
26.2165 	EXP 	window1: mouseVisible = True
26.2661 	EXP 	window1: mouseVisible = False
26.2666 	EXP 	window1: mouseVisible = True
26.2835 	EXP 	window1: mouseVisible = False
26.2836 	EXP 	window1: mouseVisible = True
26.3006 	EXP 	window1: mouseVisible = False
26.3007 	EXP 	window1: mouseVisible = True
26.3166 	EXP 	window1: mouseVisible = False
26.3172 	EXP 	window1: mouseVisible = True
26.3333 	EXP 	window1: mouseVisible = False
26.3334 	EXP 	window1: mouseVisible = True
26.3501 	EXP 	window1: mouseVisible = False
26.3503 	EXP 	window1: mouseVisible = True
26.3666 	EXP 	window1: mouseVisible = False
26.3668 	EXP 	window1: mouseVisible = True
26.3831 	EXP 	window1: mouseVisible = False
26.3832 	EXP 	window1: mouseVisible = True
26.4000 	EXP 	window1: mouseVisible = False
26.4001 	EXP 	window1: mouseVisible = True
26.4167 	EXP 	window1: mouseVisible = False
26.4168 	EXP 	window1: mouseVisible = True
26.4332 	EXP 	window1: mouseVisible = False
26.4333 	EXP 	window1: mouseVisible = True
26.4497 	EXP 	window1: mouseVisible = False
26.4498 	EXP 	window1: mouseVisible = True
26.4662 	EXP 	window1: mouseVisible = False
26.4664 	EXP 	window1: mouseVisible = True
26.4830 	EXP 	window1: mouseVisible = False
26.4831 	EXP 	window1: mouseVisible = True
26.4996 	EXP 	window1: mouseVisible = False
26.4997 	EXP 	window1: mouseVisible = True
26.5163 	EXP 	window1: mouseVisible = False
26.5164 	EXP 	window1: mouseVisible = True
26.5330 	EXP 	window1: mouseVisible = False
26.5332 	EXP 	window1: mouseVisible = True
26.5495 	EXP 	window1: mouseVisible = False
26.5496 	EXP 	window1: mouseVisible = True
26.5663 	EXP 	window1: mouseVisible = False
26.5669 	EXP 	window1: mouseVisible = True
26.5829 	EXP 	window1: mouseVisible = False
26.5831 	EXP 	window1: mouseVisible = True
26.5996 	EXP 	window1: mouseVisible = False
26.5997 	EXP 	window1: mouseVisible = True
26.6162 	EXP 	window1: mouseVisible = False
26.6163 	EXP 	window1: mouseVisible = True
26.6657 	EXP 	window1: mouseVisible = False
26.6659 	EXP 	window1: mouseVisible = True
26.6832 	EXP 	window1: mouseVisible = False
26.6834 	EXP 	window1: mouseVisible = True
26.6998 	EXP 	window1: mouseVisible = False
26.7000 	EXP 	window1: mouseVisible = True
26.7163 	EXP 	window1: mouseVisible = False
26.7164 	EXP 	window1: mouseVisible = True
26.7331 	EXP 	window1: mouseVisible = False
26.7332 	EXP 	window1: mouseVisible = True
26.7499 	EXP 	window1: mouseVisible = False
26.7500 	EXP 	window1: mouseVisible = True
26.7664 	EXP 	window1: mouseVisible = False
26.7665 	EXP 	window1: mouseVisible = True
26.7830 	EXP 	window1: mouseVisible = False
26.7831 	EXP 	window1: mouseVisible = True
26.7994 	EXP 	window1: mouseVisible = False
26.7996 	EXP 	window1: mouseVisible = True
26.8163 	EXP 	window1: mouseVisible = False
26.8169 	EXP 	window1: mouseVisible = True
26.8664 	EXP 	window1: mouseVisible = False
26.8670 	EXP 	window1: mouseVisible = True
26.8828 	EXP 	window1: mouseVisible = False
26.8829 	EXP 	window1: mouseVisible = True
26.8995 	EXP 	window1: mouseVisible = False
26.8997 	EXP 	window1: mouseVisible = True
26.9162 	EXP 	window1: mouseVisible = False
26.9163 	EXP 	window1: mouseVisible = True
26.9659 	EXP 	window1: mouseVisible = False
26.9666 	EXP 	window1: mouseVisible = True
26.9830 	EXP 	window1: mouseVisible = False
26.9832 	EXP 	window1: mouseVisible = True
26.9997 	EXP 	window1: mouseVisible = False
26.9999 	EXP 	window1: mouseVisible = True
27.0163 	EXP 	window1: mouseVisible = False
27.0164 	EXP 	window1: mouseVisible = True
27.0330 	EXP 	window1: mouseVisible = False
27.0331 	EXP 	window1: mouseVisible = True
27.0496 	EXP 	window1: mouseVisible = False
27.0497 	EXP 	window1: mouseVisible = True
27.0663 	EXP 	window1: mouseVisible = False
27.0665 	EXP 	window1: mouseVisible = True
27.0828 	EXP 	window1: mouseVisible = False
27.0830 	EXP 	window1: mouseVisible = True
27.0997 	EXP 	window1: mouseVisible = False
27.0998 	EXP 	window1: mouseVisible = True
27.1164 	EXP 	window1: mouseVisible = False
27.1166 	EXP 	window1: mouseVisible = True
27.1329 	EXP 	window1: mouseVisible = False
27.1330 	EXP 	window1: mouseVisible = True
27.1495 	EXP 	window1: mouseVisible = False
27.1496 	EXP 	window1: mouseVisible = True
27.1660 	EXP 	window1: mouseVisible = False
27.1661 	EXP 	window1: mouseVisible = True
27.1827 	EXP 	window1: mouseVisible = False
27.1829 	EXP 	window1: mouseVisible = True
27.1995 	EXP 	window1: mouseVisible = False
27.1996 	EXP 	window1: mouseVisible = True
27.2162 	EXP 	window1: mouseVisible = False
27.2164 	EXP 	window1: mouseVisible = True
27.2651 	EXP 	window1: mouseVisible = False
27.2657 	EXP 	window1: mouseVisible = True
27.2830 	EXP 	window1: mouseVisible = False
27.2831 	EXP 	window1: mouseVisible = True
27.2993 	EXP 	window1: mouseVisible = False
27.2994 	EXP 	window1: mouseVisible = True
27.3160 	EXP 	window1: mouseVisible = False
27.3162 	EXP 	window1: mouseVisible = True
27.3660 	EXP 	window1: mouseVisible = False
27.3665 	EXP 	window1: mouseVisible = True
27.3831 	EXP 	window1: mouseVisible = False
27.3832 	EXP 	window1: mouseVisible = True
27.3996 	EXP 	window1: mouseVisible = False
27.3997 	EXP 	window1: mouseVisible = True
27.4162 	EXP 	window1: mouseVisible = False
27.4163 	EXP 	window1: mouseVisible = True
27.4328 	EXP 	window1: mouseVisible = False
27.4329 	EXP 	window1: mouseVisible = True
27.4496 	EXP 	window1: mouseVisible = False
27.4497 	EXP 	window1: mouseVisible = True
27.4658 	EXP 	window1: mouseVisible = False
27.4659 	EXP 	window1: mouseVisible = True
27.4827 	EXP 	window1: mouseVisible = False
27.4828 	EXP 	window1: mouseVisible = True
27.4995 	EXP 	window1: mouseVisible = False
27.4996 	EXP 	window1: mouseVisible = True
27.5159 	EXP 	window1: mouseVisible = False
27.5160 	EXP 	window1: mouseVisible = True
27.5665 	EXP 	window1: mouseVisible = False
27.5670 	EXP 	window1: mouseVisible = True
27.5827 	EXP 	window1: mouseVisible = False
27.5828 	EXP 	window1: mouseVisible = True
27.5993 	EXP 	window1: mouseVisible = False
27.5995 	EXP 	window1: mouseVisible = True
27.6160 	EXP 	window1: mouseVisible = False
27.6161 	EXP 	window1: mouseVisible = True
27.6662 	EXP 	window1: mouseVisible = False
27.6664 	EXP 	window1: mouseVisible = True
27.6828 	EXP 	window1: mouseVisible = False
27.6830 	EXP 	window1: mouseVisible = True
27.6993 	EXP 	window1: mouseVisible = False
27.6994 	EXP 	window1: mouseVisible = True
27.7162 	EXP 	window1: mouseVisible = False
27.7163 	EXP 	window1: mouseVisible = True
27.7328 	EXP 	window1: mouseVisible = False
27.7330 	EXP 	window1: mouseVisible = True
27.7494 	EXP 	window1: mouseVisible = False
27.7496 	EXP 	window1: mouseVisible = True
27.7659 	EXP 	window1: mouseVisible = False
27.7661 	EXP 	window1: mouseVisible = True
27.7824 	EXP 	window1: mouseVisible = False
27.7825 	EXP 	window1: mouseVisible = True
27.7991 	EXP 	window1: mouseVisible = False
27.7993 	EXP 	window1: mouseVisible = True
27.8161 	EXP 	window1: mouseVisible = False
27.8165 	EXP 	window1: mouseVisible = True
27.8657 	EXP 	window1: mouseVisible = False
27.8662 	EXP 	window1: mouseVisible = True
27.8827 	EXP 	window1: mouseVisible = False
27.8829 	EXP 	window1: mouseVisible = True
27.8993 	EXP 	window1: mouseVisible = False
27.8995 	EXP 	window1: mouseVisible = True
27.9158 	EXP 	window1: mouseVisible = False
27.9159 	EXP 	window1: mouseVisible = True
27.9654 	EXP 	window1: mouseVisible = False
27.9656 	EXP 	window1: mouseVisible = True
27.9828 	EXP 	window1: mouseVisible = False
27.9829 	EXP 	window1: mouseVisible = True
27.9993 	EXP 	window1: mouseVisible = False
27.9994 	EXP 	window1: mouseVisible = True
28.0161 	EXP 	window1: mouseVisible = False
28.0162 	EXP 	window1: mouseVisible = True
28.0327 	EXP 	window1: mouseVisible = False
28.0328 	EXP 	window1: mouseVisible = True
28.0493 	EXP 	window1: mouseVisible = False
28.0494 	EXP 	window1: mouseVisible = True
28.0659 	EXP 	window1: mouseVisible = False
28.0666 	EXP 	window1: mouseVisible = True
28.0825 	EXP 	window1: mouseVisible = False
28.0827 	EXP 	window1: mouseVisible = True
28.0990 	EXP 	window1: mouseVisible = False
28.0991 	EXP 	window1: mouseVisible = True
28.1164 	EXP 	window1: mouseVisible = False
28.1165 	EXP 	window1: mouseVisible = True
28.1656 	EXP 	window1: mouseVisible = False
28.1662 	EXP 	window1: mouseVisible = True
28.1826 	EXP 	window1: mouseVisible = False
28.1827 	EXP 	window1: mouseVisible = True
28.1991 	EXP 	window1: mouseVisible = False
28.1992 	EXP 	window1: mouseVisible = True
28.2158 	EXP 	window1: mouseVisible = False
28.2160 	EXP 	window1: mouseVisible = True
28.2653 	EXP 	window1: mouseVisible = False
28.2655 	EXP 	window1: mouseVisible = True
28.2828 	EXP 	window1: mouseVisible = False
28.2829 	EXP 	window1: mouseVisible = True
28.2993 	EXP 	window1: mouseVisible = False
28.2994 	EXP 	window1: mouseVisible = True
28.3160 	EXP 	window1: mouseVisible = False
28.3166 	EXP 	window1: mouseVisible = True
28.3327 	EXP 	window1: mouseVisible = False
28.3328 	EXP 	window1: mouseVisible = True
28.3495 	EXP 	window1: mouseVisible = False
28.3497 	EXP 	window1: mouseVisible = True
28.3660 	EXP 	window1: mouseVisible = False
28.3661 	EXP 	window1: mouseVisible = True
28.3828 	EXP 	window1: mouseVisible = False
28.3829 	EXP 	window1: mouseVisible = True
28.3993 	EXP 	window1: mouseVisible = False
28.3994 	EXP 	window1: mouseVisible = True
28.4159 	EXP 	window1: mouseVisible = False
28.4161 	EXP 	window1: mouseVisible = True
28.4828 	EXP 	window1: mouseVisible = False
28.4830 	EXP 	window1: mouseVisible = True
28.4990 	EXP 	window1: mouseVisible = False
28.4991 	EXP 	window1: mouseVisible = True
28.5157 	EXP 	window1: mouseVisible = False
28.5158 	EXP 	window1: mouseVisible = True
28.5655 	EXP 	window1: mouseVisible = False
28.5660 	EXP 	window1: mouseVisible = True
28.5826 	EXP 	window1: mouseVisible = False
28.5828 	EXP 	window1: mouseVisible = True
28.5994 	EXP 	window1: mouseVisible = False
28.5995 	EXP 	window1: mouseVisible = True
28.6158 	EXP 	window1: mouseVisible = False
28.6159 	EXP 	window1: mouseVisible = True
28.6325 	EXP 	window1: mouseVisible = False
28.6326 	EXP 	window1: mouseVisible = True
28.6492 	EXP 	window1: mouseVisible = False
28.6494 	EXP 	window1: mouseVisible = True
28.6658 	EXP 	window1: mouseVisible = False
28.6660 	EXP 	window1: mouseVisible = True
28.6826 	EXP 	window1: mouseVisible = False
28.6827 	EXP 	window1: mouseVisible = True
28.6992 	EXP 	window1: mouseVisible = False
28.6993 	EXP 	window1: mouseVisible = True
28.7158 	EXP 	window1: mouseVisible = False
28.7159 	EXP 	window1: mouseVisible = True
28.7324 	EXP 	window1: mouseVisible = False
28.7325 	EXP 	window1: mouseVisible = True
28.7490 	EXP 	window1: mouseVisible = False
28.7492 	EXP 	window1: mouseVisible = True
28.7655 	EXP 	window1: mouseVisible = False
28.7657 	EXP 	window1: mouseVisible = True
28.7822 	EXP 	window1: mouseVisible = False
28.7823 	EXP 	window1: mouseVisible = True
28.7989 	EXP 	window1: mouseVisible = False
28.7990 	EXP 	window1: mouseVisible = True
28.8156 	EXP 	window1: mouseVisible = False
28.8157 	EXP 	window1: mouseVisible = True
28.8646 	EXP 	window1: mouseVisible = False
28.8655 	EXP 	window1: mouseVisible = True
28.8826 	EXP 	window1: mouseVisible = False
28.8829 	EXP 	window1: mouseVisible = True
28.8993 	EXP 	window1: mouseVisible = False
28.8995 	EXP 	window1: mouseVisible = True
28.9158 	EXP 	window1: mouseVisible = False
28.9160 	EXP 	window1: mouseVisible = True
28.9325 	EXP 	window1: mouseVisible = False
28.9326 	EXP 	window1: mouseVisible = True
28.9490 	EXP 	window1: mouseVisible = False
28.9491 	EXP 	window1: mouseVisible = True
28.9657 	EXP 	window1: mouseVisible = False
28.9658 	EXP 	window1: mouseVisible = True
28.9823 	EXP 	window1: mouseVisible = False
28.9824 	EXP 	window1: mouseVisible = True
28.9989 	EXP 	window1: mouseVisible = False
28.9990 	EXP 	window1: mouseVisible = True
29.0155 	EXP 	window1: mouseVisible = False
29.0156 	EXP 	window1: mouseVisible = True
29.0652 	EXP 	window1: mouseVisible = False
29.0654 	EXP 	window1: mouseVisible = True
29.0825 	EXP 	window1: mouseVisible = False
29.0826 	EXP 	window1: mouseVisible = True
29.0988 	EXP 	window1: mouseVisible = False
29.0990 	EXP 	window1: mouseVisible = True
29.1155 	EXP 	window1: mouseVisible = False
29.1156 	EXP 	window1: mouseVisible = True
29.1649 	EXP 	window1: mouseVisible = False
29.1655 	EXP 	window1: mouseVisible = True
29.1825 	EXP 	window1: mouseVisible = False
29.1826 	EXP 	window1: mouseVisible = True
29.1991 	EXP 	window1: mouseVisible = False
29.1992 	EXP 	window1: mouseVisible = True
29.2157 	EXP 	window1: mouseVisible = False
29.2159 	EXP 	window1: mouseVisible = True
29.2322 	EXP 	window1: mouseVisible = False
29.2323 	EXP 	window1: mouseVisible = True
29.2489 	EXP 	window1: mouseVisible = False
29.2490 	EXP 	window1: mouseVisible = True
29.2655 	EXP 	window1: mouseVisible = False
29.2656 	EXP 	window1: mouseVisible = True
29.2819 	EXP 	window1: mouseVisible = False
29.2820 	EXP 	window1: mouseVisible = True
29.2986 	EXP 	window1: mouseVisible = False
29.2987 	EXP 	window1: mouseVisible = True
29.3154 	EXP 	window1: mouseVisible = False
29.3155 	EXP 	window1: mouseVisible = True
29.3643 	EXP 	window1: mouseVisible = False
29.3649 	EXP 	window1: mouseVisible = True
29.3822 	EXP 	window1: mouseVisible = False
29.3823 	EXP 	window1: mouseVisible = True
29.3987 	EXP 	window1: mouseVisible = False
29.3988 	EXP 	window1: mouseVisible = True
29.4153 	EXP 	window1: mouseVisible = False
29.4154 	EXP 	window1: mouseVisible = True
29.4651 	EXP 	window1: mouseVisible = False
29.4654 	EXP 	window1: mouseVisible = True
29.4824 	EXP 	window1: mouseVisible = False
29.4825 	EXP 	window1: mouseVisible = True
29.4990 	EXP 	window1: mouseVisible = False
29.4992 	EXP 	window1: mouseVisible = True
29.5153 	EXP 	window1: mouseVisible = False
29.5155 	EXP 	window1: mouseVisible = True
29.5322 	EXP 	window1: mouseVisible = False
29.5323 	EXP 	window1: mouseVisible = True
29.5488 	EXP 	window1: mouseVisible = False
29.5489 	EXP 	window1: mouseVisible = True
29.5654 	EXP 	window1: mouseVisible = False
29.5655 	EXP 	window1: mouseVisible = True
29.5819 	EXP 	window1: mouseVisible = False
29.5825 	EXP 	window1: mouseVisible = True
29.5987 	EXP 	window1: mouseVisible = False
29.5988 	EXP 	window1: mouseVisible = True
29.6152 	EXP 	window1: mouseVisible = False
29.6153 	EXP 	window1: mouseVisible = True
29.6320 	EXP 	window1: mouseVisible = False
29.6642 	EXP 	window1: mouseVisible = True
29.6820 	EXP 	window1: mouseVisible = False
29.6821 	EXP 	window1: mouseVisible = True
29.6985 	EXP 	window1: mouseVisible = False
29.6989 	EXP 	window1: mouseVisible = True
29.7153 	EXP 	window1: mouseVisible = False
29.7154 	EXP 	window1: mouseVisible = True
29.7320 	EXP 	window1: mouseVisible = False
29.7640 	EXP 	window1: mouseVisible = True
29.7822 	EXP 	window1: mouseVisible = False
29.7824 	EXP 	window1: mouseVisible = True
29.7989 	EXP 	window1: mouseVisible = False
29.7990 	EXP 	window1: mouseVisible = True
29.8154 	EXP 	window1: mouseVisible = False
29.8156 	EXP 	window1: mouseVisible = True
29.8321 	EXP 	window1: mouseVisible = False
29.8329 	EXP 	window1: mouseVisible = True
29.8490 	EXP 	window1: mouseVisible = False
29.8497 	EXP 	window1: mouseVisible = True
29.8656 	EXP 	window1: mouseVisible = False
29.8657 	EXP 	window1: mouseVisible = True
29.8821 	EXP 	window1: mouseVisible = False
29.8822 	EXP 	window1: mouseVisible = True
29.8989 	EXP 	window1: mouseVisible = False
29.8990 	EXP 	window1: mouseVisible = True
29.9156 	EXP 	window1: mouseVisible = False
29.9157 	EXP 	window1: mouseVisible = True
29.9321 	EXP 	window1: mouseVisible = False
29.9323 	EXP 	window1: mouseVisible = True
29.9487 	EXP 	window1: mouseVisible = False
29.9488 	EXP 	window1: mouseVisible = True
29.9653 	EXP 	window1: mouseVisible = False
29.9654 	EXP 	window1: mouseVisible = True
29.9817 	EXP 	window1: mouseVisible = False
29.9818 	EXP 	window1: mouseVisible = True
29.9985 	EXP 	window1: mouseVisible = False
29.9986 	EXP 	window1: mouseVisible = True
30.0151 	EXP 	window1: mouseVisible = False
30.0152 	EXP 	window1: mouseVisible = True
30.0317 	EXP 	window1: mouseVisible = False
30.0318 	EXP 	window1: mouseVisible = True
30.0484 	EXP 	window1: mouseVisible = False
30.0485 	EXP 	window1: mouseVisible = True
30.0653 	EXP 	window1: mouseVisible = False
30.0654 	EXP 	window1: mouseVisible = True
30.0819 	EXP 	window1: mouseVisible = False
30.0824 	EXP 	window1: mouseVisible = True
30.0983 	EXP 	window1: mouseVisible = False
30.0989 	EXP 	window1: mouseVisible = True
30.1152 	EXP 	window1: mouseVisible = False
30.1153 	EXP 	window1: mouseVisible = True
30.1318 	EXP 	window1: mouseVisible = False
30.1320 	EXP 	window1: mouseVisible = True
30.1483 	EXP 	window1: mouseVisible = False
30.1484 	EXP 	window1: mouseVisible = True
30.1651 	EXP 	window1: mouseVisible = False
30.1652 	EXP 	window1: mouseVisible = True
30.1818 	EXP 	window1: mouseVisible = False
30.1819 	EXP 	window1: mouseVisible = True
30.1984 	EXP 	window1: mouseVisible = False
30.1985 	EXP 	window1: mouseVisible = True
30.2150 	EXP 	window1: mouseVisible = False
30.2152 	EXP 	window1: mouseVisible = True
30.2319 	EXP 	window1: mouseVisible = False
30.2321 	EXP 	window1: mouseVisible = True
30.2486 	EXP 	window1: mouseVisible = False
30.2487 	EXP 	window1: mouseVisible = True
30.2650 	EXP 	window1: mouseVisible = False
30.2651 	EXP 	window1: mouseVisible = True
30.2817 	EXP 	window1: mouseVisible = False
30.2818 	EXP 	window1: mouseVisible = True
30.2985 	EXP 	window1: mouseVisible = False
30.2986 	EXP 	window1: mouseVisible = True
30.3150 	EXP 	window1: mouseVisible = False
30.3152 	EXP 	window1: mouseVisible = True
30.3316 	EXP 	window1: mouseVisible = False
30.3317 	EXP 	window1: mouseVisible = True
30.3485 	EXP 	window1: mouseVisible = False
30.3486 	EXP 	window1: mouseVisible = True
30.3651 	EXP 	window1: mouseVisible = False
30.3653 	EXP 	window1: mouseVisible = True
30.3816 	EXP 	window1: mouseVisible = False
30.3817 	EXP 	window1: mouseVisible = True
30.3984 	EXP 	window1: mouseVisible = False
30.3985 	EXP 	window1: mouseVisible = True
30.4150 	EXP 	window1: mouseVisible = False
30.4152 	EXP 	window1: mouseVisible = True
30.4317 	EXP 	window1: mouseVisible = False
30.4318 	EXP 	window1: mouseVisible = True
30.4483 	EXP 	window1: mouseVisible = False
30.4485 	EXP 	window1: mouseVisible = True
30.4652 	EXP 	window1: mouseVisible = False
30.4653 	EXP 	window1: mouseVisible = True
30.4817 	EXP 	window1: mouseVisible = False
30.4818 	EXP 	window1: mouseVisible = True
30.4983 	EXP 	window1: mouseVisible = False
30.4985 	EXP 	window1: mouseVisible = True
30.5152 	EXP 	window1: mouseVisible = False
30.5153 	EXP 	window1: mouseVisible = True
30.5318 	EXP 	window1: mouseVisible = False
30.5319 	EXP 	window1: mouseVisible = True
30.5481 	EXP 	window1: mouseVisible = False
30.5482 	EXP 	window1: mouseVisible = True
30.5650 	EXP 	window1: mouseVisible = False
30.5651 	EXP 	window1: mouseVisible = True
30.5818 	EXP 	window1: mouseVisible = False
30.5819 	EXP 	window1: mouseVisible = True
30.5983 	EXP 	window1: mouseVisible = False
30.5988 	EXP 	window1: mouseVisible = True
30.6149 	EXP 	window1: mouseVisible = False
30.6150 	EXP 	window1: mouseVisible = True
30.6319 	EXP 	window1: mouseVisible = False
30.6320 	EXP 	window1: mouseVisible = True
30.6482 	EXP 	window1: mouseVisible = False
30.6484 	EXP 	window1: mouseVisible = True
30.6648 	EXP 	window1: mouseVisible = False
30.6649 	EXP 	window1: mouseVisible = True
30.6817 	EXP 	window1: mouseVisible = False
30.6819 	EXP 	window1: mouseVisible = True
30.6984 	EXP 	window1: mouseVisible = False
30.6985 	EXP 	window1: mouseVisible = True
30.7149 	EXP 	window1: mouseVisible = False
30.7151 	EXP 	window1: mouseVisible = True
30.7315 	EXP 	window1: mouseVisible = False
30.7316 	EXP 	window1: mouseVisible = True
30.7484 	EXP 	window1: mouseVisible = False
30.7485 	EXP 	window1: mouseVisible = True
30.7649 	EXP 	window1: mouseVisible = False
30.7650 	EXP 	window1: mouseVisible = True
30.7814 	EXP 	window1: mouseVisible = False
30.7816 	EXP 	window1: mouseVisible = True
30.7983 	EXP 	window1: mouseVisible = False
30.7985 	EXP 	window1: mouseVisible = True
30.8148 	EXP 	window1: mouseVisible = False
30.8149 	EXP 	window1: mouseVisible = True
30.8315 	EXP 	window1: mouseVisible = False
30.8316 	EXP 	window1: mouseVisible = True
30.8483 	EXP 	window1: mouseVisible = False
30.8486 	EXP 	window1: mouseVisible = True
30.8650 	EXP 	window1: mouseVisible = False
30.8651 	EXP 	window1: mouseVisible = True
30.8815 	EXP 	window1: mouseVisible = False
30.8816 	EXP 	window1: mouseVisible = True
30.8982 	EXP 	window1: mouseVisible = False
30.8983 	EXP 	window1: mouseVisible = True
30.9151 	EXP 	window1: mouseVisible = False
30.9157 	EXP 	window1: mouseVisible = True
30.9315 	EXP 	window1: mouseVisible = False
30.9316 	EXP 	window1: mouseVisible = True
30.9481 	EXP 	window1: mouseVisible = False
30.9482 	EXP 	window1: mouseVisible = True
30.9649 	EXP 	window1: mouseVisible = False
30.9651 	EXP 	window1: mouseVisible = True
30.9816 	EXP 	window1: mouseVisible = False
30.9817 	EXP 	window1: mouseVisible = True
30.9982 	EXP 	window1: mouseVisible = False
30.9983 	EXP 	window1: mouseVisible = True
31.0148 	EXP 	window1: mouseVisible = False
31.0150 	EXP 	window1: mouseVisible = True
31.0316 	EXP 	window1: mouseVisible = False
31.0317 	EXP 	window1: mouseVisible = True
31.0482 	EXP 	window1: mouseVisible = False
31.0484 	EXP 	window1: mouseVisible = True
31.0647 	EXP 	window1: mouseVisible = False
31.0648 	EXP 	window1: mouseVisible = True
31.0817 	EXP 	window1: mouseVisible = False
31.0818 	EXP 	window1: mouseVisible = True
31.0983 	EXP 	window1: mouseVisible = False
31.0985 	EXP 	window1: mouseVisible = True
31.1148 	EXP 	window1: mouseVisible = False
31.1150 	EXP 	window1: mouseVisible = True
31.1317 	EXP 	window1: mouseVisible = False
31.1319 	EXP 	window1: mouseVisible = True
31.1483 	EXP 	window1: mouseVisible = False
31.1484 	EXP 	window1: mouseVisible = True
31.1648 	EXP 	window1: mouseVisible = False
31.1649 	EXP 	window1: mouseVisible = True
31.1813 	EXP 	window1: mouseVisible = False
31.1815 	EXP 	window1: mouseVisible = True
31.1982 	EXP 	window1: mouseVisible = False
31.1984 	EXP 	window1: mouseVisible = True
31.2148 	EXP 	window1: mouseVisible = False
31.2150 	EXP 	window1: mouseVisible = True
31.2314 	EXP 	window1: mouseVisible = False
31.2315 	EXP 	window1: mouseVisible = True
31.2481 	EXP 	window1: mouseVisible = False
31.2482 	EXP 	window1: mouseVisible = True
31.2646 	EXP 	window1: mouseVisible = False
31.2647 	EXP 	window1: mouseVisible = True
31.2815 	EXP 	window1: mouseVisible = False
31.2816 	EXP 	window1: mouseVisible = True
31.2980 	EXP 	window1: mouseVisible = False
31.2982 	EXP 	window1: mouseVisible = True
31.3146 	EXP 	window1: mouseVisible = False
31.3148 	EXP 	window1: mouseVisible = True
31.3315 	EXP 	window1: mouseVisible = False
31.3316 	EXP 	window1: mouseVisible = True
31.3479 	EXP 	window1: mouseVisible = False
31.3482 	EXP 	window1: mouseVisible = True
31.3648 	EXP 	window1: mouseVisible = False
31.3649 	EXP 	window1: mouseVisible = True
31.3812 	EXP 	window1: mouseVisible = False
31.3815 	EXP 	window1: mouseVisible = True
31.3981 	EXP 	window1: mouseVisible = False
31.3983 	EXP 	window1: mouseVisible = True
31.4147 	EXP 	window1: mouseVisible = False
31.4149 	EXP 	window1: mouseVisible = True
31.4313 	EXP 	window1: mouseVisible = False
31.4314 	EXP 	window1: mouseVisible = True
31.4481 	EXP 	window1: mouseVisible = False
31.4483 	EXP 	window1: mouseVisible = True
31.4648 	EXP 	window1: mouseVisible = False
31.4649 	EXP 	window1: mouseVisible = True
31.4812 	EXP 	window1: mouseVisible = False
31.4814 	EXP 	window1: mouseVisible = True
31.4980 	EXP 	window1: mouseVisible = False
31.4982 	EXP 	window1: mouseVisible = True
31.5147 	EXP 	window1: mouseVisible = False
31.5149 	EXP 	window1: mouseVisible = True
31.5314 	EXP 	window1: mouseVisible = False
31.5316 	EXP 	window1: mouseVisible = True
31.5481 	EXP 	window1: mouseVisible = False
31.5482 	EXP 	window1: mouseVisible = True
31.5647 	EXP 	window1: mouseVisible = False
31.5650 	EXP 	window1: mouseVisible = True
31.5813 	EXP 	window1: mouseVisible = False
31.5814 	EXP 	window1: mouseVisible = True
31.5978 	EXP 	window1: mouseVisible = False
31.5981 	EXP 	window1: mouseVisible = True
31.6149 	EXP 	window1: mouseVisible = False
31.6150 	EXP 	window1: mouseVisible = True
31.6313 	EXP 	window1: mouseVisible = False
31.6315 	EXP 	window1: mouseVisible = True
31.6478 	EXP 	window1: mouseVisible = False
31.6481 	EXP 	window1: mouseVisible = True
31.6646 	EXP 	window1: mouseVisible = False
31.6648 	EXP 	window1: mouseVisible = True
31.6813 	EXP 	window1: mouseVisible = False
31.6815 	EXP 	window1: mouseVisible = True
31.6979 	EXP 	window1: mouseVisible = False
31.6980 	EXP 	window1: mouseVisible = True
31.7146 	EXP 	window1: mouseVisible = False
31.7147 	EXP 	window1: mouseVisible = True
31.7313 	EXP 	window1: mouseVisible = False
31.7314 	EXP 	window1: mouseVisible = True
31.7355 	EXP 	New trial (rep=0, index=1): OrderedDict([('audiofile', 'audio/NV_DE_Neural2-D_Ti-gr-Ei_0.8p.wav'), ('duration', 5.6496), ('noise', 'NV'), ('voice', 'Neural2-D'), ('words', 'Ti-gr-Ei'), ('callSign', 'Ti'), ('colour', 'gr'), ('number', 'Ei'), ('levels', '0.8p'), ('trigger_start', 100), ('trigger_end', 101), ('trigger_call', 114), ('trigger_col', 122), ('trigger_num', 131), ('file', 'DE_Neural2-D_Ti-gr-Ei.TextGrid'), ('firstSound_tmin', 0.16712), ('lastSound_tmax', 4.9095601926666665), ('token_1_tmin', 0.8837991143333334), ('token_1_tmax', 1.3398696543333333), ('token_2_tmin', 2.761324247333333), ('token_2_tmax', 3.16712), ('token_3_tmin', 4.436694727666667), ('token_3_tmax', 4.9095601926666665), ('rater', 'mean'), ('newidx', 6), ('block', 'NV1')])
31.7796 	EXP 	Set sound_1 sound=audio/NV_DE_Neural2-D_Ti-gr-Ei_0.8p.wav
31.7797 	EXP 	window1: mouseVisible = False
31.7804 	EXP 	Sound sound_1 started
31.7980 	EXP 	blankScreen: autoDraw = False
31.7980 	EXP 	call1: autoDraw = False
31.7980 	EXP 	call2: autoDraw = False
31.7980 	EXP 	call3: autoDraw = False
31.7980 	EXP 	call4: autoDraw = False
31.7980 	EXP 	colour1: autoDraw = False
31.7980 	EXP 	colour2: autoDraw = False
31.7980 	EXP 	colour3: autoDraw = False
31.7980 	EXP 	colour4: autoDraw = False
31.7980 	EXP 	number1: autoDraw = False
31.7980 	EXP 	number2: autoDraw = False
31.7980 	EXP 	number3: autoDraw = False
31.7980 	EXP 	number4: autoDraw = False
31.7980 	EXP 	blankScreenAfterResponse: autoDraw = False
31.7980 	EXP 	fixation: autoDraw = True
37.4468 	EXP 	Sound sound_1 stopped
37.5679 	EXP 	window1: mouseVisible = False
37.5796 	EXP 	fixation: autoDraw = False
37.5796 	EXP 	screenAfterAudio: autoDraw = True
37.5796 	EXP 	screenAfterAudio: autoDraw = False
37.5796 	EXP 	fixation: autoDraw = False
37.5796 	EXP 	screenAfterAudio: autoDraw = False
37.5796 	EXP 	call1: texRes = 128
37.5796 	EXP 	call2: texRes = 128
37.5796 	EXP 	call3: texRes = 128
37.5796 	EXP 	call4: texRes = 128
37.5796 	EXP 	colour1: texRes = 128
37.5796 	EXP 	colour2: texRes = 128
37.5796 	EXP 	colour3: texRes = 128
37.5796 	EXP 	colour4: texRes = 128
37.5796 	EXP 	number1: texRes = 128
37.5796 	EXP 	number2: texRes = 128
37.5796 	EXP 	number3: texRes = 128
37.5796 	EXP 	number4: texRes = 128
37.5796 	EXP 	blankScreen: autoDraw = True
37.5797 	EXP 	window1: mouseVisible = False
37.5958 	EXP 	window1: mouseVisible = False
37.6129 	EXP 	window1: mouseVisible = False
37.6294 	EXP 	window1: mouseVisible = False
37.6459 	EXP 	window1: mouseVisible = False
37.6625 	EXP 	window1: mouseVisible = False
37.6794 	EXP 	window1: mouseVisible = False
37.6957 	EXP 	window1: mouseVisible = False
37.7124 	EXP 	window1: mouseVisible = False
37.7293 	EXP 	window1: mouseVisible = False
37.7459 	EXP 	window1: mouseVisible = False
37.7624 	EXP 	window1: mouseVisible = False
37.7791 	EXP 	window1: mouseVisible = False
37.7960 	EXP 	window1: mouseVisible = False
37.8125 	EXP 	window1: mouseVisible = False
37.8291 	EXP 	window1: mouseVisible = False
37.8459 	EXP 	window1: mouseVisible = False
37.8625 	EXP 	window1: mouseVisible = False
37.8794 	EXP 	window1: mouseVisible = False
37.8957 	EXP 	window1: mouseVisible = False
37.9124 	EXP 	window1: mouseVisible = False
37.9293 	EXP 	window1: mouseVisible = False
37.9460 	EXP 	window1: mouseVisible = False
37.9624 	EXP 	window1: mouseVisible = False
37.9792 	EXP 	window1: mouseVisible = False
37.9957 	EXP 	window1: mouseVisible = False
38.0125 	EXP 	window1: mouseVisible = False
38.0290 	EXP 	window1: mouseVisible = False
38.0459 	EXP 	window1: mouseVisible = False
38.0625 	EXP 	window1: mouseVisible = False
38.0789 	EXP 	window1: mouseVisible = False
38.0957 	EXP 	window1: mouseVisible = False
38.1126 	EXP 	window1: mouseVisible = False
38.1289 	EXP 	window1: mouseVisible = False
38.1457 	EXP 	window1: mouseVisible = False
38.1627 	EXP 	window1: mouseVisible = False
38.1791 	EXP 	window1: mouseVisible = False
38.1956 	EXP 	window1: mouseVisible = False
38.2123 	EXP 	window1: mouseVisible = False
38.2292 	EXP 	window1: mouseVisible = False
38.2457 	EXP 	window1: mouseVisible = False
38.2623 	EXP 	window1: mouseVisible = False
38.2790 	EXP 	window1: mouseVisible = False
38.2955 	EXP 	window1: mouseVisible = False
38.3124 	EXP 	window1: mouseVisible = False
38.3290 	EXP 	window1: mouseVisible = False
38.3457 	EXP 	window1: mouseVisible = False
38.3625 	EXP 	window1: mouseVisible = False
38.3792 	EXP 	window1: mouseVisible = False
38.3955 	EXP 	window1: mouseVisible = False
38.4127 	EXP 	window1: mouseVisible = False
38.4291 	EXP 	window1: mouseVisible = False
38.4456 	EXP 	window1: mouseVisible = False
38.4624 	EXP 	window1: mouseVisible = False
38.4790 	EXP 	window1: mouseVisible = False
38.4955 	EXP 	window1: mouseVisible = False
38.5122 	EXP 	window1: mouseVisible = False
38.5291 	EXP 	window1: mouseVisible = False
38.5455 	EXP 	window1: mouseVisible = False
38.5623 	EXP 	window1: mouseVisible = False
38.5786 	EXP 	blankScreen: autoDraw = False
38.5786 	EXP 	call1: autoDraw = True
38.5786 	EXP 	call2: autoDraw = True
38.5786 	EXP 	call3: autoDraw = True
38.5786 	EXP 	call4: autoDraw = True
38.5786 	EXP 	colour1: autoDraw = True
38.5786 	EXP 	colour2: autoDraw = True
38.5786 	EXP 	colour3: autoDraw = True
38.5786 	EXP 	colour4: autoDraw = True
38.5786 	EXP 	number1: autoDraw = True
38.5786 	EXP 	number2: autoDraw = True
38.5786 	EXP 	number3: autoDraw = True
38.5786 	EXP 	number4: autoDraw = True
38.5788 	EXP 	window1: mouseVisible = False
38.5789 	EXP 	window1: mouseVisible = True
38.5959 	EXP 	window1: mouseVisible = False
38.5960 	EXP 	window1: mouseVisible = True
38.6123 	EXP 	window1: mouseVisible = False
38.6124 	EXP 	window1: mouseVisible = True
38.6290 	EXP 	window1: mouseVisible = False
38.6292 	EXP 	window1: mouseVisible = True
38.6458 	EXP 	window1: mouseVisible = False
38.6459 	EXP 	window1: mouseVisible = True
38.6623 	EXP 	window1: mouseVisible = False
38.6625 	EXP 	window1: mouseVisible = True
38.6789 	EXP 	window1: mouseVisible = False
38.6790 	EXP 	window1: mouseVisible = True
38.6957 	EXP 	window1: mouseVisible = False
38.6959 	EXP 	window1: mouseVisible = True
38.7124 	EXP 	window1: mouseVisible = False
38.7126 	EXP 	window1: mouseVisible = True
38.7293 	EXP 	window1: mouseVisible = False
38.7294 	EXP 	window1: mouseVisible = True
38.7945 	EXP 	window1: mouseVisible = False
38.7953 	EXP 	window1: mouseVisible = True
38.8124 	EXP 	window1: mouseVisible = False
38.8125 	EXP 	window1: mouseVisible = True
38.8290 	EXP 	window1: mouseVisible = False
38.8292 	EXP 	window1: mouseVisible = True
38.8783 	EXP 	window1: mouseVisible = False
38.8793 	EXP 	window1: mouseVisible = True
38.8958 	EXP 	window1: mouseVisible = False
38.8960 	EXP 	window1: mouseVisible = True
38.9125 	EXP 	window1: mouseVisible = False
38.9127 	EXP 	window1: mouseVisible = True
38.9292 	EXP 	window1: mouseVisible = False
38.9293 	EXP 	window1: mouseVisible = True
38.9461 	EXP 	window1: mouseVisible = False
38.9462 	EXP 	window1: mouseVisible = True
38.9626 	EXP 	window1: mouseVisible = False
38.9627 	EXP 	window1: mouseVisible = True
38.9792 	EXP 	window1: mouseVisible = False
38.9794 	EXP 	window1: mouseVisible = True
38.9958 	EXP 	window1: mouseVisible = False
38.9960 	EXP 	window1: mouseVisible = True
39.0125 	EXP 	window1: mouseVisible = False
39.0126 	EXP 	window1: mouseVisible = True
39.0292 	EXP 	window1: mouseVisible = False
39.0294 	EXP 	window1: mouseVisible = True
39.0457 	EXP 	window1: mouseVisible = False
39.0458 	EXP 	window1: mouseVisible = True
39.0626 	EXP 	window1: mouseVisible = False
39.0627 	EXP 	window1: mouseVisible = True
39.0791 	EXP 	window1: mouseVisible = False
39.0792 	EXP 	window1: mouseVisible = True
39.0954 	EXP 	window1: mouseVisible = False
39.0956 	EXP 	window1: mouseVisible = True
39.1122 	EXP 	window1: mouseVisible = False
39.1123 	EXP 	window1: mouseVisible = True
39.1290 	EXP 	window1: mouseVisible = False
39.1296 	EXP 	window1: mouseVisible = True
39.1777 	EXP 	window1: mouseVisible = False
39.1778 	EXP 	window1: mouseVisible = True
39.1956 	EXP 	window1: mouseVisible = False
39.1957 	EXP 	window1: mouseVisible = True
39.2121 	EXP 	window1: mouseVisible = False
39.2122 	EXP 	window1: mouseVisible = True
39.2287 	EXP 	window1: mouseVisible = False
39.2289 	EXP 	window1: mouseVisible = True
39.2787 	EXP 	window1: mouseVisible = False
39.2789 	EXP 	window1: mouseVisible = True
39.2960 	EXP 	window1: mouseVisible = False
39.2961 	EXP 	window1: mouseVisible = True
39.3124 	EXP 	window1: mouseVisible = False
39.3125 	EXP 	window1: mouseVisible = True
39.3290 	EXP 	window1: mouseVisible = False
39.3292 	EXP 	window1: mouseVisible = True
39.3458 	EXP 	window1: mouseVisible = False
39.3459 	EXP 	window1: mouseVisible = True
39.3622 	EXP 	window1: mouseVisible = False
39.3623 	EXP 	window1: mouseVisible = True
39.3787 	EXP 	window1: mouseVisible = False
39.3789 	EXP 	window1: mouseVisible = True
39.3954 	EXP 	window1: mouseVisible = False
39.3956 	EXP 	window1: mouseVisible = True
39.4120 	EXP 	window1: mouseVisible = False
39.4121 	EXP 	window1: mouseVisible = True
39.4287 	EXP 	window1: mouseVisible = False
39.4288 	EXP 	window1: mouseVisible = True
39.4783 	EXP 	window1: mouseVisible = False
39.4785 	EXP 	window1: mouseVisible = True
39.4955 	EXP 	window1: mouseVisible = False
39.4956 	EXP 	window1: mouseVisible = True
39.5120 	EXP 	window1: mouseVisible = False
39.5122 	EXP 	window1: mouseVisible = True
39.5287 	EXP 	window1: mouseVisible = False
39.5288 	EXP 	window1: mouseVisible = True
39.5780 	EXP 	window1: mouseVisible = False
39.5782 	EXP 	window1: mouseVisible = True
39.5955 	EXP 	window1: mouseVisible = False
39.5957 	EXP 	window1: mouseVisible = True
39.6123 	EXP 	window1: mouseVisible = False
39.6124 	EXP 	window1: mouseVisible = True
39.6290 	EXP 	window1: mouseVisible = False
39.6293 	EXP 	window1: mouseVisible = True
39.6456 	EXP 	window1: mouseVisible = False
39.6457 	EXP 	window1: mouseVisible = True
39.6624 	EXP 	window1: mouseVisible = False
39.6626 	EXP 	window1: mouseVisible = True
39.6787 	EXP 	window1: mouseVisible = False
39.6793 	EXP 	window1: mouseVisible = True
39.6953 	EXP 	window1: mouseVisible = False
39.6955 	EXP 	window1: mouseVisible = True
39.7119 	EXP 	window1: mouseVisible = False
39.7121 	EXP 	window1: mouseVisible = True
39.7287 	EXP 	window1: mouseVisible = False
39.7288 	EXP 	window1: mouseVisible = True
39.7775 	EXP 	window1: mouseVisible = False
39.7780 	EXP 	window1: mouseVisible = True
39.7954 	EXP 	window1: mouseVisible = False
39.7955 	EXP 	window1: mouseVisible = True
39.8120 	EXP 	window1: mouseVisible = False
39.8121 	EXP 	window1: mouseVisible = True
39.8284 	EXP 	window1: mouseVisible = False
39.8285 	EXP 	window1: mouseVisible = True
39.8788 	EXP 	window1: mouseVisible = False
39.8794 	EXP 	window1: mouseVisible = True
39.8956 	EXP 	window1: mouseVisible = False
39.8957 	EXP 	window1: mouseVisible = True
39.9122 	EXP 	window1: mouseVisible = False
39.9123 	EXP 	window1: mouseVisible = True
39.9288 	EXP 	window1: mouseVisible = False
39.9289 	EXP 	window1: mouseVisible = True
39.9455 	EXP 	window1: mouseVisible = False
39.9456 	EXP 	window1: mouseVisible = True
39.9620 	EXP 	window1: mouseVisible = False
39.9621 	EXP 	window1: mouseVisible = True
39.9788 	EXP 	window1: mouseVisible = False
39.9790 	EXP 	window1: mouseVisible = True
39.9955 	EXP 	window1: mouseVisible = False
39.9956 	EXP 	window1: mouseVisible = True
40.0122 	EXP 	window1: mouseVisible = False
40.0123 	EXP 	window1: mouseVisible = True
40.0289 	EXP 	window1: mouseVisible = False
40.0290 	EXP 	window1: mouseVisible = True
40.0453 	EXP 	window1: mouseVisible = False
40.0454 	EXP 	window1: mouseVisible = True
40.0617 	EXP 	window1: mouseVisible = False
40.0618 	EXP 	window1: mouseVisible = True
40.0785 	EXP 	window1: mouseVisible = False
40.0786 	EXP 	window1: mouseVisible = True
40.0952 	EXP 	window1: mouseVisible = False
40.0953 	EXP 	window1: mouseVisible = True
40.1117 	EXP 	window1: mouseVisible = False
40.1118 	EXP 	window1: mouseVisible = True
40.1285 	EXP 	window1: mouseVisible = False
40.1289 	EXP 	window1: mouseVisible = True
40.1787 	EXP 	window1: mouseVisible = False
40.1789 	EXP 	window1: mouseVisible = True
40.1954 	EXP 	window1: mouseVisible = False
40.1956 	EXP 	window1: mouseVisible = True
40.2122 	EXP 	window1: mouseVisible = False
40.2123 	EXP 	window1: mouseVisible = True
40.2286 	EXP 	window1: mouseVisible = False
40.2288 	EXP 	window1: mouseVisible = True
40.2455 	EXP 	window1: mouseVisible = False
40.2456 	EXP 	window1: mouseVisible = True
40.2619 	EXP 	window1: mouseVisible = False
40.2620 	EXP 	window1: mouseVisible = True
40.2787 	EXP 	window1: mouseVisible = False
40.2788 	EXP 	window1: mouseVisible = True
40.2953 	EXP 	window1: mouseVisible = False
40.2954 	EXP 	window1: mouseVisible = True
40.3116 	EXP 	window1: mouseVisible = False
40.3120 	EXP 	window1: mouseVisible = True
40.3285 	EXP 	window1: mouseVisible = False
40.3286 	EXP 	window1: mouseVisible = True
40.3783 	EXP 	window1: mouseVisible = False
40.3788 	EXP 	window1: mouseVisible = True
40.3953 	EXP 	window1: mouseVisible = False
40.3958 	EXP 	window1: mouseVisible = True
40.4116 	EXP 	window1: mouseVisible = False
40.4118 	EXP 	window1: mouseVisible = True
40.4284 	EXP 	window1: mouseVisible = False
40.4285 	EXP 	window1: mouseVisible = True
40.4788 	EXP 	window1: mouseVisible = False
40.4796 	EXP 	window1: mouseVisible = True
40.4956 	EXP 	window1: mouseVisible = False
40.4957 	EXP 	window1: mouseVisible = True
40.5126 	EXP 	window1: mouseVisible = False
40.5127 	EXP 	window1: mouseVisible = True
40.5287 	EXP 	window1: mouseVisible = False
40.5289 	EXP 	window1: mouseVisible = True
40.5453 	EXP 	window1: mouseVisible = False
40.5454 	EXP 	window1: mouseVisible = True
40.5620 	EXP 	window1: mouseVisible = False
40.5621 	EXP 	window1: mouseVisible = True
40.5785 	EXP 	window1: mouseVisible = False
40.5787 	EXP 	window1: mouseVisible = True
40.5949 	EXP 	window1: mouseVisible = False
40.5951 	EXP 	window1: mouseVisible = True
40.6117 	EXP 	window1: mouseVisible = False
40.6118 	EXP 	window1: mouseVisible = True
40.6284 	EXP 	window1: mouseVisible = False
40.6290 	EXP 	window1: mouseVisible = True
40.6792 	EXP 	window1: mouseVisible = False
40.6801 	EXP 	window1: mouseVisible = True
40.6951 	EXP 	window1: mouseVisible = False
40.6952 	EXP 	window1: mouseVisible = True
40.7115 	EXP 	window1: mouseVisible = False
40.7117 	EXP 	window1: mouseVisible = True
40.7282 	EXP 	window1: mouseVisible = False
40.7284 	EXP 	window1: mouseVisible = True
40.7790 	EXP 	window1: mouseVisible = False
40.7791 	EXP 	window1: mouseVisible = True
40.7953 	EXP 	window1: mouseVisible = False
40.7955 	EXP 	window1: mouseVisible = True
40.8120 	EXP 	window1: mouseVisible = False
40.8121 	EXP 	window1: mouseVisible = True
40.8286 	EXP 	window1: mouseVisible = False
40.8287 	EXP 	window1: mouseVisible = True
40.8452 	EXP 	window1: mouseVisible = False
40.8453 	EXP 	window1: mouseVisible = True
40.8621 	EXP 	window1: mouseVisible = False
40.8622 	EXP 	window1: mouseVisible = True
40.8782 	EXP 	window1: mouseVisible = False
40.8784 	EXP 	window1: mouseVisible = True
40.8951 	EXP 	window1: mouseVisible = False
40.8953 	EXP 	window1: mouseVisible = True
40.9117 	EXP 	window1: mouseVisible = False
40.9120 	EXP 	window1: mouseVisible = True
40.9285 	EXP 	window1: mouseVisible = False
40.9286 	EXP 	window1: mouseVisible = True
40.9777 	EXP 	window1: mouseVisible = False
40.9779 	EXP 	window1: mouseVisible = True
40.9948 	EXP 	window1: mouseVisible = False
40.9951 	EXP 	window1: mouseVisible = True
41.0117 	EXP 	window1: mouseVisible = False
41.0119 	EXP 	window1: mouseVisible = True
41.0283 	EXP 	window1: mouseVisible = False
41.0284 	EXP 	window1: mouseVisible = True
41.0785 	EXP 	window1: mouseVisible = False
41.0790 	EXP 	window1: mouseVisible = True
41.0950 	EXP 	window1: mouseVisible = False
41.0954 	EXP 	window1: mouseVisible = True
41.1118 	EXP 	window1: mouseVisible = False
41.1120 	EXP 	window1: mouseVisible = True
41.1286 	EXP 	window1: mouseVisible = False
41.1288 	EXP 	window1: mouseVisible = True
41.1451 	EXP 	window1: mouseVisible = False
41.1453 	EXP 	window1: mouseVisible = True
41.1620 	EXP 	window1: mouseVisible = False
41.1622 	EXP 	window1: mouseVisible = True
41.1786 	EXP 	window1: mouseVisible = False
41.1789 	EXP 	window1: mouseVisible = True
41.1949 	EXP 	window1: mouseVisible = False
41.1951 	EXP 	window1: mouseVisible = True
41.2115 	EXP 	window1: mouseVisible = False
41.2116 	EXP 	window1: mouseVisible = True
41.2281 	EXP 	window1: mouseVisible = False
41.2283 	EXP 	window1: mouseVisible = True
41.2767 	EXP 	window1: mouseVisible = False
41.2772 	EXP 	window1: mouseVisible = True
41.2949 	EXP 	window1: mouseVisible = False
41.2951 	EXP 	window1: mouseVisible = True
41.3120 	EXP 	window1: mouseVisible = False
41.3122 	EXP 	window1: mouseVisible = True
41.3284 	EXP 	window1: mouseVisible = False
41.3285 	EXP 	window1: mouseVisible = True
41.3784 	EXP 	window1: mouseVisible = False
41.3790 	EXP 	window1: mouseVisible = True
41.3952 	EXP 	window1: mouseVisible = False
41.3953 	EXP 	window1: mouseVisible = True
41.4123 	EXP 	window1: mouseVisible = False
41.4125 	EXP 	window1: mouseVisible = True
41.4284 	EXP 	window1: mouseVisible = False
41.4286 	EXP 	window1: mouseVisible = True
41.4452 	EXP 	window1: mouseVisible = False
41.4455 	EXP 	window1: mouseVisible = True
41.4617 	EXP 	window1: mouseVisible = False
41.4618 	EXP 	window1: mouseVisible = True
41.4783 	EXP 	window1: mouseVisible = False
41.4784 	EXP 	window1: mouseVisible = True
41.4950 	EXP 	window1: mouseVisible = False
41.4952 	EXP 	window1: mouseVisible = True
41.5114 	EXP 	window1: mouseVisible = False
41.5115 	EXP 	window1: mouseVisible = True
41.5281 	EXP 	window1: mouseVisible = False
41.5283 	EXP 	window1: mouseVisible = True
41.5780 	EXP 	window1: mouseVisible = False
41.5784 	EXP 	window1: mouseVisible = True
41.5949 	EXP 	window1: mouseVisible = False
41.5950 	EXP 	window1: mouseVisible = True
41.6114 	EXP 	window1: mouseVisible = False
41.6115 	EXP 	window1: mouseVisible = True
41.6280 	EXP 	window1: mouseVisible = False
41.6281 	EXP 	window1: mouseVisible = True
41.6773 	EXP 	window1: mouseVisible = False
41.6781 	EXP 	window1: mouseVisible = True
41.6949 	EXP 	window1: mouseVisible = False
41.6950 	EXP 	window1: mouseVisible = True
41.7117 	EXP 	window1: mouseVisible = False
41.7118 	EXP 	window1: mouseVisible = True
41.7283 	EXP 	window1: mouseVisible = False
41.7284 	EXP 	window1: mouseVisible = True
41.7449 	EXP 	window1: mouseVisible = False
41.7450 	EXP 	window1: mouseVisible = True
41.7615 	EXP 	window1: mouseVisible = False
41.7616 	EXP 	window1: mouseVisible = True
41.7781 	EXP 	window1: mouseVisible = False
41.7783 	EXP 	window1: mouseVisible = True
41.7945 	EXP 	window1: mouseVisible = False
41.7946 	EXP 	window1: mouseVisible = True
41.8111 	EXP 	window1: mouseVisible = False
41.8112 	EXP 	window1: mouseVisible = True
41.8279 	EXP 	window1: mouseVisible = False
41.8280 	EXP 	window1: mouseVisible = True
41.8779 	EXP 	window1: mouseVisible = False
41.8780 	EXP 	window1: mouseVisible = True
41.8946 	EXP 	window1: mouseVisible = False
41.8948 	EXP 	window1: mouseVisible = True
41.9112 	EXP 	window1: mouseVisible = False
41.9113 	EXP 	window1: mouseVisible = True
41.9279 	EXP 	window1: mouseVisible = False
41.9280 	EXP 	window1: mouseVisible = True
41.9782 	EXP 	window1: mouseVisible = False
41.9784 	EXP 	window1: mouseVisible = True
41.9948 	EXP 	window1: mouseVisible = False
41.9949 	EXP 	window1: mouseVisible = True
42.0116 	EXP 	window1: mouseVisible = False
42.0117 	EXP 	window1: mouseVisible = True
42.0282 	EXP 	window1: mouseVisible = False
42.0284 	EXP 	window1: mouseVisible = True
42.0450 	EXP 	window1: mouseVisible = False
42.0451 	EXP 	window1: mouseVisible = True
42.0613 	EXP 	window1: mouseVisible = False
42.0615 	EXP 	window1: mouseVisible = True
42.0779 	EXP 	window1: mouseVisible = False
42.0780 	EXP 	window1: mouseVisible = True
42.0945 	EXP 	window1: mouseVisible = False
42.0946 	EXP 	window1: mouseVisible = True
42.1111 	EXP 	window1: mouseVisible = False
42.1112 	EXP 	window1: mouseVisible = True
42.1279 	EXP 	window1: mouseVisible = False
42.1280 	EXP 	window1: mouseVisible = True
42.1767 	EXP 	window1: mouseVisible = False
42.1775 	EXP 	window1: mouseVisible = True
42.1948 	EXP 	window1: mouseVisible = False
42.1950 	EXP 	window1: mouseVisible = True
42.2110 	EXP 	window1: mouseVisible = False
42.2111 	EXP 	window1: mouseVisible = True
42.2277 	EXP 	window1: mouseVisible = False
42.2278 	EXP 	window1: mouseVisible = True
42.2785 	EXP 	window1: mouseVisible = False
42.2786 	EXP 	window1: mouseVisible = True
42.2948 	EXP 	window1: mouseVisible = False
42.2949 	EXP 	window1: mouseVisible = True
42.3115 	EXP 	window1: mouseVisible = False
42.3116 	EXP 	window1: mouseVisible = True
42.3281 	EXP 	window1: mouseVisible = False
42.3282 	EXP 	window1: mouseVisible = True
42.3448 	EXP 	window1: mouseVisible = False
42.3449 	EXP 	window1: mouseVisible = True
42.3613 	EXP 	window1: mouseVisible = False
42.3615 	EXP 	window1: mouseVisible = True
42.3778 	EXP 	window1: mouseVisible = False
42.3779 	EXP 	window1: mouseVisible = True
42.3944 	EXP 	window1: mouseVisible = False
42.3945 	EXP 	window1: mouseVisible = True
42.4112 	EXP 	window1: mouseVisible = False
42.4114 	EXP 	window1: mouseVisible = True
42.4278 	EXP 	window1: mouseVisible = False
42.4280 	EXP 	window1: mouseVisible = True
42.4778 	EXP 	window1: mouseVisible = False
42.4785 	EXP 	window1: mouseVisible = True
42.4945 	EXP 	window1: mouseVisible = False
42.4946 	EXP 	window1: mouseVisible = True
42.5109 	EXP 	window1: mouseVisible = False
42.5110 	EXP 	window1: mouseVisible = True
42.5279 	EXP 	window1: mouseVisible = False
42.5280 	EXP 	window1: mouseVisible = True
42.5766 	EXP 	window1: mouseVisible = False
42.5771 	EXP 	window1: mouseVisible = True
42.5948 	EXP 	window1: mouseVisible = False
42.5949 	EXP 	window1: mouseVisible = True
42.6112 	EXP 	window1: mouseVisible = False
42.6113 	EXP 	window1: mouseVisible = True
42.6281 	EXP 	window1: mouseVisible = False
42.6282 	EXP 	window1: mouseVisible = True
42.6449 	EXP 	window1: mouseVisible = False
42.6450 	EXP 	window1: mouseVisible = True
42.6614 	EXP 	window1: mouseVisible = False
42.6616 	EXP 	window1: mouseVisible = True
42.6779 	EXP 	window1: mouseVisible = False
42.6780 	EXP 	window1: mouseVisible = True
42.6944 	EXP 	window1: mouseVisible = False
42.6946 	EXP 	window1: mouseVisible = True
42.7114 	EXP 	window1: mouseVisible = False
42.7115 	EXP 	window1: mouseVisible = True
42.7277 	EXP 	window1: mouseVisible = False
42.7278 	EXP 	window1: mouseVisible = True
42.7780 	EXP 	window1: mouseVisible = False
42.7781 	EXP 	window1: mouseVisible = True
42.7943 	EXP 	window1: mouseVisible = False
42.7944 	EXP 	window1: mouseVisible = True
42.8112 	EXP 	window1: mouseVisible = False
42.8113 	EXP 	window1: mouseVisible = True
42.8276 	EXP 	window1: mouseVisible = False
42.8278 	EXP 	window1: mouseVisible = True
42.8780 	EXP 	window1: mouseVisible = False
42.8782 	EXP 	window1: mouseVisible = True
42.8947 	EXP 	window1: mouseVisible = False
42.8951 	EXP 	window1: mouseVisible = True
42.9111 	EXP 	window1: mouseVisible = False
42.9113 	EXP 	window1: mouseVisible = True
42.9280 	EXP 	window1: mouseVisible = False
42.9281 	EXP 	window1: mouseVisible = True
42.9446 	EXP 	window1: mouseVisible = False
42.9447 	EXP 	window1: mouseVisible = True
42.9612 	EXP 	window1: mouseVisible = False
42.9613 	EXP 	window1: mouseVisible = True
42.9778 	EXP 	window1: mouseVisible = False
42.9779 	EXP 	window1: mouseVisible = True
42.9948 	EXP 	window1: mouseVisible = False
42.9949 	EXP 	window1: mouseVisible = True
43.0110 	EXP 	window1: mouseVisible = False
43.0111 	EXP 	window1: mouseVisible = True
43.0276 	EXP 	window1: mouseVisible = False
43.0277 	EXP 	window1: mouseVisible = True
43.0783 	EXP 	window1: mouseVisible = False
43.0790 	EXP 	window1: mouseVisible = True
43.0944 	EXP 	window1: mouseVisible = False
43.0945 	EXP 	window1: mouseVisible = True
43.1109 	EXP 	window1: mouseVisible = False
43.1111 	EXP 	window1: mouseVisible = True
43.1274 	EXP 	window1: mouseVisible = False
43.1275 	EXP 	window1: mouseVisible = True
43.1771 	EXP 	window1: mouseVisible = False
43.1772 	EXP 	window1: mouseVisible = True
43.1945 	EXP 	window1: mouseVisible = False
43.1947 	EXP 	window1: mouseVisible = True
43.2112 	EXP 	window1: mouseVisible = False
43.2113 	EXP 	window1: mouseVisible = True
43.2278 	EXP 	window1: mouseVisible = False
43.2279 	EXP 	window1: mouseVisible = True
43.2445 	EXP 	window1: mouseVisible = False
43.2446 	EXP 	window1: mouseVisible = True
43.2612 	EXP 	window1: mouseVisible = False
43.2613 	EXP 	window1: mouseVisible = True
43.2774 	EXP 	window1: mouseVisible = False
43.2776 	EXP 	window1: mouseVisible = True
43.2940 	EXP 	window1: mouseVisible = False
43.2942 	EXP 	window1: mouseVisible = True
43.3108 	EXP 	window1: mouseVisible = False
43.3109 	EXP 	window1: mouseVisible = True
43.3276 	EXP 	window1: mouseVisible = False
43.3277 	EXP 	window1: mouseVisible = True
43.3777 	EXP 	window1: mouseVisible = False
43.3779 	EXP 	window1: mouseVisible = True
43.3940 	EXP 	window1: mouseVisible = False
43.3944 	EXP 	window1: mouseVisible = True
43.4109 	EXP 	window1: mouseVisible = False
43.4111 	EXP 	window1: mouseVisible = True
43.4273 	EXP 	window1: mouseVisible = False
43.4275 	EXP 	window1: mouseVisible = True
43.4775 	EXP 	window1: mouseVisible = False
43.4776 	EXP 	window1: mouseVisible = True
43.4944 	EXP 	window1: mouseVisible = False
43.4945 	EXP 	window1: mouseVisible = True
43.5109 	EXP 	window1: mouseVisible = False
43.5110 	EXP 	window1: mouseVisible = True
43.5276 	EXP 	window1: mouseVisible = False
43.5277 	EXP 	window1: mouseVisible = True
43.5443 	EXP 	window1: mouseVisible = False
43.5445 	EXP 	window1: mouseVisible = True
43.5608 	EXP 	window1: mouseVisible = False
43.5609 	EXP 	window1: mouseVisible = True
43.5774 	EXP 	window1: mouseVisible = False
43.5775 	EXP 	window1: mouseVisible = True
43.5942 	EXP 	window1: mouseVisible = False
43.5943 	EXP 	window1: mouseVisible = True
43.6106 	EXP 	window1: mouseVisible = False
43.6107 	EXP 	window1: mouseVisible = True
43.6272 	EXP 	window1: mouseVisible = False
43.6273 	EXP 	window1: mouseVisible = True
43.6770 	EXP 	window1: mouseVisible = False
43.6771 	EXP 	window1: mouseVisible = True
43.6940 	EXP 	window1: mouseVisible = False
43.6941 	EXP 	window1: mouseVisible = True
43.7108 	EXP 	window1: mouseVisible = False
43.7109 	EXP 	window1: mouseVisible = True
43.7273 	EXP 	window1: mouseVisible = False
43.7275 	EXP 	window1: mouseVisible = True
43.7775 	EXP 	window1: mouseVisible = False
43.7777 	EXP 	window1: mouseVisible = True
43.7944 	EXP 	window1: mouseVisible = False
43.7945 	EXP 	window1: mouseVisible = True
43.8108 	EXP 	window1: mouseVisible = False
43.8109 	EXP 	window1: mouseVisible = True
43.8276 	EXP 	window1: mouseVisible = False
43.8277 	EXP 	window1: mouseVisible = True
43.8442 	EXP 	window1: mouseVisible = False
43.8443 	EXP 	window1: mouseVisible = True
43.8607 	EXP 	window1: mouseVisible = False
43.8608 	EXP 	window1: mouseVisible = True
43.8773 	EXP 	window1: mouseVisible = False
43.8774 	EXP 	window1: mouseVisible = True
43.8941 	EXP 	window1: mouseVisible = False
43.8946 	EXP 	window1: mouseVisible = True
43.9106 	EXP 	window1: mouseVisible = False
43.9108 	EXP 	window1: mouseVisible = True
43.9272 	EXP 	window1: mouseVisible = False
43.9274 	EXP 	window1: mouseVisible = True
43.9759 	EXP 	window1: mouseVisible = False
43.9761 	EXP 	window1: mouseVisible = True
43.9940 	EXP 	window1: mouseVisible = False
43.9941 	EXP 	window1: mouseVisible = True
44.0107 	EXP 	window1: mouseVisible = False
44.0108 	EXP 	window1: mouseVisible = True
44.0273 	EXP 	window1: mouseVisible = False
44.0274 	EXP 	window1: mouseVisible = True
44.0767 	EXP 	window1: mouseVisible = False
44.0774 	EXP 	window1: mouseVisible = True
44.0941 	EXP 	window1: mouseVisible = False
44.0942 	EXP 	window1: mouseVisible = True
44.1108 	EXP 	window1: mouseVisible = False
44.1110 	EXP 	window1: mouseVisible = True
44.1274 	EXP 	window1: mouseVisible = False
44.1276 	EXP 	window1: mouseVisible = True
44.1446 	EXP 	window1: mouseVisible = False
44.1447 	EXP 	window1: mouseVisible = True
44.1609 	EXP 	window1: mouseVisible = False
44.1610 	EXP 	window1: mouseVisible = True
44.1777 	EXP 	window1: mouseVisible = False
44.1783 	EXP 	window1: mouseVisible = True
44.1940 	EXP 	window1: mouseVisible = False
44.1942 	EXP 	window1: mouseVisible = True
44.2107 	EXP 	window1: mouseVisible = False
44.2108 	EXP 	window1: mouseVisible = True
44.2275 	EXP 	window1: mouseVisible = False
44.2276 	EXP 	window1: mouseVisible = True
44.2442 	EXP 	window1: mouseVisible = False
44.2444 	EXP 	window1: mouseVisible = True
44.2604 	EXP 	window1: mouseVisible = False
44.2605 	EXP 	window1: mouseVisible = True
44.2772 	EXP 	window1: mouseVisible = False
44.2773 	EXP 	window1: mouseVisible = True
44.2940 	EXP 	window1: mouseVisible = False
44.2942 	EXP 	window1: mouseVisible = True
44.3104 	EXP 	window1: mouseVisible = False
44.3105 	EXP 	window1: mouseVisible = True
44.3271 	EXP 	window1: mouseVisible = False
44.3272 	EXP 	window1: mouseVisible = True
44.3775 	EXP 	window1: mouseVisible = False
44.3777 	EXP 	window1: mouseVisible = True
44.3940 	EXP 	window1: mouseVisible = False
44.3941 	EXP 	window1: mouseVisible = True
44.3951 	DATA 	Mouse: Left button down, pos=(261,430)
44.4273 	EXP 	call1: texRes = 128
44.4273 	EXP 	call2: texRes = 128
44.4273 	EXP 	call4: texRes = 128
44.4275 	EXP 	window1: mouseVisible = False
44.4276 	EXP 	window1: mouseVisible = True
44.4437 	EXP 	window1: mouseVisible = False
44.4438 	EXP 	window1: mouseVisible = True
44.4439 	DATA 	Mouse:  Left button up, pos=(261,430)
44.4603 	EXP 	window1: mouseVisible = False
44.4604 	EXP 	window1: mouseVisible = True
44.4771 	EXP 	window1: mouseVisible = False
44.4772 	EXP 	window1: mouseVisible = True
44.4937 	EXP 	window1: mouseVisible = False
44.4938 	EXP 	window1: mouseVisible = True
44.5104 	EXP 	window1: mouseVisible = False
44.5106 	EXP 	window1: mouseVisible = True
44.5271 	EXP 	window1: mouseVisible = False
44.5272 	EXP 	window1: mouseVisible = True
44.5759 	EXP 	window1: mouseVisible = False
44.5765 	EXP 	window1: mouseVisible = True
44.5941 	EXP 	window1: mouseVisible = False
44.5942 	EXP 	window1: mouseVisible = True
44.6108 	EXP 	window1: mouseVisible = False
44.6109 	EXP 	window1: mouseVisible = True
44.6276 	EXP 	window1: mouseVisible = False
44.6277 	EXP 	window1: mouseVisible = True
44.6440 	EXP 	window1: mouseVisible = False
44.6442 	EXP 	window1: mouseVisible = True
44.6608 	EXP 	window1: mouseVisible = False
44.6611 	EXP 	window1: mouseVisible = True
44.6772 	EXP 	window1: mouseVisible = False
44.6774 	EXP 	window1: mouseVisible = True
44.6941 	EXP 	window1: mouseVisible = False
44.6942 	EXP 	window1: mouseVisible = True
44.7106 	EXP 	window1: mouseVisible = False
44.7108 	EXP 	window1: mouseVisible = True
44.7273 	EXP 	window1: mouseVisible = False
44.7274 	EXP 	window1: mouseVisible = True
44.7438 	EXP 	window1: mouseVisible = False
44.7439 	EXP 	window1: mouseVisible = True
44.7606 	EXP 	window1: mouseVisible = False
44.7608 	EXP 	window1: mouseVisible = True
44.7774 	EXP 	window1: mouseVisible = False
44.7775 	EXP 	window1: mouseVisible = True
44.7938 	EXP 	window1: mouseVisible = False
44.7943 	EXP 	window1: mouseVisible = True
44.8108 	EXP 	window1: mouseVisible = False
44.8109 	EXP 	window1: mouseVisible = True
44.8273 	EXP 	window1: mouseVisible = False
44.8274 	EXP 	window1: mouseVisible = True
44.8439 	EXP 	window1: mouseVisible = False
44.8440 	EXP 	window1: mouseVisible = True
44.8604 	EXP 	window1: mouseVisible = False
44.8606 	EXP 	window1: mouseVisible = True
44.8623 	DATA 	Mouse: Left button down, pos=(616,644)
44.8934 	EXP 	colour1: texRes = 128
44.8934 	EXP 	colour3: texRes = 128
44.8934 	EXP 	colour4: texRes = 128
44.8935 	EXP 	window1: mouseVisible = False
44.8937 	EXP 	window1: mouseVisible = True
44.9104 	EXP 	window1: mouseVisible = False
44.9106 	EXP 	window1: mouseVisible = True
44.9270 	EXP 	window1: mouseVisible = False
44.9271 	EXP 	window1: mouseVisible = True
44.9770 	EXP 	window1: mouseVisible = False
44.9772 	EXP 	window1: mouseVisible = True
44.9774 	DATA 	Mouse:  Left button up, pos=(616,644)
44.9941 	EXP 	window1: mouseVisible = False
44.9943 	EXP 	window1: mouseVisible = True
45.0105 	EXP 	window1: mouseVisible = False
45.0106 	EXP 	window1: mouseVisible = True
45.0272 	EXP 	window1: mouseVisible = False
45.0273 	EXP 	window1: mouseVisible = True
45.0438 	EXP 	window1: mouseVisible = False
45.0439 	EXP 	window1: mouseVisible = True
45.0604 	EXP 	window1: mouseVisible = False
45.0606 	EXP 	window1: mouseVisible = True
45.0769 	EXP 	window1: mouseVisible = False
45.0770 	EXP 	window1: mouseVisible = True
45.0939 	EXP 	window1: mouseVisible = False
45.0940 	EXP 	window1: mouseVisible = True
45.1103 	EXP 	window1: mouseVisible = False
45.1104 	EXP 	window1: mouseVisible = True
45.1267 	EXP 	window1: mouseVisible = False
45.1270 	EXP 	window1: mouseVisible = True
45.1764 	EXP 	window1: mouseVisible = False
45.1769 	EXP 	window1: mouseVisible = True
45.1936 	EXP 	window1: mouseVisible = False
45.1937 	EXP 	window1: mouseVisible = True
45.2102 	EXP 	window1: mouseVisible = False
45.2104 	EXP 	window1: mouseVisible = True
45.2269 	EXP 	window1: mouseVisible = False
45.2270 	EXP 	window1: mouseVisible = True
45.2762 	EXP 	window1: mouseVisible = False
45.2764 	EXP 	window1: mouseVisible = True
45.2938 	EXP 	window1: mouseVisible = False
45.2940 	EXP 	window1: mouseVisible = True
45.3105 	EXP 	window1: mouseVisible = False
45.3106 	EXP 	window1: mouseVisible = True
45.3272 	EXP 	window1: mouseVisible = False
45.3273 	EXP 	window1: mouseVisible = True
45.3437 	EXP 	window1: mouseVisible = False
45.3439 	EXP 	window1: mouseVisible = True
45.3602 	EXP 	window1: mouseVisible = False
45.3604 	EXP 	window1: mouseVisible = True
45.3769 	EXP 	window1: mouseVisible = False
45.3771 	EXP 	window1: mouseVisible = True
45.3773 	DATA 	Mouse: Left button down, pos=(1018,374)
45.3904 	EXP 	New trial (rep=0, index=2): OrderedDict([('audiofile', 'audio/NV_DE_Neural2-D_Dr-we-Zw_0.6p.wav'), ('duration', 5.3485), ('noise', 'NV'), ('voice', 'Neural2-D'), ('words', 'Dr-we-Zw'), ('callSign', 'Dr'), ('colour', 'we'), ('number', 'Zw'), ('levels', '0.6p'), ('trigger_start', 100), ('trigger_end', 101), ('trigger_call', 112), ('trigger_col', 124), ('trigger_num', 132), ('file', 'DE_Neural2-D_Dr-we-Zw.TextGrid'), ('firstSound_tmin', 0.17712), ('lastSound_tmax', 4.588647338666667), ('token_1_tmin', 0.8349279433333333), ('token_1_tmax', 1.2699317516666666), ('token_2_tmin', 2.584722104666666), ('token_2_tmax', 2.98712), ('token_3_tmin', 4.222063912666667), ('token_3_tmax', 4.588647338666667), ('rater', 'mean'), ('newidx', 3), ('block', 'NV1')])
45.8659 	EXP 	Set sound_1 sound=audio/NV_DE_Neural2-D_Dr-we-Zw_0.6p.wav
45.8661 	EXP 	window1: mouseVisible = False
45.8668 	EXP 	Sound sound_1 started
45.8680 	DATA 	Mouse:  Left button up, pos=(1018,374)
45.8767 	EXP 	number1: texRes = 128
45.8767 	EXP 	number2: texRes = 128
45.8767 	EXP 	number4: texRes = 128
45.8767 	EXP 	blankScreenAfterResponse: autoDraw = True
45.8767 	EXP 	blankScreen: autoDraw = False
45.8767 	EXP 	call1: autoDraw = False
45.8767 	EXP 	call2: autoDraw = False
45.8767 	EXP 	call3: autoDraw = False
45.8767 	EXP 	call4: autoDraw = False
45.8767 	EXP 	colour1: autoDraw = False
45.8767 	EXP 	colour2: autoDraw = False
45.8767 	EXP 	colour3: autoDraw = False
45.8767 	EXP 	colour4: autoDraw = False
45.8767 	EXP 	number1: autoDraw = False
45.8767 	EXP 	number2: autoDraw = False
45.8767 	EXP 	number3: autoDraw = False
45.8767 	EXP 	number4: autoDraw = False
45.8767 	EXP 	blankScreenAfterResponse: autoDraw = False
45.8767 	EXP 	fixation: autoDraw = True
51.2255 	EXP 	Sound sound_1 stopped
51.5174 	EXP 	window1: mouseVisible = False
51.5256 	EXP 	fixation: autoDraw = False
51.5256 	EXP 	screenAfterAudio: autoDraw = True
51.5256 	EXP 	screenAfterAudio: autoDraw = False
51.5256 	EXP 	fixation: autoDraw = False
51.5256 	EXP 	screenAfterAudio: autoDraw = False
51.5256 	EXP 	call1: texRes = 128
51.5256 	EXP 	call2: texRes = 128
51.5256 	EXP 	call3: texRes = 128
51.5256 	EXP 	call4: texRes = 128
51.5256 	EXP 	colour1: texRes = 128
51.5256 	EXP 	colour2: texRes = 128
51.5256 	EXP 	colour3: texRes = 128
51.5256 	EXP 	colour4: texRes = 128
51.5256 	EXP 	number1: texRes = 128
51.5256 	EXP 	number2: texRes = 128
51.5256 	EXP 	number3: texRes = 128
51.5256 	EXP 	number4: texRes = 128
51.5256 	EXP 	blankScreen: autoDraw = True
51.5257 	EXP 	window1: mouseVisible = False
51.5414 	EXP 	window1: mouseVisible = False
51.5582 	EXP 	window1: mouseVisible = False
51.5745 	EXP 	window1: mouseVisible = False
51.5914 	EXP 	window1: mouseVisible = False
51.6080 	EXP 	window1: mouseVisible = False
51.6245 	EXP 	window1: mouseVisible = False
51.6412 	EXP 	window1: mouseVisible = False
51.6579 	EXP 	window1: mouseVisible = False
51.6747 	EXP 	window1: mouseVisible = False
51.6912 	EXP 	window1: mouseVisible = False
51.7084 	EXP 	window1: mouseVisible = False
51.7247 	EXP 	window1: mouseVisible = False
51.7412 	EXP 	window1: mouseVisible = False
51.7579 	EXP 	window1: mouseVisible = False
51.7747 	EXP 	window1: mouseVisible = False
51.7914 	EXP 	window1: mouseVisible = False
51.8080 	EXP 	window1: mouseVisible = False
51.8245 	EXP 	window1: mouseVisible = False
51.8413 	EXP 	window1: mouseVisible = False
51.8578 	EXP 	window1: mouseVisible = False
51.8744 	EXP 	window1: mouseVisible = False
51.8913 	EXP 	window1: mouseVisible = False
51.9078 	EXP 	window1: mouseVisible = False
51.9244 	EXP 	window1: mouseVisible = False
51.9413 	EXP 	window1: mouseVisible = False
51.9579 	EXP 	window1: mouseVisible = False
51.9744 	EXP 	window1: mouseVisible = False
51.9912 	EXP 	window1: mouseVisible = False
52.0076 	EXP 	window1: mouseVisible = False
52.0243 	EXP 	window1: mouseVisible = False
52.0413 	EXP 	window1: mouseVisible = False
52.0578 	EXP 	window1: mouseVisible = False
52.0744 	EXP 	window1: mouseVisible = False
52.0911 	EXP 	window1: mouseVisible = False
52.1079 	EXP 	window1: mouseVisible = False
52.1245 	EXP 	window1: mouseVisible = False
52.1410 	EXP 	window1: mouseVisible = False
52.1578 	EXP 	window1: mouseVisible = False
52.1745 	EXP 	window1: mouseVisible = False
52.1910 	EXP 	window1: mouseVisible = False
52.2078 	EXP 	window1: mouseVisible = False
52.2247 	EXP 	window1: mouseVisible = False
52.2410 	EXP 	window1: mouseVisible = False
52.2577 	EXP 	window1: mouseVisible = False
52.2746 	EXP 	window1: mouseVisible = False
52.2910 	EXP 	window1: mouseVisible = False
52.3077 	EXP 	window1: mouseVisible = False
52.3245 	EXP 	window1: mouseVisible = False
52.3413 	EXP 	window1: mouseVisible = False
52.3576 	EXP 	window1: mouseVisible = False
52.3744 	EXP 	window1: mouseVisible = False
52.3912 	EXP 	window1: mouseVisible = False
52.4078 	EXP 	window1: mouseVisible = False
52.4243 	EXP 	window1: mouseVisible = False
52.4412 	EXP 	window1: mouseVisible = False
52.4577 	EXP 	window1: mouseVisible = False
52.4743 	EXP 	window1: mouseVisible = False
52.4910 	EXP 	window1: mouseVisible = False
52.5078 	EXP 	window1: mouseVisible = False
52.5243 	EXP 	window1: mouseVisible = False
52.5408 	EXP 	blankScreen: autoDraw = False
52.5408 	EXP 	call1: autoDraw = True
52.5408 	EXP 	call2: autoDraw = True
52.5408 	EXP 	call3: autoDraw = True
52.5408 	EXP 	call4: autoDraw = True
52.5408 	EXP 	colour1: autoDraw = True
52.5408 	EXP 	colour2: autoDraw = True
52.5408 	EXP 	colour3: autoDraw = True
52.5408 	EXP 	colour4: autoDraw = True
52.5408 	EXP 	number1: autoDraw = True
52.5408 	EXP 	number2: autoDraw = True
52.5408 	EXP 	number3: autoDraw = True
52.5408 	EXP 	number4: autoDraw = True
52.5409 	EXP 	window1: mouseVisible = False
52.5410 	EXP 	window1: mouseVisible = True
52.6081 	EXP 	window1: mouseVisible = False
52.6082 	EXP 	window1: mouseVisible = True
52.6246 	EXP 	window1: mouseVisible = False
52.6247 	EXP 	window1: mouseVisible = True
52.6410 	EXP 	window1: mouseVisible = False
52.6412 	EXP 	window1: mouseVisible = True
52.7088 	EXP 	window1: mouseVisible = False
52.7095 	EXP 	window1: mouseVisible = True
52.7248 	EXP 	window1: mouseVisible = False
52.7249 	EXP 	window1: mouseVisible = True
52.7411 	EXP 	window1: mouseVisible = False
52.7413 	EXP 	window1: mouseVisible = True
52.7582 	EXP 	window1: mouseVisible = False
52.7583 	EXP 	window1: mouseVisible = True
52.7747 	EXP 	window1: mouseVisible = False
52.7748 	EXP 	window1: mouseVisible = True
52.7913 	EXP 	window1: mouseVisible = False
52.7915 	EXP 	window1: mouseVisible = True
52.8078 	EXP 	window1: mouseVisible = False
52.8081 	EXP 	window1: mouseVisible = True
52.8246 	EXP 	window1: mouseVisible = False
52.8247 	EXP 	window1: mouseVisible = True
52.8413 	EXP 	window1: mouseVisible = False
52.8415 	EXP 	window1: mouseVisible = True
52.8579 	EXP 	window1: mouseVisible = False
52.8580 	EXP 	window1: mouseVisible = True
52.8747 	EXP 	window1: mouseVisible = False
52.8750 	EXP 	window1: mouseVisible = True
52.8914 	EXP 	window1: mouseVisible = False
52.8915 	EXP 	window1: mouseVisible = True
52.9079 	EXP 	window1: mouseVisible = False
52.9081 	EXP 	window1: mouseVisible = True
52.9083 	DATA 	Keypress: escape
52.9245 	EXP 	window1: mouseVisible = False
52.9247 	EXP 	window1: mouseVisible = True
52.9412 	EXP 	window1: mouseVisible = False
52.9415 	EXP 	window1: mouseVisible = True
52.9577 	EXP 	window1: mouseVisible = False
52.9579 	EXP 	window1: mouseVisible = True
52.9744 	EXP 	window1: mouseVisible = False
52.9747 	EXP 	window1: mouseVisible = True
52.9916 	EXP 	window1: mouseVisible = False
52.9917 	EXP 	window1: mouseVisible = True
53.0079 	EXP 	window1: mouseVisible = False
53.0082 	EXP 	window1: mouseVisible = True
53.0243 	EXP 	window1: mouseVisible = False
53.0245 	EXP 	window1: mouseVisible = True
53.0408 	EXP 	window1: mouseVisible = False
53.0410 	EXP 	window1: mouseVisible = True
55.1752 	EXP 	window1: mouseVisible = True
