1.7465 	WARNING 	We strongly recommend you activate the PTB sound engine in PsychoPy prefs as the preferred audio engine. Its timing is vastly superior. Your prefs are currently set to use ['pyo'] (in that order).
7.0416 	EXP 	Created window1 = Window(allowGUI=True, allowStencil=False, autoLog=True, backendConf=UNKNOWN, bitsMode=UNKNOWN, blendMode='avg', bpc=(8, 8, 8), color=array([0, 0, 0]), colorSpace='rgb', depthBits=8, fullscr=<method-wrapper '__getattribute__' of attributeSetter object at 0x0000023085BCFD60>, gamma=None, gammaErrorPolicy='raise', lms=UNKNOWN, monitor=<psychopy.monitors.calibTools.Monitor object at 0x00000230AE548970>, multiSample=False, name='window1', numSamples=2, pos=(0, 0), screen=0, size=array([2560, 1440]), stencilBits=0, stereo=False, units='height', useFBO=True, useRetina=False, viewOri=0.0, viewPos=None, viewScale=None, waitBlanking=True, winType='pyglet')
7.0417 	EXP 	window1: mouseVisible = True
7.0418 	EXP 	window1: mouseVisible = False
7.0418 	EXP 	window1: Attempting to measure frame rate of screen (0) ...
7.0418 	EXP 	window1: recordFrameIntervals = False
7.2080 	EXP 	window1: recordFrameIntervals = True
7.3915 	EXP 	Screen (0) actual frame rate measured at 59.96Hz
7.3915 	EXP 	window1: recordFrameIntervals = False
9.0767 	EXP 	Created instr_start = TextStim(__class__=<class 'psychopy.visual.text.TextStim'>, alignHoriz=method-wrapper(...), alignText='center', alignVert=method-wrapper(...), anchorHoriz='center', anchorVert='center', antialias=True, autoDraw=False, autoLog=True, bold=False, color=array([1., 1., 1.]), colorSpace='rgb', contrast=1.0, depth=0.0, flipHoriz=False, flipVert=False, font='Arial', fontFiles=[], height=0.04, italic=False, languageStyle='LTR', name='instr_start', opacity=1.0, ori=0, pos=array([0., 0.]), rgb=UNKNOWN, text=str(...), units='height', win=Window(...), wrapWidth=1)
9.0944 	EXP 	Created instrRest_pre = TextStim(__class__=<class 'psychopy.visual.text.TextStim'>, alignHoriz=method-wrapper(...), alignText='center', alignVert=method-wrapper(...), anchorHoriz='center', anchorVert='center', antialias=True, autoDraw=False, autoLog=True, bold=False, color=array([1., 1., 1.]), colorSpace='rgb', contrast=1.0, depth=-1.0, flipHoriz=False, flipVert=False, font='Arial', fontFiles=[], height=0.04, italic=False, languageStyle='LTR', name='instrRest_pre', opacity=1.0, ori=0, pos=array([0., 0.]), rgb=UNKNOWN, text=str(...), units='height', win=Window(...), wrapWidth=1)
10.0549 	EXP 	Set  sound=C
10.0784 	EXP 	Set beep_rest_pre_start sound=A
10.0784 	EXP 	Sound beep_rest_pre_start set volume 1.000
10.0856 	EXP 	Created fixation_1 = ShapeStim(__class__=<class 'psychopy.visual.shape.ShapeStim'>, anchor=('center', 'center'), autoDraw=False, autoLog=True, closeShape=True, color=method-wrapper(...), colorSpace='rgb', contrast=None, depth=-1.0, fillColor=array([1, 1, 1]), fillColorSpace='rgb', fillRGB=array([1, 1, 1]), interpolate=True, lineColor=array([1., 1., 1.]), lineColorSpace='rgb', lineRGB=array([1, 1, 1]), lineWidth=0.5, name='fixation_1', opacity=0.75, ori=0.0, pos=array([0., 0.]), size=array([0.05, 0.05]), units='height', vertices=ndarray(...), win=Window(...), windingRule=None)
10.1038 	EXP 	Created screenAfterAudio_3 = ImageStim(__class__=<class 'psychopy.visual.image.ImageStim'>, anchor=('center', 'center'), autoLog=True, color=array([1., 1., 1.]), colorSpace='rgb', contrast=1.0, depth=-3.0, flipHoriz=False, flipVert=False, image='images/grayScreen.png', interpolate=True, mask=None, maskParams=None, name='screenAfterAudio_3', opacity=1.0, ori=0.0, pos=array([0., 0.]), size=array([0.5, 0.5]), texRes=128.0, units='height', win=Window(...))
10.1050 	EXP 	Set beep_rest_pre_end sound=A
10.1050 	EXP 	Sound beep_rest_pre_end set volume 1.000
10.1562 	EXP 	Created instr_start_2 = TextStim(__class__=<class 'psychopy.visual.text.TextStim'>, alignHoriz=method-wrapper(...), alignText='center', alignVert=method-wrapper(...), anchorHoriz='center', anchorVert='center', antialias=True, autoDraw=False, autoLog=True, bold=False, color=array([1., 1., 1.]), colorSpace='rgb', contrast=1.0, depth=0.0, flipHoriz=False, flipVert=False, font='Arial', fontFiles=[], height=0.04, italic=False, languageStyle='LTR', name='instr_start_2', opacity=1.0, ori=0, pos=array([0., 0.]), rgb=UNKNOWN, text=str(...), units='height', win=Window(...), wrapWidth=1)
10.1698 	EXP 	Set sound_examples sound=A
10.1698 	EXP 	Sound sound_examples set volume 1.000
10.1717 	EXP 	Created fixation_2 = ShapeStim(__class__=<class 'psychopy.visual.shape.ShapeStim'>, anchor=('center', 'center'), autoDraw=False, autoLog=True, closeShape=True, color=method-wrapper(...), colorSpace='rgb', contrast=None, depth=-1.0, fillColor=array([1, 1, 1]), fillColorSpace='rgb', fillRGB=array([1, 1, 1]), interpolate=True, lineColor=array([1., 1., 1.]), lineColorSpace='rgb', lineRGB=array([1, 1, 1]), lineWidth=0.5, name='fixation_2', opacity=0.75, ori=0.0, pos=array([0., 0.]), size=array([0.05, 0.05]), units='height', vertices=ndarray(...), win=Window(...), windingRule=None)
10.1848 	EXP 	Created screenAfterAudio_2 = ImageStim(__class__=<class 'psychopy.visual.image.ImageStim'>, anchor=('center', 'center'), autoLog=True, color=array([1., 1., 1.]), colorSpace='rgb', contrast=1.0, depth=-3.0, flipHoriz=False, flipVert=False, image='images/grayScreen.png', interpolate=True, mask=None, maskParams=None, name='screenAfterAudio_2', opacity=1.0, ori=0.0, pos=array([0., 0.]), size=array([0.5, 0.5]), texRes=128.0, units='height', win=Window(...))
10.1978 	EXP 	Created blankScreen_2 = ImageStim(__class__=<class 'psychopy.visual.image.ImageStim'>, anchor=('center', 'center'), autoLog=True, color=array([1., 1., 1.]), colorSpace='rgb', contrast=1.0, depth=-4.0, flipHoriz=False, flipVert=False, image='images/grayScreen.png', interpolate=True, mask=None, maskParams=None, name='blankScreen_2', opacity=1.0, ori=0.0, pos=array([0., 0.]), size=array([1920., 1080.]), texRes=128, units='height', win=Window(...))
10.2227 	EXP 	Created call1_2 = ImageStim(__class__=<class 'psychopy.visual.image.ImageStim'>, anchor=('center', 'center'), autoLog=True, color=array([1., 1., 1.]), colorSpace='rgb', contrast=1.0, depth=-5.0, flipHoriz=False, flipVert=False, image='images/adler.png', interpolate=True, mask=None, maskParams=None, name='call1_2', opacity=1.0, ori=0.0, pos=array([-0.4   ,  0.3125]), size=array([0.18, 0.18]), texRes=128, units='height', win=Window(...))
10.2472 	EXP 	Created call2_2 = ImageStim(__class__=<class 'psychopy.visual.image.ImageStim'>, anchor=('center', 'center'), autoLog=True, color=array([1., 1., 1.]), colorSpace='rgb', contrast=1.0, depth=-6.0, flipHoriz=False, flipVert=False, image='images/drossel.png', interpolate=True, mask=None, maskParams=None, name='call2_2', opacity=1.0, ori=0.0, pos=array([-0.4       ,  0.10416667]), size=array([0.18, 0.18]), texRes=128, units='height', win=Window(...))
10.2725 	EXP 	Created call3_2 = ImageStim(__class__=<class 'psychopy.visual.image.ImageStim'>, anchor=('center', 'center'), autoLog=True, color=array([1., 1., 1.]), colorSpace='rgb', contrast=1.0, depth=-7.0, flipHoriz=False, flipVert=False, image='images/kroete.png', interpolate=True, mask=None, maskParams=None, name='call3_2', opacity=1.0, ori=0.0, pos=array([-0.4       , -0.10416667]), size=array([0.18, 0.18]), texRes=128, units='height', win=Window(...))
10.2971 	EXP 	Created call4_2 = ImageStim(__class__=<class 'psychopy.visual.image.ImageStim'>, anchor=('center', 'center'), autoLog=True, color=array([1., 1., 1.]), colorSpace='rgb', contrast=1.0, depth=-8.0, flipHoriz=False, flipVert=False, image='images/tiger.png', interpolate=True, mask=None, maskParams=None, name='call4_2', opacity=1.0, ori=0.0, pos=array([-0.4   , -0.3125]), size=array([0.18, 0.18]), texRes=128, units='height', win=Window(...))
10.3155 	EXP 	Created colour1_2 = ImageStim(__class__=<class 'psychopy.visual.image.ImageStim'>, anchor=('center', 'center'), autoLog=True, color=array([1., 1., 1.]), colorSpace='rgb', contrast=1.0, depth=-9.0, flipHoriz=False, flipVert=False, image='images/gelb.png', interpolate=True, mask=None, maskParams=None, name='colour1_2', opacity=1.0, ori=0.0, pos=array([0.    , 0.3125]), size=array([0.18, 0.18]), texRes=128, units='height', win=Window(...))
10.3334 	EXP 	Created colour2_2 = ImageStim(__class__=<class 'psychopy.visual.image.ImageStim'>, anchor=('center', 'center'), autoLog=True, color=array([1., 1., 1.]), colorSpace='rgb', contrast=1.0, depth=-10.0, flipHoriz=False, flipVert=False, image='images/gruen.png', interpolate=True, mask=None, maskParams=None, name='colour2_2', opacity=1.0, ori=0.0, pos=array([0.        , 0.10416667]), size=array([0.18, 0.18]), texRes=128, units='height', win=Window(...))
10.3517 	EXP 	Created colour3_2 = ImageStim(__class__=<class 'psychopy.visual.image.ImageStim'>, anchor=('center', 'center'), autoLog=True, color=array([1., 1., 1.]), colorSpace='rgb', contrast=1.0, depth=-11.0, flipHoriz=False, flipVert=False, image='images/rot.png', interpolate=True, mask=None, maskParams=None, name='colour3_2', opacity=1.0, ori=0.0, pos=array([ 0.        , -0.10416667]), size=array([0.18, 0.18]), texRes=128, units='height', win=Window(...))
10.3774 	EXP 	Created colour4_2 = ImageStim(__class__=<class 'psychopy.visual.image.ImageStim'>, anchor=('center', 'center'), autoLog=True, color=array([1., 1., 1.]), colorSpace='rgb', contrast=1.0, depth=-12.0, flipHoriz=False, flipVert=False, image='images/weiss.png', interpolate=True, mask=None, maskParams=None, name='colour4_2', opacity=1.0, ori=0.0, pos=array([ 0.    , -0.3125]), size=array([0.18, 0.18]), texRes=128, units='height', win=Window(...))
10.3959 	EXP 	Created number1_2 = ImageStim(__class__=<class 'psychopy.visual.image.ImageStim'>, anchor=('center', 'center'), autoLog=True, color=array([1., 1., 1.]), colorSpace='rgb', contrast=1.0, depth=-13.0, flipHoriz=False, flipVert=False, image='images/1.png', interpolate=True, mask=None, maskParams=None, name='number1_2', opacity=1.0, ori=0.0, pos=array([0.4   , 0.3125]), size=array([0.18, 0.18]), texRes=128, units='height', win=Window(...))
10.4177 	EXP 	Created number2_2 = ImageStim(__class__=<class 'psychopy.visual.image.ImageStim'>, anchor=('center', 'center'), autoLog=True, color=array([1., 1., 1.]), colorSpace='rgb', contrast=1.0, depth=-14.0, flipHoriz=False, flipVert=False, image='images/2.png', interpolate=True, mask=None, maskParams=None, name='number2_2', opacity=1.0, ori=0.0, pos=array([0.4       , 0.10416667]), size=array([0.18, 0.18]), texRes=128, units='height', win=Window(...))
10.4357 	EXP 	Created number3_2 = ImageStim(__class__=<class 'psychopy.visual.image.ImageStim'>, anchor=('center', 'center'), autoLog=True, color=array([1., 1., 1.]), colorSpace='rgb', contrast=1.0, depth=-15.0, flipHoriz=False, flipVert=False, image='images/3.png', interpolate=True, mask=None, maskParams=None, name='number3_2', opacity=1.0, ori=0.0, pos=array([ 0.4       , -0.10416667]), size=array([0.18, 0.18]), texRes=128, units='height', win=Window(...))
10.4537 	EXP 	Created number4_2 = ImageStim(__class__=<class 'psychopy.visual.image.ImageStim'>, anchor=('center', 'center'), autoLog=True, color=array([1., 1., 1.]), colorSpace='rgb', contrast=1.0, depth=-16.0, flipHoriz=False, flipVert=False, image='images/4.png', interpolate=True, mask=None, maskParams=None, name='number4_2', opacity=1.0, ori=0.0, pos=array([ 0.4   , -0.3125]), size=array([0.18, 0.18]), texRes=128, units='height', win=Window(...))
10.4540 	EXP 	window1: mouseVisible = True
10.4540 	EXP 	window1: mouseVisible = True
10.4541 	EXP 	window1: mouseVisible = True
10.4717 	EXP 	Created blankScreenAfterResponse_2 = ImageStim(__class__=<class 'psychopy.visual.image.ImageStim'>, anchor=('center', 'center'), autoLog=True, color=array([1., 1., 1.]), colorSpace='rgb', contrast=1.0, depth=-25.0, flipHoriz=False, flipVert=False, image='images/blankScreen.png', interpolate=True, mask=None, maskParams=None, name='blankScreenAfterResponse_2', opacity=1.0, ori=0.0, pos=array([0., 0.]), size=array([1920., 1080.]), texRes=128, units='height', win=Window(...))
10.4853 	EXP 	Created instrTaskText = TextStim(__class__=<class 'psychopy.visual.text.TextStim'>, alignHoriz=method-wrapper(...), alignText='center', alignVert=method-wrapper(...), anchorHoriz='center', anchorVert='center', antialias=True, autoDraw=False, autoLog=True, bold=False, color=array([1., 1., 1.]), colorSpace='rgb', contrast=1.0, depth=0.0, flipHoriz=False, flipVert=False, font='Arial', fontFiles=[], height=0.04, italic=False, languageStyle='LTR', name='instrTaskText', opacity=1.0, ori=0, pos=array([0., 0.]), rgb=UNKNOWN, text=str(...), units='height', win=Window(...), wrapWidth=1)
10.4904 	EXP 	Created blockStart = TextStim(__class__=<class 'psychopy.visual.text.TextStim'>, alignHoriz=method-wrapper(...), alignText='center', alignVert=method-wrapper(...), anchorHoriz='center', anchorVert='center', antialias=True, autoDraw=False, autoLog=True, bold=False, color=array([1., 1., 1.]), colorSpace='rgb', contrast=1.0, depth=0.0, flipHoriz=False, flipVert=False, font='Arial', fontFiles=[], height=0.04, italic=False, languageStyle='LTR', name='blockStart', opacity=1.0, ori=0, pos=array([0., 0.]), rgb=UNKNOWN, text=str(...), units='height', win=Window(...), wrapWidth=1)
10.5037 	EXP 	Set sound_1 sound=A
10.5037 	EXP 	Sound sound_1 set volume 1.000
10.5054 	EXP 	Created fixation = ShapeStim(__class__=<class 'psychopy.visual.shape.ShapeStim'>, anchor=('center', 'center'), autoDraw=False, autoLog=True, closeShape=True, color=method-wrapper(...), colorSpace='rgb', contrast=None, depth=-2.0, fillColor=array([1, 1, 1]), fillColorSpace='rgb', fillRGB=array([1, 1, 1]), interpolate=True, lineColor=array([1., 1., 1.]), lineColorSpace='rgb', lineRGB=array([1, 1, 1]), lineWidth=0.5, name='fixation', opacity=0.75, ori=0.0, pos=array([0., 0.]), size=array([0.05, 0.05]), units='height', vertices=ndarray(...), win=Window(...), windingRule=None)
10.5253 	EXP 	Created screenAfterAudio = ImageStim(__class__=<class 'psychopy.visual.image.ImageStim'>, anchor=('center', 'center'), autoLog=True, color=array([1., 1., 1.]), colorSpace='rgb', contrast=1.0, depth=-4.0, flipHoriz=False, flipVert=False, image='images/grayScreen.png', interpolate=True, mask=None, maskParams=None, name='screenAfterAudio', opacity=1.0, ori=0.0, pos=array([0., 0.]), size=array([0.5, 0.5]), texRes=128.0, units='height', win=Window(...))
10.5384 	EXP 	Created blankScreen = ImageStim(__class__=<class 'psychopy.visual.image.ImageStim'>, anchor=('center', 'center'), autoLog=True, color=array([1., 1., 1.]), colorSpace='rgb', contrast=1.0, depth=-4.0, flipHoriz=False, flipVert=False, image='images/grayScreen.png', interpolate=True, mask=None, maskParams=None, name='blankScreen', opacity=1.0, ori=0.0, pos=array([0., 0.]), size=array([1920., 1080.]), texRes=128, units='height', win=Window(...))
10.5524 	EXP 	Created call1 = ImageStim(__class__=<class 'psychopy.visual.image.ImageStim'>, anchor=('center', 'center'), autoLog=True, color=array([1., 1., 1.]), colorSpace='rgb', contrast=1.0, depth=-5.0, flipHoriz=False, flipVert=False, image='images/adler.png', interpolate=True, mask=None, maskParams=None, name='call1', opacity=1.0, ori=0.0, pos=array([-0.4   ,  0.3125]), size=array([0.18, 0.18]), texRes=128, units='height', win=Window(...))
10.5671 	EXP 	Created call2 = ImageStim(__class__=<class 'psychopy.visual.image.ImageStim'>, anchor=('center', 'center'), autoLog=True, color=array([1., 1., 1.]), colorSpace='rgb', contrast=1.0, depth=-6.0, flipHoriz=False, flipVert=False, image='images/drossel.png', interpolate=True, mask=None, maskParams=None, name='call2', opacity=1.0, ori=0.0, pos=array([-0.4       ,  0.10416667]), size=array([0.18, 0.18]), texRes=128, units='height', win=Window(...))
10.5815 	EXP 	Created call3 = ImageStim(__class__=<class 'psychopy.visual.image.ImageStim'>, anchor=('center', 'center'), autoLog=True, color=array([1., 1., 1.]), colorSpace='rgb', contrast=1.0, depth=-7.0, flipHoriz=False, flipVert=False, image='images/kroete.png', interpolate=True, mask=None, maskParams=None, name='call3', opacity=1.0, ori=0.0, pos=array([-0.4       , -0.10416667]), size=array([0.18, 0.18]), texRes=128, units='height', win=Window(...))
10.5984 	EXP 	Created call4 = ImageStim(__class__=<class 'psychopy.visual.image.ImageStim'>, anchor=('center', 'center'), autoLog=True, color=array([1., 1., 1.]), colorSpace='rgb', contrast=1.0, depth=-8.0, flipHoriz=False, flipVert=False, image='images/tiger.png', interpolate=True, mask=None, maskParams=None, name='call4', opacity=1.0, ori=0.0, pos=array([-0.4   , -0.3125]), size=array([0.18, 0.18]), texRes=128, units='height', win=Window(...))
10.6121 	EXP 	Created colour1 = ImageStim(__class__=<class 'psychopy.visual.image.ImageStim'>, anchor=('center', 'center'), autoLog=True, color=array([1., 1., 1.]), colorSpace='rgb', contrast=1.0, depth=-9.0, flipHoriz=False, flipVert=False, image='images/gelb.png', interpolate=True, mask=None, maskParams=None, name='colour1', opacity=1.0, ori=0.0, pos=array([0.    , 0.3125]), size=array([0.18, 0.18]), texRes=128, units='height', win=Window(...))
10.6253 	EXP 	Created colour2 = ImageStim(__class__=<class 'psychopy.visual.image.ImageStim'>, anchor=('center', 'center'), autoLog=True, color=array([1., 1., 1.]), colorSpace='rgb', contrast=1.0, depth=-10.0, flipHoriz=False, flipVert=False, image='images/gruen.png', interpolate=True, mask=None, maskParams=None, name='colour2', opacity=1.0, ori=0.0, pos=array([0.        , 0.10416667]), size=array([0.18, 0.18]), texRes=128, units='height', win=Window(...))
10.6387 	EXP 	Created colour3 = ImageStim(__class__=<class 'psychopy.visual.image.ImageStim'>, anchor=('center', 'center'), autoLog=True, color=array([1., 1., 1.]), colorSpace='rgb', contrast=1.0, depth=-11.0, flipHoriz=False, flipVert=False, image='images/rot.png', interpolate=True, mask=None, maskParams=None, name='colour3', opacity=1.0, ori=0.0, pos=array([ 0.        , -0.10416667]), size=array([0.18, 0.18]), texRes=128, units='height', win=Window(...))
10.6527 	EXP 	Created colour4 = ImageStim(__class__=<class 'psychopy.visual.image.ImageStim'>, anchor=('center', 'center'), autoLog=True, color=array([1., 1., 1.]), colorSpace='rgb', contrast=1.0, depth=-12.0, flipHoriz=False, flipVert=False, image='images/weiss.png', interpolate=True, mask=None, maskParams=None, name='colour4', opacity=1.0, ori=0.0, pos=array([ 0.    , -0.3125]), size=array([0.18, 0.18]), texRes=128, units='height', win=Window(...))
10.6665 	EXP 	Created number1 = ImageStim(__class__=<class 'psychopy.visual.image.ImageStim'>, anchor=('center', 'center'), autoLog=True, color=array([1., 1., 1.]), colorSpace='rgb', contrast=1.0, depth=-13.0, flipHoriz=False, flipVert=False, image='images/1.png', interpolate=True, mask=None, maskParams=None, name='number1', opacity=1.0, ori=0.0, pos=array([0.4   , 0.3125]), size=array([0.18, 0.18]), texRes=128, units='height', win=Window(...))
10.6792 	EXP 	Created number2 = ImageStim(__class__=<class 'psychopy.visual.image.ImageStim'>, anchor=('center', 'center'), autoLog=True, color=array([1., 1., 1.]), colorSpace='rgb', contrast=1.0, depth=-14.0, flipHoriz=False, flipVert=False, image='images/2.png', interpolate=True, mask=None, maskParams=None, name='number2', opacity=1.0, ori=0.0, pos=array([0.4       , 0.10416667]), size=array([0.18, 0.18]), texRes=128, units='height', win=Window(...))
10.6940 	EXP 	Created number3 = ImageStim(__class__=<class 'psychopy.visual.image.ImageStim'>, anchor=('center', 'center'), autoLog=True, color=array([1., 1., 1.]), colorSpace='rgb', contrast=1.0, depth=-15.0, flipHoriz=False, flipVert=False, image='images/3.png', interpolate=True, mask=None, maskParams=None, name='number3', opacity=1.0, ori=0.0, pos=array([ 0.4       , -0.10416667]), size=array([0.18, 0.18]), texRes=128, units='height', win=Window(...))
10.7074 	EXP 	Created number4 = ImageStim(__class__=<class 'psychopy.visual.image.ImageStim'>, anchor=('center', 'center'), autoLog=True, color=array([1., 1., 1.]), colorSpace='rgb', contrast=1.0, depth=-16.0, flipHoriz=False, flipVert=False, image='images/4.png', interpolate=True, mask=None, maskParams=None, name='number4', opacity=1.0, ori=0.0, pos=array([ 0.4   , -0.3125]), size=array([0.18, 0.18]), texRes=128, units='height', win=Window(...))
10.7074 	EXP 	window1: mouseVisible = True
10.7075 	EXP 	window1: mouseVisible = True
10.7075 	EXP 	window1: mouseVisible = True
10.7201 	EXP 	Created blankScreenAfterResponse = ImageStim(__class__=<class 'psychopy.visual.image.ImageStim'>, anchor=('center', 'center'), autoLog=True, color=array([1., 1., 1.]), colorSpace='rgb', contrast=1.0, depth=-25.0, flipHoriz=False, flipVert=False, image='images/blankScreen.png', interpolate=True, mask=None, maskParams=None, name='blankScreenAfterResponse', opacity=1.0, ori=0.0, pos=array([0., 0.]), size=array([1920., 1080.]), texRes=128, units='height', win=Window(...))
10.7368 	EXP 	Created instrRest_post = TextStim(__class__=<class 'psychopy.visual.text.TextStim'>, alignHoriz=method-wrapper(...), alignText='center', alignVert=method-wrapper(...), anchorHoriz='center', anchorVert='center', antialias=True, autoDraw=False, autoLog=True, bold=False, color=array([1., 1., 1.]), colorSpace='rgb', contrast=1.0, depth=0.0, flipHoriz=False, flipVert=False, font='Arial', fontFiles=[], height=0.04, italic=False, languageStyle='LTR', name='instrRest_post', opacity=1.0, ori=0, pos=array([0., 0.]), rgb=UNKNOWN, text=str(...), units='height', win=Window(...), wrapWidth=1)
10.7391 	EXP 	Created restBlock_2 = TextStim(__class__=<class 'psychopy.visual.text.TextStim'>, alignHoriz=method-wrapper(...), alignText='center', alignVert=method-wrapper(...), anchorHoriz='center', anchorVert='center', antialias=True, autoDraw=False, autoLog=True, bold=False, color=array([1., 1., 1.]), colorSpace='rgb', contrast=1.0, depth=0.0, flipHoriz=False, flipVert=False, font='Arial', fontFiles=[], height=0.04, italic=False, languageStyle='LTR', name='restBlock_2', opacity=1.0, ori=0, pos=array([0., 0.]), rgb=UNKNOWN, text='Begin  block ', units='height', win=Window(...), wrapWidth=1)
10.7442 	EXP 	Created thanksText_end = TextStim(__class__=<class 'psychopy.visual.text.TextStim'>, alignHoriz=method-wrapper(...), alignText='center', alignVert=method-wrapper(...), anchorHoriz='center', anchorVert='center', antialias=True, autoDraw=False, autoLog=True, bold=False, color=array([1., 1., 1.]), colorSpace='rgb', contrast=1.0, depth=0.0, flipHoriz=False, flipVert=False, font='Arial', fontFiles=[], height=0.04, italic=False, languageStyle='LTR', name='thanksText_end', opacity=1.0, ori=0, pos=array([0., 0.]), rgb=UNKNOWN, text=str(...), units='height', win=Window(...), wrapWidth=1)
10.7444 	EXP 	window1: mouseVisible = False
10.7603 	EXP 	instr_start: autoDraw = True
11.7124 	EXP 	window1: mouseVisible = False
11.7143 	DATA 	Keypress: space
11.7278 	EXP 	instr_start: autoDraw = False
11.7278 	EXP 	instrRest_pre: autoDraw = True
11.8820 	EXP 	Set beep_rest_pre_start sound=click_beep.wav
11.8820 	EXP 	window1: mouseVisible = False
11.8853 	EXP 	Set beep_rest_pre_end sound=click_beep.wav
11.8860 	EXP 	Sound beep_rest_pre_start started
11.8885 	DATA 	Keypress: space
11.8945 	EXP 	instrRest_pre: autoDraw = False
11.8945 	EXP 	fixation_1: autoDraw = True
12.3973 	DATA 	Keypress: space
15.8827 	EXP 	Sound beep_rest_pre_end started
15.8985 	EXP 	fixation_1: autoDraw = False
15.8985 	EXP 	screenAfterAudio_3: autoDraw = True
15.8985 	EXP 	screenAfterAudio_3: autoDraw = False
16.8828 	EXP 	Sound beep_rest_pre_end stopped
16.8832 	EXP 	Sound beep_rest_pre_start stopped
16.8832 	EXP 	Sound beep_rest_pre_end stopped
16.8833 	EXP 	window1: mouseVisible = False
16.8986 	EXP 	fixation_1: autoDraw = False
16.8986 	EXP 	screenAfterAudio_3: autoDraw = False
16.8986 	EXP 	instr_start_2: autoDraw = True
17.6117 	EXP 	Imported Example_list.csv as conditions, 2 conditions, 4 params
17.6120 	EXP 	Created sequence: sequential, trialTypes=2, nReps=1, seed=None
17.6122 	EXP 	New trial (rep=0, index=0): OrderedDict([('audiofile', 'audio/NV_DE_Neural2-D_Dr-we-Ei_0.9p.wav'), ('callSign', 'Dr'), ('colour', 'we'), ('number', 'Ei')])
17.6430 	EXP 	Set sound_examples sound=audio/NV_DE_Neural2-D_Dr-we-Ei_0.9p.wav
17.6430 	EXP 	window1: mouseVisible = False
17.6437 	EXP 	Sound sound_examples started
17.6453 	DATA 	Keypress: space
17.6496 	EXP 	instr_start_2: autoDraw = False
17.6496 	EXP 	fixation_2: autoDraw = True
17.7709 	DATA 	Keypress: space
23.1080 	EXP 	Sound sound_examples stopped
23.2339 	EXP 	window1: mouseVisible = False
23.2431 	EXP 	fixation_2: autoDraw = False
23.2431 	EXP 	screenAfterAudio_2: autoDraw = True
23.2431 	EXP 	screenAfterAudio_2: autoDraw = False
23.2431 	EXP 	fixation_2: autoDraw = False
23.2431 	EXP 	screenAfterAudio_2: autoDraw = False
23.2431 	EXP 	call1_2: texRes = 128
23.2431 	EXP 	call2_2: texRes = 128
23.2431 	EXP 	call3_2: texRes = 128
23.2431 	EXP 	call4_2: texRes = 128
23.2431 	EXP 	colour1_2: texRes = 128
23.2431 	EXP 	colour2_2: texRes = 128
23.2431 	EXP 	colour3_2: texRes = 128
23.2431 	EXP 	colour4_2: texRes = 128
23.2431 	EXP 	number1_2: texRes = 128
23.2431 	EXP 	number2_2: texRes = 128
23.2431 	EXP 	number3_2: texRes = 128
23.2431 	EXP 	number4_2: texRes = 128
23.2431 	EXP 	blankScreen_2: autoDraw = True
23.2433 	EXP 	window1: mouseVisible = False
23.2594 	EXP 	window1: mouseVisible = False
23.2764 	EXP 	window1: mouseVisible = False
23.2926 	EXP 	window1: mouseVisible = False
23.3095 	EXP 	window1: mouseVisible = False
23.3264 	EXP 	window1: mouseVisible = False
23.3426 	EXP 	window1: mouseVisible = False
23.3594 	EXP 	window1: mouseVisible = False
23.3765 	EXP 	window1: mouseVisible = False
23.3925 	EXP 	window1: mouseVisible = False
23.4095 	EXP 	window1: mouseVisible = False
23.4266 	EXP 	window1: mouseVisible = False
23.4427 	EXP 	window1: mouseVisible = False
23.4598 	EXP 	window1: mouseVisible = False
23.4768 	EXP 	window1: mouseVisible = False
23.4927 	EXP 	window1: mouseVisible = False
23.5099 	EXP 	window1: mouseVisible = False
23.5268 	EXP 	window1: mouseVisible = False
23.5429 	EXP 	window1: mouseVisible = False
23.5597 	EXP 	window1: mouseVisible = False
23.5767 	EXP 	window1: mouseVisible = False
23.5931 	EXP 	window1: mouseVisible = False
23.6100 	EXP 	window1: mouseVisible = False
23.6263 	EXP 	window1: mouseVisible = False
23.6430 	EXP 	window1: mouseVisible = False
23.6601 	EXP 	window1: mouseVisible = False
23.6761 	EXP 	window1: mouseVisible = False
23.6931 	EXP 	window1: mouseVisible = False
23.7102 	EXP 	window1: mouseVisible = False
23.7264 	EXP 	window1: mouseVisible = False
23.7431 	EXP 	window1: mouseVisible = False
23.7603 	EXP 	window1: mouseVisible = False
23.7764 	EXP 	window1: mouseVisible = False
23.7932 	EXP 	window1: mouseVisible = False
23.8106 	EXP 	window1: mouseVisible = False
23.8265 	EXP 	window1: mouseVisible = False
23.8434 	EXP 	window1: mouseVisible = False
23.8601 	EXP 	window1: mouseVisible = False
23.8767 	EXP 	window1: mouseVisible = False
23.8935 	EXP 	window1: mouseVisible = False
23.9101 	EXP 	window1: mouseVisible = False
23.9268 	EXP 	window1: mouseVisible = False
23.9436 	EXP 	window1: mouseVisible = False
23.9600 	EXP 	window1: mouseVisible = False
23.9768 	EXP 	window1: mouseVisible = False
23.9939 	EXP 	window1: mouseVisible = False
24.0100 	EXP 	window1: mouseVisible = False
24.0267 	EXP 	window1: mouseVisible = False
24.0437 	EXP 	window1: mouseVisible = False
24.0599 	EXP 	window1: mouseVisible = False
24.0770 	EXP 	window1: mouseVisible = False
24.0939 	EXP 	window1: mouseVisible = False
24.1101 	EXP 	window1: mouseVisible = False
24.1270 	EXP 	window1: mouseVisible = False
24.1438 	EXP 	window1: mouseVisible = False
24.1601 	EXP 	window1: mouseVisible = False
24.1770 	EXP 	window1: mouseVisible = False
24.1941 	EXP 	window1: mouseVisible = False
24.2100 	EXP 	window1: mouseVisible = False
24.2273 	EXP 	window1: mouseVisible = False
24.2416 	EXP 	blankScreen_2: autoDraw = False
24.2416 	EXP 	call1_2: autoDraw = True
24.2416 	EXP 	call2_2: autoDraw = True
24.2416 	EXP 	call3_2: autoDraw = True
24.2416 	EXP 	call4_2: autoDraw = True
24.2416 	EXP 	colour1_2: autoDraw = True
24.2416 	EXP 	colour2_2: autoDraw = True
24.2416 	EXP 	colour3_2: autoDraw = True
24.2416 	EXP 	colour4_2: autoDraw = True
24.2416 	EXP 	number1_2: autoDraw = True
24.2416 	EXP 	number2_2: autoDraw = True
24.2416 	EXP 	number3_2: autoDraw = True
24.2416 	EXP 	number4_2: autoDraw = True
24.2417 	EXP 	window1: mouseVisible = False
24.2420 	EXP 	window1: mouseVisible = True
24.2587 	EXP 	window1: mouseVisible = False
24.2589 	EXP 	window1: mouseVisible = True
24.2755 	EXP 	window1: mouseVisible = False
24.2757 	EXP 	window1: mouseVisible = True
24.2923 	EXP 	window1: mouseVisible = False
24.2925 	EXP 	window1: mouseVisible = True
24.3086 	EXP 	window1: mouseVisible = False
24.3089 	EXP 	window1: mouseVisible = True
24.3253 	EXP 	window1: mouseVisible = False
24.3255 	EXP 	window1: mouseVisible = True
24.3422 	EXP 	window1: mouseVisible = False
24.3424 	EXP 	window1: mouseVisible = True
24.3588 	EXP 	window1: mouseVisible = False
24.3590 	EXP 	window1: mouseVisible = True
24.3756 	EXP 	window1: mouseVisible = False
24.3759 	EXP 	window1: mouseVisible = True
24.3920 	EXP 	window1: mouseVisible = False
24.3922 	EXP 	window1: mouseVisible = True
24.4088 	EXP 	window1: mouseVisible = False
24.4090 	EXP 	window1: mouseVisible = True
24.4255 	EXP 	window1: mouseVisible = False
24.4257 	EXP 	window1: mouseVisible = True
24.4421 	EXP 	window1: mouseVisible = False
24.4423 	EXP 	window1: mouseVisible = True
24.4588 	EXP 	window1: mouseVisible = False
24.4590 	EXP 	window1: mouseVisible = True
24.4757 	EXP 	window1: mouseVisible = False
24.4759 	EXP 	window1: mouseVisible = True
24.4921 	EXP 	window1: mouseVisible = False
24.4924 	EXP 	window1: mouseVisible = True
24.5092 	EXP 	window1: mouseVisible = False
24.5095 	EXP 	window1: mouseVisible = True
24.5259 	EXP 	window1: mouseVisible = False
24.5262 	EXP 	window1: mouseVisible = True
24.5423 	EXP 	window1: mouseVisible = False
24.5425 	EXP 	window1: mouseVisible = True
24.5591 	EXP 	window1: mouseVisible = False
24.5593 	EXP 	window1: mouseVisible = True
24.5759 	EXP 	window1: mouseVisible = False
24.5761 	EXP 	window1: mouseVisible = True
24.5923 	EXP 	window1: mouseVisible = False
24.5926 	EXP 	window1: mouseVisible = True
24.6089 	EXP 	window1: mouseVisible = False
24.6091 	EXP 	window1: mouseVisible = True
24.6259 	EXP 	window1: mouseVisible = False
24.6261 	EXP 	window1: mouseVisible = True
24.6424 	EXP 	window1: mouseVisible = False
24.6426 	EXP 	window1: mouseVisible = True
24.6593 	EXP 	window1: mouseVisible = False
24.6595 	EXP 	window1: mouseVisible = True
24.6759 	EXP 	window1: mouseVisible = False
24.6762 	EXP 	window1: mouseVisible = True
24.6924 	EXP 	window1: mouseVisible = False
24.6926 	EXP 	window1: mouseVisible = True
24.7091 	EXP 	window1: mouseVisible = False
24.7093 	EXP 	window1: mouseVisible = True
24.7256 	EXP 	window1: mouseVisible = False
24.7259 	EXP 	window1: mouseVisible = True
24.7427 	EXP 	window1: mouseVisible = False
24.7430 	EXP 	window1: mouseVisible = True
24.7592 	EXP 	window1: mouseVisible = False
24.7594 	EXP 	window1: mouseVisible = True
24.7757 	EXP 	window1: mouseVisible = False
24.7759 	EXP 	window1: mouseVisible = True
24.7925 	EXP 	window1: mouseVisible = False
24.7927 	EXP 	window1: mouseVisible = True
24.8093 	EXP 	window1: mouseVisible = False
24.8095 	EXP 	window1: mouseVisible = True
24.8258 	EXP 	window1: mouseVisible = False
24.8260 	EXP 	window1: mouseVisible = True
24.8425 	EXP 	window1: mouseVisible = False
24.8427 	EXP 	window1: mouseVisible = True
24.8594 	EXP 	window1: mouseVisible = False
24.8596 	EXP 	window1: mouseVisible = True
24.8758 	EXP 	window1: mouseVisible = False
24.8759 	EXP 	window1: mouseVisible = True
24.8925 	EXP 	window1: mouseVisible = False
24.8927 	EXP 	window1: mouseVisible = True
24.9093 	EXP 	window1: mouseVisible = False
24.9095 	EXP 	window1: mouseVisible = True
24.9259 	EXP 	window1: mouseVisible = False
24.9262 	EXP 	window1: mouseVisible = True
24.9426 	EXP 	window1: mouseVisible = False
24.9428 	EXP 	window1: mouseVisible = True
24.9594 	EXP 	window1: mouseVisible = False
24.9597 	EXP 	window1: mouseVisible = True
24.9759 	EXP 	window1: mouseVisible = False
24.9762 	EXP 	window1: mouseVisible = True
24.9927 	EXP 	window1: mouseVisible = False
24.9928 	EXP 	window1: mouseVisible = True
25.0092 	EXP 	window1: mouseVisible = False
25.0094 	EXP 	window1: mouseVisible = True
25.0260 	EXP 	window1: mouseVisible = False
25.0262 	EXP 	window1: mouseVisible = True
25.0429 	EXP 	window1: mouseVisible = False
25.0431 	EXP 	window1: mouseVisible = True
25.0592 	EXP 	window1: mouseVisible = False
25.0595 	EXP 	window1: mouseVisible = True
25.0760 	EXP 	window1: mouseVisible = False
25.0763 	EXP 	window1: mouseVisible = True
25.0928 	EXP 	window1: mouseVisible = False
25.0931 	EXP 	window1: mouseVisible = True
25.1094 	EXP 	window1: mouseVisible = False
25.1096 	EXP 	window1: mouseVisible = True
25.1262 	EXP 	window1: mouseVisible = False
25.1265 	EXP 	window1: mouseVisible = True
25.1268 	DATA 	Mouse: Left button down, pos=(653,1182)
25.1555 	EXP 	call2_2: texRes = 128
25.1555 	EXP 	call3_2: texRes = 128
25.1555 	EXP 	call4_2: texRes = 128
25.1557 	EXP 	window1: mouseVisible = False
25.1559 	EXP 	window1: mouseVisible = True
25.1729 	EXP 	window1: mouseVisible = False
25.1732 	EXP 	window1: mouseVisible = True
25.1900 	EXP 	window1: mouseVisible = False
25.1902 	EXP 	window1: mouseVisible = True
25.2069 	EXP 	window1: mouseVisible = False
25.2071 	EXP 	window1: mouseVisible = True
25.2074 	DATA 	Mouse:  Left button up, pos=(656,1181)
25.2224 	EXP 	window1: mouseVisible = False
25.2226 	EXP 	window1: mouseVisible = True
25.2390 	EXP 	window1: mouseVisible = False
25.2392 	EXP 	window1: mouseVisible = True
25.2558 	EXP 	window1: mouseVisible = False
25.2559 	EXP 	window1: mouseVisible = True
25.2724 	EXP 	window1: mouseVisible = False
25.2727 	EXP 	window1: mouseVisible = True
25.2891 	EXP 	window1: mouseVisible = False
25.2894 	EXP 	window1: mouseVisible = True
25.3058 	EXP 	window1: mouseVisible = False
25.3061 	EXP 	window1: mouseVisible = True
25.3224 	EXP 	window1: mouseVisible = False
25.3226 	EXP 	window1: mouseVisible = True
25.3392 	EXP 	window1: mouseVisible = False
25.3396 	EXP 	window1: mouseVisible = True
25.3557 	EXP 	window1: mouseVisible = False
25.3559 	EXP 	window1: mouseVisible = True
25.3724 	EXP 	window1: mouseVisible = False
25.3727 	EXP 	window1: mouseVisible = True
25.3890 	EXP 	window1: mouseVisible = False
25.3892 	EXP 	window1: mouseVisible = True
25.4059 	EXP 	window1: mouseVisible = False
25.4061 	EXP 	window1: mouseVisible = True
25.4224 	EXP 	window1: mouseVisible = False
25.4226 	EXP 	window1: mouseVisible = True
25.4391 	EXP 	window1: mouseVisible = False
25.4393 	EXP 	window1: mouseVisible = True
25.4560 	EXP 	window1: mouseVisible = False
25.4562 	EXP 	window1: mouseVisible = True
25.4725 	EXP 	window1: mouseVisible = False
25.4727 	EXP 	window1: mouseVisible = True
25.4892 	EXP 	window1: mouseVisible = False
25.4894 	EXP 	window1: mouseVisible = True
25.5059 	EXP 	window1: mouseVisible = False
25.5061 	EXP 	window1: mouseVisible = True
25.5225 	EXP 	window1: mouseVisible = False
25.5227 	EXP 	window1: mouseVisible = True
25.5394 	EXP 	window1: mouseVisible = False
25.5397 	EXP 	window1: mouseVisible = True
25.5561 	EXP 	window1: mouseVisible = False
25.5564 	EXP 	window1: mouseVisible = True
25.5728 	EXP 	window1: mouseVisible = False
25.5731 	EXP 	window1: mouseVisible = True
25.5894 	EXP 	window1: mouseVisible = False
25.5896 	EXP 	window1: mouseVisible = True
25.6060 	EXP 	window1: mouseVisible = False
25.6063 	EXP 	window1: mouseVisible = True
25.6226 	EXP 	window1: mouseVisible = False
25.6229 	EXP 	window1: mouseVisible = True
25.6393 	EXP 	window1: mouseVisible = False
25.6395 	EXP 	window1: mouseVisible = True
25.6561 	EXP 	window1: mouseVisible = False
25.6564 	EXP 	window1: mouseVisible = True
25.6567 	DATA 	Mouse: Left button down, pos=(1283,876)
25.6893 	EXP 	colour1_2: texRes = 128
25.6893 	EXP 	colour3_2: texRes = 128
25.6893 	EXP 	colour4_2: texRes = 128
25.6895 	EXP 	window1: mouseVisible = False
25.6898 	EXP 	window1: mouseVisible = True
25.7062 	EXP 	window1: mouseVisible = False
25.7065 	EXP 	window1: mouseVisible = True
25.7227 	EXP 	window1: mouseVisible = False
25.7230 	EXP 	window1: mouseVisible = True
25.7232 	DATA 	Mouse:  Left button up, pos=(1283,876)
25.7394 	EXP 	window1: mouseVisible = False
25.7396 	EXP 	window1: mouseVisible = True
25.7561 	EXP 	window1: mouseVisible = False
25.7563 	EXP 	window1: mouseVisible = True
25.7727 	EXP 	window1: mouseVisible = False
25.7729 	EXP 	window1: mouseVisible = True
25.7895 	EXP 	window1: mouseVisible = False
25.7898 	EXP 	window1: mouseVisible = True
25.8062 	EXP 	window1: mouseVisible = False
25.8066 	EXP 	window1: mouseVisible = True
25.8227 	EXP 	window1: mouseVisible = False
25.8229 	EXP 	window1: mouseVisible = True
25.8396 	EXP 	window1: mouseVisible = False
25.8400 	EXP 	window1: mouseVisible = True
25.8562 	EXP 	window1: mouseVisible = False
25.8564 	EXP 	window1: mouseVisible = True
25.8728 	EXP 	window1: mouseVisible = False
25.8730 	EXP 	window1: mouseVisible = True
25.8896 	EXP 	window1: mouseVisible = False
25.8898 	EXP 	window1: mouseVisible = True
25.9063 	EXP 	window1: mouseVisible = False
25.9065 	EXP 	window1: mouseVisible = True
25.9230 	EXP 	window1: mouseVisible = False
25.9232 	EXP 	window1: mouseVisible = True
25.9397 	EXP 	window1: mouseVisible = False
25.9399 	EXP 	window1: mouseVisible = True
25.9563 	EXP 	window1: mouseVisible = False
25.9565 	EXP 	window1: mouseVisible = True
25.9728 	EXP 	window1: mouseVisible = False
25.9730 	EXP 	window1: mouseVisible = True
25.9897 	EXP 	window1: mouseVisible = False
25.9900 	EXP 	window1: mouseVisible = True
25.9902 	DATA 	Mouse: Left button down, pos=(1975,1131)
26.0031 	EXP 	New trial (rep=0, index=1): OrderedDict([('audiofile', 'audio/NV_DE_Neural2-D_Dr-we-Ei_0.3p.wav'), ('callSign', 'Dr'), ('colour', 'we'), ('number', 'Ei')])
26.0277 	EXP 	Set sound_examples sound=audio/NV_DE_Neural2-D_Dr-we-Ei_0.3p.wav
26.0278 	EXP 	window1: mouseVisible = False
26.0285 	EXP 	Sound sound_examples started
26.0396 	EXP 	number2_2: texRes = 128
26.0396 	EXP 	number3_2: texRes = 128
26.0396 	EXP 	number4_2: texRes = 128
26.0396 	EXP 	blankScreen_2: autoDraw = False
26.0396 	EXP 	call1_2: autoDraw = False
26.0396 	EXP 	call2_2: autoDraw = False
26.0396 	EXP 	call3_2: autoDraw = False
26.0396 	EXP 	call4_2: autoDraw = False
26.0396 	EXP 	colour1_2: autoDraw = False
26.0396 	EXP 	colour2_2: autoDraw = False
26.0396 	EXP 	colour3_2: autoDraw = False
26.0396 	EXP 	colour4_2: autoDraw = False
26.0396 	EXP 	number1_2: autoDraw = False
26.0396 	EXP 	number2_2: autoDraw = False
26.0396 	EXP 	number3_2: autoDraw = False
26.0396 	EXP 	number4_2: autoDraw = False
26.0396 	EXP 	blankScreenAfterResponse_2: autoDraw = False
26.0396 	EXP 	fixation_2: autoDraw = True
26.0914 	DATA 	Mouse:  Left button up, pos=(1975,1131)
31.4949 	EXP 	Sound sound_examples stopped
31.5409 	EXP 	window1: mouseVisible = False
31.5483 	EXP 	fixation_2: autoDraw = False
31.5483 	EXP 	screenAfterAudio_2: autoDraw = True
31.5483 	EXP 	screenAfterAudio_2: autoDraw = False
31.5483 	EXP 	fixation_2: autoDraw = False
31.5483 	EXP 	screenAfterAudio_2: autoDraw = False
31.5483 	EXP 	call1_2: texRes = 128
31.5483 	EXP 	call2_2: texRes = 128
31.5483 	EXP 	call3_2: texRes = 128
31.5483 	EXP 	call4_2: texRes = 128
31.5483 	EXP 	colour1_2: texRes = 128
31.5483 	EXP 	colour2_2: texRes = 128
31.5483 	EXP 	colour3_2: texRes = 128
31.5483 	EXP 	colour4_2: texRes = 128
31.5483 	EXP 	number1_2: texRes = 128
31.5483 	EXP 	number2_2: texRes = 128
31.5483 	EXP 	number3_2: texRes = 128
31.5483 	EXP 	number4_2: texRes = 128
31.5483 	EXP 	blankScreen_2: autoDraw = True
31.5485 	EXP 	window1: mouseVisible = False
31.5662 	EXP 	window1: mouseVisible = False
31.5828 	EXP 	window1: mouseVisible = False
31.6001 	EXP 	window1: mouseVisible = False
31.6164 	EXP 	window1: mouseVisible = False
31.6331 	EXP 	window1: mouseVisible = False
31.6503 	EXP 	window1: mouseVisible = False
31.6665 	EXP 	window1: mouseVisible = False
31.6831 	EXP 	window1: mouseVisible = False
31.7001 	EXP 	window1: mouseVisible = False
31.7166 	EXP 	window1: mouseVisible = False
31.7335 	EXP 	window1: mouseVisible = False
31.7496 	EXP 	window1: mouseVisible = False
31.7663 	EXP 	window1: mouseVisible = False
31.7832 	EXP 	window1: mouseVisible = False
31.8000 	EXP 	window1: mouseVisible = False
31.8165 	EXP 	window1: mouseVisible = False
31.8330 	EXP 	window1: mouseVisible = False
31.8502 	EXP 	window1: mouseVisible = False
31.8667 	EXP 	window1: mouseVisible = False
31.8830 	EXP 	window1: mouseVisible = False
31.8997 	EXP 	window1: mouseVisible = False
31.9166 	EXP 	window1: mouseVisible = False
31.9337 	EXP 	window1: mouseVisible = False
31.9498 	EXP 	window1: mouseVisible = False
31.9667 	EXP 	window1: mouseVisible = False
31.9835 	EXP 	window1: mouseVisible = False
31.9999 	EXP 	window1: mouseVisible = False
32.0167 	EXP 	window1: mouseVisible = False
32.0338 	EXP 	window1: mouseVisible = False
32.0501 	EXP 	window1: mouseVisible = False
32.0669 	EXP 	window1: mouseVisible = False
32.0833 	EXP 	window1: mouseVisible = False
32.0999 	EXP 	window1: mouseVisible = False
32.1171 	EXP 	window1: mouseVisible = False
32.1333 	EXP 	window1: mouseVisible = False
32.1501 	EXP 	window1: mouseVisible = False
32.1666 	EXP 	window1: mouseVisible = False
32.1839 	EXP 	window1: mouseVisible = False
32.2001 	EXP 	window1: mouseVisible = False
32.2166 	EXP 	window1: mouseVisible = False
32.2335 	EXP 	window1: mouseVisible = False
32.2501 	EXP 	window1: mouseVisible = False
32.2673 	EXP 	window1: mouseVisible = False
32.2833 	EXP 	window1: mouseVisible = False
32.3002 	EXP 	window1: mouseVisible = False
32.3171 	EXP 	window1: mouseVisible = False
32.3335 	EXP 	window1: mouseVisible = False
32.3505 	EXP 	window1: mouseVisible = False
32.3669 	EXP 	window1: mouseVisible = False
32.3835 	EXP 	window1: mouseVisible = False
32.4006 	EXP 	window1: mouseVisible = False
32.4169 	EXP 	window1: mouseVisible = False
32.4336 	EXP 	window1: mouseVisible = False
32.4508 	EXP 	window1: mouseVisible = False
32.4672 	EXP 	window1: mouseVisible = False
32.4837 	EXP 	window1: mouseVisible = False
32.5006 	EXP 	window1: mouseVisible = False
32.5168 	EXP 	window1: mouseVisible = False
32.5337 	EXP 	window1: mouseVisible = False
32.5616 	EXP 	blankScreen_2: autoDraw = False
32.5616 	EXP 	call1_2: autoDraw = True
32.5616 	EXP 	call2_2: autoDraw = True
32.5616 	EXP 	call3_2: autoDraw = True
32.5616 	EXP 	call4_2: autoDraw = True
32.5616 	EXP 	colour1_2: autoDraw = True
32.5616 	EXP 	colour2_2: autoDraw = True
32.5616 	EXP 	colour3_2: autoDraw = True
32.5616 	EXP 	colour4_2: autoDraw = True
32.5616 	EXP 	number1_2: autoDraw = True
32.5616 	EXP 	number2_2: autoDraw = True
32.5616 	EXP 	number3_2: autoDraw = True
32.5616 	EXP 	number4_2: autoDraw = True
32.5618 	EXP 	window1: mouseVisible = False
32.5620 	EXP 	window1: mouseVisible = True
32.5792 	EXP 	window1: mouseVisible = False
32.5794 	EXP 	window1: mouseVisible = True
32.5950 	EXP 	window1: mouseVisible = False
32.5954 	EXP 	window1: mouseVisible = True
32.6123 	EXP 	window1: mouseVisible = False
32.6125 	EXP 	window1: mouseVisible = True
32.6284 	EXP 	window1: mouseVisible = False
32.6287 	EXP 	window1: mouseVisible = True
32.6452 	EXP 	window1: mouseVisible = False
32.6454 	EXP 	window1: mouseVisible = True
32.6619 	EXP 	window1: mouseVisible = False
32.6621 	EXP 	window1: mouseVisible = True
32.6785 	EXP 	window1: mouseVisible = False
32.6787 	EXP 	window1: mouseVisible = True
32.6951 	EXP 	window1: mouseVisible = False
32.6953 	EXP 	window1: mouseVisible = True
32.7119 	EXP 	window1: mouseVisible = False
32.7123 	EXP 	window1: mouseVisible = True
32.7286 	EXP 	window1: mouseVisible = False
32.7290 	EXP 	window1: mouseVisible = True
32.7454 	EXP 	window1: mouseVisible = False
32.7456 	EXP 	window1: mouseVisible = True
32.7618 	EXP 	window1: mouseVisible = False
32.7620 	EXP 	window1: mouseVisible = True
32.7788 	EXP 	window1: mouseVisible = False
32.7790 	EXP 	window1: mouseVisible = True
32.7952 	EXP 	window1: mouseVisible = False
32.7955 	EXP 	window1: mouseVisible = True
32.8119 	EXP 	window1: mouseVisible = False
32.8121 	EXP 	window1: mouseVisible = True
32.8285 	EXP 	window1: mouseVisible = False
32.8287 	EXP 	window1: mouseVisible = True
32.8453 	EXP 	window1: mouseVisible = False
32.8455 	EXP 	window1: mouseVisible = True
32.8620 	EXP 	window1: mouseVisible = False
32.8622 	EXP 	window1: mouseVisible = True
32.8787 	EXP 	window1: mouseVisible = False
32.8789 	EXP 	window1: mouseVisible = True
32.8955 	EXP 	window1: mouseVisible = False
32.8957 	EXP 	window1: mouseVisible = True
32.9120 	EXP 	window1: mouseVisible = False
32.9123 	EXP 	window1: mouseVisible = True
32.9286 	EXP 	window1: mouseVisible = False
32.9288 	EXP 	window1: mouseVisible = True
32.9455 	EXP 	window1: mouseVisible = False
32.9459 	EXP 	window1: mouseVisible = True
32.9621 	EXP 	window1: mouseVisible = False
32.9625 	EXP 	window1: mouseVisible = True
32.9787 	EXP 	window1: mouseVisible = False
32.9790 	EXP 	window1: mouseVisible = True
32.9953 	EXP 	window1: mouseVisible = False
32.9956 	EXP 	window1: mouseVisible = True
33.0121 	EXP 	window1: mouseVisible = False
33.0124 	EXP 	window1: mouseVisible = True
33.0288 	EXP 	window1: mouseVisible = False
33.0290 	EXP 	window1: mouseVisible = True
33.0457 	EXP 	window1: mouseVisible = False
33.0459 	EXP 	window1: mouseVisible = True
33.0620 	EXP 	window1: mouseVisible = False
33.0622 	EXP 	window1: mouseVisible = True
33.0787 	EXP 	window1: mouseVisible = False
33.0789 	EXP 	window1: mouseVisible = True
33.0955 	EXP 	window1: mouseVisible = False
33.0958 	EXP 	window1: mouseVisible = True
33.1122 	EXP 	window1: mouseVisible = False
33.1124 	EXP 	window1: mouseVisible = True
33.1288 	EXP 	window1: mouseVisible = False
33.1289 	EXP 	window1: mouseVisible = True
33.1456 	EXP 	window1: mouseVisible = False
33.1459 	EXP 	window1: mouseVisible = True
33.1622 	EXP 	window1: mouseVisible = False
33.1624 	EXP 	window1: mouseVisible = True
33.1788 	EXP 	window1: mouseVisible = False
33.1790 	EXP 	window1: mouseVisible = True
33.1956 	EXP 	window1: mouseVisible = False
33.1959 	EXP 	window1: mouseVisible = True
33.2122 	EXP 	window1: mouseVisible = False
33.2125 	EXP 	window1: mouseVisible = True
33.2290 	EXP 	window1: mouseVisible = False
33.2292 	EXP 	window1: mouseVisible = True
33.2457 	EXP 	window1: mouseVisible = False
33.2460 	EXP 	window1: mouseVisible = True
33.2623 	EXP 	window1: mouseVisible = False
33.2625 	EXP 	window1: mouseVisible = True
33.2791 	EXP 	window1: mouseVisible = False
33.2793 	EXP 	window1: mouseVisible = True
33.2957 	EXP 	window1: mouseVisible = False
33.2961 	EXP 	window1: mouseVisible = True
33.3124 	EXP 	window1: mouseVisible = False
33.3126 	EXP 	window1: mouseVisible = True
33.3291 	EXP 	window1: mouseVisible = False
33.3293 	EXP 	window1: mouseVisible = True
33.3459 	EXP 	window1: mouseVisible = False
33.3461 	EXP 	window1: mouseVisible = True
33.3623 	EXP 	window1: mouseVisible = False
33.3625 	EXP 	window1: mouseVisible = True
33.3791 	EXP 	window1: mouseVisible = False
33.3794 	EXP 	window1: mouseVisible = True
33.3958 	EXP 	window1: mouseVisible = False
33.3962 	EXP 	window1: mouseVisible = True
33.3967 	DATA 	Mouse: Left button down, pos=(739,1152)
33.4289 	EXP 	call2_2: texRes = 128
33.4289 	EXP 	call3_2: texRes = 128
33.4289 	EXP 	call4_2: texRes = 128
33.4291 	EXP 	window1: mouseVisible = False
33.4293 	EXP 	window1: mouseVisible = True
33.4459 	EXP 	window1: mouseVisible = False
33.4462 	EXP 	window1: mouseVisible = True
33.4624 	EXP 	window1: mouseVisible = False
33.4626 	EXP 	window1: mouseVisible = True
33.4792 	EXP 	window1: mouseVisible = False
33.4796 	EXP 	window1: mouseVisible = True
33.4961 	EXP 	window1: mouseVisible = False
33.4965 	EXP 	window1: mouseVisible = True
33.4968 	DATA 	Mouse:  Left button up, pos=(738,1152)
33.5126 	EXP 	window1: mouseVisible = False
33.5127 	EXP 	window1: mouseVisible = True
33.5292 	EXP 	window1: mouseVisible = False
33.5295 	EXP 	window1: mouseVisible = True
33.5459 	EXP 	window1: mouseVisible = False
33.5462 	EXP 	window1: mouseVisible = True
33.5625 	EXP 	window1: mouseVisible = False
33.5627 	EXP 	window1: mouseVisible = True
33.5792 	EXP 	window1: mouseVisible = False
33.5794 	EXP 	window1: mouseVisible = True
33.5959 	EXP 	window1: mouseVisible = False
33.5962 	EXP 	window1: mouseVisible = True
33.6126 	EXP 	window1: mouseVisible = False
33.6128 	EXP 	window1: mouseVisible = True
33.6293 	EXP 	window1: mouseVisible = False
33.6296 	EXP 	window1: mouseVisible = True
33.6461 	EXP 	window1: mouseVisible = False
33.6464 	EXP 	window1: mouseVisible = True
33.6626 	EXP 	window1: mouseVisible = False
33.6629 	EXP 	window1: mouseVisible = True
33.6794 	EXP 	window1: mouseVisible = False
33.6797 	EXP 	window1: mouseVisible = True
33.6962 	EXP 	window1: mouseVisible = False
33.6965 	EXP 	window1: mouseVisible = True
33.7126 	EXP 	window1: mouseVisible = False
33.7128 	EXP 	window1: mouseVisible = True
33.7294 	EXP 	window1: mouseVisible = False
33.7297 	EXP 	window1: mouseVisible = True
33.7459 	EXP 	window1: mouseVisible = False
33.7461 	EXP 	window1: mouseVisible = True
33.7627 	EXP 	window1: mouseVisible = False
33.7628 	EXP 	window1: mouseVisible = True
33.7794 	EXP 	window1: mouseVisible = False
33.7797 	EXP 	window1: mouseVisible = True
33.7961 	EXP 	window1: mouseVisible = False
33.7963 	EXP 	window1: mouseVisible = True
33.8127 	EXP 	window1: mouseVisible = False
33.8129 	EXP 	window1: mouseVisible = True
33.8295 	EXP 	window1: mouseVisible = False
33.8298 	EXP 	window1: mouseVisible = True
33.8460 	EXP 	window1: mouseVisible = False
33.8462 	EXP 	window1: mouseVisible = True
33.8627 	EXP 	window1: mouseVisible = False
33.8629 	EXP 	window1: mouseVisible = True
33.8794 	EXP 	window1: mouseVisible = False
33.8796 	EXP 	window1: mouseVisible = True
33.8962 	EXP 	window1: mouseVisible = False
33.8964 	EXP 	window1: mouseVisible = True
33.9130 	EXP 	window1: mouseVisible = False
33.9132 	EXP 	window1: mouseVisible = True
33.9294 	EXP 	window1: mouseVisible = False
33.9298 	EXP 	window1: mouseVisible = True
33.9463 	EXP 	window1: mouseVisible = False
33.9466 	EXP 	window1: mouseVisible = True
33.9629 	EXP 	window1: mouseVisible = False
33.9632 	EXP 	window1: mouseVisible = True
33.9795 	EXP 	window1: mouseVisible = False
33.9797 	EXP 	window1: mouseVisible = True
33.9962 	EXP 	window1: mouseVisible = False
33.9965 	EXP 	window1: mouseVisible = True
34.0134 	EXP 	window1: mouseVisible = False
34.0136 	EXP 	window1: mouseVisible = True
34.0297 	EXP 	window1: mouseVisible = False
34.0299 	EXP 	window1: mouseVisible = True
34.0462 	EXP 	window1: mouseVisible = False
34.0464 	EXP 	window1: mouseVisible = True
34.0630 	EXP 	window1: mouseVisible = False
34.0632 	EXP 	window1: mouseVisible = True
34.0797 	EXP 	window1: mouseVisible = False
34.0799 	EXP 	window1: mouseVisible = True
34.0964 	EXP 	window1: mouseVisible = False
34.0966 	EXP 	window1: mouseVisible = True
34.1129 	EXP 	window1: mouseVisible = False
34.1131 	EXP 	window1: mouseVisible = True
34.1298 	EXP 	window1: mouseVisible = False
34.1300 	EXP 	window1: mouseVisible = True
34.1464 	EXP 	window1: mouseVisible = False
34.1467 	EXP 	window1: mouseVisible = True
34.1491 	DATA 	Mouse: Left button down, pos=(1221,933)
34.1629 	EXP 	window1: mouseVisible = False
34.1631 	EXP 	window1: mouseVisible = True
34.1963 	EXP 	colour1_2: texRes = 128
34.1963 	EXP 	colour3_2: texRes = 128
34.1963 	EXP 	colour4_2: texRes = 128
34.1967 	EXP 	window1: mouseVisible = False
34.1969 	EXP 	window1: mouseVisible = True
34.2131 	EXP 	window1: mouseVisible = False
34.2133 	EXP 	window1: mouseVisible = True
34.2299 	EXP 	window1: mouseVisible = False
34.2302 	EXP 	window1: mouseVisible = True
34.2465 	EXP 	window1: mouseVisible = False
34.2467 	EXP 	window1: mouseVisible = True
34.2470 	DATA 	Mouse:  Left button up, pos=(1224,936)
34.2630 	EXP 	window1: mouseVisible = False
34.2632 	EXP 	window1: mouseVisible = True
34.2799 	EXP 	window1: mouseVisible = False
34.2801 	EXP 	window1: mouseVisible = True
34.2966 	EXP 	window1: mouseVisible = False
34.2968 	EXP 	window1: mouseVisible = True
34.3131 	EXP 	window1: mouseVisible = False
34.3133 	EXP 	window1: mouseVisible = True
34.3301 	EXP 	window1: mouseVisible = False
34.3304 	EXP 	window1: mouseVisible = True
34.3466 	EXP 	window1: mouseVisible = False
34.3468 	EXP 	window1: mouseVisible = True
34.3631 	EXP 	window1: mouseVisible = False
34.3633 	EXP 	window1: mouseVisible = True
34.3799 	EXP 	window1: mouseVisible = False
34.3800 	EXP 	window1: mouseVisible = True
34.3965 	EXP 	window1: mouseVisible = False
34.3967 	EXP 	window1: mouseVisible = True
34.4131 	EXP 	window1: mouseVisible = False
34.4133 	EXP 	window1: mouseVisible = True
34.4300 	EXP 	window1: mouseVisible = False
34.4303 	EXP 	window1: mouseVisible = True
34.4471 	EXP 	window1: mouseVisible = False
34.4476 	EXP 	window1: mouseVisible = True
34.4632 	EXP 	window1: mouseVisible = False
34.4634 	EXP 	window1: mouseVisible = True
34.4801 	EXP 	window1: mouseVisible = False
34.4805 	EXP 	window1: mouseVisible = True
34.4966 	EXP 	window1: mouseVisible = False
34.4968 	EXP 	window1: mouseVisible = True
34.5134 	EXP 	window1: mouseVisible = False
34.5136 	EXP 	window1: mouseVisible = True
34.5301 	EXP 	window1: mouseVisible = False
34.5304 	EXP 	window1: mouseVisible = True
34.5467 	EXP 	window1: mouseVisible = False
34.5469 	EXP 	window1: mouseVisible = True
34.5635 	EXP 	window1: mouseVisible = False
34.5638 	EXP 	window1: mouseVisible = True
34.5801 	EXP 	window1: mouseVisible = False
34.5804 	EXP 	window1: mouseVisible = True
34.5968 	EXP 	window1: mouseVisible = False
34.5970 	EXP 	window1: mouseVisible = True
34.6133 	EXP 	window1: mouseVisible = False
34.6135 	EXP 	window1: mouseVisible = True
34.6301 	EXP 	window1: mouseVisible = False
34.6303 	EXP 	window1: mouseVisible = True
34.6467 	EXP 	window1: mouseVisible = False
34.6469 	EXP 	window1: mouseVisible = True
34.6635 	EXP 	window1: mouseVisible = False
34.6637 	EXP 	window1: mouseVisible = True
34.6804 	EXP 	window1: mouseVisible = False
34.6807 	EXP 	window1: mouseVisible = True
34.6967 	EXP 	window1: mouseVisible = False
34.6970 	EXP 	window1: mouseVisible = True
34.7135 	EXP 	window1: mouseVisible = False
34.7137 	EXP 	window1: mouseVisible = True
34.7302 	EXP 	window1: mouseVisible = False
34.7305 	EXP 	window1: mouseVisible = True
34.7308 	DATA 	Mouse: Left button down, pos=(1860,1197)
34.7946 	EXP 	window1: mouseVisible = False
34.7999 	EXP 	number2_2: texRes = 128
34.7999 	EXP 	number3_2: texRes = 128
34.7999 	EXP 	number4_2: texRes = 128
34.7999 	EXP 	blankScreen_2: autoDraw = False
34.7999 	EXP 	call1_2: autoDraw = False
34.7999 	EXP 	call2_2: autoDraw = False
34.7999 	EXP 	call3_2: autoDraw = False
34.7999 	EXP 	call4_2: autoDraw = False
34.7999 	EXP 	colour1_2: autoDraw = False
34.7999 	EXP 	colour2_2: autoDraw = False
34.7999 	EXP 	colour3_2: autoDraw = False
34.7999 	EXP 	colour4_2: autoDraw = False
34.7999 	EXP 	number1_2: autoDraw = False
34.7999 	EXP 	number2_2: autoDraw = False
34.7999 	EXP 	number3_2: autoDraw = False
34.7999 	EXP 	number4_2: autoDraw = False
34.7999 	EXP 	blankScreenAfterResponse_2: autoDraw = False
34.8511 	DATA 	Mouse:  Left button up, pos=(1861,1197)
44.7429 	DATA 	Keypress: escape
46.0685 	EXP 	window1: mouseVisible = True
