1.8835 	WARNING 	We strongly recommend you activate the PTB sound engine in PsychoPy prefs as the preferred audio engine. Its timing is vastly superior. Your prefs are currently set to use ['pyo'] (in that order).
6.2441 	EXP 	Created window1 = Window(allowGUI=True, allowStencil=False, autoLog=True, backendConf=UNKNOWN, bitsMode=UNKNOWN, blendMode='avg', bpc=(8, 8, 8), color=array([0, 0, 0]), colorSpace='rgb', depthBits=8, fullscr=<method-wrapper '__getattribute__' of attributeSetter object at 0x000001DD6DE80D90>, gamma=None, gammaErrorPolicy='raise', lms=UNKNOWN, monitor=<psychopy.monitors.calibTools.Monitor object at 0x000001DD181788E0>, multiSample=False, name='window1', numSamples=2, pos=(0, 0), screen=0, size=array([2560, 1440]), stencilBits=0, stereo=False, units='height', useFBO=True, useRetina=False, viewOri=0.0, viewPos=None, viewScale=None, waitBlanking=True, winType='pyglet')
6.2442 	EXP 	window1: mouseVisible = True
6.2443 	EXP 	window1: mouseVisible = False
6.2443 	EXP 	window1: Attempting to measure frame rate of screen (0) ...
6.2443 	EXP 	window1: recordFrameIntervals = False
6.4111 	EXP 	window1: recordFrameIntervals = True
6.5939 	EXP 	Screen (0) actual frame rate measured at 59.99Hz
6.5940 	EXP 	window1: recordFrameIntervals = False
8.2946 	EXP 	Created instr_start = TextStim(__class__=<class 'psychopy.visual.text.TextStim'>, alignHoriz=method-wrapper(...), alignText='center', alignVert=method-wrapper(...), anchorHoriz='center', anchorVert='center', antialias=True, autoDraw=False, autoLog=True, bold=False, color=array([1., 1., 1.]), colorSpace='rgb', contrast=1.0, depth=0.0, flipHoriz=False, flipVert=False, font='Arial', fontFiles=[], height=0.04, italic=False, languageStyle='LTR', name='instr_start', opacity=1.0, ori=0, pos=array([0., 0.]), rgb=UNKNOWN, text=str(...), units='height', win=Window(...), wrapWidth=1)
8.3125 	EXP 	Created instrRest_pre = TextStim(__class__=<class 'psychopy.visual.text.TextStim'>, alignHoriz=method-wrapper(...), alignText='center', alignVert=method-wrapper(...), anchorHoriz='center', anchorVert='center', antialias=True, autoDraw=False, autoLog=True, bold=False, color=array([1., 1., 1.]), colorSpace='rgb', contrast=1.0, depth=-1.0, flipHoriz=False, flipVert=False, font='Arial', fontFiles=[], height=0.04, italic=False, languageStyle='LTR', name='instrRest_pre', opacity=1.0, ori=0, pos=array([0., 0.]), rgb=UNKNOWN, text=str(...), units='height', win=Window(...), wrapWidth=1)
9.2738 	EXP 	Set  sound=C
9.2973 	EXP 	Set beep_rest_pre_start sound=A
9.2973 	EXP 	Sound beep_rest_pre_start set volume 1.000
9.3050 	EXP 	Created fixation_1 = ShapeStim(__class__=<class 'psychopy.visual.shape.ShapeStim'>, anchor=('center', 'center'), autoDraw=False, autoLog=True, closeShape=True, color=method-wrapper(...), colorSpace='rgb', contrast=None, depth=-1.0, fillColor=array([1, 1, 1]), fillColorSpace='rgb', fillRGB=array([1, 1, 1]), interpolate=True, lineColor=array([1., 1., 1.]), lineColorSpace='rgb', lineRGB=array([1, 1, 1]), lineWidth=0.5, name='fixation_1', opacity=0.75, ori=0.0, pos=array([0., 0.]), size=array([0.05, 0.05]), units='height', vertices=ndarray(...), win=Window(...), windingRule=None)
9.3240 	EXP 	Created screenAfterAudio_3 = ImageStim(__class__=<class 'psychopy.visual.image.ImageStim'>, anchor=('center', 'center'), autoLog=True, color=array([1., 1., 1.]), colorSpace='rgb', contrast=1.0, depth=-3.0, flipHoriz=False, flipVert=False, image='images/grayScreen.png', interpolate=True, mask=None, maskParams=None, name='screenAfterAudio_3', opacity=1.0, ori=0.0, pos=array([0., 0.]), size=array([0.5, 0.5]), texRes=128.0, units='height', win=Window(...))
9.3252 	EXP 	Set beep_rest_pre_end sound=A
9.3252 	EXP 	Sound beep_rest_pre_end set volume 1.000
9.3772 	EXP 	Created instr_start_2 = TextStim(__class__=<class 'psychopy.visual.text.TextStim'>, alignHoriz=method-wrapper(...), alignText='center', alignVert=method-wrapper(...), anchorHoriz='center', anchorVert='center', antialias=True, autoDraw=False, autoLog=True, bold=False, color=array([1., 1., 1.]), colorSpace='rgb', contrast=1.0, depth=0.0, flipHoriz=False, flipVert=False, font='Arial', fontFiles=[], height=0.04, italic=False, languageStyle='LTR', name='instr_start_2', opacity=1.0, ori=0, pos=array([0., 0.]), rgb=UNKNOWN, text=str(...), units='height', win=Window(...), wrapWidth=1)
9.3908 	EXP 	Set sound_examples sound=A
9.3908 	EXP 	Sound sound_examples set volume 1.000
9.3926 	EXP 	Created fixation_2 = ShapeStim(__class__=<class 'psychopy.visual.shape.ShapeStim'>, anchor=('center', 'center'), autoDraw=False, autoLog=True, closeShape=True, color=method-wrapper(...), colorSpace='rgb', contrast=None, depth=-1.0, fillColor=array([1, 1, 1]), fillColorSpace='rgb', fillRGB=array([1, 1, 1]), interpolate=True, lineColor=array([1., 1., 1.]), lineColorSpace='rgb', lineRGB=array([1, 1, 1]), lineWidth=0.5, name='fixation_2', opacity=0.75, ori=0.0, pos=array([0., 0.]), size=array([0.05, 0.05]), units='height', vertices=ndarray(...), win=Window(...), windingRule=None)
9.4060 	EXP 	Created screenAfterAudio_2 = ImageStim(__class__=<class 'psychopy.visual.image.ImageStim'>, anchor=('center', 'center'), autoLog=True, color=array([1., 1., 1.]), colorSpace='rgb', contrast=1.0, depth=-3.0, flipHoriz=False, flipVert=False, image='images/grayScreen.png', interpolate=True, mask=None, maskParams=None, name='screenAfterAudio_2', opacity=1.0, ori=0.0, pos=array([0., 0.]), size=array([0.5, 0.5]), texRes=128.0, units='height', win=Window(...))
9.4185 	EXP 	Created blankScreen_2 = ImageStim(__class__=<class 'psychopy.visual.image.ImageStim'>, anchor=('center', 'center'), autoLog=True, color=array([1., 1., 1.]), colorSpace='rgb', contrast=1.0, depth=-4.0, flipHoriz=False, flipVert=False, image='images/grayScreen.png', interpolate=True, mask=None, maskParams=None, name='blankScreen_2', opacity=1.0, ori=0.0, pos=array([0., 0.]), size=array([1920., 1080.]), texRes=128, units='height', win=Window(...))
9.4429 	EXP 	Created call1_2 = ImageStim(__class__=<class 'psychopy.visual.image.ImageStim'>, anchor=('center', 'center'), autoLog=True, color=array([1., 1., 1.]), colorSpace='rgb', contrast=1.0, depth=-5.0, flipHoriz=False, flipVert=False, image='images/adler.png', interpolate=True, mask=None, maskParams=None, name='call1_2', opacity=1.0, ori=0.0, pos=array([-0.4   ,  0.3125]), size=array([0.18, 0.18]), texRes=128, units='height', win=Window(...))
9.4669 	EXP 	Created call2_2 = ImageStim(__class__=<class 'psychopy.visual.image.ImageStim'>, anchor=('center', 'center'), autoLog=True, color=array([1., 1., 1.]), colorSpace='rgb', contrast=1.0, depth=-6.0, flipHoriz=False, flipVert=False, image='images/drossel.png', interpolate=True, mask=None, maskParams=None, name='call2_2', opacity=1.0, ori=0.0, pos=array([-0.4       ,  0.10416667]), size=array([0.18, 0.18]), texRes=128, units='height', win=Window(...))
9.4922 	EXP 	Created call3_2 = ImageStim(__class__=<class 'psychopy.visual.image.ImageStim'>, anchor=('center', 'center'), autoLog=True, color=array([1., 1., 1.]), colorSpace='rgb', contrast=1.0, depth=-7.0, flipHoriz=False, flipVert=False, image='images/kroete.png', interpolate=True, mask=None, maskParams=None, name='call3_2', opacity=1.0, ori=0.0, pos=array([-0.4       , -0.10416667]), size=array([0.18, 0.18]), texRes=128, units='height', win=Window(...))
9.5174 	EXP 	Created call4_2 = ImageStim(__class__=<class 'psychopy.visual.image.ImageStim'>, anchor=('center', 'center'), autoLog=True, color=array([1., 1., 1.]), colorSpace='rgb', contrast=1.0, depth=-8.0, flipHoriz=False, flipVert=False, image='images/tiger.png', interpolate=True, mask=None, maskParams=None, name='call4_2', opacity=1.0, ori=0.0, pos=array([-0.4   , -0.3125]), size=array([0.18, 0.18]), texRes=128, units='height', win=Window(...))
9.5358 	EXP 	Created colour1_2 = ImageStim(__class__=<class 'psychopy.visual.image.ImageStim'>, anchor=('center', 'center'), autoLog=True, color=array([1., 1., 1.]), colorSpace='rgb', contrast=1.0, depth=-9.0, flipHoriz=False, flipVert=False, image='images/gelb.png', interpolate=True, mask=None, maskParams=None, name='colour1_2', opacity=1.0, ori=0.0, pos=array([0.    , 0.3125]), size=array([0.18, 0.18]), texRes=128, units='height', win=Window(...))
9.5557 	EXP 	Created colour2_2 = ImageStim(__class__=<class 'psychopy.visual.image.ImageStim'>, anchor=('center', 'center'), autoLog=True, color=array([1., 1., 1.]), colorSpace='rgb', contrast=1.0, depth=-10.0, flipHoriz=False, flipVert=False, image='images/gruen.png', interpolate=True, mask=None, maskParams=None, name='colour2_2', opacity=1.0, ori=0.0, pos=array([0.        , 0.10416667]), size=array([0.18, 0.18]), texRes=128, units='height', win=Window(...))
9.5750 	EXP 	Created colour3_2 = ImageStim(__class__=<class 'psychopy.visual.image.ImageStim'>, anchor=('center', 'center'), autoLog=True, color=array([1., 1., 1.]), colorSpace='rgb', contrast=1.0, depth=-11.0, flipHoriz=False, flipVert=False, image='images/rot.png', interpolate=True, mask=None, maskParams=None, name='colour3_2', opacity=1.0, ori=0.0, pos=array([ 0.        , -0.10416667]), size=array([0.18, 0.18]), texRes=128, units='height', win=Window(...))
9.6013 	EXP 	Created colour4_2 = ImageStim(__class__=<class 'psychopy.visual.image.ImageStim'>, anchor=('center', 'center'), autoLog=True, color=array([1., 1., 1.]), colorSpace='rgb', contrast=1.0, depth=-12.0, flipHoriz=False, flipVert=False, image='images/weiss.png', interpolate=True, mask=None, maskParams=None, name='colour4_2', opacity=1.0, ori=0.0, pos=array([ 0.    , -0.3125]), size=array([0.18, 0.18]), texRes=128, units='height', win=Window(...))
9.6201 	EXP 	Created number1_2 = ImageStim(__class__=<class 'psychopy.visual.image.ImageStim'>, anchor=('center', 'center'), autoLog=True, color=array([1., 1., 1.]), colorSpace='rgb', contrast=1.0, depth=-13.0, flipHoriz=False, flipVert=False, image='images/1.png', interpolate=True, mask=None, maskParams=None, name='number1_2', opacity=1.0, ori=0.0, pos=array([0.4   , 0.3125]), size=array([0.18, 0.18]), texRes=128, units='height', win=Window(...))
9.6424 	EXP 	Created number2_2 = ImageStim(__class__=<class 'psychopy.visual.image.ImageStim'>, anchor=('center', 'center'), autoLog=True, color=array([1., 1., 1.]), colorSpace='rgb', contrast=1.0, depth=-14.0, flipHoriz=False, flipVert=False, image='images/2.png', interpolate=True, mask=None, maskParams=None, name='number2_2', opacity=1.0, ori=0.0, pos=array([0.4       , 0.10416667]), size=array([0.18, 0.18]), texRes=128, units='height', win=Window(...))
9.6608 	EXP 	Created number3_2 = ImageStim(__class__=<class 'psychopy.visual.image.ImageStim'>, anchor=('center', 'center'), autoLog=True, color=array([1., 1., 1.]), colorSpace='rgb', contrast=1.0, depth=-15.0, flipHoriz=False, flipVert=False, image='images/3.png', interpolate=True, mask=None, maskParams=None, name='number3_2', opacity=1.0, ori=0.0, pos=array([ 0.4       , -0.10416667]), size=array([0.18, 0.18]), texRes=128, units='height', win=Window(...))
9.6788 	EXP 	Created number4_2 = ImageStim(__class__=<class 'psychopy.visual.image.ImageStim'>, anchor=('center', 'center'), autoLog=True, color=array([1., 1., 1.]), colorSpace='rgb', contrast=1.0, depth=-16.0, flipHoriz=False, flipVert=False, image='images/4.png', interpolate=True, mask=None, maskParams=None, name='number4_2', opacity=1.0, ori=0.0, pos=array([ 0.4   , -0.3125]), size=array([0.18, 0.18]), texRes=128, units='height', win=Window(...))
9.6792 	EXP 	window1: mouseVisible = True
9.6792 	EXP 	window1: mouseVisible = True
9.6792 	EXP 	window1: mouseVisible = True
9.6972 	EXP 	Created blankScreenAfterResponse_2 = ImageStim(__class__=<class 'psychopy.visual.image.ImageStim'>, anchor=('center', 'center'), autoLog=True, color=array([1., 1., 1.]), colorSpace='rgb', contrast=1.0, depth=-25.0, flipHoriz=False, flipVert=False, image='images/blankScreen.png', interpolate=True, mask=None, maskParams=None, name='blankScreenAfterResponse_2', opacity=1.0, ori=0.0, pos=array([0., 0.]), size=array([1920., 1080.]), texRes=128, units='height', win=Window(...))
9.7112 	EXP 	Created instrTaskText = TextStim(__class__=<class 'psychopy.visual.text.TextStim'>, alignHoriz=method-wrapper(...), alignText='center', alignVert=method-wrapper(...), anchorHoriz='center', anchorVert='center', antialias=True, autoDraw=False, autoLog=True, bold=False, color=array([1., 1., 1.]), colorSpace='rgb', contrast=1.0, depth=0.0, flipHoriz=False, flipVert=False, font='Arial', fontFiles=[], height=0.04, italic=False, languageStyle='LTR', name='instrTaskText', opacity=1.0, ori=0, pos=array([0., 0.]), rgb=UNKNOWN, text=str(...), units='height', win=Window(...), wrapWidth=1)
9.7163 	EXP 	Created blockStart = TextStim(__class__=<class 'psychopy.visual.text.TextStim'>, alignHoriz=method-wrapper(...), alignText='center', alignVert=method-wrapper(...), anchorHoriz='center', anchorVert='center', antialias=True, autoDraw=False, autoLog=True, bold=False, color=array([1., 1., 1.]), colorSpace='rgb', contrast=1.0, depth=0.0, flipHoriz=False, flipVert=False, font='Arial', fontFiles=[], height=0.04, italic=False, languageStyle='LTR', name='blockStart', opacity=1.0, ori=0, pos=array([0., 0.]), rgb=UNKNOWN, text=str(...), units='height', win=Window(...), wrapWidth=1)
9.7296 	EXP 	Set sound_1 sound=A
9.7296 	EXP 	Sound sound_1 set volume 1.000
9.7313 	EXP 	Created fixation = ShapeStim(__class__=<class 'psychopy.visual.shape.ShapeStim'>, anchor=('center', 'center'), autoDraw=False, autoLog=True, closeShape=True, color=method-wrapper(...), colorSpace='rgb', contrast=None, depth=-2.0, fillColor=array([1, 1, 1]), fillColorSpace='rgb', fillRGB=array([1, 1, 1]), interpolate=True, lineColor=array([1., 1., 1.]), lineColorSpace='rgb', lineRGB=array([1, 1, 1]), lineWidth=0.5, name='fixation', opacity=0.75, ori=0.0, pos=array([0., 0.]), size=array([0.05, 0.05]), units='height', vertices=ndarray(...), win=Window(...), windingRule=None)
9.7503 	EXP 	Created screenAfterAudio = ImageStim(__class__=<class 'psychopy.visual.image.ImageStim'>, anchor=('center', 'center'), autoLog=True, color=array([1., 1., 1.]), colorSpace='rgb', contrast=1.0, depth=-4.0, flipHoriz=False, flipVert=False, image='images/grayScreen.png', interpolate=True, mask=None, maskParams=None, name='screenAfterAudio', opacity=1.0, ori=0.0, pos=array([0., 0.]), size=array([0.5, 0.5]), texRes=128.0, units='height', win=Window(...))
9.7620 	EXP 	Created blankScreen = ImageStim(__class__=<class 'psychopy.visual.image.ImageStim'>, anchor=('center', 'center'), autoLog=True, color=array([1., 1., 1.]), colorSpace='rgb', contrast=1.0, depth=-4.0, flipHoriz=False, flipVert=False, image='images/grayScreen.png', interpolate=True, mask=None, maskParams=None, name='blankScreen', opacity=1.0, ori=0.0, pos=array([0., 0.]), size=array([1920., 1080.]), texRes=128, units='height', win=Window(...))
9.7765 	EXP 	Created call1 = ImageStim(__class__=<class 'psychopy.visual.image.ImageStim'>, anchor=('center', 'center'), autoLog=True, color=array([1., 1., 1.]), colorSpace='rgb', contrast=1.0, depth=-5.0, flipHoriz=False, flipVert=False, image='images/adler.png', interpolate=True, mask=None, maskParams=None, name='call1', opacity=1.0, ori=0.0, pos=array([-0.4   ,  0.3125]), size=array([0.18, 0.18]), texRes=128, units='height', win=Window(...))
9.7908 	EXP 	Created call2 = ImageStim(__class__=<class 'psychopy.visual.image.ImageStim'>, anchor=('center', 'center'), autoLog=True, color=array([1., 1., 1.]), colorSpace='rgb', contrast=1.0, depth=-6.0, flipHoriz=False, flipVert=False, image='images/drossel.png', interpolate=True, mask=None, maskParams=None, name='call2', opacity=1.0, ori=0.0, pos=array([-0.4       ,  0.10416667]), size=array([0.18, 0.18]), texRes=128, units='height', win=Window(...))
9.8057 	EXP 	Created call3 = ImageStim(__class__=<class 'psychopy.visual.image.ImageStim'>, anchor=('center', 'center'), autoLog=True, color=array([1., 1., 1.]), colorSpace='rgb', contrast=1.0, depth=-7.0, flipHoriz=False, flipVert=False, image='images/kroete.png', interpolate=True, mask=None, maskParams=None, name='call3', opacity=1.0, ori=0.0, pos=array([-0.4       , -0.10416667]), size=array([0.18, 0.18]), texRes=128, units='height', win=Window(...))
9.8204 	EXP 	Created call4 = ImageStim(__class__=<class 'psychopy.visual.image.ImageStim'>, anchor=('center', 'center'), autoLog=True, color=array([1., 1., 1.]), colorSpace='rgb', contrast=1.0, depth=-8.0, flipHoriz=False, flipVert=False, image='images/tiger.png', interpolate=True, mask=None, maskParams=None, name='call4', opacity=1.0, ori=0.0, pos=array([-0.4   , -0.3125]), size=array([0.18, 0.18]), texRes=128, units='height', win=Window(...))
9.8335 	EXP 	Created colour1 = ImageStim(__class__=<class 'psychopy.visual.image.ImageStim'>, anchor=('center', 'center'), autoLog=True, color=array([1., 1., 1.]), colorSpace='rgb', contrast=1.0, depth=-9.0, flipHoriz=False, flipVert=False, image='images/gelb.png', interpolate=True, mask=None, maskParams=None, name='colour1', opacity=1.0, ori=0.0, pos=array([0.    , 0.3125]), size=array([0.18, 0.18]), texRes=128, units='height', win=Window(...))
9.8464 	EXP 	Created colour2 = ImageStim(__class__=<class 'psychopy.visual.image.ImageStim'>, anchor=('center', 'center'), autoLog=True, color=array([1., 1., 1.]), colorSpace='rgb', contrast=1.0, depth=-10.0, flipHoriz=False, flipVert=False, image='images/gruen.png', interpolate=True, mask=None, maskParams=None, name='colour2', opacity=1.0, ori=0.0, pos=array([0.        , 0.10416667]), size=array([0.18, 0.18]), texRes=128, units='height', win=Window(...))
9.8595 	EXP 	Created colour3 = ImageStim(__class__=<class 'psychopy.visual.image.ImageStim'>, anchor=('center', 'center'), autoLog=True, color=array([1., 1., 1.]), colorSpace='rgb', contrast=1.0, depth=-11.0, flipHoriz=False, flipVert=False, image='images/rot.png', interpolate=True, mask=None, maskParams=None, name='colour3', opacity=1.0, ori=0.0, pos=array([ 0.        , -0.10416667]), size=array([0.18, 0.18]), texRes=128, units='height', win=Window(...))
9.8728 	EXP 	Created colour4 = ImageStim(__class__=<class 'psychopy.visual.image.ImageStim'>, anchor=('center', 'center'), autoLog=True, color=array([1., 1., 1.]), colorSpace='rgb', contrast=1.0, depth=-12.0, flipHoriz=False, flipVert=False, image='images/weiss.png', interpolate=True, mask=None, maskParams=None, name='colour4', opacity=1.0, ori=0.0, pos=array([ 0.    , -0.3125]), size=array([0.18, 0.18]), texRes=128, units='height', win=Window(...))
9.8864 	EXP 	Created number1 = ImageStim(__class__=<class 'psychopy.visual.image.ImageStim'>, anchor=('center', 'center'), autoLog=True, color=array([1., 1., 1.]), colorSpace='rgb', contrast=1.0, depth=-13.0, flipHoriz=False, flipVert=False, image='images/1.png', interpolate=True, mask=None, maskParams=None, name='number1', opacity=1.0, ori=0.0, pos=array([0.4   , 0.3125]), size=array([0.18, 0.18]), texRes=128, units='height', win=Window(...))
9.8987 	EXP 	Created number2 = ImageStim(__class__=<class 'psychopy.visual.image.ImageStim'>, anchor=('center', 'center'), autoLog=True, color=array([1., 1., 1.]), colorSpace='rgb', contrast=1.0, depth=-14.0, flipHoriz=False, flipVert=False, image='images/2.png', interpolate=True, mask=None, maskParams=None, name='number2', opacity=1.0, ori=0.0, pos=array([0.4       , 0.10416667]), size=array([0.18, 0.18]), texRes=128, units='height', win=Window(...))
9.9128 	EXP 	Created number3 = ImageStim(__class__=<class 'psychopy.visual.image.ImageStim'>, anchor=('center', 'center'), autoLog=True, color=array([1., 1., 1.]), colorSpace='rgb', contrast=1.0, depth=-15.0, flipHoriz=False, flipVert=False, image='images/3.png', interpolate=True, mask=None, maskParams=None, name='number3', opacity=1.0, ori=0.0, pos=array([ 0.4       , -0.10416667]), size=array([0.18, 0.18]), texRes=128, units='height', win=Window(...))
9.9251 	EXP 	Created number4 = ImageStim(__class__=<class 'psychopy.visual.image.ImageStim'>, anchor=('center', 'center'), autoLog=True, color=array([1., 1., 1.]), colorSpace='rgb', contrast=1.0, depth=-16.0, flipHoriz=False, flipVert=False, image='images/4.png', interpolate=True, mask=None, maskParams=None, name='number4', opacity=1.0, ori=0.0, pos=array([ 0.4   , -0.3125]), size=array([0.18, 0.18]), texRes=128, units='height', win=Window(...))
9.9252 	EXP 	window1: mouseVisible = True
9.9252 	EXP 	window1: mouseVisible = True
9.9252 	EXP 	window1: mouseVisible = True
9.9383 	EXP 	Created blankScreenAfterResponse = ImageStim(__class__=<class 'psychopy.visual.image.ImageStim'>, anchor=('center', 'center'), autoLog=True, color=array([1., 1., 1.]), colorSpace='rgb', contrast=1.0, depth=-25.0, flipHoriz=False, flipVert=False, image='images/blankScreen.png', interpolate=True, mask=None, maskParams=None, name='blankScreenAfterResponse', opacity=1.0, ori=0.0, pos=array([0., 0.]), size=array([1920., 1080.]), texRes=128, units='height', win=Window(...))
9.9549 	EXP 	Created instrRest_post = TextStim(__class__=<class 'psychopy.visual.text.TextStim'>, alignHoriz=method-wrapper(...), alignText='center', alignVert=method-wrapper(...), anchorHoriz='center', anchorVert='center', antialias=True, autoDraw=False, autoLog=True, bold=False, color=array([1., 1., 1.]), colorSpace='rgb', contrast=1.0, depth=0.0, flipHoriz=False, flipVert=False, font='Arial', fontFiles=[], height=0.04, italic=False, languageStyle='LTR', name='instrRest_post', opacity=1.0, ori=0, pos=array([0., 0.]), rgb=UNKNOWN, text=str(...), units='height', win=Window(...), wrapWidth=1)
9.9572 	EXP 	Created restBlock_2 = TextStim(__class__=<class 'psychopy.visual.text.TextStim'>, alignHoriz=method-wrapper(...), alignText='center', alignVert=method-wrapper(...), anchorHoriz='center', anchorVert='center', antialias=True, autoDraw=False, autoLog=True, bold=False, color=array([1., 1., 1.]), colorSpace='rgb', contrast=1.0, depth=0.0, flipHoriz=False, flipVert=False, font='Arial', fontFiles=[], height=0.04, italic=False, languageStyle='LTR', name='restBlock_2', opacity=1.0, ori=0, pos=array([0., 0.]), rgb=UNKNOWN, text='Begin  block ', units='height', win=Window(...), wrapWidth=1)
9.9625 	EXP 	Created thanksText_end = TextStim(__class__=<class 'psychopy.visual.text.TextStim'>, alignHoriz=method-wrapper(...), alignText='center', alignVert=method-wrapper(...), anchorHoriz='center', anchorVert='center', antialias=True, autoDraw=False, autoLog=True, bold=False, color=array([1., 1., 1.]), colorSpace='rgb', contrast=1.0, depth=0.0, flipHoriz=False, flipVert=False, font='Arial', fontFiles=[], height=0.04, italic=False, languageStyle='LTR', name='thanksText_end', opacity=1.0, ori=0, pos=array([0., 0.]), rgb=UNKNOWN, text=str(...), units='height', win=Window(...), wrapWidth=1)
9.9626 	EXP 	window1: mouseVisible = False
9.9794 	EXP 	instr_start: autoDraw = True
10.5312 	EXP 	window1: mouseVisible = False
10.5332 	DATA 	Keypress: space
10.5466 	EXP 	instr_start: autoDraw = False
10.5466 	EXP 	instrRest_pre: autoDraw = True
10.7820 	EXP 	Set beep_rest_pre_start sound=click_beep.wav
10.7821 	EXP 	window1: mouseVisible = False
10.7835 	EXP 	Set beep_rest_pre_end sound=click_beep.wav
10.7842 	EXP 	Sound beep_rest_pre_start started
10.7868 	DATA 	Keypress: space
10.7968 	EXP 	instrRest_pre: autoDraw = False
10.7968 	EXP 	fixation_1: autoDraw = True
11.2158 	DATA 	Keypress: space
14.7848 	EXP 	Sound beep_rest_pre_end started
14.8011 	EXP 	fixation_1: autoDraw = False
14.8011 	EXP 	screenAfterAudio_3: autoDraw = True
14.8011 	EXP 	screenAfterAudio_3: autoDraw = False
15.7846 	EXP 	Sound beep_rest_pre_end stopped
15.7849 	EXP 	Sound beep_rest_pre_start stopped
15.7850 	EXP 	Sound beep_rest_pre_end stopped
15.7850 	EXP 	window1: mouseVisible = False
15.8015 	EXP 	fixation_1: autoDraw = False
15.8015 	EXP 	screenAfterAudio_3: autoDraw = False
15.8015 	EXP 	instr_start_2: autoDraw = True
16.2124 	EXP 	Imported Example_list.csv as conditions, 2 conditions, 4 params
16.2127 	EXP 	Created sequence: sequential, trialTypes=2, nReps=1, seed=None
16.2130 	EXP 	New trial (rep=0, index=0): OrderedDict([('audiofile', 'audio/NV_DE_Neural2-D_Dr-we-Ei_0.9p.wav'), ('callSign', 'Dr'), ('colour', 'we'), ('number', 'Ei')])
16.2399 	EXP 	Set sound_examples sound=audio/NV_DE_Neural2-D_Dr-we-Ei_0.9p.wav
16.2400 	EXP 	window1: mouseVisible = False
16.2406 	EXP 	Sound sound_examples started
16.2422 	DATA 	Keypress: space
16.2513 	EXP 	instr_start_2: autoDraw = False
16.2513 	EXP 	fixation_2: autoDraw = True
21.7069 	EXP 	Sound sound_examples stopped
21.7518 	EXP 	window1: mouseVisible = False
21.7610 	EXP 	fixation_2: autoDraw = False
21.7610 	EXP 	screenAfterAudio_2: autoDraw = True
21.7610 	EXP 	screenAfterAudio_2: autoDraw = False
21.7610 	EXP 	fixation_2: autoDraw = False
21.7610 	EXP 	screenAfterAudio_2: autoDraw = False
21.7610 	EXP 	call1_2: texRes = 128
21.7610 	EXP 	call2_2: texRes = 128
21.7610 	EXP 	call3_2: texRes = 128
21.7610 	EXP 	call4_2: texRes = 128
21.7610 	EXP 	colour1_2: texRes = 128
21.7610 	EXP 	colour2_2: texRes = 128
21.7610 	EXP 	colour3_2: texRes = 128
21.7610 	EXP 	colour4_2: texRes = 128
21.7610 	EXP 	number1_2: texRes = 128
21.7610 	EXP 	number2_2: texRes = 128
21.7610 	EXP 	number3_2: texRes = 128
21.7610 	EXP 	number4_2: texRes = 128
21.7610 	EXP 	blankScreen_2: autoDraw = True
21.7612 	EXP 	window1: mouseVisible = False
21.7780 	EXP 	window1: mouseVisible = False
21.7952 	EXP 	window1: mouseVisible = False
21.8111 	EXP 	window1: mouseVisible = False
21.8282 	EXP 	window1: mouseVisible = False
21.8451 	EXP 	window1: mouseVisible = False
21.8615 	EXP 	window1: mouseVisible = False
21.8784 	EXP 	window1: mouseVisible = False
21.8953 	EXP 	window1: mouseVisible = False
21.9115 	EXP 	window1: mouseVisible = False
21.9285 	EXP 	window1: mouseVisible = False
21.9449 	EXP 	window1: mouseVisible = False
21.9617 	EXP 	window1: mouseVisible = False
21.9786 	EXP 	window1: mouseVisible = False
21.9947 	EXP 	window1: mouseVisible = False
22.0116 	EXP 	window1: mouseVisible = False
22.0287 	EXP 	window1: mouseVisible = False
22.0446 	EXP 	window1: mouseVisible = False
22.0619 	EXP 	window1: mouseVisible = False
22.0786 	EXP 	window1: mouseVisible = False
22.0948 	EXP 	window1: mouseVisible = False
22.1119 	EXP 	window1: mouseVisible = False
22.1287 	EXP 	window1: mouseVisible = False
22.1450 	EXP 	window1: mouseVisible = False
22.1620 	EXP 	window1: mouseVisible = False
22.1787 	EXP 	window1: mouseVisible = False
22.1951 	EXP 	window1: mouseVisible = False
22.2121 	EXP 	window1: mouseVisible = False
22.2288 	EXP 	window1: mouseVisible = False
22.2451 	EXP 	window1: mouseVisible = False
22.2622 	EXP 	window1: mouseVisible = False
22.2784 	EXP 	window1: mouseVisible = False
22.2952 	EXP 	window1: mouseVisible = False
22.3122 	EXP 	window1: mouseVisible = False
22.3290 	EXP 	window1: mouseVisible = False
22.3452 	EXP 	window1: mouseVisible = False
22.3623 	EXP 	window1: mouseVisible = False
22.3783 	EXP 	window1: mouseVisible = False
22.3952 	EXP 	window1: mouseVisible = False
22.4124 	EXP 	window1: mouseVisible = False
22.4283 	EXP 	window1: mouseVisible = False
22.4459 	EXP 	window1: mouseVisible = False
22.4624 	EXP 	window1: mouseVisible = False
22.4786 	EXP 	window1: mouseVisible = False
22.4956 	EXP 	window1: mouseVisible = False
22.5118 	EXP 	window1: mouseVisible = False
22.5287 	EXP 	window1: mouseVisible = False
22.5457 	EXP 	window1: mouseVisible = False
22.5618 	EXP 	window1: mouseVisible = False
22.5787 	EXP 	window1: mouseVisible = False
22.5958 	EXP 	window1: mouseVisible = False
22.6118 	EXP 	window1: mouseVisible = False
22.6286 	EXP 	window1: mouseVisible = False
22.6458 	EXP 	window1: mouseVisible = False
22.6621 	EXP 	window1: mouseVisible = False
22.6790 	EXP 	window1: mouseVisible = False
22.6959 	EXP 	window1: mouseVisible = False
22.7121 	EXP 	window1: mouseVisible = False
22.7291 	EXP 	window1: mouseVisible = False
22.7462 	EXP 	window1: mouseVisible = False
22.7599 	EXP 	blankScreen_2: autoDraw = False
22.7599 	EXP 	call1_2: autoDraw = True
22.7599 	EXP 	call2_2: autoDraw = True
22.7599 	EXP 	call3_2: autoDraw = True
22.7599 	EXP 	call4_2: autoDraw = True
22.7599 	EXP 	colour1_2: autoDraw = True
22.7599 	EXP 	colour2_2: autoDraw = True
22.7599 	EXP 	colour3_2: autoDraw = True
22.7599 	EXP 	colour4_2: autoDraw = True
22.7599 	EXP 	number1_2: autoDraw = True
22.7599 	EXP 	number2_2: autoDraw = True
22.7599 	EXP 	number3_2: autoDraw = True
22.7599 	EXP 	number4_2: autoDraw = True
22.7600 	EXP 	window1: mouseVisible = False
22.7603 	EXP 	window1: mouseVisible = True
22.7773 	EXP 	window1: mouseVisible = False
22.7775 	EXP 	window1: mouseVisible = True
22.7941 	EXP 	window1: mouseVisible = False
22.7943 	EXP 	window1: mouseVisible = True
22.8106 	EXP 	window1: mouseVisible = False
22.8109 	EXP 	window1: mouseVisible = True
22.8274 	EXP 	window1: mouseVisible = False
22.8277 	EXP 	window1: mouseVisible = True
22.8443 	EXP 	window1: mouseVisible = False
22.8445 	EXP 	window1: mouseVisible = True
22.8608 	EXP 	window1: mouseVisible = False
22.8611 	EXP 	window1: mouseVisible = True
22.8776 	EXP 	window1: mouseVisible = False
22.8779 	EXP 	window1: mouseVisible = True
22.8944 	EXP 	window1: mouseVisible = False
22.8946 	EXP 	window1: mouseVisible = True
22.9107 	EXP 	window1: mouseVisible = False
22.9109 	EXP 	window1: mouseVisible = True
22.9275 	EXP 	window1: mouseVisible = False
22.9276 	EXP 	window1: mouseVisible = True
22.9442 	EXP 	window1: mouseVisible = False
22.9445 	EXP 	window1: mouseVisible = True
22.9610 	EXP 	window1: mouseVisible = False
22.9614 	EXP 	window1: mouseVisible = True
22.9775 	EXP 	window1: mouseVisible = False
22.9777 	EXP 	window1: mouseVisible = True
22.9943 	EXP 	window1: mouseVisible = False
22.9946 	EXP 	window1: mouseVisible = True
23.0108 	EXP 	window1: mouseVisible = False
23.0110 	EXP 	window1: mouseVisible = True
23.0277 	EXP 	window1: mouseVisible = False
23.0279 	EXP 	window1: mouseVisible = True
23.0441 	EXP 	window1: mouseVisible = False
23.0443 	EXP 	window1: mouseVisible = True
23.0609 	EXP 	window1: mouseVisible = False
23.0612 	EXP 	window1: mouseVisible = True
23.0777 	EXP 	window1: mouseVisible = False
23.0780 	EXP 	window1: mouseVisible = True
23.0942 	EXP 	window1: mouseVisible = False
23.0944 	EXP 	window1: mouseVisible = True
23.1112 	EXP 	window1: mouseVisible = False
23.1114 	EXP 	window1: mouseVisible = True
23.1278 	EXP 	window1: mouseVisible = False
23.1280 	EXP 	window1: mouseVisible = True
23.1444 	EXP 	window1: mouseVisible = False
23.1446 	EXP 	window1: mouseVisible = True
23.1610 	EXP 	window1: mouseVisible = False
23.1612 	EXP 	window1: mouseVisible = True
23.1780 	EXP 	window1: mouseVisible = False
23.1782 	EXP 	window1: mouseVisible = True
23.1944 	EXP 	window1: mouseVisible = False
23.1949 	EXP 	window1: mouseVisible = True
23.2111 	EXP 	window1: mouseVisible = False
23.2114 	EXP 	window1: mouseVisible = True
23.2277 	EXP 	window1: mouseVisible = False
23.2280 	EXP 	window1: mouseVisible = True
23.2445 	EXP 	window1: mouseVisible = False
23.2447 	EXP 	window1: mouseVisible = True
23.2612 	EXP 	window1: mouseVisible = False
23.2616 	EXP 	window1: mouseVisible = True
23.2776 	EXP 	window1: mouseVisible = False
23.2777 	EXP 	window1: mouseVisible = True
23.2943 	EXP 	window1: mouseVisible = False
23.2945 	EXP 	window1: mouseVisible = True
23.3111 	EXP 	window1: mouseVisible = False
23.3113 	EXP 	window1: mouseVisible = True
23.3276 	EXP 	window1: mouseVisible = False
23.3278 	EXP 	window1: mouseVisible = True
23.3445 	EXP 	window1: mouseVisible = False
23.3447 	EXP 	window1: mouseVisible = True
23.3612 	EXP 	window1: mouseVisible = False
23.3614 	EXP 	window1: mouseVisible = True
23.3778 	EXP 	window1: mouseVisible = False
23.3780 	EXP 	window1: mouseVisible = True
23.3945 	EXP 	window1: mouseVisible = False
23.3948 	EXP 	window1: mouseVisible = True
23.4113 	EXP 	window1: mouseVisible = False
23.4115 	EXP 	window1: mouseVisible = True
23.4279 	EXP 	window1: mouseVisible = False
23.4283 	EXP 	window1: mouseVisible = True
23.4445 	EXP 	window1: mouseVisible = False
23.4448 	EXP 	window1: mouseVisible = True
23.4614 	EXP 	window1: mouseVisible = False
23.4616 	EXP 	window1: mouseVisible = True
23.4780 	EXP 	window1: mouseVisible = False
23.4782 	EXP 	window1: mouseVisible = True
23.4945 	EXP 	window1: mouseVisible = False
23.4948 	EXP 	window1: mouseVisible = True
23.5116 	EXP 	window1: mouseVisible = False
23.5118 	EXP 	window1: mouseVisible = True
23.5281 	EXP 	window1: mouseVisible = False
23.5283 	EXP 	window1: mouseVisible = True
23.5446 	EXP 	window1: mouseVisible = False
23.5448 	EXP 	window1: mouseVisible = True
23.5612 	EXP 	window1: mouseVisible = False
23.5614 	EXP 	window1: mouseVisible = True
23.5780 	EXP 	window1: mouseVisible = False
23.5782 	EXP 	window1: mouseVisible = True
23.5948 	EXP 	window1: mouseVisible = False
23.5950 	EXP 	window1: mouseVisible = True
23.6114 	EXP 	window1: mouseVisible = False
23.6117 	EXP 	window1: mouseVisible = True
23.6280 	EXP 	window1: mouseVisible = False
23.6283 	EXP 	window1: mouseVisible = True
23.6448 	EXP 	window1: mouseVisible = False
23.6450 	EXP 	window1: mouseVisible = True
23.6612 	EXP 	window1: mouseVisible = False
23.6615 	EXP 	window1: mouseVisible = True
23.6780 	EXP 	window1: mouseVisible = False
23.6782 	EXP 	window1: mouseVisible = True
23.6785 	DATA 	Mouse: Left button down, pos=(1143,855)
23.6949 	EXP 	window1: mouseVisible = False
23.6952 	EXP 	window1: mouseVisible = True
23.7115 	EXP 	window1: mouseVisible = False
23.7118 	EXP 	window1: mouseVisible = True
23.7281 	EXP 	window1: mouseVisible = False
23.7284 	EXP 	window1: mouseVisible = True
23.7286 	DATA 	Mouse:  Left button up, pos=(1143,855)
23.7449 	EXP 	window1: mouseVisible = False
23.7451 	EXP 	window1: mouseVisible = True
23.7454 	DATA 	Mouse: wheel shift=(0,-1), pos=(1143,855)
23.7614 	EXP 	window1: mouseVisible = False
23.7616 	EXP 	window1: mouseVisible = True
23.7780 	EXP 	window1: mouseVisible = False
23.7782 	EXP 	window1: mouseVisible = True
23.7783 	DATA 	Mouse: wheel shift=(0,-1), pos=(1142,855)
23.7949 	EXP 	window1: mouseVisible = False
23.7950 	EXP 	window1: mouseVisible = True
23.8114 	EXP 	window1: mouseVisible = False
23.8116 	EXP 	window1: mouseVisible = True
23.8117 	DATA 	Mouse: wheel shift=(0,-1), pos=(1116,872)
23.8280 	EXP 	window1: mouseVisible = False
23.8283 	EXP 	window1: mouseVisible = True
23.8449 	EXP 	window1: mouseVisible = False
23.8452 	EXP 	window1: mouseVisible = True
23.8616 	EXP 	window1: mouseVisible = False
23.8618 	EXP 	window1: mouseVisible = True
23.8620 	DATA 	Mouse: wheel shift=(0,-1), pos=(991,974)
23.8782 	EXP 	window1: mouseVisible = False
23.8783 	EXP 	window1: mouseVisible = True
23.8947 	EXP 	window1: mouseVisible = False
23.8949 	EXP 	window1: mouseVisible = True
23.8950 	DATA 	Mouse: wheel shift=(0,-1), pos=(873,1047)
23.9115 	EXP 	window1: mouseVisible = False
23.9117 	EXP 	window1: mouseVisible = True
23.9282 	EXP 	window1: mouseVisible = False
23.9285 	EXP 	window1: mouseVisible = True
23.9448 	EXP 	window1: mouseVisible = False
23.9452 	EXP 	window1: mouseVisible = True
23.9458 	DATA 	Mouse: wheel shift=(0,-1), pos=(729,1099)
23.9617 	EXP 	window1: mouseVisible = False
23.9619 	EXP 	window1: mouseVisible = True
23.9784 	EXP 	window1: mouseVisible = False
23.9786 	EXP 	window1: mouseVisible = True
23.9949 	EXP 	window1: mouseVisible = False
23.9951 	EXP 	window1: mouseVisible = True
24.0115 	EXP 	window1: mouseVisible = False
24.0118 	EXP 	window1: mouseVisible = True
24.0120 	DATA 	Mouse: wheel shift=(0,-1), pos=(596,1057)
24.0285 	EXP 	window1: mouseVisible = False
24.0287 	EXP 	window1: mouseVisible = True
24.0450 	EXP 	window1: mouseVisible = False
24.0453 	EXP 	window1: mouseVisible = True
24.0617 	EXP 	window1: mouseVisible = False
24.0620 	EXP 	window1: mouseVisible = True
24.0785 	EXP 	window1: mouseVisible = False
24.0787 	EXP 	window1: mouseVisible = True
24.0789 	DATA 	Mouse: wheel shift=(0,-1), pos=(571,1039)
24.0950 	EXP 	window1: mouseVisible = False
24.0952 	EXP 	window1: mouseVisible = True
24.1116 	EXP 	window1: mouseVisible = False
24.1118 	EXP 	window1: mouseVisible = True
24.1284 	EXP 	window1: mouseVisible = False
24.1286 	EXP 	window1: mouseVisible = True
24.1450 	EXP 	window1: mouseVisible = False
24.1453 	EXP 	window1: mouseVisible = True
24.1617 	EXP 	window1: mouseVisible = False
24.1619 	EXP 	window1: mouseVisible = True
24.1788 	EXP 	window1: mouseVisible = False
24.1791 	EXP 	window1: mouseVisible = True
24.1952 	EXP 	window1: mouseVisible = False
24.1955 	EXP 	window1: mouseVisible = True
24.2118 	EXP 	window1: mouseVisible = False
24.2120 	EXP 	window1: mouseVisible = True
24.2283 	EXP 	window1: mouseVisible = False
24.2285 	EXP 	window1: mouseVisible = True
24.2451 	EXP 	window1: mouseVisible = False
24.2454 	EXP 	window1: mouseVisible = True
24.2620 	EXP 	window1: mouseVisible = False
24.2622 	EXP 	window1: mouseVisible = True
24.2783 	EXP 	window1: mouseVisible = False
24.2785 	EXP 	window1: mouseVisible = True
24.2952 	EXP 	window1: mouseVisible = False
24.2954 	EXP 	window1: mouseVisible = True
24.3119 	EXP 	window1: mouseVisible = False
24.3121 	EXP 	window1: mouseVisible = True
24.3123 	DATA 	Mouse: Left button down, pos=(700,945)
24.3413 	EXP 	call1_2: texRes = 128
24.3413 	EXP 	call3_2: texRes = 128
24.3413 	EXP 	call4_2: texRes = 128
24.3415 	EXP 	window1: mouseVisible = False
24.3417 	EXP 	window1: mouseVisible = True
24.3591 	EXP 	window1: mouseVisible = False
24.3593 	EXP 	window1: mouseVisible = True
24.3747 	EXP 	window1: mouseVisible = False
24.3750 	EXP 	window1: mouseVisible = True
24.3921 	EXP 	window1: mouseVisible = False
24.3924 	EXP 	window1: mouseVisible = True
24.4081 	EXP 	window1: mouseVisible = False
24.4082 	EXP 	window1: mouseVisible = True
24.4253 	EXP 	window1: mouseVisible = False
24.4254 	EXP 	window1: mouseVisible = True
24.4257 	DATA 	Mouse:  Left button up, pos=(735,927)
24.4421 	EXP 	window1: mouseVisible = False
24.4423 	EXP 	window1: mouseVisible = True
24.4581 	EXP 	window1: mouseVisible = False
24.4583 	EXP 	window1: mouseVisible = True
24.4749 	EXP 	window1: mouseVisible = False
24.4751 	EXP 	window1: mouseVisible = True
24.4917 	EXP 	window1: mouseVisible = False
24.4920 	EXP 	window1: mouseVisible = True
24.5085 	EXP 	window1: mouseVisible = False
24.5088 	EXP 	window1: mouseVisible = True
24.5249 	EXP 	window1: mouseVisible = False
24.5251 	EXP 	window1: mouseVisible = True
24.5416 	EXP 	window1: mouseVisible = False
24.5420 	EXP 	window1: mouseVisible = True
24.5582 	EXP 	window1: mouseVisible = False
24.5584 	EXP 	window1: mouseVisible = True
24.5748 	EXP 	window1: mouseVisible = False
24.5750 	EXP 	window1: mouseVisible = True
24.5917 	EXP 	window1: mouseVisible = False
24.5919 	EXP 	window1: mouseVisible = True
24.6083 	EXP 	window1: mouseVisible = False
24.6086 	EXP 	window1: mouseVisible = True
24.6250 	EXP 	window1: mouseVisible = False
24.6252 	EXP 	window1: mouseVisible = True
24.6418 	EXP 	window1: mouseVisible = False
24.6420 	EXP 	window1: mouseVisible = True
24.6583 	EXP 	window1: mouseVisible = False
24.6585 	EXP 	window1: mouseVisible = True
24.6751 	EXP 	window1: mouseVisible = False
24.6753 	EXP 	window1: mouseVisible = True
24.6756 	DATA 	Mouse: Left button down, pos=(1344,990)
24.7083 	EXP 	colour1_2: texRes = 128
24.7083 	EXP 	colour3_2: texRes = 128
24.7083 	EXP 	colour4_2: texRes = 128
24.7085 	EXP 	window1: mouseVisible = False
24.7087 	EXP 	window1: mouseVisible = True
24.7251 	EXP 	window1: mouseVisible = False
24.7254 	EXP 	window1: mouseVisible = True
24.7418 	EXP 	window1: mouseVisible = False
24.7420 	EXP 	window1: mouseVisible = True
24.7584 	EXP 	window1: mouseVisible = False
24.7587 	EXP 	window1: mouseVisible = True
24.7752 	EXP 	window1: mouseVisible = False
24.7754 	EXP 	window1: mouseVisible = True
24.7757 	DATA 	Mouse:  Left button up, pos=(1345,994)
24.7917 	EXP 	window1: mouseVisible = False
24.7919 	EXP 	window1: mouseVisible = True
24.8086 	EXP 	window1: mouseVisible = False
24.8088 	EXP 	window1: mouseVisible = True
24.8252 	EXP 	window1: mouseVisible = False
24.8255 	EXP 	window1: mouseVisible = True
24.8418 	EXP 	window1: mouseVisible = False
24.8421 	EXP 	window1: mouseVisible = True
24.8584 	EXP 	window1: mouseVisible = False
24.8586 	EXP 	window1: mouseVisible = True
24.8753 	EXP 	window1: mouseVisible = False
24.8755 	EXP 	window1: mouseVisible = True
24.8918 	EXP 	window1: mouseVisible = False
24.8920 	EXP 	window1: mouseVisible = True
24.9086 	EXP 	window1: mouseVisible = False
24.9088 	EXP 	window1: mouseVisible = True
24.9254 	EXP 	window1: mouseVisible = False
24.9256 	EXP 	window1: mouseVisible = True
24.9420 	EXP 	window1: mouseVisible = False
24.9422 	EXP 	window1: mouseVisible = True
24.9585 	EXP 	window1: mouseVisible = False
24.9586 	EXP 	window1: mouseVisible = True
24.9754 	EXP 	window1: mouseVisible = False
24.9758 	EXP 	window1: mouseVisible = True
24.9920 	EXP 	window1: mouseVisible = False
24.9921 	EXP 	window1: mouseVisible = True
25.0086 	EXP 	window1: mouseVisible = False
25.0088 	EXP 	window1: mouseVisible = True
25.0253 	EXP 	window1: mouseVisible = False
25.0255 	EXP 	window1: mouseVisible = True
25.0420 	EXP 	window1: mouseVisible = False
25.0422 	EXP 	window1: mouseVisible = True
25.0587 	EXP 	window1: mouseVisible = False
25.0590 	EXP 	window1: mouseVisible = True
25.0754 	EXP 	window1: mouseVisible = False
25.0756 	EXP 	window1: mouseVisible = True
25.0920 	EXP 	window1: mouseVisible = False
25.0922 	EXP 	window1: mouseVisible = True
25.1086 	EXP 	window1: mouseVisible = False
25.1089 	EXP 	window1: mouseVisible = True
25.1254 	EXP 	window1: mouseVisible = False
25.1257 	EXP 	window1: mouseVisible = True
25.1421 	EXP 	window1: mouseVisible = False
25.1423 	EXP 	window1: mouseVisible = True
25.1586 	EXP 	window1: mouseVisible = False
25.1589 	EXP 	window1: mouseVisible = True
25.1753 	EXP 	window1: mouseVisible = False
25.1756 	EXP 	window1: mouseVisible = True
25.1921 	EXP 	window1: mouseVisible = False
25.1923 	EXP 	window1: mouseVisible = True
25.2089 	EXP 	window1: mouseVisible = False
25.2091 	EXP 	window1: mouseVisible = True
25.2254 	EXP 	window1: mouseVisible = False
25.2256 	EXP 	window1: mouseVisible = True
25.2421 	EXP 	window1: mouseVisible = False
25.2423 	EXP 	window1: mouseVisible = True
25.2589 	EXP 	window1: mouseVisible = False
25.2591 	EXP 	window1: mouseVisible = True
25.2754 	EXP 	window1: mouseVisible = False
25.2756 	EXP 	window1: mouseVisible = True
25.2923 	EXP 	window1: mouseVisible = False
25.2926 	EXP 	window1: mouseVisible = True
25.3090 	EXP 	window1: mouseVisible = False
25.3093 	EXP 	window1: mouseVisible = True
25.3255 	EXP 	window1: mouseVisible = False
25.3257 	EXP 	window1: mouseVisible = True
25.3422 	EXP 	window1: mouseVisible = False
25.3424 	EXP 	window1: mouseVisible = True
25.3426 	DATA 	Mouse: Left button down, pos=(1827,845)
25.3558 	EXP 	New trial (rep=0, index=1): OrderedDict([('audiofile', 'audio/NV_DE_Neural2-D_Dr-we-Ei_0.3p.wav'), ('callSign', 'Dr'), ('colour', 'we'), ('number', 'Ei')])
25.3788 	EXP 	Set sound_examples sound=audio/NV_DE_Neural2-D_Dr-we-Ei_0.3p.wav
25.3789 	EXP 	window1: mouseVisible = False
25.3796 	EXP 	Sound sound_examples started
25.3922 	EXP 	number1_2: texRes = 128
25.3922 	EXP 	number3_2: texRes = 128
25.3922 	EXP 	number4_2: texRes = 128
25.3922 	EXP 	blankScreen_2: autoDraw = False
25.3922 	EXP 	call1_2: autoDraw = False
25.3922 	EXP 	call2_2: autoDraw = False
25.3922 	EXP 	call3_2: autoDraw = False
25.3922 	EXP 	call4_2: autoDraw = False
25.3922 	EXP 	colour1_2: autoDraw = False
25.3922 	EXP 	colour2_2: autoDraw = False
25.3922 	EXP 	colour3_2: autoDraw = False
25.3922 	EXP 	colour4_2: autoDraw = False
25.3922 	EXP 	number1_2: autoDraw = False
25.3922 	EXP 	number2_2: autoDraw = False
25.3922 	EXP 	number3_2: autoDraw = False
25.3922 	EXP 	number4_2: autoDraw = False
25.3922 	EXP 	blankScreenAfterResponse_2: autoDraw = False
25.3922 	EXP 	fixation_2: autoDraw = True
25.4609 	DATA 	Mouse:  Left button up, pos=(1827,845)
30.8476 	EXP 	Sound sound_examples stopped
30.8902 	EXP 	window1: mouseVisible = False
30.8976 	EXP 	fixation_2: autoDraw = False
30.8976 	EXP 	screenAfterAudio_2: autoDraw = True
30.8976 	EXP 	screenAfterAudio_2: autoDraw = False
30.8976 	EXP 	fixation_2: autoDraw = False
30.8976 	EXP 	screenAfterAudio_2: autoDraw = False
30.8976 	EXP 	call1_2: texRes = 128
30.8976 	EXP 	call2_2: texRes = 128
30.8976 	EXP 	call3_2: texRes = 128
30.8976 	EXP 	call4_2: texRes = 128
30.8976 	EXP 	colour1_2: texRes = 128
30.8976 	EXP 	colour2_2: texRes = 128
30.8976 	EXP 	colour3_2: texRes = 128
30.8976 	EXP 	colour4_2: texRes = 128
30.8976 	EXP 	number1_2: texRes = 128
30.8976 	EXP 	number2_2: texRes = 128
30.8976 	EXP 	number3_2: texRes = 128
30.8976 	EXP 	number4_2: texRes = 128
30.8976 	EXP 	blankScreen_2: autoDraw = True
30.8978 	EXP 	window1: mouseVisible = False
30.9191 	EXP 	window1: mouseVisible = False
30.9355 	EXP 	window1: mouseVisible = False
30.9522 	EXP 	window1: mouseVisible = False
30.9690 	EXP 	window1: mouseVisible = False
30.9855 	EXP 	window1: mouseVisible = False
31.0022 	EXP 	window1: mouseVisible = False
31.0191 	EXP 	window1: mouseVisible = False
31.0356 	EXP 	window1: mouseVisible = False
31.0523 	EXP 	window1: mouseVisible = False
31.0694 	EXP 	window1: mouseVisible = False
31.0858 	EXP 	window1: mouseVisible = False
31.1024 	EXP 	window1: mouseVisible = False
31.1188 	EXP 	window1: mouseVisible = False
31.1357 	EXP 	window1: mouseVisible = False
31.1527 	EXP 	window1: mouseVisible = False
31.1694 	EXP 	window1: mouseVisible = False
31.1858 	EXP 	window1: mouseVisible = False
31.2026 	EXP 	window1: mouseVisible = False
31.2191 	EXP 	window1: mouseVisible = False
31.2360 	EXP 	window1: mouseVisible = False
31.2525 	EXP 	window1: mouseVisible = False
31.2689 	EXP 	window1: mouseVisible = False
31.2865 	EXP 	window1: mouseVisible = False
31.3026 	EXP 	window1: mouseVisible = False
31.3192 	EXP 	window1: mouseVisible = False
31.3359 	EXP 	window1: mouseVisible = False
31.3529 	EXP 	window1: mouseVisible = False
31.3693 	EXP 	window1: mouseVisible = False
31.3861 	EXP 	window1: mouseVisible = False
31.4029 	EXP 	window1: mouseVisible = False
31.4195 	EXP 	window1: mouseVisible = False
31.4359 	EXP 	window1: mouseVisible = False
31.4525 	EXP 	window1: mouseVisible = False
31.4693 	EXP 	window1: mouseVisible = False
31.4864 	EXP 	window1: mouseVisible = False
31.5026 	EXP 	window1: mouseVisible = False
31.5197 	EXP 	window1: mouseVisible = False
31.5360 	EXP 	window1: mouseVisible = False
31.5527 	EXP 	window1: mouseVisible = False
31.5695 	EXP 	window1: mouseVisible = False
31.5864 	EXP 	window1: mouseVisible = False
31.6029 	EXP 	window1: mouseVisible = False
31.6197 	EXP 	window1: mouseVisible = False
31.6365 	EXP 	window1: mouseVisible = False
31.6528 	EXP 	window1: mouseVisible = False
31.6695 	EXP 	window1: mouseVisible = False
31.6865 	EXP 	window1: mouseVisible = False
31.7030 	EXP 	window1: mouseVisible = False
31.7194 	EXP 	window1: mouseVisible = False
31.7365 	EXP 	window1: mouseVisible = False
31.7529 	EXP 	window1: mouseVisible = False
31.7701 	EXP 	window1: mouseVisible = False
31.7865 	EXP 	window1: mouseVisible = False
31.8030 	EXP 	window1: mouseVisible = False
31.8196 	EXP 	window1: mouseVisible = False
31.8361 	EXP 	window1: mouseVisible = False
31.8530 	EXP 	window1: mouseVisible = False
31.8698 	EXP 	window1: mouseVisible = False
31.8863 	EXP 	window1: mouseVisible = False
31.9140 	EXP 	blankScreen_2: autoDraw = False
31.9140 	EXP 	call1_2: autoDraw = True
31.9140 	EXP 	call2_2: autoDraw = True
31.9140 	EXP 	call3_2: autoDraw = True
31.9140 	EXP 	call4_2: autoDraw = True
31.9140 	EXP 	colour1_2: autoDraw = True
31.9140 	EXP 	colour2_2: autoDraw = True
31.9140 	EXP 	colour3_2: autoDraw = True
31.9140 	EXP 	colour4_2: autoDraw = True
31.9140 	EXP 	number1_2: autoDraw = True
31.9140 	EXP 	number2_2: autoDraw = True
31.9140 	EXP 	number3_2: autoDraw = True
31.9140 	EXP 	number4_2: autoDraw = True
31.9142 	EXP 	window1: mouseVisible = False
31.9144 	EXP 	window1: mouseVisible = True
31.9315 	EXP 	window1: mouseVisible = False
31.9318 	EXP 	window1: mouseVisible = True
31.9486 	EXP 	window1: mouseVisible = False
31.9489 	EXP 	window1: mouseVisible = True
31.9643 	EXP 	window1: mouseVisible = False
31.9645 	EXP 	window1: mouseVisible = True
31.9810 	EXP 	window1: mouseVisible = False
31.9813 	EXP 	window1: mouseVisible = True
31.9979 	EXP 	window1: mouseVisible = False
31.9982 	EXP 	window1: mouseVisible = True
32.0144 	EXP 	window1: mouseVisible = False
32.0146 	EXP 	window1: mouseVisible = True
32.0310 	EXP 	window1: mouseVisible = False
32.0312 	EXP 	window1: mouseVisible = True
32.0479 	EXP 	window1: mouseVisible = False
32.0481 	EXP 	window1: mouseVisible = True
32.0643 	EXP 	window1: mouseVisible = False
32.0645 	EXP 	window1: mouseVisible = True
32.0813 	EXP 	window1: mouseVisible = False
32.0815 	EXP 	window1: mouseVisible = True
32.0977 	EXP 	window1: mouseVisible = False
32.0979 	EXP 	window1: mouseVisible = True
32.1146 	EXP 	window1: mouseVisible = False
32.1147 	EXP 	window1: mouseVisible = True
32.1313 	EXP 	window1: mouseVisible = False
32.1315 	EXP 	window1: mouseVisible = True
32.1478 	EXP 	window1: mouseVisible = False
32.1481 	EXP 	window1: mouseVisible = True
32.1646 	EXP 	window1: mouseVisible = False
32.1648 	EXP 	window1: mouseVisible = True
32.1812 	EXP 	window1: mouseVisible = False
32.1814 	EXP 	window1: mouseVisible = True
32.1979 	EXP 	window1: mouseVisible = False
32.1982 	EXP 	window1: mouseVisible = True
32.2147 	EXP 	window1: mouseVisible = False
32.2149 	EXP 	window1: mouseVisible = True
32.2314 	EXP 	window1: mouseVisible = False
32.2316 	EXP 	window1: mouseVisible = True
32.2479 	EXP 	window1: mouseVisible = False
32.2481 	EXP 	window1: mouseVisible = True
32.2646 	EXP 	window1: mouseVisible = False
32.2648 	EXP 	window1: mouseVisible = True
32.2813 	EXP 	window1: mouseVisible = False
32.2815 	EXP 	window1: mouseVisible = True
32.2978 	EXP 	window1: mouseVisible = False
32.2980 	EXP 	window1: mouseVisible = True
32.3147 	EXP 	window1: mouseVisible = False
32.3149 	EXP 	window1: mouseVisible = True
32.3314 	EXP 	window1: mouseVisible = False
32.3317 	EXP 	window1: mouseVisible = True
32.3480 	EXP 	window1: mouseVisible = False
32.3482 	EXP 	window1: mouseVisible = True
32.3646 	EXP 	window1: mouseVisible = False
32.3648 	EXP 	window1: mouseVisible = True
32.3814 	EXP 	window1: mouseVisible = False
32.3819 	EXP 	window1: mouseVisible = True
32.3981 	EXP 	window1: mouseVisible = False
32.3984 	EXP 	window1: mouseVisible = True
32.4147 	EXP 	window1: mouseVisible = False
32.4149 	EXP 	window1: mouseVisible = True
32.4313 	EXP 	window1: mouseVisible = False
32.4315 	EXP 	window1: mouseVisible = True
32.4479 	EXP 	window1: mouseVisible = False
32.4482 	EXP 	window1: mouseVisible = True
32.4648 	EXP 	window1: mouseVisible = False
32.4650 	EXP 	window1: mouseVisible = True
32.4815 	EXP 	window1: mouseVisible = False
32.4817 	EXP 	window1: mouseVisible = True
32.4980 	EXP 	window1: mouseVisible = False
32.4982 	EXP 	window1: mouseVisible = True
32.5148 	EXP 	window1: mouseVisible = False
32.5151 	EXP 	window1: mouseVisible = True
32.5318 	EXP 	window1: mouseVisible = False
32.5322 	EXP 	window1: mouseVisible = True
32.5325 	DATA 	Mouse: Left button down, pos=(697,618)
32.5647 	EXP 	call1_2: texRes = 128
32.5647 	EXP 	call2_2: texRes = 128
32.5647 	EXP 	call4_2: texRes = 128
32.5649 	EXP 	window1: mouseVisible = False
32.5652 	EXP 	window1: mouseVisible = True
32.5815 	EXP 	window1: mouseVisible = False
32.5817 	EXP 	window1: mouseVisible = True
32.5981 	EXP 	window1: mouseVisible = False
32.5983 	EXP 	window1: mouseVisible = True
32.6148 	EXP 	window1: mouseVisible = False
32.6149 	EXP 	window1: mouseVisible = True
32.6315 	EXP 	window1: mouseVisible = False
32.6317 	EXP 	window1: mouseVisible = True
32.6320 	DATA 	Mouse:  Left button up, pos=(699,618)
32.6485 	EXP 	window1: mouseVisible = False
32.6488 	EXP 	window1: mouseVisible = True
32.6648 	EXP 	window1: mouseVisible = False
32.6651 	EXP 	window1: mouseVisible = True
32.6815 	EXP 	window1: mouseVisible = False
32.6817 	EXP 	window1: mouseVisible = True
32.6983 	EXP 	window1: mouseVisible = False
32.6985 	EXP 	window1: mouseVisible = True
32.7150 	EXP 	window1: mouseVisible = False
32.7152 	EXP 	window1: mouseVisible = True
32.7315 	EXP 	window1: mouseVisible = False
32.7317 	EXP 	window1: mouseVisible = True
32.7483 	EXP 	window1: mouseVisible = False
32.7485 	EXP 	window1: mouseVisible = True
32.7649 	EXP 	window1: mouseVisible = False
32.7653 	EXP 	window1: mouseVisible = True
32.7818 	EXP 	window1: mouseVisible = False
32.7819 	EXP 	window1: mouseVisible = True
32.7982 	EXP 	window1: mouseVisible = False
32.7984 	EXP 	window1: mouseVisible = True
32.8150 	EXP 	window1: mouseVisible = False
32.8152 	EXP 	window1: mouseVisible = True
32.8316 	EXP 	window1: mouseVisible = False
32.8318 	EXP 	window1: mouseVisible = True
32.8483 	EXP 	window1: mouseVisible = False
32.8485 	EXP 	window1: mouseVisible = True
32.8652 	EXP 	window1: mouseVisible = False
32.8654 	EXP 	window1: mouseVisible = True
32.8816 	EXP 	window1: mouseVisible = False
32.8819 	EXP 	window1: mouseVisible = True
32.8823 	DATA 	Mouse: Left button down, pos=(1076,557)
32.8984 	EXP 	window1: mouseVisible = False
32.8986 	EXP 	window1: mouseVisible = True
32.9151 	EXP 	window1: mouseVisible = False
32.9154 	EXP 	window1: mouseVisible = True
32.9318 	EXP 	window1: mouseVisible = False
32.9320 	EXP 	window1: mouseVisible = True
32.9485 	EXP 	window1: mouseVisible = False
32.9487 	EXP 	window1: mouseVisible = True
32.9652 	EXP 	window1: mouseVisible = False
32.9654 	EXP 	window1: mouseVisible = True
32.9819 	EXP 	window1: mouseVisible = False
32.9822 	EXP 	window1: mouseVisible = True
32.9986 	EXP 	window1: mouseVisible = False
32.9988 	EXP 	window1: mouseVisible = True
33.0009 	DATA 	Mouse:  Left button up, pos=(1077,557)
33.0152 	EXP 	window1: mouseVisible = False
33.0154 	EXP 	window1: mouseVisible = True
33.0321 	EXP 	window1: mouseVisible = False
33.0323 	EXP 	window1: mouseVisible = True
33.0484 	EXP 	window1: mouseVisible = False
33.0486 	EXP 	window1: mouseVisible = True
33.0652 	EXP 	window1: mouseVisible = False
33.0654 	EXP 	window1: mouseVisible = True
33.0819 	EXP 	window1: mouseVisible = False
33.0822 	EXP 	window1: mouseVisible = True
33.0986 	EXP 	window1: mouseVisible = False
33.0988 	EXP 	window1: mouseVisible = True
33.1152 	EXP 	window1: mouseVisible = False
33.1153 	EXP 	window1: mouseVisible = True
33.1320 	EXP 	window1: mouseVisible = False
33.1324 	EXP 	window1: mouseVisible = True
33.1487 	EXP 	window1: mouseVisible = False
33.1489 	EXP 	window1: mouseVisible = True
33.1491 	DATA 	Mouse: Left button down, pos=(1242,532)
33.1819 	EXP 	colour1_2: texRes = 128
33.1819 	EXP 	colour2_2: texRes = 128
33.1819 	EXP 	colour4_2: texRes = 128
33.1821 	EXP 	window1: mouseVisible = False
33.1823 	EXP 	window1: mouseVisible = True
33.1986 	EXP 	window1: mouseVisible = False
33.1988 	EXP 	window1: mouseVisible = True
33.2153 	EXP 	window1: mouseVisible = False
33.2155 	EXP 	window1: mouseVisible = True
33.2321 	EXP 	window1: mouseVisible = False
33.2323 	EXP 	window1: mouseVisible = True
33.2486 	EXP 	window1: mouseVisible = False
33.2488 	EXP 	window1: mouseVisible = True
33.2655 	EXP 	window1: mouseVisible = False
33.2657 	EXP 	window1: mouseVisible = True
33.2659 	DATA 	Mouse:  Left button up, pos=(1242,532)
33.2822 	EXP 	window1: mouseVisible = False
33.2824 	EXP 	window1: mouseVisible = True
33.2987 	EXP 	window1: mouseVisible = False
33.2989 	EXP 	window1: mouseVisible = True
33.3156 	EXP 	window1: mouseVisible = False
33.3158 	EXP 	window1: mouseVisible = True
33.3321 	EXP 	window1: mouseVisible = False
33.3323 	EXP 	window1: mouseVisible = True
33.3487 	EXP 	window1: mouseVisible = False
33.3489 	EXP 	window1: mouseVisible = True
33.3658 	EXP 	window1: mouseVisible = False
33.3662 	EXP 	window1: mouseVisible = True
33.3822 	EXP 	window1: mouseVisible = False
33.3825 	EXP 	window1: mouseVisible = True
33.3990 	EXP 	window1: mouseVisible = False
33.3992 	EXP 	window1: mouseVisible = True
33.4156 	EXP 	window1: mouseVisible = False
33.4158 	EXP 	window1: mouseVisible = True
33.4322 	EXP 	window1: mouseVisible = False
33.4324 	EXP 	window1: mouseVisible = True
33.4489 	EXP 	window1: mouseVisible = False
33.4492 	EXP 	window1: mouseVisible = True
33.4656 	EXP 	window1: mouseVisible = False
33.4659 	EXP 	window1: mouseVisible = True
33.4821 	EXP 	window1: mouseVisible = False
33.4823 	EXP 	window1: mouseVisible = True
33.4989 	EXP 	window1: mouseVisible = False
33.4991 	EXP 	window1: mouseVisible = True
33.5156 	EXP 	window1: mouseVisible = False
33.5158 	EXP 	window1: mouseVisible = True
33.5322 	EXP 	window1: mouseVisible = False
33.5324 	EXP 	window1: mouseVisible = True
33.5490 	EXP 	window1: mouseVisible = False
33.5493 	EXP 	window1: mouseVisible = True
33.5658 	EXP 	window1: mouseVisible = False
33.5660 	EXP 	window1: mouseVisible = True
33.5824 	EXP 	window1: mouseVisible = False
33.5825 	EXP 	window1: mouseVisible = True
33.5989 	EXP 	window1: mouseVisible = False
33.5991 	EXP 	window1: mouseVisible = True
33.6157 	EXP 	window1: mouseVisible = False
33.6160 	EXP 	window1: mouseVisible = True
33.6325 	EXP 	window1: mouseVisible = False
33.6327 	EXP 	window1: mouseVisible = True
33.6490 	EXP 	window1: mouseVisible = False
33.6495 	EXP 	window1: mouseVisible = True
33.6659 	EXP 	window1: mouseVisible = False
33.6662 	EXP 	window1: mouseVisible = True
33.6823 	EXP 	window1: mouseVisible = False
33.6825 	EXP 	window1: mouseVisible = True
33.6991 	EXP 	window1: mouseVisible = False
33.6994 	EXP 	window1: mouseVisible = True
33.7015 	DATA 	Mouse: Left button down, pos=(1860,597)
33.7158 	EXP 	window1: mouseVisible = False
33.7159 	EXP 	window1: mouseVisible = True
33.7733 	EXP 	window1: mouseVisible = False
33.7824 	EXP 	number1_2: texRes = 128
33.7824 	EXP 	number2_2: texRes = 128
33.7824 	EXP 	number4_2: texRes = 128
33.7824 	EXP 	blankScreen_2: autoDraw = False
33.7824 	EXP 	call1_2: autoDraw = False
33.7824 	EXP 	call2_2: autoDraw = False
33.7824 	EXP 	call3_2: autoDraw = False
33.7824 	EXP 	call4_2: autoDraw = False
33.7824 	EXP 	colour1_2: autoDraw = False
33.7824 	EXP 	colour2_2: autoDraw = False
33.7824 	EXP 	colour3_2: autoDraw = False
33.7824 	EXP 	colour4_2: autoDraw = False
33.7824 	EXP 	number1_2: autoDraw = False
33.7824 	EXP 	number2_2: autoDraw = False
33.7824 	EXP 	number3_2: autoDraw = False
33.7824 	EXP 	number4_2: autoDraw = False
33.7824 	EXP 	blankScreenAfterResponse_2: autoDraw = False
33.8173 	DATA 	Mouse:  Left button up, pos=(1860,596)
44.8926 	DATA 	Keypress: escape
45.7545 	EXP 	window1: mouseVisible = True
