26.6795 	EXP 	Created window1 = Window(allowGUI=False, allowStencil=False, autoLog=True, backendConf=UNKNOWN, bitsMode=UNKNOWN, blendMode='avg', bpc=(8, 8, 8), color=array([0, 0, 0]), colorSpace='rgb', depthBits=8, fullscr=<method-wrapper '__getattribute__' of attributeSetter object at 0x000002B15C152AF0>, gamma=None, gammaErrorPolicy='raise', lms=UNKNOWN, monitor=<psychopy.monitors.calibTools.Monitor object at 0x000002B15C4B94C0>, multiSample=False, name='window1', numSamples=2, pos=(0, 0), screen=0, size=array([1280, 1024]), stencilBits=0, stereo=False, units='height', useFBO=True, useRetina=False, viewOri=0.0, viewPos=None, viewScale=None, waitBlanking=True, winType='pyglet')
26.6798 	EXP 	window1: mouseVisible = True
26.6799 	EXP 	window1: Attempting to measure frame rate of screen (0) ...
26.6799 	EXP 	window1: recordFrameIntervals = False
26.8454 	EXP 	window1: recordFrameIntervals = True
27.0289 	EXP 	Screen (0) actual frame rate measured at 60.04Hz
27.0289 	EXP 	window1: recordFrameIntervals = False
28.5552 	EXP 	Created instrTrainText = TextStim(__class__=<class 'psychopy.visual.text.TextStim'>, alignHoriz=method-wrapper(...), alignText='center', alignVert=method-wrapper(...), anchorHoriz='center', anchorVert='center', antialias=True, autoLog=True, bold=False, color=array([1., 1., 1.]), colorSpace='rgb', contrast=1.0, depth=-1.0, flipHoriz=False, flipVert=False, font='Arial', fontFiles=[], height=0.04, italic=False, languageStyle='LTR', name='instrTrainText', opacity=1.0, ori=0, pos=array([0., 0.]), rgb=UNKNOWN, text=str(...), units='height', win=Window(...), wrapWidth=1)
28.5570 	EXP 	Created blockStart = TextStim(__class__=<class 'psychopy.visual.text.TextStim'>, alignHoriz=method-wrapper(...), alignText='center', alignVert=method-wrapper(...), anchorHoriz='center', anchorVert='center', antialias=True, autoLog=True, bold=False, color=array([1., 1., 1.]), colorSpace='rgb', contrast=1.0, depth=0.0, flipHoriz=False, flipVert=False, font='Arial', fontFiles=[], height=0.04, italic=False, languageStyle='LTR', name='blockStart', opacity=1.0, ori=0, pos=array([0., 0.]), rgb=UNKNOWN, text='Begin  block ', units='height', win=Window(...), wrapWidth=1)
28.6392 	EXP 	Sound sound_1 set volume 1.000
28.6423 	EXP 	Created fixation = ShapeStim(__class__=<class 'psychopy.visual.shape.ShapeStim'>, anchor=('center', 'center'), autoDraw=False, autoLog=True, closeShape=True, color=method-wrapper(...), colorSpace='rgb', contrast=None, depth=-2.0, fillColor=array([1, 1, 1]), fillColorSpace='rgb', fillRGB=array([1, 1, 1]), interpolate=True, lineColor=array([1., 1., 1.]), lineColorSpace='rgb', lineRGB=array([1, 1, 1]), lineWidth=0.5, name='fixation', opacity=0.75, ori=0.0, pos=array([0., 0.]), size=array([0.05, 0.05]), units='height', vertices=ndarray(...), win=Window(...), windingRule=None)
28.6652 	EXP 	Created screenAfterAudio = ImageStim(__class__=<class 'psychopy.visual.image.ImageStim'>, anchor=('center', 'center'), autoLog=True, color=array([1., 1., 1.]), colorSpace='rgb', contrast=1.0, depth=-4.0, flipHoriz=False, flipVert=False, image='images/grayScreen.png', interpolate=True, mask=None, maskParams=None, name='screenAfterAudio', opacity=1.0, ori=0.0, pos=array([0., 0.]), size=array([0.5, 0.5]), texRes=128.0, units='height', win=Window(...))
28.6803 	EXP 	Created blankScreen = ImageStim(__class__=<class 'psychopy.visual.image.ImageStim'>, anchor=('center', 'center'), autoLog=True, color=array([1., 1., 1.]), colorSpace='rgb', contrast=1.0, depth=-4.0, flipHoriz=False, flipVert=False, image='images/grayScreen.png', interpolate=True, mask=None, maskParams=None, name='blankScreen', opacity=1.0, ori=0.0, pos=array([0., 0.]), size=array([1920., 1080.]), texRes=128, units='height', win=Window(...))
28.8574 	EXP 	Created call1 = ImageStim(__class__=<class 'psychopy.visual.image.ImageStim'>, anchor=('center', 'center'), autoLog=True, color=array([1., 1., 1.]), colorSpace='rgb', contrast=1.0, depth=-5.0, flipHoriz=False, flipVert=False, image='images/adler.png', interpolate=True, mask=None, maskParams=None, name='call1', opacity=1.0, ori=0.0, pos=array([-0.4   ,  0.3125]), size=array([0.18, 0.18]), texRes=128, units='height', win=Window(...))
29.0415 	EXP 	Created call2 = ImageStim(__class__=<class 'psychopy.visual.image.ImageStim'>, anchor=('center', 'center'), autoLog=True, color=array([1., 1., 1.]), colorSpace='rgb', contrast=1.0, depth=-6.0, flipHoriz=False, flipVert=False, image='images/drossel.png', interpolate=True, mask=None, maskParams=None, name='call2', opacity=1.0, ori=0.0, pos=array([-0.4       ,  0.10416667]), size=array([0.18, 0.18]), texRes=128, units='height', win=Window(...))
29.2530 	EXP 	Created call3 = ImageStim(__class__=<class 'psychopy.visual.image.ImageStim'>, anchor=('center', 'center'), autoLog=True, color=array([1., 1., 1.]), colorSpace='rgb', contrast=1.0, depth=-7.0, flipHoriz=False, flipVert=False, image='images/tiger.png', interpolate=True, mask=None, maskParams=None, name='call3', opacity=1.0, ori=0.0, pos=array([-0.4       , -0.10416667]), size=array([0.18, 0.18]), texRes=128, units='height', win=Window(...))
29.4465 	EXP 	Created call4 = ImageStim(__class__=<class 'psychopy.visual.image.ImageStim'>, anchor=('center', 'center'), autoLog=True, color=array([1., 1., 1.]), colorSpace='rgb', contrast=1.0, depth=-8.0, flipHoriz=False, flipVert=False, image='images/kroete.png', interpolate=True, mask=None, maskParams=None, name='call4', opacity=1.0, ori=0.0, pos=array([-0.4   , -0.3125]), size=array([0.18, 0.18]), texRes=128, units='height', win=Window(...))
29.4716 	EXP 	Created colour1 = ImageStim(__class__=<class 'psychopy.visual.image.ImageStim'>, anchor=('center', 'center'), autoLog=True, color=array([1., 1., 1.]), colorSpace='rgb', contrast=1.0, depth=-9.0, flipHoriz=False, flipVert=False, image='images/gelb.png', interpolate=True, mask=None, maskParams=None, name='colour1', opacity=1.0, ori=0.0, pos=array([0.    , 0.3125]), size=array([0.18, 0.18]), texRes=128, units='height', win=Window(...))
29.4955 	EXP 	Created colour2 = ImageStim(__class__=<class 'psychopy.visual.image.ImageStim'>, anchor=('center', 'center'), autoLog=True, color=array([1., 1., 1.]), colorSpace='rgb', contrast=1.0, depth=-10.0, flipHoriz=False, flipVert=False, image='images/gruen.png', interpolate=True, mask=None, maskParams=None, name='colour2', opacity=1.0, ori=0.0, pos=array([0.        , 0.10416667]), size=array([0.18, 0.18]), texRes=128, units='height', win=Window(...))
29.5174 	EXP 	Created colour3 = ImageStim(__class__=<class 'psychopy.visual.image.ImageStim'>, anchor=('center', 'center'), autoLog=True, color=array([1., 1., 1.]), colorSpace='rgb', contrast=1.0, depth=-11.0, flipHoriz=False, flipVert=False, image='images/rot.png', interpolate=True, mask=None, maskParams=None, name='colour3', opacity=1.0, ori=0.0, pos=array([ 0.        , -0.10416667]), size=array([0.18, 0.18]), texRes=128, units='height', win=Window(...))
29.5388 	EXP 	Created colour4 = ImageStim(__class__=<class 'psychopy.visual.image.ImageStim'>, anchor=('center', 'center'), autoLog=True, color=array([1., 1., 1.]), colorSpace='rgb', contrast=1.0, depth=-12.0, flipHoriz=False, flipVert=False, image='images/weiss.png', interpolate=True, mask=None, maskParams=None, name='colour4', opacity=1.0, ori=0.0, pos=array([ 0.    , -0.3125]), size=array([0.18, 0.18]), texRes=128, units='height', win=Window(...))
29.5607 	EXP 	Created number1 = ImageStim(__class__=<class 'psychopy.visual.image.ImageStim'>, anchor=('center', 'center'), autoLog=True, color=array([1., 1., 1.]), colorSpace='rgb', contrast=1.0, depth=-13.0, flipHoriz=False, flipVert=False, image='images/1.png', interpolate=True, mask=None, maskParams=None, name='number1', opacity=1.0, ori=0.0, pos=array([0.4   , 0.3125]), size=array([0.18, 0.18]), texRes=128, units='height', win=Window(...))
29.5823 	EXP 	Created number2 = ImageStim(__class__=<class 'psychopy.visual.image.ImageStim'>, anchor=('center', 'center'), autoLog=True, color=array([1., 1., 1.]), colorSpace='rgb', contrast=1.0, depth=-14.0, flipHoriz=False, flipVert=False, image='images/2.png', interpolate=True, mask=None, maskParams=None, name='number2', opacity=1.0, ori=0.0, pos=array([0.4       , 0.10416667]), size=array([0.18, 0.18]), texRes=128, units='height', win=Window(...))
29.6045 	EXP 	Created number3 = ImageStim(__class__=<class 'psychopy.visual.image.ImageStim'>, anchor=('center', 'center'), autoLog=True, color=array([1., 1., 1.]), colorSpace='rgb', contrast=1.0, depth=-15.0, flipHoriz=False, flipVert=False, image='images/3.png', interpolate=True, mask=None, maskParams=None, name='number3', opacity=1.0, ori=0.0, pos=array([ 0.4       , -0.10416667]), size=array([0.18, 0.18]), texRes=128, units='height', win=Window(...))
29.6258 	EXP 	Created number4 = ImageStim(__class__=<class 'psychopy.visual.image.ImageStim'>, anchor=('center', 'center'), autoLog=True, color=array([1., 1., 1.]), colorSpace='rgb', contrast=1.0, depth=-16.0, flipHoriz=False, flipVert=False, image='images/4.png', interpolate=True, mask=None, maskParams=None, name='number4', opacity=1.0, ori=0.0, pos=array([ 0.4   , -0.3125]), size=array([0.18, 0.18]), texRes=128, units='height', win=Window(...))
29.6258 	EXP 	window1: mouseVisible = True
29.6259 	EXP 	window1: mouseVisible = True
29.6259 	EXP 	window1: mouseVisible = True
29.6479 	EXP 	Created blankScreenAfterResponse = ImageStim(__class__=<class 'psychopy.visual.image.ImageStim'>, anchor=('center', 'center'), autoLog=True, color=array([1., 1., 1.]), colorSpace='rgb', contrast=1.0, depth=-25.0, flipHoriz=False, flipVert=False, image='images/blankScreen.png', interpolate=True, mask=None, maskParams=None, name='blankScreenAfterResponse', opacity=1.0, ori=0.0, pos=array([0., 0.]), size=array([1920., 1080.]), texRes=128, units='height', win=Window(...))
29.6537 	EXP 	Created thanksText = TextStim(__class__=<class 'psychopy.visual.text.TextStim'>, alignHoriz=method-wrapper(...), alignText='center', alignVert=method-wrapper(...), anchorHoriz='center', anchorVert='center', antialias=True, autoLog=True, bold=False, color=array([1., 1., 1.]), colorSpace='rgb', contrast=1.0, depth=0.0, flipHoriz=False, flipVert=False, font='Arial', fontFiles=[], height=0.04, italic=False, languageStyle='LTR', name='thanksText', opacity=1.0, ori=0, pos=array([0., 0.]), rgb=UNKNOWN, text=str(...), units='height', win=Window(...), wrapWidth=1)
29.6538 	EXP 	window1: mouseVisible = False
29.6608 	EXP 	instrTrainText: autoDraw = True
35.0771 	EXP 	Imported order6.csv as conditions, 4 conditions, 1 params
35.0774 	EXP 	Created sequence: sequential, trialTypes=4, nReps=1, seed=None
35.0775 	EXP 	New trial (rep=0, index=0): OrderedDict([('condsFile', 'flow\\tts-golang-selected_PsyPySEQ_SSN1.csv')])
35.0787 	DATA 	Keypress: space
35.0933 	EXP 	instrTrainText: autoDraw = False
35.0933 	EXP 	blockStart: autoDraw = True
35.8357 	EXP 	Imported flow\tts-golang-selected_PsyPySEQ_SSN1.csv as conditions, 96 conditions, 26 params
35.8361 	EXP 	Created sequence: random, trialTypes=96, nReps=1, seed=None
35.8364 	EXP 	New trial (rep=0, index=0): OrderedDict([('audiofile', 'audio/SiSSN_DE_Neural2-F_Ti-ro-Dr_-6db.wav'), ('duration', 4.843), ('noise', 'SiSSN'), ('voice', 'Neural2-F'), ('words', 'Ti-ro-Dr'), ('callSign', 'Ti'), ('colour', 'ro'), ('number', 'Dr'), ('levels', '-6db'), ('trigger_start', 200), ('trigger_end', 201), ('trigger_call', 214), ('trigger_col', 223), ('trigger_num', 233), ('file', 'DE_Neural2-F_Ti-ro-Dr.TextGrid'), ('firstSound_tmin', 0.17712), ('lastSound_tmax', 4.104053164), ('token_1_tmin', 0.7139336373333333), ('token_1_tmax', 1.1909062946666666), ('token_2_tmin', 2.2253404806666666), ('token_2_tmax', 2.58712), ('token_3_tmin', 3.777040552666667), ('token_3_tmax', 4.104053164), ('rater', 'mean'), ('newidx', 0), ('block', 'SSN1')])
36.1539 	EXP 	window1: mouseVisible = False
36.1591 	EXP 	Sound sound_1 started
36.1563 	DATA 	Keypress: space
36.1605 	EXP 	blockStart: autoDraw = False
36.1605 	EXP 	fixation: autoDraw = True
40.6213 	EXP 	Sound sound_1 reached end of file
41.4837 	EXP 	window1: mouseVisible = False
41.4938 	EXP 	fixation: autoDraw = False
41.4938 	EXP 	screenAfterAudio: autoDraw = True
41.4938 	EXP 	screenAfterAudio: autoDraw = False
41.4938 	EXP 	fixation: autoDraw = False
41.4938 	EXP 	screenAfterAudio: autoDraw = False
41.4938 	EXP 	call1: texRes = 128
41.4938 	EXP 	call2: texRes = 128
41.4938 	EXP 	call3: texRes = 128
41.4938 	EXP 	call4: texRes = 128
41.4938 	EXP 	colour1: texRes = 128
41.4938 	EXP 	colour2: texRes = 128
41.4938 	EXP 	colour3: texRes = 128
41.4938 	EXP 	colour4: texRes = 128
41.4938 	EXP 	number1: texRes = 128
41.4938 	EXP 	number2: texRes = 128
41.4938 	EXP 	number3: texRes = 128
41.4938 	EXP 	number4: texRes = 128
41.4938 	EXP 	blankScreen: autoDraw = True
41.4939 	EXP 	window1: mouseVisible = False
41.5239 	EXP 	window1: mouseVisible = False
41.5406 	EXP 	window1: mouseVisible = False
41.5570 	EXP 	window1: mouseVisible = False
41.5739 	EXP 	window1: mouseVisible = False
41.5905 	EXP 	window1: mouseVisible = False
41.6071 	EXP 	window1: mouseVisible = False
41.6237 	EXP 	window1: mouseVisible = False
41.6404 	EXP 	window1: mouseVisible = False
41.6570 	EXP 	window1: mouseVisible = False
41.6741 	EXP 	window1: mouseVisible = False
41.6902 	EXP 	window1: mouseVisible = False
41.7080 	EXP 	window1: mouseVisible = False
41.7236 	EXP 	window1: mouseVisible = False
41.7403 	EXP 	window1: mouseVisible = False
41.7568 	EXP 	window1: mouseVisible = False
41.7736 	EXP 	window1: mouseVisible = False
41.7905 	EXP 	window1: mouseVisible = False
41.8068 	EXP 	window1: mouseVisible = False
41.8238 	EXP 	window1: mouseVisible = False
41.8404 	EXP 	window1: mouseVisible = False
41.8571 	EXP 	window1: mouseVisible = False
41.8738 	EXP 	window1: mouseVisible = False
41.8904 	EXP 	window1: mouseVisible = False
41.9070 	EXP 	window1: mouseVisible = False
41.9239 	EXP 	window1: mouseVisible = False
41.9403 	EXP 	window1: mouseVisible = False
41.9571 	EXP 	window1: mouseVisible = False
41.9741 	EXP 	window1: mouseVisible = False
41.9903 	EXP 	window1: mouseVisible = False
42.0070 	EXP 	window1: mouseVisible = False
42.0236 	EXP 	window1: mouseVisible = False
42.0403 	EXP 	window1: mouseVisible = False
42.0568 	EXP 	window1: mouseVisible = False
42.0735 	EXP 	window1: mouseVisible = False
42.0902 	EXP 	window1: mouseVisible = False
42.1073 	EXP 	window1: mouseVisible = False
42.1236 	EXP 	window1: mouseVisible = False
42.1402 	EXP 	window1: mouseVisible = False
42.1570 	EXP 	window1: mouseVisible = False
42.1734 	EXP 	window1: mouseVisible = False
42.1902 	EXP 	window1: mouseVisible = False
42.2068 	EXP 	window1: mouseVisible = False
42.2234 	EXP 	window1: mouseVisible = False
42.2404 	EXP 	window1: mouseVisible = False
42.2568 	EXP 	window1: mouseVisible = False
42.2745 	EXP 	window1: mouseVisible = False
42.2904 	EXP 	window1: mouseVisible = False
42.3065 	EXP 	window1: mouseVisible = False
42.3237 	EXP 	window1: mouseVisible = False
42.3403 	EXP 	window1: mouseVisible = False
42.3569 	EXP 	window1: mouseVisible = False
42.3735 	EXP 	window1: mouseVisible = False
42.3902 	EXP 	window1: mouseVisible = False
42.4069 	EXP 	window1: mouseVisible = False
42.4236 	EXP 	window1: mouseVisible = False
42.4402 	EXP 	window1: mouseVisible = False
42.4569 	EXP 	window1: mouseVisible = False
42.4736 	EXP 	window1: mouseVisible = False
42.4901 	EXP 	window1: mouseVisible = False
42.5062 	EXP 	blankScreen: autoDraw = False
42.5062 	EXP 	call1: autoDraw = True
42.5062 	EXP 	call2: autoDraw = True
42.5062 	EXP 	call3: autoDraw = True
42.5062 	EXP 	call4: autoDraw = True
42.5062 	EXP 	colour1: autoDraw = True
42.5062 	EXP 	colour2: autoDraw = True
42.5062 	EXP 	colour3: autoDraw = True
42.5062 	EXP 	colour4: autoDraw = True
42.5062 	EXP 	number1: autoDraw = True
42.5062 	EXP 	number2: autoDraw = True
42.5062 	EXP 	number3: autoDraw = True
42.5062 	EXP 	number4: autoDraw = True
42.5063 	EXP 	window1: mouseVisible = False
42.5065 	EXP 	window1: mouseVisible = True
42.5234 	EXP 	window1: mouseVisible = False
42.5239 	EXP 	window1: mouseVisible = True
42.5402 	EXP 	window1: mouseVisible = False
42.5404 	EXP 	window1: mouseVisible = True
42.5567 	EXP 	window1: mouseVisible = False
42.5568 	EXP 	window1: mouseVisible = True
42.5735 	EXP 	window1: mouseVisible = False
42.5737 	EXP 	window1: mouseVisible = True
42.5902 	EXP 	window1: mouseVisible = False
42.5903 	EXP 	window1: mouseVisible = True
42.6069 	EXP 	window1: mouseVisible = False
42.6070 	EXP 	window1: mouseVisible = True
42.6235 	EXP 	window1: mouseVisible = False
42.6236 	EXP 	window1: mouseVisible = True
42.6405 	EXP 	window1: mouseVisible = False
42.6407 	EXP 	window1: mouseVisible = True
42.6568 	EXP 	window1: mouseVisible = False
42.6569 	EXP 	window1: mouseVisible = True
42.6737 	EXP 	window1: mouseVisible = False
42.6739 	EXP 	window1: mouseVisible = True
42.6902 	EXP 	window1: mouseVisible = False
42.6904 	EXP 	window1: mouseVisible = True
42.7069 	EXP 	window1: mouseVisible = False
42.7073 	EXP 	window1: mouseVisible = True
42.7236 	EXP 	window1: mouseVisible = False
42.7238 	EXP 	window1: mouseVisible = True
42.7615 	EXP 	window1: mouseVisible = False
42.7622 	EXP 	window1: mouseVisible = True
42.7737 	EXP 	window1: mouseVisible = False
42.7739 	EXP 	window1: mouseVisible = True
42.7904 	EXP 	window1: mouseVisible = False
42.7905 	EXP 	window1: mouseVisible = True
42.8072 	EXP 	window1: mouseVisible = False
42.8074 	EXP 	window1: mouseVisible = True
42.8236 	EXP 	window1: mouseVisible = False
42.8241 	EXP 	window1: mouseVisible = True
42.8414 	EXP 	window1: mouseVisible = False
42.8417 	EXP 	window1: mouseVisible = True
42.8575 	EXP 	window1: mouseVisible = False
42.8577 	EXP 	window1: mouseVisible = True
42.8737 	EXP 	window1: mouseVisible = False
42.8740 	EXP 	window1: mouseVisible = True
42.8902 	EXP 	window1: mouseVisible = False
42.8903 	EXP 	window1: mouseVisible = True
42.9078 	EXP 	window1: mouseVisible = False
42.9080 	EXP 	window1: mouseVisible = True
42.9238 	EXP 	window1: mouseVisible = False
42.9240 	EXP 	window1: mouseVisible = True
42.9402 	EXP 	window1: mouseVisible = False
42.9404 	EXP 	window1: mouseVisible = True
42.9572 	EXP 	window1: mouseVisible = False
42.9573 	EXP 	window1: mouseVisible = True
42.9736 	EXP 	window1: mouseVisible = False
42.9738 	EXP 	window1: mouseVisible = True
42.9903 	EXP 	window1: mouseVisible = False
42.9905 	EXP 	window1: mouseVisible = True
43.0071 	EXP 	window1: mouseVisible = False
43.0073 	EXP 	window1: mouseVisible = True
43.0237 	EXP 	window1: mouseVisible = False
43.0238 	EXP 	window1: mouseVisible = True
43.0461 	EXP 	window1: mouseVisible = False
43.0463 	EXP 	window1: mouseVisible = True
43.0570 	EXP 	window1: mouseVisible = False
43.0572 	EXP 	window1: mouseVisible = True
43.0735 	EXP 	window1: mouseVisible = False
43.0737 	EXP 	window1: mouseVisible = True
43.0902 	EXP 	window1: mouseVisible = False
43.0903 	EXP 	window1: mouseVisible = True
43.1066 	EXP 	window1: mouseVisible = False
43.1068 	EXP 	window1: mouseVisible = True
43.1234 	EXP 	window1: mouseVisible = False
43.1236 	EXP 	window1: mouseVisible = True
43.1727 	EXP 	window1: mouseVisible = False
43.1729 	EXP 	window1: mouseVisible = True
43.1899 	EXP 	window1: mouseVisible = False
43.1901 	EXP 	window1: mouseVisible = True
43.2065 	EXP 	window1: mouseVisible = False
43.2067 	EXP 	window1: mouseVisible = True
43.2233 	EXP 	window1: mouseVisible = False
43.2235 	EXP 	window1: mouseVisible = True
43.2816 	EXP 	window1: mouseVisible = False
43.2822 	EXP 	window1: mouseVisible = True
43.2901 	EXP 	window1: mouseVisible = False
43.2903 	EXP 	window1: mouseVisible = True
43.3067 	EXP 	window1: mouseVisible = False
43.3068 	EXP 	window1: mouseVisible = True
43.3233 	EXP 	window1: mouseVisible = False
43.3234 	EXP 	window1: mouseVisible = True
43.3399 	EXP 	window1: mouseVisible = False
43.3401 	EXP 	window1: mouseVisible = True
43.3567 	EXP 	window1: mouseVisible = False
43.3569 	EXP 	window1: mouseVisible = True
43.3733 	EXP 	window1: mouseVisible = False
43.3735 	EXP 	window1: mouseVisible = True
43.3900 	EXP 	window1: mouseVisible = False
43.3902 	EXP 	window1: mouseVisible = True
43.4068 	EXP 	window1: mouseVisible = False
43.4073 	EXP 	window1: mouseVisible = True
43.4234 	EXP 	window1: mouseVisible = False
43.4236 	EXP 	window1: mouseVisible = True
43.4861 	EXP 	window1: mouseVisible = False
43.4865 	EXP 	window1: mouseVisible = True
43.5067 	EXP 	window1: mouseVisible = False
43.5069 	EXP 	window1: mouseVisible = True
43.5237 	EXP 	window1: mouseVisible = False
43.5238 	EXP 	window1: mouseVisible = True
43.5400 	EXP 	window1: mouseVisible = False
43.5402 	EXP 	window1: mouseVisible = True
43.5567 	EXP 	window1: mouseVisible = False
43.5568 	EXP 	window1: mouseVisible = True
43.5736 	EXP 	window1: mouseVisible = False
43.5738 	EXP 	window1: mouseVisible = True
43.5902 	EXP 	window1: mouseVisible = False
43.5904 	EXP 	window1: mouseVisible = True
43.6069 	EXP 	window1: mouseVisible = False
43.6070 	EXP 	window1: mouseVisible = True
43.6236 	EXP 	window1: mouseVisible = False
43.6237 	EXP 	window1: mouseVisible = True
43.6456 	EXP 	window1: mouseVisible = False
43.6458 	EXP 	window1: mouseVisible = True
43.6568 	EXP 	window1: mouseVisible = False
43.6569 	EXP 	window1: mouseVisible = True
43.6735 	EXP 	window1: mouseVisible = False
43.6738 	EXP 	window1: mouseVisible = True
43.6900 	EXP 	window1: mouseVisible = False
43.6902 	EXP 	window1: mouseVisible = True
43.7068 	EXP 	window1: mouseVisible = False
43.7069 	EXP 	window1: mouseVisible = True
43.7237 	EXP 	window1: mouseVisible = False
43.7238 	EXP 	window1: mouseVisible = True
43.7416 	EXP 	window1: mouseVisible = False
43.7419 	EXP 	window1: mouseVisible = True
43.7568 	EXP 	window1: mouseVisible = False
43.7571 	EXP 	window1: mouseVisible = True
43.7738 	EXP 	window1: mouseVisible = False
43.7741 	EXP 	window1: mouseVisible = True
43.7900 	EXP 	window1: mouseVisible = False
43.7902 	EXP 	window1: mouseVisible = True
43.8071 	EXP 	window1: mouseVisible = False
43.8072 	EXP 	window1: mouseVisible = True
43.8234 	EXP 	window1: mouseVisible = False
43.8235 	EXP 	window1: mouseVisible = True
43.8403 	EXP 	window1: mouseVisible = False
43.8404 	EXP 	window1: mouseVisible = True
43.8566 	EXP 	window1: mouseVisible = False
43.8567 	EXP 	window1: mouseVisible = True
43.8729 	EXP 	window1: mouseVisible = False
43.8731 	EXP 	window1: mouseVisible = True
43.8899 	EXP 	window1: mouseVisible = False
43.8904 	EXP 	window1: mouseVisible = True
43.9065 	EXP 	window1: mouseVisible = False
43.9066 	EXP 	window1: mouseVisible = True
43.9231 	EXP 	window1: mouseVisible = False
43.9235 	EXP 	window1: mouseVisible = True
43.9746 	EXP 	window1: mouseVisible = False
43.9751 	EXP 	window1: mouseVisible = True
43.9898 	EXP 	window1: mouseVisible = False
43.9899 	EXP 	window1: mouseVisible = True
44.0067 	EXP 	window1: mouseVisible = False
44.0069 	EXP 	window1: mouseVisible = True
44.0230 	EXP 	window1: mouseVisible = False
44.0232 	EXP 	window1: mouseVisible = True
44.0864 	EXP 	window1: mouseVisible = False
44.0868 	EXP 	window1: mouseVisible = True
44.1066 	EXP 	window1: mouseVisible = False
44.1067 	EXP 	window1: mouseVisible = True
44.1231 	EXP 	window1: mouseVisible = False
44.1232 	EXP 	window1: mouseVisible = True
44.1401 	EXP 	window1: mouseVisible = False
44.1405 	EXP 	window1: mouseVisible = True
44.1566 	EXP 	window1: mouseVisible = False
44.1568 	EXP 	window1: mouseVisible = True
44.1732 	EXP 	window1: mouseVisible = False
44.1738 	EXP 	window1: mouseVisible = True
44.1903 	EXP 	window1: mouseVisible = False
44.1906 	EXP 	window1: mouseVisible = True
44.2067 	EXP 	window1: mouseVisible = False
44.2068 	EXP 	window1: mouseVisible = True
44.2234 	EXP 	window1: mouseVisible = False
44.2235 	EXP 	window1: mouseVisible = True
44.2462 	EXP 	window1: mouseVisible = False
44.2464 	EXP 	window1: mouseVisible = True
44.2567 	EXP 	window1: mouseVisible = False
44.2569 	EXP 	window1: mouseVisible = True
44.2730 	EXP 	window1: mouseVisible = False
44.2733 	EXP 	window1: mouseVisible = True
44.2897 	EXP 	window1: mouseVisible = False
44.2898 	EXP 	window1: mouseVisible = True
44.3064 	EXP 	window1: mouseVisible = False
44.3069 	EXP 	window1: mouseVisible = True
44.3230 	EXP 	window1: mouseVisible = False
44.3232 	EXP 	window1: mouseVisible = True
44.3718 	EXP 	window1: mouseVisible = False
44.3724 	EXP 	window1: mouseVisible = True
44.3899 	EXP 	window1: mouseVisible = False
44.3903 	EXP 	window1: mouseVisible = True
44.4063 	EXP 	window1: mouseVisible = False
44.4065 	EXP 	window1: mouseVisible = True
44.4232 	EXP 	window1: mouseVisible = False
44.4235 	EXP 	window1: mouseVisible = True
44.4397 	EXP 	window1: mouseVisible = False
44.4398 	EXP 	window1: mouseVisible = True
44.4559 	EXP 	window1: mouseVisible = False
44.4560 	EXP 	window1: mouseVisible = True
44.4728 	EXP 	window1: mouseVisible = False
44.4729 	EXP 	window1: mouseVisible = True
44.4898 	EXP 	window1: mouseVisible = False
44.4899 	EXP 	window1: mouseVisible = True
44.5063 	EXP 	window1: mouseVisible = False
44.5065 	EXP 	window1: mouseVisible = True
44.5230 	EXP 	window1: mouseVisible = False
44.5232 	EXP 	window1: mouseVisible = True
44.5794 	EXP 	window1: mouseVisible = False
44.5797 	EXP 	window1: mouseVisible = True
44.5900 	EXP 	window1: mouseVisible = False
44.5902 	EXP 	window1: mouseVisible = True
44.6062 	EXP 	window1: mouseVisible = False
44.6064 	EXP 	window1: mouseVisible = True
44.6230 	EXP 	window1: mouseVisible = False
44.6232 	EXP 	window1: mouseVisible = True
44.6752 	EXP 	window1: mouseVisible = False
44.6754 	EXP 	window1: mouseVisible = True
44.6896 	EXP 	window1: mouseVisible = False
44.6898 	EXP 	window1: mouseVisible = True
44.7063 	EXP 	window1: mouseVisible = False
44.7064 	EXP 	window1: mouseVisible = True
44.7230 	EXP 	window1: mouseVisible = False
44.7232 	EXP 	window1: mouseVisible = True
44.7848 	EXP 	window1: mouseVisible = False
44.7851 	EXP 	window1: mouseVisible = True
44.7919 	EXP 	window1: mouseVisible = False
44.7921 	EXP 	window1: mouseVisible = True
44.8229 	EXP 	window1: mouseVisible = False
44.8230 	EXP 	window1: mouseVisible = True
44.8786 	EXP 	window1: mouseVisible = False
44.8789 	EXP 	window1: mouseVisible = True
44.8897 	EXP 	window1: mouseVisible = False
44.8898 	EXP 	window1: mouseVisible = True
44.9063 	EXP 	window1: mouseVisible = False
44.9067 	EXP 	window1: mouseVisible = True
44.9232 	EXP 	window1: mouseVisible = False
44.9234 	EXP 	window1: mouseVisible = True
44.9396 	EXP 	window1: mouseVisible = False
44.9400 	EXP 	window1: mouseVisible = True
44.9563 	EXP 	window1: mouseVisible = False
44.9564 	EXP 	window1: mouseVisible = True
44.9730 	EXP 	window1: mouseVisible = False
44.9731 	EXP 	window1: mouseVisible = True
44.9897 	EXP 	window1: mouseVisible = False
44.9903 	EXP 	window1: mouseVisible = True
45.0065 	EXP 	window1: mouseVisible = False
45.0067 	EXP 	window1: mouseVisible = True
45.0228 	EXP 	window1: mouseVisible = False
45.0231 	EXP 	window1: mouseVisible = True
45.0402 	EXP 	window1: mouseVisible = False
45.0403 	EXP 	window1: mouseVisible = True
45.0564 	EXP 	window1: mouseVisible = False
45.0565 	EXP 	window1: mouseVisible = True
45.0731 	EXP 	window1: mouseVisible = False
45.0732 	EXP 	window1: mouseVisible = True
45.0899 	EXP 	window1: mouseVisible = False
45.0900 	EXP 	window1: mouseVisible = True
45.1064 	EXP 	window1: mouseVisible = False
45.1066 	EXP 	window1: mouseVisible = True
45.1230 	EXP 	window1: mouseVisible = False
45.1232 	EXP 	window1: mouseVisible = True
45.1396 	EXP 	window1: mouseVisible = False
45.1398 	EXP 	window1: mouseVisible = True
45.1565 	EXP 	window1: mouseVisible = False
45.1567 	EXP 	window1: mouseVisible = True
45.1729 	EXP 	window1: mouseVisible = False
45.1731 	EXP 	window1: mouseVisible = True
45.1896 	EXP 	window1: mouseVisible = False
45.1899 	EXP 	window1: mouseVisible = True
45.2065 	EXP 	window1: mouseVisible = False
45.2068 	EXP 	window1: mouseVisible = True
45.2229 	EXP 	window1: mouseVisible = False
45.2232 	EXP 	window1: mouseVisible = True
45.2435 	EXP 	window1: mouseVisible = False
45.2438 	EXP 	window1: mouseVisible = True
45.2561 	EXP 	window1: mouseVisible = False
45.2565 	EXP 	window1: mouseVisible = True
45.2728 	EXP 	window1: mouseVisible = False
45.2729 	EXP 	window1: mouseVisible = True
45.2893 	EXP 	window1: mouseVisible = False
45.2898 	EXP 	window1: mouseVisible = True
45.3061 	EXP 	window1: mouseVisible = False
45.3062 	EXP 	window1: mouseVisible = True
45.3227 	EXP 	window1: mouseVisible = False
45.3229 	EXP 	window1: mouseVisible = True
45.3856 	EXP 	window1: mouseVisible = False
45.3859 	EXP 	window1: mouseVisible = True
45.4063 	EXP 	window1: mouseVisible = False
45.4065 	EXP 	window1: mouseVisible = True
45.4231 	EXP 	window1: mouseVisible = False
45.4235 	EXP 	window1: mouseVisible = True
45.4397 	EXP 	window1: mouseVisible = False
45.4399 	EXP 	window1: mouseVisible = True
45.4563 	EXP 	window1: mouseVisible = False
45.4564 	EXP 	window1: mouseVisible = True
45.4729 	EXP 	window1: mouseVisible = False
45.4732 	EXP 	window1: mouseVisible = True
45.4893 	EXP 	window1: mouseVisible = False
45.4895 	EXP 	window1: mouseVisible = True
45.5062 	EXP 	window1: mouseVisible = False
45.5066 	EXP 	window1: mouseVisible = True
45.5229 	EXP 	window1: mouseVisible = False
45.5231 	EXP 	window1: mouseVisible = True
45.5397 	EXP 	window1: mouseVisible = False
45.5400 	EXP 	window1: mouseVisible = True
45.5560 	EXP 	window1: mouseVisible = False
45.5562 	EXP 	window1: mouseVisible = True
45.5728 	EXP 	window1: mouseVisible = False
45.5733 	EXP 	window1: mouseVisible = True
45.5896 	EXP 	window1: mouseVisible = False
45.5898 	EXP 	window1: mouseVisible = True
45.6060 	EXP 	window1: mouseVisible = False
45.6064 	EXP 	window1: mouseVisible = True
45.6228 	EXP 	window1: mouseVisible = False
45.6230 	EXP 	window1: mouseVisible = True
45.6394 	EXP 	window1: mouseVisible = False
45.6397 	EXP 	window1: mouseVisible = True
45.6566 	EXP 	window1: mouseVisible = False
45.6567 	EXP 	window1: mouseVisible = True
45.6728 	EXP 	window1: mouseVisible = False
45.6729 	EXP 	window1: mouseVisible = True
45.6895 	EXP 	window1: mouseVisible = False
45.6900 	EXP 	window1: mouseVisible = True
45.7062 	EXP 	window1: mouseVisible = False
45.7064 	EXP 	window1: mouseVisible = True
45.7228 	EXP 	window1: mouseVisible = False
45.7233 	EXP 	window1: mouseVisible = True
45.7395 	EXP 	window1: mouseVisible = False
45.7396 	EXP 	window1: mouseVisible = True
45.7559 	EXP 	window1: mouseVisible = False
45.7561 	EXP 	window1: mouseVisible = True
45.7726 	EXP 	window1: mouseVisible = False
45.7731 	EXP 	window1: mouseVisible = True
45.7893 	EXP 	window1: mouseVisible = False
45.7896 	EXP 	window1: mouseVisible = True
45.8058 	EXP 	window1: mouseVisible = False
45.8060 	EXP 	window1: mouseVisible = True
45.8225 	EXP 	window1: mouseVisible = False
45.8229 	EXP 	window1: mouseVisible = True
45.8752 	EXP 	window1: mouseVisible = False
45.8759 	EXP 	window1: mouseVisible = True
45.8892 	EXP 	window1: mouseVisible = False
45.8894 	EXP 	window1: mouseVisible = True
45.9062 	EXP 	window1: mouseVisible = False
45.9064 	EXP 	window1: mouseVisible = True
45.9228 	EXP 	window1: mouseVisible = False
45.9230 	EXP 	window1: mouseVisible = True
45.9401 	EXP 	window1: mouseVisible = False
45.9403 	EXP 	window1: mouseVisible = True
45.9560 	EXP 	window1: mouseVisible = False
45.9562 	EXP 	window1: mouseVisible = True
45.9726 	EXP 	window1: mouseVisible = False
45.9728 	EXP 	window1: mouseVisible = True
45.9890 	EXP 	window1: mouseVisible = False
45.9891 	EXP 	window1: mouseVisible = True
46.0057 	EXP 	window1: mouseVisible = False
46.0058 	EXP 	window1: mouseVisible = True
46.0223 	EXP 	window1: mouseVisible = False
46.0224 	EXP 	window1: mouseVisible = True
46.0807 	EXP 	window1: mouseVisible = False
46.0808 	EXP 	window1: mouseVisible = True
46.0894 	EXP 	window1: mouseVisible = False
46.0897 	EXP 	window1: mouseVisible = True
46.1057 	EXP 	window1: mouseVisible = False
46.1059 	EXP 	window1: mouseVisible = True
46.1226 	EXP 	window1: mouseVisible = False
46.1228 	EXP 	window1: mouseVisible = True
46.1588 	EXP 	window1: mouseVisible = False
46.1591 	EXP 	window1: mouseVisible = True
46.1726 	EXP 	window1: mouseVisible = False
46.1727 	EXP 	window1: mouseVisible = True
46.1893 	EXP 	window1: mouseVisible = False
46.1901 	EXP 	window1: mouseVisible = True
46.2058 	EXP 	window1: mouseVisible = False
46.2062 	EXP 	window1: mouseVisible = True
46.2230 	EXP 	window1: mouseVisible = False
46.2232 	EXP 	window1: mouseVisible = True
46.3008 	EXP 	window1: mouseVisible = False
46.3013 	EXP 	window1: mouseVisible = True
46.3082 	EXP 	window1: mouseVisible = False
46.3085 	EXP 	window1: mouseVisible = True
46.3802 	EXP 	window1: mouseVisible = False
46.3803 	EXP 	window1: mouseVisible = True
46.3893 	EXP 	window1: mouseVisible = False
46.3898 	EXP 	window1: mouseVisible = True
46.4058 	EXP 	window1: mouseVisible = False
46.4059 	EXP 	window1: mouseVisible = True
46.4222 	EXP 	window1: mouseVisible = False
46.4227 	EXP 	window1: mouseVisible = True
46.4572 	EXP 	window1: mouseVisible = False
46.4577 	EXP 	window1: mouseVisible = True
46.4725 	EXP 	window1: mouseVisible = False
46.4727 	EXP 	window1: mouseVisible = True
46.4894 	EXP 	window1: mouseVisible = False
46.4895 	EXP 	window1: mouseVisible = True
46.5060 	EXP 	window1: mouseVisible = False
46.5062 	EXP 	window1: mouseVisible = True
46.5227 	EXP 	window1: mouseVisible = False
46.5229 	EXP 	window1: mouseVisible = True
46.5391 	EXP 	window1: mouseVisible = False
46.5392 	EXP 	window1: mouseVisible = True
46.5558 	EXP 	window1: mouseVisible = False
46.5559 	EXP 	window1: mouseVisible = True
46.5725 	EXP 	window1: mouseVisible = False
46.5726 	EXP 	window1: mouseVisible = True
46.5889 	EXP 	window1: mouseVisible = False
46.5891 	EXP 	window1: mouseVisible = True
46.6057 	EXP 	window1: mouseVisible = False
46.6058 	EXP 	window1: mouseVisible = True
46.6220 	EXP 	window1: mouseVisible = False
46.6221 	EXP 	window1: mouseVisible = True
46.6773 	EXP 	window1: mouseVisible = False
46.6778 	EXP 	window1: mouseVisible = True
46.6789 	DATA 	Mouse: Left button down, pos=(164,376)
46.7052 	EXP 	call1: texRes = 128
46.7052 	EXP 	call2: texRes = 128
46.7052 	EXP 	call4: texRes = 128
46.7053 	EXP 	window1: mouseVisible = False
46.7057 	EXP 	window1: mouseVisible = True
46.7221 	EXP 	window1: mouseVisible = False
46.7223 	EXP 	window1: mouseVisible = True
46.7711 	EXP 	window1: mouseVisible = False
46.7720 	EXP 	window1: mouseVisible = True
46.7743 	DATA 	Mouse:  Left button up, pos=(164,376)
46.7892 	EXP 	window1: mouseVisible = False
46.7893 	EXP 	window1: mouseVisible = True
46.8058 	EXP 	window1: mouseVisible = False
46.8060 	EXP 	window1: mouseVisible = True
46.8223 	EXP 	window1: mouseVisible = False
46.8225 	EXP 	window1: mouseVisible = True
46.8394 	EXP 	window1: mouseVisible = False
46.8396 	EXP 	window1: mouseVisible = True
46.8553 	EXP 	window1: mouseVisible = False
46.8554 	EXP 	window1: mouseVisible = True
46.8719 	EXP 	window1: mouseVisible = False
46.8721 	EXP 	window1: mouseVisible = True
46.8885 	EXP 	window1: mouseVisible = False
46.8887 	EXP 	window1: mouseVisible = True
46.9054 	EXP 	window1: mouseVisible = False
46.9056 	EXP 	window1: mouseVisible = True
46.9222 	EXP 	window1: mouseVisible = False
46.9223 	EXP 	window1: mouseVisible = True
46.9751 	EXP 	window1: mouseVisible = False
46.9756 	EXP 	window1: mouseVisible = True
46.9892 	EXP 	window1: mouseVisible = False
46.9894 	EXP 	window1: mouseVisible = True
47.0057 	EXP 	window1: mouseVisible = False
47.0061 	EXP 	window1: mouseVisible = True
47.0225 	EXP 	window1: mouseVisible = False
47.0226 	EXP 	window1: mouseVisible = True
47.0393 	EXP 	window1: mouseVisible = False
47.0394 	EXP 	window1: mouseVisible = True
47.0552 	EXP 	window1: mouseVisible = False
47.0554 	EXP 	window1: mouseVisible = True
47.0722 	EXP 	window1: mouseVisible = False
47.0724 	EXP 	window1: mouseVisible = True
47.0889 	EXP 	window1: mouseVisible = False
47.0890 	EXP 	window1: mouseVisible = True
47.1053 	EXP 	window1: mouseVisible = False
47.1055 	EXP 	window1: mouseVisible = True
47.1222 	EXP 	window1: mouseVisible = False
47.1223 	EXP 	window1: mouseVisible = True
47.1771 	EXP 	window1: mouseVisible = False
47.1774 	EXP 	window1: mouseVisible = True
47.1888 	EXP 	window1: mouseVisible = False
47.1893 	EXP 	window1: mouseVisible = True
47.2058 	EXP 	window1: mouseVisible = False
47.2062 	EXP 	window1: mouseVisible = True
47.2225 	EXP 	window1: mouseVisible = False
47.2230 	EXP 	window1: mouseVisible = True
47.2396 	EXP 	window1: mouseVisible = False
47.2407 	EXP 	window1: mouseVisible = True
47.2409 	DATA 	Mouse: Left button down, pos=(674,418)
47.2729 	EXP 	colour1: texRes = 128
47.2729 	EXP 	colour2: texRes = 128
47.2729 	EXP 	colour4: texRes = 128
47.2731 	EXP 	window1: mouseVisible = False
47.2732 	EXP 	window1: mouseVisible = True
47.2888 	EXP 	window1: mouseVisible = False
47.2889 	EXP 	window1: mouseVisible = True
47.3053 	EXP 	window1: mouseVisible = False
47.3054 	EXP 	window1: mouseVisible = True
47.3220 	EXP 	window1: mouseVisible = False
47.3222 	EXP 	window1: mouseVisible = True
47.3390 	EXP 	window1: mouseVisible = False
47.3392 	EXP 	window1: mouseVisible = True
47.3393 	DATA 	Mouse:  Left button up, pos=(674,418)
47.3555 	EXP 	window1: mouseVisible = False
47.3556 	EXP 	window1: mouseVisible = True
47.3720 	EXP 	window1: mouseVisible = False
47.3721 	EXP 	window1: mouseVisible = True
47.3889 	EXP 	window1: mouseVisible = False
47.3894 	EXP 	window1: mouseVisible = True
47.4051 	EXP 	window1: mouseVisible = False
47.4053 	EXP 	window1: mouseVisible = True
47.4223 	EXP 	window1: mouseVisible = False
47.4228 	EXP 	window1: mouseVisible = True
47.4917 	EXP 	window1: mouseVisible = False
47.4921 	EXP 	window1: mouseVisible = True
47.5055 	EXP 	window1: mouseVisible = False
47.5057 	EXP 	window1: mouseVisible = True
47.5222 	EXP 	window1: mouseVisible = False
47.5225 	EXP 	window1: mouseVisible = True
47.5387 	EXP 	window1: mouseVisible = False
47.5389 	EXP 	window1: mouseVisible = True
47.5560 	EXP 	window1: mouseVisible = False
47.5561 	EXP 	window1: mouseVisible = True
47.5722 	EXP 	window1: mouseVisible = False
47.5724 	EXP 	window1: mouseVisible = True
47.5888 	EXP 	window1: mouseVisible = False
47.5889 	EXP 	window1: mouseVisible = True
47.6056 	EXP 	window1: mouseVisible = False
47.6057 	EXP 	window1: mouseVisible = True
47.6221 	EXP 	window1: mouseVisible = False
47.6222 	EXP 	window1: mouseVisible = True
47.6387 	EXP 	window1: mouseVisible = False
47.6389 	EXP 	window1: mouseVisible = True
47.6554 	EXP 	window1: mouseVisible = False
47.6557 	EXP 	window1: mouseVisible = True
47.6721 	EXP 	window1: mouseVisible = False
47.6724 	EXP 	window1: mouseVisible = True
47.6887 	EXP 	window1: mouseVisible = False
47.6889 	EXP 	window1: mouseVisible = True
47.7055 	EXP 	window1: mouseVisible = False
47.7058 	EXP 	window1: mouseVisible = True
47.7222 	EXP 	window1: mouseVisible = False
47.7224 	EXP 	window1: mouseVisible = True
47.7388 	EXP 	window1: mouseVisible = False
47.7390 	EXP 	window1: mouseVisible = True
47.7392 	DATA 	Mouse: Left button down, pos=(1016,427)
47.7575 	EXP 	New trial (rep=0, index=1): OrderedDict([('audiofile', 'audio/SiSSN_DE_Neural2-D_Ad-ro-Ei_-5db.wav'), ('duration', 5.647), ('noise', 'SiSSN'), ('voice', 'Neural2-D'), ('words', 'Ad-ro-Ei'), ('callSign', 'Ad'), ('colour', 'ro'), ('number', 'Ei'), ('levels', '-5db'), ('trigger_start', 200), ('trigger_end', 201), ('trigger_call', 211), ('trigger_col', 223), ('trigger_num', 231), ('file', 'DE_Neural2-D_Ad-ro-Ei.TextGrid'), ('firstSound_tmin', 0.17712), ('lastSound_tmax', 4.902109959666666), ('token_1_tmin', 0.8103105186666667), ('token_1_tmax', 1.3606753429999998), ('token_2_tmin', 2.7893257150000004), ('token_2_tmax', 3.1741457909999995), ('token_3_tmin', 4.443455313), ('token_3_tmax', 4.902109959666666), ('rater', 'mean'), ('newidx', 0), ('block', 'SSN1')])
48.0182 	EXP 	window1: mouseVisible = False
48.0220 	EXP 	Sound sound_1 started
48.0194 	DATA 	Mouse:  Left button up, pos=(1016,427)
48.0232 	EXP 	number1: texRes = 128
48.0232 	EXP 	number2: texRes = 128
48.0232 	EXP 	number4: texRes = 128
48.0232 	EXP 	blankScreenAfterResponse: autoDraw = True
48.0232 	EXP 	blankScreen: autoDraw = False
48.0232 	EXP 	call1: autoDraw = False
48.0232 	EXP 	call2: autoDraw = False
48.0232 	EXP 	call3: autoDraw = False
48.0232 	EXP 	call4: autoDraw = False
48.0232 	EXP 	colour1: autoDraw = False
48.0232 	EXP 	colour2: autoDraw = False
48.0232 	EXP 	colour3: autoDraw = False
48.0232 	EXP 	colour4: autoDraw = False
48.0232 	EXP 	number1: autoDraw = False
48.0232 	EXP 	number2: autoDraw = False
48.0232 	EXP 	number3: autoDraw = False
48.0232 	EXP 	number4: autoDraw = False
48.0232 	EXP 	blankScreenAfterResponse: autoDraw = False
48.0232 	EXP 	fixation: autoDraw = True
53.2226 	EXP 	Sound sound_1 reached end of file
53.2783 	EXP 	window1: mouseVisible = False
53.2870 	EXP 	fixation: autoDraw = False
53.2870 	EXP 	screenAfterAudio: autoDraw = True
53.2870 	EXP 	screenAfterAudio: autoDraw = False
53.2870 	EXP 	fixation: autoDraw = False
53.2870 	EXP 	screenAfterAudio: autoDraw = False
53.2870 	EXP 	call1: texRes = 128
53.2870 	EXP 	call2: texRes = 128
53.2870 	EXP 	call3: texRes = 128
53.2870 	EXP 	call4: texRes = 128
53.2870 	EXP 	colour1: texRes = 128
53.2870 	EXP 	colour2: texRes = 128
53.2870 	EXP 	colour3: texRes = 128
53.2870 	EXP 	colour4: texRes = 128
53.2870 	EXP 	number1: texRes = 128
53.2870 	EXP 	number2: texRes = 128
53.2870 	EXP 	number3: texRes = 128
53.2870 	EXP 	number4: texRes = 128
53.2870 	EXP 	blankScreen: autoDraw = True
53.2871 	EXP 	window1: mouseVisible = False
53.3033 	EXP 	window1: mouseVisible = False
53.3201 	EXP 	window1: mouseVisible = False
53.3369 	EXP 	window1: mouseVisible = False
53.3531 	EXP 	window1: mouseVisible = False
53.3699 	EXP 	window1: mouseVisible = False
53.3866 	EXP 	window1: mouseVisible = False
53.4033 	EXP 	window1: mouseVisible = False
53.4200 	EXP 	window1: mouseVisible = False
53.4367 	EXP 	window1: mouseVisible = False
53.4535 	EXP 	window1: mouseVisible = False
53.4699 	EXP 	window1: mouseVisible = False
53.4866 	EXP 	window1: mouseVisible = False
53.5033 	EXP 	window1: mouseVisible = False
53.5201 	EXP 	window1: mouseVisible = False
53.5365 	EXP 	window1: mouseVisible = False
53.5532 	EXP 	window1: mouseVisible = False
53.5699 	EXP 	window1: mouseVisible = False
53.5867 	EXP 	window1: mouseVisible = False
53.6033 	EXP 	window1: mouseVisible = False
53.6198 	EXP 	window1: mouseVisible = False
53.6365 	EXP 	window1: mouseVisible = False
53.6532 	EXP 	window1: mouseVisible = False
53.6697 	EXP 	window1: mouseVisible = False
53.6864 	EXP 	window1: mouseVisible = False
53.7030 	EXP 	window1: mouseVisible = False
53.7198 	EXP 	window1: mouseVisible = False
53.7365 	EXP 	window1: mouseVisible = False
53.7531 	EXP 	window1: mouseVisible = False
53.7699 	EXP 	window1: mouseVisible = False
53.7863 	EXP 	window1: mouseVisible = False
53.8029 	EXP 	window1: mouseVisible = False
53.8199 	EXP 	window1: mouseVisible = False
53.8368 	EXP 	window1: mouseVisible = False
53.8531 	EXP 	window1: mouseVisible = False
53.8698 	EXP 	window1: mouseVisible = False
53.8862 	EXP 	window1: mouseVisible = False
53.9032 	EXP 	window1: mouseVisible = False
53.9197 	EXP 	window1: mouseVisible = False
53.9365 	EXP 	window1: mouseVisible = False
53.9531 	EXP 	window1: mouseVisible = False
53.9696 	EXP 	window1: mouseVisible = False
53.9864 	EXP 	window1: mouseVisible = False
54.0031 	EXP 	window1: mouseVisible = False
54.0198 	EXP 	window1: mouseVisible = False
54.0365 	EXP 	window1: mouseVisible = False
54.0531 	EXP 	window1: mouseVisible = False
54.0698 	EXP 	window1: mouseVisible = False
54.0863 	EXP 	window1: mouseVisible = False
54.1031 	EXP 	window1: mouseVisible = False
54.1198 	EXP 	window1: mouseVisible = False
54.1364 	EXP 	window1: mouseVisible = False
54.1531 	EXP 	window1: mouseVisible = False
54.1696 	EXP 	window1: mouseVisible = False
54.1866 	EXP 	window1: mouseVisible = False
54.2029 	EXP 	window1: mouseVisible = False
54.2195 	EXP 	window1: mouseVisible = False
54.2363 	EXP 	window1: mouseVisible = False
54.2529 	EXP 	window1: mouseVisible = False
54.2695 	EXP 	window1: mouseVisible = False
54.2856 	EXP 	blankScreen: autoDraw = False
54.2856 	EXP 	call1: autoDraw = True
54.2856 	EXP 	call2: autoDraw = True
54.2856 	EXP 	call3: autoDraw = True
54.2856 	EXP 	call4: autoDraw = True
54.2856 	EXP 	colour1: autoDraw = True
54.2856 	EXP 	colour2: autoDraw = True
54.2856 	EXP 	colour3: autoDraw = True
54.2856 	EXP 	colour4: autoDraw = True
54.2856 	EXP 	number1: autoDraw = True
54.2856 	EXP 	number2: autoDraw = True
54.2856 	EXP 	number3: autoDraw = True
54.2856 	EXP 	number4: autoDraw = True
54.2857 	EXP 	window1: mouseVisible = False
54.2860 	EXP 	window1: mouseVisible = True
54.3028 	EXP 	window1: mouseVisible = False
54.3029 	EXP 	window1: mouseVisible = True
54.3199 	EXP 	window1: mouseVisible = False
54.3201 	EXP 	window1: mouseVisible = True
54.3365 	EXP 	window1: mouseVisible = False
54.3367 	EXP 	window1: mouseVisible = True
54.3531 	EXP 	window1: mouseVisible = False
54.3533 	EXP 	window1: mouseVisible = True
54.3698 	EXP 	window1: mouseVisible = False
54.3700 	EXP 	window1: mouseVisible = True
54.3864 	EXP 	window1: mouseVisible = False
54.3866 	EXP 	window1: mouseVisible = True
54.4031 	EXP 	window1: mouseVisible = False
54.4033 	EXP 	window1: mouseVisible = True
54.4197 	EXP 	window1: mouseVisible = False
54.4199 	EXP 	window1: mouseVisible = True
54.4365 	EXP 	window1: mouseVisible = False
54.4371 	EXP 	window1: mouseVisible = True
54.4543 	EXP 	window1: mouseVisible = False
54.4545 	EXP 	window1: mouseVisible = True
54.4698 	EXP 	window1: mouseVisible = False
54.4701 	EXP 	window1: mouseVisible = True
54.4864 	EXP 	window1: mouseVisible = False
54.4866 	EXP 	window1: mouseVisible = True
54.5029 	EXP 	window1: mouseVisible = False
54.5031 	EXP 	window1: mouseVisible = True
54.5196 	EXP 	window1: mouseVisible = False
54.5197 	EXP 	window1: mouseVisible = True
54.5360 	EXP 	window1: mouseVisible = False
54.5361 	EXP 	window1: mouseVisible = True
54.5969 	EXP 	window1: mouseVisible = False
54.5974 	EXP 	window1: mouseVisible = True
54.6046 	EXP 	window1: mouseVisible = False
54.6047 	EXP 	window1: mouseVisible = True
54.6365 	EXP 	window1: mouseVisible = False
54.6368 	EXP 	window1: mouseVisible = True
54.6602 	EXP 	window1: mouseVisible = False
54.6604 	EXP 	window1: mouseVisible = True
54.6699 	EXP 	window1: mouseVisible = False
54.6701 	EXP 	window1: mouseVisible = True
54.6864 	EXP 	window1: mouseVisible = False
54.6866 	EXP 	window1: mouseVisible = True
54.7030 	EXP 	window1: mouseVisible = False
54.7032 	EXP 	window1: mouseVisible = True
54.7201 	EXP 	window1: mouseVisible = False
54.7203 	EXP 	window1: mouseVisible = True
54.7366 	EXP 	window1: mouseVisible = False
54.7368 	EXP 	window1: mouseVisible = True
54.7532 	EXP 	window1: mouseVisible = False
54.7534 	EXP 	window1: mouseVisible = True
54.7700 	EXP 	window1: mouseVisible = False
54.7701 	EXP 	window1: mouseVisible = True
54.7867 	EXP 	window1: mouseVisible = False
54.7869 	EXP 	window1: mouseVisible = True
54.8031 	EXP 	window1: mouseVisible = False
54.8033 	EXP 	window1: mouseVisible = True
54.8198 	EXP 	window1: mouseVisible = False
54.8201 	EXP 	window1: mouseVisible = True
54.8364 	EXP 	window1: mouseVisible = False
54.8366 	EXP 	window1: mouseVisible = True
54.8610 	EXP 	window1: mouseVisible = False
54.8612 	EXP 	window1: mouseVisible = True
54.8699 	EXP 	window1: mouseVisible = False
54.8703 	EXP 	window1: mouseVisible = True
54.8864 	EXP 	window1: mouseVisible = False
54.8866 	EXP 	window1: mouseVisible = True
54.9026 	EXP 	window1: mouseVisible = False
54.9032 	EXP 	window1: mouseVisible = True
54.9197 	EXP 	window1: mouseVisible = False
54.9199 	EXP 	window1: mouseVisible = True
54.9362 	EXP 	window1: mouseVisible = False
54.9365 	EXP 	window1: mouseVisible = True
54.9530 	EXP 	window1: mouseVisible = False
54.9532 	EXP 	window1: mouseVisible = True
54.9698 	EXP 	window1: mouseVisible = False
54.9700 	EXP 	window1: mouseVisible = True
54.9868 	EXP 	window1: mouseVisible = False
54.9870 	EXP 	window1: mouseVisible = True
55.0027 	EXP 	window1: mouseVisible = False
55.0029 	EXP 	window1: mouseVisible = True
55.0193 	EXP 	window1: mouseVisible = False
55.0195 	EXP 	window1: mouseVisible = True
55.0361 	EXP 	window1: mouseVisible = False
55.0362 	EXP 	window1: mouseVisible = True
55.0529 	EXP 	window1: mouseVisible = False
55.0531 	EXP 	window1: mouseVisible = True
55.0696 	EXP 	window1: mouseVisible = False
55.0698 	EXP 	window1: mouseVisible = True
55.0863 	EXP 	window1: mouseVisible = False
55.0864 	EXP 	window1: mouseVisible = True
55.1030 	EXP 	window1: mouseVisible = False
55.1032 	EXP 	window1: mouseVisible = True
55.1192 	EXP 	window1: mouseVisible = False
55.1193 	EXP 	window1: mouseVisible = True
55.1362 	EXP 	window1: mouseVisible = False
55.1363 	EXP 	window1: mouseVisible = True
55.1526 	EXP 	window1: mouseVisible = False
55.1527 	EXP 	window1: mouseVisible = True
55.1695 	EXP 	window1: mouseVisible = False
55.1697 	EXP 	window1: mouseVisible = True
55.1861 	EXP 	window1: mouseVisible = False
55.1862 	EXP 	window1: mouseVisible = True
55.2029 	EXP 	window1: mouseVisible = False
55.2034 	EXP 	window1: mouseVisible = True
55.2195 	EXP 	window1: mouseVisible = False
55.2197 	EXP 	window1: mouseVisible = True
55.2367 	EXP 	window1: mouseVisible = False
55.2369 	EXP 	window1: mouseVisible = True
55.2527 	EXP 	window1: mouseVisible = False
55.2529 	EXP 	window1: mouseVisible = True
55.2694 	EXP 	window1: mouseVisible = False
55.2698 	EXP 	window1: mouseVisible = True
55.2859 	EXP 	window1: mouseVisible = False
55.2860 	EXP 	window1: mouseVisible = True
55.3032 	EXP 	window1: mouseVisible = False
55.3034 	EXP 	window1: mouseVisible = True
55.3193 	EXP 	window1: mouseVisible = False
55.3195 	EXP 	window1: mouseVisible = True
55.3361 	EXP 	window1: mouseVisible = False
55.3363 	EXP 	window1: mouseVisible = True
55.3526 	EXP 	window1: mouseVisible = False
55.3528 	EXP 	window1: mouseVisible = True
55.3696 	EXP 	window1: mouseVisible = False
55.3700 	EXP 	window1: mouseVisible = True
55.3860 	EXP 	window1: mouseVisible = False
55.3862 	EXP 	window1: mouseVisible = True
55.4026 	EXP 	window1: mouseVisible = False
55.4029 	EXP 	window1: mouseVisible = True
55.4193 	EXP 	window1: mouseVisible = False
55.4195 	EXP 	window1: mouseVisible = True
55.4362 	EXP 	window1: mouseVisible = False
55.4367 	EXP 	window1: mouseVisible = True
55.4528 	EXP 	window1: mouseVisible = False
55.4530 	EXP 	window1: mouseVisible = True
55.4697 	EXP 	window1: mouseVisible = False
55.4698 	EXP 	window1: mouseVisible = True
55.4858 	EXP 	window1: mouseVisible = False
55.4860 	EXP 	window1: mouseVisible = True
55.5026 	EXP 	window1: mouseVisible = False
55.5027 	EXP 	window1: mouseVisible = True
55.5193 	EXP 	window1: mouseVisible = False
55.5195 	EXP 	window1: mouseVisible = True
55.5361 	EXP 	window1: mouseVisible = False
55.5362 	EXP 	window1: mouseVisible = True
55.5527 	EXP 	window1: mouseVisible = False
55.5529 	EXP 	window1: mouseVisible = True
55.5694 	EXP 	window1: mouseVisible = False
55.5696 	EXP 	window1: mouseVisible = True
55.5861 	EXP 	window1: mouseVisible = False
55.5863 	EXP 	window1: mouseVisible = True
55.6022 	EXP 	window1: mouseVisible = False
55.6024 	EXP 	window1: mouseVisible = True
55.6192 	EXP 	window1: mouseVisible = False
55.6193 	EXP 	window1: mouseVisible = True
55.6359 	EXP 	window1: mouseVisible = False
55.6361 	EXP 	window1: mouseVisible = True
55.6528 	EXP 	window1: mouseVisible = False
55.6530 	EXP 	window1: mouseVisible = True
55.6692 	EXP 	window1: mouseVisible = False
55.6697 	EXP 	window1: mouseVisible = True
55.6859 	EXP 	window1: mouseVisible = False
55.6862 	EXP 	window1: mouseVisible = True
55.7024 	EXP 	window1: mouseVisible = False
55.7026 	EXP 	window1: mouseVisible = True
55.7194 	EXP 	window1: mouseVisible = False
55.7195 	EXP 	window1: mouseVisible = True
55.7358 	EXP 	window1: mouseVisible = False
55.7359 	EXP 	window1: mouseVisible = True
55.7524 	EXP 	window1: mouseVisible = False
55.7529 	EXP 	window1: mouseVisible = True
55.7689 	EXP 	window1: mouseVisible = False
55.7691 	EXP 	window1: mouseVisible = True
55.7859 	EXP 	window1: mouseVisible = False
55.7864 	EXP 	window1: mouseVisible = True
55.8026 	EXP 	window1: mouseVisible = False
55.8028 	EXP 	window1: mouseVisible = True
55.8192 	EXP 	window1: mouseVisible = False
55.8196 	EXP 	window1: mouseVisible = True
55.8359 	EXP 	window1: mouseVisible = False
55.8361 	EXP 	window1: mouseVisible = True
55.8525 	EXP 	window1: mouseVisible = False
55.8529 	EXP 	window1: mouseVisible = True
55.8694 	EXP 	window1: mouseVisible = False
55.8695 	EXP 	window1: mouseVisible = True
55.8857 	EXP 	window1: mouseVisible = False
55.8858 	EXP 	window1: mouseVisible = True
55.8861 	DATA 	Mouse: Left button down, pos=(251,551)
55.9191 	EXP 	call1: texRes = 128
55.9191 	EXP 	call3: texRes = 128
55.9191 	EXP 	call4: texRes = 128
55.9193 	EXP 	window1: mouseVisible = False
55.9197 	EXP 	window1: mouseVisible = True
55.9363 	EXP 	window1: mouseVisible = False
55.9366 	EXP 	window1: mouseVisible = True
55.9530 	EXP 	window1: mouseVisible = False
55.9532 	EXP 	window1: mouseVisible = True
55.9695 	EXP 	window1: mouseVisible = False
55.9697 	EXP 	window1: mouseVisible = True
55.9860 	EXP 	window1: mouseVisible = False
55.9865 	EXP 	window1: mouseVisible = True
56.0027 	EXP 	window1: mouseVisible = False
56.0031 	EXP 	window1: mouseVisible = True
56.0193 	EXP 	window1: mouseVisible = False
56.0195 	EXP 	window1: mouseVisible = True
56.0196 	DATA 	Mouse:  Left button up, pos=(251,551)
56.0362 	EXP 	window1: mouseVisible = False
56.0365 	EXP 	window1: mouseVisible = True
56.0607 	EXP 	window1: mouseVisible = False
56.0613 	EXP 	window1: mouseVisible = True
56.0693 	EXP 	window1: mouseVisible = False
56.0695 	EXP 	window1: mouseVisible = True
56.0862 	EXP 	window1: mouseVisible = False
56.0863 	EXP 	window1: mouseVisible = True
56.1025 	EXP 	window1: mouseVisible = False
56.1026 	EXP 	window1: mouseVisible = True
56.1192 	EXP 	window1: mouseVisible = False
56.1194 	EXP 	window1: mouseVisible = True
56.1359 	EXP 	window1: mouseVisible = False
56.1361 	EXP 	window1: mouseVisible = True
56.1873 	EXP 	window1: mouseVisible = False
56.1875 	EXP 	window1: mouseVisible = True
56.2028 	EXP 	window1: mouseVisible = False
56.2032 	EXP 	window1: mouseVisible = True
56.2193 	EXP 	window1: mouseVisible = False
56.2195 	EXP 	window1: mouseVisible = True
56.2360 	EXP 	window1: mouseVisible = False
56.2362 	EXP 	window1: mouseVisible = True
56.2528 	EXP 	window1: mouseVisible = False
56.2530 	EXP 	window1: mouseVisible = True
56.2692 	EXP 	window1: mouseVisible = False
56.2693 	EXP 	window1: mouseVisible = True
56.2856 	EXP 	window1: mouseVisible = False
56.2858 	EXP 	window1: mouseVisible = True
56.3024 	EXP 	window1: mouseVisible = False
56.3026 	EXP 	window1: mouseVisible = True
56.3190 	EXP 	window1: mouseVisible = False
56.3191 	EXP 	window1: mouseVisible = True
56.3356 	EXP 	window1: mouseVisible = False
56.3358 	EXP 	window1: mouseVisible = True
56.3904 	EXP 	window1: mouseVisible = False
56.3916 	EXP 	window1: mouseVisible = True
56.4022 	EXP 	window1: mouseVisible = False
56.4024 	EXP 	window1: mouseVisible = True
56.4192 	EXP 	window1: mouseVisible = False
56.4194 	EXP 	window1: mouseVisible = True
56.4358 	EXP 	window1: mouseVisible = False
56.4359 	EXP 	window1: mouseVisible = True
56.4527 	EXP 	window1: mouseVisible = False
56.4529 	EXP 	window1: mouseVisible = True
56.4690 	EXP 	window1: mouseVisible = False
56.4692 	EXP 	window1: mouseVisible = True
56.4859 	EXP 	window1: mouseVisible = False
56.4860 	EXP 	window1: mouseVisible = True
56.5024 	EXP 	window1: mouseVisible = False
56.5025 	EXP 	window1: mouseVisible = True
56.5190 	EXP 	window1: mouseVisible = False
56.5192 	EXP 	window1: mouseVisible = True
56.5357 	EXP 	window1: mouseVisible = False
56.5358 	EXP 	window1: mouseVisible = True
56.5777 	EXP 	window1: mouseVisible = False
56.5786 	EXP 	window1: mouseVisible = True
56.5804 	DATA 	Mouse: Left button down, pos=(710,175)
56.5855 	EXP 	window1: mouseVisible = False
56.5857 	EXP 	window1: mouseVisible = True
56.6047 	EXP 	colour1: texRes = 128
56.6047 	EXP 	colour2: texRes = 128
56.6047 	EXP 	colour3: texRes = 128
56.6048 	EXP 	window1: mouseVisible = False
56.6050 	EXP 	window1: mouseVisible = True
56.6359 	EXP 	window1: mouseVisible = False
56.6360 	EXP 	window1: mouseVisible = True
56.6362 	DATA 	Mouse:  Left button up, pos=(710,175)
56.6553 	EXP 	window1: mouseVisible = False
56.6556 	EXP 	window1: mouseVisible = True
56.6693 	EXP 	window1: mouseVisible = False
56.6695 	EXP 	window1: mouseVisible = True
56.6857 	EXP 	window1: mouseVisible = False
56.6859 	EXP 	window1: mouseVisible = True
56.7026 	EXP 	window1: mouseVisible = False
56.7033 	EXP 	window1: mouseVisible = True
56.7190 	EXP 	window1: mouseVisible = False
56.7191 	EXP 	window1: mouseVisible = True
56.7369 	EXP 	window1: mouseVisible = False
56.7371 	EXP 	window1: mouseVisible = True
56.7525 	EXP 	window1: mouseVisible = False
56.7527 	EXP 	window1: mouseVisible = True
56.7690 	EXP 	window1: mouseVisible = False
56.7691 	EXP 	window1: mouseVisible = True
56.7859 	EXP 	window1: mouseVisible = False
56.7861 	EXP 	window1: mouseVisible = True
56.8022 	EXP 	window1: mouseVisible = False
56.8023 	EXP 	window1: mouseVisible = True
56.8192 	EXP 	window1: mouseVisible = False
56.8193 	EXP 	window1: mouseVisible = True
56.8358 	EXP 	window1: mouseVisible = False
56.8359 	EXP 	window1: mouseVisible = True
56.8613 	EXP 	window1: mouseVisible = False
56.8615 	EXP 	window1: mouseVisible = True
56.8691 	EXP 	window1: mouseVisible = False
56.8692 	EXP 	window1: mouseVisible = True
56.8859 	EXP 	window1: mouseVisible = False
56.8860 	EXP 	window1: mouseVisible = True
56.9022 	EXP 	window1: mouseVisible = False
56.9023 	EXP 	window1: mouseVisible = True
56.9189 	EXP 	window1: mouseVisible = False
56.9191 	EXP 	window1: mouseVisible = True
56.9355 	EXP 	window1: mouseVisible = False
56.9357 	EXP 	window1: mouseVisible = True
56.9879 	EXP 	window1: mouseVisible = False
56.9885 	EXP 	window1: mouseVisible = True
57.0021 	EXP 	window1: mouseVisible = False
57.0023 	EXP 	window1: mouseVisible = True
57.0191 	EXP 	window1: mouseVisible = False
57.0196 	EXP 	window1: mouseVisible = True
57.0356 	EXP 	window1: mouseVisible = False
57.0358 	EXP 	window1: mouseVisible = True
57.0669 	EXP 	window1: mouseVisible = False
57.0675 	EXP 	window1: mouseVisible = True
57.0856 	EXP 	window1: mouseVisible = False
57.0858 	EXP 	window1: mouseVisible = True
57.1025 	EXP 	window1: mouseVisible = False
57.1027 	EXP 	window1: mouseVisible = True
57.1030 	DATA 	Mouse: Left button down, pos=(1004,210)
57.1168 	EXP 	New trial (rep=0, index=2): OrderedDict([('audiofile', 'audio/SiSSN_DE_Neural2-D_Kr-ro-Ei_-7db.wav'), ('duration', 5.4911), ('noise', 'SiSSN'), ('voice', 'Neural2-D'), ('words', 'Kr-ro-Ei'), ('callSign', 'Kr'), ('colour', 'ro'), ('number', 'Ei'), ('levels', '-7db'), ('trigger_start', 200), ('trigger_end', 201), ('trigger_call', 213), ('trigger_col', 223), ('trigger_num', 231), ('file', 'DE_Neural2-D_Kr-ro-Ei.TextGrid'), ('firstSound_tmin', 0.16712), ('lastSound_tmax', 4.742691482666667), ('token_1_tmin', 0.8219324303333333), ('token_1_tmax', 1.2778869183333337), ('token_2_tmin', 2.659248978666667), ('token_2_tmax', 3.03591411), ('token_3_tmin', 4.274742439333333), ('token_3_tmax', 4.742691482666667), ('rater', 'mean'), ('newidx', 13), ('block', 'SSN1')])
57.4348 	EXP 	window1: mouseVisible = False
57.4355 	EXP 	Sound sound_1 started
57.4360 	DATA 	Mouse:  Left button up, pos=(1004,210)
57.4523 	EXP 	number1: texRes = 128
57.4523 	EXP 	number2: texRes = 128
57.4523 	EXP 	number3: texRes = 128
57.4523 	EXP 	blankScreenAfterResponse: autoDraw = True
57.4523 	EXP 	blankScreen: autoDraw = False
57.4523 	EXP 	call1: autoDraw = False
57.4523 	EXP 	call2: autoDraw = False
57.4523 	EXP 	call3: autoDraw = False
57.4523 	EXP 	call4: autoDraw = False
57.4523 	EXP 	colour1: autoDraw = False
57.4523 	EXP 	colour2: autoDraw = False
57.4523 	EXP 	colour3: autoDraw = False
57.4523 	EXP 	colour4: autoDraw = False
57.4523 	EXP 	number1: autoDraw = False
57.4523 	EXP 	number2: autoDraw = False
57.4523 	EXP 	number3: autoDraw = False
57.4523 	EXP 	number4: autoDraw = False
57.4523 	EXP 	blankScreenAfterResponse: autoDraw = False
57.4523 	EXP 	fixation: autoDraw = True
62.4992 	EXP 	Sound sound_1 reached end of file
62.5646 	EXP 	window1: mouseVisible = False
62.5838 	EXP 	fixation: autoDraw = False
62.5838 	EXP 	screenAfterAudio: autoDraw = True
62.5838 	EXP 	screenAfterAudio: autoDraw = False
62.5838 	EXP 	fixation: autoDraw = False
62.5838 	EXP 	screenAfterAudio: autoDraw = False
62.5838 	EXP 	call1: texRes = 128
62.5838 	EXP 	call2: texRes = 128
62.5838 	EXP 	call3: texRes = 128
62.5838 	EXP 	call4: texRes = 128
62.5838 	EXP 	colour1: texRes = 128
62.5838 	EXP 	colour2: texRes = 128
62.5838 	EXP 	colour3: texRes = 128
62.5838 	EXP 	colour4: texRes = 128
62.5838 	EXP 	number1: texRes = 128
62.5838 	EXP 	number2: texRes = 128
62.5838 	EXP 	number3: texRes = 128
62.5838 	EXP 	number4: texRes = 128
62.5838 	EXP 	blankScreen: autoDraw = True
62.5840 	EXP 	window1: mouseVisible = False
62.6005 	EXP 	window1: mouseVisible = False
62.6171 	EXP 	window1: mouseVisible = False
62.6338 	EXP 	window1: mouseVisible = False
62.6505 	EXP 	window1: mouseVisible = False
62.6671 	EXP 	window1: mouseVisible = False
62.6836 	EXP 	window1: mouseVisible = False
62.7001 	EXP 	window1: mouseVisible = False
62.7170 	EXP 	window1: mouseVisible = False
62.7336 	EXP 	window1: mouseVisible = False
62.7501 	EXP 	window1: mouseVisible = False
62.7669 	EXP 	window1: mouseVisible = False
62.7836 	EXP 	window1: mouseVisible = False
62.8002 	EXP 	window1: mouseVisible = False
62.8169 	EXP 	window1: mouseVisible = False
62.8335 	EXP 	window1: mouseVisible = False
62.8501 	EXP 	window1: mouseVisible = False
62.8668 	EXP 	window1: mouseVisible = False
62.8836 	EXP 	window1: mouseVisible = False
62.9002 	EXP 	window1: mouseVisible = False
62.9168 	EXP 	window1: mouseVisible = False
62.9338 	EXP 	window1: mouseVisible = False
62.9506 	EXP 	window1: mouseVisible = False
62.9669 	EXP 	window1: mouseVisible = False
62.9835 	EXP 	window1: mouseVisible = False
63.0002 	EXP 	window1: mouseVisible = False
63.0168 	EXP 	window1: mouseVisible = False
63.0334 	EXP 	window1: mouseVisible = False
63.0500 	EXP 	window1: mouseVisible = False
63.0669 	EXP 	window1: mouseVisible = False
63.0833 	EXP 	window1: mouseVisible = False
63.1001 	EXP 	window1: mouseVisible = False
63.1168 	EXP 	window1: mouseVisible = False
63.1336 	EXP 	window1: mouseVisible = False
63.1499 	EXP 	window1: mouseVisible = False
63.1668 	EXP 	window1: mouseVisible = False
63.1836 	EXP 	window1: mouseVisible = False
63.2000 	EXP 	window1: mouseVisible = False
63.2168 	EXP 	window1: mouseVisible = False
63.2333 	EXP 	window1: mouseVisible = False
63.2499 	EXP 	window1: mouseVisible = False
63.2668 	EXP 	window1: mouseVisible = False
63.2834 	EXP 	window1: mouseVisible = False
63.3004 	EXP 	window1: mouseVisible = False
63.3167 	EXP 	window1: mouseVisible = False
63.3334 	EXP 	window1: mouseVisible = False
63.3499 	EXP 	window1: mouseVisible = False
63.3668 	EXP 	window1: mouseVisible = False
63.3834 	EXP 	window1: mouseVisible = False
63.4001 	EXP 	window1: mouseVisible = False
63.4168 	EXP 	window1: mouseVisible = False
63.4334 	EXP 	window1: mouseVisible = False
63.4499 	EXP 	window1: mouseVisible = False
63.4668 	EXP 	window1: mouseVisible = False
63.4832 	EXP 	window1: mouseVisible = False
63.5001 	EXP 	window1: mouseVisible = False
63.5167 	EXP 	window1: mouseVisible = False
63.5334 	EXP 	window1: mouseVisible = False
63.5499 	EXP 	window1: mouseVisible = False
63.5668 	EXP 	window1: mouseVisible = False
63.5827 	EXP 	blankScreen: autoDraw = False
63.5827 	EXP 	call1: autoDraw = True
63.5827 	EXP 	call2: autoDraw = True
63.5827 	EXP 	call3: autoDraw = True
63.5827 	EXP 	call4: autoDraw = True
63.5827 	EXP 	colour1: autoDraw = True
63.5827 	EXP 	colour2: autoDraw = True
63.5827 	EXP 	colour3: autoDraw = True
63.5827 	EXP 	colour4: autoDraw = True
63.5827 	EXP 	number1: autoDraw = True
63.5827 	EXP 	number2: autoDraw = True
63.5827 	EXP 	number3: autoDraw = True
63.5827 	EXP 	number4: autoDraw = True
63.5828 	EXP 	window1: mouseVisible = False
63.5830 	EXP 	window1: mouseVisible = True
63.6001 	EXP 	window1: mouseVisible = False
63.6003 	EXP 	window1: mouseVisible = True
63.6167 	EXP 	window1: mouseVisible = False
63.6169 	EXP 	window1: mouseVisible = True
63.6335 	EXP 	window1: mouseVisible = False
63.6337 	EXP 	window1: mouseVisible = True
63.7070 	EXP 	window1: mouseVisible = False
63.7076 	EXP 	window1: mouseVisible = True
63.7168 	EXP 	window1: mouseVisible = False
63.7169 	EXP 	window1: mouseVisible = True
63.7331 	EXP 	window1: mouseVisible = False
63.7333 	EXP 	window1: mouseVisible = True
63.7497 	EXP 	window1: mouseVisible = False
63.7499 	EXP 	window1: mouseVisible = True
63.7667 	EXP 	window1: mouseVisible = False
63.7671 	EXP 	window1: mouseVisible = True
63.7832 	EXP 	window1: mouseVisible = False
63.7834 	EXP 	window1: mouseVisible = True
63.8001 	EXP 	window1: mouseVisible = False
63.8002 	EXP 	window1: mouseVisible = True
63.8168 	EXP 	window1: mouseVisible = False
63.8170 	EXP 	window1: mouseVisible = True
63.8333 	EXP 	window1: mouseVisible = False
63.8337 	EXP 	window1: mouseVisible = True
63.8827 	EXP 	window1: mouseVisible = False
63.8830 	EXP 	window1: mouseVisible = True
63.9006 	EXP 	window1: mouseVisible = False
63.9007 	EXP 	window1: mouseVisible = True
63.9167 	EXP 	window1: mouseVisible = False
63.9169 	EXP 	window1: mouseVisible = True
63.9333 	EXP 	window1: mouseVisible = False
63.9334 	EXP 	window1: mouseVisible = True
63.9508 	EXP 	window1: mouseVisible = False
63.9510 	EXP 	window1: mouseVisible = True
63.9668 	EXP 	window1: mouseVisible = False
63.9669 	EXP 	window1: mouseVisible = True
63.9833 	EXP 	window1: mouseVisible = False
63.9835 	EXP 	window1: mouseVisible = True
64.0000 	EXP 	window1: mouseVisible = False
64.0001 	EXP 	window1: mouseVisible = True
64.0171 	EXP 	window1: mouseVisible = False
64.0173 	EXP 	window1: mouseVisible = True
64.0333 	EXP 	window1: mouseVisible = False
64.0335 	EXP 	window1: mouseVisible = True
64.0508 	EXP 	window1: mouseVisible = False
64.0509 	EXP 	window1: mouseVisible = True
64.0670 	EXP 	window1: mouseVisible = False
64.0674 	EXP 	window1: mouseVisible = True
64.0834 	EXP 	window1: mouseVisible = False
64.0836 	EXP 	window1: mouseVisible = True
64.1004 	EXP 	window1: mouseVisible = False
64.1007 	EXP 	window1: mouseVisible = True
64.1168 	EXP 	window1: mouseVisible = False
64.1169 	EXP 	window1: mouseVisible = True
64.1337 	EXP 	window1: mouseVisible = False
64.1339 	EXP 	window1: mouseVisible = True
64.1507 	EXP 	window1: mouseVisible = False
64.1509 	EXP 	window1: mouseVisible = True
64.1663 	EXP 	window1: mouseVisible = False
64.1664 	EXP 	window1: mouseVisible = True
64.1830 	EXP 	window1: mouseVisible = False
64.1831 	EXP 	window1: mouseVisible = True
64.1997 	EXP 	window1: mouseVisible = False
64.1999 	EXP 	window1: mouseVisible = True
64.2164 	EXP 	window1: mouseVisible = False
64.2166 	EXP 	window1: mouseVisible = True
64.2334 	EXP 	window1: mouseVisible = False
64.2336 	EXP 	window1: mouseVisible = True
64.2494 	EXP 	window1: mouseVisible = False
64.2913 	EXP 	window1: mouseVisible = True
64.3001 	EXP 	window1: mouseVisible = False
64.3003 	EXP 	window1: mouseVisible = True
64.3166 	EXP 	window1: mouseVisible = False
64.3172 	EXP 	window1: mouseVisible = True
64.3331 	EXP 	window1: mouseVisible = False
64.3336 	EXP 	window1: mouseVisible = True
64.3866 	EXP 	window1: mouseVisible = False
64.3872 	EXP 	window1: mouseVisible = True
64.4000 	EXP 	window1: mouseVisible = False
64.4002 	EXP 	window1: mouseVisible = True
64.4169 	EXP 	window1: mouseVisible = False
64.4174 	EXP 	window1: mouseVisible = True
64.4334 	EXP 	window1: mouseVisible = False
64.4336 	EXP 	window1: mouseVisible = True
64.4639 	EXP 	window1: mouseVisible = False
64.4641 	EXP 	window1: mouseVisible = True
64.4832 	EXP 	window1: mouseVisible = False
64.4834 	EXP 	window1: mouseVisible = True
64.4836 	DATA 	Mouse: Left button down, pos=(170,582)
64.5163 	EXP 	call1: texRes = 128
64.5163 	EXP 	call3: texRes = 128
64.5163 	EXP 	call4: texRes = 128
64.5165 	EXP 	window1: mouseVisible = False
64.5167 	EXP 	window1: mouseVisible = True
64.5336 	EXP 	window1: mouseVisible = False
64.5337 	EXP 	window1: mouseVisible = True
64.5508 	EXP 	window1: mouseVisible = False
64.5509 	EXP 	window1: mouseVisible = True
64.5667 	EXP 	window1: mouseVisible = False
64.5669 	EXP 	window1: mouseVisible = True
64.5671 	DATA 	Mouse:  Left button up, pos=(170,582)
64.5834 	EXP 	window1: mouseVisible = False
64.5836 	EXP 	window1: mouseVisible = True
64.6002 	EXP 	window1: mouseVisible = False
64.6007 	EXP 	window1: mouseVisible = True
64.6165 	EXP 	window1: mouseVisible = False
64.6167 	EXP 	window1: mouseVisible = True
64.6334 	EXP 	window1: mouseVisible = False
64.6336 	EXP 	window1: mouseVisible = True
64.7004 	EXP 	window1: mouseVisible = False
64.7006 	EXP 	window1: mouseVisible = True
64.7164 	EXP 	window1: mouseVisible = False
64.7167 	EXP 	window1: mouseVisible = True
64.7332 	EXP 	window1: mouseVisible = False
64.7334 	EXP 	window1: mouseVisible = True
64.7498 	EXP 	window1: mouseVisible = False
64.7952 	EXP 	window1: mouseVisible = True
64.8163 	EXP 	window1: mouseVisible = False
64.8167 	EXP 	window1: mouseVisible = True
64.8330 	EXP 	window1: mouseVisible = False
64.8331 	EXP 	window1: mouseVisible = True
64.8499 	EXP 	window1: mouseVisible = False
64.8508 	EXP 	window1: mouseVisible = True
64.8665 	EXP 	window1: mouseVisible = False
64.8667 	EXP 	window1: mouseVisible = True
64.8834 	EXP 	window1: mouseVisible = False
64.8837 	EXP 	window1: mouseVisible = True
64.8997 	EXP 	window1: mouseVisible = False
64.8999 	EXP 	window1: mouseVisible = True
64.9165 	EXP 	window1: mouseVisible = False
64.9170 	EXP 	window1: mouseVisible = True
64.9332 	EXP 	window1: mouseVisible = False
64.9340 	EXP 	window1: mouseVisible = True
64.9496 	EXP 	window1: mouseVisible = False
64.9498 	EXP 	window1: mouseVisible = True
64.9667 	EXP 	window1: mouseVisible = False
64.9668 	EXP 	window1: mouseVisible = True
64.9835 	EXP 	window1: mouseVisible = False
64.9837 	EXP 	window1: mouseVisible = True
64.9998 	EXP 	window1: mouseVisible = False
65.0001 	EXP 	window1: mouseVisible = True
65.0165 	EXP 	window1: mouseVisible = False
65.0166 	EXP 	window1: mouseVisible = True
65.0332 	EXP 	window1: mouseVisible = False
65.0337 	EXP 	window1: mouseVisible = True
65.0508 	EXP 	window1: mouseVisible = False
65.0510 	EXP 	window1: mouseVisible = True
65.0665 	EXP 	window1: mouseVisible = False
65.0668 	EXP 	window1: mouseVisible = True
65.0831 	EXP 	window1: mouseVisible = False
65.0833 	EXP 	window1: mouseVisible = True
65.0993 	EXP 	window1: mouseVisible = False
65.0995 	EXP 	window1: mouseVisible = True
65.0997 	DATA 	Mouse: Left button down, pos=(571,631)
65.1330 	EXP 	colour1: texRes = 128
65.1330 	EXP 	colour3: texRes = 128
65.1330 	EXP 	colour4: texRes = 128
65.1331 	EXP 	window1: mouseVisible = False
65.1337 	EXP 	window1: mouseVisible = True
65.1498 	EXP 	window1: mouseVisible = False
65.1503 	EXP 	window1: mouseVisible = True
65.1672 	EXP 	window1: mouseVisible = False
65.1676 	EXP 	window1: mouseVisible = True
65.1681 	DATA 	Mouse:  Left button up, pos=(571,631)
65.1829 	EXP 	window1: mouseVisible = False
65.1831 	EXP 	window1: mouseVisible = True
65.1998 	EXP 	window1: mouseVisible = False
65.2000 	EXP 	window1: mouseVisible = True
65.2166 	EXP 	window1: mouseVisible = False
65.2167 	EXP 	window1: mouseVisible = True
65.2330 	EXP 	window1: mouseVisible = False
65.2331 	EXP 	window1: mouseVisible = True
65.2497 	EXP 	window1: mouseVisible = False
65.2501 	EXP 	window1: mouseVisible = True
65.2660 	EXP 	window1: mouseVisible = False
65.2662 	EXP 	window1: mouseVisible = True
65.2828 	EXP 	window1: mouseVisible = False
65.2830 	EXP 	window1: mouseVisible = True
65.2993 	EXP 	window1: mouseVisible = False
65.2995 	EXP 	window1: mouseVisible = True
65.3159 	EXP 	window1: mouseVisible = False
65.3162 	EXP 	window1: mouseVisible = True
65.3331 	EXP 	window1: mouseVisible = False
65.3333 	EXP 	window1: mouseVisible = True
65.3496 	EXP 	window1: mouseVisible = False
65.3499 	EXP 	window1: mouseVisible = True
65.3663 	EXP 	window1: mouseVisible = False
65.3670 	EXP 	window1: mouseVisible = True
65.3831 	EXP 	window1: mouseVisible = False
65.3832 	EXP 	window1: mouseVisible = True
65.3996 	EXP 	window1: mouseVisible = False
65.3997 	EXP 	window1: mouseVisible = True
65.4163 	EXP 	window1: mouseVisible = False
65.4167 	EXP 	window1: mouseVisible = True
65.4328 	EXP 	window1: mouseVisible = False
65.4330 	EXP 	window1: mouseVisible = True
65.4494 	EXP 	window1: mouseVisible = False
65.4496 	EXP 	window1: mouseVisible = True
65.4663 	EXP 	window1: mouseVisible = False
65.4664 	EXP 	window1: mouseVisible = True
65.4831 	EXP 	window1: mouseVisible = False
65.4833 	EXP 	window1: mouseVisible = True
65.4993 	EXP 	window1: mouseVisible = False
65.4995 	EXP 	window1: mouseVisible = True
65.5157 	EXP 	window1: mouseVisible = False
65.5158 	EXP 	window1: mouseVisible = True
65.5329 	EXP 	window1: mouseVisible = False
65.5331 	EXP 	window1: mouseVisible = True
65.5493 	EXP 	window1: mouseVisible = False
65.5494 	EXP 	window1: mouseVisible = True
65.5659 	EXP 	window1: mouseVisible = False
65.5661 	EXP 	window1: mouseVisible = True
65.5824 	EXP 	window1: mouseVisible = False
65.5827 	EXP 	window1: mouseVisible = True
65.5992 	EXP 	window1: mouseVisible = False
65.5994 	EXP 	window1: mouseVisible = True
65.6161 	EXP 	window1: mouseVisible = False
65.6162 	EXP 	window1: mouseVisible = True
65.6328 	EXP 	window1: mouseVisible = False
65.6331 	EXP 	window1: mouseVisible = True
65.6494 	EXP 	window1: mouseVisible = False
65.6496 	EXP 	window1: mouseVisible = True
65.6659 	EXP 	window1: mouseVisible = False
65.6661 	EXP 	window1: mouseVisible = True
65.6829 	EXP 	window1: mouseVisible = False
65.6831 	EXP 	window1: mouseVisible = True
65.6993 	EXP 	window1: mouseVisible = False
65.6998 	EXP 	window1: mouseVisible = True
65.7028 	DATA 	Mouse: Left button down, pos=(963,654)
65.7162 	EXP 	window1: mouseVisible = False
65.7164 	EXP 	window1: mouseVisible = True
65.7321 	EXP 	New trial (rep=0, index=3): OrderedDict([('audiofile', 'audio/SiSSN_DE_Neural2-D_Dr-gr-Dr_-7db.wav'), ('duration', 5.3868), ('noise', 'SiSSN'), ('voice', 'Neural2-D'), ('words', 'Dr-gr-Dr'), ('callSign', 'Dr'), ('colour', 'gr'), ('number', 'Dr'), ('levels', '-7db'), ('trigger_start', 200), ('trigger_end', 201), ('trigger_call', 212), ('trigger_col', 222), ('trigger_num', 233), ('file', 'DE_Neural2-D_Dr-gr-Dr.TextGrid'), ('firstSound_tmin', 0.16712), ('lastSound_tmax', 4.632784757333333), ('token_1_tmin', 0.83930312), ('token_1_tmax', 1.3121020120000002), ('token_2_tmin', 2.687137225666667), ('token_2_tmax', 3.093036977), ('token_3_tmin', 4.368038200333333), ('token_3_tmax', 4.632784757333333), ('rater', 'mean'), ('newidx', 10), ('block', 'SSN1')])
65.7643 	EXP 	window1: mouseVisible = False
65.7660 	EXP 	Sound sound_1 started
65.7824 	EXP 	number1: texRes = 128
65.7824 	EXP 	number3: texRes = 128
65.7824 	EXP 	number4: texRes = 128
65.7824 	EXP 	blankScreenAfterResponse: autoDraw = True
65.7824 	EXP 	blankScreen: autoDraw = False
65.7824 	EXP 	call1: autoDraw = False
65.7824 	EXP 	call2: autoDraw = False
65.7824 	EXP 	call3: autoDraw = False
65.7824 	EXP 	call4: autoDraw = False
65.7824 	EXP 	colour1: autoDraw = False
65.7824 	EXP 	colour2: autoDraw = False
65.7824 	EXP 	colour3: autoDraw = False
65.7824 	EXP 	colour4: autoDraw = False
65.7824 	EXP 	number1: autoDraw = False
65.7824 	EXP 	number2: autoDraw = False
65.7824 	EXP 	number3: autoDraw = False
65.7824 	EXP 	number4: autoDraw = False
65.7824 	EXP 	blankScreenAfterResponse: autoDraw = False
65.7824 	EXP 	fixation: autoDraw = True
65.8170 	DATA 	Mouse:  Left button up, pos=(964,654)
68.3003 	DATA 	Keypress: escape
70.6990 	EXP 	window1: mouseVisible = True
