5.1541 	WARNING 	User requested fullscreen with size [1280  720], but screen is actually [1920, 1200]. Using actual size
8.6813 	EXP 	Created window1 = Window(allowGUI=False, allowStencil=False, autoLog=True, backendConf=UNKNOWN, bitsMode=UNKNOWN, blendMode='avg', bpc=(8, 8, 8), color=array([0, 0, 0]), colorSpace='rgb', depthBits=8, fullscr=<method-wrapper '__getattribute__' of attributeSetter object at 0x00000229CC67E898>, gamma=None, gammaErrorPolicy='raise', lms=UNKNOWN, monitor=<psychopy.monitors.calibTools.Monitor object at 0x00000229CC6CAEB8>, multiSample=False, name='window1', numSamples=2, pos=[0.0, 0.0], screen=0, size=array([1920, 1200]), stencilBits=0, stereo=False, units='height', useFBO=True, useRetina=False, viewOri=0.0, viewPos=None, viewScale=None, waitBlanking=True, winType='pyglet')
8.6820 	EXP 	window1: mouseVisible = True
8.6821 	EXP 	window1: recordFrameIntervals = False
8.8466 	EXP 	window1: recordFrameIntervals = True
9.0302 	EXP 	window1: recordFrameIntervals = False
9.5262 	WARNING 	Monitor specification not found. Creating a temporary one...
9.5264 	WARNING 	Requested an unavailable screen number - using first available.
11.0304 	EXP 	Created window1 = Window(allowGUI=True, allowStencil=False, autoLog=True, backendConf=UNKNOWN, bitsMode=UNKNOWN, blendMode='avg', bpc=(8, 8, 8), color=array([0, 0, 0]), colorSpace='rgb', depthBits=8, fullscr=<method-wrapper '__getattribute__' of attributeSetter object at 0x00000229CC67E898>, gamma=None, gammaErrorPolicy='raise', lms=UNKNOWN, monitor=<psychopy.monitors.calibTools.Monitor object at 0x00000229B1EC7208>, multiSample=False, name='window1', numSamples=2, pos=[800.0, 500.0], screen=1, size=array([320, 200]), stencilBits=0, stereo=False, units='norm', useFBO=False, useRetina=False, viewOri=0.0, viewPos=None, viewScale=None, waitBlanking=True, winType='pyglet')
11.0306 	EXP 	window1: mouseVisible = True
12.4851 	EXP 	Created Instructions_Background_Noise = TextStim(__class__=<class 'psychopy.visual.text.TextStim'>, alignHoriz=method-wrapper(...), alignText='center', alignVert=method-wrapper(...), anchorHoriz='center', anchorVert='center', antialias=True, autoLog=True, bold=False, color=array([-1., -1., -1.]), colorSpace='rgb', contrast=1.0, depth=-1.0, flipHoriz=False, flipVert=False, font='Arial', fontFiles=[], height=0.03, italic=False, languageStyle='LTR', name='Instructions_Background_Noise', opacity=1, ori=0, pos=array([0., 0.]), rgb=UNKNOWN, text=str(...), units='height', win=Window(...), wrapWidth=1)
12.5380 	EXP 	Created Fixation_cross_Test = TextStim(__class__=<class 'psychopy.visual.text.TextStim'>, alignHoriz=method-wrapper(...), alignText='center', alignVert=method-wrapper(...), anchorHoriz='center', anchorVert='center', antialias=True, autoLog=True, bold=False, color=array([-1., -1., -1.]), colorSpace='rgb', contrast=1.0, depth=-1.0, flipHoriz=False, flipVert=False, font='Arial', fontFiles=[], height=0.2, italic=False, languageStyle='LTR', name='Fixation_cross_Test', opacity=1, ori=0, pos=array([0., 0.]), rgb=UNKNOWN, text='+', units='height', win=Window(...), wrapWidth=1)
12.5745 	EXP 	Created text_practice = TextStim(__class__=<class 'psychopy.visual.text.TextStim'>, alignHoriz=method-wrapper(...), alignText='center', alignVert=method-wrapper(...), anchorHoriz='center', anchorVert='center', antialias=True, autoLog=True, bold=False, color=array([-1., -1., -1.]), colorSpace='rgb', contrast=1.0, depth=-1.0, flipHoriz=False, flipVert=False, font='Arial', fontFiles=[], height=0.03, italic=False, languageStyle='LTR', name='text_practice', opacity=1, ori=0, pos=array([0., 0.]), rgb=UNKNOWN, text=str(...), units='height', win=Window(...), wrapWidth=1)
12.5838 	EXP 	Sound Digit1_clear set volume 1.000
12.5864 	EXP 	Created text_practice_resp = TextStim(__class__=<class 'psychopy.visual.text.TextStim'>, alignHoriz=method-wrapper(...), alignText='center', alignVert=method-wrapper(...), anchorHoriz='center', anchorVert='center', antialias=True, autoLog=True, bold=False, color=array([-1., -1., -1.]), colorSpace='rgb', contrast=1.0, depth=-2.0, flipHoriz=False, flipVert=False, font='Arial', fontFiles=[], height=0.1, italic=False, languageStyle='LTR', name='text_practice_resp', opacity=1, ori=0, pos=array([0., 0.]), rgb=UNKNOWN, text='', units='height', win=Window(...), wrapWidth=1)
12.6138 	EXP 	Created text_practice_repeat = TextStim(__class__=<class 'psychopy.visual.text.TextStim'>, alignHoriz=method-wrapper(...), alignText='center', alignVert=method-wrapper(...), anchorHoriz='center', anchorVert='center', antialias=True, autoLog=True, bold=False, color=array([-1., -1., -1.]), colorSpace='rgb', contrast=1.0, depth=-1.0, flipHoriz=False, flipVert=False, font='Arial', fontFiles=[], height=0.05, italic=False, languageStyle='LTR', name='text_practice_repeat', opacity=1, ori=0, pos=array([0., 0.]), rgb=UNKNOWN, text=str(...), units='height', win=Window(...), wrapWidth=1)
12.6523 	EXP 	Created text_4 = TextStim(__class__=<class 'psychopy.visual.text.TextStim'>, alignHoriz=method-wrapper(...), alignText='center', alignVert=method-wrapper(...), anchorHoriz='center', anchorVert='center', antialias=True, autoLog=True, bold=False, color=array([-1., -1., -1.]), colorSpace='rgb', contrast=1.0, depth=-1.0, flipHoriz=False, flipVert=False, font='Arial', fontFiles=[], height=0.03, italic=False, languageStyle='LTR', name='text_4', opacity=1.0, ori=0.0, pos=array([0., 0.]), rgb=UNKNOWN, text=str(...), units='height', win=Window(...), wrapWidth=1)
12.6605 	EXP 	Created Fixation_ME = TextStim(__class__=<class 'psychopy.visual.text.TextStim'>, alignHoriz=method-wrapper(...), alignText='center', alignVert=method-wrapper(...), anchorHoriz='center', anchorVert='center', antialias=True, autoLog=True, bold=False, color=array([-1., -1., -1.]), colorSpace='rgb', contrast=1.0, depth=-1.0, flipHoriz=False, flipVert=False, font='Open Sans', fontFiles=[], height=0.1, italic=False, languageStyle='LTR', name='Fixation_ME', opacity=1.0, ori=0.0, pos=array([0., 0.]), rgb=UNKNOWN, text='+', units='height', win=Window(...), wrapWidth=1)
12.6701 	EXP 	Sound sound_digit_1_ME set volume 1.000
12.6718 	EXP 	Created text_2 = TextStim(__class__=<class 'psychopy.visual.text.TextStim'>, alignHoriz=method-wrapper(...), alignText='center', alignVert=method-wrapper(...), anchorHoriz='center', anchorVert='center', antialias=True, autoLog=True, bold=False, color=array([-1., -1., -1.]), colorSpace='rgb', contrast=1.0, depth=-2.0, flipHoriz=False, flipVert=False, font='Open Sans', fontFiles=[], height=0.1, italic=False, languageStyle='LTR', name='text_2', opacity=1.0, ori=0.0, pos=array([0., 0.]), rgb=UNKNOWN, text='', units='height', win=Window(...), wrapWidth=1)
12.6734 	EXP 	Created disp_answer_ME = TextStim(__class__=<class 'psychopy.visual.text.TextStim'>, alignHoriz=method-wrapper(...), alignText='center', alignVert=method-wrapper(...), anchorHoriz='center', anchorVert='center', antialias=True, autoLog=True, bold=False, color=array([-1., -1., -1.]), colorSpace='rgb', contrast=1.0, depth=-2.0, flipHoriz=False, flipVert=False, font='Arial', fontFiles=[], height=0.1, italic=False, languageStyle='LTR', name='disp_answer_ME', opacity=1.0, ori=0.0, pos=array([0., 0.]), rgb=UNKNOWN, text='', units='height', win=Window(...), wrapWidth=1)
12.6748 	EXP 	Created text_7 = TextStim(__class__=<class 'psychopy.visual.text.TextStim'>, alignHoriz=method-wrapper(...), alignText='center', alignVert=method-wrapper(...), anchorHoriz='center', anchorVert='center', antialias=True, autoLog=True, bold=False, color=array([1., 1., 1.]), colorSpace='rgb', contrast=1.0, depth=-3.0, flipHoriz=False, flipVert=False, font='Open Sans', fontFiles=[], height=0.1, italic=False, languageStyle='LTR', name='text_7', opacity=1, ori=0.0, pos=array([ 0. , -0.1]), rgb=UNKNOWN, text='', units='height', win=Window(...), wrapWidth=1)
12.6763 	EXP 	Created text_next_block_ME = TextStim(__class__=<class 'psychopy.visual.text.TextStim'>, alignHoriz=method-wrapper(...), alignText='center', alignVert=method-wrapper(...), anchorHoriz='center', anchorVert='center', antialias=True, autoLog=True, bold=False, color=array([1., 1., 1.]), colorSpace='rgb', contrast=1.0, depth=-1.0, flipHoriz=False, flipVert=False, font='Open Sans', fontFiles=[], height=0.1, italic=False, languageStyle='LTR', name='text_next_block_ME', opacity=1, ori=0.0, pos=array([0., 0.]), rgb=UNKNOWN, text='', units='height', win=Window(...), wrapWidth=1)
12.7527 	EXP 	Created text_break = TextStim(__class__=<class 'psychopy.visual.text.TextStim'>, alignHoriz=method-wrapper(...), alignText='center', alignVert=method-wrapper(...), anchorHoriz='center', anchorVert='center', antialias=True, autoLog=True, bold=False, color=array([-1., -1., -1.]), colorSpace='rgb', contrast=1.0, depth=-1.0, flipHoriz=False, flipVert=False, font='Arial', fontFiles=[], height=0.05, italic=False, languageStyle='LTR', name='text_break', opacity=1, ori=0, pos=array([0., 0.]), rgb=UNKNOWN, text=str(...), units='height', win=Window(...), wrapWidth=1)
12.7711 	EXP 	Created Fixation = TextStim(__class__=<class 'psychopy.visual.text.TextStim'>, alignHoriz=method-wrapper(...), alignText='center', alignVert=method-wrapper(...), anchorHoriz='center', anchorVert='center', antialias=True, autoLog=True, bold=False, color=array([-1., -1., -1.]), colorSpace='rgb', contrast=1.0, depth=-1.0, flipHoriz=False, flipVert=False, font='Arial', fontFiles=[], height=0.2, italic=False, languageStyle='LTR', name='Fixation', opacity=1, ori=0, pos=array([0., 0.]), rgb=UNKNOWN, text='+', units='height', win=Window(...), wrapWidth=1)
12.7728 	EXP 	Created text_6 = TextStim(__class__=<class 'psychopy.visual.text.TextStim'>, alignHoriz=method-wrapper(...), alignText='center', alignVert=method-wrapper(...), anchorHoriz='center', anchorVert='center', antialias=True, autoLog=True, bold=False, color=array([1., 1., 1.]), colorSpace='rgb', contrast=1.0, depth=-2.0, flipHoriz=False, flipVert=False, font='Open Sans', fontFiles=[], height=0.1, italic=False, languageStyle='LTR', name='text_6', opacity=1, ori=0.0, pos=array([ 0. , -0.1]), rgb=UNKNOWN, text='', units='height', win=Window(...), wrapWidth=1)
12.7767 	EXP 	Created Fixation_Play = TextStim(__class__=<class 'psychopy.visual.text.TextStim'>, alignHoriz=method-wrapper(...), alignText='center', alignVert=method-wrapper(...), anchorHoriz='center', anchorVert='center', antialias=True, autoLog=True, bold=False, color=array([-1., -1., -1.]), colorSpace='rgb', contrast=1.0, depth=-1.0, flipHoriz=False, flipVert=False, font='Arial', fontFiles=[], height=0.2, italic=False, languageStyle='LTR', name='Fixation_Play', opacity=1.0, ori=0.0, pos=array([0., 0.]), rgb=UNKNOWN, text='+', units='height', win=Window(...), wrapWidth=1)
12.7880 	EXP 	Sound sound_digit1 set volume 1.000
12.7907 	EXP 	Created disp_answer = TextStim(__class__=<class 'psychopy.visual.text.TextStim'>, alignHoriz=method-wrapper(...), alignText='center', alignVert=method-wrapper(...), anchorHoriz='center', anchorVert='center', antialias=True, autoLog=True, bold=False, color=array([-1., -1., -1.]), colorSpace='rgb', contrast=1.0, depth=-2.0, flipHoriz=False, flipVert=False, font='Arial', fontFiles=[], height=0.1, italic=False, languageStyle='LTR', name='disp_answer', opacity=1, ori=0, pos=array([0., 0.]), rgb=UNKNOWN, text='', units='height', win=Window(...), wrapWidth=1)
12.7927 	EXP 	Created text_nextblock = TextStim(__class__=<class 'psychopy.visual.text.TextStim'>, alignHoriz=method-wrapper(...), alignText='center', alignVert=method-wrapper(...), anchorHoriz='center', anchorVert='center', antialias=True, autoLog=True, bold=False, color=array([-1., -1., -1.]), colorSpace='rgb', contrast=1.0, depth=-1.0, flipHoriz=False, flipVert=False, font='Arial', fontFiles=[], height=0.05, italic=False, languageStyle='LTR', name='text_nextblock', opacity=1.0, ori=0.0, pos=array([0., 0.]), rgb=UNKNOWN, text='', units='height', win=Window(...), wrapWidth=1)
13.0262 	EXP 	Instructions_Background_Noise: autoDraw = True
13.4486 	DATA 	Keypress: return
13.4503 	EXP 	Sound  started
13.4626 	EXP 	Instructions_Background_Noise: autoDraw = False
13.4626 	EXP 	Fixation_cross_Test: autoDraw = True
18.4648 	EXP 	Sound  stopped
18.4658 	EXP 	Created sequence: sequential, trialTypes=1, nReps=100, seed=None
18.4675 	EXP 	New trial (rep=0, index=0): None
18.4758 	EXP 	Fixation_cross_Test: autoDraw = False
18.4758 	EXP 	Fixation_cross_Test: autoDraw = False
18.4758 	EXP 	text_practice: autoDraw = True
19.0134 	EXP 	Imported data/practice_trials.xlsx as conditions, 10 conditions, 5 params
19.0142 	EXP 	Created sequence: sequential, trialTypes=10, nReps=1, seed=None
19.0148 	EXP 	New trial (rep=0, index=0): {'TrialID': 0.0, 'NFB_digit1': 6.0, 'NFB_digit2': 2.0, 'NFB_digit3': 4.0, 'Speaker_trial': 33.0}
19.0166 	EXP 	Sound Digit1_clear started
19.0214 	EXP 	text_practice: autoDraw = False
19.4989 	EXP 	Sound Digit1_clear reached end of file
19.5021 	EXP 	Created sequence: sequential, trialTypes=1, nReps=1, seed=None
19.5025 	EXP 	New trial (rep=0, index=0): None
19.5266 	EXP 	Created unnamed TextStim = TextStim(__class__=<class 'psychopy.visual.text.TextStim'>, alignHoriz=method-wrapper(...), alignText='center', alignVert=method-wrapper(...), anchorHoriz='center', anchorVert='center', antialias=True, autoLog=True, bold=False, color=array([1., 1., 1.]), colorSpace='rgb', contrast=1.0, depth=0, flipHoriz=False, flipVert=False, font='', fontFiles=[], height=0.1, italic=False, languageStyle='LTR', name='unnamed TextStim', opacity=1.0, ori=0.0, pos=array([0., 0.]), rgb=UNKNOWN, text='Practice trials going on', units='norm', win=Window(...), wrapWidth=1)
19.5303 	DATA 	Keypress: return
19.5305 	DATA 	Keypress: return
19.5543 	EXP 	unnamed TextStim: autoDraw = True
19.5930 	EXP 	text_practice_resp: autoDraw = True
19.8427 	DATA 	Keypress: return
19.8446 	EXP 	unnamed TextStim: autoDraw = False
19.8460 	EXP 	New trial (rep=0, index=1): {'TrialID': 1.0, 'NFB_digit1': 1.0, 'NFB_digit2': 9.0, 'NFB_digit3': 3.0, 'Speaker_trial': 13.0}
19.8472 	EXP 	Sound Digit1_clear started
19.8526 	EXP 	text_practice_resp: autoDraw = False
20.3360 	EXP 	Sound Digit1_clear reached end of file
20.3390 	EXP 	Created sequence: sequential, trialTypes=1, nReps=1, seed=None
20.3394 	EXP 	New trial (rep=0, index=0): None
20.3522 	EXP 	Created unnamed TextStim = TextStim(__class__=<class 'psychopy.visual.text.TextStim'>, alignHoriz=method-wrapper(...), alignText='center', alignVert=method-wrapper(...), anchorHoriz='center', anchorVert='center', antialias=True, autoLog=True, bold=False, color=array([1., 1., 1.]), colorSpace='rgb', contrast=1.0, depth=0, flipHoriz=False, flipVert=False, font='', fontFiles=[], height=0.1, italic=False, languageStyle='LTR', name='unnamed TextStim', opacity=1.0, ori=0.0, pos=array([0., 0.]), rgb=UNKNOWN, text='Practice trials going on', units='norm', win=Window(...), wrapWidth=1)
20.3548 	DATA 	Keypress: return
20.3549 	DATA 	Keypress: return
20.3613 	EXP 	unnamed TextStim: autoDraw = True
20.3777 	EXP 	text_practice_resp: autoDraw = True
20.5209 	DATA 	Keypress: return
20.5280 	EXP 	unnamed TextStim: autoDraw = False
20.5295 	EXP 	New trial (rep=0, index=2): {'TrialID': 2.0, 'NFB_digit1': 8.0, 'NFB_digit2': 0.0, 'NFB_digit3': 1.0, 'Speaker_trial': 21.0}
20.5308 	EXP 	Sound Digit1_clear started
20.5355 	EXP 	text_practice_resp: autoDraw = False
21.0188 	EXP 	Sound Digit1_clear reached end of file
21.0212 	EXP 	Created sequence: sequential, trialTypes=1, nReps=1, seed=None
21.0217 	EXP 	New trial (rep=0, index=0): None
21.0297 	EXP 	Created unnamed TextStim = TextStim(__class__=<class 'psychopy.visual.text.TextStim'>, alignHoriz=method-wrapper(...), alignText='center', alignVert=method-wrapper(...), anchorHoriz='center', anchorVert='center', antialias=True, autoLog=True, bold=False, color=array([1., 1., 1.]), colorSpace='rgb', contrast=1.0, depth=0, flipHoriz=False, flipVert=False, font='', fontFiles=[], height=0.1, italic=False, languageStyle='LTR', name='unnamed TextStim', opacity=1.0, ori=0.0, pos=array([0., 0.]), rgb=UNKNOWN, text='Practice trials going on', units='norm', win=Window(...), wrapWidth=1)
21.0319 	DATA 	Keypress: return
21.0322 	DATA 	Keypress: return
21.0449 	EXP 	unnamed TextStim: autoDraw = True
21.0603 	EXP 	text_practice_resp: autoDraw = True
21.1711 	DATA 	Keypress: return
21.1784 	EXP 	unnamed TextStim: autoDraw = False
21.1804 	EXP 	New trial (rep=0, index=3): {'TrialID': 3.0, 'NFB_digit1': 9.0, 'NFB_digit2': 6.0, 'NFB_digit3': 1.0, 'Speaker_trial': 61.0}
21.1821 	EXP 	Sound Digit1_clear started
21.1870 	EXP 	text_practice_resp: autoDraw = False
21.6657 	EXP 	Sound Digit1_clear reached end of file
21.6686 	EXP 	Created sequence: sequential, trialTypes=1, nReps=1, seed=None
21.6690 	EXP 	New trial (rep=0, index=0): None
21.6766 	EXP 	Created unnamed TextStim = TextStim(__class__=<class 'psychopy.visual.text.TextStim'>, alignHoriz=method-wrapper(...), alignText='center', alignVert=method-wrapper(...), anchorHoriz='center', anchorVert='center', antialias=True, autoLog=True, bold=False, color=array([1., 1., 1.]), colorSpace='rgb', contrast=1.0, depth=0, flipHoriz=False, flipVert=False, font='', fontFiles=[], height=0.1, italic=False, languageStyle='LTR', name='unnamed TextStim', opacity=1.0, ori=0.0, pos=array([0., 0.]), rgb=UNKNOWN, text='Practice trials going on', units='norm', win=Window(...), wrapWidth=1)
21.6793 	DATA 	Keypress: return
21.6795 	DATA 	Keypress: return
21.6951 	EXP 	unnamed TextStim: autoDraw = True
21.7100 	EXP 	text_practice_resp: autoDraw = True
21.8051 	DATA 	Keypress: return
21.8114 	EXP 	unnamed TextStim: autoDraw = False
21.8129 	EXP 	New trial (rep=0, index=4): {'TrialID': 4.0, 'NFB_digit1': 8.0, 'NFB_digit2': 1.0, 'NFB_digit3': 5.0, 'Speaker_trial': 7.0}
21.8141 	EXP 	Sound Digit1_clear started
21.8195 	EXP 	text_practice_resp: autoDraw = False
22.2902 	EXP 	Sound Digit1_clear reached end of file
22.2926 	EXP 	Created sequence: sequential, trialTypes=1, nReps=1, seed=None
22.2932 	EXP 	New trial (rep=0, index=0): None
22.3007 	EXP 	Created unnamed TextStim = TextStim(__class__=<class 'psychopy.visual.text.TextStim'>, alignHoriz=method-wrapper(...), alignText='center', alignVert=method-wrapper(...), anchorHoriz='center', anchorVert='center', antialias=True, autoLog=True, bold=False, color=array([1., 1., 1.]), colorSpace='rgb', contrast=1.0, depth=0, flipHoriz=False, flipVert=False, font='', fontFiles=[], height=0.1, italic=False, languageStyle='LTR', name='unnamed TextStim', opacity=1.0, ori=0.0, pos=array([0., 0.]), rgb=UNKNOWN, text='Practice trials going on', units='norm', win=Window(...), wrapWidth=1)
22.3030 	DATA 	Keypress: return
22.3033 	DATA 	Keypress: return
22.3120 	EXP 	unnamed TextStim: autoDraw = True
22.3269 	EXP 	text_practice_resp: autoDraw = True
22.4545 	DATA 	Keypress: return
22.4615 	EXP 	unnamed TextStim: autoDraw = False
22.4632 	EXP 	New trial (rep=0, index=5): {'TrialID': 5.0, 'NFB_digit1': 4.0, 'NFB_digit2': 1.0, 'NFB_digit3': 0.0, 'Speaker_trial': 33.0}
22.4649 	EXP 	Sound Digit1_clear started
22.4705 	EXP 	text_practice_resp: autoDraw = False
22.9430 	EXP 	Sound Digit1_clear reached end of file
22.9458 	EXP 	Created sequence: sequential, trialTypes=1, nReps=1, seed=None
22.9462 	EXP 	New trial (rep=0, index=0): None
22.9540 	EXP 	Created unnamed TextStim = TextStim(__class__=<class 'psychopy.visual.text.TextStim'>, alignHoriz=method-wrapper(...), alignText='center', alignVert=method-wrapper(...), anchorHoriz='center', anchorVert='center', antialias=True, autoLog=True, bold=False, color=array([1., 1., 1.]), colorSpace='rgb', contrast=1.0, depth=0, flipHoriz=False, flipVert=False, font='', fontFiles=[], height=0.1, italic=False, languageStyle='LTR', name='unnamed TextStim', opacity=1.0, ori=0.0, pos=array([0., 0.]), rgb=UNKNOWN, text='Practice trials going on', units='norm', win=Window(...), wrapWidth=1)
22.9568 	DATA 	Keypress: return
22.9575 	DATA 	Keypress: return
22.9617 	EXP 	unnamed TextStim: autoDraw = True
22.9740 	EXP 	text_practice_resp: autoDraw = True
23.0885 	DATA 	Keypress: return
23.0952 	EXP 	unnamed TextStim: autoDraw = False
23.0972 	EXP 	New trial (rep=0, index=6): {'TrialID': 6.0, 'NFB_digit1': 9.0, 'NFB_digit2': 2.0, 'NFB_digit3': 6.0, 'Speaker_trial': 13.0}
23.0989 	EXP 	Sound Digit1_clear started
23.1043 	EXP 	text_practice_resp: autoDraw = False
23.5896 	EXP 	Sound Digit1_clear reached end of file
23.5925 	EXP 	Created sequence: sequential, trialTypes=1, nReps=1, seed=None
23.5930 	EXP 	New trial (rep=0, index=0): None
23.6010 	EXP 	Created unnamed TextStim = TextStim(__class__=<class 'psychopy.visual.text.TextStim'>, alignHoriz=method-wrapper(...), alignText='center', alignVert=method-wrapper(...), anchorHoriz='center', anchorVert='center', antialias=True, autoLog=True, bold=False, color=array([1., 1., 1.]), colorSpace='rgb', contrast=1.0, depth=0, flipHoriz=False, flipVert=False, font='', fontFiles=[], height=0.1, italic=False, languageStyle='LTR', name='unnamed TextStim', opacity=1.0, ori=0.0, pos=array([0., 0.]), rgb=UNKNOWN, text='Practice trials going on', units='norm', win=Window(...), wrapWidth=1)
23.6034 	DATA 	Keypress: return
23.6036 	DATA 	Keypress: return
23.6114 	EXP 	unnamed TextStim: autoDraw = True
23.6280 	EXP 	text_practice_resp: autoDraw = True
23.7213 	DATA 	Keypress: return
23.7282 	EXP 	unnamed TextStim: autoDraw = False
23.7297 	EXP 	New trial (rep=0, index=7): {'TrialID': 7.0, 'NFB_digit1': 2.0, 'NFB_digit2': 3.0, 'NFB_digit3': 0.0, 'Speaker_trial': 10.0}
23.7309 	EXP 	Sound Digit1_clear started
23.7358 	EXP 	text_practice_resp: autoDraw = False
24.2047 	EXP 	Sound Digit1_clear reached end of file
24.2080 	EXP 	Created sequence: sequential, trialTypes=1, nReps=1, seed=None
24.2085 	EXP 	New trial (rep=0, index=0): None
24.2162 	EXP 	Created unnamed TextStim = TextStim(__class__=<class 'psychopy.visual.text.TextStim'>, alignHoriz=method-wrapper(...), alignText='center', alignVert=method-wrapper(...), anchorHoriz='center', anchorVert='center', antialias=True, autoLog=True, bold=False, color=array([1., 1., 1.]), colorSpace='rgb', contrast=1.0, depth=0, flipHoriz=False, flipVert=False, font='', fontFiles=[], height=0.1, italic=False, languageStyle='LTR', name='unnamed TextStim', opacity=1.0, ori=0.0, pos=array([0., 0.]), rgb=UNKNOWN, text='Practice trials going on', units='norm', win=Window(...), wrapWidth=1)
24.2187 	DATA 	Keypress: return
24.2190 	DATA 	Keypress: return
24.2283 	EXP 	unnamed TextStim: autoDraw = True
24.2442 	EXP 	text_practice_resp: autoDraw = True
24.4062 	DATA 	Keypress: return
24.4119 	EXP 	unnamed TextStim: autoDraw = False
24.4134 	EXP 	New trial (rep=0, index=8): {'TrialID': 8.0, 'NFB_digit1': 1.0, 'NFB_digit2': 9.0, 'NFB_digit3': 2.0, 'Speaker_trial': 48.0}
24.4147 	EXP 	Sound Digit1_clear started
24.4198 	EXP 	text_practice_resp: autoDraw = False
24.8929 	EXP 	Sound Digit1_clear reached end of file
24.8958 	EXP 	Created sequence: sequential, trialTypes=1, nReps=1, seed=None
24.8962 	EXP 	New trial (rep=0, index=0): None
24.9049 	EXP 	Created unnamed TextStim = TextStim(__class__=<class 'psychopy.visual.text.TextStim'>, alignHoriz=method-wrapper(...), alignText='center', alignVert=method-wrapper(...), anchorHoriz='center', anchorVert='center', antialias=True, autoLog=True, bold=False, color=array([1., 1., 1.]), colorSpace='rgb', contrast=1.0, depth=0, flipHoriz=False, flipVert=False, font='', fontFiles=[], height=0.1, italic=False, languageStyle='LTR', name='unnamed TextStim', opacity=1.0, ori=0.0, pos=array([0., 0.]), rgb=UNKNOWN, text='Practice trials going on', units='norm', win=Window(...), wrapWidth=1)
24.9073 	DATA 	Keypress: return
24.9074 	DATA 	Keypress: return
24.9114 	EXP 	unnamed TextStim: autoDraw = True
24.9280 	EXP 	text_practice_resp: autoDraw = True
25.0367 	DATA 	Keypress: return
25.0445 	EXP 	unnamed TextStim: autoDraw = False
25.0464 	EXP 	New trial (rep=0, index=9): {'TrialID': 9.0, 'NFB_digit1': 8.0, 'NFB_digit2': 1.0, 'NFB_digit3': 0.0, 'Speaker_trial': 21.0}
25.0480 	EXP 	Sound Digit1_clear started
25.0533 	EXP 	text_practice_resp: autoDraw = False
25.5300 	EXP 	Sound Digit1_clear reached end of file
25.5325 	EXP 	Created sequence: sequential, trialTypes=1, nReps=1, seed=None
25.5329 	EXP 	New trial (rep=0, index=0): None
25.5403 	EXP 	Created unnamed TextStim = TextStim(__class__=<class 'psychopy.visual.text.TextStim'>, alignHoriz=method-wrapper(...), alignText='center', alignVert=method-wrapper(...), anchorHoriz='center', anchorVert='center', antialias=True, autoLog=True, bold=False, color=array([1., 1., 1.]), colorSpace='rgb', contrast=1.0, depth=0, flipHoriz=False, flipVert=False, font='', fontFiles=[], height=0.1, italic=False, languageStyle='LTR', name='unnamed TextStim', opacity=1.0, ori=0.0, pos=array([0., 0.]), rgb=UNKNOWN, text='Practice trials going on', units='norm', win=Window(...), wrapWidth=1)
25.5430 	DATA 	Keypress: return
25.5620 	EXP 	unnamed TextStim: autoDraw = True
25.5776 	EXP 	text_practice_resp: autoDraw = True
25.6083 	DATA 	Keypress: return
25.6104 	EXP 	unnamed TextStim: autoDraw = False
25.6173 	EXP 	text_practice_resp: autoDraw = False
25.6173 	EXP 	text_practice_repeat: autoDraw = True
26.3788 	EXP 	text_practice_repeat: autoDraw = False
26.3788 	EXP 	text_4: autoDraw = True
26.9118 	EXP 	Imported data/Stimuli_ME_cond.xlsx as conditions, 280 conditions, 8 params
26.9128 	EXP 	Created sequence: sequential, trialTypes=280, nReps=1, seed=None
26.9132 	EXP 	New trial (rep=0, index=0): {'TrialID_ME': 0.0, 'NFB_digit1_ME': 1.0, 'NFB_digit2_ME': 2.0, 'NFB_digit3_ME': 0.0, 'Speaker_trial_ME': 33.0, 'NV_trial_ME': 1.0, 'Triggered_trial_ME': 1.0, 'Jitter_trial_ME': 0.0}
26.9150 	EXP 	Sound  set loops 2
26.9151 	EXP 	Sound  started
27.6015 	EXP 	text_4: autoDraw = False
27.6015 	EXP 	Fixation_ME: autoDraw = True
29.0124 	EXP 	Sound sound_digit_1_ME started
29.0205 	EXP 	Fixation_ME: autoDraw = False
29.0205 	EXP 	text_2: text = 0
29.0205 	EXP 	text_2: autoDraw = True
29.4859 	EXP 	Sound sound_digit_1_ME reached end of file
30.0167 	EXP 	Created sequence: sequential, trialTypes=1, nReps=1, seed=None
30.0171 	EXP 	New trial (rep=0, index=0): None
30.0173 	EXP 	Sound  started
30.0402 	EXP 	text_2: autoDraw = False
30.0402 	EXP 	text_2: autoDraw = False
30.0402 	EXP 	text_7: text = 0
30.0402 	EXP 	disp_answer_ME: autoDraw = True
30.0402 	EXP 	text_7: autoDraw = True
31.0447 	EXP 	text_7: autoDraw = False
33.2728 	EXP 	Created unnamed TextStim = TextStim(__class__=<class 'psychopy.visual.text.TextStim'>, alignHoriz=method-wrapper(...), alignText='center', alignVert=method-wrapper(...), anchorHoriz='center', anchorVert='center', antialias=True, autoLog=True, bold=False, color=array([1., 1., 1.]), colorSpace='rgb', contrast=1.0, depth=0, flipHoriz=False, flipVert=False, font='', fontFiles=[], height=0.1, italic=False, languageStyle='LTR', name='unnamed TextStim', opacity=1.0, ori=0.0, pos=array([ 0. , -0.1]), rgb=UNKNOWN, text='Current trial correct?:[1.]', units='norm', win=Window(...), wrapWidth=1)
33.2752 	DATA 	Keypress: return
33.2755 	DATA 	Keypress: return
33.2758 	DATA 	Keypress: 1
33.2759 	DATA 	Keypress: return
33.2940 	EXP 	unnamed TextStim: autoDraw = True
33.3113 	EXP 	Created unnamed TextStim = TextStim(__class__=<class 'psychopy.visual.text.TextStim'>, alignHoriz=method-wrapper(...), alignText='center', alignVert=method-wrapper(...), anchorHoriz='center', anchorVert='center', antialias=True, autoLog=True, bold=False, color=array([1., 1., 1.]), colorSpace='rgb', contrast=1.0, depth=0, flipHoriz=False, flipVert=False, font='', fontFiles=[], height=0.1, italic=False, languageStyle='LTR', name='unnamed TextStim', opacity=1.0, ori=0.0, pos=array([0., 0.]), rgb=UNKNOWN, text='Current ROC AUC:-0.0', units='norm', win=Window(...), wrapWidth=1)
33.3275 	EXP 	unnamed TextStim: autoDraw = True
33.3442 	EXP 	unnamed TextStim: autoDraw = False
33.3446 	EXP 	Sound  started
33.3484 	EXP 	New trial (rep=0, index=1): {'TrialID_ME': 1.0, 'NFB_digit1_ME': 0.0, 'NFB_digit2_ME': 8.0, 'NFB_digit3_ME': 3.0, 'Speaker_trial_ME': 49.0, 'NV_trial_ME': 1.0, 'Triggered_trial_ME': 0.0, 'Jitter_trial_ME': 1.0}
33.3524 	EXP 	Sound  started
33.3600 	EXP 	disp_answer_ME: autoDraw = False
33.3600 	EXP 	text_7: autoDraw = False
33.3600 	EXP 	text_next_block_ME: text = ''
33.3600 	EXP 	text_next_block_ME: autoDraw = False
33.3600 	EXP 	Fixation_ME: autoDraw = True
35.4751 	EXP 	Sound sound_digit_1_ME started
35.4830 	EXP 	Fixation_ME: autoDraw = False
35.4830 	EXP 	text_2: text = 1
35.4830 	EXP 	text_2: autoDraw = True
35.9541 	EXP 	Sound sound_digit_1_ME reached end of file
36.4812 	EXP 	Created sequence: sequential, trialTypes=1, nReps=1, seed=None
36.4816 	EXP 	New trial (rep=0, index=0): None
36.4817 	EXP 	Sound  started
36.5025 	EXP 	text_2: autoDraw = False
36.5025 	EXP 	text_2: autoDraw = False
36.5025 	EXP 	text_7: text = 0
36.5025 	EXP 	disp_answer_ME: autoDraw = True
36.5025 	EXP 	text_7: autoDraw = True
37.3140 	EXP 	Created unnamed TextStim = TextStim(__class__=<class 'psychopy.visual.text.TextStim'>, alignHoriz=method-wrapper(...), alignText='center', alignVert=method-wrapper(...), anchorHoriz='center', anchorVert='center', antialias=True, autoLog=True, bold=False, color=array([1., 1., 1.]), colorSpace='rgb', contrast=1.0, depth=0, flipHoriz=False, flipVert=False, font='', fontFiles=[], height=0.1, italic=False, languageStyle='LTR', name='unnamed TextStim', opacity=1.0, ori=0.0, pos=array([ 0. , -0.1]), rgb=UNKNOWN, text='Current trial correct?:[1.]', units='norm', win=Window(...), wrapWidth=1)
37.3166 	DATA 	Keypress: 0
37.3168 	DATA 	Keypress: return
37.3269 	EXP 	unnamed TextStim: autoDraw = True
37.3320 	EXP 	Created unnamed TextStim = TextStim(__class__=<class 'psychopy.visual.text.TextStim'>, alignHoriz=method-wrapper(...), alignText='center', alignVert=method-wrapper(...), anchorHoriz='center', anchorVert='center', antialias=True, autoLog=True, bold=False, color=array([1., 1., 1.]), colorSpace='rgb', contrast=1.0, depth=0, flipHoriz=False, flipVert=False, font='', fontFiles=[], height=0.1, italic=False, languageStyle='LTR', name='unnamed TextStim', opacity=1.0, ori=0.0, pos=array([0., 0.]), rgb=UNKNOWN, text='Current ROC AUC:-0.0', units='norm', win=Window(...), wrapWidth=1)
37.3438 	EXP 	unnamed TextStim: autoDraw = True
37.3602 	EXP 	unnamed TextStim: autoDraw = False
37.3605 	EXP 	Sound  started
37.3620 	EXP 	New trial (rep=0, index=2): {'TrialID_ME': 2.0, 'NFB_digit1_ME': 4.0, 'NFB_digit2_ME': 9.0, 'NFB_digit3_ME': 2.0, 'Speaker_trial_ME': 7.0, 'NV_trial_ME': 1.0, 'Triggered_trial_ME': 1.0, 'Jitter_trial_ME': 0.0}
37.3662 	EXP 	Sound  started
37.3742 	EXP 	disp_answer_ME: autoDraw = False
37.3742 	EXP 	text_7: autoDraw = False
37.3742 	EXP 	text_next_block_ME: text = ''
37.3742 	EXP 	text_next_block_ME: autoDraw = False
37.3742 	EXP 	Fixation_ME: autoDraw = True
39.4491 	EXP 	Sound sound_digit_1_ME started
39.4578 	EXP 	Fixation_ME: autoDraw = False
39.4578 	EXP 	text_2: text = 2
39.4578 	EXP 	text_2: autoDraw = True
39.9279 	EXP 	Sound sound_digit_1_ME reached end of file
40.4469 	EXP 	Created sequence: sequential, trialTypes=1, nReps=1, seed=None
40.4473 	EXP 	New trial (rep=0, index=0): None
40.4475 	EXP 	Sound  started
40.4681 	EXP 	text_2: autoDraw = False
40.4681 	EXP 	text_2: autoDraw = False
40.4681 	EXP 	text_7: text = 0
40.4681 	EXP 	disp_answer_ME: autoDraw = True
40.4681 	EXP 	text_7: autoDraw = True
41.3973 	EXP 	Created unnamed TextStim = TextStim(__class__=<class 'psychopy.visual.text.TextStim'>, alignHoriz=method-wrapper(...), alignText='center', alignVert=method-wrapper(...), anchorHoriz='center', anchorVert='center', antialias=True, autoLog=True, bold=False, color=array([1., 1., 1.]), colorSpace='rgb', contrast=1.0, depth=0, flipHoriz=False, flipVert=False, font='', fontFiles=[], height=0.1, italic=False, languageStyle='LTR', name='unnamed TextStim', opacity=1.0, ori=0.0, pos=array([ 0. , -0.1]), rgb=UNKNOWN, text='Current trial correct?:[0.]', units='norm', win=Window(...), wrapWidth=1)
41.4007 	DATA 	Keypress: 3
41.4009 	DATA 	Keypress: return
41.4099 	EXP 	unnamed TextStim: autoDraw = True
41.4156 	EXP 	Created unnamed TextStim = TextStim(__class__=<class 'psychopy.visual.text.TextStim'>, alignHoriz=method-wrapper(...), alignText='center', alignVert=method-wrapper(...), anchorHoriz='center', anchorVert='center', antialias=True, autoLog=True, bold=False, color=array([1., 1., 1.]), colorSpace='rgb', contrast=1.0, depth=0, flipHoriz=False, flipVert=False, font='', fontFiles=[], height=0.1, italic=False, languageStyle='LTR', name='unnamed TextStim', opacity=1.0, ori=0.0, pos=array([0., 0.]), rgb=UNKNOWN, text='Current ROC AUC:-0.0', units='norm', win=Window(...), wrapWidth=1)
41.4269 	EXP 	unnamed TextStim: autoDraw = True
41.4439 	EXP 	unnamed TextStim: autoDraw = False
41.4442 	EXP 	Sound  started
41.4457 	EXP 	New trial (rep=0, index=3): {'TrialID_ME': 3.0, 'NFB_digit1_ME': 6.0, 'NFB_digit2_ME': 2.0, 'NFB_digit3_ME': 9.0, 'Speaker_trial_ME': 33.0, 'NV_trial_ME': 1.0, 'Triggered_trial_ME': 0.0, 'Jitter_trial_ME': -0.0}
41.4499 	EXP 	Sound  started
41.4584 	EXP 	disp_answer_ME: autoDraw = False
41.4584 	EXP 	text_7: autoDraw = False
41.4584 	EXP 	text_next_block_ME: text = ''
41.4584 	EXP 	text_next_block_ME: autoDraw = False
41.4584 	EXP 	Fixation_ME: autoDraw = True
43.5379 	EXP 	Sound sound_digit_1_ME started
43.5450 	EXP 	Fixation_ME: autoDraw = False
43.5450 	EXP 	text_2: text = 3
43.5450 	EXP 	text_2: autoDraw = True
44.0202 	EXP 	Sound sound_digit_1_ME reached end of file
44.5470 	EXP 	Created sequence: sequential, trialTypes=1, nReps=1, seed=None
44.5475 	EXP 	New trial (rep=0, index=0): None
44.5476 	EXP 	Sound  started
44.5654 	EXP 	text_2: autoDraw = False
44.5654 	EXP 	text_2: autoDraw = False
44.5654 	EXP 	text_7: text = 0
44.5654 	EXP 	disp_answer_ME: autoDraw = True
44.5654 	EXP 	text_7: autoDraw = True
45.4022 	EXP 	Created unnamed TextStim = TextStim(__class__=<class 'psychopy.visual.text.TextStim'>, alignHoriz=method-wrapper(...), alignText='center', alignVert=method-wrapper(...), anchorHoriz='center', anchorVert='center', antialias=True, autoLog=True, bold=False, color=array([1., 1., 1.]), colorSpace='rgb', contrast=1.0, depth=0, flipHoriz=False, flipVert=False, font='', fontFiles=[], height=0.1, italic=False, languageStyle='LTR', name='unnamed TextStim', opacity=1.0, ori=0.0, pos=array([ 0. , -0.1]), rgb=UNKNOWN, text='Current trial correct?:[0.]', units='norm', win=Window(...), wrapWidth=1)
45.4078 	DATA 	Keypress: 2
45.4081 	DATA 	Keypress: return
45.4275 	EXP 	unnamed TextStim: autoDraw = True
45.4354 	EXP 	Created unnamed TextStim = TextStim(__class__=<class 'psychopy.visual.text.TextStim'>, alignHoriz=method-wrapper(...), alignText='center', alignVert=method-wrapper(...), anchorHoriz='center', anchorVert='center', antialias=True, autoLog=True, bold=False, color=array([1., 1., 1.]), colorSpace='rgb', contrast=1.0, depth=0, flipHoriz=False, flipVert=False, font='', fontFiles=[], height=0.1, italic=False, languageStyle='LTR', name='unnamed TextStim', opacity=1.0, ori=0.0, pos=array([0., 0.]), rgb=UNKNOWN, text='Current ROC AUC:-0.0', units='norm', win=Window(...), wrapWidth=1)
45.4596 	EXP 	unnamed TextStim: autoDraw = True
45.4764 	EXP 	unnamed TextStim: autoDraw = False
45.4766 	EXP 	Sound  started
45.4777 	EXP 	New trial (rep=0, index=4): {'TrialID_ME': 4.0, 'NFB_digit1_ME': 5.0, 'NFB_digit2_ME': 2.0, 'NFB_digit3_ME': 4.0, 'Speaker_trial_ME': 7.0, 'NV_trial_ME': 1.0, 'Triggered_trial_ME': 1.0, 'Jitter_trial_ME': 0.0}
45.4808 	EXP 	Sound  started
45.4879 	EXP 	disp_answer_ME: autoDraw = False
45.4879 	EXP 	text_7: autoDraw = False
45.4879 	EXP 	text_next_block_ME: text = ''
45.4879 	EXP 	text_next_block_ME: autoDraw = False
45.4879 	EXP 	Fixation_ME: autoDraw = True
47.5751 	EXP 	Sound sound_digit_1_ME started
47.5842 	EXP 	Fixation_ME: autoDraw = False
47.5842 	EXP 	text_2: text = 4
47.5842 	EXP 	text_2: autoDraw = True
48.0543 	EXP 	Sound sound_digit_1_ME reached end of file
48.5797 	EXP 	Created sequence: sequential, trialTypes=1, nReps=1, seed=None
48.5801 	EXP 	New trial (rep=0, index=0): None
48.5802 	EXP 	Sound  started
48.5983 	EXP 	text_2: autoDraw = False
48.5983 	EXP 	text_2: autoDraw = False
48.5983 	EXP 	text_7: text = 0
48.5983 	EXP 	disp_answer_ME: autoDraw = True
48.5983 	EXP 	text_7: autoDraw = True
49.2129 	EXP 	Created unnamed TextStim = TextStim(__class__=<class 'psychopy.visual.text.TextStim'>, alignHoriz=method-wrapper(...), alignText='center', alignVert=method-wrapper(...), anchorHoriz='center', anchorVert='center', antialias=True, autoLog=True, bold=False, color=array([1., 1., 1.]), colorSpace='rgb', contrast=1.0, depth=0, flipHoriz=False, flipVert=False, font='', fontFiles=[], height=0.1, italic=False, languageStyle='LTR', name='unnamed TextStim', opacity=1.0, ori=0.0, pos=array([ 0. , -0.1]), rgb=UNKNOWN, text='Current trial correct?:[0.]', units='norm', win=Window(...), wrapWidth=1)
49.2177 	DATA 	Keypress: 2
49.2179 	DATA 	Keypress: return
49.2262 	EXP 	unnamed TextStim: autoDraw = True
49.2342 	EXP 	Created unnamed TextStim = TextStim(__class__=<class 'psychopy.visual.text.TextStim'>, alignHoriz=method-wrapper(...), alignText='center', alignVert=method-wrapper(...), anchorHoriz='center', anchorVert='center', antialias=True, autoLog=True, bold=False, color=array([1., 1., 1.]), colorSpace='rgb', contrast=1.0, depth=0, flipHoriz=False, flipVert=False, font='', fontFiles=[], height=0.1, italic=False, languageStyle='LTR', name='unnamed TextStim', opacity=1.0, ori=0.0, pos=array([0., 0.]), rgb=UNKNOWN, text='Current ROC AUC:0.333333', units='norm', win=Window(...), wrapWidth=1)
49.2424 	EXP 	unnamed TextStim: autoDraw = True
49.2594 	EXP 	unnamed TextStim: autoDraw = False
49.2597 	EXP 	Sound  started
49.2612 	EXP 	New trial (rep=0, index=5): {'TrialID_ME': 5.0, 'NFB_digit1_ME': 9.0, 'NFB_digit2_ME': 1.0, 'NFB_digit3_ME': 2.0, 'Speaker_trial_ME': 14.0, 'NV_trial_ME': 1.0, 'Triggered_trial_ME': 0.0, 'Jitter_trial_ME': -1.0}
49.2657 	EXP 	Sound  started
49.2746 	EXP 	disp_answer_ME: autoDraw = False
49.2746 	EXP 	text_7: autoDraw = False
49.2746 	EXP 	text_next_block_ME: text = ''
49.2746 	EXP 	text_next_block_ME: autoDraw = False
49.2746 	EXP 	Fixation_ME: autoDraw = True
51.3476 	EXP 	Sound sound_digit_1_ME started
51.3558 	EXP 	Fixation_ME: autoDraw = False
51.3558 	EXP 	text_2: text = 5
51.3558 	EXP 	text_2: autoDraw = True
51.8220 	EXP 	Sound sound_digit_1_ME reached end of file
52.3463 	EXP 	Created sequence: sequential, trialTypes=1, nReps=1, seed=None
52.3467 	EXP 	New trial (rep=0, index=0): None
52.3468 	EXP 	Sound  started
52.3658 	EXP 	text_2: autoDraw = False
52.3658 	EXP 	text_2: autoDraw = False
52.3658 	EXP 	text_7: text = 0
52.3658 	EXP 	disp_answer_ME: autoDraw = True
52.3658 	EXP 	text_7: autoDraw = True
53.2970 	EXP 	Created unnamed TextStim = TextStim(__class__=<class 'psychopy.visual.text.TextStim'>, alignHoriz=method-wrapper(...), alignText='center', alignVert=method-wrapper(...), anchorHoriz='center', anchorVert='center', antialias=True, autoLog=True, bold=False, color=array([1., 1., 1.]), colorSpace='rgb', contrast=1.0, depth=0, flipHoriz=False, flipVert=False, font='', fontFiles=[], height=0.1, italic=False, languageStyle='LTR', name='unnamed TextStim', opacity=1.0, ori=0.0, pos=array([ 0. , -0.1]), rgb=UNKNOWN, text='Current trial correct?:[0.]', units='norm', win=Window(...), wrapWidth=1)
53.3025 	DATA 	Keypress: 7
53.3026 	DATA 	Keypress: return
53.3093 	EXP 	unnamed TextStim: autoDraw = True
53.3204 	EXP 	Created unnamed TextStim = TextStim(__class__=<class 'psychopy.visual.text.TextStim'>, alignHoriz=method-wrapper(...), alignText='center', alignVert=method-wrapper(...), anchorHoriz='center', anchorVert='center', antialias=True, autoLog=True, bold=False, color=array([1., 1., 1.]), colorSpace='rgb', contrast=1.0, depth=0, flipHoriz=False, flipVert=False, font='', fontFiles=[], height=0.1, italic=False, languageStyle='LTR', name='unnamed TextStim', opacity=1.0, ori=0.0, pos=array([0., 0.]), rgb=UNKNOWN, text='Current ROC AUC:0.25', units='norm', win=Window(...), wrapWidth=1)
53.3428 	EXP 	unnamed TextStim: autoDraw = True
53.3602 	EXP 	unnamed TextStim: autoDraw = False
53.3605 	EXP 	Sound  started
53.3620 	EXP 	New trial (rep=0, index=6): {'TrialID_ME': 6.0, 'NFB_digit1_ME': 4.0, 'NFB_digit2_ME': 2.0, 'NFB_digit3_ME': 9.0, 'Speaker_trial_ME': 33.0, 'NV_trial_ME': 1.0, 'Triggered_trial_ME': 1.0, 'Jitter_trial_ME': 0.0}
53.3661 	EXP 	Sound  started
53.3740 	EXP 	disp_answer_ME: autoDraw = False
53.3740 	EXP 	text_7: autoDraw = False
53.3740 	EXP 	text_next_block_ME: text = ''
53.3740 	EXP 	text_next_block_ME: autoDraw = False
53.3740 	EXP 	Fixation_ME: autoDraw = True
55.4476 	EXP 	Sound sound_digit_1_ME started
55.4547 	EXP 	Fixation_ME: autoDraw = False
55.4547 	EXP 	text_2: text = 6
55.4547 	EXP 	text_2: autoDraw = True
55.9270 	EXP 	Sound sound_digit_1_ME reached end of file
56.4458 	EXP 	Created sequence: sequential, trialTypes=1, nReps=1, seed=None
56.4462 	EXP 	New trial (rep=0, index=0): None
56.4463 	EXP 	Sound  started
56.4652 	EXP 	text_2: autoDraw = False
56.4652 	EXP 	text_2: autoDraw = False
56.4652 	EXP 	text_7: text = 0
56.4652 	EXP 	disp_answer_ME: autoDraw = True
56.4652 	EXP 	text_7: autoDraw = True
57.1796 	EXP 	Created unnamed TextStim = TextStim(__class__=<class 'psychopy.visual.text.TextStim'>, alignHoriz=method-wrapper(...), alignText='center', alignVert=method-wrapper(...), anchorHoriz='center', anchorVert='center', antialias=True, autoLog=True, bold=False, color=array([1., 1., 1.]), colorSpace='rgb', contrast=1.0, depth=0, flipHoriz=False, flipVert=False, font='', fontFiles=[], height=0.1, italic=False, languageStyle='LTR', name='unnamed TextStim', opacity=1.0, ori=0.0, pos=array([ 0. , -0.1]), rgb=UNKNOWN, text='Current trial correct?:[0.]', units='norm', win=Window(...), wrapWidth=1)
57.1873 	DATA 	Keypress: 5
57.1875 	DATA 	Keypress: return
57.1920 	EXP 	unnamed TextStim: autoDraw = True
57.1996 	EXP 	Created unnamed TextStim = TextStim(__class__=<class 'psychopy.visual.text.TextStim'>, alignHoriz=method-wrapper(...), alignText='center', alignVert=method-wrapper(...), anchorHoriz='center', anchorVert='center', antialias=True, autoLog=True, bold=False, color=array([1., 1., 1.]), colorSpace='rgb', contrast=1.0, depth=0, flipHoriz=False, flipVert=False, font='', fontFiles=[], height=0.1, italic=False, languageStyle='LTR', name='unnamed TextStim', opacity=1.0, ori=0.0, pos=array([0., 0.]), rgb=UNKNOWN, text='Current ROC AUC:0.2', units='norm', win=Window(...), wrapWidth=1)
57.2253 	EXP 	unnamed TextStim: autoDraw = True
57.2439 	EXP 	unnamed TextStim: autoDraw = False
57.2442 	EXP 	Sound  started
57.2456 	EXP 	New trial (rep=0, index=7): {'TrialID_ME': 7.0, 'NFB_digit1_ME': 9.0, 'NFB_digit2_ME': 6.0, 'NFB_digit3_ME': 3.0, 'Speaker_trial_ME': 21.0, 'NV_trial_ME': 1.0, 'Triggered_trial_ME': 0.0, 'Jitter_trial_ME': -1.0}
57.2500 	EXP 	Sound  started
57.2580 	EXP 	disp_answer_ME: autoDraw = False
57.2580 	EXP 	text_7: autoDraw = False
57.2580 	EXP 	text_next_block_ME: text = ''
57.2580 	EXP 	text_next_block_ME: autoDraw = False
57.2580 	EXP 	Fixation_ME: autoDraw = True
59.3398 	EXP 	Sound sound_digit_1_ME started
59.3471 	EXP 	Fixation_ME: autoDraw = False
59.3471 	EXP 	text_2: text = 7
59.3471 	EXP 	text_2: autoDraw = True
59.8286 	EXP 	Sound sound_digit_1_ME reached end of file
60.3459 	EXP 	Created sequence: sequential, trialTypes=1, nReps=1, seed=None
60.3464 	EXP 	New trial (rep=0, index=0): None
60.3465 	EXP 	Sound  started
60.3639 	EXP 	text_2: autoDraw = False
60.3639 	EXP 	text_2: autoDraw = False
60.3639 	EXP 	text_7: text = 0
60.3639 	EXP 	disp_answer_ME: autoDraw = True
60.3639 	EXP 	text_7: autoDraw = True
61.2125 	EXP 	Created unnamed TextStim = TextStim(__class__=<class 'psychopy.visual.text.TextStim'>, alignHoriz=method-wrapper(...), alignText='center', alignVert=method-wrapper(...), anchorHoriz='center', anchorVert='center', antialias=True, autoLog=True, bold=False, color=array([1., 1., 1.]), colorSpace='rgb', contrast=1.0, depth=0, flipHoriz=False, flipVert=False, font='', fontFiles=[], height=0.1, italic=False, languageStyle='LTR', name='unnamed TextStim', opacity=1.0, ori=0.0, pos=array([ 0. , -0.1]), rgb=UNKNOWN, text='Current trial correct?:[0.]', units='norm', win=Window(...), wrapWidth=1)
61.2199 	DATA 	Keypress: 4
61.2200 	DATA 	Keypress: return
61.2248 	EXP 	unnamed TextStim: autoDraw = True
61.2333 	EXP 	Created unnamed TextStim = TextStim(__class__=<class 'psychopy.visual.text.TextStim'>, alignHoriz=method-wrapper(...), alignText='center', alignVert=method-wrapper(...), anchorHoriz='center', anchorVert='center', antialias=True, autoLog=True, bold=False, color=array([1., 1., 1.]), colorSpace='rgb', contrast=1.0, depth=0, flipHoriz=False, flipVert=False, font='', fontFiles=[], height=0.1, italic=False, languageStyle='LTR', name='unnamed TextStim', opacity=1.0, ori=0.0, pos=array([0., 0.]), rgb=UNKNOWN, text='Current ROC AUC:0.166667', units='norm', win=Window(...), wrapWidth=1)
61.2584 	EXP 	unnamed TextStim: autoDraw = True
61.2758 	EXP 	unnamed TextStim: autoDraw = False
61.2761 	EXP 	Sound  started
61.2775 	EXP 	New trial (rep=0, index=8): {'TrialID_ME': 8.0, 'NFB_digit1_ME': 1.0, 'NFB_digit2_ME': 5.0, 'NFB_digit3_ME': 9.0, 'Speaker_trial_ME': 13.0, 'NV_trial_ME': 1.0, 'Triggered_trial_ME': 1.0, 'Jitter_trial_ME': 0.0}
61.2817 	EXP 	Sound  started
61.2901 	EXP 	disp_answer_ME: autoDraw = False
61.2901 	EXP 	text_7: autoDraw = False
61.2901 	EXP 	text_next_block_ME: text = ''
61.2901 	EXP 	text_next_block_ME: autoDraw = False
61.2901 	EXP 	Fixation_ME: autoDraw = True
63.3767 	EXP 	Sound sound_digit_1_ME started
63.3851 	EXP 	Fixation_ME: autoDraw = False
63.3851 	EXP 	text_2: text = 8
63.3851 	EXP 	text_2: autoDraw = True
63.8572 	EXP 	Sound sound_digit_1_ME reached end of file
64.3791 	EXP 	Created sequence: sequential, trialTypes=1, nReps=1, seed=None
64.3795 	EXP 	New trial (rep=0, index=0): None
64.3796 	EXP 	Sound  started
64.3984 	EXP 	text_2: autoDraw = False
64.3984 	EXP 	text_2: autoDraw = False
64.3984 	EXP 	text_7: text = 0
64.3984 	EXP 	disp_answer_ME: autoDraw = True
64.3984 	EXP 	text_7: autoDraw = True
65.0607 	EXP 	Created unnamed TextStim = TextStim(__class__=<class 'psychopy.visual.text.TextStim'>, alignHoriz=method-wrapper(...), alignText='center', alignVert=method-wrapper(...), anchorHoriz='center', anchorVert='center', antialias=True, autoLog=True, bold=False, color=array([1., 1., 1.]), colorSpace='rgb', contrast=1.0, depth=0, flipHoriz=False, flipVert=False, font='', fontFiles=[], height=0.1, italic=False, languageStyle='LTR', name='unnamed TextStim', opacity=1.0, ori=0.0, pos=array([ 0. , -0.1]), rgb=UNKNOWN, text='Current trial correct?:[1.]', units='norm', win=Window(...), wrapWidth=1)
65.0683 	DATA 	Keypress: 1
65.0688 	DATA 	Keypress: return
65.0747 	EXP 	unnamed TextStim: autoDraw = True
65.0805 	EXP 	Created unnamed TextStim = TextStim(__class__=<class 'psychopy.visual.text.TextStim'>, alignHoriz=method-wrapper(...), alignText='center', alignVert=method-wrapper(...), anchorHoriz='center', anchorVert='center', antialias=True, autoLog=True, bold=False, color=array([1., 1., 1.]), colorSpace='rgb', contrast=1.0, depth=0, flipHoriz=False, flipVert=False, font='', fontFiles=[], height=0.1, italic=False, languageStyle='LTR', name='unnamed TextStim', opacity=1.0, ori=0.0, pos=array([0., 0.]), rgb=UNKNOWN, text='Current ROC AUC:0.333333', units='norm', win=Window(...), wrapWidth=1)
65.0915 	EXP 	unnamed TextStim: autoDraw = True
65.1086 	EXP 	unnamed TextStim: autoDraw = False
65.1088 	EXP 	Sound  started
65.1103 	EXP 	New trial (rep=0, index=9): {'TrialID_ME': 9.0, 'NFB_digit1_ME': 0.0, 'NFB_digit2_ME': 6.0, 'NFB_digit3_ME': 5.0, 'Speaker_trial_ME': 21.0, 'NV_trial_ME': 1.0, 'Triggered_trial_ME': 0.0, 'Jitter_trial_ME': 2.0}
65.1147 	EXP 	Sound  started
65.1244 	EXP 	disp_answer_ME: autoDraw = False
65.1244 	EXP 	text_7: autoDraw = False
65.1244 	EXP 	text_next_block_ME: text = ''
65.1244 	EXP 	text_next_block_ME: autoDraw = False
65.1244 	EXP 	Fixation_ME: autoDraw = True
67.2259 	EXP 	Sound sound_digit_1_ME started
67.2328 	EXP 	Fixation_ME: autoDraw = False
67.2328 	EXP 	text_2: text = 9
67.2328 	EXP 	text_2: autoDraw = True
67.7028 	EXP 	Sound sound_digit_1_ME reached end of file
68.2281 	EXP 	Created sequence: sequential, trialTypes=1, nReps=1, seed=None
68.2285 	EXP 	New trial (rep=0, index=0): None
68.2286 	EXP 	Sound  started
68.2492 	EXP 	text_2: autoDraw = False
68.2492 	EXP 	text_2: autoDraw = False
68.2492 	EXP 	text_7: text = 0
68.2492 	EXP 	disp_answer_ME: autoDraw = True
68.2492 	EXP 	text_7: autoDraw = True
69.2583 	EXP 	text_7: autoDraw = False
69.2951 	EXP 	Created unnamed TextStim = TextStim(__class__=<class 'psychopy.visual.text.TextStim'>, alignHoriz=method-wrapper(...), alignText='center', alignVert=method-wrapper(...), anchorHoriz='center', anchorVert='center', antialias=True, autoLog=True, bold=False, color=array([1., 1., 1.]), colorSpace='rgb', contrast=1.0, depth=0, flipHoriz=False, flipVert=False, font='', fontFiles=[], height=0.1, italic=False, languageStyle='LTR', name='unnamed TextStim', opacity=1.0, ori=0.0, pos=array([ 0. , -0.1]), rgb=UNKNOWN, text='Current trial correct?:[1.]', units='norm', win=Window(...), wrapWidth=1)
69.3063 	DATA 	Keypress: 0
69.3067 	DATA 	Keypress: return
69.3249 	EXP 	unnamed TextStim: autoDraw = True
69.3359 	EXP 	Created unnamed TextStim = TextStim(__class__=<class 'psychopy.visual.text.TextStim'>, alignHoriz=method-wrapper(...), alignText='center', alignVert=method-wrapper(...), anchorHoriz='center', anchorVert='center', antialias=True, autoLog=True, bold=False, color=array([1., 1., 1.]), colorSpace='rgb', contrast=1.0, depth=0, flipHoriz=False, flipVert=False, font='', fontFiles=[], height=0.1, italic=False, languageStyle='LTR', name='unnamed TextStim', opacity=1.0, ori=0.0, pos=array([0., 0.]), rgb=UNKNOWN, text='Current ROC AUC:0.291667', units='norm', win=Window(...), wrapWidth=1)
69.3581 	EXP 	unnamed TextStim: autoDraw = True
69.3747 	EXP 	unnamed TextStim: autoDraw = False
69.3750 	EXP 	Sound  started
69.3764 	EXP 	New trial (rep=0, index=10): {'TrialID_ME': 10.0, 'NFB_digit1_ME': 4.0, 'NFB_digit2_ME': 2.0, 'NFB_digit3_ME': 1.0, 'Speaker_trial_ME': 33.0, 'NV_trial_ME': 1.0, 'Triggered_trial_ME': 1.0, 'Jitter_trial_ME': 0.0}
69.3804 	EXP 	Sound  started
69.3886 	EXP 	disp_answer_ME: autoDraw = False
69.3886 	EXP 	text_7: autoDraw = False
69.3886 	EXP 	text_next_block_ME: text = ''
69.3886 	EXP 	text_next_block_ME: autoDraw = False
69.3886 	EXP 	Fixation_ME: autoDraw = True
71.5018 	EXP 	Sound sound_digit_1_ME started
71.5113 	EXP 	Fixation_ME: autoDraw = False
71.5113 	EXP 	text_2: text = 10
71.5113 	EXP 	text_2: autoDraw = True
71.9726 	EXP 	Sound sound_digit_1_ME reached end of file
72.5111 	EXP 	Created sequence: sequential, trialTypes=1, nReps=1, seed=None
72.5115 	EXP 	New trial (rep=0, index=0): None
72.5116 	EXP 	Sound  started
72.5308 	EXP 	text_2: autoDraw = False
72.5308 	EXP 	text_2: autoDraw = False
72.5308 	EXP 	text_7: text = 0
72.5308 	EXP 	disp_answer_ME: autoDraw = True
72.5308 	EXP 	text_7: autoDraw = True
73.1770 	EXP 	Created unnamed TextStim = TextStim(__class__=<class 'psychopy.visual.text.TextStim'>, alignHoriz=method-wrapper(...), alignText='center', alignVert=method-wrapper(...), anchorHoriz='center', anchorVert='center', antialias=True, autoLog=True, bold=False, color=array([1., 1., 1.]), colorSpace='rgb', contrast=1.0, depth=0, flipHoriz=False, flipVert=False, font='', fontFiles=[], height=0.1, italic=False, languageStyle='LTR', name='unnamed TextStim', opacity=1.0, ori=0.0, pos=array([ 0. , -0.1]), rgb=UNKNOWN, text='Current trial correct?:[0.]', units='norm', win=Window(...), wrapWidth=1)
73.1867 	DATA 	Keypress: 5
73.1869 	DATA 	Keypress: return
73.1909 	EXP 	unnamed TextStim: autoDraw = True
73.1982 	EXP 	Created unnamed TextStim = TextStim(__class__=<class 'psychopy.visual.text.TextStim'>, alignHoriz=method-wrapper(...), alignText='center', alignVert=method-wrapper(...), anchorHoriz='center', anchorVert='center', antialias=True, autoLog=True, bold=False, color=array([1., 1., 1.]), colorSpace='rgb', contrast=1.0, depth=0, flipHoriz=False, flipVert=False, font='', fontFiles=[], height=0.1, italic=False, languageStyle='LTR', name='unnamed TextStim', opacity=1.0, ori=0.0, pos=array([0., 0.]), rgb=UNKNOWN, text='Current ROC AUC:0.267857', units='norm', win=Window(...), wrapWidth=1)
73.2235 	EXP 	unnamed TextStim: autoDraw = True
73.2410 	EXP 	unnamed TextStim: autoDraw = False
73.2413 	EXP 	Sound  started
73.2425 	EXP 	New trial (rep=0, index=11): {'TrialID_ME': 11.0, 'NFB_digit1_ME': 0.0, 'NFB_digit2_ME': 5.0, 'NFB_digit3_ME': 9.0, 'Speaker_trial_ME': 48.0, 'NV_trial_ME': 1.0, 'Triggered_trial_ME': 0.0, 'Jitter_trial_ME': 2.0}
73.2465 	EXP 	Sound  started
73.2553 	EXP 	disp_answer_ME: autoDraw = False
73.2553 	EXP 	text_7: autoDraw = False
73.2553 	EXP 	text_next_block_ME: text = ''
73.2553 	EXP 	text_next_block_ME: autoDraw = False
73.2553 	EXP 	Fixation_ME: autoDraw = True
75.3460 	EXP 	Sound sound_digit_1_ME started
75.3540 	EXP 	Fixation_ME: autoDraw = False
75.3540 	EXP 	text_2: text = 11
75.3540 	EXP 	text_2: autoDraw = True
75.8231 	EXP 	Sound sound_digit_1_ME reached end of file
76.3454 	EXP 	Created sequence: sequential, trialTypes=1, nReps=1, seed=None
76.3459 	EXP 	New trial (rep=0, index=0): None
76.3461 	EXP 	Sound  started
76.3689 	EXP 	text_2: autoDraw = False
76.3689 	EXP 	text_2: autoDraw = False
76.3689 	EXP 	text_7: text = 0
76.3689 	EXP 	disp_answer_ME: autoDraw = True
76.3689 	EXP 	text_7: autoDraw = True
77.0963 	EXP 	Created unnamed TextStim = TextStim(__class__=<class 'psychopy.visual.text.TextStim'>, alignHoriz=method-wrapper(...), alignText='center', alignVert=method-wrapper(...), anchorHoriz='center', anchorVert='center', antialias=True, autoLog=True, bold=False, color=array([1., 1., 1.]), colorSpace='rgb', contrast=1.0, depth=0, flipHoriz=False, flipVert=False, font='', fontFiles=[], height=0.1, italic=False, languageStyle='LTR', name='unnamed TextStim', opacity=1.0, ori=0.0, pos=array([ 0. , -0.1]), rgb=UNKNOWN, text='Current trial correct?:[0.]', units='norm', win=Window(...), wrapWidth=1)
77.1072 	DATA 	Keypress: 6
77.1075 	DATA 	Keypress: return
77.1240 	EXP 	unnamed TextStim: autoDraw = True
77.1325 	EXP 	Created unnamed TextStim = TextStim(__class__=<class 'psychopy.visual.text.TextStim'>, alignHoriz=method-wrapper(...), alignText='center', alignVert=method-wrapper(...), anchorHoriz='center', anchorVert='center', antialias=True, autoLog=True, bold=False, color=array([1., 1., 1.]), colorSpace='rgb', contrast=1.0, depth=0, flipHoriz=False, flipVert=False, font='', fontFiles=[], height=0.1, italic=False, languageStyle='LTR', name='unnamed TextStim', opacity=1.0, ori=0.0, pos=array([0., 0.]), rgb=UNKNOWN, text='Current ROC AUC:0.359375', units='norm', win=Window(...), wrapWidth=1)
77.1578 	EXP 	unnamed TextStim: autoDraw = True
77.1735 	EXP 	unnamed TextStim: autoDraw = False
77.1737 	EXP 	Sound  started
77.1747 	EXP 	New trial (rep=0, index=12): {'TrialID_ME': 12.0, 'NFB_digit1_ME': 0.0, 'NFB_digit2_ME': 4.0, 'NFB_digit3_ME': 3.0, 'Speaker_trial_ME': 61.0, 'NV_trial_ME': 1.0, 'Triggered_trial_ME': 1.0, 'Jitter_trial_ME': 0.0}
77.1776 	EXP 	Sound  started
77.1842 	EXP 	disp_answer_ME: autoDraw = False
77.1842 	EXP 	text_7: autoDraw = False
77.1842 	EXP 	text_next_block_ME: text = ''
77.1842 	EXP 	text_next_block_ME: autoDraw = False
77.1842 	EXP 	Fixation_ME: autoDraw = True
79.2465 	EXP 	Sound sound_digit_1_ME started
79.2548 	EXP 	Fixation_ME: autoDraw = False
79.2548 	EXP 	text_2: text = 12
79.2548 	EXP 	text_2: autoDraw = True
79.7375 	EXP 	Sound sound_digit_1_ME reached end of file
80.2446 	EXP 	Created sequence: sequential, trialTypes=1, nReps=1, seed=None
80.2450 	EXP 	New trial (rep=0, index=0): None
80.2451 	EXP 	Sound  started
80.2631 	EXP 	text_2: autoDraw = False
80.2631 	EXP 	text_2: autoDraw = False
80.2631 	EXP 	text_7: text = 0
80.2631 	EXP 	disp_answer_ME: autoDraw = True
80.2631 	EXP 	text_7: autoDraw = True
80.7951 	EXP 	Created unnamed TextStim = TextStim(__class__=<class 'psychopy.visual.text.TextStim'>, alignHoriz=method-wrapper(...), alignText='center', alignVert=method-wrapper(...), anchorHoriz='center', anchorVert='center', antialias=True, autoLog=True, bold=False, color=array([1., 1., 1.]), colorSpace='rgb', contrast=1.0, depth=0, flipHoriz=False, flipVert=False, font='', fontFiles=[], height=0.1, italic=False, languageStyle='LTR', name='unnamed TextStim', opacity=1.0, ori=0.0, pos=array([ 0. , -0.1]), rgb=UNKNOWN, text='Current trial correct?:[0.]', units='norm', win=Window(...), wrapWidth=1)
80.8092 	DATA 	Keypress: 3
80.8094 	DATA 	Keypress: return
80.8238 	EXP 	unnamed TextStim: autoDraw = True
80.8297 	EXP 	Created unnamed TextStim = TextStim(__class__=<class 'psychopy.visual.text.TextStim'>, alignHoriz=method-wrapper(...), alignText='center', alignVert=method-wrapper(...), anchorHoriz='center', anchorVert='center', antialias=True, autoLog=True, bold=False, color=array([1., 1., 1.]), colorSpace='rgb', contrast=1.0, depth=0, flipHoriz=False, flipVert=False, font='', fontFiles=[], height=0.1, italic=False, languageStyle='LTR', name='unnamed TextStim', opacity=1.0, ori=0.0, pos=array([0., 0.]), rgb=UNKNOWN, text='Current ROC AUC:0.333333', units='norm', win=Window(...), wrapWidth=1)
80.8411 	EXP 	unnamed TextStim: autoDraw = True
80.8564 	EXP 	unnamed TextStim: autoDraw = False
80.8566 	EXP 	Sound  started
80.8573 	EXP 	New trial (rep=0, index=13): {'TrialID_ME': 13.0, 'NFB_digit1_ME': 4.0, 'NFB_digit2_ME': 9.0, 'NFB_digit3_ME': 0.0, 'Speaker_trial_ME': 7.0, 'NV_trial_ME': 1.0, 'Triggered_trial_ME': 0.0, 'Jitter_trial_ME': 2.0}
80.8592 	EXP 	Sound  started
80.8655 	EXP 	disp_answer_ME: autoDraw = False
80.8655 	EXP 	text_7: autoDraw = False
80.8655 	EXP 	text_next_block_ME: text = ''
80.8655 	EXP 	text_next_block_ME: autoDraw = False
80.8655 	EXP 	Fixation_ME: autoDraw = True
82.9560 	EXP 	Sound sound_digit_1_ME started
82.9627 	EXP 	Fixation_ME: autoDraw = False
82.9627 	EXP 	text_2: text = 13
82.9627 	EXP 	text_2: autoDraw = True
83.4385 	EXP 	Sound sound_digit_1_ME reached end of file
83.9602 	EXP 	Created sequence: sequential, trialTypes=1, nReps=1, seed=None
83.9606 	EXP 	New trial (rep=0, index=0): None
83.9607 	EXP 	Sound  started
83.9790 	EXP 	text_2: autoDraw = False
83.9790 	EXP 	text_2: autoDraw = False
83.9790 	EXP 	text_7: text = 0
83.9790 	EXP 	disp_answer_ME: autoDraw = True
83.9790 	EXP 	text_7: autoDraw = True
84.9439 	EXP 	Created unnamed TextStim = TextStim(__class__=<class 'psychopy.visual.text.TextStim'>, alignHoriz=method-wrapper(...), alignText='center', alignVert=method-wrapper(...), anchorHoriz='center', anchorVert='center', antialias=True, autoLog=True, bold=False, color=array([1., 1., 1.]), colorSpace='rgb', contrast=1.0, depth=0, flipHoriz=False, flipVert=False, font='', fontFiles=[], height=0.1, italic=False, languageStyle='LTR', name='unnamed TextStim', opacity=1.0, ori=0.0, pos=array([ 0. , -0.1]), rgb=UNKNOWN, text='Current trial correct?:[0.]', units='norm', win=Window(...), wrapWidth=1)
84.9545 	DATA 	Keypress: 1
84.9546 	DATA 	Keypress: return
84.9737 	EXP 	unnamed TextStim: autoDraw = True
84.9826 	EXP 	Created unnamed TextStim = TextStim(__class__=<class 'psychopy.visual.text.TextStim'>, alignHoriz=method-wrapper(...), alignText='center', alignVert=method-wrapper(...), anchorHoriz='center', anchorVert='center', antialias=True, autoLog=True, bold=False, color=array([1., 1., 1.]), colorSpace='rgb', contrast=1.0, depth=0, flipHoriz=False, flipVert=False, font='', fontFiles=[], height=0.1, italic=False, languageStyle='LTR', name='unnamed TextStim', opacity=1.0, ori=0.0, pos=array([0., 0.]), rgb=UNKNOWN, text='Current ROC AUC:0.3125', units='norm', win=Window(...), wrapWidth=1)
85.0067 	EXP 	unnamed TextStim: autoDraw = True
85.0230 	EXP 	unnamed TextStim: autoDraw = False
85.0233 	EXP 	Sound  started
85.0241 	EXP 	New trial (rep=0, index=14): {'TrialID_ME': 14.0, 'NFB_digit1_ME': 0.0, 'NFB_digit2_ME': 8.0, 'NFB_digit3_ME': 5.0, 'Speaker_trial_ME': 48.0, 'NV_trial_ME': 1.0, 'Triggered_trial_ME': 1.0, 'Jitter_trial_ME': 0.0}
85.0264 	EXP 	Sound  started
85.0349 	EXP 	disp_answer_ME: autoDraw = False
85.0349 	EXP 	text_7: autoDraw = False
85.0349 	EXP 	text_next_block_ME: text = ''
85.0349 	EXP 	text_next_block_ME: autoDraw = False
85.0349 	EXP 	Fixation_ME: autoDraw = True
87.1206 	EXP 	Sound sound_digit_1_ME started
87.1280 	EXP 	Fixation_ME: autoDraw = False
87.1280 	EXP 	text_2: text = 14
87.1280 	EXP 	text_2: autoDraw = True
87.6072 	EXP 	Sound sound_digit_1_ME reached end of file
88.1269 	EXP 	Created sequence: sequential, trialTypes=1, nReps=1, seed=None
88.1273 	EXP 	New trial (rep=0, index=0): None
88.1274 	EXP 	Sound  started
88.1468 	EXP 	text_2: autoDraw = False
88.1468 	EXP 	text_2: autoDraw = False
88.1468 	EXP 	text_7: text = 0
88.1468 	EXP 	disp_answer_ME: autoDraw = True
88.1468 	EXP 	text_7: autoDraw = True
89.1568 	EXP 	text_7: autoDraw = False
89.1768 	EXP 	Created unnamed TextStim = TextStim(__class__=<class 'psychopy.visual.text.TextStim'>, alignHoriz=method-wrapper(...), alignText='center', alignVert=method-wrapper(...), anchorHoriz='center', anchorVert='center', antialias=True, autoLog=True, bold=False, color=array([1., 1., 1.]), colorSpace='rgb', contrast=1.0, depth=0, flipHoriz=False, flipVert=False, font='', fontFiles=[], height=0.1, italic=False, languageStyle='LTR', name='unnamed TextStim', opacity=1.0, ori=0.0, pos=array([ 0. , -0.1]), rgb=UNKNOWN, text='Current trial correct?:[0.]', units='norm', win=Window(...), wrapWidth=1)
89.1892 	DATA 	Keypress: 2
89.1893 	DATA 	Keypress: return
89.2070 	EXP 	unnamed TextStim: autoDraw = True
89.2167 	EXP 	Created unnamed TextStim = TextStim(__class__=<class 'psychopy.visual.text.TextStim'>, alignHoriz=method-wrapper(...), alignText='center', alignVert=method-wrapper(...), anchorHoriz='center', anchorVert='center', antialias=True, autoLog=True, bold=False, color=array([1., 1., 1.]), colorSpace='rgb', contrast=1.0, depth=0, flipHoriz=False, flipVert=False, font='', fontFiles=[], height=0.1, italic=False, languageStyle='LTR', name='unnamed TextStim', opacity=1.0, ori=0.0, pos=array([0., 0.]), rgb=UNKNOWN, text='Current ROC AUC:0.295455', units='norm', win=Window(...), wrapWidth=1)
89.2399 	EXP 	unnamed TextStim: autoDraw = True
89.2731 	EXP 	unnamed TextStim: autoDraw = False
89.2734 	EXP 	Sound  started
89.2750 	EXP 	New trial (rep=0, index=15): {'TrialID_ME': 15.0, 'NFB_digit1_ME': 8.0, 'NFB_digit2_ME': 9.0, 'NFB_digit3_ME': 2.0, 'Speaker_trial_ME': 48.0, 'NV_trial_ME': 1.0, 'Triggered_trial_ME': 0.0, 'Jitter_trial_ME': -0.0}
89.2783 	EXP 	Sound  started
89.2851 	EXP 	disp_answer_ME: autoDraw = False
89.2851 	EXP 	text_7: autoDraw = False
89.2851 	EXP 	text_next_block_ME: text = ''
89.2851 	EXP 	text_next_block_ME: autoDraw = False
89.2851 	EXP 	Fixation_ME: autoDraw = True
91.3421 	EXP 	Sound sound_digit_1_ME started
91.3488 	EXP 	Fixation_ME: autoDraw = False
91.3488 	EXP 	text_2: text = 15
91.3488 	EXP 	text_2: autoDraw = True
91.8270 	EXP 	Sound sound_digit_1_ME reached end of file
92.3428 	EXP 	Created sequence: sequential, trialTypes=1, nReps=1, seed=None
92.3431 	EXP 	New trial (rep=0, index=0): None
92.3432 	EXP 	Sound  started
92.3577 	EXP 	text_2: autoDraw = False
92.3577 	EXP 	text_2: autoDraw = False
92.3577 	EXP 	text_7: text = 0
92.3577 	EXP 	disp_answer_ME: autoDraw = True
92.3577 	EXP 	text_7: autoDraw = True
93.0589 	EXP 	Created unnamed TextStim = TextStim(__class__=<class 'psychopy.visual.text.TextStim'>, alignHoriz=method-wrapper(...), alignText='center', alignVert=method-wrapper(...), anchorHoriz='center', anchorVert='center', antialias=True, autoLog=True, bold=False, color=array([1., 1., 1.]), colorSpace='rgb', contrast=1.0, depth=0, flipHoriz=False, flipVert=False, font='', fontFiles=[], height=0.1, italic=False, languageStyle='LTR', name='unnamed TextStim', opacity=1.0, ori=0.0, pos=array([ 0. , -0.1]), rgb=UNKNOWN, text='Current trial correct?:[0.]', units='norm', win=Window(...), wrapWidth=1)
93.0745 	DATA 	Keypress: 6
93.0747 	DATA 	Keypress: return
93.0748 	DATA 	Keypress: 6
93.0750 	DATA 	Keypress: return
93.0895 	EXP 	unnamed TextStim: autoDraw = True
93.0959 	EXP 	Created unnamed TextStim = TextStim(__class__=<class 'psychopy.visual.text.TextStim'>, alignHoriz=method-wrapper(...), alignText='center', alignVert=method-wrapper(...), anchorHoriz='center', anchorVert='center', antialias=True, autoLog=True, bold=False, color=array([1., 1., 1.]), colorSpace='rgb', contrast=1.0, depth=0, flipHoriz=False, flipVert=False, font='', fontFiles=[], height=0.1, italic=False, languageStyle='LTR', name='unnamed TextStim', opacity=1.0, ori=0.0, pos=array([0., 0.]), rgb=UNKNOWN, text='Current ROC AUC:0.354167', units='norm', win=Window(...), wrapWidth=1)
93.1224 	EXP 	unnamed TextStim: autoDraw = True
93.1584 	EXP 	unnamed TextStim: autoDraw = False
93.1587 	EXP 	Sound  started
93.1602 	EXP 	New trial (rep=0, index=16): {'TrialID_ME': 16.0, 'NFB_digit1_ME': 1.0, 'NFB_digit2_ME': 0.0, 'NFB_digit3_ME': 8.0, 'Speaker_trial_ME': 10.0, 'NV_trial_ME': 1.0, 'Triggered_trial_ME': 1.0, 'Jitter_trial_ME': 0.0}
93.1646 	EXP 	Sound  started
93.1734 	EXP 	disp_answer_ME: autoDraw = False
93.1734 	EXP 	text_7: autoDraw = False
93.1734 	EXP 	text_next_block_ME: text = ''
93.1734 	EXP 	text_next_block_ME: autoDraw = False
93.1734 	EXP 	Fixation_ME: autoDraw = True
95.2474 	EXP 	Sound sound_digit_1_ME started
95.2559 	EXP 	Fixation_ME: autoDraw = False
95.2559 	EXP 	text_2: text = 16
95.2559 	EXP 	text_2: autoDraw = True
95.7296 	EXP 	Sound sound_digit_1_ME reached end of file
96.2429 	EXP 	Created sequence: sequential, trialTypes=1, nReps=1, seed=None
96.2433 	EXP 	New trial (rep=0, index=0): None
96.2435 	EXP 	Sound  started
96.2626 	EXP 	text_2: autoDraw = False
96.2626 	EXP 	text_2: autoDraw = False
96.2626 	EXP 	text_7: text = 0
96.2626 	EXP 	disp_answer_ME: autoDraw = True
96.2626 	EXP 	text_7: autoDraw = True
96.9771 	EXP 	Created unnamed TextStim = TextStim(__class__=<class 'psychopy.visual.text.TextStim'>, alignHoriz=method-wrapper(...), alignText='center', alignVert=method-wrapper(...), anchorHoriz='center', anchorVert='center', antialias=True, autoLog=True, bold=False, color=array([1., 1., 1.]), colorSpace='rgb', contrast=1.0, depth=0, flipHoriz=False, flipVert=False, font='', fontFiles=[], height=0.1, italic=False, languageStyle='LTR', name='unnamed TextStim', opacity=1.0, ori=0.0, pos=array([ 0. , -0.1]), rgb=UNKNOWN, text='Current trial correct?:[1.]', units='norm', win=Window(...), wrapWidth=1)
96.9947 	DATA 	Keypress: 1
96.9948 	DATA 	Keypress: 1
96.9950 	DATA 	Keypress: return
97.0053 	EXP 	unnamed TextStim: autoDraw = True
97.0101 	EXP 	Created unnamed TextStim = TextStim(__class__=<class 'psychopy.visual.text.TextStim'>, alignHoriz=method-wrapper(...), alignText='center', alignVert=method-wrapper(...), anchorHoriz='center', anchorVert='center', antialias=True, autoLog=True, bold=False, color=array([1., 1., 1.]), colorSpace='rgb', contrast=1.0, depth=0, flipHoriz=False, flipVert=False, font='', fontFiles=[], height=0.1, italic=False, languageStyle='LTR', name='unnamed TextStim', opacity=1.0, ori=0.0, pos=array([0., 0.]), rgb=UNKNOWN, text='Current ROC AUC:0.3', units='norm', win=Window(...), wrapWidth=1)
97.0386 	EXP 	unnamed TextStim: autoDraw = True
97.0553 	EXP 	unnamed TextStim: autoDraw = False
97.0555 	EXP 	Sound  started
97.0564 	EXP 	New trial (rep=0, index=17): {'TrialID_ME': 17.0, 'NFB_digit1_ME': 9.0, 'NFB_digit2_ME': 5.0, 'NFB_digit3_ME': 0.0, 'Speaker_trial_ME': 48.0, 'NV_trial_ME': 1.0, 'Triggered_trial_ME': 0.0, 'Jitter_trial_ME': -1.0}
97.0588 	EXP 	Sound  started
97.0660 	EXP 	disp_answer_ME: autoDraw = False
97.0660 	EXP 	text_7: autoDraw = False
97.0660 	EXP 	text_next_block_ME: text = ''
97.0660 	EXP 	text_next_block_ME: autoDraw = False
97.0660 	EXP 	Fixation_ME: autoDraw = True
99.1505 	EXP 	Sound sound_digit_1_ME started
99.1579 	EXP 	Fixation_ME: autoDraw = False
99.1579 	EXP 	text_2: text = 17
99.1579 	EXP 	text_2: autoDraw = True
99.6326 	EXP 	Sound sound_digit_1_ME reached end of file
100.1597 	EXP 	Created sequence: sequential, trialTypes=1, nReps=1, seed=None
100.1602 	EXP 	New trial (rep=0, index=0): None
100.1603 	EXP 	Sound  started
100.1832 	EXP 	text_2: autoDraw = False
100.1832 	EXP 	text_2: autoDraw = False
100.1832 	EXP 	text_7: text = 0
100.1832 	EXP 	disp_answer_ME: autoDraw = True
100.1832 	EXP 	text_7: autoDraw = True
101.0936 	EXP 	Created unnamed TextStim = TextStim(__class__=<class 'psychopy.visual.text.TextStim'>, alignHoriz=method-wrapper(...), alignText='center', alignVert=method-wrapper(...), anchorHoriz='center', anchorVert='center', antialias=True, autoLog=True, bold=False, color=array([1., 1., 1.]), colorSpace='rgb', contrast=1.0, depth=0, flipHoriz=False, flipVert=False, font='', fontFiles=[], height=0.1, italic=False, languageStyle='LTR', name='unnamed TextStim', opacity=1.0, ori=0.0, pos=array([ 0. , -0.1]), rgb=UNKNOWN, text='Current trial correct?:[0.]', units='norm', win=Window(...), wrapWidth=1)
101.1148 	DATA 	Keypress: 3
101.1151 	DATA 	Keypress: return
101.1226 	EXP 	unnamed TextStim: autoDraw = True
101.1322 	EXP 	Created unnamed TextStim = TextStim(__class__=<class 'psychopy.visual.text.TextStim'>, alignHoriz=method-wrapper(...), alignText='center', alignVert=method-wrapper(...), anchorHoriz='center', anchorVert='center', antialias=True, autoLog=True, bold=False, color=array([1., 1., 1.]), colorSpace='rgb', contrast=1.0, depth=0, flipHoriz=False, flipVert=False, font='', fontFiles=[], height=0.1, italic=False, languageStyle='LTR', name='unnamed TextStim', opacity=1.0, ori=0.0, pos=array([0., 0.]), rgb=UNKNOWN, text='Current ROC AUC:0.284615', units='norm', win=Window(...), wrapWidth=1)
101.1722 	EXP 	unnamed TextStim: autoDraw = True
101.2055 	EXP 	unnamed TextStim: autoDraw = False
101.2058 	EXP 	Sound  started
101.2072 	EXP 	New trial (rep=0, index=18): {'TrialID_ME': 18.0, 'NFB_digit1_ME': 2.0, 'NFB_digit2_ME': 9.0, 'NFB_digit3_ME': 1.0, 'Speaker_trial_ME': 13.0, 'NV_trial_ME': 1.0, 'Triggered_trial_ME': 1.0, 'Jitter_trial_ME': 0.0}
101.2114 	EXP 	Sound  started
101.2193 	EXP 	disp_answer_ME: autoDraw = False
101.2193 	EXP 	text_7: autoDraw = False
101.2193 	EXP 	text_next_block_ME: text = ''
101.2193 	EXP 	text_next_block_ME: autoDraw = False
101.2193 	EXP 	Fixation_ME: autoDraw = True
103.2571 	EXP 	Sound sound_digit_1_ME started
103.2645 	EXP 	Fixation_ME: autoDraw = False
103.2645 	EXP 	text_2: text = 18
103.2645 	EXP 	text_2: autoDraw = True
103.7422 	EXP 	Sound sound_digit_1_ME reached end of file
104.2587 	EXP 	Created sequence: sequential, trialTypes=1, nReps=1, seed=None
104.2591 	EXP 	New trial (rep=0, index=0): None
104.2592 	EXP 	Sound  started
104.2785 	EXP 	text_2: autoDraw = False
104.2785 	EXP 	text_2: autoDraw = False
104.2785 	EXP 	text_7: text = 0
104.2785 	EXP 	disp_answer_ME: autoDraw = True
104.2785 	EXP 	text_7: autoDraw = True
105.1080 	EXP 	Created unnamed TextStim = TextStim(__class__=<class 'psychopy.visual.text.TextStim'>, alignHoriz=method-wrapper(...), alignText='center', alignVert=method-wrapper(...), anchorHoriz='center', anchorVert='center', antialias=True, autoLog=True, bold=False, color=array([1., 1., 1.]), colorSpace='rgb', contrast=1.0, depth=0, flipHoriz=False, flipVert=False, font='', fontFiles=[], height=0.1, italic=False, languageStyle='LTR', name='unnamed TextStim', opacity=1.0, ori=0.0, pos=array([ 0. , -0.1]), rgb=UNKNOWN, text='Current trial correct?:[1.]', units='norm', win=Window(...), wrapWidth=1)
105.1240 	DATA 	Keypress: 2
105.1241 	DATA 	Keypress: return
105.1386 	EXP 	unnamed TextStim: autoDraw = True
105.1471 	EXP 	Created unnamed TextStim = TextStim(__class__=<class 'psychopy.visual.text.TextStim'>, alignHoriz=method-wrapper(...), alignText='center', alignVert=method-wrapper(...), anchorHoriz='center', anchorVert='center', antialias=True, autoLog=True, bold=False, color=array([1., 1., 1.]), colorSpace='rgb', contrast=1.0, depth=0, flipHoriz=False, flipVert=False, font='', fontFiles=[], height=0.1, italic=False, languageStyle='LTR', name='unnamed TextStim', opacity=1.0, ori=0.0, pos=array([0., 0.]), rgb=UNKNOWN, text='Current ROC AUC:0.262821', units='norm', win=Window(...), wrapWidth=1)
105.1715 	EXP 	unnamed TextStim: autoDraw = True
105.2050 	EXP 	unnamed TextStim: autoDraw = False
105.2053 	EXP 	Sound  started
105.2067 	EXP 	New trial (rep=0, index=19): {'TrialID_ME': 19.0, 'NFB_digit1_ME': 2.0, 'NFB_digit2_ME': 9.0, 'NFB_digit3_ME': 1.0, 'Speaker_trial_ME': 48.0, 'NV_trial_ME': 1.0, 'Triggered_trial_ME': 0.0, 'Jitter_trial_ME': -2.0}
105.2108 	EXP 	Sound  started
105.2196 	EXP 	disp_answer_ME: autoDraw = False
105.2196 	EXP 	text_7: autoDraw = False
105.2196 	EXP 	text_next_block_ME: text = ''
105.2196 	EXP 	text_next_block_ME: autoDraw = False
105.2196 	EXP 	Fixation_ME: autoDraw = True
107.2798 	EXP 	Sound sound_digit_1_ME started
107.2872 	EXP 	Fixation_ME: autoDraw = False
107.2872 	EXP 	text_2: text = 19
107.2872 	EXP 	text_2: autoDraw = True
107.7553 	EXP 	Sound sound_digit_1_ME reached end of file
108.2753 	EXP 	Created sequence: sequential, trialTypes=1, nReps=1, seed=None
108.2757 	EXP 	New trial (rep=0, index=0): None
108.2758 	EXP 	Sound  started
108.2939 	EXP 	text_2: autoDraw = False
108.2939 	EXP 	text_2: autoDraw = False
108.2939 	EXP 	text_7: text = 0
108.2939 	EXP 	disp_answer_ME: autoDraw = True
108.2939 	EXP 	text_7: autoDraw = True
108.8916 	EXP 	Created unnamed TextStim = TextStim(__class__=<class 'psychopy.visual.text.TextStim'>, alignHoriz=method-wrapper(...), alignText='center', alignVert=method-wrapper(...), anchorHoriz='center', anchorVert='center', antialias=True, autoLog=True, bold=False, color=array([1., 1., 1.]), colorSpace='rgb', contrast=1.0, depth=0, flipHoriz=False, flipVert=False, font='', fontFiles=[], height=0.1, italic=False, languageStyle='LTR', name='unnamed TextStim', opacity=1.0, ori=0.0, pos=array([ 0. , -0.1]), rgb=UNKNOWN, text='Current trial correct?:[0.]', units='norm', win=Window(...), wrapWidth=1)
108.9079 	DATA 	Keypress: 3
108.9081 	DATA 	Keypress: return
108.9219 	EXP 	unnamed TextStim: autoDraw = True
108.9303 	EXP 	Created unnamed TextStim = TextStim(__class__=<class 'psychopy.visual.text.TextStim'>, alignHoriz=method-wrapper(...), alignText='center', alignVert=method-wrapper(...), anchorHoriz='center', anchorVert='center', antialias=True, autoLog=True, bold=False, color=array([1., 1., 1.]), colorSpace='rgb', contrast=1.0, depth=0, flipHoriz=False, flipVert=False, font='', fontFiles=[], height=0.1, italic=False, languageStyle='LTR', name='unnamed TextStim', opacity=1.0, ori=0.0, pos=array([0., 0.]), rgb=UNKNOWN, text='Current ROC AUC:0.255952', units='norm', win=Window(...), wrapWidth=1)
108.9720 	EXP 	unnamed TextStim: autoDraw = True
109.0048 	EXP 	unnamed TextStim: autoDraw = False
109.0050 	EXP 	Sound  started
109.0066 	EXP 	New trial (rep=0, index=20): {'TrialID_ME': 20.0, 'NFB_digit1_ME': 9.0, 'NFB_digit2_ME': 5.0, 'NFB_digit3_ME': 4.0, 'Speaker_trial_ME': 61.0, 'NV_trial_ME': 1.0, 'Triggered_trial_ME': 1.0, 'Jitter_trial_ME': 0.0}
109.0107 	EXP 	Sound  started
109.0192 	EXP 	disp_answer_ME: autoDraw = False
109.0192 	EXP 	text_7: autoDraw = False
109.0192 	EXP 	text_next_block_ME: text = ''
109.0192 	EXP 	text_next_block_ME: autoDraw = False
109.0192 	EXP 	Fixation_ME: autoDraw = True
111.1249 	EXP 	Sound sound_digit_1_ME started
111.1337 	EXP 	Fixation_ME: autoDraw = False
111.1337 	EXP 	text_2: text = 20
111.1337 	EXP 	text_2: autoDraw = True
111.6092 	EXP 	Sound sound_digit_1_ME reached end of file
112.1250 	EXP 	Created sequence: sequential, trialTypes=1, nReps=1, seed=None
112.1255 	EXP 	New trial (rep=0, index=0): None
112.1256 	EXP 	Sound  started
112.1436 	EXP 	text_2: autoDraw = False
112.1436 	EXP 	text_2: autoDraw = False
112.1436 	EXP 	text_7: text = 0
112.1436 	EXP 	disp_answer_ME: autoDraw = True
112.1436 	EXP 	text_7: autoDraw = True
112.9926 	EXP 	Created unnamed TextStim = TextStim(__class__=<class 'psychopy.visual.text.TextStim'>, alignHoriz=method-wrapper(...), alignText='center', alignVert=method-wrapper(...), anchorHoriz='center', anchorVert='center', antialias=True, autoLog=True, bold=False, color=array([1., 1., 1.]), colorSpace='rgb', contrast=1.0, depth=0, flipHoriz=False, flipVert=False, font='', fontFiles=[], height=0.1, italic=False, languageStyle='LTR', name='unnamed TextStim', opacity=1.0, ori=0.0, pos=array([ 0. , -0.1]), rgb=UNKNOWN, text='Current trial correct?:[0.]', units='norm', win=Window(...), wrapWidth=1)
113.0095 	DATA 	Keypress: 4
113.0097 	DATA 	Keypress: return
113.0215 	EXP 	unnamed TextStim: autoDraw = True
113.0295 	EXP 	Created unnamed TextStim = TextStim(__class__=<class 'psychopy.visual.text.TextStim'>, alignHoriz=method-wrapper(...), alignText='center', alignVert=method-wrapper(...), anchorHoriz='center', anchorVert='center', antialias=True, autoLog=True, bold=False, color=array([1., 1., 1.]), colorSpace='rgb', contrast=1.0, depth=0, flipHoriz=False, flipVert=False, font='', fontFiles=[], height=0.1, italic=False, languageStyle='LTR', name='unnamed TextStim', opacity=1.0, ori=0.0, pos=array([0., 0.]), rgb=UNKNOWN, text='Current ROC AUC:0.244444', units='norm', win=Window(...), wrapWidth=1)
113.0711 	EXP 	unnamed TextStim: autoDraw = True
113.1050 	EXP 	unnamed TextStim: autoDraw = False
113.1053 	EXP 	Sound  started
113.1067 	EXP 	New trial (rep=0, index=21): {'TrialID_ME': 21.0, 'NFB_digit1_ME': 4.0, 'NFB_digit2_ME': 2.0, 'NFB_digit3_ME': 4.0, 'Speaker_trial_ME': 7.0, 'NV_trial_ME': 1.0, 'Triggered_trial_ME': 0.0, 'Jitter_trial_ME': 1.0}
113.1106 	EXP 	Sound  started
113.1186 	EXP 	disp_answer_ME: autoDraw = False
113.1186 	EXP 	text_7: autoDraw = False
113.1186 	EXP 	text_next_block_ME: text = ''
113.1186 	EXP 	text_next_block_ME: autoDraw = False
113.1186 	EXP 	Fixation_ME: autoDraw = True
115.2154 	EXP 	Sound sound_digit_1_ME started
115.2229 	EXP 	Fixation_ME: autoDraw = False
115.2229 	EXP 	text_2: text = 21
115.2229 	EXP 	text_2: autoDraw = True
115.6989 	EXP 	Sound sound_digit_1_ME reached end of file
116.2251 	EXP 	Created sequence: sequential, trialTypes=1, nReps=1, seed=None
116.2255 	EXP 	New trial (rep=0, index=0): None
116.2256 	EXP 	Sound  started
116.2448 	EXP 	text_2: autoDraw = False
116.2448 	EXP 	text_2: autoDraw = False
116.2448 	EXP 	text_7: text = 0
116.2448 	EXP 	disp_answer_ME: autoDraw = True
116.2448 	EXP 	text_7: autoDraw = True
116.7915 	EXP 	Created unnamed TextStim = TextStim(__class__=<class 'psychopy.visual.text.TextStim'>, alignHoriz=method-wrapper(...), alignText='center', alignVert=method-wrapper(...), anchorHoriz='center', anchorVert='center', antialias=True, autoLog=True, bold=False, color=array([1., 1., 1.]), colorSpace='rgb', contrast=1.0, depth=0, flipHoriz=False, flipVert=False, font='', fontFiles=[], height=0.1, italic=False, languageStyle='LTR', name='unnamed TextStim', opacity=1.0, ori=0.0, pos=array([ 0. , -0.1]), rgb=UNKNOWN, text='Current trial correct?:[0.]', units='norm', win=Window(...), wrapWidth=1)
116.8099 	DATA 	Keypress: 8
116.8101 	DATA 	Keypress: return
116.8209 	EXP 	unnamed TextStim: autoDraw = True
116.8276 	EXP 	Created unnamed TextStim = TextStim(__class__=<class 'psychopy.visual.text.TextStim'>, alignHoriz=method-wrapper(...), alignText='center', alignVert=method-wrapper(...), anchorHoriz='center', anchorVert='center', antialias=True, autoLog=True, bold=False, color=array([1., 1., 1.]), colorSpace='rgb', contrast=1.0, depth=0, flipHoriz=False, flipVert=False, font='', fontFiles=[], height=0.1, italic=False, languageStyle='LTR', name='unnamed TextStim', opacity=1.0, ori=0.0, pos=array([0., 0.]), rgb=UNKNOWN, text='Current ROC AUC:0.286458', units='norm', win=Window(...), wrapWidth=1)
116.8545 	EXP 	unnamed TextStim: autoDraw = True
116.8876 	EXP 	unnamed TextStim: autoDraw = False
116.8879 	EXP 	Sound  started
116.8891 	EXP 	New trial (rep=0, index=22): {'TrialID_ME': 22.0, 'NFB_digit1_ME': 9.0, 'NFB_digit2_ME': 5.0, 'NFB_digit3_ME': 8.0, 'Speaker_trial_ME': 7.0, 'NV_trial_ME': 1.0, 'Triggered_trial_ME': 1.0, 'Jitter_trial_ME': 0.0}
116.8930 	EXP 	Sound  started
116.9006 	EXP 	disp_answer_ME: autoDraw = False
116.9006 	EXP 	text_7: autoDraw = False
116.9006 	EXP 	text_next_block_ME: text = ''
116.9006 	EXP 	text_next_block_ME: autoDraw = False
116.9006 	EXP 	Fixation_ME: autoDraw = True
118.9879 	EXP 	Sound sound_digit_1_ME started
118.9951 	EXP 	Fixation_ME: autoDraw = False
118.9951 	EXP 	text_2: text = 22
118.9951 	EXP 	text_2: autoDraw = True
119.4637 	EXP 	Sound sound_digit_1_ME reached end of file
119.9911 	EXP 	Created sequence: sequential, trialTypes=1, nReps=1, seed=None
119.9915 	EXP 	New trial (rep=0, index=0): None
119.9916 	EXP 	Sound  started
120.0093 	EXP 	text_2: autoDraw = False
120.0093 	EXP 	text_2: autoDraw = False
120.0093 	EXP 	text_7: text = 0
120.0093 	EXP 	disp_answer_ME: autoDraw = True
120.0093 	EXP 	text_7: autoDraw = True
120.5089 	EXP 	Created unnamed TextStim = TextStim(__class__=<class 'psychopy.visual.text.TextStim'>, alignHoriz=method-wrapper(...), alignText='center', alignVert=method-wrapper(...), anchorHoriz='center', anchorVert='center', antialias=True, autoLog=True, bold=False, color=array([1., 1., 1.]), colorSpace='rgb', contrast=1.0, depth=0, flipHoriz=False, flipVert=False, font='', fontFiles=[], height=0.1, italic=False, languageStyle='LTR', name='unnamed TextStim', opacity=1.0, ori=0.0, pos=array([ 0. , -0.1]), rgb=UNKNOWN, text='Current trial correct?:[0.]', units='norm', win=Window(...), wrapWidth=1)
120.5332 	DATA 	Keypress: 5
120.5334 	DATA 	Keypress: return
120.5378 	EXP 	unnamed TextStim: autoDraw = True
120.5455 	EXP 	Created unnamed TextStim = TextStim(__class__=<class 'psychopy.visual.text.TextStim'>, alignHoriz=method-wrapper(...), alignText='center', alignVert=method-wrapper(...), anchorHoriz='center', anchorVert='center', antialias=True, autoLog=True, bold=False, color=array([1., 1., 1.]), colorSpace='rgb', contrast=1.0, depth=0, flipHoriz=False, flipVert=False, font='', fontFiles=[], height=0.1, italic=False, languageStyle='LTR', name='unnamed TextStim', opacity=1.0, ori=0.0, pos=array([0., 0.]), rgb=UNKNOWN, text='Current ROC AUC:0.27451', units='norm', win=Window(...), wrapWidth=1)
120.5873 	EXP 	unnamed TextStim: autoDraw = True
120.6209 	EXP 	unnamed TextStim: autoDraw = False
120.6213 	EXP 	Sound  started
120.6227 	EXP 	New trial (rep=0, index=23): {'TrialID_ME': 23.0, 'NFB_digit1_ME': 2.0, 'NFB_digit2_ME': 0.0, 'NFB_digit3_ME': 4.0, 'Speaker_trial_ME': 7.0, 'NV_trial_ME': 1.0, 'Triggered_trial_ME': 0.0, 'Jitter_trial_ME': -2.0}
120.6269 	EXP 	Sound  started
120.6345 	EXP 	disp_answer_ME: autoDraw = False
120.6345 	EXP 	text_7: autoDraw = False
120.6345 	EXP 	text_next_block_ME: text = ''
120.6345 	EXP 	text_next_block_ME: autoDraw = False
120.6345 	EXP 	Fixation_ME: autoDraw = True
122.6985 	EXP 	Sound sound_digit_1_ME started
122.7056 	EXP 	Fixation_ME: autoDraw = False
122.7056 	EXP 	text_2: text = 23
122.7056 	EXP 	text_2: autoDraw = True
123.1884 	EXP 	Sound sound_digit_1_ME reached end of file
123.7078 	EXP 	Created sequence: sequential, trialTypes=1, nReps=1, seed=None
123.7083 	EXP 	New trial (rep=0, index=0): None
123.7084 	EXP 	Sound  started
123.7267 	EXP 	text_2: autoDraw = False
123.7267 	EXP 	text_2: autoDraw = False
123.7267 	EXP 	text_7: text = 0
123.7267 	EXP 	disp_answer_ME: autoDraw = True
123.7267 	EXP 	text_7: autoDraw = True
124.5074 	EXP 	Created unnamed TextStim = TextStim(__class__=<class 'psychopy.visual.text.TextStim'>, alignHoriz=method-wrapper(...), alignText='center', alignVert=method-wrapper(...), anchorHoriz='center', anchorVert='center', antialias=True, autoLog=True, bold=False, color=array([1., 1., 1.]), colorSpace='rgb', contrast=1.0, depth=0, flipHoriz=False, flipVert=False, font='', fontFiles=[], height=0.1, italic=False, languageStyle='LTR', name='unnamed TextStim', opacity=1.0, ori=0.0, pos=array([ 0. , -0.1]), rgb=UNKNOWN, text='Current trial correct?:[0.]', units='norm', win=Window(...), wrapWidth=1)
124.5228 	DATA 	Keypress: 4
124.5229 	DATA 	Keypress: 4
124.5230 	DATA 	Keypress: return
124.5372 	EXP 	unnamed TextStim: autoDraw = True
124.5452 	EXP 	Created unnamed TextStim = TextStim(__class__=<class 'psychopy.visual.text.TextStim'>, alignHoriz=method-wrapper(...), alignText='center', alignVert=method-wrapper(...), anchorHoriz='center', anchorVert='center', antialias=True, autoLog=True, bold=False, color=array([1., 1., 1.]), colorSpace='rgb', contrast=1.0, depth=0, flipHoriz=False, flipVert=False, font='', fontFiles=[], height=0.1, italic=False, languageStyle='LTR', name='unnamed TextStim', opacity=1.0, ori=0.0, pos=array([0., 0.]), rgb=UNKNOWN, text='Current ROC AUC:0.268519', units='norm', win=Window(...), wrapWidth=1)
124.5700 	EXP 	unnamed TextStim: autoDraw = True
124.6037 	EXP 	unnamed TextStim: autoDraw = False
124.6040 	EXP 	Sound  started
124.6056 	EXP 	New trial (rep=0, index=24): {'TrialID_ME': 24.0, 'NFB_digit1_ME': 1.0, 'NFB_digit2_ME': 3.0, 'NFB_digit3_ME': 9.0, 'Speaker_trial_ME': 48.0, 'NV_trial_ME': 1.0, 'Triggered_trial_ME': 1.0, 'Jitter_trial_ME': 0.0}
124.6191 	EXP 	Sound  started
124.6281 	EXP 	disp_answer_ME: autoDraw = False
124.6281 	EXP 	text_7: autoDraw = False
124.6281 	EXP 	text_next_block_ME: text = ''
124.6281 	EXP 	text_next_block_ME: autoDraw = False
124.6281 	EXP 	Fixation_ME: autoDraw = True
126.6682 	EXP 	Sound sound_digit_1_ME started
126.6754 	EXP 	Fixation_ME: autoDraw = False
126.6754 	EXP 	text_2: text = 24
126.6754 	EXP 	text_2: autoDraw = True
127.1403 	EXP 	Sound sound_digit_1_ME reached end of file
127.6742 	EXP 	Created sequence: sequential, trialTypes=1, nReps=1, seed=None
127.6746 	EXP 	New trial (rep=0, index=0): None
127.6748 	EXP 	Sound  started
127.6941 	EXP 	text_2: autoDraw = False
127.6941 	EXP 	text_2: autoDraw = False
127.6941 	EXP 	text_7: text = 0
127.6941 	EXP 	disp_answer_ME: autoDraw = True
127.6941 	EXP 	text_7: autoDraw = True
128.7041 	EXP 	text_7: autoDraw = False
128.7263 	EXP 	Created unnamed TextStim = TextStim(__class__=<class 'psychopy.visual.text.TextStim'>, alignHoriz=method-wrapper(...), alignText='center', alignVert=method-wrapper(...), anchorHoriz='center', anchorVert='center', antialias=True, autoLog=True, bold=False, color=array([1., 1., 1.]), colorSpace='rgb', contrast=1.0, depth=0, flipHoriz=False, flipVert=False, font='', fontFiles=[], height=0.1, italic=False, languageStyle='LTR', name='unnamed TextStim', opacity=1.0, ori=0.0, pos=array([ 0. , -0.1]), rgb=UNKNOWN, text='Current trial correct?:[0.]', units='norm', win=Window(...), wrapWidth=1)
128.7566 	DATA 	Keypress: 4
128.7568 	DATA 	Keypress: return
128.7705 	EXP 	unnamed TextStim: autoDraw = True
128.7784 	EXP 	Created unnamed TextStim = TextStim(__class__=<class 'psychopy.visual.text.TextStim'>, alignHoriz=method-wrapper(...), alignText='center', alignVert=method-wrapper(...), anchorHoriz='center', anchorVert='center', antialias=True, autoLog=True, bold=False, color=array([1., 1., 1.]), colorSpace='rgb', contrast=1.0, depth=0, flipHoriz=False, flipVert=False, font='', fontFiles=[], height=0.1, italic=False, languageStyle='LTR', name='unnamed TextStim', opacity=1.0, ori=0.0, pos=array([0., 0.]), rgb=UNKNOWN, text='Current ROC AUC:0.258772', units='norm', win=Window(...), wrapWidth=1)
128.8200 	EXP 	unnamed TextStim: autoDraw = True
128.8534 	EXP 	unnamed TextStim: autoDraw = False
128.8537 	EXP 	Sound  started
128.8551 	EXP 	New trial (rep=0, index=25): {'TrialID_ME': 25.0, 'NFB_digit1_ME': 6.0, 'NFB_digit2_ME': 2.0, 'NFB_digit3_ME': 8.0, 'Speaker_trial_ME': 61.0, 'NV_trial_ME': 1.0, 'Triggered_trial_ME': 0.0, 'Jitter_trial_ME': 0.0}
128.8611 	EXP 	Sound  started
128.8693 	EXP 	disp_answer_ME: autoDraw = False
128.8693 	EXP 	text_7: autoDraw = False
128.8693 	EXP 	text_next_block_ME: text = ''
128.8693 	EXP 	text_next_block_ME: autoDraw = False
128.8693 	EXP 	Fixation_ME: autoDraw = True
130.9615 	EXP 	Sound sound_digit_1_ME started
130.9706 	EXP 	Fixation_ME: autoDraw = False
130.9706 	EXP 	text_2: text = 25
130.9706 	EXP 	text_2: autoDraw = True
131.4446 	EXP 	Sound sound_digit_1_ME reached end of file
131.9570 	EXP 	Created sequence: sequential, trialTypes=1, nReps=1, seed=None
131.9574 	EXP 	New trial (rep=0, index=0): None
131.9575 	EXP 	Sound  started
131.9753 	EXP 	text_2: autoDraw = False
131.9753 	EXP 	text_2: autoDraw = False
131.9753 	EXP 	text_7: text = 0
131.9753 	EXP 	disp_answer_ME: autoDraw = True
131.9753 	EXP 	text_7: autoDraw = True
132.8906 	EXP 	Created unnamed TextStim = TextStim(__class__=<class 'psychopy.visual.text.TextStim'>, alignHoriz=method-wrapper(...), alignText='center', alignVert=method-wrapper(...), anchorHoriz='center', anchorVert='center', antialias=True, autoLog=True, bold=False, color=array([1., 1., 1.]), colorSpace='rgb', contrast=1.0, depth=0, flipHoriz=False, flipVert=False, font='', fontFiles=[], height=0.1, italic=False, languageStyle='LTR', name='unnamed TextStim', opacity=1.0, ori=0.0, pos=array([ 0. , -0.1]), rgb=UNKNOWN, text='Current trial correct?:[0.]', units='norm', win=Window(...), wrapWidth=1)
132.9109 	DATA 	Keypress: 4
132.9111 	DATA 	Keypress: return
132.9196 	EXP 	unnamed TextStim: autoDraw = True
132.9271 	EXP 	Created unnamed TextStim = TextStim(__class__=<class 'psychopy.visual.text.TextStim'>, alignHoriz=method-wrapper(...), alignText='center', alignVert=method-wrapper(...), anchorHoriz='center', anchorVert='center', antialias=True, autoLog=True, bold=False, color=array([1., 1., 1.]), colorSpace='rgb', contrast=1.0, depth=0, flipHoriz=False, flipVert=False, font='', fontFiles=[], height=0.1, italic=False, languageStyle='LTR', name='unnamed TextStim', opacity=1.0, ori=0.0, pos=array([0., 0.]), rgb=UNKNOWN, text='Current ROC AUC:0.291667', units='norm', win=Window(...), wrapWidth=1)
132.9529 	EXP 	unnamed TextStim: autoDraw = True
132.9889 	EXP 	unnamed TextStim: autoDraw = False
132.9892 	EXP 	Sound  started
132.9907 	EXP 	New trial (rep=0, index=26): {'TrialID_ME': 26.0, 'NFB_digit1_ME': 9.0, 'NFB_digit2_ME': 5.0, 'NFB_digit3_ME': 3.0, 'Speaker_trial_ME': 49.0, 'NV_trial_ME': 1.0, 'Triggered_trial_ME': 1.0, 'Jitter_trial_ME': 0.0}
132.9954 	EXP 	Sound  started
133.0040 	EXP 	disp_answer_ME: autoDraw = False
133.0040 	EXP 	text_7: autoDraw = False
133.0040 	EXP 	text_next_block_ME: text = ''
133.0040 	EXP 	text_next_block_ME: autoDraw = False
133.0040 	EXP 	Fixation_ME: autoDraw = True
135.0555 	EXP 	Sound sound_digit_1_ME started
135.0638 	EXP 	Fixation_ME: autoDraw = False
135.0638 	EXP 	text_2: text = 26
135.0638 	EXP 	text_2: autoDraw = True
135.5408 	EXP 	Sound sound_digit_1_ME reached end of file
136.0562 	EXP 	Created sequence: sequential, trialTypes=1, nReps=1, seed=None
136.0566 	EXP 	New trial (rep=0, index=0): None
136.0567 	EXP 	Sound  started
136.0751 	EXP 	text_2: autoDraw = False
136.0751 	EXP 	text_2: autoDraw = False
136.0751 	EXP 	text_7: text = 0
136.0751 	EXP 	disp_answer_ME: autoDraw = True
136.0751 	EXP 	text_7: autoDraw = True
136.8271 	EXP 	Created unnamed TextStim = TextStim(__class__=<class 'psychopy.visual.text.TextStim'>, alignHoriz=method-wrapper(...), alignText='center', alignVert=method-wrapper(...), anchorHoriz='center', anchorVert='center', antialias=True, autoLog=True, bold=False, color=array([1., 1., 1.]), colorSpace='rgb', contrast=1.0, depth=0, flipHoriz=False, flipVert=False, font='', fontFiles=[], height=0.1, italic=False, languageStyle='LTR', name='unnamed TextStim', opacity=1.0, ori=0.0, pos=array([ 0. , -0.1]), rgb=UNKNOWN, text='Current trial correct?:[1.]', units='norm', win=Window(...), wrapWidth=1)
136.8588 	DATA 	Keypress: 9
136.8590 	DATA 	Keypress: return
136.8702 	EXP 	unnamed TextStim: autoDraw = True
136.8785 	EXP 	Created unnamed TextStim = TextStim(__class__=<class 'psychopy.visual.text.TextStim'>, alignHoriz=method-wrapper(...), alignText='center', alignVert=method-wrapper(...), anchorHoriz='center', anchorVert='center', antialias=True, autoLog=True, bold=False, color=array([1., 1., 1.]), colorSpace='rgb', contrast=1.0, depth=0, flipHoriz=False, flipVert=False, font='', fontFiles=[], height=0.1, italic=False, languageStyle='LTR', name='unnamed TextStim', opacity=1.0, ori=0.0, pos=array([0., 0.]), rgb=UNKNOWN, text='Current ROC AUC:0.264286', units='norm', win=Window(...), wrapWidth=1)
136.9197 	EXP 	unnamed TextStim: autoDraw = True
136.9697 	EXP 	unnamed TextStim: autoDraw = False
136.9700 	EXP 	Sound  started
136.9715 	EXP 	New trial (rep=0, index=27): {'TrialID_ME': 27.0, 'NFB_digit1_ME': 2.0, 'NFB_digit2_ME': 6.0, 'NFB_digit3_ME': 8.0, 'Speaker_trial_ME': 33.0, 'NV_trial_ME': 1.0, 'Triggered_trial_ME': 0.0, 'Jitter_trial_ME': 0.0}
136.9762 	EXP 	Sound  started
136.9844 	EXP 	disp_answer_ME: autoDraw = False
136.9844 	EXP 	text_7: autoDraw = False
136.9844 	EXP 	text_next_block_ME: text = ''
136.9844 	EXP 	text_next_block_ME: autoDraw = False
136.9844 	EXP 	Fixation_ME: autoDraw = True
139.0900 	EXP 	Sound sound_digit_1_ME started
139.0974 	EXP 	Fixation_ME: autoDraw = False
139.0974 	EXP 	text_2: text = 27
139.0974 	EXP 	text_2: autoDraw = True
139.5781 	EXP 	Sound sound_digit_1_ME reached end of file
139.8667 	EXP 	window1: mouseVisible = True
141.1722 	EXP 	window1: mouseVisible = True
