6.6319 	WARNING 	User requested fullscreen with size [1280  720], but screen is actually [2560, 1440]. Using actual size
9.5184 	EXP 	Created window1 = Window(allowGUI=False, allowStencil=False, autoLog=True, backendConf=UNKNOWN, bitsMode=UNKNOWN, blendMode='avg', bpc=(8, 8, 8), color=array([0, 0, 0]), colorSpace='rgb', depthBits=8, fullscr=<method-wrapper '__getattribute__' of attributeSetter object at 0x0000020E20CF6F98>, gamma=None, gammaErrorPolicy='raise', lms=UNKNOWN, monitor=<psychopy.monitors.calibTools.Monitor object at 0x0000020E20D4A5F8>, multiSample=False, name='window1', numSamples=2, pos=[0.0, 0.0], screen=0, size=array([2560, 1440]), stencilBits=0, stereo=False, units='height', useFBO=True, useRetina=False, viewOri=0.0, viewPos=None, viewScale=None, waitBlanking=True, winType='pyglet')
9.5185 	EXP 	window1: mouseVisible = True
9.5185 	EXP 	window1: recordFrameIntervals = False
9.6847 	EXP 	window1: recordFrameIntervals = True
9.8683 	EXP 	window1: recordFrameIntervals = False
12.1704 	EXP 	Created Instructions_Background_Noise = TextStim(__class__=<class 'psychopy.visual.text.TextStim'>, alignHoriz=method-wrapper(...), alignText='center', alignVert=method-wrapper(...), anchorHoriz='center', anchorVert='center', antialias=True, autoLog=True, bold=False, color=array([-1., -1., -1.]), colorSpace='rgb', contrast=1.0, depth=-1.0, flipHoriz=False, flipVert=False, font='Arial', fontFiles=[], height=0.03, italic=False, languageStyle='LTR', name='Instructions_Background_Noise', opacity=1, ori=0, pos=array([0., 0.]), rgb=UNKNOWN, text=str(...), units='height', win=Window(...), wrapWidth=1)
12.2166 	EXP 	Created Fixation_cross_Test = TextStim(__class__=<class 'psychopy.visual.text.TextStim'>, alignHoriz=method-wrapper(...), alignText='center', alignVert=method-wrapper(...), anchorHoriz='center', anchorVert='center', antialias=True, autoLog=True, bold=False, color=array([-1., -1., -1.]), colorSpace='rgb', contrast=1.0, depth=-1.0, flipHoriz=False, flipVert=False, font='Arial', fontFiles=[], height=0.2, italic=False, languageStyle='LTR', name='Fixation_cross_Test', opacity=1, ori=0, pos=array([0., 0.]), rgb=UNKNOWN, text='+', units='height', win=Window(...), wrapWidth=1)
12.2619 	EXP 	Created text_practice = TextStim(__class__=<class 'psychopy.visual.text.TextStim'>, alignHoriz=method-wrapper(...), alignText='center', alignVert=method-wrapper(...), anchorHoriz='center', anchorVert='center', antialias=True, autoLog=True, bold=False, color=array([-1., -1., -1.]), colorSpace='rgb', contrast=1.0, depth=-1.0, flipHoriz=False, flipVert=False, font='Arial', fontFiles=[], height=0.03, italic=False, languageStyle='LTR', name='text_practice', opacity=1, ori=0, pos=array([0., 0.]), rgb=UNKNOWN, text=str(...), units='height', win=Window(...), wrapWidth=1)
12.2712 	EXP 	Sound Digit1_clear set volume 1.000
12.2809 	EXP 	Sound Digit2_clear set volume 1.000
12.2904 	EXP 	Sound Digit3_clear set volume 1.000
12.2926 	EXP 	Created text_practice_resp = TextStim(__class__=<class 'psychopy.visual.text.TextStim'>, alignHoriz=method-wrapper(...), alignText='center', alignVert=method-wrapper(...), anchorHoriz='center', anchorVert='center', antialias=True, autoLog=True, bold=False, color=array([-1., -1., -1.]), colorSpace='rgb', contrast=1.0, depth=-2.0, flipHoriz=False, flipVert=False, font='Arial', fontFiles=[], height=0.1, italic=False, languageStyle='LTR', name='text_practice_resp', opacity=1, ori=0, pos=array([0., 0.]), rgb=UNKNOWN, text='', units='height', win=Window(...), wrapWidth=1)
12.3180 	EXP 	Created text_practice_repeat = TextStim(__class__=<class 'psychopy.visual.text.TextStim'>, alignHoriz=method-wrapper(...), alignText='center', alignVert=method-wrapper(...), anchorHoriz='center', anchorVert='center', antialias=True, autoLog=True, bold=False, color=array([-1., -1., -1.]), colorSpace='rgb', contrast=1.0, depth=-1.0, flipHoriz=False, flipVert=False, font='Arial', fontFiles=[], height=0.05, italic=False, languageStyle='LTR', name='text_practice_repeat', opacity=1, ori=0, pos=array([0., 0.]), rgb=UNKNOWN, text=str(...), units='height', win=Window(...), wrapWidth=1)
12.3616 	EXP 	Created text_4 = TextStim(__class__=<class 'psychopy.visual.text.TextStim'>, alignHoriz=method-wrapper(...), alignText='center', alignVert=method-wrapper(...), anchorHoriz='center', anchorVert='center', antialias=True, autoLog=True, bold=False, color=array([-1., -1., -1.]), colorSpace='rgb', contrast=1.0, depth=-1.0, flipHoriz=False, flipVert=False, font='Arial', fontFiles=[], height=0.03, italic=False, languageStyle='LTR', name='text_4', opacity=1.0, ori=0.0, pos=array([0., 0.]), rgb=UNKNOWN, text=str(...), units='height', win=Window(...), wrapWidth=1)
12.3694 	EXP 	Created Fixation_ME = TextStim(__class__=<class 'psychopy.visual.text.TextStim'>, alignHoriz=method-wrapper(...), alignText='center', alignVert=method-wrapper(...), anchorHoriz='center', anchorVert='center', antialias=True, autoLog=True, bold=False, color=array([-1., -1., -1.]), colorSpace='rgb', contrast=1.0, depth=-1.0, flipHoriz=False, flipVert=False, font='Open Sans', fontFiles=[], height=0.1, italic=False, languageStyle='LTR', name='Fixation_ME', opacity=1.0, ori=0.0, pos=array([0., 0.]), rgb=UNKNOWN, text='+', units='height', win=Window(...), wrapWidth=1)
12.3791 	EXP 	Sound sound_digit_1_ME set volume 1.000
12.3887 	EXP 	Sound sound_digit_2_ME set volume 1.000
12.3988 	EXP 	Sound sound_digit_3_ME set volume 1.000
12.4005 	EXP 	Created text_2 = TextStim(__class__=<class 'psychopy.visual.text.TextStim'>, alignHoriz=method-wrapper(...), alignText='center', alignVert=method-wrapper(...), anchorHoriz='center', anchorVert='center', antialias=True, autoLog=True, bold=False, color=array([-1., -1., -1.]), colorSpace='rgb', contrast=1.0, depth=-4.0, flipHoriz=False, flipVert=False, font='Open Sans', fontFiles=[], height=0.1, italic=False, languageStyle='LTR', name='text_2', opacity=1.0, ori=0.0, pos=array([0., 0.]), rgb=UNKNOWN, text='', units='height', win=Window(...), wrapWidth=1)
12.4020 	EXP 	Created disp_answer_ME = TextStim(__class__=<class 'psychopy.visual.text.TextStim'>, alignHoriz=method-wrapper(...), alignText='center', alignVert=method-wrapper(...), anchorHoriz='center', anchorVert='center', antialias=True, autoLog=True, bold=False, color=array([-1., -1., -1.]), colorSpace='rgb', contrast=1.0, depth=-2.0, flipHoriz=False, flipVert=False, font='Arial', fontFiles=[], height=0.1, italic=False, languageStyle='LTR', name='disp_answer_ME', opacity=1.0, ori=0.0, pos=array([0., 0.]), rgb=UNKNOWN, text='', units='height', win=Window(...), wrapWidth=1)
12.4035 	EXP 	Created text_7 = TextStim(__class__=<class 'psychopy.visual.text.TextStim'>, alignHoriz=method-wrapper(...), alignText='center', alignVert=method-wrapper(...), anchorHoriz='center', anchorVert='center', antialias=True, autoLog=True, bold=False, color=array([1., 1., 1.]), colorSpace='rgb', contrast=1.0, depth=-3.0, flipHoriz=False, flipVert=False, font='Open Sans', fontFiles=[], height=0.1, italic=False, languageStyle='LTR', name='text_7', opacity=1, ori=0.0, pos=array([ 0. , -0.1]), rgb=UNKNOWN, text='', units='height', win=Window(...), wrapWidth=1)
12.4050 	EXP 	Created text_5 = TextStim(__class__=<class 'psychopy.visual.text.TextStim'>, alignHoriz=method-wrapper(...), alignText='center', alignVert=method-wrapper(...), anchorHoriz='center', anchorVert='center', antialias=True, autoLog=True, bold=False, color=array([1., 1., 1.]), colorSpace='rgb', contrast=1.0, depth=-1.0, flipHoriz=False, flipVert=False, font='Open Sans', fontFiles=[], height=0.1, italic=False, languageStyle='LTR', name='text_5', opacity=1, ori=0.0, pos=array([0., 0.]), rgb=UNKNOWN, text='', units='height', win=Window(...), wrapWidth=1)
12.4064 	EXP 	Created text_next_block_ME = TextStim(__class__=<class 'psychopy.visual.text.TextStim'>, alignHoriz=method-wrapper(...), alignText='center', alignVert=method-wrapper(...), anchorHoriz='center', anchorVert='center', antialias=True, autoLog=True, bold=False, color=array([1., 1., 1.]), colorSpace='rgb', contrast=1.0, depth=-1.0, flipHoriz=False, flipVert=False, font='Open Sans', fontFiles=[], height=0.1, italic=False, languageStyle='LTR', name='text_next_block_ME', opacity=1, ori=0.0, pos=array([0., 0.]), rgb=UNKNOWN, text='', units='height', win=Window(...), wrapWidth=1)
12.4783 	EXP 	Created text_break = TextStim(__class__=<class 'psychopy.visual.text.TextStim'>, alignHoriz=method-wrapper(...), alignText='center', alignVert=method-wrapper(...), anchorHoriz='center', anchorVert='center', antialias=True, autoLog=True, bold=False, color=array([-1., -1., -1.]), colorSpace='rgb', contrast=1.0, depth=-1.0, flipHoriz=False, flipVert=False, font='Arial', fontFiles=[], height=0.05, italic=False, languageStyle='LTR', name='text_break', opacity=1, ori=0, pos=array([0., 0.]), rgb=UNKNOWN, text=str(...), units='height', win=Window(...), wrapWidth=1)
12.4950 	EXP 	Created Fixation = TextStim(__class__=<class 'psychopy.visual.text.TextStim'>, alignHoriz=method-wrapper(...), alignText='center', alignVert=method-wrapper(...), anchorHoriz='center', anchorVert='center', antialias=True, autoLog=True, bold=False, color=array([-1., -1., -1.]), colorSpace='rgb', contrast=1.0, depth=-1.0, flipHoriz=False, flipVert=False, font='Arial', fontFiles=[], height=0.2, italic=False, languageStyle='LTR', name='Fixation', opacity=1, ori=0, pos=array([0., 0.]), rgb=UNKNOWN, text='+', units='height', win=Window(...), wrapWidth=1)
12.4967 	EXP 	Created text_6 = TextStim(__class__=<class 'psychopy.visual.text.TextStim'>, alignHoriz=method-wrapper(...), alignText='center', alignVert=method-wrapper(...), anchorHoriz='center', anchorVert='center', antialias=True, autoLog=True, bold=False, color=array([1., 1., 1.]), colorSpace='rgb', contrast=1.0, depth=-2.0, flipHoriz=False, flipVert=False, font='Open Sans', fontFiles=[], height=0.1, italic=False, languageStyle='LTR', name='text_6', opacity=1, ori=0.0, pos=array([ 0. , -0.1]), rgb=UNKNOWN, text='', units='height', win=Window(...), wrapWidth=1)
12.4998 	EXP 	Created Fixation_Play = TextStim(__class__=<class 'psychopy.visual.text.TextStim'>, alignHoriz=method-wrapper(...), alignText='center', alignVert=method-wrapper(...), anchorHoriz='center', anchorVert='center', antialias=True, autoLog=True, bold=False, color=array([-1., -1., -1.]), colorSpace='rgb', contrast=1.0, depth=-1.0, flipHoriz=False, flipVert=False, font='Arial', fontFiles=[], height=0.2, italic=False, languageStyle='LTR', name='Fixation_Play', opacity=1.0, ori=0.0, pos=array([0., 0.]), rgb=UNKNOWN, text='+', units='height', win=Window(...), wrapWidth=1)
12.5088 	EXP 	Sound sound_digit1 set volume 1.000
12.5182 	EXP 	Sound sound_digit2 set volume 1.000
12.5279 	EXP 	Sound sound_digit3 set volume 1.000
12.5295 	EXP 	Created disp_answer = TextStim(__class__=<class 'psychopy.visual.text.TextStim'>, alignHoriz=method-wrapper(...), alignText='center', alignVert=method-wrapper(...), anchorHoriz='center', anchorVert='center', antialias=True, autoLog=True, bold=False, color=array([-1., -1., -1.]), colorSpace='rgb', contrast=1.0, depth=-2.0, flipHoriz=False, flipVert=False, font='Arial', fontFiles=[], height=0.1, italic=False, languageStyle='LTR', name='disp_answer', opacity=1, ori=0, pos=array([0., 0.]), rgb=UNKNOWN, text='', units='height', win=Window(...), wrapWidth=1)
12.5309 	EXP 	Created text_nextblock = TextStim(__class__=<class 'psychopy.visual.text.TextStim'>, alignHoriz=method-wrapper(...), alignText='center', alignVert=method-wrapper(...), anchorHoriz='center', anchorVert='center', antialias=True, autoLog=True, bold=False, color=array([-1., -1., -1.]), colorSpace='rgb', contrast=1.0, depth=-1.0, flipHoriz=False, flipVert=False, font='Arial', fontFiles=[], height=0.05, italic=False, languageStyle='LTR', name='text_nextblock', opacity=1.0, ori=0.0, pos=array([0., 0.]), rgb=UNKNOWN, text='', units='height', win=Window(...), wrapWidth=1)
12.7233 	EXP 	Instructions_Background_Noise: autoDraw = True
13.7859 	DATA 	Mouse: Left button down, pos=(1707,505)
13.9033 	DATA 	Mouse:  Left button up, pos=(1707,513)
14.0201 	DATA 	Keypress: return
14.0217 	EXP 	Sound  started
14.0346 	EXP 	Instructions_Background_Noise: autoDraw = False
14.0346 	EXP 	Fixation_cross_Test: autoDraw = True
19.0306 	EXP 	Sound  stopped
19.0311 	EXP 	Created sequence: sequential, trialTypes=1, nReps=100, seed=None
19.0317 	EXP 	New trial (rep=0, index=0): None
19.0397 	EXP 	Fixation_cross_Test: autoDraw = False
19.0397 	EXP 	Fixation_cross_Test: autoDraw = False
19.0397 	EXP 	text_practice: autoDraw = True
19.6791 	EXP 	Imported data/practice_trials.xlsx as conditions, 1 conditions, 5 params
19.6794 	EXP 	Created sequence: sequential, trialTypes=1, nReps=1, seed=None
19.6796 	EXP 	New trial (rep=0, index=0): {'TrialID': 0.0, 'NFB_digit1': 6.0, 'NFB_digit2': 2.0, 'NFB_digit3': 4.0, 'Speaker_trial': 33.0}
19.6823 	EXP 	Sound Digit1_clear started
19.6842 	DATA 	Keypress: return
19.6877 	EXP 	text_practice: autoDraw = False
20.1604 	EXP 	Sound Digit1_clear reached end of file
20.1605 	EXP 	Sound Digit2_clear started
20.6407 	EXP 	Sound Digit2_clear reached end of file
20.6506 	EXP 	Sound Digit3_clear started
21.1340 	EXP 	Sound Digit3_clear reached end of file
21.1350 	EXP 	Created sequence: sequential, trialTypes=1, nReps=3, seed=None
21.1352 	EXP 	New trial (rep=0, index=0): None
21.1541 	EXP 	text_practice_resp: autoDraw = True
21.5568 	DATA 	Keypress: 5
21.7730 	DATA 	Keypress: return
21.7929 	EXP 	New trial (rep=1, index=0): None
21.8021 	EXP 	text_practice_resp: autoDraw = False
21.8021 	EXP 	text_practice_resp: autoDraw = True
22.0059 	DATA 	Keypress: 5
22.2226 	DATA 	Keypress: return
22.2578 	EXP 	New trial (rep=2, index=0): None
22.2676 	EXP 	text_practice_resp: autoDraw = False
22.2676 	EXP 	text_practice_resp: autoDraw = True
22.4056 	DATA 	Keypress: 5
22.6392 	DATA 	Keypress: return
22.6842 	EXP 	text_practice_resp: autoDraw = False
22.6842 	EXP 	text_practice_repeat: autoDraw = True
23.2224 	DATA 	Keypress: return
23.2511 	EXP 	text_practice_repeat: autoDraw = False
23.2511 	EXP 	text_4: autoDraw = True
23.7575 	EXP 	Imported data/Stimuli_ME_cond.xlsx as conditions, 280 conditions, 8 params
23.7584 	EXP 	Created sequence: sequential, trialTypes=280, nReps=1, seed=None
23.7587 	EXP 	New trial (rep=0, index=0): {'TrialID_ME': 0.0, 'NFB_digit1_ME': 1.0, 'NFB_digit2_ME': 2.0, 'NFB_digit3_ME': 0.0, 'Speaker_trial_ME': 33.0, 'NV_trial_ME': 1.0, 'Triggered_trial_ME': 1.0, 'Jitter_trial_ME': 0.0}
23.7604 	EXP 	Sound  set loops 2
23.7605 	EXP 	Sound  started
24.4422 	DATA 	Keypress: return
24.4459 	EXP 	text_4: autoDraw = False
24.4459 	EXP 	Fixation_ME: autoDraw = True
25.8523 	EXP 	Sound sound_digit_1_ME started
25.8588 	EXP 	Fixation_ME: autoDraw = False
25.8588 	EXP 	text_2: text = 0
25.8588 	EXP 	text_2: autoDraw = True
26.3354 	EXP 	Sound sound_digit_1_ME reached end of file
26.3354 	EXP 	Sound sound_digit_2_ME started
26.8168 	EXP 	Sound sound_digit_2_ME reached end of file
26.8216 	EXP 	Sound sound_digit_3_ME started
26.8668 	EXP 	text_2: autoDraw = False
27.2910 	EXP 	Sound sound_digit_3_ME reached end of file
27.2929 	EXP 	Created sequence: sequential, trialTypes=1, nReps=3, seed=None
27.2930 	EXP 	New trial (rep=0, index=0): None
27.2931 	EXP 	Sound  started
27.3085 	EXP 	text_2: autoDraw = False
27.3085 	EXP 	text_7: text = 0
27.3085 	EXP 	disp_answer_ME: autoDraw = True
27.3085 	EXP 	text_7: autoDraw = True
28.3168 	EXP 	text_7: autoDraw = False
28.7385 	DATA 	Keypress: 1
28.8882 	DATA 	Keypress: return
28.9081 	EXP 	New trial (rep=1, index=0): None
28.9081 	EXP 	Sound  started
28.9198 	EXP 	disp_answer_ME: autoDraw = False
28.9198 	EXP 	text_7: autoDraw = False
28.9198 	EXP 	text_7: text = 1
28.9198 	EXP 	disp_answer_ME: autoDraw = True
28.9198 	EXP 	text_7: autoDraw = True
29.4392 	DATA 	Keypress: 2
29.5559 	DATA 	Keypress: return
29.5907 	EXP 	New trial (rep=2, index=0): None
29.5907 	EXP 	Sound  started
29.6027 	EXP 	disp_answer_ME: autoDraw = False
29.6027 	EXP 	text_7: autoDraw = False
29.6027 	EXP 	text_7: text = 2
29.6027 	EXP 	disp_answer_ME: autoDraw = True
29.6027 	EXP 	text_7: autoDraw = True
30.1887 	DATA 	Keypress: 9
30.3401 	DATA 	Keypress: return
31.7218 	EXP 	window1: mouseVisible = True
