6.7167 	EXP 	Created window1 = Window(allowGUI=False, allowStencil=False, autoLog=True, backendConf=UNKNOWN, bitsMode=UNKNOWN, blendMode='avg', bpc=(8, 8, 8), color=array([0, 0, 0]), colorSpace='rgb', depthBits=8, fullscr=<method-wrapper '__getattribute__' of attributeSetter object at 0x000001CDAAF7DAC8>, gamma=None, gammaErrorPolicy='raise', lms=UNKNOWN, monitor=<psychopy.monitors.calibTools.Monitor object at 0x000001CDAAFCDCC0>, multiSample=False, name='window1', numSamples=2, pos=[0.0, 0.0], screen=0, size=array([1280, 1024]), stencilBits=0, stereo=False, units='height', useFBO=True, useRetina=False, viewOri=0.0, viewPos=None, viewScale=None, waitBlanking=True, winType='pyglet')
6.7177 	EXP 	window1: mouseVisible = True
6.7178 	EXP 	window1: recordFrameIntervals = False
6.8827 	EXP 	window1: recordFrameIntervals = True
7.0664 	EXP 	window1: recordFrameIntervals = False
8.3443 	EXP 	Created Instructions_Background_Noise = TextStim(__class__=<class 'psychopy.visual.text.TextStim'>, alignHoriz=method-wrapper(...), alignText='center', alignVert=method-wrapper(...), anchorHoriz='center', anchorVert='center', antialias=True, autoLog=True, bold=False, color=array([-1., -1., -1.]), colorSpace='rgb', contrast=1.0, depth=-1.0, flipHoriz=False, flipVert=False, font='Arial', fontFiles=[], height=0.03, italic=False, languageStyle='LTR', name='Instructions_Background_Noise', opacity=1, ori=0, pos=array([0., 0.]), rgb=UNKNOWN, text=str(...), units='height', win=Window(...), wrapWidth=1)
8.3546 	EXP 	Created Fixation_cross_Test = TextStim(__class__=<class 'psychopy.visual.text.TextStim'>, alignHoriz=method-wrapper(...), alignText='center', alignVert=method-wrapper(...), anchorHoriz='center', anchorVert='center', antialias=True, autoLog=True, bold=False, color=array([-1., -1., -1.]), colorSpace='rgb', contrast=1.0, depth=-1.0, flipHoriz=False, flipVert=False, font='Arial', fontFiles=[], height=0.2, italic=False, languageStyle='LTR', name='Fixation_cross_Test', opacity=1, ori=0, pos=array([0., 0.]), rgb=UNKNOWN, text='+', units='height', win=Window(...), wrapWidth=1)
8.4019 	EXP 	Created text_practice = TextStim(__class__=<class 'psychopy.visual.text.TextStim'>, alignHoriz=method-wrapper(...), alignText='center', alignVert=method-wrapper(...), anchorHoriz='center', anchorVert='center', antialias=True, autoLog=True, bold=False, color=array([-1., -1., -1.]), colorSpace='rgb', contrast=1.0, depth=-1.0, flipHoriz=False, flipVert=False, font='Arial', fontFiles=[], height=0.03, italic=False, languageStyle='LTR', name='text_practice', opacity=1, ori=0, pos=array([0., 0.]), rgb=UNKNOWN, text=str(...), units='height', win=Window(...), wrapWidth=1)
8.4164 	EXP 	Sound Digit1_clear set volume 1.000
8.4313 	EXP 	Sound Digit2_clear set volume 1.000
8.4483 	EXP 	Sound Digit3_clear set volume 1.000
8.4514 	EXP 	Created text_practice_resp = TextStim(__class__=<class 'psychopy.visual.text.TextStim'>, alignHoriz=method-wrapper(...), alignText='center', alignVert=method-wrapper(...), anchorHoriz='center', anchorVert='center', antialias=True, autoLog=True, bold=False, color=array([-1., -1., -1.]), colorSpace='rgb', contrast=1.0, depth=-2.0, flipHoriz=False, flipVert=False, font='Arial', fontFiles=[], height=0.1, italic=False, languageStyle='LTR', name='text_practice_resp', opacity=1, ori=0, pos=array([0., 0.]), rgb=UNKNOWN, text='', units='height', win=Window(...), wrapWidth=1)
8.4832 	EXP 	Created text_practice_repeat = TextStim(__class__=<class 'psychopy.visual.text.TextStim'>, alignHoriz=method-wrapper(...), alignText='center', alignVert=method-wrapper(...), anchorHoriz='center', anchorVert='center', antialias=True, autoLog=True, bold=False, color=array([-1., -1., -1.]), colorSpace='rgb', contrast=1.0, depth=-1.0, flipHoriz=False, flipVert=False, font='Arial', fontFiles=[], height=0.05, italic=False, languageStyle='LTR', name='text_practice_repeat', opacity=1, ori=0, pos=array([0., 0.]), rgb=UNKNOWN, text=str(...), units='height', win=Window(...), wrapWidth=1)
8.5224 	EXP 	Created text_calibration = TextStim(__class__=<class 'psychopy.visual.text.TextStim'>, alignHoriz=method-wrapper(...), alignText='center', alignVert=method-wrapper(...), anchorHoriz='center', anchorVert='center', antialias=True, autoLog=True, bold=False, color=array([-1., -1., -1.]), colorSpace='rgb', contrast=1.0, depth=-1.0, flipHoriz=False, flipVert=False, font='Arial', fontFiles=[], height=0.05, italic=False, languageStyle='LTR', name='text_calibration', opacity=1, ori=0, pos=array([0., 0.]), rgb=UNKNOWN, text=str(...), units='height', win=Window(...), wrapWidth=1)
8.5302 	EXP 	Created Fix_cross_calibration = TextStim(__class__=<class 'psychopy.visual.text.TextStim'>, alignHoriz=method-wrapper(...), alignText='center', alignVert=method-wrapper(...), anchorHoriz='center', anchorVert='center', antialias=True, autoLog=True, bold=False, color=array([-1., -1., -1.]), colorSpace='rgb', contrast=1.0, depth=-1.0, flipHoriz=False, flipVert=False, font='Arial', fontFiles=[], height=0.2, italic=False, languageStyle='LTR', name='Fix_cross_calibration', opacity=1, ori=0, pos=array([0., 0.]), rgb=UNKNOWN, text='+', units='height', win=Window(...), wrapWidth=1)
8.5338 	EXP 	Created text = TextStim(__class__=<class 'psychopy.visual.text.TextStim'>, alignHoriz=method-wrapper(...), alignText='center', alignVert=method-wrapper(...), anchorHoriz='center', anchorVert='center', antialias=True, autoLog=True, bold=False, color=array([1., 1., 1.]), colorSpace='rgb', contrast=1.0, depth=-2.0, flipHoriz=False, flipVert=False, font='Open Sans', fontFiles=[], height=0.1, italic=False, languageStyle='LTR', name='text', opacity=1, ori=0.0, pos=array([ 0. , -0.1]), rgb=UNKNOWN, text='', units='height', win=Window(...), wrapWidth=1)
8.5452 	EXP 	Created text_calibration_repeat = TextStim(__class__=<class 'psychopy.visual.text.TextStim'>, alignHoriz=method-wrapper(...), alignText='center', alignVert=method-wrapper(...), anchorHoriz='center', anchorVert='center', antialias=True, autoLog=True, bold=False, color=array([-1., -1., -1.]), colorSpace='rgb', contrast=1.0, depth=-1.0, flipHoriz=False, flipVert=False, font='Arial', fontFiles=[], height=0.05, italic=False, languageStyle='LTR', name='text_calibration_repeat', opacity=1, ori=0, pos=array([0., 0.]), rgb=UNKNOWN, text=str(...), units='height', win=Window(...), wrapWidth=1)
8.5888 	EXP 	Created text_break = TextStim(__class__=<class 'psychopy.visual.text.TextStim'>, alignHoriz=method-wrapper(...), alignText='center', alignVert=method-wrapper(...), anchorHoriz='center', anchorVert='center', antialias=True, autoLog=True, bold=False, color=array([-1., -1., -1.]), colorSpace='rgb', contrast=1.0, depth=-1.0, flipHoriz=False, flipVert=False, font='Arial', fontFiles=[], height=0.05, italic=False, languageStyle='LTR', name='text_break', opacity=1, ori=0, pos=array([0., 0.]), rgb=UNKNOWN, text=str(...), units='height', win=Window(...), wrapWidth=1)
8.5929 	EXP 	Created Fixation = TextStim(__class__=<class 'psychopy.visual.text.TextStim'>, alignHoriz=method-wrapper(...), alignText='center', alignVert=method-wrapper(...), anchorHoriz='center', anchorVert='center', antialias=True, autoLog=True, bold=False, color=array([-1., -1., -1.]), colorSpace='rgb', contrast=1.0, depth=-1.0, flipHoriz=False, flipVert=False, font='Arial', fontFiles=[], height=0.2, italic=False, languageStyle='LTR', name='Fixation', opacity=1, ori=0, pos=array([0., 0.]), rgb=UNKNOWN, text='+', units='height', win=Window(...), wrapWidth=1)
8.5949 	EXP 	Created text_6 = TextStim(__class__=<class 'psychopy.visual.text.TextStim'>, alignHoriz=method-wrapper(...), alignText='center', alignVert=method-wrapper(...), anchorHoriz='center', anchorVert='center', antialias=True, autoLog=True, bold=False, color=array([1., 1., 1.]), colorSpace='rgb', contrast=1.0, depth=-2.0, flipHoriz=False, flipVert=False, font='Open Sans', fontFiles=[], height=0.1, italic=False, languageStyle='LTR', name='text_6', opacity=1, ori=0.0, pos=array([ 0. , -0.1]), rgb=UNKNOWN, text='', units='height', win=Window(...), wrapWidth=1)
8.5989 	EXP 	Created Fixation_Play = TextStim(__class__=<class 'psychopy.visual.text.TextStim'>, alignHoriz=method-wrapper(...), alignText='center', alignVert=method-wrapper(...), anchorHoriz='center', anchorVert='center', antialias=True, autoLog=True, bold=False, color=array([-1., -1., -1.]), colorSpace='rgb', contrast=1.0, depth=-1.0, flipHoriz=False, flipVert=False, font='Arial', fontFiles=[], height=0.2, italic=False, languageStyle='LTR', name='Fixation_Play', opacity=1.0, ori=0.0, pos=array([0., 0.]), rgb=UNKNOWN, text='+', units='height', win=Window(...), wrapWidth=1)
8.6151 	EXP 	Sound sound_digit1 set volume 1.000
8.6293 	EXP 	Sound sound_digit2 set volume 1.000
8.6437 	EXP 	Sound sound_digit3 set volume 1.000
8.6461 	EXP 	Created disp_answer = TextStim(__class__=<class 'psychopy.visual.text.TextStim'>, alignHoriz=method-wrapper(...), alignText='center', alignVert=method-wrapper(...), anchorHoriz='center', anchorVert='center', antialias=True, autoLog=True, bold=False, color=array([-1., -1., -1.]), colorSpace='rgb', contrast=1.0, depth=-2.0, flipHoriz=False, flipVert=False, font='Arial', fontFiles=[], height=0.1, italic=False, languageStyle='LTR', name='disp_answer', opacity=1, ori=0, pos=array([0., 0.]), rgb=UNKNOWN, text='', units='height', win=Window(...), wrapWidth=1)
8.6480 	EXP 	Created text_nextblock = TextStim(__class__=<class 'psychopy.visual.text.TextStim'>, alignHoriz=method-wrapper(...), alignText='center', alignVert=method-wrapper(...), anchorHoriz='center', anchorVert='center', antialias=True, autoLog=True, bold=False, color=array([-1., -1., -1.]), colorSpace='rgb', contrast=1.0, depth=-1.0, flipHoriz=False, flipVert=False, font='Arial', fontFiles=[], height=0.05, italic=False, languageStyle='LTR', name='text_nextblock', opacity=1.0, ori=0.0, pos=array([0., 0.]), rgb=UNKNOWN, text='', units='height', win=Window(...), wrapWidth=1)
8.7581 	EXP 	Instructions_Background_Noise: autoDraw = True
9.2020 	DATA 	Mouse: Left button down, pos=(598,619)
9.3321 	DATA 	Mouse:  Left button up, pos=(598,619)
9.5493 	DATA 	Keypress: return
9.5512 	EXP 	Sound  started
9.5651 	EXP 	Instructions_Background_Noise: autoDraw = False
9.5651 	EXP 	Fixation_cross_Test: autoDraw = True
14.5799 	EXP 	Sound  stopped
14.5806 	EXP 	Created sequence: sequential, trialTypes=1, nReps=100, seed=None
14.5815 	EXP 	New trial (rep=0, index=0): None
14.5964 	EXP 	Fixation_cross_Test: autoDraw = False
14.5964 	EXP 	text_practice: autoDraw = True
16.2271 	EXP 	Imported data/practice_trials.xlsx as conditions, 1 conditions, 5 params
16.2276 	EXP 	Created sequence: sequential, trialTypes=1, nReps=1, seed=None
16.2280 	EXP 	New trial (rep=0, index=0): {'TrialID': 0.0, 'NFB_digit1': 6.0, 'NFB_digit2': 2.0, 'NFB_digit3': 4.0, 'Speaker_trial': 33.0}
16.2316 	EXP 	Sound Digit1_clear started
16.2342 	DATA 	Keypress: return
16.2458 	EXP 	text_practice: autoDraw = False
16.7156 	EXP 	Sound Digit1_clear reached end of file
16.7157 	EXP 	Sound Digit2_clear started
17.1880 	EXP 	Sound Digit2_clear reached end of file
17.1881 	EXP 	Sound Digit3_clear started
17.6709 	EXP 	Sound Digit3_clear reached end of file
17.6741 	EXP 	Created sequence: sequential, trialTypes=1, nReps=3, seed=None
17.6744 	EXP 	New trial (rep=0, index=0): None
17.6953 	EXP 	text_practice_resp: autoDraw = True
18.5169 	DATA 	Keypress: return
18.5426 	EXP 	New trial (rep=1, index=0): None
18.5617 	EXP 	text_practice_resp: autoDraw = False
18.5617 	EXP 	text_practice_resp: autoDraw = True
18.7339 	DATA 	Keypress: return
18.7510 	EXP 	New trial (rep=2, index=0): None
18.7616 	EXP 	text_practice_resp: autoDraw = False
18.7616 	EXP 	text_practice_resp: autoDraw = True
18.9508 	DATA 	Keypress: return
18.9781 	EXP 	text_practice_resp: autoDraw = False
18.9781 	EXP 	text_practice_repeat: autoDraw = True
20.4169 	DATA 	Keypress: return
20.4497 	EXP 	Created sequence: sequential, trialTypes=1, nReps=100, seed=None
20.4505 	EXP 	New trial (rep=0, index=0): None
20.4609 	EXP 	text_practice_repeat: autoDraw = False
20.4609 	EXP 	text_calibration: autoDraw = True
21.7311 	EXP 	Sound  set loops 1
21.7311 	EXP 	Sound  started
22.4102 	DATA 	Keypress: return
22.4268 	EXP 	text_calibration: autoDraw = False
22.4268 	EXP 	Fix_cross_calibration: autoDraw = True
22.4268 	EXP 	text: autoDraw = True
42.8149 	EXP 	Sound  stopped
42.8358 	EXP 	Fix_cross_calibration: autoDraw = False
42.8358 	EXP 	text: autoDraw = False
42.8358 	EXP 	text_calibration_repeat: autoDraw = True
45.0241 	DATA 	Keypress: return
45.0516 	EXP 	text_calibration_repeat: autoDraw = False
45.0516 	EXP 	text_break: autoDraw = True
47.3062 	EXP 	Imported data/Stimuli_exp_cond.xlsx as conditions, 32 conditions, 8 params
47.3069 	EXP 	Created sequence: sequential, trialTypes=32, nReps=1, seed=None
47.3074 	EXP 	New trial (rep=0, index=0): {'TrialID': 0.0, 'NFB_digit1': 9.0, 'NFB_digit2': 5.0, 'NFB_digit3': 1.0, 'Speaker_trial': 48.0, 'NV_trial': 1.0, 'Triggered_trial': 1.0, 'Jitter_trial': 0.0}
47.3101 	EXP 	Sound  started
47.3215 	DATA 	Keypress: return
47.3340 	EXP 	text_break: autoDraw = False
47.3340 	EXP 	Fixation: autoDraw = True
47.3340 	EXP 	text_6: autoDraw = True
73.6799 	EXP 	Sound  stopped
73.6824 	EXP 	Sound  started
73.6908 	EXP 	Fixation: autoDraw = False
73.6908 	EXP 	text_6: autoDraw = False
73.6908 	EXP 	Fixation_Play: autoDraw = True
74.1589 	EXP 	Sound  reached end of file
74.1590 	EXP 	Sound  started
74.6421 	EXP 	Sound  reached end of file
74.6422 	EXP 	Sound  started
75.0902 	EXP 	Fixation_Play: autoDraw = False
75.1258 	EXP 	Sound  reached end of file
75.1276 	EXP 	Sound  started
75.1294 	EXP 	Created sequence: sequential, trialTypes=1, nReps=3, seed=None
75.1297 	EXP 	New trial (rep=0, index=0): None
75.1297 	EXP 	Sound  set loops 2
75.1297 	EXP 	Sound  started
75.1401 	EXP 	Fixation_Play: autoDraw = False
75.1401 	EXP 	disp_answer: autoDraw = True
77.9608 	DATA 	Keypress: return
77.9803 	EXP 	New trial (rep=1, index=0): None
77.9804 	EXP 	Sound  started
77.9891 	EXP 	disp_answer: autoDraw = False
77.9891 	EXP 	disp_answer: autoDraw = True
78.2441 	DATA 	Keypress: return
78.2633 	EXP 	New trial (rep=2, index=0): None
78.2634 	EXP 	Sound  started
78.2723 	EXP 	disp_answer: autoDraw = False
78.2723 	EXP 	disp_answer: autoDraw = True
78.4773 	DATA 	Keypress: return
78.4964 	EXP 	Sound  started
78.4976 	EXP 	New trial (rep=0, index=1): {'TrialID': 1.0, 'NFB_digit1': 4.0, 'NFB_digit2': 6.0, 'NFB_digit3': 2.0, 'Speaker_trial': 48.0, 'NV_trial': 1.0, 'Triggered_trial': 0.0, 'Jitter_trial': -1.0}
78.5003 	EXP 	Sound  started
78.5222 	EXP 	disp_answer: autoDraw = False
78.5222 	EXP 	text_nextblock: text = ''
78.5222 	EXP 	text_nextblock: autoDraw = False
78.5222 	EXP 	Fixation: autoDraw = True
78.5222 	EXP 	text_6: autoDraw = True
82.5790 	EXP 	Sound  stopped
82.5815 	EXP 	Sound  started
82.5876 	EXP 	Fixation: autoDraw = False
82.5876 	EXP 	text_6: autoDraw = False
82.5876 	EXP 	Fixation_Play: autoDraw = True
83.0580 	EXP 	Sound  reached end of file
83.0581 	EXP 	Sound  started
83.5415 	EXP 	Sound  reached end of file
83.5415 	EXP 	Sound  started
83.9868 	EXP 	Fixation_Play: autoDraw = False
84.0252 	EXP 	Sound  reached end of file
84.0269 	EXP 	Sound  started
84.0282 	EXP 	Created sequence: sequential, trialTypes=1, nReps=3, seed=None
84.0285 	EXP 	New trial (rep=0, index=0): None
84.0285 	EXP 	Sound  started
84.0367 	EXP 	Fixation_Play: autoDraw = False
84.0367 	EXP 	disp_answer: autoDraw = True
85.4755 	DATA 	Keypress: return
85.4939 	EXP 	New trial (rep=1, index=0): None
85.4940 	EXP 	Sound  started
85.5029 	EXP 	disp_answer: autoDraw = False
85.5029 	EXP 	disp_answer: autoDraw = True
85.6414 	DATA 	Keypress: return
85.6596 	EXP 	New trial (rep=2, index=0): None
85.6596 	EXP 	Sound  started
85.6695 	EXP 	disp_answer: autoDraw = False
85.6695 	EXP 	disp_answer: autoDraw = True
85.8413 	DATA 	Keypress: return
85.8603 	EXP 	Sound  started
85.8611 	EXP 	New trial (rep=0, index=2): {'TrialID': 2.0, 'NFB_digit1': 2.0, 'NFB_digit2': 8.0, 'NFB_digit3': 9.0, 'Speaker_trial': 61.0, 'NV_trial': 1.0, 'Triggered_trial': 1.0, 'Jitter_trial': 0.0}
85.8639 	EXP 	Sound  started
85.8861 	EXP 	disp_answer: autoDraw = False
85.8861 	EXP 	text_nextblock: text = ''
85.8861 	EXP 	text_nextblock: autoDraw = False
85.8861 	EXP 	Fixation: autoDraw = True
85.8861 	EXP 	text_6: autoDraw = True
107.3359 	EXP 	Sound  stopped
107.3384 	EXP 	Sound  started
107.3446 	EXP 	Fixation: autoDraw = False
107.3446 	EXP 	text_6: autoDraw = False
107.3446 	EXP 	Fixation_Play: autoDraw = True
107.8259 	EXP 	Sound  reached end of file
107.8260 	EXP 	Sound  started
108.3096 	EXP 	Sound  reached end of file
108.3097 	EXP 	Sound  started
108.7442 	EXP 	Fixation_Play: autoDraw = False
108.7928 	EXP 	Sound  reached end of file
108.7946 	EXP 	Sound  started
108.7960 	EXP 	Created sequence: sequential, trialTypes=1, nReps=3, seed=None
108.7962 	EXP 	New trial (rep=0, index=0): None
108.7963 	EXP 	Sound  started
108.8107 	EXP 	Fixation_Play: autoDraw = False
108.8107 	EXP 	disp_answer: autoDraw = True
110.1820 	DATA 	Keypress: return
110.2013 	EXP 	New trial (rep=1, index=0): None
110.2014 	EXP 	Sound  started
110.2102 	EXP 	disp_answer: autoDraw = False
110.2102 	EXP 	disp_answer: autoDraw = True
110.3823 	DATA 	Keypress: return
110.4016 	EXP 	New trial (rep=2, index=0): None
110.4017 	EXP 	Sound  started
110.4101 	EXP 	disp_answer: autoDraw = False
110.4101 	EXP 	disp_answer: autoDraw = True
110.5822 	DATA 	Keypress: return
110.6012 	EXP 	Sound  started
110.6020 	EXP 	New trial (rep=0, index=3): {'TrialID': 3.0, 'NFB_digit1': 9.0, 'NFB_digit2': 4.0, 'NFB_digit3': 1.0, 'Speaker_trial': 21.0, 'NV_trial': 1.0, 'Triggered_trial': 0.0, 'Jitter_trial': 1.0}
110.6046 	EXP 	Sound  started
110.6267 	EXP 	disp_answer: autoDraw = False
110.6267 	EXP 	text_nextblock: text = ''
110.6267 	EXP 	text_nextblock: autoDraw = False
110.6267 	EXP 	Fixation: autoDraw = True
110.6267 	EXP 	text_6: autoDraw = True
116.6869 	EXP 	Sound  stopped
116.6893 	EXP 	Sound  started
116.7079 	EXP 	Fixation: autoDraw = False
116.7079 	EXP 	text_6: autoDraw = False
116.7079 	EXP 	Fixation_Play: autoDraw = True
117.1745 	EXP 	Sound  reached end of file
117.1746 	EXP 	Sound  started
117.6606 	EXP 	Sound  reached end of file
117.6607 	EXP 	Sound  started
118.1072 	EXP 	Fixation_Play: autoDraw = False
118.1434 	EXP 	Sound  reached end of file
118.1452 	EXP 	Sound  started
118.1464 	EXP 	Created sequence: sequential, trialTypes=1, nReps=3, seed=None
118.1467 	EXP 	New trial (rep=0, index=0): None
118.1467 	EXP 	Sound  started
118.1572 	EXP 	Fixation_Play: autoDraw = False
118.1572 	EXP 	disp_answer: autoDraw = True
119.9290 	DATA 	Keypress: return
119.9475 	EXP 	New trial (rep=1, index=0): None
119.9476 	EXP 	Sound  started
119.9564 	EXP 	disp_answer: autoDraw = False
119.9564 	EXP 	disp_answer: autoDraw = True
120.1289 	DATA 	Keypress: return
120.1641 	EXP 	New trial (rep=2, index=0): None
120.1642 	EXP 	Sound  started
120.1731 	EXP 	disp_answer: autoDraw = False
120.1731 	EXP 	disp_answer: autoDraw = True
120.3454 	DATA 	Keypress: return
120.3804 	EXP 	Sound  started
120.3811 	EXP 	New trial (rep=0, index=4): {'TrialID': 4.0, 'NFB_digit1': 5.0, 'NFB_digit2': 6.0, 'NFB_digit3': 4.0, 'Speaker_trial': 61.0, 'NV_trial': 1.0, 'Triggered_trial': 1.0, 'Jitter_trial': 0.0}
120.3837 	EXP 	Sound  started
120.4063 	EXP 	disp_answer: autoDraw = False
120.4063 	EXP 	text_nextblock: text = ''
120.4063 	EXP 	text_nextblock: autoDraw = False
120.4063 	EXP 	Fixation: autoDraw = True
120.4063 	EXP 	text_6: autoDraw = True
123.0132 	EXP 	Sound  stopped
123.0157 	EXP 	Sound  started
123.0220 	EXP 	Fixation: autoDraw = False
123.0220 	EXP 	text_6: autoDraw = False
123.0220 	EXP 	Fixation_Play: autoDraw = True
123.5028 	EXP 	Sound  reached end of file
123.5029 	EXP 	Sound  started
123.9865 	EXP 	Sound  reached end of file
123.9866 	EXP 	Sound  started
124.4215 	EXP 	Fixation_Play: autoDraw = False
124.4698 	EXP 	Sound  reached end of file
124.4715 	EXP 	Sound  started
124.4728 	EXP 	Created sequence: sequential, trialTypes=1, nReps=3, seed=None
124.4731 	EXP 	New trial (rep=0, index=0): None
124.4731 	EXP 	Sound  started
124.4882 	EXP 	Fixation_Play: autoDraw = False
124.4882 	EXP 	disp_answer: autoDraw = True
125.2431 	DATA 	Keypress: return
125.2628 	EXP 	New trial (rep=1, index=0): None
125.2628 	EXP 	Sound  started
125.2711 	EXP 	disp_answer: autoDraw = False
125.2711 	EXP 	disp_answer: autoDraw = True
125.4601 	DATA 	Keypress: return
125.4783 	EXP 	New trial (rep=2, index=0): None
125.4784 	EXP 	Sound  started
125.4878 	EXP 	disp_answer: autoDraw = False
125.4878 	EXP 	disp_answer: autoDraw = True
125.6929 	DATA 	Keypress: return
125.7121 	EXP 	Sound  started
125.7128 	EXP 	New trial (rep=0, index=5): {'TrialID': 5.0, 'NFB_digit1': 9.0, 'NFB_digit2': 5.0, 'NFB_digit3': 6.0, 'Speaker_trial': 61.0, 'NV_trial': 1.0, 'Triggered_trial': 0.0, 'Jitter_trial': 2.0}
125.7156 	EXP 	Sound  started
125.7377 	EXP 	disp_answer: autoDraw = False
125.7377 	EXP 	text_nextblock: text = ''
125.7377 	EXP 	text_nextblock: autoDraw = False
125.7377 	EXP 	Fixation: autoDraw = True
125.7377 	EXP 	text_6: autoDraw = True
130.4396 	EXP 	Sound  stopped
130.4423 	EXP 	Sound  started
130.4526 	EXP 	Fixation: autoDraw = False
130.4526 	EXP 	text_6: autoDraw = False
130.4526 	EXP 	Fixation_Play: autoDraw = True
130.9296 	EXP 	Sound  reached end of file
130.9297 	EXP 	Sound  started
131.4134 	EXP 	Sound  reached end of file
131.4134 	EXP 	Sound  started
131.8520 	EXP 	Fixation_Play: autoDraw = False
131.8868 	EXP 	Sound  reached end of file
131.8886 	EXP 	Sound  started
131.8899 	EXP 	Created sequence: sequential, trialTypes=1, nReps=3, seed=None
131.8901 	EXP 	New trial (rep=0, index=0): None
131.8902 	EXP 	Sound  started
131.9020 	EXP 	Fixation_Play: autoDraw = False
131.9020 	EXP 	disp_answer: autoDraw = True
132.8067 	DATA 	Keypress: return
132.8257 	EXP 	New trial (rep=1, index=0): None
132.8258 	EXP 	Sound  started
132.8349 	EXP 	disp_answer: autoDraw = False
132.8349 	EXP 	disp_answer: autoDraw = True
133.0071 	DATA 	Keypress: return
133.0262 	EXP 	New trial (rep=2, index=0): None
133.0263 	EXP 	Sound  started
133.0349 	EXP 	disp_answer: autoDraw = False
133.0349 	EXP 	disp_answer: autoDraw = True
133.2241 	DATA 	Keypress: return
133.2590 	EXP 	Sound  started
133.2598 	EXP 	New trial (rep=0, index=6): {'TrialID': 6.0, 'NFB_digit1': 9.0, 'NFB_digit2': 8.0, 'NFB_digit3': 2.0, 'Speaker_trial': 49.0, 'NV_trial': 1.0, 'Triggered_trial': 1.0, 'Jitter_trial': 0.0}
133.2627 	EXP 	Sound  started
133.2848 	EXP 	disp_answer: autoDraw = False
133.2848 	EXP 	text_nextblock: text = ''
133.2848 	EXP 	text_nextblock: autoDraw = False
133.2848 	EXP 	Fixation: autoDraw = True
133.2848 	EXP 	text_6: autoDraw = True
137.4744 	DATA 	Keypress: return
137.6622 	DATA 	Keypress: return
137.8571 	DATA 	Keypress: return
139.6545 	EXP 	Sound  stopped
139.6569 	EXP 	Sound  started
139.6657 	EXP 	Fixation: autoDraw = False
139.6657 	EXP 	text_6: autoDraw = False
139.6657 	EXP 	Fixation_Play: autoDraw = True
140.1445 	EXP 	Sound  reached end of file
140.1445 	EXP 	Sound  started
140.6172 	EXP 	Sound  reached end of file
140.6172 	EXP 	Sound  started
141.0652 	EXP 	Fixation_Play: autoDraw = False
141.1009 	EXP 	Sound  reached end of file
141.1026 	EXP 	Sound  started
141.1039 	EXP 	Created sequence: sequential, trialTypes=1, nReps=3, seed=None
141.1041 	EXP 	New trial (rep=0, index=0): None
141.1042 	EXP 	Sound  started
141.1152 	EXP 	Fixation_Play: autoDraw = False
141.1152 	EXP 	disp_answer: autoDraw = True
143.2696 	DATA 	Keypress: return
143.2879 	EXP 	New trial (rep=1, index=0): None
143.2881 	EXP 	Sound  started
143.2977 	EXP 	disp_answer: autoDraw = False
143.2977 	EXP 	disp_answer: autoDraw = True
143.4701 	DATA 	Keypress: return
143.4881 	EXP 	New trial (rep=2, index=0): None
143.4882 	EXP 	Sound  started
143.4976 	EXP 	disp_answer: autoDraw = False
143.4976 	EXP 	disp_answer: autoDraw = True
143.6699 	DATA 	Keypress: return
143.6880 	EXP 	Sound  started
143.6887 	EXP 	New trial (rep=0, index=7): {'TrialID': 7.0, 'NFB_digit1': 2.0, 'NFB_digit2': 9.0, 'NFB_digit3': 0.0, 'Speaker_trial': 13.0, 'NV_trial': 1.0, 'Triggered_trial': 0.0, 'Jitter_trial': -2.0}
143.6913 	EXP 	Sound  started
143.7142 	EXP 	disp_answer: autoDraw = False
143.7142 	EXP 	text_nextblock: text = ''
143.7142 	EXP 	text_nextblock: autoDraw = False
143.7142 	EXP 	Fixation: autoDraw = True
143.7142 	EXP 	text_6: autoDraw = True
148.1784 	EXP 	Sound  stopped
148.1810 	EXP 	Sound  started
148.1959 	EXP 	Fixation: autoDraw = False
148.1959 	EXP 	text_6: autoDraw = False
148.1959 	EXP 	Fixation_Play: autoDraw = True
148.6574 	EXP 	Sound  reached end of file
148.6575 	EXP 	Sound  started
149.1411 	EXP 	Sound  reached end of file
149.1412 	EXP 	Sound  started
149.5953 	EXP 	Fixation_Play: autoDraw = False
149.6244 	EXP 	Sound  reached end of file
149.6262 	EXP 	Sound  started
149.6274 	EXP 	Created sequence: sequential, trialTypes=1, nReps=3, seed=None
149.6276 	EXP 	New trial (rep=0, index=0): None
149.6277 	EXP 	Sound  started
149.6453 	EXP 	Fixation_Play: autoDraw = False
149.6453 	EXP 	disp_answer: autoDraw = True
150.1002 	DATA 	Keypress: return
150.1196 	EXP 	New trial (rep=1, index=0): None
150.1197 	EXP 	Sound  started
150.1283 	EXP 	disp_answer: autoDraw = False
150.1283 	EXP 	disp_answer: autoDraw = True
150.3500 	DATA 	Keypress: return
150.3690 	EXP 	New trial (rep=2, index=0): None
150.3691 	EXP 	Sound  started
150.3783 	EXP 	disp_answer: autoDraw = False
150.3783 	EXP 	disp_answer: autoDraw = True
150.5508 	DATA 	Keypress: return
150.5851 	EXP 	Sound  stopped
150.5872 	EXP 	Sound  started
150.6449 	EXP 	disp_answer: autoDraw = False
150.6449 	EXP 	text_nextblock: text = 'Du hast den ersten Block geschafft, Glückwunsch! Du kannst Dich kurz entspannen, wenn nötig.\n        \n        Sobald Du bereit bist, um den nächsten Block zu starten, kannst Du auf "Enter" drücken.\n        \n        Weiterhin gilt: Solange das Fixationskreuz sichtbar ist, bewege Dich bitte nicht.'
150.6449 	EXP 	text_nextblock: autoDraw = True
157.2301 	EXP 	New trial (rep=0, index=8): {'TrialID': 8.0, 'NFB_digit1': 4.0, 'NFB_digit2': 9.0, 'NFB_digit3': 6.0, 'Speaker_trial': 33.0, 'NV_trial': 1.0, 'Triggered_trial': 1.0, 'Jitter_trial': 0.0}
157.2328 	EXP 	Sound  started
157.2396 	DATA 	Keypress: return
157.2424 	EXP 	text_nextblock: autoDraw = False
157.2424 	EXP 	Fixation: autoDraw = True
157.2424 	EXP 	text_6: autoDraw = True
174.1561 	EXP 	Sound  stopped
174.1587 	EXP 	Sound  started
174.1693 	EXP 	Fixation: autoDraw = False
174.1693 	EXP 	text_6: autoDraw = False
174.1693 	EXP 	Fixation_Play: autoDraw = True
174.6461 	EXP 	Sound  reached end of file
174.6462 	EXP 	Sound  started
175.1296 	EXP 	Sound  reached end of file
175.1297 	EXP 	Sound  started
175.5688 	EXP 	Fixation_Play: autoDraw = False
175.6133 	EXP 	Sound  reached end of file
175.6151 	EXP 	Sound  started
175.6163 	EXP 	Created sequence: sequential, trialTypes=1, nReps=3, seed=None
175.6166 	EXP 	New trial (rep=0, index=0): None
175.6166 	EXP 	Sound  started
175.6354 	EXP 	Fixation_Play: autoDraw = False
175.6354 	EXP 	disp_answer: autoDraw = True
176.3910 	DATA 	Keypress: return
176.4093 	EXP 	New trial (rep=1, index=0): None
176.4094 	EXP 	Sound  started
176.4185 	EXP 	disp_answer: autoDraw = False
176.4185 	EXP 	disp_answer: autoDraw = True
176.6237 	DATA 	Keypress: return
176.6418 	EXP 	New trial (rep=2, index=0): None
176.6419 	EXP 	Sound  started
176.6517 	EXP 	disp_answer: autoDraw = False
176.6517 	EXP 	disp_answer: autoDraw = True
176.8235 	DATA 	Keypress: return
176.8427 	EXP 	Sound  started
176.8438 	EXP 	New trial (rep=0, index=9): {'TrialID': 9.0, 'NFB_digit1': 2.0, 'NFB_digit2': 8.0, 'NFB_digit3': 9.0, 'Speaker_trial': 14.0, 'NV_trial': 1.0, 'Triggered_trial': 0.0, 'Jitter_trial': 1.0}
176.8466 	EXP 	Sound  started
176.8683 	EXP 	disp_answer: autoDraw = False
176.8683 	EXP 	text_nextblock: text = ''
176.8683 	EXP 	text_nextblock: autoDraw = False
176.8683 	EXP 	Fixation: autoDraw = True
176.8683 	EXP 	text_6: autoDraw = True
182.9301 	EXP 	Sound  stopped
182.9328 	EXP 	Sound  started
182.9493 	EXP 	Fixation: autoDraw = False
182.9493 	EXP 	text_6: autoDraw = False
182.9493 	EXP 	Fixation_Play: autoDraw = True
183.4201 	EXP 	Sound  reached end of file
183.4201 	EXP 	Sound  started
183.9038 	EXP 	Sound  reached end of file
183.9039 	EXP 	Sound  started
184.3488 	EXP 	Fixation_Play: autoDraw = False
184.3765 	EXP 	Sound  reached end of file
184.3782 	EXP 	Sound  started
184.3795 	EXP 	Created sequence: sequential, trialTypes=1, nReps=3, seed=None
184.3798 	EXP 	New trial (rep=0, index=0): None
184.3799 	EXP 	Sound  started
184.3988 	EXP 	Fixation_Play: autoDraw = False
184.3988 	EXP 	disp_answer: autoDraw = True
185.0043 	DATA 	Keypress: return
185.0218 	EXP 	New trial (rep=1, index=0): None
185.0219 	EXP 	Sound  started
185.0318 	EXP 	disp_answer: autoDraw = False
185.0318 	EXP 	disp_answer: autoDraw = True
185.2201 	DATA 	Keypress: return
185.2393 	EXP 	New trial (rep=2, index=0): None
185.2394 	EXP 	Sound  started
185.2484 	EXP 	disp_answer: autoDraw = False
185.2484 	EXP 	disp_answer: autoDraw = True
185.4207 	DATA 	Keypress: return
185.4378 	EXP 	Sound  started
185.4385 	EXP 	New trial (rep=0, index=10): {'TrialID': 10.0, 'NFB_digit1': 9.0, 'NFB_digit2': 1.0, 'NFB_digit3': 3.0, 'Speaker_trial': 7.0, 'NV_trial': 1.0, 'Triggered_trial': 1.0, 'Jitter_trial': 0.0}
185.4413 	EXP 	Sound  started
185.4651 	EXP 	disp_answer: autoDraw = False
185.4651 	EXP 	text_nextblock: text = ''
185.4651 	EXP 	text_nextblock: autoDraw = False
185.4651 	EXP 	Fixation: autoDraw = True
185.4651 	EXP 	text_6: autoDraw = True
202.6927 	EXP 	Sound  stopped
202.6952 	EXP 	Sound  started
202.7085 	EXP 	Fixation: autoDraw = False
202.7085 	EXP 	text_6: autoDraw = False
202.7085 	EXP 	Fixation_Play: autoDraw = True
203.1827 	EXP 	Sound  reached end of file
203.1828 	EXP 	Sound  started
203.6584 	EXP 	Sound  reached end of file
203.6585 	EXP 	Sound  started
204.1080 	EXP 	Fixation_Play: autoDraw = False
204.1389 	EXP 	Sound  reached end of file
204.1407 	EXP 	Sound  started
204.1421 	EXP 	Created sequence: sequential, trialTypes=1, nReps=3, seed=None
204.1423 	EXP 	New trial (rep=0, index=0): None
204.1424 	EXP 	Sound  started
204.1580 	EXP 	Fixation_Play: autoDraw = False
204.1580 	EXP 	disp_answer: autoDraw = True
204.8129 	DATA 	Keypress: return
204.8324 	EXP 	New trial (rep=1, index=0): None
204.8325 	EXP 	Sound  started
204.8410 	EXP 	disp_answer: autoDraw = False
204.8410 	EXP 	disp_answer: autoDraw = True
205.0799 	DATA 	Keypress: return
205.1138 	EXP 	New trial (rep=2, index=0): None
205.1139 	EXP 	Sound  started
205.1242 	EXP 	disp_answer: autoDraw = False
205.1242 	EXP 	disp_answer: autoDraw = True
205.3462 	DATA 	Keypress: return
205.3812 	EXP 	Sound  started
205.3819 	EXP 	New trial (rep=0, index=11): {'TrialID': 11.0, 'NFB_digit1': 9.0, 'NFB_digit2': 1.0, 'NFB_digit3': 3.0, 'Speaker_trial': 13.0, 'NV_trial': 1.0, 'Triggered_trial': 0.0, 'Jitter_trial': 1.0}
205.3846 	EXP 	Sound  started
205.4075 	EXP 	disp_answer: autoDraw = False
205.4075 	EXP 	text_nextblock: text = ''
205.4075 	EXP 	text_nextblock: autoDraw = False
205.4075 	EXP 	Fixation: autoDraw = True
205.4075 	EXP 	text_6: autoDraw = True
211.4697 	EXP 	Sound  stopped
211.4722 	EXP 	Sound  started
211.4885 	EXP 	Fixation: autoDraw = False
211.4885 	EXP 	text_6: autoDraw = False
211.4885 	EXP 	Fixation_Play: autoDraw = True
211.9597 	EXP 	Sound  reached end of file
211.9597 	EXP 	Sound  started
212.4419 	EXP 	Sound  reached end of file
212.4420 	EXP 	Sound  started
212.8880 	EXP 	Fixation_Play: autoDraw = False
212.9256 	EXP 	Sound  reached end of file
212.9274 	EXP 	Sound  started
212.9287 	EXP 	Created sequence: sequential, trialTypes=1, nReps=3, seed=None
212.9289 	EXP 	New trial (rep=0, index=0): None
212.9290 	EXP 	Sound  started
212.9380 	EXP 	Fixation_Play: autoDraw = False
212.9380 	EXP 	disp_answer: autoDraw = True
213.5262 	DATA 	Keypress: return
213.5456 	EXP 	New trial (rep=1, index=0): None
213.5457 	EXP 	Sound  started
213.5544 	EXP 	disp_answer: autoDraw = False
213.5544 	EXP 	disp_answer: autoDraw = True
213.7435 	DATA 	Keypress: return
213.7618 	EXP 	New trial (rep=2, index=0): None
213.7619 	EXP 	Sound  started
213.7710 	EXP 	disp_answer: autoDraw = False
213.7710 	EXP 	disp_answer: autoDraw = True
213.9435 	DATA 	Keypress: return
213.9616 	EXP 	Sound  started
213.9623 	EXP 	New trial (rep=0, index=12): {'TrialID': 12.0, 'NFB_digit1': 2.0, 'NFB_digit2': 4.0, 'NFB_digit3': 0.0, 'Speaker_trial': 7.0, 'NV_trial': 1.0, 'Triggered_trial': 1.0, 'Jitter_trial': 0.0}
213.9653 	EXP 	Sound  started
213.9876 	EXP 	disp_answer: autoDraw = False
213.9876 	EXP 	text_nextblock: text = ''
213.9876 	EXP 	text_nextblock: autoDraw = False
213.9876 	EXP 	Fixation: autoDraw = True
213.9876 	EXP 	text_6: autoDraw = True
216.6393 	DATA 	Keypress: return
216.8968 	DATA 	Keypress: return
217.1535 	DATA 	Keypress: return
218.1908 	EXP 	Sound  stopped
218.1935 	EXP 	Sound  started
218.2026 	EXP 	Fixation: autoDraw = False
218.2026 	EXP 	text_6: autoDraw = False
218.2026 	EXP 	Fixation_Play: autoDraw = True
218.6807 	EXP 	Sound  reached end of file
218.6808 	EXP 	Sound  started
219.1642 	EXP 	Sound  reached end of file
219.1643 	EXP 	Sound  started
219.6022 	EXP 	Fixation_Play: autoDraw = False
219.6369 	EXP 	Sound  reached end of file
219.6386 	EXP 	Sound  started
219.6399 	EXP 	Created sequence: sequential, trialTypes=1, nReps=3, seed=None
219.6401 	EXP 	New trial (rep=0, index=0): None
219.6402 	EXP 	Sound  started
219.6521 	EXP 	Fixation_Play: autoDraw = False
219.6521 	EXP 	disp_answer: autoDraw = True
219.9241 	DATA 	Keypress: return
219.9436 	EXP 	New trial (rep=1, index=0): None
219.9437 	EXP 	Sound  started
219.9519 	EXP 	disp_answer: autoDraw = False
219.9519 	EXP 	disp_answer: autoDraw = True
220.1411 	DATA 	Keypress: return
220.1590 	EXP 	New trial (rep=2, index=0): None
220.1591 	EXP 	Sound  started
220.1685 	EXP 	disp_answer: autoDraw = False
220.1685 	EXP 	disp_answer: autoDraw = True
220.3737 	DATA 	Keypress: return
220.3928 	EXP 	Sound  started
220.3936 	EXP 	New trial (rep=0, index=13): {'TrialID': 13.0, 'NFB_digit1': 5.0, 'NFB_digit2': 0.0, 'NFB_digit3': 2.0, 'Speaker_trial': 33.0, 'NV_trial': 1.0, 'Triggered_trial': 0.0, 'Jitter_trial': -2.0}
220.3962 	EXP 	Sound  started
220.4185 	EXP 	disp_answer: autoDraw = False
220.4185 	EXP 	text_nextblock: text = ''
220.4185 	EXP 	text_nextblock: autoDraw = False
220.4185 	EXP 	Fixation: autoDraw = True
220.4185 	EXP 	text_6: autoDraw = True
222.7289 	EXP 	Sound  stopped
222.7313 	EXP 	Sound  started
222.7509 	EXP 	Fixation: autoDraw = False
222.7509 	EXP 	text_6: autoDraw = False
222.7509 	EXP 	Fixation_Play: autoDraw = True
223.2189 	EXP 	Sound  reached end of file
223.2190 	EXP 	Sound  started
223.7019 	EXP 	Sound  reached end of file
223.7020 	EXP 	Sound  started
223.7054 	DATA 	Keypress: return
223.9203 	DATA 	Keypress: return
224.1504 	EXP 	Fixation_Play: autoDraw = False
224.1530 	DATA 	Keypress: return
224.1856 	EXP 	Sound  reached end of file
224.1874 	EXP 	Sound  started
224.1886 	EXP 	Created sequence: sequential, trialTypes=1, nReps=3, seed=None
224.1889 	EXP 	New trial (rep=0, index=0): None
224.1889 	EXP 	Sound  started
224.2004 	EXP 	Fixation_Play: autoDraw = False
224.2004 	EXP 	disp_answer: autoDraw = True
230.1865 	DATA 	Keypress: return
230.2059 	EXP 	New trial (rep=1, index=0): None
230.2060 	EXP 	Sound  started
230.2147 	EXP 	disp_answer: autoDraw = False
230.2147 	EXP 	disp_answer: autoDraw = True
230.3862 	DATA 	Keypress: return
230.4055 	EXP 	New trial (rep=2, index=0): None
230.4056 	EXP 	Sound  started
230.4147 	EXP 	disp_answer: autoDraw = False
230.4147 	EXP 	disp_answer: autoDraw = True
230.6203 	DATA 	Keypress: return
230.6393 	EXP 	Sound  started
230.6400 	EXP 	New trial (rep=0, index=14): {'TrialID': 14.0, 'NFB_digit1': 9.0, 'NFB_digit2': 0.0, 'NFB_digit3': 2.0, 'Speaker_trial': 48.0, 'NV_trial': 1.0, 'Triggered_trial': 1.0, 'Jitter_trial': 0.0}
230.6427 	EXP 	Sound  started
230.6646 	EXP 	disp_answer: autoDraw = False
230.6646 	EXP 	text_nextblock: text = ''
230.6646 	EXP 	text_nextblock: autoDraw = False
230.6646 	EXP 	Fixation: autoDraw = True
230.6646 	EXP 	text_6: autoDraw = True
235.2641 	DATA 	Keypress: return
235.4588 	DATA 	Keypress: return
235.7079 	DATA 	Keypress: return
237.8901 	DATA 	Keypress: return
238.1460 	DATA 	Keypress: return
238.3338 	DATA 	Keypress: return
239.5020 	EXP 	Sound  stopped
239.5044 	EXP 	Sound  started
239.5112 	EXP 	Fixation: autoDraw = False
239.5112 	EXP 	text_6: autoDraw = False
239.5112 	EXP 	Fixation_Play: autoDraw = True
239.9912 	EXP 	Sound  reached end of file
239.9913 	EXP 	Sound  started
240.2144 	DATA 	Keypress: return
240.4146 	DATA 	Keypress: return
240.4740 	EXP 	Sound  reached end of file
240.4741 	EXP 	Sound  started
240.6145 	DATA 	Keypress: return
240.9107 	EXP 	Fixation_Play: autoDraw = False
240.9467 	EXP 	Sound  reached end of file
240.9484 	EXP 	Sound  started
240.9497 	EXP 	Created sequence: sequential, trialTypes=1, nReps=3, seed=None
240.9500 	EXP 	New trial (rep=0, index=0): None
240.9501 	EXP 	Sound  started
240.9607 	EXP 	Fixation_Play: autoDraw = False
240.9607 	EXP 	disp_answer: autoDraw = True
242.4821 	DATA 	Keypress: return
242.5015 	EXP 	New trial (rep=1, index=0): None
242.5015 	EXP 	Sound  started
242.5101 	EXP 	disp_answer: autoDraw = False
242.5101 	EXP 	disp_answer: autoDraw = True
242.6989 	DATA 	Keypress: return
242.7181 	EXP 	New trial (rep=2, index=0): None
242.7182 	EXP 	Sound  started
242.7266 	EXP 	disp_answer: autoDraw = False
242.7266 	EXP 	disp_answer: autoDraw = True
242.9151 	DATA 	Keypress: return
242.9331 	EXP 	Sound  started
242.9338 	EXP 	New trial (rep=0, index=15): {'TrialID': 15.0, 'NFB_digit1': 9.0, 'NFB_digit2': 8.0, 'NFB_digit3': 4.0, 'Speaker_trial': 49.0, 'NV_trial': 1.0, 'Triggered_trial': 0.0, 'Jitter_trial': -2.0}
242.9363 	EXP 	Sound  started
242.9599 	EXP 	disp_answer: autoDraw = False
242.9599 	EXP 	text_nextblock: text = ''
242.9599 	EXP 	text_nextblock: autoDraw = False
242.9599 	EXP 	Fixation: autoDraw = True
242.9599 	EXP 	text_6: autoDraw = True
245.7574 	DATA 	Keypress: return
245.9521 	DATA 	Keypress: return
246.2116 	DATA 	Keypress: return
248.1312 	DATA 	Keypress: return
248.3184 	DATA 	Keypress: return
248.5163 	DATA 	Keypress: return
249.8703 	EXP 	Sound  stopped
249.8728 	EXP 	Sound  started
249.8906 	EXP 	Fixation: autoDraw = False
249.8906 	EXP 	text_6: autoDraw = False
249.8906 	EXP 	Fixation_Play: autoDraw = True
250.3603 	EXP 	Sound  reached end of file
250.3604 	EXP 	Sound  started
250.8436 	EXP 	Sound  reached end of file
250.8436 	EXP 	Sound  started
251.2901 	EXP 	Fixation_Play: autoDraw = False
251.3159 	EXP 	Sound  reached end of file
251.3176 	EXP 	Sound  started
251.3188 	EXP 	Created sequence: sequential, trialTypes=1, nReps=3, seed=None
251.3190 	EXP 	New trial (rep=0, index=0): None
251.3191 	EXP 	Sound  started
251.3401 	EXP 	Fixation_Play: autoDraw = False
251.3401 	EXP 	disp_answer: autoDraw = True
251.7290 	DATA 	Keypress: return
251.7645 	EXP 	New trial (rep=1, index=0): None
251.7646 	EXP 	Sound  started
251.7732 	EXP 	disp_answer: autoDraw = False
251.7732 	EXP 	disp_answer: autoDraw = True
251.9619 	DATA 	Keypress: return
251.9811 	EXP 	New trial (rep=2, index=0): None
251.9812 	EXP 	Sound  started
251.9898 	EXP 	disp_answer: autoDraw = False
251.9898 	EXP 	disp_answer: autoDraw = True
252.1618 	DATA 	Keypress: return
252.2110 	EXP 	Sound  stopped
252.2131 	EXP 	Sound  started
252.2397 	EXP 	disp_answer: autoDraw = False
252.2397 	EXP 	text_nextblock: text = 'Du hast den zweiten Block geschafft, Glückwunsch!\n        \n        Zeit für eine kurze Pause. Der/die VersuchsleiterIn wird in Kürze in den Raum kommen.\n        Sobald Du danach bereit bist, um den nächsten Block zu starten, kannst Du auf "Enter" drücken.'
252.2397 	EXP 	text_nextblock: autoDraw = True
270.8720 	DATA 	Keypress: escape
271.0630 	EXP 	window1: mouseVisible = True
