6.4361 	WARNING 	User requested fullscreen with size [1280  720], but screen is actually [2560, 1440]. Using actual size
9.2413 	EXP 	Created window1 = Window(allowGUI=False, allowStencil=False, autoLog=True, backendConf=UNKNOWN, bitsMode=UNKNOWN, blendMode='avg', bpc=(8, 8, 8), color=array([0, 0, 0]), colorSpace='rgb', depthBits=8, fullscr=<method-wrapper '__getattribute__' of attributeSetter object at 0x000002C28A688780>, gamma=None, gammaErrorPolicy='raise', lms=UNKNOWN, monitor=<psychopy.monitors.calibTools.Monitor object at 0x000002C28A6C7978>, multiSample=False, name='window1', numSamples=2, pos=[0.0, 0.0], screen=0, size=array([2560, 1440]), stencilBits=0, stereo=False, units='height', useFBO=True, useRetina=False, viewOri=0.0, viewPos=None, viewScale=None, waitBlanking=True, winType='pyglet')
9.2417 	EXP 	window1: mouseVisible = True
9.2417 	EXP 	window1: recordFrameIntervals = False
9.4079 	EXP 	window1: recordFrameIntervals = True
9.5911 	EXP 	window1: recordFrameIntervals = False
11.3839 	EXP 	Created Instructions_Background_Noise = TextStim(__class__=<class 'psychopy.visual.text.TextStim'>, alignHoriz=method-wrapper(...), alignText='center', alignVert=method-wrapper(...), anchorHoriz='center', anchorVert='center', antialias=True, autoLog=True, bold=False, color=array([-1., -1., -1.]), colorSpace='rgb', contrast=1.0, depth=-1.0, flipHoriz=False, flipVert=False, font='Arial', fontFiles=[], height=0.03, italic=False, languageStyle='LTR', name='Instructions_Background_Noise', opacity=1, ori=0, pos=array([0., 0.]), rgb=UNKNOWN, text=str(...), units='height', win=Window(...), wrapWidth=1)
11.4263 	EXP 	Created Fixation_cross_Test = TextStim(__class__=<class 'psychopy.visual.text.TextStim'>, alignHoriz=method-wrapper(...), alignText='center', alignVert=method-wrapper(...), anchorHoriz='center', anchorVert='center', antialias=True, autoLog=True, bold=False, color=array([-1., -1., -1.]), colorSpace='rgb', contrast=1.0, depth=-1.0, flipHoriz=False, flipVert=False, font='Arial', fontFiles=[], height=0.2, italic=False, languageStyle='LTR', name='Fixation_cross_Test', opacity=1, ori=0, pos=array([0., 0.]), rgb=UNKNOWN, text='+', units='height', win=Window(...), wrapWidth=1)
11.4672 	EXP 	Created text_practice = TextStim(__class__=<class 'psychopy.visual.text.TextStim'>, alignHoriz=method-wrapper(...), alignText='center', alignVert=method-wrapper(...), anchorHoriz='center', anchorVert='center', antialias=True, autoLog=True, bold=False, color=array([-1., -1., -1.]), colorSpace='rgb', contrast=1.0, depth=-1.0, flipHoriz=False, flipVert=False, font='Arial', fontFiles=[], height=0.03, italic=False, languageStyle='LTR', name='text_practice', opacity=1, ori=0, pos=array([0., 0.]), rgb=UNKNOWN, text=str(...), units='height', win=Window(...), wrapWidth=1)
11.4758 	EXP 	Sound Digit1_clear set volume 1.000
11.4840 	EXP 	Sound Digit2_clear set volume 1.000
11.4925 	EXP 	Sound Digit3_clear set volume 1.000
11.4946 	EXP 	Created text_practice_resp = TextStim(__class__=<class 'psychopy.visual.text.TextStim'>, alignHoriz=method-wrapper(...), alignText='center', alignVert=method-wrapper(...), anchorHoriz='center', anchorVert='center', antialias=True, autoLog=True, bold=False, color=array([-1., -1., -1.]), colorSpace='rgb', contrast=1.0, depth=-2.0, flipHoriz=False, flipVert=False, font='Arial', fontFiles=[], height=0.1, italic=False, languageStyle='LTR', name='text_practice_resp', opacity=1, ori=0, pos=array([0., 0.]), rgb=UNKNOWN, text='', units='height', win=Window(...), wrapWidth=1)
11.5179 	EXP 	Created text_practice_repeat = TextStim(__class__=<class 'psychopy.visual.text.TextStim'>, alignHoriz=method-wrapper(...), alignText='center', alignVert=method-wrapper(...), anchorHoriz='center', anchorVert='center', antialias=True, autoLog=True, bold=False, color=array([-1., -1., -1.]), colorSpace='rgb', contrast=1.0, depth=-1.0, flipHoriz=False, flipVert=False, font='Arial', fontFiles=[], height=0.05, italic=False, languageStyle='LTR', name='text_practice_repeat', opacity=1, ori=0, pos=array([0., 0.]), rgb=UNKNOWN, text=str(...), units='height', win=Window(...), wrapWidth=1)
11.5578 	EXP 	Created text_4 = TextStim(__class__=<class 'psychopy.visual.text.TextStim'>, alignHoriz=method-wrapper(...), alignText='center', alignVert=method-wrapper(...), anchorHoriz='center', anchorVert='center', antialias=True, autoLog=True, bold=False, color=array([-1., -1., -1.]), colorSpace='rgb', contrast=1.0, depth=-1.0, flipHoriz=False, flipVert=False, font='Arial', fontFiles=[], height=0.03, italic=False, languageStyle='LTR', name='text_4', opacity=1.0, ori=0.0, pos=array([0., 0.]), rgb=UNKNOWN, text=str(...), units='height', win=Window(...), wrapWidth=1)
11.5644 	EXP 	Created Fixation_ME = TextStim(__class__=<class 'psychopy.visual.text.TextStim'>, alignHoriz=method-wrapper(...), alignText='center', alignVert=method-wrapper(...), anchorHoriz='center', anchorVert='center', antialias=True, autoLog=True, bold=False, color=array([-1., -1., -1.]), colorSpace='rgb', contrast=1.0, depth=-1.0, flipHoriz=False, flipVert=False, font='Open Sans', fontFiles=[], height=0.1, italic=False, languageStyle='LTR', name='Fixation_ME', opacity=1.0, ori=0.0, pos=array([0., 0.]), rgb=UNKNOWN, text='+', units='height', win=Window(...), wrapWidth=1)
11.5734 	EXP 	Sound sound_digit_1_ME set volume 1.000
11.5822 	EXP 	Sound sound_digit_2_ME set volume 1.000
11.5913 	EXP 	Sound sound_digit_3_ME set volume 1.000
11.5928 	EXP 	Created text_2 = TextStim(__class__=<class 'psychopy.visual.text.TextStim'>, alignHoriz=method-wrapper(...), alignText='center', alignVert=method-wrapper(...), anchorHoriz='center', anchorVert='center', antialias=True, autoLog=True, bold=False, color=array([-1., -1., -1.]), colorSpace='rgb', contrast=1.0, depth=-4.0, flipHoriz=False, flipVert=False, font='Open Sans', fontFiles=[], height=0.1, italic=False, languageStyle='LTR', name='text_2', opacity=1.0, ori=0.0, pos=array([0., 0.]), rgb=UNKNOWN, text='', units='height', win=Window(...), wrapWidth=1)
11.5941 	EXP 	Created disp_answer_ME = TextStim(__class__=<class 'psychopy.visual.text.TextStim'>, alignHoriz=method-wrapper(...), alignText='center', alignVert=method-wrapper(...), anchorHoriz='center', anchorVert='center', antialias=True, autoLog=True, bold=False, color=array([-1., -1., -1.]), colorSpace='rgb', contrast=1.0, depth=-2.0, flipHoriz=False, flipVert=False, font='Arial', fontFiles=[], height=0.1, italic=False, languageStyle='LTR', name='disp_answer_ME', opacity=1.0, ori=0.0, pos=array([0., 0.]), rgb=UNKNOWN, text='', units='height', win=Window(...), wrapWidth=1)
11.5954 	EXP 	Created text_5 = TextStim(__class__=<class 'psychopy.visual.text.TextStim'>, alignHoriz=method-wrapper(...), alignText='center', alignVert=method-wrapper(...), anchorHoriz='center', anchorVert='center', antialias=True, autoLog=True, bold=False, color=array([1., 1., 1.]), colorSpace='rgb', contrast=1.0, depth=-1.0, flipHoriz=False, flipVert=False, font='Open Sans', fontFiles=[], height=0.1, italic=False, languageStyle='LTR', name='text_5', opacity=1, ori=0.0, pos=array([0., 0.]), rgb=UNKNOWN, text='', units='height', win=Window(...), wrapWidth=1)
11.5967 	EXP 	Created text_next_block_ME = TextStim(__class__=<class 'psychopy.visual.text.TextStim'>, alignHoriz=method-wrapper(...), alignText='center', alignVert=method-wrapper(...), anchorHoriz='center', anchorVert='center', antialias=True, autoLog=True, bold=False, color=array([1., 1., 1.]), colorSpace='rgb', contrast=1.0, depth=-1.0, flipHoriz=False, flipVert=False, font='Open Sans', fontFiles=[], height=0.1, italic=False, languageStyle='LTR', name='text_next_block_ME', opacity=1, ori=0.0, pos=array([0., 0.]), rgb=UNKNOWN, text='', units='height', win=Window(...), wrapWidth=1)
11.6544 	EXP 	Created text_break = TextStim(__class__=<class 'psychopy.visual.text.TextStim'>, alignHoriz=method-wrapper(...), alignText='center', alignVert=method-wrapper(...), anchorHoriz='center', anchorVert='center', antialias=True, autoLog=True, bold=False, color=array([-1., -1., -1.]), colorSpace='rgb', contrast=1.0, depth=-1.0, flipHoriz=False, flipVert=False, font='Arial', fontFiles=[], height=0.05, italic=False, languageStyle='LTR', name='text_break', opacity=1, ori=0, pos=array([0., 0.]), rgb=UNKNOWN, text=str(...), units='height', win=Window(...), wrapWidth=1)
11.6710 	EXP 	Created Fixation = TextStim(__class__=<class 'psychopy.visual.text.TextStim'>, alignHoriz=method-wrapper(...), alignText='center', alignVert=method-wrapper(...), anchorHoriz='center', anchorVert='center', antialias=True, autoLog=True, bold=False, color=array([-1., -1., -1.]), colorSpace='rgb', contrast=1.0, depth=-1.0, flipHoriz=False, flipVert=False, font='Arial', fontFiles=[], height=0.2, italic=False, languageStyle='LTR', name='Fixation', opacity=1, ori=0, pos=array([0., 0.]), rgb=UNKNOWN, text='+', units='height', win=Window(...), wrapWidth=1)
11.6725 	EXP 	Created text_6 = TextStim(__class__=<class 'psychopy.visual.text.TextStim'>, alignHoriz=method-wrapper(...), alignText='center', alignVert=method-wrapper(...), anchorHoriz='center', anchorVert='center', antialias=True, autoLog=True, bold=False, color=array([1., 1., 1.]), colorSpace='rgb', contrast=1.0, depth=-2.0, flipHoriz=False, flipVert=False, font='Open Sans', fontFiles=[], height=0.1, italic=False, languageStyle='LTR', name='text_6', opacity=1, ori=0.0, pos=array([ 0. , -0.1]), rgb=UNKNOWN, text='', units='height', win=Window(...), wrapWidth=1)
11.6750 	EXP 	Created Fixation_Play = TextStim(__class__=<class 'psychopy.visual.text.TextStim'>, alignHoriz=method-wrapper(...), alignText='center', alignVert=method-wrapper(...), anchorHoriz='center', anchorVert='center', antialias=True, autoLog=True, bold=False, color=array([-1., -1., -1.]), colorSpace='rgb', contrast=1.0, depth=-1.0, flipHoriz=False, flipVert=False, font='Arial', fontFiles=[], height=0.2, italic=False, languageStyle='LTR', name='Fixation_Play', opacity=1.0, ori=0.0, pos=array([0., 0.]), rgb=UNKNOWN, text='+', units='height', win=Window(...), wrapWidth=1)
11.6843 	EXP 	Sound sound_digit1 set volume 1.000
11.6957 	EXP 	Sound sound_digit2 set volume 1.000
11.7039 	EXP 	Sound sound_digit3 set volume 1.000
11.7054 	EXP 	Created disp_answer = TextStim(__class__=<class 'psychopy.visual.text.TextStim'>, alignHoriz=method-wrapper(...), alignText='center', alignVert=method-wrapper(...), anchorHoriz='center', anchorVert='center', antialias=True, autoLog=True, bold=False, color=array([-1., -1., -1.]), colorSpace='rgb', contrast=1.0, depth=-2.0, flipHoriz=False, flipVert=False, font='Arial', fontFiles=[], height=0.1, italic=False, languageStyle='LTR', name='disp_answer', opacity=1, ori=0, pos=array([0., 0.]), rgb=UNKNOWN, text='', units='height', win=Window(...), wrapWidth=1)
11.7067 	EXP 	Created text_nextblock = TextStim(__class__=<class 'psychopy.visual.text.TextStim'>, alignHoriz=method-wrapper(...), alignText='center', alignVert=method-wrapper(...), anchorHoriz='center', anchorVert='center', antialias=True, autoLog=True, bold=False, color=array([-1., -1., -1.]), colorSpace='rgb', contrast=1.0, depth=-1.0, flipHoriz=False, flipVert=False, font='Arial', fontFiles=[], height=0.05, italic=False, languageStyle='LTR', name='text_nextblock', opacity=1.0, ori=0.0, pos=array([0., 0.]), rgb=UNKNOWN, text='', units='height', win=Window(...), wrapWidth=1)
11.8884 	DATA 	Mouse: Left button down, pos=(1130,786)
11.8886 	DATA 	Mouse:  Left button up, pos=(1130,786)
11.8972 	EXP 	Instructions_Background_Noise: autoDraw = True
12.2592 	DATA 	Keypress: return
12.2614 	EXP 	Sound  started
12.2743 	EXP 	Instructions_Background_Noise: autoDraw = False
12.2743 	EXP 	Fixation_cross_Test: autoDraw = True
17.2720 	EXP 	Sound  stopped
17.2729 	EXP 	Created sequence: sequential, trialTypes=1, nReps=100, seed=None
17.2740 	EXP 	New trial (rep=0, index=0): None
17.2839 	EXP 	Fixation_cross_Test: autoDraw = False
17.2839 	EXP 	Fixation_cross_Test: autoDraw = False
17.2839 	EXP 	text_practice: autoDraw = True
18.5649 	EXP 	Imported data/practice_trials.xlsx as conditions, 1 conditions, 5 params
18.5656 	EXP 	Created sequence: sequential, trialTypes=1, nReps=1, seed=None
18.5663 	EXP 	New trial (rep=0, index=0): {'TrialID': 0.0, 'NFB_digit1': 6.0, 'NFB_digit2': 2.0, 'NFB_digit3': 4.0, 'Speaker_trial': 33.0}
18.5714 	EXP 	Sound Digit1_clear started
18.5739 	DATA 	Keypress: return
18.5775 	EXP 	text_practice: autoDraw = False
19.0541 	EXP 	Sound Digit1_clear reached end of file
19.0542 	EXP 	Sound Digit2_clear started
19.5358 	EXP 	Sound Digit2_clear reached end of file
19.5359 	EXP 	Sound Digit3_clear started
20.0079 	EXP 	Sound Digit3_clear reached end of file
20.0114 	EXP 	Created sequence: sequential, trialTypes=1, nReps=3, seed=None
20.0118 	EXP 	New trial (rep=0, index=0): None
20.0478 	EXP 	text_practice_resp: autoDraw = True
20.3126 	DATA 	Keypress: return
20.3373 	EXP 	New trial (rep=1, index=0): None
20.3505 	EXP 	text_practice_resp: autoDraw = False
20.3505 	EXP 	text_practice_resp: autoDraw = True
20.5296 	DATA 	Keypress: return
20.5526 	EXP 	New trial (rep=2, index=0): None
20.5666 	EXP 	text_practice_resp: autoDraw = False
20.5666 	EXP 	text_practice_resp: autoDraw = True
20.7634 	DATA 	Keypress: return
20.7962 	EXP 	text_practice_resp: autoDraw = False
20.7962 	EXP 	text_practice_repeat: autoDraw = True
21.4790 	DATA 	Keypress: return
21.5073 	EXP 	text_practice_repeat: autoDraw = False
21.5073 	EXP 	text_4: autoDraw = True
22.3742 	EXP 	Imported data/Stimuli_ME_cond.xlsx as conditions, 280 conditions, 8 params
22.3765 	EXP 	Created sequence: sequential, trialTypes=280, nReps=1, seed=None
22.3770 	EXP 	New trial (rep=0, index=0): {'TrialID_ME': 0.0, 'NFB_digit1_ME': 1.0, 'NFB_digit2_ME': 2.0, 'NFB_digit3_ME': 0.0, 'Speaker_trial_ME': 33.0, 'NV_trial_ME': 1.0, 'Triggered_trial_ME': 1.0, 'Jitter_trial_ME': 0.0}
22.3798 	EXP 	Sound  set loops 2
22.3799 	EXP 	Sound  started
23.0481 	DATA 	Keypress: return
23.0523 	EXP 	text_4: autoDraw = False
23.0523 	EXP 	Fixation_ME: autoDraw = True
24.4743 	EXP 	Sound sound_digit_1_ME started
24.4818 	EXP 	Fixation_ME: autoDraw = False
24.4818 	EXP 	text_2: text = 0
24.4818 	EXP 	text_2: autoDraw = True
24.9604 	EXP 	Sound sound_digit_1_ME reached end of file
24.9689 	EXP 	Sound sound_digit_2_ME started
24.9689 	EXP 	Sound sound_digit_3_ME started
25.4525 	EXP 	Sound sound_digit_2_ME reached end of file
25.4527 	EXP 	Sound sound_digit_3_ME reached end of file
25.4779 	EXP 	Created sequence: sequential, trialTypes=1, nReps=3, seed=None
25.4782 	EXP 	New trial (rep=0, index=0): None
25.4783 	EXP 	Sound  started
25.4996 	EXP 	text_2: autoDraw = False
25.4996 	EXP 	text_2: autoDraw = False
25.4996 	EXP 	disp_answer_ME: autoDraw = True
29.0283 	DATA 	Keypress: return
30.4450 	EXP 	window1: mouseVisible = True
