5.3405 	WARNING 	User requested fullscreen with size [1280  720], but screen is actually [2560, 1440]. Using actual size
8.3943 	EXP 	Created window1 = Window(allowGUI=False, allowStencil=False, autoLog=True, backendConf=UNKNOWN, bitsMode=UNKNOWN, blendMode='avg', bpc=(8, 8, 8), color=array([0, 0, 0]), colorSpace='rgb', depthBits=8, fullscr=<method-wrapper '__getattribute__' of attributeSetter object at 0x00000216D5C177F0>, gamma=None, gammaErrorPolicy='raise', lms=UNKNOWN, monitor=<psychopy.monitors.calibTools.Monitor object at 0x00000216D5C579E8>, multiSample=False, name='window1', numSamples=2, pos=[0.0, 0.0], screen=0, size=array([2560, 1440]), stencilBits=0, stereo=False, units='height', useFBO=True, useRetina=False, viewOri=0.0, viewPos=None, viewScale=None, waitBlanking=True, winType='pyglet')
8.3950 	EXP 	window1: mouseVisible = True
8.3950 	EXP 	window1: recordFrameIntervals = False
8.5609 	EXP 	window1: recordFrameIntervals = True
8.7442 	EXP 	window1: recordFrameIntervals = False
10.6002 	EXP 	Created Instructions_Background_Noise = TextStim(__class__=<class 'psychopy.visual.text.TextStim'>, alignHoriz=method-wrapper(...), alignText='center', alignVert=method-wrapper(...), anchorHoriz='center', anchorVert='center', antialias=True, autoLog=True, bold=False, color=array([-1., -1., -1.]), colorSpace='rgb', contrast=1.0, depth=-1.0, flipHoriz=False, flipVert=False, font='Arial', fontFiles=[], height=0.03, italic=False, languageStyle='LTR', name='Instructions_Background_Noise', opacity=1, ori=0, pos=array([0., 0.]), rgb=UNKNOWN, text=str(...), units='height', win=Window(...), wrapWidth=1)
10.6469 	EXP 	Created Fixation_cross_Test = TextStim(__class__=<class 'psychopy.visual.text.TextStim'>, alignHoriz=method-wrapper(...), alignText='center', alignVert=method-wrapper(...), anchorHoriz='center', anchorVert='center', antialias=True, autoLog=True, bold=False, color=array([-1., -1., -1.]), colorSpace='rgb', contrast=1.0, depth=-1.0, flipHoriz=False, flipVert=False, font='Arial', fontFiles=[], height=0.2, italic=False, languageStyle='LTR', name='Fixation_cross_Test', opacity=1, ori=0, pos=array([0., 0.]), rgb=UNKNOWN, text='+', units='height', win=Window(...), wrapWidth=1)
10.6894 	EXP 	Created text_practice = TextStim(__class__=<class 'psychopy.visual.text.TextStim'>, alignHoriz=method-wrapper(...), alignText='center', alignVert=method-wrapper(...), anchorHoriz='center', anchorVert='center', antialias=True, autoLog=True, bold=False, color=array([-1., -1., -1.]), colorSpace='rgb', contrast=1.0, depth=-1.0, flipHoriz=False, flipVert=False, font='Arial', fontFiles=[], height=0.03, italic=False, languageStyle='LTR', name='text_practice', opacity=1, ori=0, pos=array([0., 0.]), rgb=UNKNOWN, text=str(...), units='height', win=Window(...), wrapWidth=1)
10.7039 	EXP 	Sound Digit1_clear set volume 1.000
10.7176 	EXP 	Sound Digit2_clear set volume 1.000
10.7286 	EXP 	Sound Digit3_clear set volume 1.000
10.7314 	EXP 	Created text_practice_resp = TextStim(__class__=<class 'psychopy.visual.text.TextStim'>, alignHoriz=method-wrapper(...), alignText='center', alignVert=method-wrapper(...), anchorHoriz='center', anchorVert='center', antialias=True, autoLog=True, bold=False, color=array([-1., -1., -1.]), colorSpace='rgb', contrast=1.0, depth=-2.0, flipHoriz=False, flipVert=False, font='Arial', fontFiles=[], height=0.1, italic=False, languageStyle='LTR', name='text_practice_resp', opacity=1, ori=0, pos=array([0., 0.]), rgb=UNKNOWN, text='', units='height', win=Window(...), wrapWidth=1)
10.7586 	EXP 	Created text_practice_repeat = TextStim(__class__=<class 'psychopy.visual.text.TextStim'>, alignHoriz=method-wrapper(...), alignText='center', alignVert=method-wrapper(...), anchorHoriz='center', anchorVert='center', antialias=True, autoLog=True, bold=False, color=array([-1., -1., -1.]), colorSpace='rgb', contrast=1.0, depth=-1.0, flipHoriz=False, flipVert=False, font='Arial', fontFiles=[], height=0.05, italic=False, languageStyle='LTR', name='text_practice_repeat', opacity=1, ori=0, pos=array([0., 0.]), rgb=UNKNOWN, text=str(...), units='height', win=Window(...), wrapWidth=1)
10.8103 	EXP 	Created text_4 = TextStim(__class__=<class 'psychopy.visual.text.TextStim'>, alignHoriz=method-wrapper(...), alignText='center', alignVert=method-wrapper(...), anchorHoriz='center', anchorVert='center', antialias=True, autoLog=True, bold=False, color=array([-1., -1., -1.]), colorSpace='rgb', contrast=1.0, depth=-1.0, flipHoriz=False, flipVert=False, font='Arial', fontFiles=[], height=0.03, italic=False, languageStyle='LTR', name='text_4', opacity=1.0, ori=0.0, pos=array([0., 0.]), rgb=UNKNOWN, text=str(...), units='height', win=Window(...), wrapWidth=1)
10.8174 	EXP 	Created Fixation_ME = TextStim(__class__=<class 'psychopy.visual.text.TextStim'>, alignHoriz=method-wrapper(...), alignText='center', alignVert=method-wrapper(...), anchorHoriz='center', anchorVert='center', antialias=True, autoLog=True, bold=False, color=array([-1., -1., -1.]), colorSpace='rgb', contrast=1.0, depth=-1.0, flipHoriz=False, flipVert=False, font='Open Sans', fontFiles=[], height=0.1, italic=False, languageStyle='LTR', name='Fixation_ME', opacity=1.0, ori=0.0, pos=array([0., 0.]), rgb=UNKNOWN, text='+', units='height', win=Window(...), wrapWidth=1)
10.8273 	EXP 	Sound sound_digit_1_ME set volume 1.000
10.8371 	EXP 	Sound sound_digit_2_ME set volume 1.000
10.8477 	EXP 	Sound sound_digit_3_ME set volume 1.000
10.8493 	EXP 	Created text_2 = TextStim(__class__=<class 'psychopy.visual.text.TextStim'>, alignHoriz=method-wrapper(...), alignText='center', alignVert=method-wrapper(...), anchorHoriz='center', anchorVert='center', antialias=True, autoLog=True, bold=False, color=array([-1., -1., -1.]), colorSpace='rgb', contrast=1.0, depth=-4.0, flipHoriz=False, flipVert=False, font='Open Sans', fontFiles=[], height=0.1, italic=False, languageStyle='LTR', name='text_2', opacity=1.0, ori=0.0, pos=array([0., 0.]), rgb=UNKNOWN, text='', units='height', win=Window(...), wrapWidth=1)
10.8507 	EXP 	Created disp_answer_ME = TextStim(__class__=<class 'psychopy.visual.text.TextStim'>, alignHoriz=method-wrapper(...), alignText='center', alignVert=method-wrapper(...), anchorHoriz='center', anchorVert='center', antialias=True, autoLog=True, bold=False, color=array([-1., -1., -1.]), colorSpace='rgb', contrast=1.0, depth=-2.0, flipHoriz=False, flipVert=False, font='Arial', fontFiles=[], height=0.1, italic=False, languageStyle='LTR', name='disp_answer_ME', opacity=1.0, ori=0.0, pos=array([0., 0.]), rgb=UNKNOWN, text='', units='height', win=Window(...), wrapWidth=1)
10.8522 	EXP 	Created text_5 = TextStim(__class__=<class 'psychopy.visual.text.TextStim'>, alignHoriz=method-wrapper(...), alignText='center', alignVert=method-wrapper(...), anchorHoriz='center', anchorVert='center', antialias=True, autoLog=True, bold=False, color=array([1., 1., 1.]), colorSpace='rgb', contrast=1.0, depth=-1.0, flipHoriz=False, flipVert=False, font='Open Sans', fontFiles=[], height=0.1, italic=False, languageStyle='LTR', name='text_5', opacity=1, ori=0.0, pos=array([0., 0.]), rgb=UNKNOWN, text='', units='height', win=Window(...), wrapWidth=1)
10.8536 	EXP 	Created text_next_block_ME = TextStim(__class__=<class 'psychopy.visual.text.TextStim'>, alignHoriz=method-wrapper(...), alignText='center', alignVert=method-wrapper(...), anchorHoriz='center', anchorVert='center', antialias=True, autoLog=True, bold=False, color=array([1., 1., 1.]), colorSpace='rgb', contrast=1.0, depth=-1.0, flipHoriz=False, flipVert=False, font='Open Sans', fontFiles=[], height=0.1, italic=False, languageStyle='LTR', name='text_next_block_ME', opacity=1, ori=0.0, pos=array([0., 0.]), rgb=UNKNOWN, text='', units='height', win=Window(...), wrapWidth=1)
10.9171 	EXP 	Created text_break = TextStim(__class__=<class 'psychopy.visual.text.TextStim'>, alignHoriz=method-wrapper(...), alignText='center', alignVert=method-wrapper(...), anchorHoriz='center', anchorVert='center', antialias=True, autoLog=True, bold=False, color=array([-1., -1., -1.]), colorSpace='rgb', contrast=1.0, depth=-1.0, flipHoriz=False, flipVert=False, font='Arial', fontFiles=[], height=0.05, italic=False, languageStyle='LTR', name='text_break', opacity=1, ori=0, pos=array([0., 0.]), rgb=UNKNOWN, text=str(...), units='height', win=Window(...), wrapWidth=1)
10.9343 	EXP 	Created Fixation = TextStim(__class__=<class 'psychopy.visual.text.TextStim'>, alignHoriz=method-wrapper(...), alignText='center', alignVert=method-wrapper(...), anchorHoriz='center', anchorVert='center', antialias=True, autoLog=True, bold=False, color=array([-1., -1., -1.]), colorSpace='rgb', contrast=1.0, depth=-1.0, flipHoriz=False, flipVert=False, font='Arial', fontFiles=[], height=0.2, italic=False, languageStyle='LTR', name='Fixation', opacity=1, ori=0, pos=array([0., 0.]), rgb=UNKNOWN, text='+', units='height', win=Window(...), wrapWidth=1)
10.9359 	EXP 	Created text_6 = TextStim(__class__=<class 'psychopy.visual.text.TextStim'>, alignHoriz=method-wrapper(...), alignText='center', alignVert=method-wrapper(...), anchorHoriz='center', anchorVert='center', antialias=True, autoLog=True, bold=False, color=array([1., 1., 1.]), colorSpace='rgb', contrast=1.0, depth=-2.0, flipHoriz=False, flipVert=False, font='Open Sans', fontFiles=[], height=0.1, italic=False, languageStyle='LTR', name='text_6', opacity=1, ori=0.0, pos=array([ 0. , -0.1]), rgb=UNKNOWN, text='', units='height', win=Window(...), wrapWidth=1)
10.9387 	EXP 	Created Fixation_Play = TextStim(__class__=<class 'psychopy.visual.text.TextStim'>, alignHoriz=method-wrapper(...), alignText='center', alignVert=method-wrapper(...), anchorHoriz='center', anchorVert='center', antialias=True, autoLog=True, bold=False, color=array([-1., -1., -1.]), colorSpace='rgb', contrast=1.0, depth=-1.0, flipHoriz=False, flipVert=False, font='Arial', fontFiles=[], height=0.2, italic=False, languageStyle='LTR', name='Fixation_Play', opacity=1.0, ori=0.0, pos=array([0., 0.]), rgb=UNKNOWN, text='+', units='height', win=Window(...), wrapWidth=1)
10.9483 	EXP 	Sound sound_digit1 set volume 1.000
10.9583 	EXP 	Sound sound_digit2 set volume 1.000
10.9689 	EXP 	Sound sound_digit3 set volume 1.000
10.9707 	EXP 	Created disp_answer = TextStim(__class__=<class 'psychopy.visual.text.TextStim'>, alignHoriz=method-wrapper(...), alignText='center', alignVert=method-wrapper(...), anchorHoriz='center', anchorVert='center', antialias=True, autoLog=True, bold=False, color=array([-1., -1., -1.]), colorSpace='rgb', contrast=1.0, depth=-2.0, flipHoriz=False, flipVert=False, font='Arial', fontFiles=[], height=0.1, italic=False, languageStyle='LTR', name='disp_answer', opacity=1, ori=0, pos=array([0., 0.]), rgb=UNKNOWN, text='', units='height', win=Window(...), wrapWidth=1)
10.9722 	EXP 	Created text_nextblock = TextStim(__class__=<class 'psychopy.visual.text.TextStim'>, alignHoriz=method-wrapper(...), alignText='center', alignVert=method-wrapper(...), anchorHoriz='center', anchorVert='center', antialias=True, autoLog=True, bold=False, color=array([-1., -1., -1.]), colorSpace='rgb', contrast=1.0, depth=-1.0, flipHoriz=False, flipVert=False, font='Arial', fontFiles=[], height=0.05, italic=False, languageStyle='LTR', name='text_nextblock', opacity=1.0, ori=0.0, pos=array([0., 0.]), rgb=UNKNOWN, text='', units='height', win=Window(...), wrapWidth=1)
11.1729 	EXP 	Instructions_Background_Noise: autoDraw = True
11.4287 	DATA 	Mouse: Left button down, pos=(1294,595)
11.5458 	DATA 	Mouse:  Left button up, pos=(1294,595)
11.6624 	DATA 	Keypress: return
11.6639 	EXP 	Sound  started
11.6772 	EXP 	Instructions_Background_Noise: autoDraw = False
11.6772 	EXP 	Fixation_cross_Test: autoDraw = True
16.6796 	EXP 	Sound  stopped
16.6800 	EXP 	Created sequence: sequential, trialTypes=1, nReps=100, seed=None
16.6805 	EXP 	New trial (rep=0, index=0): None
16.6883 	EXP 	Fixation_cross_Test: autoDraw = False
16.6883 	EXP 	Fixation_cross_Test: autoDraw = False
16.6883 	EXP 	text_practice: autoDraw = True
17.3882 	EXP 	Imported data/practice_trials.xlsx as conditions, 1 conditions, 5 params
17.3885 	EXP 	Created sequence: sequential, trialTypes=1, nReps=1, seed=None
17.3888 	EXP 	New trial (rep=0, index=0): {'TrialID': 0.0, 'NFB_digit1': 6.0, 'NFB_digit2': 2.0, 'NFB_digit3': 4.0, 'Speaker_trial': 33.0}
17.3914 	EXP 	Sound Digit1_clear started
17.3937 	DATA 	Keypress: return
17.3973 	EXP 	text_practice: autoDraw = False
17.8770 	EXP 	Sound Digit1_clear reached end of file
17.8809 	EXP 	Sound Digit2_clear started
18.3569 	EXP 	Sound Digit2_clear reached end of file
18.3569 	EXP 	Sound Digit3_clear started
18.8401 	EXP 	Sound Digit3_clear reached end of file
18.8427 	EXP 	Created sequence: sequential, trialTypes=1, nReps=3, seed=None
18.8429 	EXP 	New trial (rep=0, index=0): None
18.8612 	EXP 	text_practice_resp: autoDraw = True
19.2986 	DATA 	Keypress: 5
19.5481 	DATA 	Keypress: return
19.5685 	EXP 	New trial (rep=1, index=0): None
19.5777 	EXP 	text_practice_resp: autoDraw = False
19.5777 	EXP 	text_practice_resp: autoDraw = True
19.9155 	DATA 	Keypress: 5
20.1488 	DATA 	Keypress: return
20.1670 	EXP 	New trial (rep=2, index=0): None
20.1773 	EXP 	text_practice_resp: autoDraw = False
20.1773 	EXP 	text_practice_resp: autoDraw = True
20.4586 	DATA 	Keypress: 5
20.6480 	DATA 	Keypress: return
20.6767 	EXP 	text_practice_resp: autoDraw = False
20.6767 	EXP 	text_practice_repeat: autoDraw = True
22.0813 	DATA 	Keypress: return
22.1273 	EXP 	text_practice_repeat: autoDraw = False
22.1273 	EXP 	text_4: autoDraw = True
23.6374 	EXP 	Imported data/Stimuli_ME_cond.xlsx as conditions, 280 conditions, 8 params
23.6383 	EXP 	Created sequence: sequential, trialTypes=280, nReps=1, seed=None
23.6387 	EXP 	New trial (rep=0, index=0): {'TrialID_ME': 0.0, 'NFB_digit1_ME': 1.0, 'NFB_digit2_ME': 2.0, 'NFB_digit3_ME': 0.0, 'Speaker_trial_ME': 33.0, 'NV_trial_ME': 1.0, 'Triggered_trial_ME': 1.0, 'Jitter_trial_ME': 0.0}
23.6404 	EXP 	Sound  set loops 2
23.6404 	EXP 	Sound  started
24.3522 	DATA 	Keypress: return
24.3559 	EXP 	text_4: autoDraw = False
24.3559 	EXP 	Fixation_ME: autoDraw = True
25.7735 	EXP 	Sound sound_digit_1_ME started
25.7809 	EXP 	Fixation_ME: autoDraw = False
25.7809 	EXP 	text_2: text = 0
25.7809 	EXP 	text_2: autoDraw = True
26.2606 	EXP 	Sound sound_digit_1_ME reached end of file
26.2606 	EXP 	Sound sound_digit_2_ME started
26.7428 	EXP 	Sound sound_digit_2_ME reached end of file
26.7429 	EXP 	Sound sound_digit_3_ME started
26.7925 	EXP 	text_2: autoDraw = False
27.2282 	EXP 	Sound sound_digit_3_ME reached end of file
27.2314 	EXP 	Created sequence: sequential, trialTypes=1, nReps=3, seed=None
27.2316 	EXP 	New trial (rep=0, index=0): None
27.2317 	EXP 	Sound  started
27.2442 	EXP 	text_2: autoDraw = False
27.2442 	EXP 	disp_answer_ME: autoDraw = True
29.5138 	DATA 	Keypress: 6
29.9804 	DATA 	Keypress: return
30.0011 	EXP 	New trial (rep=1, index=0): None
30.0011 	EXP 	Sound  started
30.0116 	EXP 	disp_answer_ME: autoDraw = False
30.0116 	EXP 	disp_answer_ME: autoDraw = True
30.6638 	DATA 	Keypress: 2
31.1647 	DATA 	Keypress: return
31.1999 	EXP 	New trial (rep=2, index=0): None
31.1999 	EXP 	Sound  started
31.2097 	EXP 	disp_answer_ME: autoDraw = False
31.2097 	EXP 	disp_answer_ME: autoDraw = True
31.8141 	DATA 	Keypress: 4
32.2141 	DATA 	Keypress: return
33.6223 	EXP 	window1: mouseVisible = True
