25.7791 	WARNING 	User requested fullscreen with size [1280  720], but screen is actually [2560, 1440]. Using actual size
27.2588 	EXP 	Created window1 = Window(allowGUI=False, allowStencil=False, autoLog=True, backendConf=UNKNOWN, bitsMode=UNKNOWN, blendMode='avg', bpc=(8, 8, 8), color=array([0, 0, 0]), colorSpace='rgb', depthBits=8, fullscr=<method-wrapper '__getattribute__' of attributeSetter object at 0x0000025C34E83128>, gamma=None, gammaErrorPolicy='raise', lms=UNKNOWN, monitor=<psychopy.monitors.calibTools.Monitor object at 0x0000025C34ECE320>, multiSample=False, name='window1', numSamples=2, pos=[0.0, 0.0], screen=0, size=array([2560, 1440]), stencilBits=0, stereo=False, units='height', useFBO=True, useRetina=False, viewOri=0.0, viewPos=None, viewScale=None, waitBlanking=True, winType='pyglet')
27.2590 	EXP 	window1: mouseVisible = True
27.2590 	EXP 	window1: recordFrameIntervals = False
27.4260 	EXP 	window1: recordFrameIntervals = True
27.6092 	EXP 	window1: recordFrameIntervals = False
28.8858 	EXP 	Created Instructions_Noise = TextStim(__class__=<class 'psychopy.visual.text.TextStim'>, alignHoriz=method-wrapper(...), alignText='center', alignVert=method-wrapper(...), anchorHoriz='center', anchorVert='center', antialias=True, autoLog=True, bold=False, color=array([-1., -1., -1.]), colorSpace='rgb', contrast=1.0, depth=-1.0, flipHoriz=False, flipVert=False, font='Arial', fontFiles=[], height=0.03, italic=False, languageStyle='LTR', name='Instructions_Noise', opacity=1, ori=0, pos=array([0., 0.]), rgb=UNKNOWN, text=str(...), units='height', win=Window(...), wrapWidth=1)
28.9329 	EXP 	Created Fixation_cross_Test = TextStim(__class__=<class 'psychopy.visual.text.TextStim'>, alignHoriz=method-wrapper(...), alignText='center', alignVert=method-wrapper(...), anchorHoriz='center', anchorVert='center', antialias=True, autoLog=True, bold=False, color=array([-1., -1., -1.]), colorSpace='rgb', contrast=1.0, depth=-1.0, flipHoriz=False, flipVert=False, font='Arial', fontFiles=[], height=0.2, italic=False, languageStyle='LTR', name='Fixation_cross_Test', opacity=1, ori=0, pos=array([0., 0.]), rgb=UNKNOWN, text='+', units='height', win=Window(...), wrapWidth=1)
28.9807 	EXP 	Created Instructions_clear_Digits = TextStim(__class__=<class 'psychopy.visual.text.TextStim'>, alignHoriz=method-wrapper(...), alignText='center', alignVert=method-wrapper(...), anchorHoriz='center', anchorVert='center', antialias=True, autoLog=True, bold=False, color=array([-1., -1., -1.]), colorSpace='rgb', contrast=1.0, depth=-1.0, flipHoriz=False, flipVert=False, font='Arial', fontFiles=[], height=0.03, italic=False, languageStyle='LTR', name='Instructions_clear_Digits', opacity=1, ori=0, pos=array([0., 0.]), rgb=UNKNOWN, text=str(...), units='height', win=Window(...), wrapWidth=1)
28.9907 	EXP 	Sound Digit1_clear set volume 1.000
28.9997 	EXP 	Sound Digit2_clear set volume 1.000
29.0087 	EXP 	Sound Digit3_clear set volume 1.000
29.0107 	EXP 	Created disp_answer_3 = TextStim(__class__=<class 'psychopy.visual.text.TextStim'>, alignHoriz=method-wrapper(...), alignText='center', alignVert=method-wrapper(...), anchorHoriz='center', anchorVert='center', antialias=True, autoLog=True, bold=False, color=array([-1., -1., -1.]), colorSpace='rgb', contrast=1.0, depth=-2.0, flipHoriz=False, flipVert=False, font='Arial', fontFiles=[], height=0.1, italic=False, languageStyle='LTR', name='disp_answer_3', opacity=1, ori=0, pos=array([0., 0.]), rgb=UNKNOWN, text='', units='height', win=Window(...), wrapWidth=1)
29.0384 	EXP 	Created text_4 = TextStim(__class__=<class 'psychopy.visual.text.TextStim'>, alignHoriz=method-wrapper(...), alignText='center', alignVert=method-wrapper(...), anchorHoriz='center', anchorVert='center', antialias=True, autoLog=True, bold=False, color=array([-1., -1., -1.]), colorSpace='rgb', contrast=1.0, depth=-1.0, flipHoriz=False, flipVert=False, font='Arial', fontFiles=[], height=0.05, italic=False, languageStyle='LTR', name='text_4', opacity=1, ori=0, pos=array([0., 0.]), rgb=UNKNOWN, text=str(...), units='height', win=Window(...), wrapWidth=1)
29.0806 	EXP 	Created Instructions_begin = TextStim(__class__=<class 'psychopy.visual.text.TextStim'>, alignHoriz=method-wrapper(...), alignText='center', alignVert=method-wrapper(...), anchorHoriz='center', anchorVert='center', antialias=True, autoLog=True, bold=False, color=array([-1., -1., -1.]), colorSpace='rgb', contrast=1.0, depth=-1.0, flipHoriz=False, flipVert=False, font='Arial', fontFiles=[], height=0.05, italic=False, languageStyle='LTR', name='Instructions_begin', opacity=1, ori=0, pos=array([0., 0.]), rgb=UNKNOWN, text=str(...), units='height', win=Window(...), wrapWidth=1)
29.0955 	EXP 	Created Fixation_cross = TextStim(__class__=<class 'psychopy.visual.text.TextStim'>, alignHoriz=method-wrapper(...), alignText='center', alignVert=method-wrapper(...), anchorHoriz='center', anchorVert='center', antialias=True, autoLog=True, bold=False, color=array([-1., -1., -1.]), colorSpace='rgb', contrast=1.0, depth=-1.0, flipHoriz=False, flipVert=False, font='Arial', fontFiles=[], height=0.2, italic=False, languageStyle='LTR', name='Fixation_cross', opacity=1, ori=0, pos=array([0., 0.]), rgb=UNKNOWN, text='+', units='height', win=Window(...), wrapWidth=1)
29.1101 	EXP 	Created text_5 = TextStim(__class__=<class 'psychopy.visual.text.TextStim'>, alignHoriz=method-wrapper(...), alignText='center', alignVert=method-wrapper(...), anchorHoriz='center', anchorVert='center', antialias=True, autoLog=True, bold=False, color=array([-1., -1., -1.]), colorSpace='rgb', contrast=1.0, depth=-1.0, flipHoriz=False, flipVert=False, font='Arial', fontFiles=[], height=0.05, italic=False, languageStyle='LTR', name='text_5', opacity=1, ori=0, pos=array([0., 0.]), rgb=UNKNOWN, text=str(...), units='height', win=Window(...), wrapWidth=1)
29.2149 	EXP 	Created Begin = TextStim(__class__=<class 'psychopy.visual.text.TextStim'>, alignHoriz=method-wrapper(...), alignText='center', alignVert=method-wrapper(...), anchorHoriz='center', anchorVert='center', antialias=True, autoLog=True, bold=False, color=array([-1., -1., -1.]), colorSpace='rgb', contrast=1.0, depth=-1.0, flipHoriz=False, flipVert=False, font='Arial', fontFiles=[], height=0.05, italic=False, languageStyle='LTR', name='Begin', opacity=1, ori=0, pos=array([0., 0.]), rgb=UNKNOWN, text=str(...), units='height', win=Window(...), wrapWidth=1)
29.2190 	EXP 	Created Fixation = TextStim(__class__=<class 'psychopy.visual.text.TextStim'>, alignHoriz=method-wrapper(...), alignText='center', alignVert=method-wrapper(...), anchorHoriz='center', anchorVert='center', antialias=True, autoLog=True, bold=False, color=array([-1., -1., -1.]), colorSpace='rgb', contrast=1.0, depth=-1.0, flipHoriz=False, flipVert=False, font='Arial', fontFiles=[], height=0.2, italic=False, languageStyle='LTR', name='Fixation', opacity=1, ori=0, pos=array([0., 0.]), rgb=UNKNOWN, text='+', units='height', win=Window(...), wrapWidth=1)
29.2221 	EXP 	Created text_6 = TextStim(__class__=<class 'psychopy.visual.text.TextStim'>, alignHoriz=method-wrapper(...), alignText='center', alignVert=method-wrapper(...), anchorHoriz='center', anchorVert='center', antialias=True, autoLog=True, bold=False, color=array([1., 1., 1.]), colorSpace='rgb', contrast=1.0, depth=-2.0, flipHoriz=False, flipVert=False, font='Open Sans', fontFiles=[], height=0.1, italic=False, languageStyle='LTR', name='text_6', opacity=1, ori=0.0, pos=array([0., 0.]), rgb=UNKNOWN, text='', units='height', win=Window(...), wrapWidth=1)
29.2236 	EXP 	Created text_2 = TextStim(__class__=<class 'psychopy.visual.text.TextStim'>, alignHoriz=method-wrapper(...), alignText='center', alignVert=method-wrapper(...), anchorHoriz='center', anchorVert='center', antialias=True, autoLog=True, bold=False, color=array([1., 1., 1.]), colorSpace='rgb', contrast=1.0, depth=-3.0, flipHoriz=False, flipVert=False, font='Open Sans', fontFiles=[], height=0.1, italic=False, languageStyle='LTR', name='text_2', opacity=1, ori=0.0, pos=array([ 0. , -0.1]), rgb=UNKNOWN, text='', units='height', win=Window(...), wrapWidth=1)
29.2250 	EXP 	Created text_7 = TextStim(__class__=<class 'psychopy.visual.text.TextStim'>, alignHoriz=method-wrapper(...), alignText='center', alignVert=method-wrapper(...), anchorHoriz='center', anchorVert='center', antialias=True, autoLog=True, bold=False, color=array([1., 1., 1.]), colorSpace='rgb', contrast=1.0, depth=-4.0, flipHoriz=False, flipVert=False, font='Open Sans', fontFiles=[], height=0.1, italic=False, languageStyle='LTR', name='text_7', opacity=1, ori=0.0, pos=array([ 0. , -0.2]), rgb=UNKNOWN, text='', units='height', win=Window(...), wrapWidth=1)
29.2263 	EXP 	Created text_8 = TextStim(__class__=<class 'psychopy.visual.text.TextStim'>, alignHoriz=method-wrapper(...), alignText='center', alignVert=method-wrapper(...), anchorHoriz='center', anchorVert='center', antialias=True, autoLog=True, bold=False, color=array([1., 1., 1.]), colorSpace='rgb', contrast=1.0, depth=-5.0, flipHoriz=False, flipVert=False, font='Open Sans', fontFiles=[], height=0.1, italic=False, languageStyle='LTR', name='text_8', opacity=1, ori=0.0, pos=array([ 0. , -0.3]), rgb=UNKNOWN, text='', units='height', win=Window(...), wrapWidth=1)
29.2377 	EXP 	Sound sound_digit1 set volume 1.000
29.2547 	EXP 	Sound sound_digit2 set volume 1.000
29.2695 	EXP 	Sound sound_digit3 set volume 1.000
29.2715 	EXP 	Created disp_answer = TextStim(__class__=<class 'psychopy.visual.text.TextStim'>, alignHoriz=method-wrapper(...), alignText='center', alignVert=method-wrapper(...), anchorHoriz='center', anchorVert='center', antialias=True, autoLog=True, bold=False, color=array([-1., -1., -1.]), colorSpace='rgb', contrast=1.0, depth=-2.0, flipHoriz=False, flipVert=False, font='Arial', fontFiles=[], height=0.1, italic=False, languageStyle='LTR', name='disp_answer', opacity=1, ori=0, pos=array([0., 0.]), rgb=UNKNOWN, text='', units='height', win=Window(...), wrapWidth=1)
29.2731 	EXP 	Created Begin_3 = TextStim(__class__=<class 'psychopy.visual.text.TextStim'>, alignHoriz=method-wrapper(...), alignText='center', alignVert=method-wrapper(...), anchorHoriz='center', anchorVert='center', antialias=True, autoLog=True, bold=False, color=array([-1., -1., -1.]), colorSpace='rgb', contrast=1.0, depth=-1.0, flipHoriz=False, flipVert=False, font='Arial', fontFiles=[], height=0.05, italic=False, languageStyle='LTR', name='Begin_3', opacity=1, ori=0, pos=array([0., 0.]), rgb=UNKNOWN, text='', units='height', win=Window(...), wrapWidth=1)
29.2761 	EXP 	Created Fixation_2 = TextStim(__class__=<class 'psychopy.visual.text.TextStim'>, alignHoriz=method-wrapper(...), alignText='center', alignVert=method-wrapper(...), anchorHoriz='center', anchorVert='center', antialias=True, autoLog=True, bold=False, color=array([-1., -1., -1.]), colorSpace='rgb', contrast=1.0, depth=-1.0, flipHoriz=False, flipVert=False, font='Arial', fontFiles=[], height=0.2, italic=False, languageStyle='LTR', name='Fixation_2', opacity=1, ori=0, pos=array([0., 0.]), rgb=UNKNOWN, text='+', units='height', win=Window(...), wrapWidth=1)
29.2870 	EXP 	Sound sound_digit1_2 set volume 1.000
29.2979 	EXP 	Sound sound_digit2_2 set volume 1.000
29.3088 	EXP 	Sound sound_digit3_2 set volume 1.000
29.3107 	EXP 	Created disp_answer_2 = TextStim(__class__=<class 'psychopy.visual.text.TextStim'>, alignHoriz=method-wrapper(...), alignText='center', alignVert=method-wrapper(...), anchorHoriz='center', anchorVert='center', antialias=True, autoLog=True, bold=False, color=array([-1., -1., -1.]), colorSpace='rgb', contrast=1.0, depth=-2.0, flipHoriz=False, flipVert=False, font='Arial', fontFiles=[], height=0.1, italic=False, languageStyle='LTR', name='disp_answer_2', opacity=1, ori=0, pos=array([0., 0.]), rgb=UNKNOWN, text='', units='height', win=Window(...), wrapWidth=1)
29.3121 	EXP 	Created Begin_4 = TextStim(__class__=<class 'psychopy.visual.text.TextStim'>, alignHoriz=method-wrapper(...), alignText='center', alignVert=method-wrapper(...), anchorHoriz='center', anchorVert='center', antialias=True, autoLog=True, bold=False, color=array([-1., -1., -1.]), colorSpace='rgb', contrast=1.0, depth=-1.0, flipHoriz=False, flipVert=False, font='Arial', fontFiles=[], height=0.05, italic=False, languageStyle='LTR', name='Begin_4', opacity=1, ori=0, pos=array([0., 0.]), rgb=UNKNOWN, text='', units='height', win=Window(...), wrapWidth=1)
29.5373 	EXP 	Instructions_Noise: autoDraw = True
30.1168 	DATA 	Mouse: Left button down, pos=(1270,217)
30.1483 	DATA 	Mouse:  Left button up, pos=(1270,217)
30.2623 	DATA 	Keypress: return
30.2643 	EXP 	Sound  started
30.2771 	EXP 	Instructions_Noise: autoDraw = False
30.2771 	EXP 	Fixation_cross_Test: autoDraw = True
35.2755 	EXP 	Sound  stopped
35.2760 	EXP 	Created sequence: sequential, trialTypes=1, nReps=100, seed=None
35.2767 	EXP 	New trial (rep=0, index=0): None
35.2875 	EXP 	Fixation_cross_Test: autoDraw = False
35.2875 	EXP 	Instructions_clear_Digits: autoDraw = True
36.4505 	DATA 	Keypress: return
36.4633 	EXP 	Imported practice_trials.xlsx as conditions, 10 conditions, 4 params
36.4641 	EXP 	Created sequence: sequential, trialTypes=10, nReps=1, seed=None
36.4644 	EXP 	New trial (rep=0, index=0): {'TrialID': 0.0, 'NFB_digit1': 6.0, 'NFB_digit2': 2.0, 'NFB_digit3': 4.0}
36.4686 	EXP 	Sound Digit1_clear started
36.4762 	EXP 	Instructions_clear_Digits: autoDraw = False
36.9487 	EXP 	Sound Digit1_clear reached end of file
36.9547 	EXP 	Sound Digit2_clear started
37.4332 	EXP 	Sound Digit2_clear reached end of file
37.4332 	EXP 	Sound Digit3_clear started
37.9122 	EXP 	Sound Digit3_clear reached end of file
37.9151 	EXP 	Created sequence: sequential, trialTypes=1, nReps=3, seed=None
37.9154 	EXP 	New trial (rep=0, index=0): None
37.9378 	EXP 	disp_answer_3: autoDraw = True
38.4684 	DATA 	Keypress: num_4
38.5672 	DATA 	Keypress: return
38.5714 	EXP 	New trial (rep=1, index=0): None
38.5863 	EXP 	disp_answer_3: autoDraw = False
38.5863 	EXP 	disp_answer_3: autoDraw = True
38.6850 	DATA 	Keypress: num_4
38.8049 	DATA 	Keypress: return
38.8221 	EXP 	New trial (rep=2, index=0): None
38.8374 	EXP 	disp_answer_3: autoDraw = False
38.8374 	EXP 	disp_answer_3: autoDraw = True
38.8701 	DATA 	Keypress: num_4
39.4566 	DATA 	Keypress: return
39.4779 	EXP 	New trial (rep=0, index=1): {'TrialID': 1.0, 'NFB_digit1': 1.0, 'NFB_digit2': 9.0, 'NFB_digit3': 3.0}
39.4821 	EXP 	Sound Digit1_clear started
39.4903 	EXP 	disp_answer_3: autoDraw = False
39.9654 	EXP 	Sound Digit1_clear reached end of file
39.9656 	EXP 	Sound Digit2_clear started
40.4444 	EXP 	Sound Digit2_clear reached end of file
40.4445 	EXP 	Sound Digit3_clear started
40.9267 	EXP 	Sound Digit3_clear reached end of file
40.9292 	EXP 	Created sequence: sequential, trialTypes=1, nReps=3, seed=None
40.9296 	EXP 	New trial (rep=0, index=0): None
40.9447 	EXP 	disp_answer_3: autoDraw = True
41.3717 	DATA 	Keypress: num_4
41.4541 	DATA 	Keypress: return
41.4586 	EXP 	New trial (rep=1, index=0): None
41.4752 	EXP 	disp_answer_3: autoDraw = False
41.4752 	EXP 	disp_answer_3: autoDraw = True
41.5437 	DATA 	Keypress: num_4
41.6539 	DATA 	Keypress: return
41.6577 	EXP 	New trial (rep=2, index=0): None
41.6735 	EXP 	disp_answer_3: autoDraw = False
41.6735 	EXP 	disp_answer_3: autoDraw = True
41.7203 	DATA 	Keypress: num_4
41.8217 	DATA 	Keypress: return
41.8259 	EXP 	New trial (rep=0, index=2): {'TrialID': 2.0, 'NFB_digit1': 8.0, 'NFB_digit2': 0.0, 'NFB_digit3': 1.0}
41.8302 	EXP 	Sound Digit1_clear started
41.8399 	EXP 	disp_answer_3: autoDraw = False
42.3033 	EXP 	Sound Digit1_clear reached end of file
42.3098 	EXP 	Sound Digit2_clear started
42.7885 	EXP 	Sound Digit2_clear reached end of file
42.7949 	EXP 	Sound Digit3_clear started
43.2818 	EXP 	Sound Digit3_clear reached end of file
43.2847 	EXP 	Created sequence: sequential, trialTypes=1, nReps=3, seed=None
43.2849 	EXP 	New trial (rep=0, index=0): None
43.2971 	EXP 	disp_answer_3: autoDraw = True
43.7445 	DATA 	Keypress: num_4
43.8213 	DATA 	Keypress: return
43.8259 	EXP 	New trial (rep=1, index=0): None
43.8413 	EXP 	disp_answer_3: autoDraw = False
43.8413 	EXP 	disp_answer_3: autoDraw = True
43.9260 	DATA 	Keypress: num_4
44.0221 	DATA 	Keypress: return
44.0265 	EXP 	New trial (rep=2, index=0): None
44.0417 	EXP 	disp_answer_3: autoDraw = False
44.0417 	EXP 	disp_answer_3: autoDraw = True
44.0940 	DATA 	Keypress: num_4
44.1908 	DATA 	Keypress: return
44.1953 	EXP 	New trial (rep=0, index=3): {'TrialID': 3.0, 'NFB_digit1': 9.0, 'NFB_digit2': 6.0, 'NFB_digit3': 1.0}
44.1983 	EXP 	Sound Digit1_clear started
44.2190 	EXP 	disp_answer_3: autoDraw = False
44.6710 	EXP 	Sound Digit1_clear reached end of file
44.6710 	EXP 	Sound Digit2_clear started
45.1568 	EXP 	Sound Digit2_clear reached end of file
45.1628 	EXP 	Sound Digit3_clear started
45.6346 	EXP 	Sound Digit3_clear reached end of file
45.6379 	EXP 	Created sequence: sequential, trialTypes=1, nReps=3, seed=None
45.6381 	EXP 	New trial (rep=0, index=0): None
45.6512 	EXP 	disp_answer_3: autoDraw = True
46.0587 	DATA 	Keypress: num_4
46.1573 	DATA 	Keypress: return
46.1621 	EXP 	New trial (rep=1, index=0): None
46.1775 	EXP 	disp_answer_3: autoDraw = False
46.1775 	EXP 	disp_answer_3: autoDraw = True
46.2426 	DATA 	Keypress: num_4
46.3577 	DATA 	Keypress: return
46.3616 	EXP 	New trial (rep=2, index=0): None
46.3776 	EXP 	disp_answer_3: autoDraw = False
46.3776 	EXP 	disp_answer_3: autoDraw = True
46.4137 	DATA 	Keypress: num_4
46.5241 	DATA 	Keypress: return
46.5282 	EXP 	New trial (rep=0, index=4): {'TrialID': 4.0, 'NFB_digit1': 8.0, 'NFB_digit2': 1.0, 'NFB_digit3': 5.0}
46.5395 	EXP 	Sound Digit1_clear started
46.5467 	EXP 	disp_answer_3: autoDraw = False
47.0110 	EXP 	Sound Digit1_clear reached end of file
47.0111 	EXP 	Sound Digit2_clear started
47.4951 	EXP 	Sound Digit2_clear reached end of file
47.4951 	EXP 	Sound Digit3_clear started
47.9735 	EXP 	Sound Digit3_clear reached end of file
47.9758 	EXP 	Created sequence: sequential, trialTypes=1, nReps=3, seed=None
47.9760 	EXP 	New trial (rep=0, index=0): None
47.9850 	EXP 	disp_answer_3: autoDraw = True
48.3437 	DATA 	Keypress: num_4
48.4481 	DATA 	Keypress: return
48.4634 	EXP 	New trial (rep=1, index=0): None
48.4788 	EXP 	disp_answer_3: autoDraw = False
48.4788 	EXP 	disp_answer_3: autoDraw = True
48.5431 	DATA 	Keypress: num_4
48.6422 	DATA 	Keypress: return
48.6460 	EXP 	New trial (rep=2, index=0): None
48.6617 	EXP 	disp_answer_3: autoDraw = False
48.6617 	EXP 	disp_answer_3: autoDraw = True
48.7097 	DATA 	Keypress: num_4
48.7960 	DATA 	Keypress: return
48.8000 	EXP 	New trial (rep=0, index=5): {'TrialID': 5.0, 'NFB_digit1': 4.0, 'NFB_digit2': 1.0, 'NFB_digit3': 0.0}
48.8034 	EXP 	Sound Digit1_clear started
48.8138 	EXP 	disp_answer_3: autoDraw = False
49.2877 	EXP 	Sound Digit1_clear reached end of file
49.2877 	EXP 	Sound Digit2_clear started
49.7594 	EXP 	Sound Digit2_clear reached end of file
49.7595 	EXP 	Sound Digit3_clear started
50.2423 	EXP 	Sound Digit3_clear reached end of file
50.2446 	EXP 	Created sequence: sequential, trialTypes=1, nReps=3, seed=None
50.2447 	EXP 	New trial (rep=0, index=0): None
50.2578 	EXP 	disp_answer_3: autoDraw = True
50.7504 	DATA 	Keypress: num_4
50.9325 	DATA 	Keypress: return
50.9478 	EXP 	New trial (rep=1, index=0): None
50.9628 	EXP 	disp_answer_3: autoDraw = False
50.9628 	EXP 	disp_answer_3: autoDraw = True
50.9834 	DATA 	Keypress: num_4
51.1325 	DATA 	Keypress: return
51.1484 	EXP 	New trial (rep=2, index=0): None
51.1637 	EXP 	disp_answer_3: autoDraw = False
51.1637 	EXP 	disp_answer_3: autoDraw = True
51.1658 	DATA 	Keypress: num_4
51.2787 	DATA 	Keypress: return
51.2830 	EXP 	New trial (rep=0, index=6): {'TrialID': 6.0, 'NFB_digit1': 9.0, 'NFB_digit2': 2.0, 'NFB_digit3': 6.0}
51.2861 	EXP 	Sound Digit1_clear started
51.2969 	EXP 	disp_answer_3: autoDraw = False
51.7785 	EXP 	Sound Digit1_clear reached end of file
51.7847 	EXP 	Sound Digit2_clear started
52.2720 	EXP 	Sound Digit2_clear reached end of file
52.2721 	EXP 	Sound Digit3_clear started
52.7542 	EXP 	Sound Digit3_clear reached end of file
52.7566 	EXP 	Created sequence: sequential, trialTypes=1, nReps=3, seed=None
52.7568 	EXP 	New trial (rep=0, index=0): None
52.7668 	EXP 	disp_answer_3: autoDraw = True
53.1336 	DATA 	Keypress: num_4
53.2466 	DATA 	Keypress: return
53.2505 	EXP 	New trial (rep=1, index=0): None
53.2658 	EXP 	disp_answer_3: autoDraw = False
53.2658 	EXP 	disp_answer_3: autoDraw = True
53.3497 	DATA 	Keypress: num_4
53.4644 	DATA 	Keypress: return
53.4684 	EXP 	New trial (rep=2, index=0): None
53.4832 	EXP 	disp_answer_3: autoDraw = False
53.4832 	EXP 	disp_answer_3: autoDraw = True
53.5304 	DATA 	Keypress: num_4
53.6310 	DATA 	Keypress: return
53.6352 	EXP 	New trial (rep=0, index=7): {'TrialID': 7.0, 'NFB_digit1': 2.0, 'NFB_digit2': 3.0, 'NFB_digit3': 0.0}
53.6461 	EXP 	Sound Digit1_clear started
53.6536 	EXP 	disp_answer_3: autoDraw = False
54.1210 	EXP 	Sound Digit1_clear reached end of file
54.1211 	EXP 	Sound Digit2_clear started
54.6078 	EXP 	Sound Digit2_clear reached end of file
54.6079 	EXP 	Sound Digit3_clear started
55.0837 	EXP 	Sound Digit3_clear reached end of file
55.0861 	EXP 	Created sequence: sequential, trialTypes=1, nReps=3, seed=None
55.0862 	EXP 	New trial (rep=0, index=0): None
55.1011 	EXP 	disp_answer_3: autoDraw = True
55.5321 	DATA 	Keypress: num_4
55.6545 	DATA 	Keypress: return
55.6698 	EXP 	New trial (rep=1, index=0): None
55.6850 	EXP 	disp_answer_3: autoDraw = False
55.6850 	EXP 	disp_answer_3: autoDraw = True
55.8670 	DATA 	Keypress: num_4
56.0005 	DATA 	Keypress: return
56.0056 	EXP 	New trial (rep=2, index=0): None
56.0220 	EXP 	disp_answer_3: autoDraw = False
56.0220 	EXP 	disp_answer_3: autoDraw = True
56.1659 	DATA 	Keypress: num_4
56.3036 	DATA 	Keypress: return
56.3190 	EXP 	New trial (rep=0, index=8): {'TrialID': 8.0, 'NFB_digit1': 1.0, 'NFB_digit2': 9.0, 'NFB_digit3': 2.0}
56.3207 	EXP 	Sound Digit1_clear started
56.3315 	EXP 	disp_answer_3: autoDraw = False
56.8085 	EXP 	Sound Digit1_clear reached end of file
56.8085 	EXP 	Sound Digit2_clear started
57.2841 	EXP 	Sound Digit2_clear reached end of file
57.2842 	EXP 	Sound Digit3_clear started
57.7627 	EXP 	Sound Digit3_clear reached end of file
57.7653 	EXP 	Created sequence: sequential, trialTypes=1, nReps=3, seed=None
57.7655 	EXP 	New trial (rep=0, index=0): None
57.7793 	EXP 	disp_answer_3: autoDraw = True
58.2169 	DATA 	Keypress: num_4
58.3851 	DATA 	Keypress: return
58.3896 	EXP 	New trial (rep=1, index=0): None
58.4038 	EXP 	disp_answer_3: autoDraw = False
58.4038 	EXP 	disp_answer_3: autoDraw = True
58.5736 	DATA 	Keypress: num_4
58.7007 	DATA 	Keypress: return
58.7052 	EXP 	New trial (rep=2, index=0): None
58.7210 	EXP 	disp_answer_3: autoDraw = False
58.7210 	EXP 	disp_answer_3: autoDraw = True
58.8564 	DATA 	Keypress: num_4
59.0025 	DATA 	Keypress: return
59.0072 	EXP 	New trial (rep=0, index=9): {'TrialID': 9.0, 'NFB_digit1': 8.0, 'NFB_digit2': 1.0, 'NFB_digit3': 0.0}
59.0180 	EXP 	Sound Digit1_clear started
59.0259 	EXP 	disp_answer_3: autoDraw = False
59.5071 	EXP 	Sound Digit1_clear reached end of file
59.5071 	EXP 	Sound Digit2_clear started
59.9841 	EXP 	Sound Digit2_clear reached end of file
59.9842 	EXP 	Sound Digit3_clear started
60.4639 	EXP 	Sound Digit3_clear reached end of file
60.4667 	EXP 	Created sequence: sequential, trialTypes=1, nReps=3, seed=None
60.4669 	EXP 	New trial (rep=0, index=0): None
60.4796 	EXP 	disp_answer_3: autoDraw = True
60.8523 	DATA 	Keypress: num_4
60.9547 	DATA 	Keypress: return
60.9591 	EXP 	New trial (rep=1, index=0): None
60.9727 	EXP 	disp_answer_3: autoDraw = False
60.9727 	EXP 	disp_answer_3: autoDraw = True
61.2038 	DATA 	Keypress: num_4
61.3369 	DATA 	Keypress: return
61.3409 	EXP 	New trial (rep=2, index=0): None
61.3556 	EXP 	disp_answer_3: autoDraw = False
61.3556 	EXP 	disp_answer_3: autoDraw = True
61.5197 	DATA 	Keypress: num_4
61.6864 	DATA 	Keypress: return
61.7026 	EXP 	disp_answer_3: autoDraw = False
61.7026 	EXP 	text_4: autoDraw = True
71.6956 	EXP 	Created sequence: sequential, trialTypes=1, nReps=100, seed=None
71.6962 	EXP 	New trial (rep=0, index=0): None
71.7113 	EXP 	text_4: autoDraw = False
71.7113 	EXP 	Instructions_begin: autoDraw = True
73.0288 	DATA 	Keypress: return
73.0302 	EXP 	Sound  started
73.1086 	EXP 	Instructions_begin: autoDraw = False
73.1086 	EXP 	Fixation_cross: autoDraw = True
78.1165 	EXP 	Sound  stopped
78.1266 	EXP 	Fixation_cross: autoDraw = False
78.1266 	EXP 	Fixation_cross: autoDraw = False
78.1266 	EXP 	text_5: autoDraw = True
79.1562 	DATA 	Keypress: return
88.1277 	EXP 	Created sequence: sequential, trialTypes=1, nReps=1, seed=None
88.1279 	EXP 	New trial (rep=0, index=0): None
88.1437 	EXP 	Imported Stimuli_exp_cond.xlsx as conditions, 64 conditions, 4 params
88.1442 	EXP 	Created sequence: sequential, trialTypes=64, nReps=1, seed=None
88.1445 	EXP 	New trial (rep=0, index=0): {'TrialID': 0.0, 'NFB_digit1': 0.0, 'NFB_digit2': 3.0, 'NFB_digit3': 4.0}
88.1563 	EXP 	Sound  started
88.1952 	EXP 	text_5: autoDraw = False
88.1952 	EXP 	Begin: autoDraw = True
88.1952 	EXP 	Begin: autoDraw = False
88.1952 	EXP 	Fixation: autoDraw = True
88.1952 	EXP 	text_6: autoDraw = True
88.1952 	EXP 	text_2: autoDraw = True
88.1952 	EXP 	text_7: autoDraw = True
88.1952 	EXP 	text_8: autoDraw = True
91.4917 	EXP 	Sound  stopped
91.4938 	EXP 	Sound  started
91.5013 	EXP 	Fixation: autoDraw = False
91.5013 	EXP 	text_6: autoDraw = False
91.5013 	EXP 	text_2: autoDraw = False
91.5013 	EXP 	text_7: autoDraw = False
91.5013 	EXP 	text_8: autoDraw = False
91.9728 	EXP 	Sound  reached end of file
91.9729 	EXP 	Sound  started
92.4506 	EXP 	Sound  reached end of file
92.4506 	EXP 	Sound  started
92.9362 	EXP 	Sound  reached end of file
92.9380 	EXP 	Sound  started
92.9397 	EXP 	Created sequence: sequential, trialTypes=1, nReps=3, seed=None
92.9400 	EXP 	New trial (rep=0, index=0): None
92.9401 	EXP 	Sound  started
92.9560 	EXP 	disp_answer: autoDraw = True
93.7841 	DATA 	Keypress: num_4
93.9801 	DATA 	Keypress: return
93.9850 	EXP 	New trial (rep=1, index=0): None
93.9850 	EXP 	Sound  started
93.9997 	EXP 	disp_answer: autoDraw = False
93.9997 	EXP 	disp_answer: autoDraw = True
94.1478 	DATA 	Keypress: num_4
94.2858 	DATA 	Keypress: return
94.3020 	EXP 	New trial (rep=2, index=0): None
94.3021 	EXP 	Sound  started
94.3171 	EXP 	disp_answer: autoDraw = False
94.3171 	EXP 	disp_answer: autoDraw = True
94.4688 	DATA 	Keypress: num_4
94.5819 	DATA 	Keypress: return
94.5905 	EXP 	Sound  started
94.5910 	EXP 	New trial (rep=0, index=1): {'TrialID': 1.0, 'NFB_digit1': 2.0, 'NFB_digit2': 1.0, 'NFB_digit3': 6.0}
94.6022 	EXP 	Sound  started
94.6278 	EXP 	disp_answer: autoDraw = False
94.6278 	EXP 	Begin_3: text = ' '
94.6278 	EXP 	Begin_3: autoDraw = False
94.6278 	EXP 	Fixation: autoDraw = True
94.6278 	EXP 	text_6: autoDraw = True
94.6278 	EXP 	text_2: autoDraw = True
94.6278 	EXP 	text_7: autoDraw = True
94.6278 	EXP 	text_8: autoDraw = True
100.5674 	EXP 	Sound  stopped
100.5694 	EXP 	Sound  started
100.5778 	EXP 	Fixation: autoDraw = False
100.5778 	EXP 	text_6: autoDraw = False
100.5778 	EXP 	text_2: autoDraw = False
100.5778 	EXP 	text_7: autoDraw = False
100.5778 	EXP 	text_8: autoDraw = False
101.0558 	EXP 	Sound  reached end of file
101.0558 	EXP 	Sound  started
101.5363 	EXP 	Sound  reached end of file
101.5363 	EXP 	Sound  started
102.0209 	EXP 	Sound  reached end of file
102.0226 	EXP 	Sound  started
102.0233 	EXP 	Created sequence: sequential, trialTypes=1, nReps=3, seed=None
102.0235 	EXP 	New trial (rep=0, index=0): None
102.0236 	EXP 	Sound  started
102.0393 	EXP 	disp_answer: autoDraw = True
102.6877 	DATA 	Keypress: num_4
102.8374 	DATA 	Keypress: return
102.8422 	EXP 	New trial (rep=1, index=0): None
102.8423 	EXP 	Sound  started
102.8578 	EXP 	disp_answer: autoDraw = False
102.8578 	EXP 	disp_answer: autoDraw = True
103.0539 	DATA 	Keypress: num_4
103.1772 	DATA 	Keypress: return
103.1956 	EXP 	New trial (rep=2, index=0): None
103.1957 	EXP 	Sound  started
103.2094 	EXP 	disp_answer: autoDraw = False
103.2094 	EXP 	disp_answer: autoDraw = True
103.3604 	DATA 	Keypress: num_4
103.4713 	DATA 	Keypress: return
103.4759 	EXP 	Sound  started
103.4762 	EXP 	New trial (rep=0, index=2): {'TrialID': 2.0, 'NFB_digit1': 6.0, 'NFB_digit2': 3.0, 'NFB_digit3': 0.0}
103.4826 	EXP 	Sound  started
103.5086 	EXP 	disp_answer: autoDraw = False
103.5086 	EXP 	Begin_3: text = ' '
103.5086 	EXP 	Begin_3: autoDraw = False
103.5086 	EXP 	Fixation: autoDraw = True
103.5086 	EXP 	text_6: autoDraw = True
103.5086 	EXP 	text_2: autoDraw = True
103.5086 	EXP 	text_7: autoDraw = True
103.5086 	EXP 	text_8: autoDraw = True
106.6644 	EXP 	Sound  stopped
106.6662 	EXP 	Sound  started
106.6739 	EXP 	Fixation: autoDraw = False
106.6739 	EXP 	text_6: autoDraw = False
106.6739 	EXP 	text_2: autoDraw = False
106.6739 	EXP 	text_7: autoDraw = False
106.6739 	EXP 	text_8: autoDraw = False
107.1447 	EXP 	Sound  reached end of file
107.1447 	EXP 	Sound  started
107.6197 	EXP 	Sound  reached end of file
107.6198 	EXP 	Sound  started
108.1022 	EXP 	Sound  reached end of file
108.1039 	EXP 	Sound  started
108.1052 	EXP 	Created sequence: sequential, trialTypes=1, nReps=3, seed=None
108.1056 	EXP 	New trial (rep=0, index=0): None
108.1057 	EXP 	Sound  started
108.1187 	EXP 	disp_answer: autoDraw = True
108.6751 	DATA 	Keypress: num_4
108.8145 	DATA 	Keypress: return
108.8300 	EXP 	New trial (rep=1, index=0): None
108.8300 	EXP 	Sound  started
108.8448 	EXP 	disp_answer: autoDraw = False
108.8448 	EXP 	disp_answer: autoDraw = True
108.9923 	DATA 	Keypress: num_4
109.1422 	DATA 	Keypress: return
109.1469 	EXP 	New trial (rep=2, index=0): None
109.1470 	EXP 	Sound  started
109.1626 	EXP 	disp_answer: autoDraw = False
109.1626 	EXP 	disp_answer: autoDraw = True
109.2842 	DATA 	Keypress: num_4
109.4150 	DATA 	Keypress: return
109.4301 	EXP 	Sound  started
109.4304 	EXP 	New trial (rep=0, index=3): {'TrialID': 3.0, 'NFB_digit1': 0.0, 'NFB_digit2': 4.0, 'NFB_digit3': 9.0}
109.4413 	EXP 	Sound  started
109.4640 	EXP 	disp_answer: autoDraw = False
109.4640 	EXP 	Begin_3: text = ' '
109.4640 	EXP 	Begin_3: autoDraw = False
109.4640 	EXP 	Fixation: autoDraw = True
109.4640 	EXP 	text_6: autoDraw = True
109.4640 	EXP 	text_2: autoDraw = True
109.4640 	EXP 	text_7: autoDraw = True
109.4640 	EXP 	text_8: autoDraw = True
116.4359 	EXP 	Sound  started
116.4434 	EXP 	Fixation: autoDraw = False
116.4434 	EXP 	text_6: autoDraw = False
116.4434 	EXP 	text_2: autoDraw = False
116.4434 	EXP 	text_7: autoDraw = False
116.4434 	EXP 	text_8: autoDraw = False
116.9271 	EXP 	Sound  reached end of file
116.9271 	EXP 	Sound  started
117.4027 	EXP 	Sound  reached end of file
117.4028 	EXP 	Sound  started
117.8881 	EXP 	Sound  reached end of file
117.8904 	EXP 	Created sequence: sequential, trialTypes=1, nReps=3, seed=None
117.8905 	EXP 	New trial (rep=0, index=0): None
117.8906 	EXP 	Sound  started
117.9047 	EXP 	disp_answer: autoDraw = True
118.5173 	DATA 	Keypress: num_4
118.6856 	DATA 	Keypress: return
118.6900 	EXP 	New trial (rep=1, index=0): None
118.6900 	EXP 	Sound  started
118.7039 	EXP 	disp_answer: autoDraw = False
118.7039 	EXP 	disp_answer: autoDraw = True
118.9013 	DATA 	Keypress: num_4
119.0395 	DATA 	Keypress: return
119.0548 	EXP 	New trial (rep=2, index=0): None
119.0549 	EXP 	Sound  started
119.0713 	EXP 	disp_answer: autoDraw = False
119.0713 	EXP 	disp_answer: autoDraw = True
119.1894 	DATA 	Keypress: num_4
119.3191 	DATA 	Keypress: return
119.3231 	EXP 	Sound  started
119.3235 	EXP 	New trial (rep=0, index=4): {'TrialID': 4.0, 'NFB_digit1': 3.0, 'NFB_digit2': 0.0, 'NFB_digit3': 8.0}
119.3340 	EXP 	Sound  started
119.3553 	EXP 	disp_answer: autoDraw = False
119.3553 	EXP 	Begin_3: text = ' '
119.3553 	EXP 	Begin_3: autoDraw = False
119.3553 	EXP 	Fixation: autoDraw = True
119.3553 	EXP 	text_6: autoDraw = True
119.3553 	EXP 	text_2: autoDraw = True
119.3553 	EXP 	text_7: autoDraw = True
119.3553 	EXP 	text_8: autoDraw = True
128.1467 	EXP 	Sound  started
128.1555 	EXP 	Fixation: autoDraw = False
128.1555 	EXP 	text_6: autoDraw = False
128.1555 	EXP 	text_2: autoDraw = False
128.1555 	EXP 	text_7: autoDraw = False
128.1555 	EXP 	text_8: autoDraw = False
128.6356 	EXP 	Sound  reached end of file
128.6357 	EXP 	Sound  started
129.1111 	EXP 	Sound  reached end of file
129.1111 	EXP 	Sound  started
129.5928 	EXP 	Sound  reached end of file
129.5953 	EXP 	Created sequence: sequential, trialTypes=1, nReps=3, seed=None
129.5955 	EXP 	New trial (rep=0, index=0): None
129.5955 	EXP 	Sound  started
129.6110 	EXP 	disp_answer: autoDraw = True
130.0604 	DATA 	Keypress: num_4
130.2155 	DATA 	Keypress: return
130.2328 	EXP 	New trial (rep=1, index=0): None
130.2329 	EXP 	Sound  started
130.2475 	EXP 	disp_answer: autoDraw = False
130.2475 	EXP 	disp_answer: autoDraw = True
130.4481 	DATA 	Keypress: num_4
130.5776 	DATA 	Keypress: return
130.5821 	EXP 	New trial (rep=2, index=0): None
130.5821 	EXP 	Sound  started
130.5976 	EXP 	disp_answer: autoDraw = False
130.5976 	EXP 	disp_answer: autoDraw = True
130.7621 	DATA 	Keypress: num_4
130.9322 	DATA 	Keypress: return
130.9493 	EXP 	Sound  started
130.9496 	EXP 	New trial (rep=0, index=5): {'TrialID': 5.0, 'NFB_digit1': 2.0, 'NFB_digit2': 8.0, 'NFB_digit3': 3.0}
130.9602 	EXP 	Sound  started
130.9823 	EXP 	disp_answer: autoDraw = False
130.9823 	EXP 	Begin_3: text = ' '
130.9823 	EXP 	Begin_3: autoDraw = False
130.9823 	EXP 	Fixation: autoDraw = True
130.9823 	EXP 	text_6: autoDraw = True
130.9823 	EXP 	text_2: autoDraw = True
130.9823 	EXP 	text_7: autoDraw = True
130.9823 	EXP 	text_8: autoDraw = True
136.7871 	EXP 	Sound  started
136.7955 	EXP 	Fixation: autoDraw = False
136.7955 	EXP 	text_6: autoDraw = False
136.7955 	EXP 	text_2: autoDraw = False
136.7955 	EXP 	text_7: autoDraw = False
136.7955 	EXP 	text_8: autoDraw = False
137.2742 	EXP 	Sound  reached end of file
137.2742 	EXP 	Sound  started
137.7498 	EXP 	Sound  reached end of file
137.7558 	EXP 	Sound  started
138.2344 	EXP 	Sound  reached end of file
138.2370 	EXP 	Created sequence: sequential, trialTypes=1, nReps=3, seed=None
138.2372 	EXP 	New trial (rep=0, index=0): None
138.2372 	EXP 	Sound  started
138.2548 	EXP 	disp_answer: autoDraw = True
138.7343 	DATA 	Keypress: num_4
138.8553 	DATA 	Keypress: return
138.8717 	EXP 	New trial (rep=1, index=0): None
138.8718 	EXP 	Sound  started
138.8869 	EXP 	disp_answer: autoDraw = False
138.8869 	EXP 	disp_answer: autoDraw = True
139.1177 	DATA 	Keypress: num_4
139.1845 	DATA 	Keypress: return
139.1886 	EXP 	New trial (rep=2, index=0): None
139.1887 	EXP 	Sound  started
139.2040 	EXP 	disp_answer: autoDraw = False
139.2040 	EXP 	disp_answer: autoDraw = True
139.4695 	DATA 	Keypress: num_4
139.6345 	DATA 	Keypress: return
139.6394 	EXP 	Sound  started
139.6397 	EXP 	New trial (rep=0, index=6): {'TrialID': 6.0, 'NFB_digit1': 5.0, 'NFB_digit2': 8.0, 'NFB_digit3': 3.0}
139.6506 	EXP 	Sound  started
139.6730 	EXP 	disp_answer: autoDraw = False
139.6730 	EXP 	Begin_3: text = ' '
139.6730 	EXP 	Begin_3: autoDraw = False
139.6730 	EXP 	Fixation: autoDraw = True
139.6730 	EXP 	text_6: autoDraw = True
139.6730 	EXP 	text_2: autoDraw = True
139.6730 	EXP 	text_7: autoDraw = True
139.6730 	EXP 	text_8: autoDraw = True
153.3141 	EXP 	Sound  stopped
153.3160 	EXP 	Sound  started
153.3242 	EXP 	Fixation: autoDraw = False
153.3242 	EXP 	text_6: autoDraw = False
153.3242 	EXP 	text_2: autoDraw = False
153.3242 	EXP 	text_7: autoDraw = False
153.3242 	EXP 	text_8: autoDraw = False
153.8067 	EXP 	Sound  reached end of file
153.8067 	EXP 	Sound  started
154.2820 	EXP 	Sound  reached end of file
154.2821 	EXP 	Sound  started
154.7667 	EXP 	Sound  reached end of file
154.7684 	EXP 	Sound  started
154.7693 	EXP 	Created sequence: sequential, trialTypes=1, nReps=3, seed=None
154.7694 	EXP 	New trial (rep=0, index=0): None
154.7695 	EXP 	Sound  started
154.7832 	EXP 	disp_answer: autoDraw = True
155.2656 	DATA 	Keypress: num_4
155.4047 	DATA 	Keypress: return
155.4199 	EXP 	New trial (rep=1, index=0): None
155.4200 	EXP 	Sound  started
155.4344 	EXP 	disp_answer: autoDraw = False
155.4344 	EXP 	disp_answer: autoDraw = True
155.6654 	DATA 	Keypress: num_4
155.7819 	DATA 	Keypress: return
155.7860 	EXP 	New trial (rep=2, index=0): None
155.7860 	EXP 	Sound  started
155.8008 	EXP 	disp_answer: autoDraw = False
155.8008 	EXP 	disp_answer: autoDraw = True
155.9812 	DATA 	Keypress: num_4
156.1655 	DATA 	Keypress: return
156.1699 	EXP 	Sound  started
156.1702 	EXP 	New trial (rep=0, index=7): {'TrialID': 7.0, 'NFB_digit1': 8.0, 'NFB_digit2': 3.0, 'NFB_digit3': 2.0}
156.1814 	EXP 	Sound  started
156.2040 	EXP 	disp_answer: autoDraw = False
156.2040 	EXP 	Begin_3: text = ' '
156.2040 	EXP 	Begin_3: autoDraw = False
156.2040 	EXP 	Fixation: autoDraw = True
156.2040 	EXP 	text_6: autoDraw = True
156.2040 	EXP 	text_2: autoDraw = True
156.2040 	EXP 	text_7: autoDraw = True
156.2040 	EXP 	text_8: autoDraw = True
165.3326 	EXP 	Sound  started
165.3406 	EXP 	Fixation: autoDraw = False
165.3406 	EXP 	text_6: autoDraw = False
165.3406 	EXP 	text_2: autoDraw = False
165.3406 	EXP 	text_7: autoDraw = False
165.3406 	EXP 	text_8: autoDraw = False
165.8016 	EXP 	Sound  reached end of file
165.8017 	EXP 	Sound  started
166.2829 	EXP 	Sound  reached end of file
166.2830 	EXP 	Sound  started
166.7663 	EXP 	Sound  reached end of file
166.7689 	EXP 	Created sequence: sequential, trialTypes=1, nReps=3, seed=None
166.7691 	EXP 	New trial (rep=0, index=0): None
166.7692 	EXP 	Sound  started
166.7826 	EXP 	disp_answer: autoDraw = True
167.5751 	DATA 	Keypress: num_4
167.7083 	DATA 	Keypress: return
167.7126 	EXP 	New trial (rep=1, index=0): None
167.7127 	EXP 	Sound  started
167.7273 	EXP 	disp_answer: autoDraw = False
167.7273 	EXP 	disp_answer: autoDraw = True
167.9253 	DATA 	Keypress: num_4
168.0248 	DATA 	Keypress: return
168.0289 	EXP 	New trial (rep=2, index=0): None
168.0290 	EXP 	Sound  started
168.0443 	EXP 	disp_answer: autoDraw = False
168.0443 	EXP 	disp_answer: autoDraw = True
168.2256 	DATA 	Keypress: num_4
168.3814 	DATA 	Keypress: return
168.3965 	EXP 	Sound  started
168.3968 	EXP 	New trial (rep=0, index=8): {'TrialID': 8.0, 'NFB_digit1': 9.0, 'NFB_digit2': 2.0, 'NFB_digit3': 1.0}
168.4090 	EXP 	Sound  started
168.4335 	EXP 	disp_answer: autoDraw = False
168.4335 	EXP 	Begin_3: text = ' '
168.4335 	EXP 	Begin_3: autoDraw = False
168.4335 	EXP 	Fixation: autoDraw = True
168.4335 	EXP 	text_6: autoDraw = True
168.4335 	EXP 	text_2: autoDraw = True
168.4335 	EXP 	text_7: autoDraw = True
168.4335 	EXP 	text_8: autoDraw = True
173.0772 	EXP 	Sound  started
173.0843 	EXP 	Fixation: autoDraw = False
173.0843 	EXP 	text_6: autoDraw = False
173.0843 	EXP 	text_2: autoDraw = False
173.0843 	EXP 	text_7: autoDraw = False
173.0843 	EXP 	text_8: autoDraw = False
173.5633 	EXP 	Sound  reached end of file
173.5691 	EXP 	Sound  started
174.0471 	EXP 	Sound  reached end of file
174.0472 	EXP 	Sound  started
174.5269 	EXP 	Sound  reached end of file
174.5293 	EXP 	Created sequence: sequential, trialTypes=1, nReps=3, seed=None
174.5295 	EXP 	New trial (rep=0, index=0): None
174.5295 	EXP 	Sound  started
174.5432 	EXP 	disp_answer: autoDraw = True
175.4362 	DATA 	Keypress: escape
186.8916 	EXP 	window1: mouseVisible = True
