4.9370 	WARNING 	User requested fullscreen with size [1280  720], but screen is actually [2560, 1440]. Using actual size
8.4723 	EXP 	Created window1 = Window(allowGUI=False, allowStencil=False, autoLog=True, backendConf=UNKNOWN, bitsMode=UNKNOWN, blendMode='avg', bpc=(8, 8, 8), color=array([0, 0, 0]), colorSpace='rgb', depthBits=8, fullscr=<method-wrapper '__getattribute__' of attributeSetter object at 0x00000199388AE7F0>, gamma=None, gammaErrorPolicy='raise', lms=UNKNOWN, monitor=<psychopy.monitors.calibTools.Monitor object at 0x00000199388FAE10>, multiSample=False, name='window1', numSamples=2, pos=[0.0, 0.0], screen=0, size=array([2560, 1440]), stencilBits=0, stereo=False, units='height', useFBO=True, useRetina=False, viewOri=0.0, viewPos=None, viewScale=None, waitBlanking=True, winType='pyglet')
8.4728 	EXP 	window1: mouseVisible = True
8.4729 	EXP 	window1: recordFrameIntervals = False
8.6379 	EXP 	window1: recordFrameIntervals = True
8.8214 	EXP 	window1: recordFrameIntervals = False
9.5356 	WARNING 	Monitor specification not found. Creating a temporary one...
11.1201 	EXP 	Created window1 = Window(allowGUI=True, allowStencil=False, autoLog=True, backendConf=UNKNOWN, bitsMode=UNKNOWN, blendMode='avg', bpc=(8, 8, 8), color=array([0, 0, 0]), colorSpace='rgb', depthBits=8, fullscr=<method-wrapper '__getattribute__' of attributeSetter object at 0x00000199388AE7F0>, gamma=None, gammaErrorPolicy='raise', lms=UNKNOWN, monitor=<psychopy.monitors.calibTools.Monitor object at 0x000001991E125160>, multiSample=False, name='window1', numSamples=2, pos=[1120.0, 620.0], screen=1, size=array([320, 200]), stencilBits=0, stereo=False, units='norm', useFBO=False, useRetina=False, viewOri=0.0, viewPos=None, viewScale=None, waitBlanking=True, winType='pyglet')
11.1202 	EXP 	window1: mouseVisible = True
12.0740 	EXP 	Created Instructions_Background_Noise = TextStim(__class__=<class 'psychopy.visual.text.TextStim'>, alignHoriz=method-wrapper(...), alignText='center', alignVert=method-wrapper(...), anchorHoriz='center', anchorVert='center', antialias=True, autoLog=True, bold=False, color=array([-1., -1., -1.]), colorSpace='rgb', contrast=1.0, depth=-1.0, flipHoriz=False, flipVert=False, font='Arial', fontFiles=[], height=0.03, italic=False, languageStyle='LTR', name='Instructions_Background_Noise', opacity=1, ori=0, pos=array([0., 0.]), rgb=UNKNOWN, text=str(...), units='height', win=Window(...), wrapWidth=1)
12.1159 	EXP 	Created Fixation_cross_Test = TextStim(__class__=<class 'psychopy.visual.text.TextStim'>, alignHoriz=method-wrapper(...), alignText='center', alignVert=method-wrapper(...), anchorHoriz='center', anchorVert='center', antialias=True, autoLog=True, bold=False, color=array([-1., -1., -1.]), colorSpace='rgb', contrast=1.0, depth=-1.0, flipHoriz=False, flipVert=False, font='Arial', fontFiles=[], height=0.2, italic=False, languageStyle='LTR', name='Fixation_cross_Test', opacity=1, ori=0, pos=array([0., 0.]), rgb=UNKNOWN, text='+', units='height', win=Window(...), wrapWidth=1)
12.1671 	EXP 	Created text_practice = TextStim(__class__=<class 'psychopy.visual.text.TextStim'>, alignHoriz=method-wrapper(...), alignText='center', alignVert=method-wrapper(...), anchorHoriz='center', anchorVert='center', antialias=True, autoLog=True, bold=False, color=array([-1., -1., -1.]), colorSpace='rgb', contrast=1.0, depth=-1.0, flipHoriz=False, flipVert=False, font='Arial', fontFiles=[], height=0.03, italic=False, languageStyle='LTR', name='text_practice', opacity=1, ori=0, pos=array([0., 0.]), rgb=UNKNOWN, text=str(...), units='height', win=Window(...), wrapWidth=1)
12.1815 	EXP 	Sound Digit1_clear set volume 1.000
12.1844 	EXP 	Created text_practice_resp = TextStim(__class__=<class 'psychopy.visual.text.TextStim'>, alignHoriz=method-wrapper(...), alignText='center', alignVert=method-wrapper(...), anchorHoriz='center', anchorVert='center', antialias=True, autoLog=True, bold=False, color=array([-1., -1., -1.]), colorSpace='rgb', contrast=1.0, depth=-2.0, flipHoriz=False, flipVert=False, font='Arial', fontFiles=[], height=0.1, italic=False, languageStyle='LTR', name='text_practice_resp', opacity=1, ori=0, pos=array([0., 0.]), rgb=UNKNOWN, text='', units='height', win=Window(...), wrapWidth=1)
12.2117 	EXP 	Created text_practice_repeat = TextStim(__class__=<class 'psychopy.visual.text.TextStim'>, alignHoriz=method-wrapper(...), alignText='center', alignVert=method-wrapper(...), anchorHoriz='center', anchorVert='center', antialias=True, autoLog=True, bold=False, color=array([-1., -1., -1.]), colorSpace='rgb', contrast=1.0, depth=-1.0, flipHoriz=False, flipVert=False, font='Arial', fontFiles=[], height=0.05, italic=False, languageStyle='LTR', name='text_practice_repeat', opacity=1, ori=0, pos=array([0., 0.]), rgb=UNKNOWN, text=str(...), units='height', win=Window(...), wrapWidth=1)
12.2599 	EXP 	Created text_4 = TextStim(__class__=<class 'psychopy.visual.text.TextStim'>, alignHoriz=method-wrapper(...), alignText='center', alignVert=method-wrapper(...), anchorHoriz='center', anchorVert='center', antialias=True, autoLog=True, bold=False, color=array([-1., -1., -1.]), colorSpace='rgb', contrast=1.0, depth=-1.0, flipHoriz=False, flipVert=False, font='Arial', fontFiles=[], height=0.03, italic=False, languageStyle='LTR', name='text_4', opacity=1.0, ori=0.0, pos=array([0., 0.]), rgb=UNKNOWN, text=str(...), units='height', win=Window(...), wrapWidth=1)
12.2670 	EXP 	Created Fixation_ME = TextStim(__class__=<class 'psychopy.visual.text.TextStim'>, alignHoriz=method-wrapper(...), alignText='center', alignVert=method-wrapper(...), anchorHoriz='center', anchorVert='center', antialias=True, autoLog=True, bold=False, color=array([-1., -1., -1.]), colorSpace='rgb', contrast=1.0, depth=-1.0, flipHoriz=False, flipVert=False, font='Open Sans', fontFiles=[], height=0.1, italic=False, languageStyle='LTR', name='Fixation_ME', opacity=1.0, ori=0.0, pos=array([0., 0.]), rgb=UNKNOWN, text='+', units='height', win=Window(...), wrapWidth=1)
12.2770 	EXP 	Sound sound_digit_1_ME set volume 1.000
12.2786 	EXP 	Created text_2 = TextStim(__class__=<class 'psychopy.visual.text.TextStim'>, alignHoriz=method-wrapper(...), alignText='center', alignVert=method-wrapper(...), anchorHoriz='center', anchorVert='center', antialias=True, autoLog=True, bold=False, color=array([-1., -1., -1.]), colorSpace='rgb', contrast=1.0, depth=-2.0, flipHoriz=False, flipVert=False, font='Open Sans', fontFiles=[], height=0.1, italic=False, languageStyle='LTR', name='text_2', opacity=1.0, ori=0.0, pos=array([0., 0.]), rgb=UNKNOWN, text='', units='height', win=Window(...), wrapWidth=1)
12.2801 	EXP 	Created disp_answer_ME = TextStim(__class__=<class 'psychopy.visual.text.TextStim'>, alignHoriz=method-wrapper(...), alignText='center', alignVert=method-wrapper(...), anchorHoriz='center', anchorVert='center', antialias=True, autoLog=True, bold=False, color=array([-1., -1., -1.]), colorSpace='rgb', contrast=1.0, depth=-2.0, flipHoriz=False, flipVert=False, font='Arial', fontFiles=[], height=0.1, italic=False, languageStyle='LTR', name='disp_answer_ME', opacity=1.0, ori=0.0, pos=array([0., 0.]), rgb=UNKNOWN, text='', units='height', win=Window(...), wrapWidth=1)
12.2816 	EXP 	Created text_7 = TextStim(__class__=<class 'psychopy.visual.text.TextStim'>, alignHoriz=method-wrapper(...), alignText='center', alignVert=method-wrapper(...), anchorHoriz='center', anchorVert='center', antialias=True, autoLog=True, bold=False, color=array([1., 1., 1.]), colorSpace='rgb', contrast=1.0, depth=-3.0, flipHoriz=False, flipVert=False, font='Open Sans', fontFiles=[], height=0.1, italic=False, languageStyle='LTR', name='text_7', opacity=1, ori=0.0, pos=array([ 0. , -0.1]), rgb=UNKNOWN, text='', units='height', win=Window(...), wrapWidth=1)
12.2832 	EXP 	Created text_next_block_ME = TextStim(__class__=<class 'psychopy.visual.text.TextStim'>, alignHoriz=method-wrapper(...), alignText='center', alignVert=method-wrapper(...), anchorHoriz='center', anchorVert='center', antialias=True, autoLog=True, bold=False, color=array([1., 1., 1.]), colorSpace='rgb', contrast=1.0, depth=-1.0, flipHoriz=False, flipVert=False, font='Open Sans', fontFiles=[], height=0.1, italic=False, languageStyle='LTR', name='text_next_block_ME', opacity=1, ori=0.0, pos=array([0., 0.]), rgb=UNKNOWN, text='', units='height', win=Window(...), wrapWidth=1)
12.3615 	EXP 	Created text_break = TextStim(__class__=<class 'psychopy.visual.text.TextStim'>, alignHoriz=method-wrapper(...), alignText='center', alignVert=method-wrapper(...), anchorHoriz='center', anchorVert='center', antialias=True, autoLog=True, bold=False, color=array([-1., -1., -1.]), colorSpace='rgb', contrast=1.0, depth=-1.0, flipHoriz=False, flipVert=False, font='Arial', fontFiles=[], height=0.05, italic=False, languageStyle='LTR', name='text_break', opacity=1, ori=0, pos=array([0., 0.]), rgb=UNKNOWN, text=str(...), units='height', win=Window(...), wrapWidth=1)
12.3804 	EXP 	Created Fixation = TextStim(__class__=<class 'psychopy.visual.text.TextStim'>, alignHoriz=method-wrapper(...), alignText='center', alignVert=method-wrapper(...), anchorHoriz='center', anchorVert='center', antialias=True, autoLog=True, bold=False, color=array([-1., -1., -1.]), colorSpace='rgb', contrast=1.0, depth=-1.0, flipHoriz=False, flipVert=False, font='Arial', fontFiles=[], height=0.2, italic=False, languageStyle='LTR', name='Fixation', opacity=1, ori=0, pos=array([0., 0.]), rgb=UNKNOWN, text='+', units='height', win=Window(...), wrapWidth=1)
12.3830 	EXP 	Created text_6 = TextStim(__class__=<class 'psychopy.visual.text.TextStim'>, alignHoriz=method-wrapper(...), alignText='center', alignVert=method-wrapper(...), anchorHoriz='center', anchorVert='center', antialias=True, autoLog=True, bold=False, color=array([1., 1., 1.]), colorSpace='rgb', contrast=1.0, depth=-2.0, flipHoriz=False, flipVert=False, font='Open Sans', fontFiles=[], height=0.1, italic=False, languageStyle='LTR', name='text_6', opacity=1, ori=0.0, pos=array([ 0. , -0.1]), rgb=UNKNOWN, text='', units='height', win=Window(...), wrapWidth=1)
12.3873 	EXP 	Created Fixation_Play = TextStim(__class__=<class 'psychopy.visual.text.TextStim'>, alignHoriz=method-wrapper(...), alignText='center', alignVert=method-wrapper(...), anchorHoriz='center', anchorVert='center', antialias=True, autoLog=True, bold=False, color=array([-1., -1., -1.]), colorSpace='rgb', contrast=1.0, depth=-1.0, flipHoriz=False, flipVert=False, font='Arial', fontFiles=[], height=0.2, italic=False, languageStyle='LTR', name='Fixation_Play', opacity=1.0, ori=0.0, pos=array([0., 0.]), rgb=UNKNOWN, text='+', units='height', win=Window(...), wrapWidth=1)
12.3986 	EXP 	Sound sound_digit1 set volume 1.000
12.4006 	EXP 	Created disp_answer = TextStim(__class__=<class 'psychopy.visual.text.TextStim'>, alignHoriz=method-wrapper(...), alignText='center', alignVert=method-wrapper(...), anchorHoriz='center', anchorVert='center', antialias=True, autoLog=True, bold=False, color=array([-1., -1., -1.]), colorSpace='rgb', contrast=1.0, depth=-2.0, flipHoriz=False, flipVert=False, font='Arial', fontFiles=[], height=0.1, italic=False, languageStyle='LTR', name='disp_answer', opacity=1, ori=0, pos=array([0., 0.]), rgb=UNKNOWN, text='', units='height', win=Window(...), wrapWidth=1)
12.4032 	EXP 	Created text_nextblock = TextStim(__class__=<class 'psychopy.visual.text.TextStim'>, alignHoriz=method-wrapper(...), alignText='center', alignVert=method-wrapper(...), anchorHoriz='center', anchorVert='center', antialias=True, autoLog=True, bold=False, color=array([-1., -1., -1.]), colorSpace='rgb', contrast=1.0, depth=-1.0, flipHoriz=False, flipVert=False, font='Arial', fontFiles=[], height=0.05, italic=False, languageStyle='LTR', name='text_nextblock', opacity=1.0, ori=0.0, pos=array([0., 0.]), rgb=UNKNOWN, text='', units='height', win=Window(...), wrapWidth=1)
12.5209 	EXP 	Instructions_Background_Noise: autoDraw = True
16.6942 	DATA 	Mouse: Left button down, pos=(1786,431)
16.8078 	DATA 	Mouse:  Left button up, pos=(1786,431)
16.9408 	DATA 	Keypress: return
16.9431 	EXP 	Sound  started
16.9540 	EXP 	Instructions_Background_Noise: autoDraw = False
16.9540 	EXP 	Fixation_cross_Test: autoDraw = True
21.9512 	EXP 	Sound  stopped
21.9516 	EXP 	Created sequence: sequential, trialTypes=1, nReps=100, seed=None
21.9521 	EXP 	New trial (rep=0, index=0): None
21.9592 	EXP 	Fixation_cross_Test: autoDraw = False
21.9592 	EXP 	Fixation_cross_Test: autoDraw = False
21.9592 	EXP 	text_practice: autoDraw = True
25.8144 	EXP 	Imported data/practice_trials.xlsx as conditions, 10 conditions, 5 params
25.8148 	EXP 	Created sequence: sequential, trialTypes=10, nReps=1, seed=None
25.8150 	EXP 	New trial (rep=0, index=0): {'TrialID': 0.0, 'NFB_digit1': 6.0, 'NFB_digit2': 2.0, 'NFB_digit3': 4.0, 'Speaker_trial': 33.0}
25.8160 	EXP 	Sound Digit1_clear started
25.8182 	DATA 	Keypress: return
25.8217 	EXP 	text_practice: autoDraw = False
26.3033 	EXP 	Sound Digit1_clear reached end of file
26.3056 	EXP 	Created sequence: sequential, trialTypes=1, nReps=1, seed=None
26.3058 	EXP 	New trial (rep=0, index=0): None
26.3165 	EXP 	Created unnamed TextStim = TextStim(__class__=<class 'psychopy.visual.text.TextStim'>, alignHoriz=method-wrapper(...), alignText='center', alignVert=method-wrapper(...), anchorHoriz='center', anchorVert='center', antialias=True, autoLog=True, bold=False, color=array([1., 1., 1.]), colorSpace='rgb', contrast=1.0, depth=0, flipHoriz=False, flipVert=False, font='', fontFiles=[], height=0.1, italic=False, languageStyle='LTR', name='unnamed TextStim', opacity=1.0, ori=0.0, pos=array([0., 0.]), rgb=UNKNOWN, text='Practice trials going on', units='norm', win=Window(...), wrapWidth=1)
26.3385 	EXP 	unnamed TextStim: autoDraw = True
26.3644 	EXP 	text_practice_resp: autoDraw = True
27.0436 	DATA 	Keypress: return
27.0860 	EXP 	unnamed TextStim: autoDraw = False
27.0873 	EXP 	New trial (rep=0, index=1): {'TrialID': 1.0, 'NFB_digit1': 1.0, 'NFB_digit2': 9.0, 'NFB_digit3': 3.0, 'Speaker_trial': 13.0}
27.0883 	EXP 	Sound Digit1_clear started
27.0941 	EXP 	text_practice_resp: autoDraw = False
27.5707 	EXP 	Sound Digit1_clear reached end of file
27.5717 	EXP 	Created sequence: sequential, trialTypes=1, nReps=1, seed=None
27.5719 	EXP 	New trial (rep=0, index=0): None
27.5808 	EXP 	Created unnamed TextStim = TextStim(__class__=<class 'psychopy.visual.text.TextStim'>, alignHoriz=method-wrapper(...), alignText='center', alignVert=method-wrapper(...), anchorHoriz='center', anchorVert='center', antialias=True, autoLog=True, bold=False, color=array([1., 1., 1.]), colorSpace='rgb', contrast=1.0, depth=0, flipHoriz=False, flipVert=False, font='', fontFiles=[], height=0.1, italic=False, languageStyle='LTR', name='unnamed TextStim', opacity=1.0, ori=0.0, pos=array([0., 0.]), rgb=UNKNOWN, text='Practice trials going on', units='norm', win=Window(...), wrapWidth=1)
27.5852 	EXP 	unnamed TextStim: autoDraw = True
27.5966 	EXP 	text_practice_resp: autoDraw = True
27.8922 	DATA 	Keypress: return
27.9180 	EXP 	unnamed TextStim: autoDraw = False
27.9191 	EXP 	New trial (rep=0, index=2): {'TrialID': 2.0, 'NFB_digit1': 8.0, 'NFB_digit2': 0.0, 'NFB_digit3': 1.0, 'Speaker_trial': 21.0}
27.9200 	EXP 	Sound Digit1_clear started
27.9255 	EXP 	text_practice_resp: autoDraw = False
28.4024 	EXP 	Sound Digit1_clear reached end of file
28.4047 	EXP 	Created sequence: sequential, trialTypes=1, nReps=1, seed=None
28.4050 	EXP 	New trial (rep=0, index=0): None
28.4093 	EXP 	Created unnamed TextStim = TextStim(__class__=<class 'psychopy.visual.text.TextStim'>, alignHoriz=method-wrapper(...), alignText='center', alignVert=method-wrapper(...), anchorHoriz='center', anchorVert='center', antialias=True, autoLog=True, bold=False, color=array([1., 1., 1.]), colorSpace='rgb', contrast=1.0, depth=0, flipHoriz=False, flipVert=False, font='', fontFiles=[], height=0.1, italic=False, languageStyle='LTR', name='unnamed TextStim', opacity=1.0, ori=0.0, pos=array([0., 0.]), rgb=UNKNOWN, text='Practice trials going on', units='norm', win=Window(...), wrapWidth=1)
28.4179 	EXP 	unnamed TextStim: autoDraw = True
28.4291 	EXP 	text_practice_resp: autoDraw = True
28.5582 	DATA 	Keypress: return
28.5847 	EXP 	unnamed TextStim: autoDraw = False
28.5858 	EXP 	New trial (rep=0, index=3): {'TrialID': 3.0, 'NFB_digit1': 9.0, 'NFB_digit2': 6.0, 'NFB_digit3': 1.0, 'Speaker_trial': 61.0}
28.5868 	EXP 	Sound Digit1_clear started
28.5930 	EXP 	text_practice_resp: autoDraw = False
29.0716 	EXP 	Sound Digit1_clear reached end of file
29.0742 	EXP 	Created sequence: sequential, trialTypes=1, nReps=1, seed=None
29.0744 	EXP 	New trial (rep=0, index=0): None
29.0809 	EXP 	Created unnamed TextStim = TextStim(__class__=<class 'psychopy.visual.text.TextStim'>, alignHoriz=method-wrapper(...), alignText='center', alignVert=method-wrapper(...), anchorHoriz='center', anchorVert='center', antialias=True, autoLog=True, bold=False, color=array([1., 1., 1.]), colorSpace='rgb', contrast=1.0, depth=0, flipHoriz=False, flipVert=False, font='', fontFiles=[], height=0.1, italic=False, languageStyle='LTR', name='unnamed TextStim', opacity=1.0, ori=0.0, pos=array([0., 0.]), rgb=UNKNOWN, text='Practice trials going on', units='norm', win=Window(...), wrapWidth=1)
29.0866 	EXP 	unnamed TextStim: autoDraw = True
29.1010 	EXP 	text_practice_resp: autoDraw = True
29.2755 	DATA 	Keypress: return
29.3013 	EXP 	unnamed TextStim: autoDraw = False
29.3030 	EXP 	New trial (rep=0, index=4): {'TrialID': 4.0, 'NFB_digit1': 8.0, 'NFB_digit2': 1.0, 'NFB_digit3': 5.0, 'Speaker_trial': 7.0}
29.3041 	EXP 	Sound Digit1_clear started
29.3099 	EXP 	text_practice_resp: autoDraw = False
29.7831 	EXP 	Sound Digit1_clear reached end of file
29.7854 	EXP 	Created sequence: sequential, trialTypes=1, nReps=1, seed=None
29.7856 	EXP 	New trial (rep=0, index=0): None
29.7897 	EXP 	Created unnamed TextStim = TextStim(__class__=<class 'psychopy.visual.text.TextStim'>, alignHoriz=method-wrapper(...), alignText='center', alignVert=method-wrapper(...), anchorHoriz='center', anchorVert='center', antialias=True, autoLog=True, bold=False, color=array([1., 1., 1.]), colorSpace='rgb', contrast=1.0, depth=0, flipHoriz=False, flipVert=False, font='', fontFiles=[], height=0.1, italic=False, languageStyle='LTR', name='unnamed TextStim', opacity=1.0, ori=0.0, pos=array([0., 0.]), rgb=UNKNOWN, text='Practice trials going on', units='norm', win=Window(...), wrapWidth=1)
29.8013 	EXP 	unnamed TextStim: autoDraw = True
29.8125 	EXP 	text_practice_resp: autoDraw = True
29.9416 	DATA 	Keypress: return
29.9679 	EXP 	unnamed TextStim: autoDraw = False
29.9691 	EXP 	New trial (rep=0, index=5): {'TrialID': 5.0, 'NFB_digit1': 4.0, 'NFB_digit2': 1.0, 'NFB_digit3': 0.0, 'Speaker_trial': 33.0}
29.9700 	EXP 	Sound Digit1_clear started
29.9756 	EXP 	text_practice_resp: autoDraw = False
30.4508 	EXP 	Sound Digit1_clear reached end of file
30.4532 	EXP 	Created sequence: sequential, trialTypes=1, nReps=1, seed=None
30.4535 	EXP 	New trial (rep=0, index=0): None
30.4583 	EXP 	Created unnamed TextStim = TextStim(__class__=<class 'psychopy.visual.text.TextStim'>, alignHoriz=method-wrapper(...), alignText='center', alignVert=method-wrapper(...), anchorHoriz='center', anchorVert='center', antialias=True, autoLog=True, bold=False, color=array([1., 1., 1.]), colorSpace='rgb', contrast=1.0, depth=0, flipHoriz=False, flipVert=False, font='', fontFiles=[], height=0.1, italic=False, languageStyle='LTR', name='unnamed TextStim', opacity=1.0, ori=0.0, pos=array([0., 0.]), rgb=UNKNOWN, text='Practice trials going on', units='norm', win=Window(...), wrapWidth=1)
30.4678 	EXP 	unnamed TextStim: autoDraw = True
30.4800 	EXP 	text_practice_resp: autoDraw = True
30.6087 	DATA 	Keypress: return
30.6350 	EXP 	unnamed TextStim: autoDraw = False
30.6366 	EXP 	New trial (rep=0, index=6): {'TrialID': 6.0, 'NFB_digit1': 9.0, 'NFB_digit2': 2.0, 'NFB_digit3': 6.0, 'Speaker_trial': 13.0}
30.6378 	EXP 	Sound Digit1_clear started
30.6430 	EXP 	text_practice_resp: autoDraw = False
31.1182 	EXP 	Sound Digit1_clear reached end of file
31.1204 	EXP 	Created sequence: sequential, trialTypes=1, nReps=1, seed=None
31.1206 	EXP 	New trial (rep=0, index=0): None
31.1246 	EXP 	Created unnamed TextStim = TextStim(__class__=<class 'psychopy.visual.text.TextStim'>, alignHoriz=method-wrapper(...), alignText='center', alignVert=method-wrapper(...), anchorHoriz='center', anchorVert='center', antialias=True, autoLog=True, bold=False, color=array([1., 1., 1.]), colorSpace='rgb', contrast=1.0, depth=0, flipHoriz=False, flipVert=False, font='', fontFiles=[], height=0.1, italic=False, languageStyle='LTR', name='unnamed TextStim', opacity=1.0, ori=0.0, pos=array([0., 0.]), rgb=UNKNOWN, text='Practice trials going on', units='norm', win=Window(...), wrapWidth=1)
31.1348 	EXP 	unnamed TextStim: autoDraw = True
31.1466 	EXP 	text_practice_resp: autoDraw = True
31.3422 	DATA 	Keypress: return
31.3679 	EXP 	unnamed TextStim: autoDraw = False
31.3690 	EXP 	New trial (rep=0, index=7): {'TrialID': 7.0, 'NFB_digit1': 2.0, 'NFB_digit2': 3.0, 'NFB_digit3': 0.0, 'Speaker_trial': 10.0}
31.3700 	EXP 	Sound Digit1_clear started
31.3758 	EXP 	text_practice_resp: autoDraw = False
31.8515 	EXP 	Sound Digit1_clear reached end of file
31.8540 	EXP 	Created sequence: sequential, trialTypes=1, nReps=1, seed=None
31.8542 	EXP 	New trial (rep=0, index=0): None
31.8586 	EXP 	Created unnamed TextStim = TextStim(__class__=<class 'psychopy.visual.text.TextStim'>, alignHoriz=method-wrapper(...), alignText='center', alignVert=method-wrapper(...), anchorHoriz='center', anchorVert='center', antialias=True, autoLog=True, bold=False, color=array([1., 1., 1.]), colorSpace='rgb', contrast=1.0, depth=0, flipHoriz=False, flipVert=False, font='', fontFiles=[], height=0.1, italic=False, languageStyle='LTR', name='unnamed TextStim', opacity=1.0, ori=0.0, pos=array([0., 0.]), rgb=UNKNOWN, text='Practice trials going on', units='norm', win=Window(...), wrapWidth=1)
31.8677 	EXP 	unnamed TextStim: autoDraw = True
31.8808 	EXP 	text_practice_resp: autoDraw = True
32.0584 	DATA 	Keypress: return
32.0842 	EXP 	unnamed TextStim: autoDraw = False
32.0852 	EXP 	New trial (rep=0, index=8): {'TrialID': 8.0, 'NFB_digit1': 1.0, 'NFB_digit2': 9.0, 'NFB_digit3': 2.0, 'Speaker_trial': 48.0}
32.0860 	EXP 	Sound Digit1_clear started
32.0921 	EXP 	text_practice_resp: autoDraw = False
32.5692 	EXP 	Sound Digit1_clear reached end of file
32.5697 	EXP 	Created sequence: sequential, trialTypes=1, nReps=1, seed=None
32.5699 	EXP 	New trial (rep=0, index=0): None
32.5730 	EXP 	Created unnamed TextStim = TextStim(__class__=<class 'psychopy.visual.text.TextStim'>, alignHoriz=method-wrapper(...), alignText='center', alignVert=method-wrapper(...), anchorHoriz='center', anchorVert='center', antialias=True, autoLog=True, bold=False, color=array([1., 1., 1.]), colorSpace='rgb', contrast=1.0, depth=0, flipHoriz=False, flipVert=False, font='', fontFiles=[], height=0.1, italic=False, languageStyle='LTR', name='unnamed TextStim', opacity=1.0, ori=0.0, pos=array([0., 0.]), rgb=UNKNOWN, text='Practice trials going on', units='norm', win=Window(...), wrapWidth=1)
32.5842 	EXP 	unnamed TextStim: autoDraw = True
32.5940 	EXP 	text_practice_resp: autoDraw = True
32.8918 	DATA 	Keypress: return
32.9343 	EXP 	unnamed TextStim: autoDraw = False
32.9351 	EXP 	New trial (rep=0, index=9): {'TrialID': 9.0, 'NFB_digit1': 8.0, 'NFB_digit2': 1.0, 'NFB_digit3': 0.0, 'Speaker_trial': 21.0}
32.9357 	EXP 	Sound Digit1_clear started
32.9421 	EXP 	text_practice_resp: autoDraw = False
33.4272 	EXP 	Sound Digit1_clear reached end of file
33.4294 	EXP 	Created sequence: sequential, trialTypes=1, nReps=1, seed=None
33.4296 	EXP 	New trial (rep=0, index=0): None
33.4324 	EXP 	Created unnamed TextStim = TextStim(__class__=<class 'psychopy.visual.text.TextStim'>, alignHoriz=method-wrapper(...), alignText='center', alignVert=method-wrapper(...), anchorHoriz='center', anchorVert='center', antialias=True, autoLog=True, bold=False, color=array([1., 1., 1.]), colorSpace='rgb', contrast=1.0, depth=0, flipHoriz=False, flipVert=False, font='', fontFiles=[], height=0.1, italic=False, languageStyle='LTR', name='unnamed TextStim', opacity=1.0, ori=0.0, pos=array([0., 0.]), rgb=UNKNOWN, text='Practice trials going on', units='norm', win=Window(...), wrapWidth=1)
33.4508 	EXP 	unnamed TextStim: autoDraw = True
33.4618 	EXP 	text_practice_resp: autoDraw = True
33.8082 	DATA 	Keypress: return
33.8340 	EXP 	unnamed TextStim: autoDraw = False
33.8417 	EXP 	text_practice_resp: autoDraw = False
33.8417 	EXP 	text_practice_repeat: autoDraw = True
34.7256 	DATA 	Keypress: return
34.7536 	EXP 	text_practice_repeat: autoDraw = False
34.7536 	EXP 	text_4: autoDraw = True
35.5035 	EXP 	Imported data/Stimuli_ME_cond.xlsx as conditions, 280 conditions, 8 params
35.5044 	EXP 	Created sequence: sequential, trialTypes=280, nReps=1, seed=None
35.5047 	EXP 	New trial (rep=0, index=0): {'TrialID_ME': 0.0, 'NFB_digit1_ME': 1.0, 'NFB_digit2_ME': 2.0, 'NFB_digit3_ME': 0.0, 'Speaker_trial_ME': 33.0, 'NV_trial_ME': 1.0, 'Triggered_trial_ME': 1.0, 'Jitter_trial_ME': 0.0}
35.5063 	EXP 	Sound  set loops 2
35.5063 	EXP 	Sound  started
36.1749 	DATA 	Keypress: return
36.1787 	EXP 	text_4: autoDraw = False
36.1787 	EXP 	Fixation_ME: autoDraw = True
37.5914 	EXP 	Sound sound_digit_1_ME started
37.5981 	EXP 	Fixation_ME: autoDraw = False
37.5981 	EXP 	text_2: text = 0
37.5981 	EXP 	text_2: autoDraw = True
38.0635 	EXP 	Sound sound_digit_1_ME reached end of file
38.5883 	EXP 	Created sequence: sequential, trialTypes=1, nReps=1, seed=None
38.5884 	EXP 	New trial (rep=0, index=0): None
38.5885 	EXP 	Sound  started
38.6030 	EXP 	text_2: autoDraw = False
38.6030 	EXP 	text_2: autoDraw = False
38.6030 	EXP 	text_7: text = 0
38.6030 	EXP 	disp_answer_ME: autoDraw = True
38.6030 	EXP 	text_7: autoDraw = True
38.8912 	DATA 	Keypress: 0
39.0913 	DATA 	Keypress: return
39.1187 	EXP 	Created unnamed TextStim = TextStim(__class__=<class 'psychopy.visual.text.TextStim'>, alignHoriz=method-wrapper(...), alignText='center', alignVert=method-wrapper(...), anchorHoriz='center', anchorVert='center', antialias=True, autoLog=True, bold=False, color=array([1., 1., 1.]), colorSpace='rgb', contrast=1.0, depth=0, flipHoriz=False, flipVert=False, font='', fontFiles=[], height=0.1, italic=False, languageStyle='LTR', name='unnamed TextStim', opacity=1.0, ori=0.0, pos=array([ 0. , -0.1]), rgb=UNKNOWN, text='Current trial correct?:[0.]', units='norm', win=Window(...), wrapWidth=1)
39.1340 	EXP 	unnamed TextStim: autoDraw = True
39.1402 	EXP 	Created unnamed TextStim = TextStim(__class__=<class 'psychopy.visual.text.TextStim'>, alignHoriz=method-wrapper(...), alignText='center', alignVert=method-wrapper(...), anchorHoriz='center', anchorVert='center', antialias=True, autoLog=True, bold=False, color=array([1., 1., 1.]), colorSpace='rgb', contrast=1.0, depth=0, flipHoriz=False, flipVert=False, font='', fontFiles=[], height=0.1, italic=False, languageStyle='LTR', name='unnamed TextStim', opacity=1.0, ori=0.0, pos=array([0., 0.]), rgb=UNKNOWN, text='Current ROC AUC:-0.0', units='norm', win=Window(...), wrapWidth=1)
39.1509 	EXP 	unnamed TextStim: autoDraw = True
39.1675 	EXP 	unnamed TextStim: autoDraw = False
39.1677 	EXP 	Sound  started
39.1690 	EXP 	New trial (rep=0, index=1): {'TrialID_ME': 1.0, 'NFB_digit1_ME': 0.0, 'NFB_digit2_ME': 8.0, 'NFB_digit3_ME': 3.0, 'Speaker_trial_ME': 49.0, 'NV_trial_ME': 1.0, 'Triggered_trial_ME': 0.0, 'Jitter_trial_ME': 1.0}
39.1705 	EXP 	Sound  started
39.1770 	EXP 	disp_answer_ME: autoDraw = False
39.1770 	EXP 	text_7: autoDraw = False
39.1770 	EXP 	text_next_block_ME: text = ''
39.1770 	EXP 	text_next_block_ME: autoDraw = False
39.1770 	EXP 	Fixation_ME: autoDraw = True
41.2355 	EXP 	Sound sound_digit_1_ME started
41.2414 	EXP 	Fixation_ME: autoDraw = False
41.2414 	EXP 	text_2: text = 1
41.2414 	EXP 	text_2: autoDraw = True
41.7081 	EXP 	Sound sound_digit_1_ME reached end of file
42.2376 	EXP 	Created sequence: sequential, trialTypes=1, nReps=1, seed=None
42.2377 	EXP 	New trial (rep=0, index=0): None
42.2378 	EXP 	Sound  started
42.2527 	EXP 	text_2: autoDraw = False
42.2527 	EXP 	text_2: autoDraw = False
42.2527 	EXP 	text_7: text = 0
42.2527 	EXP 	disp_answer_ME: autoDraw = True
42.2527 	EXP 	text_7: autoDraw = True
42.2757 	DATA 	Keypress: 0
42.4085 	DATA 	Keypress: return
42.4485 	EXP 	Created unnamed TextStim = TextStim(__class__=<class 'psychopy.visual.text.TextStim'>, alignHoriz=method-wrapper(...), alignText='center', alignVert=method-wrapper(...), anchorHoriz='center', anchorVert='center', antialias=True, autoLog=True, bold=False, color=array([1., 1., 1.]), colorSpace='rgb', contrast=1.0, depth=0, flipHoriz=False, flipVert=False, font='', fontFiles=[], height=0.1, italic=False, languageStyle='LTR', name='unnamed TextStim', opacity=1.0, ori=0.0, pos=array([ 0. , -0.1]), rgb=UNKNOWN, text='Current trial correct?:[1.]', units='norm', win=Window(...), wrapWidth=1)
42.4670 	EXP 	unnamed TextStim: autoDraw = True
42.4711 	EXP 	Created unnamed TextStim = TextStim(__class__=<class 'psychopy.visual.text.TextStim'>, alignHoriz=method-wrapper(...), alignText='center', alignVert=method-wrapper(...), anchorHoriz='center', anchorVert='center', antialias=True, autoLog=True, bold=False, color=array([1., 1., 1.]), colorSpace='rgb', contrast=1.0, depth=0, flipHoriz=False, flipVert=False, font='', fontFiles=[], height=0.1, italic=False, languageStyle='LTR', name='unnamed TextStim', opacity=1.0, ori=0.0, pos=array([0., 0.]), rgb=UNKNOWN, text='Current ROC AUC:0.5', units='norm', win=Window(...), wrapWidth=1)
42.4837 	EXP 	unnamed TextStim: autoDraw = True
42.5003 	EXP 	unnamed TextStim: autoDraw = False
42.5139 	EXP 	Sound  stopped
43.0371 	EXP 	window1: mouseVisible = True
44.4220 	EXP 	window1: mouseVisible = True
