24.5611 	WARNING 	User requested fullscreen with size [1280  720], but screen is actually [2560, 1440]. Using actual size
27.5847 	EXP 	Created window1 = Window(allowGUI=False, allowStencil=False, autoLog=True, backendConf=UNKNOWN, bitsMode=UNKNOWN, blendMode='avg', bpc=(8, 8, 8), color=array([0, 0, 0]), colorSpace='rgb', depthBits=8, fullscr=<method-wrapper '__getattribute__' of attributeSetter object at 0x00000210F7DE87F0>, gamma=None, gammaErrorPolicy='raise', lms=UNKNOWN, monitor=<psychopy.monitors.calibTools.Monitor object at 0x00000210F7E279B0>, multiSample=False, name='window1', numSamples=2, pos=[0.0, 0.0], screen=0, size=array([2560, 1440]), stencilBits=0, stereo=False, units='height', useFBO=True, useRetina=False, viewOri=0.0, viewPos=None, viewScale=None, waitBlanking=True, winType='pyglet')
27.5851 	EXP 	window1: mouseVisible = True
27.5851 	EXP 	window1: recordFrameIntervals = False
27.7509 	EXP 	window1: recordFrameIntervals = True
27.9345 	EXP 	window1: recordFrameIntervals = False
29.7991 	EXP 	Created Instructions_Background_Noise = TextStim(__class__=<class 'psychopy.visual.text.TextStim'>, alignHoriz=method-wrapper(...), alignText='center', alignVert=method-wrapper(...), anchorHoriz='center', anchorVert='center', antialias=True, autoLog=True, bold=False, color=array([-1., -1., -1.]), colorSpace='rgb', contrast=1.0, depth=-1.0, flipHoriz=False, flipVert=False, font='Arial', fontFiles=[], height=0.03, italic=False, languageStyle='LTR', name='Instructions_Background_Noise', opacity=1, ori=0, pos=array([0., 0.]), rgb=UNKNOWN, text=str(...), units='height', win=Window(...), wrapWidth=1)
29.8456 	EXP 	Created Fixation_cross_Test = TextStim(__class__=<class 'psychopy.visual.text.TextStim'>, alignHoriz=method-wrapper(...), alignText='center', alignVert=method-wrapper(...), anchorHoriz='center', anchorVert='center', antialias=True, autoLog=True, bold=False, color=array([-1., -1., -1.]), colorSpace='rgb', contrast=1.0, depth=-1.0, flipHoriz=False, flipVert=False, font='Arial', fontFiles=[], height=0.2, italic=False, languageStyle='LTR', name='Fixation_cross_Test', opacity=1, ori=0, pos=array([0., 0.]), rgb=UNKNOWN, text='+', units='height', win=Window(...), wrapWidth=1)
29.8885 	EXP 	Created text_practice = TextStim(__class__=<class 'psychopy.visual.text.TextStim'>, alignHoriz=method-wrapper(...), alignText='center', alignVert=method-wrapper(...), anchorHoriz='center', anchorVert='center', antialias=True, autoLog=True, bold=False, color=array([-1., -1., -1.]), colorSpace='rgb', contrast=1.0, depth=-1.0, flipHoriz=False, flipVert=False, font='Arial', fontFiles=[], height=0.03, italic=False, languageStyle='LTR', name='text_practice', opacity=1, ori=0, pos=array([0., 0.]), rgb=UNKNOWN, text=str(...), units='height', win=Window(...), wrapWidth=1)
29.8975 	EXP 	Sound Digit1_clear set volume 1.000
29.9064 	EXP 	Sound Digit2_clear set volume 1.000
29.9156 	EXP 	Sound Digit3_clear set volume 1.000
29.9178 	EXP 	Created text_practice_resp = TextStim(__class__=<class 'psychopy.visual.text.TextStim'>, alignHoriz=method-wrapper(...), alignText='center', alignVert=method-wrapper(...), anchorHoriz='center', anchorVert='center', antialias=True, autoLog=True, bold=False, color=array([-1., -1., -1.]), colorSpace='rgb', contrast=1.0, depth=-2.0, flipHoriz=False, flipVert=False, font='Arial', fontFiles=[], height=0.1, italic=False, languageStyle='LTR', name='text_practice_resp', opacity=1, ori=0, pos=array([0., 0.]), rgb=UNKNOWN, text='', units='height', win=Window(...), wrapWidth=1)
29.9443 	EXP 	Created text_practice_repeat = TextStim(__class__=<class 'psychopy.visual.text.TextStim'>, alignHoriz=method-wrapper(...), alignText='center', alignVert=method-wrapper(...), anchorHoriz='center', anchorVert='center', antialias=True, autoLog=True, bold=False, color=array([-1., -1., -1.]), colorSpace='rgb', contrast=1.0, depth=-1.0, flipHoriz=False, flipVert=False, font='Arial', fontFiles=[], height=0.05, italic=False, languageStyle='LTR', name='text_practice_repeat', opacity=1, ori=0, pos=array([0., 0.]), rgb=UNKNOWN, text=str(...), units='height', win=Window(...), wrapWidth=1)
29.9866 	EXP 	Created text_4 = TextStim(__class__=<class 'psychopy.visual.text.TextStim'>, alignHoriz=method-wrapper(...), alignText='center', alignVert=method-wrapper(...), anchorHoriz='center', anchorVert='center', antialias=True, autoLog=True, bold=False, color=array([-1., -1., -1.]), colorSpace='rgb', contrast=1.0, depth=-1.0, flipHoriz=False, flipVert=False, font='Arial', fontFiles=[], height=0.03, italic=False, languageStyle='LTR', name='text_4', opacity=1.0, ori=0.0, pos=array([0., 0.]), rgb=UNKNOWN, text=str(...), units='height', win=Window(...), wrapWidth=1)
29.9936 	EXP 	Created Fixation_ME = TextStim(__class__=<class 'psychopy.visual.text.TextStim'>, alignHoriz=method-wrapper(...), alignText='center', alignVert=method-wrapper(...), anchorHoriz='center', anchorVert='center', antialias=True, autoLog=True, bold=False, color=array([-1., -1., -1.]), colorSpace='rgb', contrast=1.0, depth=-1.0, flipHoriz=False, flipVert=False, font='Open Sans', fontFiles=[], height=0.1, italic=False, languageStyle='LTR', name='Fixation_ME', opacity=1.0, ori=0.0, pos=array([0., 0.]), rgb=UNKNOWN, text='+', units='height', win=Window(...), wrapWidth=1)
30.0027 	EXP 	Sound sound_digit_1_ME set volume 1.000
30.0122 	EXP 	Sound sound_digit_2_ME set volume 1.000
30.0215 	EXP 	Sound sound_digit_3_ME set volume 1.000
30.0231 	EXP 	Created text_2 = TextStim(__class__=<class 'psychopy.visual.text.TextStim'>, alignHoriz=method-wrapper(...), alignText='center', alignVert=method-wrapper(...), anchorHoriz='center', anchorVert='center', antialias=True, autoLog=True, bold=False, color=array([-1., -1., -1.]), colorSpace='rgb', contrast=1.0, depth=-4.0, flipHoriz=False, flipVert=False, font='Open Sans', fontFiles=[], height=0.1, italic=False, languageStyle='LTR', name='text_2', opacity=1.0, ori=0.0, pos=array([0., 0.]), rgb=UNKNOWN, text='', units='height', win=Window(...), wrapWidth=1)
30.0245 	EXP 	Created disp_answer_ME = TextStim(__class__=<class 'psychopy.visual.text.TextStim'>, alignHoriz=method-wrapper(...), alignText='center', alignVert=method-wrapper(...), anchorHoriz='center', anchorVert='center', antialias=True, autoLog=True, bold=False, color=array([-1., -1., -1.]), colorSpace='rgb', contrast=1.0, depth=-2.0, flipHoriz=False, flipVert=False, font='Arial', fontFiles=[], height=0.1, italic=False, languageStyle='LTR', name='disp_answer_ME', opacity=1.0, ori=0.0, pos=array([0., 0.]), rgb=UNKNOWN, text='', units='height', win=Window(...), wrapWidth=1)
30.0258 	EXP 	Created text_5 = TextStim(__class__=<class 'psychopy.visual.text.TextStim'>, alignHoriz=method-wrapper(...), alignText='center', alignVert=method-wrapper(...), anchorHoriz='center', anchorVert='center', antialias=True, autoLog=True, bold=False, color=array([1., 1., 1.]), colorSpace='rgb', contrast=1.0, depth=-1.0, flipHoriz=False, flipVert=False, font='Open Sans', fontFiles=[], height=0.1, italic=False, languageStyle='LTR', name='text_5', opacity=1, ori=0.0, pos=array([0., 0.]), rgb=UNKNOWN, text='', units='height', win=Window(...), wrapWidth=1)
30.0272 	EXP 	Created text_next_block_ME = TextStim(__class__=<class 'psychopy.visual.text.TextStim'>, alignHoriz=method-wrapper(...), alignText='center', alignVert=method-wrapper(...), anchorHoriz='center', anchorVert='center', antialias=True, autoLog=True, bold=False, color=array([1., 1., 1.]), colorSpace='rgb', contrast=1.0, depth=-1.0, flipHoriz=False, flipVert=False, font='Open Sans', fontFiles=[], height=0.1, italic=False, languageStyle='LTR', name='text_next_block_ME', opacity=1, ori=0.0, pos=array([0., 0.]), rgb=UNKNOWN, text='', units='height', win=Window(...), wrapWidth=1)
30.0911 	EXP 	Created text_break = TextStim(__class__=<class 'psychopy.visual.text.TextStim'>, alignHoriz=method-wrapper(...), alignText='center', alignVert=method-wrapper(...), anchorHoriz='center', anchorVert='center', antialias=True, autoLog=True, bold=False, color=array([-1., -1., -1.]), colorSpace='rgb', contrast=1.0, depth=-1.0, flipHoriz=False, flipVert=False, font='Arial', fontFiles=[], height=0.05, italic=False, languageStyle='LTR', name='text_break', opacity=1, ori=0, pos=array([0., 0.]), rgb=UNKNOWN, text=str(...), units='height', win=Window(...), wrapWidth=1)
30.1079 	EXP 	Created Fixation = TextStim(__class__=<class 'psychopy.visual.text.TextStim'>, alignHoriz=method-wrapper(...), alignText='center', alignVert=method-wrapper(...), anchorHoriz='center', anchorVert='center', antialias=True, autoLog=True, bold=False, color=array([-1., -1., -1.]), colorSpace='rgb', contrast=1.0, depth=-1.0, flipHoriz=False, flipVert=False, font='Arial', fontFiles=[], height=0.2, italic=False, languageStyle='LTR', name='Fixation', opacity=1, ori=0, pos=array([0., 0.]), rgb=UNKNOWN, text='+', units='height', win=Window(...), wrapWidth=1)
30.1094 	EXP 	Created text_6 = TextStim(__class__=<class 'psychopy.visual.text.TextStim'>, alignHoriz=method-wrapper(...), alignText='center', alignVert=method-wrapper(...), anchorHoriz='center', anchorVert='center', antialias=True, autoLog=True, bold=False, color=array([1., 1., 1.]), colorSpace='rgb', contrast=1.0, depth=-2.0, flipHoriz=False, flipVert=False, font='Open Sans', fontFiles=[], height=0.1, italic=False, languageStyle='LTR', name='text_6', opacity=1, ori=0.0, pos=array([ 0. , -0.1]), rgb=UNKNOWN, text='', units='height', win=Window(...), wrapWidth=1)
30.1122 	EXP 	Created Fixation_Play = TextStim(__class__=<class 'psychopy.visual.text.TextStim'>, alignHoriz=method-wrapper(...), alignText='center', alignVert=method-wrapper(...), anchorHoriz='center', anchorVert='center', antialias=True, autoLog=True, bold=False, color=array([-1., -1., -1.]), colorSpace='rgb', contrast=1.0, depth=-1.0, flipHoriz=False, flipVert=False, font='Arial', fontFiles=[], height=0.2, italic=False, languageStyle='LTR', name='Fixation_Play', opacity=1.0, ori=0.0, pos=array([0., 0.]), rgb=UNKNOWN, text='+', units='height', win=Window(...), wrapWidth=1)
30.1218 	EXP 	Sound sound_digit1 set volume 1.000
30.1312 	EXP 	Sound sound_digit2 set volume 1.000
30.1477 	EXP 	Sound sound_digit3 set volume 1.000
30.1494 	EXP 	Created disp_answer = TextStim(__class__=<class 'psychopy.visual.text.TextStim'>, alignHoriz=method-wrapper(...), alignText='center', alignVert=method-wrapper(...), anchorHoriz='center', anchorVert='center', antialias=True, autoLog=True, bold=False, color=array([-1., -1., -1.]), colorSpace='rgb', contrast=1.0, depth=-2.0, flipHoriz=False, flipVert=False, font='Arial', fontFiles=[], height=0.1, italic=False, languageStyle='LTR', name='disp_answer', opacity=1, ori=0, pos=array([0., 0.]), rgb=UNKNOWN, text='', units='height', win=Window(...), wrapWidth=1)
30.1509 	EXP 	Created text_nextblock = TextStim(__class__=<class 'psychopy.visual.text.TextStim'>, alignHoriz=method-wrapper(...), alignText='center', alignVert=method-wrapper(...), anchorHoriz='center', anchorVert='center', antialias=True, autoLog=True, bold=False, color=array([-1., -1., -1.]), colorSpace='rgb', contrast=1.0, depth=-1.0, flipHoriz=False, flipVert=False, font='Arial', fontFiles=[], height=0.05, italic=False, languageStyle='LTR', name='text_nextblock', opacity=1.0, ori=0.0, pos=array([0., 0.]), rgb=UNKNOWN, text='', units='height', win=Window(...), wrapWidth=1)
30.3471 	EXP 	Instructions_Background_Noise: autoDraw = True
30.6353 	DATA 	Mouse: Left button down, pos=(1074,772)
30.7355 	DATA 	Mouse:  Left button up, pos=(1074,772)
31.2523 	DATA 	Keypress: return
31.2540 	EXP 	Sound  started
31.2671 	EXP 	Instructions_Background_Noise: autoDraw = False
31.2671 	EXP 	Fixation_cross_Test: autoDraw = True
36.2670 	EXP 	Sound  stopped
36.2678 	EXP 	Created sequence: sequential, trialTypes=1, nReps=100, seed=None
36.2689 	EXP 	New trial (rep=0, index=0): None
36.2772 	EXP 	Fixation_cross_Test: autoDraw = False
36.2772 	EXP 	Fixation_cross_Test: autoDraw = False
36.2772 	EXP 	text_practice: autoDraw = True
36.8067 	DATA 	Mouse: Left button down, pos=(1062,832)
36.8728 	DATA 	Mouse:  Left button up, pos=(1062,832)
37.1122 	EXP 	Imported data/practice_trials.xlsx as conditions, 1 conditions, 5 params
37.1125 	EXP 	Created sequence: sequential, trialTypes=1, nReps=1, seed=None
37.1128 	EXP 	New trial (rep=0, index=0): {'TrialID': 0.0, 'NFB_digit1': 6.0, 'NFB_digit2': 2.0, 'NFB_digit3': 4.0, 'Speaker_trial': 33.0}
37.1155 	EXP 	Sound Digit1_clear started
37.1179 	DATA 	Keypress: return
37.1213 	EXP 	text_practice: autoDraw = False
37.5992 	EXP 	Sound Digit1_clear reached end of file
37.6031 	EXP 	Sound Digit2_clear started
38.0786 	EXP 	Sound Digit2_clear reached end of file
38.0787 	EXP 	Sound Digit3_clear started
38.5605 	EXP 	Sound Digit3_clear reached end of file
38.5628 	EXP 	Created sequence: sequential, trialTypes=1, nReps=3, seed=None
38.5630 	EXP 	New trial (rep=0, index=0): None
38.5810 	EXP 	text_practice_resp: autoDraw = True
39.0564 	DATA 	Keypress: return
39.0918 	EXP 	New trial (rep=1, index=0): None
39.1015 	EXP 	text_practice_resp: autoDraw = False
39.1015 	EXP 	text_practice_resp: autoDraw = True
39.2719 	DATA 	Keypress: return
39.2907 	EXP 	New trial (rep=2, index=0): None
39.3008 	EXP 	text_practice_resp: autoDraw = False
39.3008 	EXP 	text_practice_resp: autoDraw = True
39.4555 	DATA 	Keypress: return
39.4837 	EXP 	text_practice_resp: autoDraw = False
39.4837 	EXP 	text_practice_repeat: autoDraw = True
42.0380 	DATA 	Keypress: return
42.0671 	EXP 	text_practice_repeat: autoDraw = False
42.0671 	EXP 	text_4: autoDraw = True
42.7723 	DATA 	Keypress: return
42.8581 	EXP 	Imported data/Stimuli_ME_cond.xlsx as conditions, 280 conditions, 8 params
42.8590 	EXP 	Created sequence: sequential, trialTypes=280, nReps=1, seed=None
42.8593 	EXP 	New trial (rep=0, index=0): {'TrialID_ME': 0.0, 'NFB_digit1_ME': 1.0, 'NFB_digit2_ME': 2.0, 'NFB_digit3_ME': 0.0, 'Speaker_trial_ME': 33.0, 'NV_trial_ME': 1.0, 'Triggered_trial_ME': 1.0, 'Jitter_trial_ME': 0.0}
42.8609 	EXP 	Sound  set loops 2
42.8610 	EXP 	Sound  started
43.5710 	EXP 	text_4: autoDraw = False
43.5710 	EXP 	Fixation_ME: autoDraw = True
44.9806 	EXP 	Sound sound_digit_1_ME started
44.9870 	EXP 	Fixation_ME: autoDraw = False
44.9870 	EXP 	text_2: text = 0
44.9870 	EXP 	text_2: autoDraw = True
45.4616 	EXP 	Sound sound_digit_1_ME reached end of file
45.4617 	EXP 	Sound sound_digit_2_ME started
45.4617 	EXP 	Sound sound_digit_3_ME started
45.9386 	EXP 	Sound sound_digit_2_ME reached end of file
45.9387 	EXP 	Sound sound_digit_3_ME reached end of file
45.9860 	EXP 	Created sequence: sequential, trialTypes=1, nReps=3, seed=None
45.9862 	EXP 	New trial (rep=0, index=0): None
45.9863 	EXP 	Sound  started
45.9996 	EXP 	text_2: autoDraw = False
45.9996 	EXP 	text_2: autoDraw = False
45.9996 	EXP 	disp_answer_ME: autoDraw = True
47.3214 	DATA 	Keypress: return
47.3400 	EXP 	New trial (rep=1, index=0): None
47.3401 	EXP 	Sound  started
47.3501 	EXP 	disp_answer_ME: autoDraw = False
47.3501 	EXP 	disp_answer_ME: autoDraw = True
47.7207 	DATA 	Keypress: return
47.7401 	EXP 	New trial (rep=2, index=0): None
47.7402 	EXP 	Sound  started
47.7500 	EXP 	disp_answer_ME: autoDraw = False
47.7500 	EXP 	disp_answer_ME: autoDraw = True
48.0378 	DATA 	Keypress: return
49.4068 	EXP 	window1: mouseVisible = True
