13.1241 	EXP 	Created window1 = Window(allowGUI=False, allowStencil=False, autoLog=True, backendConf=UNKNOWN, bitsMode=UNKNOWN, blendMode='avg', bpc=(8, 8, 8), color=array([0, 0, 0]), colorSpace='rgb', depthBits=8, fullscr=<method-wrapper '__getattribute__' of attributeSetter object at 0x000001E1C8C5DAC8>, gamma=None, gammaErrorPolicy='raise', lms=UNKNOWN, monitor=<psychopy.monitors.calibTools.Monitor object at 0x000001E1C8CADCC0>, multiSample=False, name='window1', numSamples=2, pos=[0.0, 0.0], screen=0, size=array([1280, 1024]), stencilBits=0, stereo=False, units='height', useFBO=True, useRetina=False, viewOri=0.0, viewPos=None, viewScale=None, waitBlanking=True, winType='pyglet')
13.1252 	EXP 	window1: mouseVisible = True
13.1253 	EXP 	window1: recordFrameIntervals = False
13.2900 	EXP 	window1: recordFrameIntervals = True
13.4734 	EXP 	window1: recordFrameIntervals = False
14.7152 	EXP 	Created Instructions_Background_Noise = TextStim(__class__=<class 'psychopy.visual.text.TextStim'>, alignHoriz=method-wrapper(...), alignText='center', alignVert=method-wrapper(...), anchorHoriz='center', anchorVert='center', antialias=True, autoLog=True, bold=False, color=array([-1., -1., -1.]), colorSpace='rgb', contrast=1.0, depth=-1.0, flipHoriz=False, flipVert=False, font='Arial', fontFiles=[], height=0.03, italic=False, languageStyle='LTR', name='Instructions_Background_Noise', opacity=1, ori=0, pos=array([0., 0.]), rgb=UNKNOWN, text=str(...), units='height', win=Window(...), wrapWidth=1)
14.7252 	EXP 	Created Fixation_cross_Test = TextStim(__class__=<class 'psychopy.visual.text.TextStim'>, alignHoriz=method-wrapper(...), alignText='center', alignVert=method-wrapper(...), anchorHoriz='center', anchorVert='center', antialias=True, autoLog=True, bold=False, color=array([-1., -1., -1.]), colorSpace='rgb', contrast=1.0, depth=-1.0, flipHoriz=False, flipVert=False, font='Arial', fontFiles=[], height=0.2, italic=False, languageStyle='LTR', name='Fixation_cross_Test', opacity=1, ori=0, pos=array([0., 0.]), rgb=UNKNOWN, text='+', units='height', win=Window(...), wrapWidth=1)
14.7716 	EXP 	Created text_practice = TextStim(__class__=<class 'psychopy.visual.text.TextStim'>, alignHoriz=method-wrapper(...), alignText='center', alignVert=method-wrapper(...), anchorHoriz='center', anchorVert='center', antialias=True, autoLog=True, bold=False, color=array([-1., -1., -1.]), colorSpace='rgb', contrast=1.0, depth=-1.0, flipHoriz=False, flipVert=False, font='Arial', fontFiles=[], height=0.03, italic=False, languageStyle='LTR', name='text_practice', opacity=1, ori=0, pos=array([0., 0.]), rgb=UNKNOWN, text=str(...), units='height', win=Window(...), wrapWidth=1)
14.7864 	EXP 	Sound Digit1_clear set volume 1.000
14.8012 	EXP 	Sound Digit2_clear set volume 1.000
14.8156 	EXP 	Sound Digit3_clear set volume 1.000
14.8185 	EXP 	Created text_practice_resp = TextStim(__class__=<class 'psychopy.visual.text.TextStim'>, alignHoriz=method-wrapper(...), alignText='center', alignVert=method-wrapper(...), anchorHoriz='center', anchorVert='center', antialias=True, autoLog=True, bold=False, color=array([-1., -1., -1.]), colorSpace='rgb', contrast=1.0, depth=-2.0, flipHoriz=False, flipVert=False, font='Arial', fontFiles=[], height=0.1, italic=False, languageStyle='LTR', name='text_practice_resp', opacity=1, ori=0, pos=array([0., 0.]), rgb=UNKNOWN, text='', units='height', win=Window(...), wrapWidth=1)
14.8475 	EXP 	Created text_practice_repeat = TextStim(__class__=<class 'psychopy.visual.text.TextStim'>, alignHoriz=method-wrapper(...), alignText='center', alignVert=method-wrapper(...), anchorHoriz='center', anchorVert='center', antialias=True, autoLog=True, bold=False, color=array([-1., -1., -1.]), colorSpace='rgb', contrast=1.0, depth=-1.0, flipHoriz=False, flipVert=False, font='Arial', fontFiles=[], height=0.05, italic=False, languageStyle='LTR', name='text_practice_repeat', opacity=1, ori=0, pos=array([0., 0.]), rgb=UNKNOWN, text=str(...), units='height', win=Window(...), wrapWidth=1)
14.8835 	EXP 	Created text_calibration = TextStim(__class__=<class 'psychopy.visual.text.TextStim'>, alignHoriz=method-wrapper(...), alignText='center', alignVert=method-wrapper(...), anchorHoriz='center', anchorVert='center', antialias=True, autoLog=True, bold=False, color=array([-1., -1., -1.]), colorSpace='rgb', contrast=1.0, depth=-1.0, flipHoriz=False, flipVert=False, font='Arial', fontFiles=[], height=0.05, italic=False, languageStyle='LTR', name='text_calibration', opacity=1, ori=0, pos=array([0., 0.]), rgb=UNKNOWN, text=str(...), units='height', win=Window(...), wrapWidth=1)
14.8913 	EXP 	Created Fix_cross_calibration = TextStim(__class__=<class 'psychopy.visual.text.TextStim'>, alignHoriz=method-wrapper(...), alignText='center', alignVert=method-wrapper(...), anchorHoriz='center', anchorVert='center', antialias=True, autoLog=True, bold=False, color=array([-1., -1., -1.]), colorSpace='rgb', contrast=1.0, depth=-1.0, flipHoriz=False, flipVert=False, font='Arial', fontFiles=[], height=0.2, italic=False, languageStyle='LTR', name='Fix_cross_calibration', opacity=1, ori=0, pos=array([0., 0.]), rgb=UNKNOWN, text='+', units='height', win=Window(...), wrapWidth=1)
14.8946 	EXP 	Created text = TextStim(__class__=<class 'psychopy.visual.text.TextStim'>, alignHoriz=method-wrapper(...), alignText='center', alignVert=method-wrapper(...), anchorHoriz='center', anchorVert='center', antialias=True, autoLog=True, bold=False, color=array([1., 1., 1.]), colorSpace='rgb', contrast=1.0, depth=-2.0, flipHoriz=False, flipVert=False, font='Open Sans', fontFiles=[], height=0.1, italic=False, languageStyle='LTR', name='text', opacity=1, ori=0.0, pos=array([ 0. , -0.1]), rgb=UNKNOWN, text='', units='height', win=Window(...), wrapWidth=1)
14.9051 	EXP 	Created text_calibration_repeat = TextStim(__class__=<class 'psychopy.visual.text.TextStim'>, alignHoriz=method-wrapper(...), alignText='center', alignVert=method-wrapper(...), anchorHoriz='center', anchorVert='center', antialias=True, autoLog=True, bold=False, color=array([-1., -1., -1.]), colorSpace='rgb', contrast=1.0, depth=-1.0, flipHoriz=False, flipVert=False, font='Arial', fontFiles=[], height=0.05, italic=False, languageStyle='LTR', name='text_calibration_repeat', opacity=1, ori=0, pos=array([0., 0.]), rgb=UNKNOWN, text=str(...), units='height', win=Window(...), wrapWidth=1)
14.9471 	EXP 	Created text_break = TextStim(__class__=<class 'psychopy.visual.text.TextStim'>, alignHoriz=method-wrapper(...), alignText='center', alignVert=method-wrapper(...), anchorHoriz='center', anchorVert='center', antialias=True, autoLog=True, bold=False, color=array([-1., -1., -1.]), colorSpace='rgb', contrast=1.0, depth=-1.0, flipHoriz=False, flipVert=False, font='Arial', fontFiles=[], height=0.05, italic=False, languageStyle='LTR', name='text_break', opacity=1, ori=0, pos=array([0., 0.]), rgb=UNKNOWN, text=str(...), units='height', win=Window(...), wrapWidth=1)
14.9508 	EXP 	Created Fixation = TextStim(__class__=<class 'psychopy.visual.text.TextStim'>, alignHoriz=method-wrapper(...), alignText='center', alignVert=method-wrapper(...), anchorHoriz='center', anchorVert='center', antialias=True, autoLog=True, bold=False, color=array([-1., -1., -1.]), colorSpace='rgb', contrast=1.0, depth=-1.0, flipHoriz=False, flipVert=False, font='Arial', fontFiles=[], height=0.2, italic=False, languageStyle='LTR', name='Fixation', opacity=1, ori=0, pos=array([0., 0.]), rgb=UNKNOWN, text='+', units='height', win=Window(...), wrapWidth=1)
14.9528 	EXP 	Created text_6 = TextStim(__class__=<class 'psychopy.visual.text.TextStim'>, alignHoriz=method-wrapper(...), alignText='center', alignVert=method-wrapper(...), anchorHoriz='center', anchorVert='center', antialias=True, autoLog=True, bold=False, color=array([1., 1., 1.]), colorSpace='rgb', contrast=1.0, depth=-2.0, flipHoriz=False, flipVert=False, font='Open Sans', fontFiles=[], height=0.1, italic=False, languageStyle='LTR', name='text_6', opacity=1, ori=0.0, pos=array([ 0. , -0.1]), rgb=UNKNOWN, text='', units='height', win=Window(...), wrapWidth=1)
14.9563 	EXP 	Created Fixation_Play = TextStim(__class__=<class 'psychopy.visual.text.TextStim'>, alignHoriz=method-wrapper(...), alignText='center', alignVert=method-wrapper(...), anchorHoriz='center', anchorVert='center', antialias=True, autoLog=True, bold=False, color=array([-1., -1., -1.]), colorSpace='rgb', contrast=1.0, depth=-1.0, flipHoriz=False, flipVert=False, font='Arial', fontFiles=[], height=0.2, italic=False, languageStyle='LTR', name='Fixation_Play', opacity=1.0, ori=0.0, pos=array([0., 0.]), rgb=UNKNOWN, text='+', units='height', win=Window(...), wrapWidth=1)
14.9729 	EXP 	Sound sound_digit1 set volume 1.000
14.9892 	EXP 	Sound sound_digit2 set volume 1.000
15.0047 	EXP 	Sound sound_digit3 set volume 1.000
15.0071 	EXP 	Created disp_answer = TextStim(__class__=<class 'psychopy.visual.text.TextStim'>, alignHoriz=method-wrapper(...), alignText='center', alignVert=method-wrapper(...), anchorHoriz='center', anchorVert='center', antialias=True, autoLog=True, bold=False, color=array([-1., -1., -1.]), colorSpace='rgb', contrast=1.0, depth=-2.0, flipHoriz=False, flipVert=False, font='Arial', fontFiles=[], height=0.1, italic=False, languageStyle='LTR', name='disp_answer', opacity=1, ori=0, pos=array([0., 0.]), rgb=UNKNOWN, text='', units='height', win=Window(...), wrapWidth=1)
15.0095 	EXP 	Created text_nextblock = TextStim(__class__=<class 'psychopy.visual.text.TextStim'>, alignHoriz=method-wrapper(...), alignText='center', alignVert=method-wrapper(...), anchorHoriz='center', anchorVert='center', antialias=True, autoLog=True, bold=False, color=array([-1., -1., -1.]), colorSpace='rgb', contrast=1.0, depth=-1.0, flipHoriz=False, flipVert=False, font='Arial', fontFiles=[], height=0.05, italic=False, languageStyle='LTR', name='text_nextblock', opacity=1.0, ori=0.0, pos=array([0., 0.]), rgb=UNKNOWN, text='', units='height', win=Window(...), wrapWidth=1)
15.1265 	EXP 	Instructions_Background_Noise: autoDraw = True
20.8240 	DATA 	Keypress: return
20.8391 	EXP 	Sound  started
20.8535 	EXP 	Instructions_Background_Noise: autoDraw = False
20.8535 	EXP 	Fixation_cross_Test: autoDraw = True
25.8618 	EXP 	Sound  stopped
25.8624 	EXP 	Created sequence: sequential, trialTypes=1, nReps=100, seed=None
25.8633 	EXP 	New trial (rep=0, index=0): None
25.8850 	EXP 	Fixation_cross_Test: autoDraw = False
25.8850 	EXP 	text_practice: autoDraw = True
26.4566 	DATA 	Keypress: return
26.4828 	EXP 	Imported data/practice_trials.xlsx as conditions, 1 conditions, 5 params
26.4832 	EXP 	Created sequence: sequential, trialTypes=1, nReps=1, seed=None
26.4836 	EXP 	New trial (rep=0, index=0): {'TrialID': 0.0, 'NFB_digit1': 6.0, 'NFB_digit2': 2.0, 'NFB_digit3': 4.0, 'Speaker_trial': 33.0}
26.4876 	EXP 	Sound Digit1_clear started
26.5014 	EXP 	text_practice: autoDraw = False
26.9668 	EXP 	Sound Digit1_clear reached end of file
26.9669 	EXP 	Sound Digit2_clear started
27.4505 	EXP 	Sound Digit2_clear reached end of file
27.4681 	EXP 	Sound Digit3_clear started
27.9333 	EXP 	Sound Digit3_clear reached end of file
27.9349 	EXP 	Created sequence: sequential, trialTypes=1, nReps=3, seed=None
27.9352 	EXP 	New trial (rep=0, index=0): None
27.9508 	EXP 	text_practice_resp: autoDraw = True
28.1896 	DATA 	Keypress: return
28.2140 	EXP 	New trial (rep=1, index=0): None
28.2341 	EXP 	text_practice_resp: autoDraw = False
28.2341 	EXP 	text_practice_resp: autoDraw = True
28.3896 	DATA 	Keypress: return
28.4085 	EXP 	New trial (rep=2, index=0): None
28.4175 	EXP 	text_practice_resp: autoDraw = False
28.4175 	EXP 	text_practice_resp: autoDraw = True
28.6063 	DATA 	Keypress: return
28.6340 	EXP 	text_practice_resp: autoDraw = False
28.6340 	EXP 	text_practice_repeat: autoDraw = True
29.0396 	DATA 	Keypress: return
29.0554 	EXP 	Created sequence: sequential, trialTypes=1, nReps=100, seed=None
29.0563 	EXP 	New trial (rep=0, index=0): None
29.0673 	EXP 	text_practice_repeat: autoDraw = False
29.0673 	EXP 	text_calibration: autoDraw = True
29.5537 	EXP 	Sound  set loops 1
29.5537 	EXP 	Sound  started
30.2520 	DATA 	Keypress: return
30.2667 	EXP 	text_calibration: autoDraw = False
30.2667 	EXP 	Fix_cross_calibration: autoDraw = True
30.2667 	EXP 	text: autoDraw = True
50.5814 	EXP 	Sound  stopped
50.6090 	EXP 	Fix_cross_calibration: autoDraw = False
50.6090 	EXP 	text: autoDraw = False
50.6090 	EXP 	text_calibration_repeat: autoDraw = True
51.6471 	DATA 	Keypress: return
51.6753 	EXP 	text_calibration_repeat: autoDraw = False
51.6753 	EXP 	text_break: autoDraw = True
52.1811 	EXP 	Imported data/Stimuli_exp_cond.xlsx as conditions, 32 conditions, 8 params
52.1817 	EXP 	Created sequence: sequential, trialTypes=32, nReps=1, seed=None
52.1822 	EXP 	New trial (rep=0, index=0): {'TrialID': 0.0, 'NFB_digit1': 0.0, 'NFB_digit2': 9.0, 'NFB_digit3': 8.0, 'Speaker_trial': 49.0, 'NV_trial': 0.0, 'Triggered_trial': 1.0, 'Jitter_trial': 0.0}
52.1859 	EXP 	Sound  started
52.1971 	DATA 	Keypress: return
52.2084 	EXP 	text_break: autoDraw = False
52.2084 	EXP 	Fixation: autoDraw = True
52.2084 	EXP 	text_6: autoDraw = True
53.6745 	EXP 	Fixation: autoDraw = False
68.6388 	EXP 	Sound  started
68.6522 	EXP 	Fixation: autoDraw = False
68.6522 	EXP 	text_6: autoDraw = False
68.6522 	EXP 	Fixation_Play: autoDraw = True
69.1191 	EXP 	Sound  reached end of file
69.1192 	EXP 	Sound  started
69.6028 	EXP 	Sound  reached end of file
69.6029 	EXP 	Sound  started
70.0866 	EXP 	Sound  reached end of file
78.9022 	DATA 	Keypress: escape
79.0950 	EXP 	window1: mouseVisible = True
