4.7691 	WARNING 	User requested fullscreen with size [1280  720], but screen is actually [2560, 1440]. Using actual size
7.4987 	EXP 	Created window1 = Window(allowGUI=False, allowStencil=False, autoLog=True, backendConf=UNKNOWN, bitsMode=UNKNOWN, blendMode='avg', bpc=(8, 8, 8), color=array([0, 0, 0]), colorSpace='rgb', depthBits=8, fullscr=<method-wrapper '__getattribute__' of attributeSetter object at 0x000001DB480BC908>, gamma=None, gammaErrorPolicy='raise', lms=UNKNOWN, monitor=<psychopy.monitors.calibTools.Monitor object at 0x000001DB48108EF0>, multiSample=False, name='window1', numSamples=2, pos=[0.0, 0.0], screen=0, size=array([2560, 1440]), stencilBits=0, stereo=False, units='height', useFBO=True, useRetina=False, viewOri=0.0, viewPos=None, viewScale=None, waitBlanking=True, winType='pyglet')
7.4990 	EXP 	window1: mouseVisible = True
7.4990 	EXP 	window1: recordFrameIntervals = False
7.6650 	EXP 	window1: recordFrameIntervals = True
7.8482 	EXP 	window1: recordFrameIntervals = False
9.7197 	EXP 	Created Instructions_Background_Noise = TextStim(__class__=<class 'psychopy.visual.text.TextStim'>, alignHoriz=method-wrapper(...), alignText='center', alignVert=method-wrapper(...), anchorHoriz='center', anchorVert='center', antialias=True, autoLog=True, bold=False, color=array([-1., -1., -1.]), colorSpace='rgb', contrast=1.0, depth=-1.0, flipHoriz=False, flipVert=False, font='Arial', fontFiles=[], height=0.03, italic=False, languageStyle='LTR', name='Instructions_Background_Noise', opacity=1, ori=0, pos=array([0., 0.]), rgb=UNKNOWN, text=str(...), units='height', win=Window(...), wrapWidth=1)
9.7497 	EXP 	Created Fixation_cross_Test = TextStim(__class__=<class 'psychopy.visual.text.TextStim'>, alignHoriz=method-wrapper(...), alignText='center', alignVert=method-wrapper(...), anchorHoriz='center', anchorVert='center', antialias=True, autoLog=True, bold=False, color=array([-1., -1., -1.]), colorSpace='rgb', contrast=1.0, depth=-1.0, flipHoriz=False, flipVert=False, font='Arial', fontFiles=[], height=0.2, italic=False, languageStyle='LTR', name='Fixation_cross_Test', opacity=1, ori=0, pos=array([0., 0.]), rgb=UNKNOWN, text='+', units='height', win=Window(...), wrapWidth=1)
9.7972 	EXP 	Created text_practice = TextStim(__class__=<class 'psychopy.visual.text.TextStim'>, alignHoriz=method-wrapper(...), alignText='center', alignVert=method-wrapper(...), anchorHoriz='center', anchorVert='center', antialias=True, autoLog=True, bold=False, color=array([-1., -1., -1.]), colorSpace='rgb', contrast=1.0, depth=-1.0, flipHoriz=False, flipVert=False, font='Arial', fontFiles=[], height=0.03, italic=False, languageStyle='LTR', name='text_practice', opacity=1, ori=0, pos=array([0., 0.]), rgb=UNKNOWN, text=str(...), units='height', win=Window(...), wrapWidth=1)
9.8051 	EXP 	Sound Digit1_clear set volume 1.000
9.8132 	EXP 	Sound Digit2_clear set volume 1.000
9.8211 	EXP 	Sound Digit3_clear set volume 1.000
9.8237 	EXP 	Created text_practice_resp = TextStim(__class__=<class 'psychopy.visual.text.TextStim'>, alignHoriz=method-wrapper(...), alignText='center', alignVert=method-wrapper(...), anchorHoriz='center', anchorVert='center', antialias=True, autoLog=True, bold=False, color=array([-1., -1., -1.]), colorSpace='rgb', contrast=1.0, depth=-2.0, flipHoriz=False, flipVert=False, font='Arial', fontFiles=[], height=0.1, italic=False, languageStyle='LTR', name='text_practice_resp', opacity=1, ori=0, pos=array([0., 0.]), rgb=UNKNOWN, text='', units='height', win=Window(...), wrapWidth=1)
9.8486 	EXP 	Created text_practice_repeat = TextStim(__class__=<class 'psychopy.visual.text.TextStim'>, alignHoriz=method-wrapper(...), alignText='center', alignVert=method-wrapper(...), anchorHoriz='center', anchorVert='center', antialias=True, autoLog=True, bold=False, color=array([-1., -1., -1.]), colorSpace='rgb', contrast=1.0, depth=-1.0, flipHoriz=False, flipVert=False, font='Arial', fontFiles=[], height=0.05, italic=False, languageStyle='LTR', name='text_practice_repeat', opacity=1, ori=0, pos=array([0., 0.]), rgb=UNKNOWN, text=str(...), units='height', win=Window(...), wrapWidth=1)
9.8876 	EXP 	Created text_4 = TextStim(__class__=<class 'psychopy.visual.text.TextStim'>, alignHoriz=method-wrapper(...), alignText='center', alignVert=method-wrapper(...), anchorHoriz='center', anchorVert='center', antialias=True, autoLog=True, bold=False, color=array([-1., -1., -1.]), colorSpace='rgb', contrast=1.0, depth=-1.0, flipHoriz=False, flipVert=False, font='Arial', fontFiles=[], height=0.03, italic=False, languageStyle='LTR', name='text_4', opacity=1.0, ori=0.0, pos=array([0., 0.]), rgb=UNKNOWN, text=str(...), units='height', win=Window(...), wrapWidth=1)
9.8939 	EXP 	Created Fixation_ME = TextStim(__class__=<class 'psychopy.visual.text.TextStim'>, alignHoriz=method-wrapper(...), alignText='center', alignVert=method-wrapper(...), anchorHoriz='center', anchorVert='center', antialias=True, autoLog=True, bold=False, color=array([-1., -1., -1.]), colorSpace='rgb', contrast=1.0, depth=-1.0, flipHoriz=False, flipVert=False, font='Open Sans', fontFiles=[], height=0.1, italic=False, languageStyle='LTR', name='Fixation_ME', opacity=1.0, ori=0.0, pos=array([0., 0.]), rgb=UNKNOWN, text='+', units='height', win=Window(...), wrapWidth=1)
9.9019 	EXP 	Sound sound_digit_1_ME set volume 1.000
9.9036 	EXP 	Created text_2 = TextStim(__class__=<class 'psychopy.visual.text.TextStim'>, alignHoriz=method-wrapper(...), alignText='center', alignVert=method-wrapper(...), anchorHoriz='center', anchorVert='center', antialias=True, autoLog=True, bold=False, color=array([-1., -1., -1.]), colorSpace='rgb', contrast=1.0, depth=-2.0, flipHoriz=False, flipVert=False, font='Open Sans', fontFiles=[], height=0.1, italic=False, languageStyle='LTR', name='text_2', opacity=1.0, ori=0.0, pos=array([0., 0.]), rgb=UNKNOWN, text='', units='height', win=Window(...), wrapWidth=1)
9.9049 	EXP 	Created disp_answer_ME = TextStim(__class__=<class 'psychopy.visual.text.TextStim'>, alignHoriz=method-wrapper(...), alignText='center', alignVert=method-wrapper(...), anchorHoriz='center', anchorVert='center', antialias=True, autoLog=True, bold=False, color=array([-1., -1., -1.]), colorSpace='rgb', contrast=1.0, depth=-2.0, flipHoriz=False, flipVert=False, font='Arial', fontFiles=[], height=0.1, italic=False, languageStyle='LTR', name='disp_answer_ME', opacity=1.0, ori=0.0, pos=array([0., 0.]), rgb=UNKNOWN, text='', units='height', win=Window(...), wrapWidth=1)
9.9063 	EXP 	Created text_7 = TextStim(__class__=<class 'psychopy.visual.text.TextStim'>, alignHoriz=method-wrapper(...), alignText='center', alignVert=method-wrapper(...), anchorHoriz='center', anchorVert='center', antialias=True, autoLog=True, bold=False, color=array([1., 1., 1.]), colorSpace='rgb', contrast=1.0, depth=-3.0, flipHoriz=False, flipVert=False, font='Open Sans', fontFiles=[], height=0.1, italic=False, languageStyle='LTR', name='text_7', opacity=1, ori=0.0, pos=array([ 0. , -0.1]), rgb=UNKNOWN, text='', units='height', win=Window(...), wrapWidth=1)
9.9076 	EXP 	Created text_5 = TextStim(__class__=<class 'psychopy.visual.text.TextStim'>, alignHoriz=method-wrapper(...), alignText='center', alignVert=method-wrapper(...), anchorHoriz='center', anchorVert='center', antialias=True, autoLog=True, bold=False, color=array([1., 1., 1.]), colorSpace='rgb', contrast=1.0, depth=-1.0, flipHoriz=False, flipVert=False, font='Open Sans', fontFiles=[], height=0.1, italic=False, languageStyle='LTR', name='text_5', opacity=1, ori=0.0, pos=array([0., 0.]), rgb=UNKNOWN, text='', units='height', win=Window(...), wrapWidth=1)
9.9090 	EXP 	Created text_8 = TextStim(__class__=<class 'psychopy.visual.text.TextStim'>, alignHoriz=method-wrapper(...), alignText='center', alignVert=method-wrapper(...), anchorHoriz='center', anchorVert='center', antialias=True, autoLog=True, bold=False, color=array([1., 1., 1.]), colorSpace='rgb', contrast=1.0, depth=-2.0, flipHoriz=False, flipVert=False, font='Open Sans', fontFiles=[], height=0.1, italic=False, languageStyle='LTR', name='text_8', opacity=1, ori=0.0, pos=array([ 0. , -0.2]), rgb=UNKNOWN, text='', units='height', win=Window(...), wrapWidth=1)
9.9104 	EXP 	Created text_next_block_ME = TextStim(__class__=<class 'psychopy.visual.text.TextStim'>, alignHoriz=method-wrapper(...), alignText='center', alignVert=method-wrapper(...), anchorHoriz='center', anchorVert='center', antialias=True, autoLog=True, bold=False, color=array([1., 1., 1.]), colorSpace='rgb', contrast=1.0, depth=-1.0, flipHoriz=False, flipVert=False, font='Open Sans', fontFiles=[], height=0.1, italic=False, languageStyle='LTR', name='text_next_block_ME', opacity=1, ori=0.0, pos=array([0., 0.]), rgb=UNKNOWN, text='', units='height', win=Window(...), wrapWidth=1)
9.9712 	EXP 	Created text_break = TextStim(__class__=<class 'psychopy.visual.text.TextStim'>, alignHoriz=method-wrapper(...), alignText='center', alignVert=method-wrapper(...), anchorHoriz='center', anchorVert='center', antialias=True, autoLog=True, bold=False, color=array([-1., -1., -1.]), colorSpace='rgb', contrast=1.0, depth=-1.0, flipHoriz=False, flipVert=False, font='Arial', fontFiles=[], height=0.05, italic=False, languageStyle='LTR', name='text_break', opacity=1, ori=0, pos=array([0., 0.]), rgb=UNKNOWN, text=str(...), units='height', win=Window(...), wrapWidth=1)
9.9873 	EXP 	Created Fixation = TextStim(__class__=<class 'psychopy.visual.text.TextStim'>, alignHoriz=method-wrapper(...), alignText='center', alignVert=method-wrapper(...), anchorHoriz='center', anchorVert='center', antialias=True, autoLog=True, bold=False, color=array([-1., -1., -1.]), colorSpace='rgb', contrast=1.0, depth=-1.0, flipHoriz=False, flipVert=False, font='Arial', fontFiles=[], height=0.2, italic=False, languageStyle='LTR', name='Fixation', opacity=1, ori=0, pos=array([0., 0.]), rgb=UNKNOWN, text='+', units='height', win=Window(...), wrapWidth=1)
9.9896 	EXP 	Created text_6 = TextStim(__class__=<class 'psychopy.visual.text.TextStim'>, alignHoriz=method-wrapper(...), alignText='center', alignVert=method-wrapper(...), anchorHoriz='center', anchorVert='center', antialias=True, autoLog=True, bold=False, color=array([1., 1., 1.]), colorSpace='rgb', contrast=1.0, depth=-2.0, flipHoriz=False, flipVert=False, font='Open Sans', fontFiles=[], height=0.1, italic=False, languageStyle='LTR', name='text_6', opacity=1, ori=0.0, pos=array([ 0. , -0.1]), rgb=UNKNOWN, text='', units='height', win=Window(...), wrapWidth=1)
9.9937 	EXP 	Created Fixation_Play = TextStim(__class__=<class 'psychopy.visual.text.TextStim'>, alignHoriz=method-wrapper(...), alignText='center', alignVert=method-wrapper(...), anchorHoriz='center', anchorVert='center', antialias=True, autoLog=True, bold=False, color=array([-1., -1., -1.]), colorSpace='rgb', contrast=1.0, depth=-1.0, flipHoriz=False, flipVert=False, font='Arial', fontFiles=[], height=0.2, italic=False, languageStyle='LTR', name='Fixation_Play', opacity=1.0, ori=0.0, pos=array([0., 0.]), rgb=UNKNOWN, text='+', units='height', win=Window(...), wrapWidth=1)
10.0025 	EXP 	Sound sound_digit1 set volume 1.000
10.0105 	EXP 	Sound sound_digit2 set volume 1.000
10.0191 	EXP 	Sound sound_digit3 set volume 1.000
10.0208 	EXP 	Created disp_answer = TextStim(__class__=<class 'psychopy.visual.text.TextStim'>, alignHoriz=method-wrapper(...), alignText='center', alignVert=method-wrapper(...), anchorHoriz='center', anchorVert='center', antialias=True, autoLog=True, bold=False, color=array([-1., -1., -1.]), colorSpace='rgb', contrast=1.0, depth=-2.0, flipHoriz=False, flipVert=False, font='Arial', fontFiles=[], height=0.1, italic=False, languageStyle='LTR', name='disp_answer', opacity=1, ori=0, pos=array([0., 0.]), rgb=UNKNOWN, text='', units='height', win=Window(...), wrapWidth=1)
10.0222 	EXP 	Created text_nextblock = TextStim(__class__=<class 'psychopy.visual.text.TextStim'>, alignHoriz=method-wrapper(...), alignText='center', alignVert=method-wrapper(...), anchorHoriz='center', anchorVert='center', antialias=True, autoLog=True, bold=False, color=array([-1., -1., -1.]), colorSpace='rgb', contrast=1.0, depth=-1.0, flipHoriz=False, flipVert=False, font='Arial', fontFiles=[], height=0.05, italic=False, languageStyle='LTR', name='text_nextblock', opacity=1.0, ori=0.0, pos=array([0., 0.]), rgb=UNKNOWN, text='', units='height', win=Window(...), wrapWidth=1)
10.1485 	EXP 	Instructions_Background_Noise: autoDraw = True
10.8330 	DATA 	Mouse: Left button down, pos=(1063,767)
10.9659 	DATA 	Mouse:  Left button up, pos=(1063,767)
15.7992 	DATA 	Keypress: return
15.8006 	EXP 	Sound  started
15.8143 	EXP 	Instructions_Background_Noise: autoDraw = False
15.8143 	EXP 	Fixation_cross_Test: autoDraw = True
20.8136 	EXP 	Sound  stopped
20.8140 	EXP 	Created sequence: sequential, trialTypes=1, nReps=100, seed=None
20.8145 	EXP 	New trial (rep=0, index=0): None
20.8225 	EXP 	Fixation_cross_Test: autoDraw = False
20.8225 	EXP 	Fixation_cross_Test: autoDraw = False
20.8225 	EXP 	text_practice: autoDraw = True
21.8621 	EXP 	Imported data/practice_trials.xlsx as conditions, 1 conditions, 5 params
21.8624 	EXP 	Created sequence: sequential, trialTypes=1, nReps=1, seed=None
21.8626 	EXP 	New trial (rep=0, index=0): {'TrialID': 0.0, 'NFB_digit1': 6.0, 'NFB_digit2': 2.0, 'NFB_digit3': 4.0, 'Speaker_trial': 33.0}
21.8663 	EXP 	Sound Digit1_clear started
21.8682 	DATA 	Keypress: return
21.8717 	EXP 	text_practice: autoDraw = False
22.3438 	EXP 	Sound Digit1_clear reached end of file
22.3439 	EXP 	Sound Digit2_clear started
22.8295 	EXP 	Sound Digit2_clear reached end of file
22.8331 	EXP 	Sound Digit3_clear started
23.3086 	EXP 	Sound Digit3_clear reached end of file
23.3115 	EXP 	Created sequence: sequential, trialTypes=1, nReps=3, seed=None
23.3117 	EXP 	New trial (rep=0, index=0): None
23.3316 	EXP 	text_practice_resp: autoDraw = True
24.5358 	DATA 	Keypress: 6
24.7859 	DATA 	Keypress: return
24.8056 	EXP 	New trial (rep=1, index=0): None
24.8153 	EXP 	text_practice_resp: autoDraw = False
24.8153 	EXP 	text_practice_resp: autoDraw = True
25.0524 	DATA 	Keypress: 2
25.2688 	DATA 	Keypress: return
25.2869 	EXP 	New trial (rep=2, index=0): None
25.2968 	EXP 	text_practice_resp: autoDraw = False
25.2968 	EXP 	text_practice_resp: autoDraw = True
25.5188 	DATA 	Keypress: 4
25.7523 	DATA 	Keypress: return
25.7804 	EXP 	text_practice_resp: autoDraw = False
25.7804 	EXP 	text_practice_repeat: autoDraw = True
27.5356 	DATA 	Keypress: return
27.5641 	EXP 	text_practice_repeat: autoDraw = False
27.5641 	EXP 	text_4: autoDraw = True
28.6425 	EXP 	Imported data/Stimuli_ME_cond.xlsx as conditions, 280 conditions, 8 params
28.6438 	EXP 	Created sequence: sequential, trialTypes=280, nReps=1, seed=None
28.6441 	EXP 	New trial (rep=0, index=0): {'TrialID_ME': 0.0, 'NFB_digit1_ME': 1.0, 'NFB_digit2_ME': 2.0, 'NFB_digit3_ME': 0.0, 'Speaker_trial_ME': 33.0, 'NV_trial_ME': 1.0, 'Triggered_trial_ME': 1.0, 'Jitter_trial_ME': 0.0}
28.6470 	EXP 	Sound  set loops 2
28.6470 	EXP 	Sound  started
29.3256 	DATA 	Keypress: return
29.3293 	EXP 	text_4: autoDraw = False
29.3293 	EXP 	Fixation_ME: autoDraw = True
30.7350 	EXP 	Sound sound_digit_1_ME started
30.7415 	EXP 	Fixation_ME: autoDraw = False
30.7415 	EXP 	text_2: text = 0
30.7415 	EXP 	text_2: autoDraw = True
31.2015 	EXP 	Sound sound_digit_1_ME reached end of file
31.7322 	EXP 	Created sequence: sequential, trialTypes=1, nReps=3, seed=None
31.7324 	EXP 	New trial (rep=0, index=0): None
31.7324 	EXP 	Sound  started
31.7466 	EXP 	text_2: autoDraw = False
31.7466 	EXP 	text_2: autoDraw = False
31.7466 	EXP 	text_7: text = 0
31.7466 	EXP 	disp_answer_ME: autoDraw = True
31.7466 	EXP 	text_7: autoDraw = True
32.7463 	EXP 	text_7: autoDraw = False
32.8843 	DATA 	Keypress: 1
33.0182 	DATA 	Keypress: return
33.0388 	EXP 	New trial (rep=1, index=0): None
33.0388 	EXP 	Sound  started
33.0528 	EXP 	disp_answer_ME: autoDraw = False
33.0528 	EXP 	text_7: autoDraw = False
33.0528 	EXP 	text_7: text = 1
33.0528 	EXP 	disp_answer_ME: autoDraw = True
33.0528 	EXP 	text_7: autoDraw = True
34.0631 	EXP 	text_7: autoDraw = False
41.5010 	DATA 	Keypress: return
41.5185 	EXP 	New trial (rep=2, index=0): None
41.5186 	EXP 	Sound  started
41.5320 	EXP 	disp_answer_ME: autoDraw = False
41.5320 	EXP 	text_7: autoDraw = False
41.5320 	EXP 	text_7: text = 2
41.5320 	EXP 	disp_answer_ME: autoDraw = True
41.5320 	EXP 	text_7: autoDraw = True
42.3008 	DATA 	Keypress: return
42.3570 	EXP 	disp_answer_ME: autoDraw = False
42.3570 	EXP 	text_7: autoDraw = False
42.3570 	EXP 	text_5: text = array([1.])
42.3570 	EXP 	text_8: text = ROCAUC: -0.
42.3570 	EXP 	text_5: autoDraw = True
42.3570 	EXP 	text_8: autoDraw = True
44.3298 	EXP 	Sound  started
44.3310 	EXP 	New trial (rep=0, index=1): {'TrialID_ME': 1.0, 'NFB_digit1_ME': 0.0, 'NFB_digit2_ME': 8.0, 'NFB_digit3_ME': 3.0, 'Speaker_trial_ME': 49.0, 'NV_trial_ME': 1.0, 'Triggered_trial_ME': 0.0, 'Jitter_trial_ME': 1.0}
44.3418 	EXP 	Sound  started
44.3477 	EXP 	text_5: autoDraw = False
44.3477 	EXP 	text_8: autoDraw = False
44.3477 	EXP 	text_next_block_ME: text = ''
44.3477 	EXP 	text_next_block_ME: autoDraw = False
44.3477 	EXP 	Fixation_ME: autoDraw = True
44.4985 	DATA 	Keypress: return
46.4112 	EXP 	Sound sound_digit_1_ME started
46.4177 	EXP 	Fixation_ME: autoDraw = False
46.4177 	EXP 	text_2: text = 1
46.4177 	EXP 	text_2: autoDraw = True
46.8897 	EXP 	Sound sound_digit_1_ME reached end of file
47.4140 	EXP 	Created sequence: sequential, trialTypes=1, nReps=3, seed=None
47.4142 	EXP 	New trial (rep=0, index=0): None
47.4142 	EXP 	Sound  started
47.4287 	EXP 	text_2: autoDraw = False
47.4287 	EXP 	text_2: autoDraw = False
47.4287 	EXP 	text_7: text = 0
47.4287 	EXP 	disp_answer_ME: autoDraw = True
47.4287 	EXP 	text_7: autoDraw = True
48.4287 	EXP 	text_7: autoDraw = False
49.2002 	DATA 	Keypress: 5
49.3175 	DATA 	Keypress: return
49.3362 	EXP 	New trial (rep=1, index=0): None
49.3363 	EXP 	Sound  started
49.3483 	EXP 	disp_answer_ME: autoDraw = False
49.3483 	EXP 	text_7: autoDraw = False
49.3483 	EXP 	text_7: text = 1
49.3483 	EXP 	disp_answer_ME: autoDraw = True
49.3483 	EXP 	text_7: autoDraw = True
50.3617 	EXP 	text_7: autoDraw = False
53.6162 	DATA 	Keypress: return
53.6359 	EXP 	New trial (rep=2, index=0): None
53.6359 	EXP 	Sound  started
53.6485 	EXP 	disp_answer_ME: autoDraw = False
53.6485 	EXP 	text_7: autoDraw = False
53.6485 	EXP 	text_7: text = 2
53.6485 	EXP 	disp_answer_ME: autoDraw = True
53.6485 	EXP 	text_7: autoDraw = True
54.0498 	DATA 	Keypress: return
54.0848 	EXP 	disp_answer_ME: autoDraw = False
54.0848 	EXP 	text_7: autoDraw = False
54.0848 	EXP 	text_5: text = array([0.])
54.0848 	EXP 	text_8: text = ROCAUC: 0.5
54.0848 	EXP 	text_5: autoDraw = True
54.0848 	EXP 	text_8: autoDraw = True
54.6654 	DATA 	Keypress: escape
56.1601 	EXP 	window1: mouseVisible = True
