4.6932 	WARNING 	User requested fullscreen with size [1280  720], but screen is actually [2560, 1440]. Using actual size
7.4699 	EXP 	Created window1 = Window(allowGUI=False, allowStencil=False, autoLog=True, backendConf=UNKNOWN, bitsMode=UNKNOWN, blendMode='avg', bpc=(8, 8, 8), color=array([0, 0, 0]), colorSpace='rgb', depthBits=8, fullscr=<method-wrapper '__getattribute__' of attributeSetter object at 0x000001F8EE39D6A0>, gamma=None, gammaErrorPolicy='raise', lms=UNKNOWN, monitor=<psychopy.monitors.calibTools.Monitor object at 0x000001F8EE3E9CC0>, multiSample=False, name='window1', numSamples=2, pos=[0.0, 0.0], screen=0, size=array([2560, 1440]), stencilBits=0, stereo=False, units='height', useFBO=True, useRetina=False, viewOri=0.0, viewPos=None, viewScale=None, waitBlanking=True, winType='pyglet')
7.4702 	EXP 	window1: mouseVisible = True
7.4702 	EXP 	window1: recordFrameIntervals = False
7.6363 	EXP 	window1: recordFrameIntervals = True
7.8197 	EXP 	window1: recordFrameIntervals = False
8.4065 	WARNING 	Monitor specification not found. Creating a temporary one...
9.8849 	EXP 	Created window1 = Window(allowGUI=True, allowStencil=False, autoLog=True, backendConf=UNKNOWN, bitsMode=UNKNOWN, blendMode='avg', bpc=(8, 8, 8), color=array([0, 0, 0]), colorSpace='rgb', depthBits=8, fullscr=<method-wrapper '__getattribute__' of attributeSetter object at 0x000001F8EE39D6A0>, gamma=None, gammaErrorPolicy='raise', lms=UNKNOWN, monitor=<psychopy.monitors.calibTools.Monitor object at 0x000001F8D3BB0F98>, multiSample=False, name='window1', numSamples=2, pos=[1120.0, 620.0], screen=1, size=array([320, 200]), stencilBits=0, stereo=False, units='norm', useFBO=False, useRetina=False, viewOri=0.0, viewPos=None, viewScale=None, waitBlanking=True, winType='pyglet')
9.8850 	EXP 	window1: mouseVisible = True
11.2585 	EXP 	Created Instructions_Background_Noise = TextStim(__class__=<class 'psychopy.visual.text.TextStim'>, alignHoriz=method-wrapper(...), alignText='center', alignVert=method-wrapper(...), anchorHoriz='center', anchorVert='center', antialias=True, autoLog=True, bold=False, color=array([-1., -1., -1.]), colorSpace='rgb', contrast=1.0, depth=-1.0, flipHoriz=False, flipVert=False, font='Arial', fontFiles=[], height=0.03, italic=False, languageStyle='LTR', name='Instructions_Background_Noise', opacity=1, ori=0, pos=array([0., 0.]), rgb=UNKNOWN, text=str(...), units='height', win=Window(...), wrapWidth=1)
11.2945 	EXP 	Created Fixation_cross_Test = TextStim(__class__=<class 'psychopy.visual.text.TextStim'>, alignHoriz=method-wrapper(...), alignText='center', alignVert=method-wrapper(...), anchorHoriz='center', anchorVert='center', antialias=True, autoLog=True, bold=False, color=array([-1., -1., -1.]), colorSpace='rgb', contrast=1.0, depth=-1.0, flipHoriz=False, flipVert=False, font='Arial', fontFiles=[], height=0.2, italic=False, languageStyle='LTR', name='Fixation_cross_Test', opacity=1, ori=0, pos=array([0., 0.]), rgb=UNKNOWN, text='+', units='height', win=Window(...), wrapWidth=1)
11.3392 	EXP 	Created text_practice = TextStim(__class__=<class 'psychopy.visual.text.TextStim'>, alignHoriz=method-wrapper(...), alignText='center', alignVert=method-wrapper(...), anchorHoriz='center', anchorVert='center', antialias=True, autoLog=True, bold=False, color=array([-1., -1., -1.]), colorSpace='rgb', contrast=1.0, depth=-1.0, flipHoriz=False, flipVert=False, font='Arial', fontFiles=[], height=0.03, italic=False, languageStyle='LTR', name='text_practice', opacity=1, ori=0, pos=array([0., 0.]), rgb=UNKNOWN, text=str(...), units='height', win=Window(...), wrapWidth=1)
11.3475 	EXP 	Sound Digit1_clear set volume 1.000
11.3500 	EXP 	Created text_practice_resp = TextStim(__class__=<class 'psychopy.visual.text.TextStim'>, alignHoriz=method-wrapper(...), alignText='center', alignVert=method-wrapper(...), anchorHoriz='center', anchorVert='center', antialias=True, autoLog=True, bold=False, color=array([-1., -1., -1.]), colorSpace='rgb', contrast=1.0, depth=-2.0, flipHoriz=False, flipVert=False, font='Arial', fontFiles=[], height=0.1, italic=False, languageStyle='LTR', name='text_practice_resp', opacity=1, ori=0, pos=array([0., 0.]), rgb=UNKNOWN, text='', units='height', win=Window(...), wrapWidth=1)
11.3746 	EXP 	Created text_practice_repeat = TextStim(__class__=<class 'psychopy.visual.text.TextStim'>, alignHoriz=method-wrapper(...), alignText='center', alignVert=method-wrapper(...), anchorHoriz='center', anchorVert='center', antialias=True, autoLog=True, bold=False, color=array([-1., -1., -1.]), colorSpace='rgb', contrast=1.0, depth=-1.0, flipHoriz=False, flipVert=False, font='Arial', fontFiles=[], height=0.05, italic=False, languageStyle='LTR', name='text_practice_repeat', opacity=1, ori=0, pos=array([0., 0.]), rgb=UNKNOWN, text=str(...), units='height', win=Window(...), wrapWidth=1)
11.4155 	EXP 	Created text_4 = TextStim(__class__=<class 'psychopy.visual.text.TextStim'>, alignHoriz=method-wrapper(...), alignText='center', alignVert=method-wrapper(...), anchorHoriz='center', anchorVert='center', antialias=True, autoLog=True, bold=False, color=array([-1., -1., -1.]), colorSpace='rgb', contrast=1.0, depth=-1.0, flipHoriz=False, flipVert=False, font='Arial', fontFiles=[], height=0.03, italic=False, languageStyle='LTR', name='text_4', opacity=1.0, ori=0.0, pos=array([0., 0.]), rgb=UNKNOWN, text=str(...), units='height', win=Window(...), wrapWidth=1)
11.4231 	EXP 	Created Fixation_ME = TextStim(__class__=<class 'psychopy.visual.text.TextStim'>, alignHoriz=method-wrapper(...), alignText='center', alignVert=method-wrapper(...), anchorHoriz='center', anchorVert='center', antialias=True, autoLog=True, bold=False, color=array([-1., -1., -1.]), colorSpace='rgb', contrast=1.0, depth=-1.0, flipHoriz=False, flipVert=False, font='Open Sans', fontFiles=[], height=0.1, italic=False, languageStyle='LTR', name='Fixation_ME', opacity=1.0, ori=0.0, pos=array([0., 0.]), rgb=UNKNOWN, text='+', units='height', win=Window(...), wrapWidth=1)
11.4312 	EXP 	Sound sound_digit_1_ME set volume 1.000
11.4330 	EXP 	Created text_2 = TextStim(__class__=<class 'psychopy.visual.text.TextStim'>, alignHoriz=method-wrapper(...), alignText='center', alignVert=method-wrapper(...), anchorHoriz='center', anchorVert='center', antialias=True, autoLog=True, bold=False, color=array([-1., -1., -1.]), colorSpace='rgb', contrast=1.0, depth=-2.0, flipHoriz=False, flipVert=False, font='Open Sans', fontFiles=[], height=0.1, italic=False, languageStyle='LTR', name='text_2', opacity=1.0, ori=0.0, pos=array([0., 0.]), rgb=UNKNOWN, text='', units='height', win=Window(...), wrapWidth=1)
11.4345 	EXP 	Created disp_answer_ME = TextStim(__class__=<class 'psychopy.visual.text.TextStim'>, alignHoriz=method-wrapper(...), alignText='center', alignVert=method-wrapper(...), anchorHoriz='center', anchorVert='center', antialias=True, autoLog=True, bold=False, color=array([-1., -1., -1.]), colorSpace='rgb', contrast=1.0, depth=-2.0, flipHoriz=False, flipVert=False, font='Arial', fontFiles=[], height=0.1, italic=False, languageStyle='LTR', name='disp_answer_ME', opacity=1.0, ori=0.0, pos=array([0., 0.]), rgb=UNKNOWN, text='', units='height', win=Window(...), wrapWidth=1)
11.4359 	EXP 	Created text_7 = TextStim(__class__=<class 'psychopy.visual.text.TextStim'>, alignHoriz=method-wrapper(...), alignText='center', alignVert=method-wrapper(...), anchorHoriz='center', anchorVert='center', antialias=True, autoLog=True, bold=False, color=array([1., 1., 1.]), colorSpace='rgb', contrast=1.0, depth=-3.0, flipHoriz=False, flipVert=False, font='Open Sans', fontFiles=[], height=0.1, italic=False, languageStyle='LTR', name='text_7', opacity=1, ori=0.0, pos=array([ 0. , -0.1]), rgb=UNKNOWN, text='', units='height', win=Window(...), wrapWidth=1)
11.4372 	EXP 	Created text_next_block_ME = TextStim(__class__=<class 'psychopy.visual.text.TextStim'>, alignHoriz=method-wrapper(...), alignText='center', alignVert=method-wrapper(...), anchorHoriz='center', anchorVert='center', antialias=True, autoLog=True, bold=False, color=array([1., 1., 1.]), colorSpace='rgb', contrast=1.0, depth=-1.0, flipHoriz=False, flipVert=False, font='Open Sans', fontFiles=[], height=0.1, italic=False, languageStyle='LTR', name='text_next_block_ME', opacity=1, ori=0.0, pos=array([0., 0.]), rgb=UNKNOWN, text='', units='height', win=Window(...), wrapWidth=1)
11.4979 	EXP 	Created text_break = TextStim(__class__=<class 'psychopy.visual.text.TextStim'>, alignHoriz=method-wrapper(...), alignText='center', alignVert=method-wrapper(...), anchorHoriz='center', anchorVert='center', antialias=True, autoLog=True, bold=False, color=array([-1., -1., -1.]), colorSpace='rgb', contrast=1.0, depth=-1.0, flipHoriz=False, flipVert=False, font='Arial', fontFiles=[], height=0.05, italic=False, languageStyle='LTR', name='text_break', opacity=1, ori=0, pos=array([0., 0.]), rgb=UNKNOWN, text=str(...), units='height', win=Window(...), wrapWidth=1)
11.5114 	EXP 	Created Fixation = TextStim(__class__=<class 'psychopy.visual.text.TextStim'>, alignHoriz=method-wrapper(...), alignText='center', alignVert=method-wrapper(...), anchorHoriz='center', anchorVert='center', antialias=True, autoLog=True, bold=False, color=array([-1., -1., -1.]), colorSpace='rgb', contrast=1.0, depth=-1.0, flipHoriz=False, flipVert=False, font='Arial', fontFiles=[], height=0.2, italic=False, languageStyle='LTR', name='Fixation', opacity=1, ori=0, pos=array([0., 0.]), rgb=UNKNOWN, text='+', units='height', win=Window(...), wrapWidth=1)
11.5129 	EXP 	Created text_6 = TextStim(__class__=<class 'psychopy.visual.text.TextStim'>, alignHoriz=method-wrapper(...), alignText='center', alignVert=method-wrapper(...), anchorHoriz='center', anchorVert='center', antialias=True, autoLog=True, bold=False, color=array([1., 1., 1.]), colorSpace='rgb', contrast=1.0, depth=-2.0, flipHoriz=False, flipVert=False, font='Open Sans', fontFiles=[], height=0.1, italic=False, languageStyle='LTR', name='text_6', opacity=1, ori=0.0, pos=array([ 0. , -0.1]), rgb=UNKNOWN, text='', units='height', win=Window(...), wrapWidth=1)
11.5155 	EXP 	Created Fixation_Play = TextStim(__class__=<class 'psychopy.visual.text.TextStim'>, alignHoriz=method-wrapper(...), alignText='center', alignVert=method-wrapper(...), anchorHoriz='center', anchorVert='center', antialias=True, autoLog=True, bold=False, color=array([-1., -1., -1.]), colorSpace='rgb', contrast=1.0, depth=-1.0, flipHoriz=False, flipVert=False, font='Arial', fontFiles=[], height=0.2, italic=False, languageStyle='LTR', name='Fixation_Play', opacity=1.0, ori=0.0, pos=array([0., 0.]), rgb=UNKNOWN, text='+', units='height', win=Window(...), wrapWidth=1)
11.5234 	EXP 	Sound sound_digit1 set volume 1.000
11.5251 	EXP 	Created disp_answer = TextStim(__class__=<class 'psychopy.visual.text.TextStim'>, alignHoriz=method-wrapper(...), alignText='center', alignVert=method-wrapper(...), anchorHoriz='center', anchorVert='center', antialias=True, autoLog=True, bold=False, color=array([-1., -1., -1.]), colorSpace='rgb', contrast=1.0, depth=-2.0, flipHoriz=False, flipVert=False, font='Arial', fontFiles=[], height=0.1, italic=False, languageStyle='LTR', name='disp_answer', opacity=1, ori=0, pos=array([0., 0.]), rgb=UNKNOWN, text='', units='height', win=Window(...), wrapWidth=1)
11.5265 	EXP 	Created text_nextblock = TextStim(__class__=<class 'psychopy.visual.text.TextStim'>, alignHoriz=method-wrapper(...), alignText='center', alignVert=method-wrapper(...), anchorHoriz='center', anchorVert='center', antialias=True, autoLog=True, bold=False, color=array([-1., -1., -1.]), colorSpace='rgb', contrast=1.0, depth=-1.0, flipHoriz=False, flipVert=False, font='Arial', fontFiles=[], height=0.05, italic=False, languageStyle='LTR', name='text_nextblock', opacity=1.0, ori=0.0, pos=array([0., 0.]), rgb=UNKNOWN, text='', units='height', win=Window(...), wrapWidth=1)
11.6371 	EXP 	Instructions_Background_Noise: autoDraw = True
12.0772 	DATA 	Mouse: Left button down, pos=(1236,893)
12.2038 	DATA 	Mouse:  Left button up, pos=(1236,893)
12.2386 	DATA 	Keypress: return
12.2403 	EXP 	Sound  started
12.2526 	EXP 	Instructions_Background_Noise: autoDraw = False
12.2526 	EXP 	Fixation_cross_Test: autoDraw = True
17.2491 	EXP 	Sound  stopped
17.2495 	EXP 	Created sequence: sequential, trialTypes=1, nReps=100, seed=None
17.2500 	EXP 	New trial (rep=0, index=0): None
17.2580 	EXP 	Fixation_cross_Test: autoDraw = False
17.2580 	EXP 	Fixation_cross_Test: autoDraw = False
17.2580 	EXP 	text_practice: autoDraw = True
17.8638 	EXP 	Imported data/practice_trials.xlsx as conditions, 10 conditions, 5 params
17.8641 	EXP 	Created sequence: sequential, trialTypes=10, nReps=1, seed=None
17.8643 	EXP 	New trial (rep=0, index=0): {'TrialID': 0.0, 'NFB_digit1': 6.0, 'NFB_digit2': 2.0, 'NFB_digit3': 4.0, 'Speaker_trial': 33.0}
17.8651 	EXP 	Sound Digit1_clear started
17.8677 	DATA 	Keypress: return
17.8714 	EXP 	text_practice: autoDraw = False
18.3355 	EXP 	Sound Digit1_clear reached end of file
18.3377 	EXP 	Created sequence: sequential, trialTypes=1, nReps=1, seed=None
18.3378 	EXP 	New trial (rep=0, index=0): None
18.3470 	EXP 	Created unnamed TextStim = TextStim(__class__=<class 'psychopy.visual.text.TextStim'>, alignHoriz=method-wrapper(...), alignText='center', alignVert=method-wrapper(...), anchorHoriz='center', anchorVert='center', antialias=True, autoLog=True, bold=False, color=array([1., 1., 1.]), colorSpace='rgb', contrast=1.0, depth=0, flipHoriz=False, flipVert=False, font='', fontFiles=[], height=0.1, italic=False, languageStyle='LTR', name='unnamed TextStim', opacity=1.0, ori=0.0, pos=array([0., 0.]), rgb=UNKNOWN, text='Practice trials going on', units='norm', win=Window(...), wrapWidth=1)
18.3533 	EXP 	unnamed TextStim: autoDraw = True
18.3729 	EXP 	text_practice_resp: autoDraw = True
19.2406 	DATA 	Keypress: return
19.2667 	EXP 	unnamed TextStim: autoDraw = False
19.2674 	EXP 	New trial (rep=0, index=1): {'TrialID': 1.0, 'NFB_digit1': 1.0, 'NFB_digit2': 9.0, 'NFB_digit3': 3.0, 'Speaker_trial': 13.0}
19.2681 	EXP 	Sound Digit1_clear started
19.2732 	EXP 	text_practice_resp: autoDraw = False
19.7546 	EXP 	Sound Digit1_clear reached end of file
19.7563 	EXP 	Created sequence: sequential, trialTypes=1, nReps=1, seed=None
19.7564 	EXP 	New trial (rep=0, index=0): None
19.7608 	EXP 	Created unnamed TextStim = TextStim(__class__=<class 'psychopy.visual.text.TextStim'>, alignHoriz=method-wrapper(...), alignText='center', alignVert=method-wrapper(...), anchorHoriz='center', anchorVert='center', antialias=True, autoLog=True, bold=False, color=array([1., 1., 1.]), colorSpace='rgb', contrast=1.0, depth=0, flipHoriz=False, flipVert=False, font='', fontFiles=[], height=0.1, italic=False, languageStyle='LTR', name='unnamed TextStim', opacity=1.0, ori=0.0, pos=array([0., 0.]), rgb=UNKNOWN, text='Practice trials going on', units='norm', win=Window(...), wrapWidth=1)
19.7665 	EXP 	unnamed TextStim: autoDraw = True
19.7758 	EXP 	text_practice_resp: autoDraw = True
19.8576 	DATA 	Keypress: return
19.8831 	EXP 	unnamed TextStim: autoDraw = False
19.8838 	EXP 	New trial (rep=0, index=2): {'TrialID': 2.0, 'NFB_digit1': 8.0, 'NFB_digit2': 0.0, 'NFB_digit3': 1.0, 'Speaker_trial': 21.0}
19.8846 	EXP 	Sound Digit1_clear started
19.8898 	EXP 	text_practice_resp: autoDraw = False
20.3567 	EXP 	Sound Digit1_clear reached end of file
20.3592 	EXP 	Created sequence: sequential, trialTypes=1, nReps=1, seed=None
20.3594 	EXP 	New trial (rep=0, index=0): None
20.3624 	EXP 	Created unnamed TextStim = TextStim(__class__=<class 'psychopy.visual.text.TextStim'>, alignHoriz=method-wrapper(...), alignText='center', alignVert=method-wrapper(...), anchorHoriz='center', anchorVert='center', antialias=True, autoLog=True, bold=False, color=array([1., 1., 1.]), colorSpace='rgb', contrast=1.0, depth=0, flipHoriz=False, flipVert=False, font='', fontFiles=[], height=0.1, italic=False, languageStyle='LTR', name='unnamed TextStim', opacity=1.0, ori=0.0, pos=array([0., 0.]), rgb=UNKNOWN, text='Practice trials going on', units='norm', win=Window(...), wrapWidth=1)
20.3665 	EXP 	unnamed TextStim: autoDraw = True
20.3725 	DATA 	Keypress: return
20.3761 	EXP 	text_practice_resp: autoDraw = True
20.8733 	DATA 	Keypress: return
20.8998 	EXP 	unnamed TextStim: autoDraw = False
20.9006 	EXP 	New trial (rep=0, index=3): {'TrialID': 3.0, 'NFB_digit1': 9.0, 'NFB_digit2': 6.0, 'NFB_digit3': 1.0, 'Speaker_trial': 61.0}
20.9013 	EXP 	Sound Digit1_clear started
20.9068 	EXP 	text_practice_resp: autoDraw = False
21.3811 	EXP 	Sound Digit1_clear reached end of file
21.3828 	EXP 	Created sequence: sequential, trialTypes=1, nReps=1, seed=None
21.3829 	EXP 	New trial (rep=0, index=0): None
21.3857 	EXP 	Created unnamed TextStim = TextStim(__class__=<class 'psychopy.visual.text.TextStim'>, alignHoriz=method-wrapper(...), alignText='center', alignVert=method-wrapper(...), anchorHoriz='center', anchorVert='center', antialias=True, autoLog=True, bold=False, color=array([1., 1., 1.]), colorSpace='rgb', contrast=1.0, depth=0, flipHoriz=False, flipVert=False, font='', fontFiles=[], height=0.1, italic=False, languageStyle='LTR', name='unnamed TextStim', opacity=1.0, ori=0.0, pos=array([0., 0.]), rgb=UNKNOWN, text='Practice trials going on', units='norm', win=Window(...), wrapWidth=1)
21.3996 	EXP 	unnamed TextStim: autoDraw = True
21.4102 	EXP 	text_practice_resp: autoDraw = True
21.5407 	DATA 	Keypress: return
21.5662 	EXP 	unnamed TextStim: autoDraw = False
21.5670 	EXP 	New trial (rep=0, index=4): {'TrialID': 4.0, 'NFB_digit1': 8.0, 'NFB_digit2': 1.0, 'NFB_digit3': 5.0, 'Speaker_trial': 7.0}
21.5676 	EXP 	Sound Digit1_clear started
21.5729 	EXP 	text_practice_resp: autoDraw = False
22.0504 	EXP 	Sound Digit1_clear reached end of file
22.0520 	EXP 	Created sequence: sequential, trialTypes=1, nReps=1, seed=None
22.0522 	EXP 	New trial (rep=0, index=0): None
22.0551 	EXP 	Created unnamed TextStim = TextStim(__class__=<class 'psychopy.visual.text.TextStim'>, alignHoriz=method-wrapper(...), alignText='center', alignVert=method-wrapper(...), anchorHoriz='center', anchorVert='center', antialias=True, autoLog=True, bold=False, color=array([1., 1., 1.]), colorSpace='rgb', contrast=1.0, depth=0, flipHoriz=False, flipVert=False, font='', fontFiles=[], height=0.1, italic=False, languageStyle='LTR', name='unnamed TextStim', opacity=1.0, ori=0.0, pos=array([0., 0.]), rgb=UNKNOWN, text='Practice trials going on', units='norm', win=Window(...), wrapWidth=1)
22.0664 	EXP 	unnamed TextStim: autoDraw = True
22.0758 	EXP 	text_practice_resp: autoDraw = True
22.1739 	DATA 	Keypress: return
22.1995 	EXP 	unnamed TextStim: autoDraw = False
22.2004 	EXP 	New trial (rep=0, index=5): {'TrialID': 5.0, 'NFB_digit1': 4.0, 'NFB_digit2': 1.0, 'NFB_digit3': 0.0, 'Speaker_trial': 33.0}
22.2010 	EXP 	Sound Digit1_clear started
22.2070 	EXP 	text_practice_resp: autoDraw = False
22.6772 	EXP 	Sound Digit1_clear reached end of file
22.6793 	EXP 	Created sequence: sequential, trialTypes=1, nReps=1, seed=None
22.6795 	EXP 	New trial (rep=0, index=0): None
22.6829 	EXP 	Created unnamed TextStim = TextStim(__class__=<class 'psychopy.visual.text.TextStim'>, alignHoriz=method-wrapper(...), alignText='center', alignVert=method-wrapper(...), anchorHoriz='center', anchorVert='center', antialias=True, autoLog=True, bold=False, color=array([1., 1., 1.]), colorSpace='rgb', contrast=1.0, depth=0, flipHoriz=False, flipVert=False, font='', fontFiles=[], height=0.1, italic=False, languageStyle='LTR', name='unnamed TextStim', opacity=1.0, ori=0.0, pos=array([0., 0.]), rgb=UNKNOWN, text='Practice trials going on', units='norm', win=Window(...), wrapWidth=1)
22.6997 	EXP 	unnamed TextStim: autoDraw = True
22.7089 	EXP 	text_practice_resp: autoDraw = True
22.8904 	DATA 	Keypress: return
22.9162 	EXP 	unnamed TextStim: autoDraw = False
22.9169 	EXP 	New trial (rep=0, index=6): {'TrialID': 6.0, 'NFB_digit1': 9.0, 'NFB_digit2': 2.0, 'NFB_digit3': 6.0, 'Speaker_trial': 13.0}
22.9175 	EXP 	Sound Digit1_clear started
22.9232 	EXP 	text_practice_resp: autoDraw = False
23.3905 	EXP 	Sound Digit1_clear reached end of file
23.3929 	EXP 	Created sequence: sequential, trialTypes=1, nReps=1, seed=None
23.3931 	EXP 	New trial (rep=0, index=0): None
23.3960 	EXP 	Created unnamed TextStim = TextStim(__class__=<class 'psychopy.visual.text.TextStim'>, alignHoriz=method-wrapper(...), alignText='center', alignVert=method-wrapper(...), anchorHoriz='center', anchorVert='center', antialias=True, autoLog=True, bold=False, color=array([1., 1., 1.]), colorSpace='rgb', contrast=1.0, depth=0, flipHoriz=False, flipVert=False, font='', fontFiles=[], height=0.1, italic=False, languageStyle='LTR', name='unnamed TextStim', opacity=1.0, ori=0.0, pos=array([0., 0.]), rgb=UNKNOWN, text='Practice trials going on', units='norm', win=Window(...), wrapWidth=1)
23.3997 	EXP 	unnamed TextStim: autoDraw = True
23.4095 	EXP 	text_practice_resp: autoDraw = True
23.5405 	DATA 	Keypress: return
23.5666 	EXP 	unnamed TextStim: autoDraw = False
23.5673 	EXP 	New trial (rep=0, index=7): {'TrialID': 7.0, 'NFB_digit1': 2.0, 'NFB_digit2': 3.0, 'NFB_digit3': 0.0, 'Speaker_trial': 10.0}
23.5680 	EXP 	Sound Digit1_clear started
23.5737 	EXP 	text_practice_resp: autoDraw = False
24.0508 	EXP 	Sound Digit1_clear reached end of file
24.0532 	EXP 	Created sequence: sequential, trialTypes=1, nReps=1, seed=None
24.0534 	EXP 	New trial (rep=0, index=0): None
24.0566 	EXP 	Created unnamed TextStim = TextStim(__class__=<class 'psychopy.visual.text.TextStim'>, alignHoriz=method-wrapper(...), alignText='center', alignVert=method-wrapper(...), anchorHoriz='center', anchorVert='center', antialias=True, autoLog=True, bold=False, color=array([1., 1., 1.]), colorSpace='rgb', contrast=1.0, depth=0, flipHoriz=False, flipVert=False, font='', fontFiles=[], height=0.1, italic=False, languageStyle='LTR', name='unnamed TextStim', opacity=1.0, ori=0.0, pos=array([0., 0.]), rgb=UNKNOWN, text='Practice trials going on', units='norm', win=Window(...), wrapWidth=1)
24.0661 	EXP 	unnamed TextStim: autoDraw = True
24.0758 	EXP 	text_practice_resp: autoDraw = True
24.2736 	DATA 	Keypress: return
24.2994 	EXP 	unnamed TextStim: autoDraw = False
24.3003 	EXP 	New trial (rep=0, index=8): {'TrialID': 8.0, 'NFB_digit1': 1.0, 'NFB_digit2': 9.0, 'NFB_digit3': 2.0, 'Speaker_trial': 48.0}
24.3009 	EXP 	Sound Digit1_clear started
24.3067 	EXP 	text_practice_resp: autoDraw = False
24.7801 	EXP 	Sound Digit1_clear reached end of file
24.7821 	EXP 	Created sequence: sequential, trialTypes=1, nReps=1, seed=None
24.7823 	EXP 	New trial (rep=0, index=0): None
24.7853 	EXP 	Created unnamed TextStim = TextStim(__class__=<class 'psychopy.visual.text.TextStim'>, alignHoriz=method-wrapper(...), alignText='center', alignVert=method-wrapper(...), anchorHoriz='center', anchorVert='center', antialias=True, autoLog=True, bold=False, color=array([1., 1., 1.]), colorSpace='rgb', contrast=1.0, depth=0, flipHoriz=False, flipVert=False, font='', fontFiles=[], height=0.1, italic=False, languageStyle='LTR', name='unnamed TextStim', opacity=1.0, ori=0.0, pos=array([0., 0.]), rgb=UNKNOWN, text='Practice trials going on', units='norm', win=Window(...), wrapWidth=1)
24.7993 	EXP 	unnamed TextStim: autoDraw = True
24.8092 	EXP 	text_practice_resp: autoDraw = True
24.9237 	DATA 	Keypress: return
24.9491 	EXP 	unnamed TextStim: autoDraw = False
24.9499 	EXP 	New trial (rep=0, index=9): {'TrialID': 9.0, 'NFB_digit1': 8.0, 'NFB_digit2': 1.0, 'NFB_digit3': 0.0, 'Speaker_trial': 21.0}
24.9507 	EXP 	Sound Digit1_clear started
24.9559 	EXP 	text_practice_resp: autoDraw = False
25.4348 	EXP 	Sound Digit1_clear reached end of file
25.4353 	EXP 	Created sequence: sequential, trialTypes=1, nReps=1, seed=None
25.4355 	EXP 	New trial (rep=0, index=0): None
25.4384 	EXP 	Created unnamed TextStim = TextStim(__class__=<class 'psychopy.visual.text.TextStim'>, alignHoriz=method-wrapper(...), alignText='center', alignVert=method-wrapper(...), anchorHoriz='center', anchorVert='center', antialias=True, autoLog=True, bold=False, color=array([1., 1., 1.]), colorSpace='rgb', contrast=1.0, depth=0, flipHoriz=False, flipVert=False, font='', fontFiles=[], height=0.1, italic=False, languageStyle='LTR', name='unnamed TextStim', opacity=1.0, ori=0.0, pos=array([0., 0.]), rgb=UNKNOWN, text='Practice trials going on', units='norm', win=Window(...), wrapWidth=1)
25.4491 	EXP 	unnamed TextStim: autoDraw = True
25.4587 	EXP 	text_practice_resp: autoDraw = True
25.5568 	DATA 	Keypress: return
25.5825 	EXP 	unnamed TextStim: autoDraw = False
25.5895 	EXP 	text_practice_resp: autoDraw = False
25.5895 	EXP 	text_practice_repeat: autoDraw = True
26.7238 	DATA 	Keypress: return
26.7521 	EXP 	text_practice_repeat: autoDraw = False
26.7521 	EXP 	text_4: autoDraw = True
27.4739 	EXP 	Imported data/Stimuli_ME_cond.xlsx as conditions, 280 conditions, 8 params
27.4749 	EXP 	Created sequence: sequential, trialTypes=280, nReps=1, seed=None
27.4752 	EXP 	New trial (rep=0, index=0): {'TrialID_ME': 0.0, 'NFB_digit1_ME': 1.0, 'NFB_digit2_ME': 2.0, 'NFB_digit3_ME': 0.0, 'Speaker_trial_ME': 33.0, 'NV_trial_ME': 1.0, 'Triggered_trial_ME': 1.0, 'Jitter_trial_ME': 0.0}
27.4767 	EXP 	Sound  set loops 2
27.4768 	EXP 	Sound  started
28.1630 	DATA 	Keypress: return
28.1669 	EXP 	text_4: autoDraw = False
28.1669 	EXP 	Fixation_ME: autoDraw = True
29.5818 	EXP 	Sound sound_digit_1_ME started
29.5879 	EXP 	Fixation_ME: autoDraw = False
29.5879 	EXP 	text_2: text = 0
29.5879 	EXP 	text_2: autoDraw = True
30.0608 	EXP 	Sound sound_digit_1_ME reached end of file
30.5874 	EXP 	Created sequence: sequential, trialTypes=1, nReps=1, seed=None
30.5876 	EXP 	New trial (rep=0, index=0): None
30.5877 	EXP 	Sound  started
30.6037 	EXP 	text_2: autoDraw = False
30.6037 	EXP 	text_2: autoDraw = False
30.6037 	EXP 	text_7: text = 0
30.6037 	EXP 	disp_answer_ME: autoDraw = True
30.6037 	EXP 	text_7: autoDraw = True
30.6416 	DATA 	Keypress: 1
30.8425 	DATA 	Keypress: return
30.8784 	EXP 	Created unnamed TextStim = TextStim(__class__=<class 'psychopy.visual.text.TextStim'>, alignHoriz=method-wrapper(...), alignText='center', alignVert=method-wrapper(...), anchorHoriz='center', anchorVert='center', antialias=True, autoLog=True, bold=False, color=array([1., 1., 1.]), colorSpace='rgb', contrast=1.0, depth=0, flipHoriz=False, flipVert=False, font='', fontFiles=[], height=0.1, italic=False, languageStyle='LTR', name='unnamed TextStim', opacity=1.0, ori=0.0, pos=array([0., 0.]), rgb=UNKNOWN, text='Current ROC AUC:-0.0', units='norm', win=Window(...), wrapWidth=1)
30.8826 	EXP 	unnamed TextStim: autoDraw = True
30.8950 	EXP 	Created unnamed TextStim = TextStim(__class__=<class 'psychopy.visual.text.TextStim'>, alignHoriz=method-wrapper(...), alignText='center', alignVert=method-wrapper(...), anchorHoriz='center', anchorVert='center', antialias=True, autoLog=True, bold=False, color=array([1., 1., 1.]), colorSpace='rgb', contrast=1.0, depth=0, flipHoriz=False, flipVert=False, font='', fontFiles=[], height=0.1, italic=False, languageStyle='LTR', name='unnamed TextStim', opacity=1.0, ori=0.0, pos=array([ 0. , -0.1]), rgb=UNKNOWN, text='Current trial correct?:[1.]', units='norm', win=Window(...), wrapWidth=1)
30.9156 	EXP 	unnamed TextStim: autoDraw = True
30.9156 	EXP 	unnamed TextStim: autoDraw = False
30.9157 	EXP 	Sound  started
30.9175 	EXP 	New trial (rep=0, index=1): {'TrialID_ME': 1.0, 'NFB_digit1_ME': 0.0, 'NFB_digit2_ME': 8.0, 'NFB_digit3_ME': 3.0, 'Speaker_trial_ME': 49.0, 'NV_trial_ME': 1.0, 'Triggered_trial_ME': 0.0, 'Jitter_trial_ME': 1.0}
30.9195 	EXP 	Sound  started
30.9266 	EXP 	disp_answer_ME: autoDraw = False
30.9266 	EXP 	text_7: autoDraw = False
30.9266 	EXP 	text_next_block_ME: text = ''
30.9266 	EXP 	text_next_block_ME: autoDraw = False
30.9266 	EXP 	Fixation_ME: autoDraw = True
33.0314 	EXP 	Sound sound_digit_1_ME started
33.0381 	EXP 	Fixation_ME: autoDraw = False
33.0381 	EXP 	text_2: text = 1
33.0381 	EXP 	text_2: autoDraw = True
33.5058 	EXP 	Sound sound_digit_1_ME reached end of file
34.0369 	EXP 	Created sequence: sequential, trialTypes=1, nReps=1, seed=None
34.0371 	EXP 	New trial (rep=0, index=0): None
34.0371 	EXP 	Sound  started
34.0508 	EXP 	text_2: autoDraw = False
34.0508 	EXP 	text_2: autoDraw = False
34.0508 	EXP 	text_7: text = 0
34.0508 	EXP 	disp_answer_ME: autoDraw = True
34.0508 	EXP 	text_7: autoDraw = True
34.4398 	DATA 	Keypress: 0
34.6071 	DATA 	Keypress: return
34.6287 	EXP 	Created unnamed TextStim = TextStim(__class__=<class 'psychopy.visual.text.TextStim'>, alignHoriz=method-wrapper(...), alignText='center', alignVert=method-wrapper(...), anchorHoriz='center', anchorVert='center', antialias=True, autoLog=True, bold=False, color=array([1., 1., 1.]), colorSpace='rgb', contrast=1.0, depth=0, flipHoriz=False, flipVert=False, font='', fontFiles=[], height=0.1, italic=False, languageStyle='LTR', name='unnamed TextStim', opacity=1.0, ori=0.0, pos=array([0., 0.]), rgb=UNKNOWN, text='Current ROC AUC:-0.0', units='norm', win=Window(...), wrapWidth=1)
34.6321 	EXP 	unnamed TextStim: autoDraw = True
34.6352 	EXP 	Created unnamed TextStim = TextStim(__class__=<class 'psychopy.visual.text.TextStim'>, alignHoriz=method-wrapper(...), alignText='center', alignVert=method-wrapper(...), anchorHoriz='center', anchorVert='center', antialias=True, autoLog=True, bold=False, color=array([1., 1., 1.]), colorSpace='rgb', contrast=1.0, depth=0, flipHoriz=False, flipVert=False, font='', fontFiles=[], height=0.1, italic=False, languageStyle='LTR', name='unnamed TextStim', opacity=1.0, ori=0.0, pos=array([ 0. , -0.1]), rgb=UNKNOWN, text='Current trial correct?:[1.]', units='norm', win=Window(...), wrapWidth=1)
34.6486 	EXP 	unnamed TextStim: autoDraw = True
34.6486 	EXP 	unnamed TextStim: autoDraw = False
34.6488 	EXP 	Sound  started
34.6493 	EXP 	New trial (rep=0, index=2): {'TrialID_ME': 2.0, 'NFB_digit1_ME': 4.0, 'NFB_digit2_ME': 9.0, 'NFB_digit3_ME': 2.0, 'Speaker_trial_ME': 7.0, 'NV_trial_ME': 1.0, 'Triggered_trial_ME': 1.0, 'Jitter_trial_ME': 0.0}
34.6509 	EXP 	Sound  started
34.6570 	EXP 	disp_answer_ME: autoDraw = False
34.6570 	EXP 	text_7: autoDraw = False
34.6570 	EXP 	text_next_block_ME: text = ''
34.6570 	EXP 	text_next_block_ME: autoDraw = False
34.6570 	EXP 	Fixation_ME: autoDraw = True
36.7436 	EXP 	Sound sound_digit_1_ME started
36.7496 	EXP 	Fixation_ME: autoDraw = False
36.7496 	EXP 	text_2: text = 2
36.7496 	EXP 	text_2: autoDraw = True
37.2317 	EXP 	Sound sound_digit_1_ME reached end of file
37.7364 	EXP 	Created sequence: sequential, trialTypes=1, nReps=1, seed=None
37.7365 	EXP 	New trial (rep=0, index=0): None
37.7366 	EXP 	Sound  started
37.7510 	EXP 	text_2: autoDraw = False
37.7510 	EXP 	text_2: autoDraw = False
37.7510 	EXP 	text_7: text = 0
37.7510 	EXP 	disp_answer_ME: autoDraw = True
37.7510 	EXP 	text_7: autoDraw = True
38.7507 	EXP 	text_7: autoDraw = False
49.2715 	DATA 	Keypress: escape
49.3859 	EXP 	window1: mouseVisible = True
50.8117 	EXP 	window1: mouseVisible = True
