6.3426 	WARNING 	User requested fullscreen with size [1280  720], but screen is actually [2560, 1440]. Using actual size
8.0047 	EXP 	Created window1 = Window(allowGUI=False, allowStencil=False, autoLog=True, backendConf=UNKNOWN, bitsMode=UNKNOWN, blendMode='avg', bpc=(8, 8, 8), color=array([0, 0, 0]), colorSpace='rgb', depthBits=8, fullscr=<method-wrapper '__getattribute__' of attributeSetter object at 0x000001A828B804E0>, gamma=None, gammaErrorPolicy='raise', lms=UNKNOWN, monitor=<psychopy.monitors.calibTools.Monitor object at 0x000001A828BC76D8>, multiSample=False, name='window1', numSamples=2, pos=[0.0, 0.0], screen=0, size=array([2560, 1440]), stencilBits=0, stereo=False, units='height', useFBO=True, useRetina=False, viewOri=0.0, viewPos=None, viewScale=None, waitBlanking=True, winType='pyglet')
8.0049 	EXP 	window1: mouseVisible = True
8.0049 	EXP 	window1: recordFrameIntervals = False
8.1694 	EXP 	window1: recordFrameIntervals = True
8.3535 	EXP 	window1: recordFrameIntervals = False
9.9323 	EXP 	Created Instructions_Background_Noise = TextStim(__class__=<class 'psychopy.visual.text.TextStim'>, alignHoriz=method-wrapper(...), alignText='center', alignVert=method-wrapper(...), anchorHoriz='center', anchorVert='center', antialias=True, autoLog=True, bold=False, color=array([-1., -1., -1.]), colorSpace='rgb', contrast=1.0, depth=-1.0, flipHoriz=False, flipVert=False, font='Arial', fontFiles=[], height=0.03, italic=False, languageStyle='LTR', name='Instructions_Background_Noise', opacity=1, ori=0, pos=array([0., 0.]), rgb=UNKNOWN, text=str(...), units='height', win=Window(...), wrapWidth=1)
9.9878 	EXP 	Created Fixation_cross_Test = TextStim(__class__=<class 'psychopy.visual.text.TextStim'>, alignHoriz=method-wrapper(...), alignText='center', alignVert=method-wrapper(...), anchorHoriz='center', anchorVert='center', antialias=True, autoLog=True, bold=False, color=array([-1., -1., -1.]), colorSpace='rgb', contrast=1.0, depth=-1.0, flipHoriz=False, flipVert=False, font='Arial', fontFiles=[], height=0.2, italic=False, languageStyle='LTR', name='Fixation_cross_Test', opacity=1, ori=0, pos=array([0., 0.]), rgb=UNKNOWN, text='+', units='height', win=Window(...), wrapWidth=1)
10.0310 	EXP 	Created text_practice = TextStim(__class__=<class 'psychopy.visual.text.TextStim'>, alignHoriz=method-wrapper(...), alignText='center', alignVert=method-wrapper(...), anchorHoriz='center', anchorVert='center', antialias=True, autoLog=True, bold=False, color=array([-1., -1., -1.]), colorSpace='rgb', contrast=1.0, depth=-1.0, flipHoriz=False, flipVert=False, font='Arial', fontFiles=[], height=0.03, italic=False, languageStyle='LTR', name='text_practice', opacity=1, ori=0, pos=array([0., 0.]), rgb=UNKNOWN, text=str(...), units='height', win=Window(...), wrapWidth=1)
10.0425 	EXP 	Sound Digit1_clear set volume 1.000
10.0531 	EXP 	Sound Digit2_clear set volume 1.000
10.0638 	EXP 	Sound Digit3_clear set volume 1.000
10.0663 	EXP 	Created text_practice_resp = TextStim(__class__=<class 'psychopy.visual.text.TextStim'>, alignHoriz=method-wrapper(...), alignText='center', alignVert=method-wrapper(...), anchorHoriz='center', anchorVert='center', antialias=True, autoLog=True, bold=False, color=array([-1., -1., -1.]), colorSpace='rgb', contrast=1.0, depth=-2.0, flipHoriz=False, flipVert=False, font='Arial', fontFiles=[], height=0.1, italic=False, languageStyle='LTR', name='text_practice_resp', opacity=1, ori=0, pos=array([0., 0.]), rgb=UNKNOWN, text='', units='height', win=Window(...), wrapWidth=1)
10.0911 	EXP 	Created text_practice_repeat = TextStim(__class__=<class 'psychopy.visual.text.TextStim'>, alignHoriz=method-wrapper(...), alignText='center', alignVert=method-wrapper(...), anchorHoriz='center', anchorVert='center', antialias=True, autoLog=True, bold=False, color=array([-1., -1., -1.]), colorSpace='rgb', contrast=1.0, depth=-1.0, flipHoriz=False, flipVert=False, font='Arial', fontFiles=[], height=0.05, italic=False, languageStyle='LTR', name='text_practice_repeat', opacity=1, ori=0, pos=array([0., 0.]), rgb=UNKNOWN, text=str(...), units='height', win=Window(...), wrapWidth=1)
10.1334 	EXP 	Created text_4 = TextStim(__class__=<class 'psychopy.visual.text.TextStim'>, alignHoriz=method-wrapper(...), alignText='center', alignVert=method-wrapper(...), anchorHoriz='center', anchorVert='center', antialias=True, autoLog=True, bold=False, color=array([-1., -1., -1.]), colorSpace='rgb', contrast=1.0, depth=-1.0, flipHoriz=False, flipVert=False, font='Arial', fontFiles=[], height=0.03, italic=False, languageStyle='LTR', name='text_4', opacity=1.0, ori=0.0, pos=array([0., 0.]), rgb=UNKNOWN, text=str(...), units='height', win=Window(...), wrapWidth=1)
10.1410 	EXP 	Created Fixation_ME = TextStim(__class__=<class 'psychopy.visual.text.TextStim'>, alignHoriz=method-wrapper(...), alignText='center', alignVert=method-wrapper(...), anchorHoriz='center', anchorVert='center', antialias=True, autoLog=True, bold=False, color=array([-1., -1., -1.]), colorSpace='rgb', contrast=1.0, depth=-1.0, flipHoriz=False, flipVert=False, font='Open Sans', fontFiles=[], height=0.1, italic=False, languageStyle='LTR', name='Fixation_ME', opacity=1.0, ori=0.0, pos=array([0., 0.]), rgb=UNKNOWN, text='+', units='height', win=Window(...), wrapWidth=1)
10.1522 	EXP 	Sound sound_digit_1_ME set volume 1.000
10.1631 	EXP 	Sound sound_digit_2_ME set volume 1.000
10.1744 	EXP 	Sound sound_digit_3_ME set volume 1.000
10.1765 	EXP 	Created disp_answer_ME = TextStim(__class__=<class 'psychopy.visual.text.TextStim'>, alignHoriz=method-wrapper(...), alignText='center', alignVert=method-wrapper(...), anchorHoriz='center', anchorVert='center', antialias=True, autoLog=True, bold=False, color=array([-1., -1., -1.]), colorSpace='rgb', contrast=1.0, depth=-2.0, flipHoriz=False, flipVert=False, font='Arial', fontFiles=[], height=0.1, italic=False, languageStyle='LTR', name='disp_answer_ME', opacity=1.0, ori=0.0, pos=array([0., 0.]), rgb=UNKNOWN, text='', units='height', win=Window(...), wrapWidth=1)
10.1780 	EXP 	Created text_next_block_ME = TextStim(__class__=<class 'psychopy.visual.text.TextStim'>, alignHoriz=method-wrapper(...), alignText='center', alignVert=method-wrapper(...), anchorHoriz='center', anchorVert='center', antialias=True, autoLog=True, bold=False, color=array([1., 1., 1.]), colorSpace='rgb', contrast=1.0, depth=-1.0, flipHoriz=False, flipVert=False, font='Open Sans', fontFiles=[], height=0.1, italic=False, languageStyle='LTR', name='text_next_block_ME', opacity=1, ori=0.0, pos=array([0., 0.]), rgb=UNKNOWN, text='', units='height', win=Window(...), wrapWidth=1)
10.2417 	EXP 	Created text_break = TextStim(__class__=<class 'psychopy.visual.text.TextStim'>, alignHoriz=method-wrapper(...), alignText='center', alignVert=method-wrapper(...), anchorHoriz='center', anchorVert='center', antialias=True, autoLog=True, bold=False, color=array([-1., -1., -1.]), colorSpace='rgb', contrast=1.0, depth=-1.0, flipHoriz=False, flipVert=False, font='Arial', fontFiles=[], height=0.05, italic=False, languageStyle='LTR', name='text_break', opacity=1, ori=0, pos=array([0., 0.]), rgb=UNKNOWN, text=str(...), units='height', win=Window(...), wrapWidth=1)
10.2600 	EXP 	Created Fixation = TextStim(__class__=<class 'psychopy.visual.text.TextStim'>, alignHoriz=method-wrapper(...), alignText='center', alignVert=method-wrapper(...), anchorHoriz='center', anchorVert='center', antialias=True, autoLog=True, bold=False, color=array([-1., -1., -1.]), colorSpace='rgb', contrast=1.0, depth=-1.0, flipHoriz=False, flipVert=False, font='Arial', fontFiles=[], height=0.2, italic=False, languageStyle='LTR', name='Fixation', opacity=1, ori=0, pos=array([0., 0.]), rgb=UNKNOWN, text='+', units='height', win=Window(...), wrapWidth=1)
10.2629 	EXP 	Created text_6 = TextStim(__class__=<class 'psychopy.visual.text.TextStim'>, alignHoriz=method-wrapper(...), alignText='center', alignVert=method-wrapper(...), anchorHoriz='center', anchorVert='center', antialias=True, autoLog=True, bold=False, color=array([1., 1., 1.]), colorSpace='rgb', contrast=1.0, depth=-2.0, flipHoriz=False, flipVert=False, font='Open Sans', fontFiles=[], height=0.1, italic=False, languageStyle='LTR', name='text_6', opacity=1, ori=0.0, pos=array([ 0. , -0.1]), rgb=UNKNOWN, text='', units='height', win=Window(...), wrapWidth=1)
10.2681 	EXP 	Created Fixation_Play = TextStim(__class__=<class 'psychopy.visual.text.TextStim'>, alignHoriz=method-wrapper(...), alignText='center', alignVert=method-wrapper(...), anchorHoriz='center', anchorVert='center', antialias=True, autoLog=True, bold=False, color=array([-1., -1., -1.]), colorSpace='rgb', contrast=1.0, depth=-1.0, flipHoriz=False, flipVert=False, font='Arial', fontFiles=[], height=0.2, italic=False, languageStyle='LTR', name='Fixation_Play', opacity=1.0, ori=0.0, pos=array([0., 0.]), rgb=UNKNOWN, text='+', units='height', win=Window(...), wrapWidth=1)
10.2798 	EXP 	Sound sound_digit1 set volume 1.000
10.2906 	EXP 	Sound sound_digit2 set volume 1.000
10.3014 	EXP 	Sound sound_digit3 set volume 1.000
10.3031 	EXP 	Created disp_answer = TextStim(__class__=<class 'psychopy.visual.text.TextStim'>, alignHoriz=method-wrapper(...), alignText='center', alignVert=method-wrapper(...), anchorHoriz='center', anchorVert='center', antialias=True, autoLog=True, bold=False, color=array([-1., -1., -1.]), colorSpace='rgb', contrast=1.0, depth=-2.0, flipHoriz=False, flipVert=False, font='Arial', fontFiles=[], height=0.1, italic=False, languageStyle='LTR', name='disp_answer', opacity=1, ori=0, pos=array([0., 0.]), rgb=UNKNOWN, text='', units='height', win=Window(...), wrapWidth=1)
10.3046 	EXP 	Created text_nextblock = TextStim(__class__=<class 'psychopy.visual.text.TextStim'>, alignHoriz=method-wrapper(...), alignText='center', alignVert=method-wrapper(...), anchorHoriz='center', anchorVert='center', antialias=True, autoLog=True, bold=False, color=array([-1., -1., -1.]), colorSpace='rgb', contrast=1.0, depth=-1.0, flipHoriz=False, flipVert=False, font='Arial', fontFiles=[], height=0.05, italic=False, languageStyle='LTR', name='text_nextblock', opacity=1.0, ori=0.0, pos=array([0., 0.]), rgb=UNKNOWN, text='', units='height', win=Window(...), wrapWidth=1)
10.5148 	EXP 	Instructions_Background_Noise: autoDraw = True
10.8564 	DATA 	Mouse: Left button down, pos=(237,131)
10.9553 	DATA 	Mouse:  Left button up, pos=(237,131)
11.0733 	DATA 	Keypress: return
11.0753 	EXP 	Sound  started
11.0884 	EXP 	Instructions_Background_Noise: autoDraw = False
11.0884 	EXP 	Fixation_cross_Test: autoDraw = True
16.0914 	EXP 	Sound  stopped
16.0919 	EXP 	Created sequence: sequential, trialTypes=1, nReps=100, seed=None
16.0925 	EXP 	New trial (rep=0, index=0): None
16.1027 	EXP 	Fixation_cross_Test: autoDraw = False
16.1027 	EXP 	text_practice: autoDraw = True
16.9538 	EXP 	Imported data/practice_trials.xlsx as conditions, 1 conditions, 5 params
16.9542 	EXP 	Created sequence: sequential, trialTypes=1, nReps=1, seed=None
16.9545 	EXP 	New trial (rep=0, index=0): {'TrialID': 0.0, 'NFB_digit1': 6.0, 'NFB_digit2': 2.0, 'NFB_digit3': 4.0, 'Speaker_trial': 33.0}
16.9583 	EXP 	Sound Digit1_clear started
16.9607 	DATA 	Keypress: return
16.9666 	EXP 	text_practice: autoDraw = False
17.4280 	EXP 	Sound Digit1_clear reached end of file
17.4281 	EXP 	Sound Digit2_clear started
17.9122 	EXP 	Sound Digit2_clear reached end of file
17.9122 	EXP 	Sound Digit3_clear started
18.3965 	EXP 	Sound Digit3_clear reached end of file
18.3991 	EXP 	Created sequence: sequential, trialTypes=1, nReps=3, seed=None
18.3993 	EXP 	New trial (rep=0, index=0): None
18.4215 	EXP 	text_practice_resp: autoDraw = True
18.8661 	DATA 	Keypress: num_4
19.1004 	DATA 	Keypress: return
19.1199 	EXP 	New trial (rep=1, index=0): None
19.1326 	EXP 	text_practice_resp: autoDraw = False
19.1326 	EXP 	text_practice_resp: autoDraw = True
19.2998 	DATA 	Keypress: num_4
19.5175 	DATA 	Keypress: return
19.5357 	EXP 	New trial (rep=2, index=0): None
19.5606 	EXP 	text_practice_resp: autoDraw = False
19.5606 	EXP 	text_practice_resp: autoDraw = True
19.6836 	DATA 	Keypress: num_4
19.9008 	DATA 	Keypress: return
19.9318 	EXP 	text_practice_resp: autoDraw = False
19.9318 	EXP 	text_practice_repeat: autoDraw = True
20.6844 	DATA 	Keypress: return
20.7129 	EXP 	text_practice_repeat: autoDraw = False
20.7129 	EXP 	text_4: autoDraw = True
21.5885 	EXP 	Imported data/Stimuli_ME_cond.xlsx as conditions, 280 conditions, 8 params
21.5896 	EXP 	Created sequence: sequential, trialTypes=280, nReps=1, seed=None
21.5899 	EXP 	New trial (rep=0, index=0): {'TrialID_ME': 0.0, 'NFB_digit1_ME': 1.0, 'NFB_digit2_ME': 2.0, 'NFB_digit3_ME': 0.0, 'Speaker_trial_ME': 33.0, 'NV_trial_ME': 1.0, 'Triggered_trial_ME': 1.0, 'Jitter_trial_ME': 0.0}
21.5917 	EXP 	Sound  set loops 2
21.5917 	EXP 	Sound  started
22.3122 	DATA 	Keypress: return
22.3178 	EXP 	text_4: autoDraw = False
22.3178 	EXP 	Fixation_ME: autoDraw = True
23.6884 	EXP 	window1: mouseVisible = True
