1.5146 	WARNING 	We strongly recommend you activate the PTB sound engine in PsychoPy prefs as the preferred audio engine. Its timing is vastly superior. Your prefs are currently set to use ['sounddevice', 'PTB', 'pyo', 'pygame'] (in that order).
7.8248 	EXP 	Created window1 = Window(allowGUI=True, allowStencil=False, autoLog=True, backendConf=UNKNOWN, bitsMode=UNKNOWN, blendMode='avg', bpc=(8, 8, 8), color=array([0, 0, 0]), colorSpace='rgb', depthBits=8, fullscr=<method-wrapper '__getattribute__' of attributeSetter object at 0x000002286CB5A760>, gamma=None, gammaErrorPolicy='raise', lms=UNKNOWN, monitor=<psychopy.monitors.calibTools.Monitor object at 0x0000022818A8BD00>, multiSample=False, name='window1', numSamples=2, pos=(0, 0), screen=1, size=array([2560, 1440]), stencilBits=0, stereo=False, units='height', useFBO=True, useRetina=False, viewOri=0.0, viewPos=None, viewScale=None, waitBlanking=True, winType='pyglet')
7.8250 	EXP 	window1: mouseVisible = True
7.8250 	EXP 	window1: mouseVisible = False
7.8250 	EXP 	window1: Attempting to measure frame rate of screen (1) ...
7.8250 	EXP 	window1: recordFrameIntervals = False
7.9904 	EXP 	window1: recordFrameIntervals = True
8.1733 	EXP 	Screen (1) actual frame rate measured at 60.29Hz
8.1734 	EXP 	window1: recordFrameIntervals = False
10.0110 	EXP 	Created instrExposureText = TextStim(__class__=<class 'psychopy.visual.text.TextStim'>, alignHoriz=method-wrapper(...), alignText='center', alignVert=method-wrapper(...), anchorHoriz='center', anchorVert='center', antialias=True, autoDraw=False, autoLog=True, bold=False, color=array([1., 1., 1.]), colorSpace='rgb', contrast=1.0, depth=0.0, flipHoriz=False, flipVert=False, font='Arial', fontFiles=[], height=0.04, italic=False, languageStyle='LTR', name='instrExposureText', opacity=1.0, ori=0, pos=array([0., 0.]), rgb=UNKNOWN, text=str(...), units='height', win=Window(...), wrapWidth=1)
10.0181 	EXP 	Sound originalSentence set volume 1.000
10.0956 	EXP 	Created waitAfterSound = ImageStim(__class__=<class 'psychopy.visual.image.ImageStim'>, anchor=('center', 'center'), autoLog=True, color=array([1., 1., 1.]), colorSpace='rgb', contrast=1.0, depth=-1.0, flipHoriz=False, flipVert=False, image='images/grayScreen.png', interpolate=True, mask=None, maskParams=None, name='waitAfterSound', opacity=1.0, ori=0.0, pos=array([0., 0.]), size=array([2., 2.]), texRes=128, units='height', win=Window(...))
10.1209 	EXP 	Created instrTrainText = TextStim(__class__=<class 'psychopy.visual.text.TextStim'>, alignHoriz=method-wrapper(...), alignText='center', alignVert=method-wrapper(...), anchorHoriz='center', anchorVert='center', antialias=True, autoDraw=False, autoLog=True, bold=False, color=array([1., 1., 1.]), colorSpace='rgb', contrast=1.0, depth=0.0, flipHoriz=False, flipVert=False, font='Arial', fontFiles=[], height=0.04, italic=False, languageStyle='LTR', name='instrTrainText', opacity=1.0, ori=0, pos=array([0., 0.]), rgb=UNKNOWN, text=str(...), units='height', win=Window(...), wrapWidth=1.5)
10.1385 	EXP 	Created blankScreen = ImageStim(__class__=<class 'psychopy.visual.image.ImageStim'>, anchor=('center', 'center'), autoLog=True, color=array([1., 1., 1.]), colorSpace='rgb', contrast=1.0, depth=-5.0, flipHoriz=False, flipVert=False, image='images/blankScreen.png', interpolate=True, mask=None, maskParams=None, name='blankScreen', opacity=1.0, ori=0.0, pos=array([0., 0.]), size=array([1920., 1080.]), texRes=128, units='height', win=Window(...))
10.2178 	EXP 	Created call1 = ImageStim(__class__=<class 'psychopy.visual.image.ImageStim'>, anchor=('center', 'center'), autoLog=True, color=array([1., 1., 1.]), colorSpace='rgb', contrast=1.0, depth=-6.0, flipHoriz=False, flipVert=False, image='images/adler.png', interpolate=True, mask=None, maskParams=None, name='call1', opacity=1.0, ori=0.0, pos=array([-0.4   ,  0.3125]), size=array([0.18, 0.18]), texRes=128, units='height', win=Window(...))
10.3022 	EXP 	Created call2 = ImageStim(__class__=<class 'psychopy.visual.image.ImageStim'>, anchor=('center', 'center'), autoLog=True, color=array([1., 1., 1.]), colorSpace='rgb', contrast=1.0, depth=-7.0, flipHoriz=False, flipVert=False, image='images/drossel.png', interpolate=True, mask=None, maskParams=None, name='call2', opacity=1.0, ori=0.0, pos=array([-0.4       ,  0.10416667]), size=array([0.18, 0.18]), texRes=128, units='height', win=Window(...))
10.3834 	EXP 	Created call3 = ImageStim(__class__=<class 'psychopy.visual.image.ImageStim'>, anchor=('center', 'center'), autoLog=True, color=array([1., 1., 1.]), colorSpace='rgb', contrast=1.0, depth=-8.0, flipHoriz=False, flipVert=False, image='images/tiger.png', interpolate=True, mask=None, maskParams=None, name='call3', opacity=1.0, ori=0.0, pos=array([-0.4       , -0.10416667]), size=array([0.18, 0.18]), texRes=128, units='height', win=Window(...))
10.4661 	EXP 	Created call4 = ImageStim(__class__=<class 'psychopy.visual.image.ImageStim'>, anchor=('center', 'center'), autoLog=True, color=array([1., 1., 1.]), colorSpace='rgb', contrast=1.0, depth=-9.0, flipHoriz=False, flipVert=False, image='images/unke.png', interpolate=True, mask=None, maskParams=None, name='call4', opacity=1.0, ori=0.0, pos=array([-0.4   , -0.3125]), size=array([0.18, 0.18]), texRes=128, units='height', win=Window(...))
10.4849 	EXP 	Created colour1 = ImageStim(__class__=<class 'psychopy.visual.image.ImageStim'>, anchor=('center', 'center'), autoLog=True, color=array([1., 1., 1.]), colorSpace='rgb', contrast=1.0, depth=-10.0, flipHoriz=False, flipVert=False, image='images/gelb.png', interpolate=True, mask=None, maskParams=None, name='colour1', opacity=1.0, ori=0.0, pos=array([0.    , 0.3125]), size=array([0.18, 0.18]), texRes=128, units='height', win=Window(...))
10.5027 	EXP 	Created colour2 = ImageStim(__class__=<class 'psychopy.visual.image.ImageStim'>, anchor=('center', 'center'), autoLog=True, color=array([1., 1., 1.]), colorSpace='rgb', contrast=1.0, depth=-11.0, flipHoriz=False, flipVert=False, image='images/gruen.png', interpolate=True, mask=None, maskParams=None, name='colour2', opacity=1.0, ori=0.0, pos=array([0.        , 0.10416667]), size=array([0.18, 0.18]), texRes=128, units='height', win=Window(...))
10.5203 	EXP 	Created colour3 = ImageStim(__class__=<class 'psychopy.visual.image.ImageStim'>, anchor=('center', 'center'), autoLog=True, color=array([1., 1., 1.]), colorSpace='rgb', contrast=1.0, depth=-12.0, flipHoriz=False, flipVert=False, image='images/rot.png', interpolate=True, mask=None, maskParams=None, name='colour3', opacity=1.0, ori=0.0, pos=array([ 0.        , -0.10416667]), size=array([0.18, 0.18]), texRes=128, units='height', win=Window(...))
10.5378 	EXP 	Created colour4 = ImageStim(__class__=<class 'psychopy.visual.image.ImageStim'>, anchor=('center', 'center'), autoLog=True, color=array([1., 1., 1.]), colorSpace='rgb', contrast=1.0, depth=-13.0, flipHoriz=False, flipVert=False, image='images/weiss.png', interpolate=True, mask=None, maskParams=None, name='colour4', opacity=1.0, ori=0.0, pos=array([ 0.    , -0.3125]), size=array([0.18, 0.18]), texRes=128, units='height', win=Window(...))
10.5560 	EXP 	Created number1 = ImageStim(__class__=<class 'psychopy.visual.image.ImageStim'>, anchor=('center', 'center'), autoLog=True, color=array([1., 1., 1.]), colorSpace='rgb', contrast=1.0, depth=-14.0, flipHoriz=False, flipVert=False, image='images/1.png', interpolate=True, mask=None, maskParams=None, name='number1', opacity=1.0, ori=0.0, pos=array([0.4   , 0.3125]), size=array([0.18, 0.18]), texRes=128, units='height', win=Window(...))
10.5745 	EXP 	Created number2 = ImageStim(__class__=<class 'psychopy.visual.image.ImageStim'>, anchor=('center', 'center'), autoLog=True, color=array([1., 1., 1.]), colorSpace='rgb', contrast=1.0, depth=-15.0, flipHoriz=False, flipVert=False, image='images/2.png', interpolate=True, mask=None, maskParams=None, name='number2', opacity=1.0, ori=0.0, pos=array([0.4       , 0.10416667]), size=array([0.18, 0.18]), texRes=128, units='height', win=Window(...))
10.5915 	EXP 	Created number3 = ImageStim(__class__=<class 'psychopy.visual.image.ImageStim'>, anchor=('center', 'center'), autoLog=True, color=array([1., 1., 1.]), colorSpace='rgb', contrast=1.0, depth=-16.0, flipHoriz=False, flipVert=False, image='images/3.png', interpolate=True, mask=None, maskParams=None, name='number3', opacity=1.0, ori=0.0, pos=array([ 0.4       , -0.10416667]), size=array([0.18, 0.18]), texRes=128, units='height', win=Window(...))
10.6087 	EXP 	Created number4 = ImageStim(__class__=<class 'psychopy.visual.image.ImageStim'>, anchor=('center', 'center'), autoLog=True, color=array([1., 1., 1.]), colorSpace='rgb', contrast=1.0, depth=-17.0, flipHoriz=False, flipVert=False, image='images/4.png', interpolate=True, mask=None, maskParams=None, name='number4', opacity=1.0, ori=0.0, pos=array([ 0.4   , -0.3125]), size=array([0.18, 0.18]), texRes=128, units='height', win=Window(...))
10.6088 	EXP 	window1: mouseVisible = True
10.6088 	EXP 	window1: mouseVisible = True
10.6089 	EXP 	window1: mouseVisible = True
10.6213 	EXP 	Created blankScreenAfterResponse = ImageStim(__class__=<class 'psychopy.visual.image.ImageStim'>, anchor=('center', 'center'), autoLog=True, color=array([1., 1., 1.]), colorSpace='rgb', contrast=1.0, depth=-26.0, flipHoriz=False, flipVert=False, image='images/blankScreen.png', interpolate=True, mask=None, maskParams=None, name='blankScreenAfterResponse', opacity=1.0, ori=0.0, pos=array([0., 0.]), size=array([1920., 1080.]), texRes=128, units='height', win=Window(...))
10.6306 	EXP 	Created instrExpText = TextStim(__class__=<class 'psychopy.visual.text.TextStim'>, alignHoriz=method-wrapper(...), alignText='center', alignVert=method-wrapper(...), anchorHoriz='center', anchorVert='center', antialias=True, autoDraw=False, autoLog=True, bold=False, color=array([1., 1., 1.]), colorSpace='rgb', contrast=1.0, depth=0.0, flipHoriz=False, flipVert=False, font='Arial', fontFiles=[], height=0.04, italic=False, languageStyle='LTR', name='instrExpText', opacity=1.0, ori=0, pos=array([0., 0.]), rgb=UNKNOWN, text=str(...), units='height', win=Window(...), wrapWidth=1)
10.6437 	EXP 	Created blankScreen = ImageStim(__class__=<class 'psychopy.visual.image.ImageStim'>, anchor=('center', 'center'), autoLog=True, color=array([1., 1., 1.]), colorSpace='rgb', contrast=1.0, depth=-5.0, flipHoriz=False, flipVert=False, image='images/blankScreen.png', interpolate=True, mask=None, maskParams=None, name='blankScreen', opacity=1.0, ori=0.0, pos=array([0., 0.]), size=array([1920., 1080.]), texRes=128, units='height', win=Window(...))
10.6571 	EXP 	Created call1 = ImageStim(__class__=<class 'psychopy.visual.image.ImageStim'>, anchor=('center', 'center'), autoLog=True, color=array([1., 1., 1.]), colorSpace='rgb', contrast=1.0, depth=-6.0, flipHoriz=False, flipVert=False, image='images/adler.png', interpolate=True, mask=None, maskParams=None, name='call1', opacity=1.0, ori=0.0, pos=array([-0.4   ,  0.3125]), size=array([0.18, 0.18]), texRes=128, units='height', win=Window(...))
10.6710 	EXP 	Created call2 = ImageStim(__class__=<class 'psychopy.visual.image.ImageStim'>, anchor=('center', 'center'), autoLog=True, color=array([1., 1., 1.]), colorSpace='rgb', contrast=1.0, depth=-7.0, flipHoriz=False, flipVert=False, image='images/drossel.png', interpolate=True, mask=None, maskParams=None, name='call2', opacity=1.0, ori=0.0, pos=array([-0.4       ,  0.10416667]), size=array([0.18, 0.18]), texRes=128, units='height', win=Window(...))
10.6851 	EXP 	Created call3 = ImageStim(__class__=<class 'psychopy.visual.image.ImageStim'>, anchor=('center', 'center'), autoLog=True, color=array([1., 1., 1.]), colorSpace='rgb', contrast=1.0, depth=-8.0, flipHoriz=False, flipVert=False, image='images/tiger.png', interpolate=True, mask=None, maskParams=None, name='call3', opacity=1.0, ori=0.0, pos=array([-0.4       , -0.10416667]), size=array([0.18, 0.18]), texRes=128, units='height', win=Window(...))
10.6993 	EXP 	Created call4 = ImageStim(__class__=<class 'psychopy.visual.image.ImageStim'>, anchor=('center', 'center'), autoLog=True, color=array([1., 1., 1.]), colorSpace='rgb', contrast=1.0, depth=-9.0, flipHoriz=False, flipVert=False, image='images/unke.png', interpolate=True, mask=None, maskParams=None, name='call4', opacity=1.0, ori=0.0, pos=array([-0.4   , -0.3125]), size=array([0.18, 0.18]), texRes=128, units='height', win=Window(...))
10.7118 	EXP 	Created colour1 = ImageStim(__class__=<class 'psychopy.visual.image.ImageStim'>, anchor=('center', 'center'), autoLog=True, color=array([1., 1., 1.]), colorSpace='rgb', contrast=1.0, depth=-10.0, flipHoriz=False, flipVert=False, image='images/gelb.png', interpolate=True, mask=None, maskParams=None, name='colour1', opacity=1.0, ori=0.0, pos=array([0.    , 0.3125]), size=array([0.18, 0.18]), texRes=128, units='height', win=Window(...))
10.7244 	EXP 	Created colour2 = ImageStim(__class__=<class 'psychopy.visual.image.ImageStim'>, anchor=('center', 'center'), autoLog=True, color=array([1., 1., 1.]), colorSpace='rgb', contrast=1.0, depth=-11.0, flipHoriz=False, flipVert=False, image='images/gruen.png', interpolate=True, mask=None, maskParams=None, name='colour2', opacity=1.0, ori=0.0, pos=array([0.        , 0.10416667]), size=array([0.18, 0.18]), texRes=128, units='height', win=Window(...))
10.7370 	EXP 	Created colour3 = ImageStim(__class__=<class 'psychopy.visual.image.ImageStim'>, anchor=('center', 'center'), autoLog=True, color=array([1., 1., 1.]), colorSpace='rgb', contrast=1.0, depth=-12.0, flipHoriz=False, flipVert=False, image='images/rot.png', interpolate=True, mask=None, maskParams=None, name='colour3', opacity=1.0, ori=0.0, pos=array([ 0.        , -0.10416667]), size=array([0.18, 0.18]), texRes=128, units='height', win=Window(...))
10.7507 	EXP 	Created colour4 = ImageStim(__class__=<class 'psychopy.visual.image.ImageStim'>, anchor=('center', 'center'), autoLog=True, color=array([1., 1., 1.]), colorSpace='rgb', contrast=1.0, depth=-13.0, flipHoriz=False, flipVert=False, image='images/weiss.png', interpolate=True, mask=None, maskParams=None, name='colour4', opacity=1.0, ori=0.0, pos=array([ 0.    , -0.3125]), size=array([0.18, 0.18]), texRes=128, units='height', win=Window(...))
10.7641 	EXP 	Created number1 = ImageStim(__class__=<class 'psychopy.visual.image.ImageStim'>, anchor=('center', 'center'), autoLog=True, color=array([1., 1., 1.]), colorSpace='rgb', contrast=1.0, depth=-14.0, flipHoriz=False, flipVert=False, image='images/1.png', interpolate=True, mask=None, maskParams=None, name='number1', opacity=1.0, ori=0.0, pos=array([0.4   , 0.3125]), size=array([0.18, 0.18]), texRes=128, units='height', win=Window(...))
10.7783 	EXP 	Created number2 = ImageStim(__class__=<class 'psychopy.visual.image.ImageStim'>, anchor=('center', 'center'), autoLog=True, color=array([1., 1., 1.]), colorSpace='rgb', contrast=1.0, depth=-15.0, flipHoriz=False, flipVert=False, image='images/2.png', interpolate=True, mask=None, maskParams=None, name='number2', opacity=1.0, ori=0.0, pos=array([0.4       , 0.10416667]), size=array([0.18, 0.18]), texRes=128, units='height', win=Window(...))
10.7921 	EXP 	Created number3 = ImageStim(__class__=<class 'psychopy.visual.image.ImageStim'>, anchor=('center', 'center'), autoLog=True, color=array([1., 1., 1.]), colorSpace='rgb', contrast=1.0, depth=-16.0, flipHoriz=False, flipVert=False, image='images/3.png', interpolate=True, mask=None, maskParams=None, name='number3', opacity=1.0, ori=0.0, pos=array([ 0.4       , -0.10416667]), size=array([0.18, 0.18]), texRes=128, units='height', win=Window(...))
10.8047 	EXP 	Created number4 = ImageStim(__class__=<class 'psychopy.visual.image.ImageStim'>, anchor=('center', 'center'), autoLog=True, color=array([1., 1., 1.]), colorSpace='rgb', contrast=1.0, depth=-17.0, flipHoriz=False, flipVert=False, image='images/4.png', interpolate=True, mask=None, maskParams=None, name='number4', opacity=1.0, ori=0.0, pos=array([ 0.4   , -0.3125]), size=array([0.18, 0.18]), texRes=128, units='height', win=Window(...))
10.8048 	EXP 	window1: mouseVisible = True
10.8049 	EXP 	window1: mouseVisible = True
10.8049 	EXP 	window1: mouseVisible = True
10.8186 	EXP 	Created blankScreenAfterResponse = ImageStim(__class__=<class 'psychopy.visual.image.ImageStim'>, anchor=('center', 'center'), autoLog=True, color=array([1., 1., 1.]), colorSpace='rgb', contrast=1.0, depth=-26.0, flipHoriz=False, flipVert=False, image='images/blankScreen.png', interpolate=True, mask=None, maskParams=None, name='blankScreenAfterResponse', opacity=1.0, ori=0.0, pos=array([0., 0.]), size=array([1920., 1080.]), texRes=128, units='height', win=Window(...))
10.8236 	EXP 	Created shortPauseText = TextStim(__class__=<class 'psychopy.visual.text.TextStim'>, alignHoriz=method-wrapper(...), alignText='center', alignVert=method-wrapper(...), anchorHoriz='center', anchorVert='center', antialias=True, autoDraw=False, autoLog=True, bold=False, color=array([1., 1., 1.]), colorSpace='rgb', contrast=1.0, depth=0.0, flipHoriz=False, flipVert=False, font='Arial', fontFiles=[], height=0.04, italic=False, languageStyle='LTR', name='shortPauseText', opacity=1.0, ori=0, pos=array([0., 0.]), rgb=UNKNOWN, text=str(...), units='height', win=Window(...), wrapWidth=1)
10.8965 	EXP 	Sound shortPauseTone set volume 1.000
10.9111 	EXP 	Created waitAfterTone = ImageStim(__class__=<class 'psychopy.visual.image.ImageStim'>, anchor=('center', 'center'), autoLog=True, color=array([1., 1., 1.]), colorSpace='rgb', contrast=1.0, depth=-3.0, flipHoriz=False, flipVert=False, image='images/blankScreen.png', interpolate=True, mask=None, maskParams=None, name='waitAfterTone', opacity=1.0, ori=0.0, pos=array([0., 0.]), size=array([1920., 1080.]), texRes=128, units='height', win=Window(...))
10.9194 	EXP 	Created longPauseText = TextStim(__class__=<class 'psychopy.visual.text.TextStim'>, alignHoriz=method-wrapper(...), alignText='center', alignVert=method-wrapper(...), anchorHoriz='center', anchorVert='center', antialias=True, autoDraw=False, autoLog=True, bold=False, color=array([1., 1., 1.]), colorSpace='rgb', contrast=1.0, depth=0.0, flipHoriz=False, flipVert=False, font='Arial', fontFiles=[], height=0.04, italic=False, languageStyle='LTR', name='longPauseText', opacity=1.0, ori=0, pos=array([0., 0.]), rgb=UNKNOWN, text=str(...), units='height', win=Window(...), wrapWidth=1)
10.9335 	EXP 	Created blankScreen = ImageStim(__class__=<class 'psychopy.visual.image.ImageStim'>, anchor=('center', 'center'), autoLog=True, color=array([1., 1., 1.]), colorSpace='rgb', contrast=1.0, depth=-5.0, flipHoriz=False, flipVert=False, image='images/blankScreen.png', interpolate=True, mask=None, maskParams=None, name='blankScreen', opacity=1.0, ori=0.0, pos=array([0., 0.]), size=array([1920., 1080.]), texRes=128, units='height', win=Window(...))
10.9465 	EXP 	Created call1 = ImageStim(__class__=<class 'psychopy.visual.image.ImageStim'>, anchor=('center', 'center'), autoLog=True, color=array([1., 1., 1.]), colorSpace='rgb', contrast=1.0, depth=-6.0, flipHoriz=False, flipVert=False, image='images/adler.png', interpolate=True, mask=None, maskParams=None, name='call1', opacity=1.0, ori=0.0, pos=array([-0.4   ,  0.3125]), size=array([0.18, 0.18]), texRes=128, units='height', win=Window(...))
10.9597 	EXP 	Created call2 = ImageStim(__class__=<class 'psychopy.visual.image.ImageStim'>, anchor=('center', 'center'), autoLog=True, color=array([1., 1., 1.]), colorSpace='rgb', contrast=1.0, depth=-7.0, flipHoriz=False, flipVert=False, image='images/drossel.png', interpolate=True, mask=None, maskParams=None, name='call2', opacity=1.0, ori=0.0, pos=array([-0.4       ,  0.10416667]), size=array([0.18, 0.18]), texRes=128, units='height', win=Window(...))
10.9725 	EXP 	Created call3 = ImageStim(__class__=<class 'psychopy.visual.image.ImageStim'>, anchor=('center', 'center'), autoLog=True, color=array([1., 1., 1.]), colorSpace='rgb', contrast=1.0, depth=-8.0, flipHoriz=False, flipVert=False, image='images/tiger.png', interpolate=True, mask=None, maskParams=None, name='call3', opacity=1.0, ori=0.0, pos=array([-0.4       , -0.10416667]), size=array([0.18, 0.18]), texRes=128, units='height', win=Window(...))
10.9858 	EXP 	Created call4 = ImageStim(__class__=<class 'psychopy.visual.image.ImageStim'>, anchor=('center', 'center'), autoLog=True, color=array([1., 1., 1.]), colorSpace='rgb', contrast=1.0, depth=-9.0, flipHoriz=False, flipVert=False, image='images/unke.png', interpolate=True, mask=None, maskParams=None, name='call4', opacity=1.0, ori=0.0, pos=array([-0.4   , -0.3125]), size=array([0.18, 0.18]), texRes=128, units='height', win=Window(...))
10.9989 	EXP 	Created colour1 = ImageStim(__class__=<class 'psychopy.visual.image.ImageStim'>, anchor=('center', 'center'), autoLog=True, color=array([1., 1., 1.]), colorSpace='rgb', contrast=1.0, depth=-10.0, flipHoriz=False, flipVert=False, image='images/gelb.png', interpolate=True, mask=None, maskParams=None, name='colour1', opacity=1.0, ori=0.0, pos=array([0.    , 0.3125]), size=array([0.18, 0.18]), texRes=128, units='height', win=Window(...))
11.0108 	EXP 	Created colour2 = ImageStim(__class__=<class 'psychopy.visual.image.ImageStim'>, anchor=('center', 'center'), autoLog=True, color=array([1., 1., 1.]), colorSpace='rgb', contrast=1.0, depth=-11.0, flipHoriz=False, flipVert=False, image='images/gruen.png', interpolate=True, mask=None, maskParams=None, name='colour2', opacity=1.0, ori=0.0, pos=array([0.        , 0.10416667]), size=array([0.18, 0.18]), texRes=128, units='height', win=Window(...))
11.0231 	EXP 	Created colour3 = ImageStim(__class__=<class 'psychopy.visual.image.ImageStim'>, anchor=('center', 'center'), autoLog=True, color=array([1., 1., 1.]), colorSpace='rgb', contrast=1.0, depth=-12.0, flipHoriz=False, flipVert=False, image='images/rot.png', interpolate=True, mask=None, maskParams=None, name='colour3', opacity=1.0, ori=0.0, pos=array([ 0.        , -0.10416667]), size=array([0.18, 0.18]), texRes=128, units='height', win=Window(...))
11.0356 	EXP 	Created colour4 = ImageStim(__class__=<class 'psychopy.visual.image.ImageStim'>, anchor=('center', 'center'), autoLog=True, color=array([1., 1., 1.]), colorSpace='rgb', contrast=1.0, depth=-13.0, flipHoriz=False, flipVert=False, image='images/weiss.png', interpolate=True, mask=None, maskParams=None, name='colour4', opacity=1.0, ori=0.0, pos=array([ 0.    , -0.3125]), size=array([0.18, 0.18]), texRes=128, units='height', win=Window(...))
11.0485 	EXP 	Created number1 = ImageStim(__class__=<class 'psychopy.visual.image.ImageStim'>, anchor=('center', 'center'), autoLog=True, color=array([1., 1., 1.]), colorSpace='rgb', contrast=1.0, depth=-14.0, flipHoriz=False, flipVert=False, image='images/1.png', interpolate=True, mask=None, maskParams=None, name='number1', opacity=1.0, ori=0.0, pos=array([0.4   , 0.3125]), size=array([0.18, 0.18]), texRes=128, units='height', win=Window(...))
11.0686 	EXP 	Created number2 = ImageStim(__class__=<class 'psychopy.visual.image.ImageStim'>, anchor=('center', 'center'), autoLog=True, color=array([1., 1., 1.]), colorSpace='rgb', contrast=1.0, depth=-15.0, flipHoriz=False, flipVert=False, image='images/2.png', interpolate=True, mask=None, maskParams=None, name='number2', opacity=1.0, ori=0.0, pos=array([0.4       , 0.10416667]), size=array([0.18, 0.18]), texRes=128, units='height', win=Window(...))
11.0857 	EXP 	Created number3 = ImageStim(__class__=<class 'psychopy.visual.image.ImageStim'>, anchor=('center', 'center'), autoLog=True, color=array([1., 1., 1.]), colorSpace='rgb', contrast=1.0, depth=-16.0, flipHoriz=False, flipVert=False, image='images/3.png', interpolate=True, mask=None, maskParams=None, name='number3', opacity=1.0, ori=0.0, pos=array([ 0.4       , -0.10416667]), size=array([0.18, 0.18]), texRes=128, units='height', win=Window(...))
11.1016 	EXP 	Created number4 = ImageStim(__class__=<class 'psychopy.visual.image.ImageStim'>, anchor=('center', 'center'), autoLog=True, color=array([1., 1., 1.]), colorSpace='rgb', contrast=1.0, depth=-17.0, flipHoriz=False, flipVert=False, image='images/4.png', interpolate=True, mask=None, maskParams=None, name='number4', opacity=1.0, ori=0.0, pos=array([ 0.4   , -0.3125]), size=array([0.18, 0.18]), texRes=128, units='height', win=Window(...))
11.1016 	EXP 	window1: mouseVisible = True
11.1017 	EXP 	window1: mouseVisible = True
11.1017 	EXP 	window1: mouseVisible = True
11.1148 	EXP 	Created blankScreenAfterResponse = ImageStim(__class__=<class 'psychopy.visual.image.ImageStim'>, anchor=('center', 'center'), autoLog=True, color=array([1., 1., 1.]), colorSpace='rgb', contrast=1.0, depth=-26.0, flipHoriz=False, flipVert=False, image='images/blankScreen.png', interpolate=True, mask=None, maskParams=None, name='blankScreenAfterResponse', opacity=1.0, ori=0.0, pos=array([0., 0.]), size=array([1920., 1080.]), texRes=128, units='height', win=Window(...))
11.1192 	EXP 	Created shortPauseText = TextStim(__class__=<class 'psychopy.visual.text.TextStim'>, alignHoriz=method-wrapper(...), alignText='center', alignVert=method-wrapper(...), anchorHoriz='center', anchorVert='center', antialias=True, autoDraw=False, autoLog=True, bold=False, color=array([1., 1., 1.]), colorSpace='rgb', contrast=1.0, depth=0.0, flipHoriz=False, flipVert=False, font='Arial', fontFiles=[], height=0.04, italic=False, languageStyle='LTR', name='shortPauseText', opacity=1.0, ori=0, pos=array([0., 0.]), rgb=UNKNOWN, text=str(...), units='height', win=Window(...), wrapWidth=1)
11.1228 	EXP 	Sound shortPauseTone set volume 1.000
11.1365 	EXP 	Created waitAfterTone = ImageStim(__class__=<class 'psychopy.visual.image.ImageStim'>, anchor=('center', 'center'), autoLog=True, color=array([1., 1., 1.]), colorSpace='rgb', contrast=1.0, depth=-3.0, flipHoriz=False, flipVert=False, image='images/blankScreen.png', interpolate=True, mask=None, maskParams=None, name='waitAfterTone', opacity=1.0, ori=0.0, pos=array([0., 0.]), size=array([1920., 1080.]), texRes=128, units='height', win=Window(...))
11.1434 	EXP 	Created thanksText = TextStim(__class__=<class 'psychopy.visual.text.TextStim'>, alignHoriz=method-wrapper(...), alignText='center', alignVert=method-wrapper(...), anchorHoriz='center', anchorVert='center', antialias=True, autoDraw=False, autoLog=True, bold=False, color=array([1., 1., 1.]), colorSpace='rgb', contrast=1.0, depth=0.0, flipHoriz=False, flipVert=False, font='Arial', fontFiles=[], height=0.04, italic=False, languageStyle='LTR', name='thanksText', opacity=1.0, ori=0, pos=array([0., 0.]), rgb=UNKNOWN, text=str(...), units='height', win=Window(...), wrapWidth=1)
11.1434 	EXP 	window1: mouseVisible = False
11.1590 	EXP 	instrExposureText: autoDraw = True
12.9761 	EXP 	Imported exposureStimuliList.xlsx as conditions, 10 conditions, 5 params
12.9765 	EXP 	Created sequence: sequential, trialTypes=10, nReps=1, seed=None
12.9768 	EXP 	New trial (rep=0, index=0): {'audioFile': 'audio/zh_sp01_Ad_Ge_1.wav', 'speaker': 'sp01', 'callSign': 'Ad', 'colour': 'Ge', 'number': 1}
13.0930 	EXP 	instrExposureText: autoDraw = False
16.4300 	EXP 	waitAfterSound: autoDraw = True
18.4142 	EXP 	New trial (rep=0, index=1): {'audioFile': 'audio/zh_sp01_Dr_Gr_2.wav', 'speaker': 'sp01', 'callSign': 'Dr', 'colour': 'Gr', 'number': 2}
18.5152 	EXP 	waitAfterSound: autoDraw = False
18.5152 	EXP 	waitAfterSound: autoDraw = False
21.9408 	EXP 	waitAfterSound: autoDraw = True
23.9357 	EXP 	New trial (rep=0, index=2): {'audioFile': 'audio/zh_sp07_Ti_Ro_3.wav', 'speaker': 'sp07', 'callSign': 'Ti', 'colour': 'Ro', 'number': 3}
24.0265 	EXP 	waitAfterSound: autoDraw = False
24.0265 	EXP 	waitAfterSound: autoDraw = False
26.6394 	EXP 	waitAfterSound: autoDraw = True
28.6591 	EXP 	New trial (rep=0, index=3): {'audioFile': 'audio/zh_sp07_Un_We_4.wav', 'speaker': 'sp07', 'callSign': 'Un', 'colour': 'We', 'number': 4}
28.8261 	EXP 	waitAfterSound: autoDraw = False
28.8261 	EXP 	waitAfterSound: autoDraw = False
31.4655 	EXP 	waitAfterSound: autoDraw = True
33.4629 	EXP 	New trial (rep=0, index=4): {'audioFile': None, 'speaker': None, 'callSign': None, 'colour': None, 'number': None}
33.4789 	EXP 	waitAfterSound: autoDraw = False
33.4789 	EXP 	waitAfterSound: autoDraw = False
36.1135 	EXP 	waitAfterSound: autoDraw = True
38.1048 	EXP 	New trial (rep=0, index=5): {'audioFile': None, 'speaker': None, 'callSign': None, 'colour': None, 'number': None}
38.1178 	EXP 	waitAfterSound: autoDraw = False
38.1178 	EXP 	waitAfterSound: autoDraw = False
40.7643 	EXP 	waitAfterSound: autoDraw = True
42.7538 	EXP 	New trial (rep=0, index=6): {'audioFile': None, 'speaker': None, 'callSign': None, 'colour': None, 'number': None}
42.7693 	EXP 	waitAfterSound: autoDraw = False
42.7693 	EXP 	waitAfterSound: autoDraw = False
45.3885 	EXP 	waitAfterSound: autoDraw = True
47.3747 	EXP 	New trial (rep=0, index=7): {'audioFile': None, 'speaker': None, 'callSign': None, 'colour': None, 'number': None}
47.3900 	EXP 	waitAfterSound: autoDraw = False
47.3900 	EXP 	waitAfterSound: autoDraw = False
50.0146 	EXP 	waitAfterSound: autoDraw = True
52.0000 	EXP 	New trial (rep=0, index=8): {'audioFile': None, 'speaker': None, 'callSign': None, 'colour': None, 'number': None}
52.0131 	EXP 	waitAfterSound: autoDraw = False
52.0131 	EXP 	waitAfterSound: autoDraw = False
54.6516 	EXP 	waitAfterSound: autoDraw = True
56.6370 	EXP 	New trial (rep=0, index=9): {'audioFile': None, 'speaker': None, 'callSign': None, 'colour': None, 'number': None}
56.6504 	EXP 	waitAfterSound: autoDraw = False
56.6504 	EXP 	waitAfterSound: autoDraw = False
59.2893 	EXP 	waitAfterSound: autoDraw = True
61.2752 	EXP 	window1: mouseVisible = False
61.2880 	EXP 	waitAfterSound: autoDraw = False
61.2880 	EXP 	waitAfterSound: autoDraw = False
61.2880 	EXP 	instrTrainText: autoDraw = True
65.8963 	DATA 	Mouse: Left button down, pos=(1424,238)
65.9779 	DATA 	Mouse:  Left button up, pos=(1424,238)
66.3935 	EXP 	Imported trainingStimuliList.xlsx as conditions, 10 conditions, 7 params
66.3938 	EXP 	Created sequence: sequential, trialTypes=10, nReps=1, seed=None
66.3941 	EXP 	New trial (rep=0, index=0): {'videoFile': 'video/Training/zh_sp01_Ad_We_4_NVocInAudio_NoVideo.avi', 'condition': 'vocoded', 'video': 'noVideo', 'speaker': 'sp01', 'callSign': 'Ad', 'colour': 'We', 'number': 4}
66.8491 	EXP 	Created videoStimulus = MovieStim3(__class__=<class 'psychopy.visual.movie3.MovieStim3'>, anchor=('center', 'center'), autoLog=True, color=UNKNOWN, colorSpace=UNKNOWN, depth=-4.0, filename=str(...), flipHoriz=False, flipVert=False, fps=UNKNOWN, interpolate=True, loop=False, name='videoStimulus', noAudio=False, opacity=1, ori=method-wrapper(...), pos=array([0., 0.]), size=None, units='norm', vframe_callback=UNKNOWN, volume=UNKNOWN, win=Window(...))
67.0676 	EXP 	window1: mouseVisible = True
