10.7518 	EXP 	Created window1 = Window(allowGUI=True, allowStencil=False, autoLog=True, backendConf=UNKNOWN, bitsMode=UNKNOWN, blendMode='avg', bpc=(8, 8, 8), color=array([0, 0, 0]), colorSpace='rgb', depthBits=8, fullscr=<method-wrapper '__getattribute__' of attributeSetter object at 0x0000017F0696C370>, gamma=None, gammaErrorPolicy='raise', lms=UNKNOWN, monitor=<psychopy.monitors.calibTools.Monitor object at 0x0000017F2D85CBB0>, multiSample=False, name='window1', numSamples=2, pos=(0, 0), screen=1, size=array([2560, 1440]), stencilBits=0, stereo=False, units='height', useFBO=True, useRetina=False, viewOri=0.0, viewPos=None, viewScale=None, waitBlanking=True, winType='pyglet')
10.7519 	EXP 	window1: mouseVisible = True
10.7520 	EXP 	window1: mouseVisible = False
10.7520 	EXP 	window1: Attempting to measure frame rate of screen (1) ...
10.7520 	EXP 	window1: recordFrameIntervals = False
10.9198 	EXP 	window1: recordFrameIntervals = True
11.1026 	EXP 	Screen (1) actual frame rate measured at 60.13Hz
11.1027 	EXP 	window1: recordFrameIntervals = False
12.7538 	EXP 	Created instrTrainText = TextStim(__class__=<class 'psychopy.visual.text.TextStim'>, alignHoriz=method-wrapper(...), alignText='center', alignVert=method-wrapper(...), anchorHoriz='center', anchorVert='center', antialias=True, autoDraw=False, autoLog=True, bold=False, color=array([1., 1., 1.]), colorSpace='rgb', contrast=1.0, depth=0.0, flipHoriz=False, flipVert=False, font='Arial', fontFiles=[], height=0.04, italic=False, languageStyle='LTR', name='instrTrainText', opacity=1.0, ori=0, pos=array([0., 0.]), rgb=UNKNOWN, text=str(...), units='height', win=Window(...), wrapWidth=1.5)
12.7729 	EXP 	Created blankScreen = ImageStim(__class__=<class 'psychopy.visual.image.ImageStim'>, anchor=('center', 'center'), autoLog=True, color=array([1., 1., 1.]), colorSpace='rgb', contrast=1.0, depth=-4.0, flipHoriz=False, flipVert=False, image='images/blankScreen.png', interpolate=True, mask=None, maskParams=None, name='blankScreen', opacity=1.0, ori=0.0, pos=array([0., 0.]), size=array([1920., 1080.]), texRes=128, units='height', win=Window(...))
12.8606 	EXP 	Created call1 = ImageStim(__class__=<class 'psychopy.visual.image.ImageStim'>, anchor=('center', 'center'), autoLog=True, color=array([1., 1., 1.]), colorSpace='rgb', contrast=1.0, depth=-5.0, flipHoriz=False, flipVert=False, image='images/adler.png', interpolate=True, mask=None, maskParams=None, name='call1', opacity=1.0, ori=0.0, pos=array([-0.4   ,  0.3125]), size=array([0.18, 0.18]), texRes=128, units='height', win=Window(...))
12.9458 	EXP 	Created call2 = ImageStim(__class__=<class 'psychopy.visual.image.ImageStim'>, anchor=('center', 'center'), autoLog=True, color=array([1., 1., 1.]), colorSpace='rgb', contrast=1.0, depth=-6.0, flipHoriz=False, flipVert=False, image='images/drossel.png', interpolate=True, mask=None, maskParams=None, name='call2', opacity=1.0, ori=0.0, pos=array([-0.4       ,  0.10416667]), size=array([0.18, 0.18]), texRes=128, units='height', win=Window(...))
13.0296 	EXP 	Created call3 = ImageStim(__class__=<class 'psychopy.visual.image.ImageStim'>, anchor=('center', 'center'), autoLog=True, color=array([1., 1., 1.]), colorSpace='rgb', contrast=1.0, depth=-7.0, flipHoriz=False, flipVert=False, image='images/tiger.png', interpolate=True, mask=None, maskParams=None, name='call3', opacity=1.0, ori=0.0, pos=array([-0.4       , -0.10416667]), size=array([0.18, 0.18]), texRes=128, units='height', win=Window(...))
13.1161 	EXP 	Created call4 = ImageStim(__class__=<class 'psychopy.visual.image.ImageStim'>, anchor=('center', 'center'), autoLog=True, color=array([1., 1., 1.]), colorSpace='rgb', contrast=1.0, depth=-8.0, flipHoriz=False, flipVert=False, image='images/unke.png', interpolate=True, mask=None, maskParams=None, name='call4', opacity=1.0, ori=0.0, pos=array([-0.4   , -0.3125]), size=array([0.18, 0.18]), texRes=128, units='height', win=Window(...))
13.1352 	EXP 	Created colour1 = ImageStim(__class__=<class 'psychopy.visual.image.ImageStim'>, anchor=('center', 'center'), autoLog=True, color=array([1., 1., 1.]), colorSpace='rgb', contrast=1.0, depth=-9.0, flipHoriz=False, flipVert=False, image='images/gelb.png', interpolate=True, mask=None, maskParams=None, name='colour1', opacity=1.0, ori=0.0, pos=array([0.    , 0.3125]), size=array([0.18, 0.18]), texRes=128, units='height', win=Window(...))
13.1540 	EXP 	Created colour2 = ImageStim(__class__=<class 'psychopy.visual.image.ImageStim'>, anchor=('center', 'center'), autoLog=True, color=array([1., 1., 1.]), colorSpace='rgb', contrast=1.0, depth=-10.0, flipHoriz=False, flipVert=False, image='images/gruen.png', interpolate=True, mask=None, maskParams=None, name='colour2', opacity=1.0, ori=0.0, pos=array([0.        , 0.10416667]), size=array([0.18, 0.18]), texRes=128, units='height', win=Window(...))
13.1718 	EXP 	Created colour3 = ImageStim(__class__=<class 'psychopy.visual.image.ImageStim'>, anchor=('center', 'center'), autoLog=True, color=array([1., 1., 1.]), colorSpace='rgb', contrast=1.0, depth=-11.0, flipHoriz=False, flipVert=False, image='images/rot.png', interpolate=True, mask=None, maskParams=None, name='colour3', opacity=1.0, ori=0.0, pos=array([ 0.        , -0.10416667]), size=array([0.18, 0.18]), texRes=128, units='height', win=Window(...))
13.1947 	EXP 	Created colour4 = ImageStim(__class__=<class 'psychopy.visual.image.ImageStim'>, anchor=('center', 'center'), autoLog=True, color=array([1., 1., 1.]), colorSpace='rgb', contrast=1.0, depth=-12.0, flipHoriz=False, flipVert=False, image='images/weiss.png', interpolate=True, mask=None, maskParams=None, name='colour4', opacity=1.0, ori=0.0, pos=array([ 0.    , -0.3125]), size=array([0.18, 0.18]), texRes=128, units='height', win=Window(...))
13.2134 	EXP 	Created number1 = ImageStim(__class__=<class 'psychopy.visual.image.ImageStim'>, anchor=('center', 'center'), autoLog=True, color=array([1., 1., 1.]), colorSpace='rgb', contrast=1.0, depth=-13.0, flipHoriz=False, flipVert=False, image='images/1.png', interpolate=True, mask=None, maskParams=None, name='number1', opacity=1.0, ori=0.0, pos=array([0.4   , 0.3125]), size=array([0.18, 0.18]), texRes=128, units='height', win=Window(...))
13.2307 	EXP 	Created number2 = ImageStim(__class__=<class 'psychopy.visual.image.ImageStim'>, anchor=('center', 'center'), autoLog=True, color=array([1., 1., 1.]), colorSpace='rgb', contrast=1.0, depth=-14.0, flipHoriz=False, flipVert=False, image='images/2.png', interpolate=True, mask=None, maskParams=None, name='number2', opacity=1.0, ori=0.0, pos=array([0.4       , 0.10416667]), size=array([0.18, 0.18]), texRes=128, units='height', win=Window(...))
13.2489 	EXP 	Created number3 = ImageStim(__class__=<class 'psychopy.visual.image.ImageStim'>, anchor=('center', 'center'), autoLog=True, color=array([1., 1., 1.]), colorSpace='rgb', contrast=1.0, depth=-15.0, flipHoriz=False, flipVert=False, image='images/3.png', interpolate=True, mask=None, maskParams=None, name='number3', opacity=1.0, ori=0.0, pos=array([ 0.4       , -0.10416667]), size=array([0.18, 0.18]), texRes=128, units='height', win=Window(...))
13.2667 	EXP 	Created number4 = ImageStim(__class__=<class 'psychopy.visual.image.ImageStim'>, anchor=('center', 'center'), autoLog=True, color=array([1., 1., 1.]), colorSpace='rgb', contrast=1.0, depth=-16.0, flipHoriz=False, flipVert=False, image='images/4.png', interpolate=True, mask=None, maskParams=None, name='number4', opacity=1.0, ori=0.0, pos=array([ 0.4   , -0.3125]), size=array([0.18, 0.18]), texRes=128, units='height', win=Window(...))
13.2670 	EXP 	window1: mouseVisible = True
13.2671 	EXP 	window1: mouseVisible = True
13.2671 	EXP 	window1: mouseVisible = True
13.2803 	EXP 	Created blankScreenAfterResponse = ImageStim(__class__=<class 'psychopy.visual.image.ImageStim'>, anchor=('center', 'center'), autoLog=True, color=array([1., 1., 1.]), colorSpace='rgb', contrast=1.0, depth=-25.0, flipHoriz=False, flipVert=False, image='images/blankScreen.png', interpolate=True, mask=None, maskParams=None, name='blankScreenAfterResponse', opacity=1.0, ori=0.0, pos=array([0., 0.]), size=array([1920., 1080.]), texRes=128, units='height', win=Window(...))
13.2912 	EXP 	Created instrExpText = TextStim(__class__=<class 'psychopy.visual.text.TextStim'>, alignHoriz=method-wrapper(...), alignText='center', alignVert=method-wrapper(...), anchorHoriz='center', anchorVert='center', antialias=True, autoDraw=False, autoLog=True, bold=False, color=array([1., 1., 1.]), colorSpace='rgb', contrast=1.0, depth=0.0, flipHoriz=False, flipVert=False, font='Arial', fontFiles=[], height=0.04, italic=False, languageStyle='LTR', name='instrExpText', opacity=1.0, ori=0, pos=array([0., 0.]), rgb=UNKNOWN, text=str(...), units='height', win=Window(...), wrapWidth=1)
13.3058 	EXP 	Created blankScreen = ImageStim(__class__=<class 'psychopy.visual.image.ImageStim'>, anchor=('center', 'center'), autoLog=True, color=array([1., 1., 1.]), colorSpace='rgb', contrast=1.0, depth=-4.0, flipHoriz=False, flipVert=False, image='images/blankScreen.png', interpolate=True, mask=None, maskParams=None, name='blankScreen', opacity=1.0, ori=0.0, pos=array([0., 0.]), size=array([1920., 1080.]), texRes=128, units='height', win=Window(...))
13.3189 	EXP 	Created call1 = ImageStim(__class__=<class 'psychopy.visual.image.ImageStim'>, anchor=('center', 'center'), autoLog=True, color=array([1., 1., 1.]), colorSpace='rgb', contrast=1.0, depth=-5.0, flipHoriz=False, flipVert=False, image='images/adler.png', interpolate=True, mask=None, maskParams=None, name='call1', opacity=1.0, ori=0.0, pos=array([-0.4   ,  0.3125]), size=array([0.18, 0.18]), texRes=128, units='height', win=Window(...))
13.3332 	EXP 	Created call2 = ImageStim(__class__=<class 'psychopy.visual.image.ImageStim'>, anchor=('center', 'center'), autoLog=True, color=array([1., 1., 1.]), colorSpace='rgb', contrast=1.0, depth=-6.0, flipHoriz=False, flipVert=False, image='images/drossel.png', interpolate=True, mask=None, maskParams=None, name='call2', opacity=1.0, ori=0.0, pos=array([-0.4       ,  0.10416667]), size=array([0.18, 0.18]), texRes=128, units='height', win=Window(...))
13.3470 	EXP 	Created call3 = ImageStim(__class__=<class 'psychopy.visual.image.ImageStim'>, anchor=('center', 'center'), autoLog=True, color=array([1., 1., 1.]), colorSpace='rgb', contrast=1.0, depth=-7.0, flipHoriz=False, flipVert=False, image='images/tiger.png', interpolate=True, mask=None, maskParams=None, name='call3', opacity=1.0, ori=0.0, pos=array([-0.4       , -0.10416667]), size=array([0.18, 0.18]), texRes=128, units='height', win=Window(...))
13.3616 	EXP 	Created call4 = ImageStim(__class__=<class 'psychopy.visual.image.ImageStim'>, anchor=('center', 'center'), autoLog=True, color=array([1., 1., 1.]), colorSpace='rgb', contrast=1.0, depth=-8.0, flipHoriz=False, flipVert=False, image='images/unke.png', interpolate=True, mask=None, maskParams=None, name='call4', opacity=1.0, ori=0.0, pos=array([-0.4   , -0.3125]), size=array([0.18, 0.18]), texRes=128, units='height', win=Window(...))
13.3745 	EXP 	Created colour1 = ImageStim(__class__=<class 'psychopy.visual.image.ImageStim'>, anchor=('center', 'center'), autoLog=True, color=array([1., 1., 1.]), colorSpace='rgb', contrast=1.0, depth=-9.0, flipHoriz=False, flipVert=False, image='images/gelb.png', interpolate=True, mask=None, maskParams=None, name='colour1', opacity=1.0, ori=0.0, pos=array([0.    , 0.3125]), size=array([0.18, 0.18]), texRes=128, units='height', win=Window(...))
13.3885 	EXP 	Created colour2 = ImageStim(__class__=<class 'psychopy.visual.image.ImageStim'>, anchor=('center', 'center'), autoLog=True, color=array([1., 1., 1.]), colorSpace='rgb', contrast=1.0, depth=-10.0, flipHoriz=False, flipVert=False, image='images/gruen.png', interpolate=True, mask=None, maskParams=None, name='colour2', opacity=1.0, ori=0.0, pos=array([0.        , 0.10416667]), size=array([0.18, 0.18]), texRes=128, units='height', win=Window(...))
13.4019 	EXP 	Created colour3 = ImageStim(__class__=<class 'psychopy.visual.image.ImageStim'>, anchor=('center', 'center'), autoLog=True, color=array([1., 1., 1.]), colorSpace='rgb', contrast=1.0, depth=-11.0, flipHoriz=False, flipVert=False, image='images/rot.png', interpolate=True, mask=None, maskParams=None, name='colour3', opacity=1.0, ori=0.0, pos=array([ 0.        , -0.10416667]), size=array([0.18, 0.18]), texRes=128, units='height', win=Window(...))
13.4143 	EXP 	Created colour4 = ImageStim(__class__=<class 'psychopy.visual.image.ImageStim'>, anchor=('center', 'center'), autoLog=True, color=array([1., 1., 1.]), colorSpace='rgb', contrast=1.0, depth=-12.0, flipHoriz=False, flipVert=False, image='images/weiss.png', interpolate=True, mask=None, maskParams=None, name='colour4', opacity=1.0, ori=0.0, pos=array([ 0.    , -0.3125]), size=array([0.18, 0.18]), texRes=128, units='height', win=Window(...))
13.4273 	EXP 	Created number1 = ImageStim(__class__=<class 'psychopy.visual.image.ImageStim'>, anchor=('center', 'center'), autoLog=True, color=array([1., 1., 1.]), colorSpace='rgb', contrast=1.0, depth=-13.0, flipHoriz=False, flipVert=False, image='images/1.png', interpolate=True, mask=None, maskParams=None, name='number1', opacity=1.0, ori=0.0, pos=array([0.4   , 0.3125]), size=array([0.18, 0.18]), texRes=128, units='height', win=Window(...))
13.4400 	EXP 	Created number2 = ImageStim(__class__=<class 'psychopy.visual.image.ImageStim'>, anchor=('center', 'center'), autoLog=True, color=array([1., 1., 1.]), colorSpace='rgb', contrast=1.0, depth=-14.0, flipHoriz=False, flipVert=False, image='images/2.png', interpolate=True, mask=None, maskParams=None, name='number2', opacity=1.0, ori=0.0, pos=array([0.4       , 0.10416667]), size=array([0.18, 0.18]), texRes=128, units='height', win=Window(...))
13.4530 	EXP 	Created number3 = ImageStim(__class__=<class 'psychopy.visual.image.ImageStim'>, anchor=('center', 'center'), autoLog=True, color=array([1., 1., 1.]), colorSpace='rgb', contrast=1.0, depth=-15.0, flipHoriz=False, flipVert=False, image='images/3.png', interpolate=True, mask=None, maskParams=None, name='number3', opacity=1.0, ori=0.0, pos=array([ 0.4       , -0.10416667]), size=array([0.18, 0.18]), texRes=128, units='height', win=Window(...))
13.4658 	EXP 	Created number4 = ImageStim(__class__=<class 'psychopy.visual.image.ImageStim'>, anchor=('center', 'center'), autoLog=True, color=array([1., 1., 1.]), colorSpace='rgb', contrast=1.0, depth=-16.0, flipHoriz=False, flipVert=False, image='images/4.png', interpolate=True, mask=None, maskParams=None, name='number4', opacity=1.0, ori=0.0, pos=array([ 0.4   , -0.3125]), size=array([0.18, 0.18]), texRes=128, units='height', win=Window(...))
13.4659 	EXP 	window1: mouseVisible = True
13.4659 	EXP 	window1: mouseVisible = True
13.4659 	EXP 	window1: mouseVisible = True
13.4788 	EXP 	Created blankScreenAfterResponse = ImageStim(__class__=<class 'psychopy.visual.image.ImageStim'>, anchor=('center', 'center'), autoLog=True, color=array([1., 1., 1.]), colorSpace='rgb', contrast=1.0, depth=-25.0, flipHoriz=False, flipVert=False, image='images/blankScreen.png', interpolate=True, mask=None, maskParams=None, name='blankScreenAfterResponse', opacity=1.0, ori=0.0, pos=array([0., 0.]), size=array([1920., 1080.]), texRes=128, units='height', win=Window(...))
13.4867 	EXP 	Created thanksText = TextStim(__class__=<class 'psychopy.visual.text.TextStim'>, alignHoriz=method-wrapper(...), alignText='center', alignVert=method-wrapper(...), anchorHoriz='center', anchorVert='center', antialias=True, autoDraw=False, autoLog=True, bold=False, color=array([1., 1., 1.]), colorSpace='rgb', contrast=1.0, depth=0.0, flipHoriz=False, flipVert=False, font='Arial', fontFiles=[], height=0.04, italic=False, languageStyle='LTR', name='thanksText', opacity=1.0, ori=0, pos=array([0., 0.]), rgb=UNKNOWN, text=str(...), units='height', win=Window(...), wrapWidth=1)
13.4868 	EXP 	window1: mouseVisible = False
13.5170 	EXP 	instrTrainText: autoDraw = True
19.8087 	EXP 	Imported trainingStimuliList.xlsx as conditions, 10 conditions, 7 params
19.8092 	EXP 	Created sequence: sequential, trialTypes=10, nReps=1, seed=None
19.8095 	EXP 	New trial (rep=0, index=0): {'videoFile': 'audio/zh_sp01_Ad_Ge_1.wav', 'condition': 'vocoded', 'video': 'noVideo', 'speaker': 'sp01', 'callSign': 'Ad', 'colour': 'We', 'number': 4}
19.8479 	EXP 	window1: mouseVisible = False
19.8489 	DATA 	Keypress: space
19.8592 	EXP 	instrTrainText: autoDraw = False
19.8592 	EXP 	call1: texRes = 128
19.8592 	EXP 	call2: texRes = 128
19.8592 	EXP 	call3: texRes = 128
19.8592 	EXP 	call4: texRes = 128
19.8592 	EXP 	colour1: texRes = 128
19.8592 	EXP 	colour2: texRes = 128
19.8592 	EXP 	colour3: texRes = 128
19.8592 	EXP 	colour4: texRes = 128
19.8592 	EXP 	number1: texRes = 128
19.8592 	EXP 	number2: texRes = 128
19.8592 	EXP 	number3: texRes = 128
19.8592 	EXP 	number4: texRes = 128
19.8593 	EXP 	window1: mouseVisible = False
19.8759 	EXP 	blankScreen: autoDraw = True
19.8760 	EXP 	window1: mouseVisible = False
19.8935 	EXP 	window1: mouseVisible = False
19.9102 	EXP 	window1: mouseVisible = False
19.9266 	EXP 	window1: mouseVisible = False
19.9435 	EXP 	window1: mouseVisible = False
19.9602 	EXP 	window1: mouseVisible = False
19.9769 	EXP 	window1: mouseVisible = False
19.9936 	EXP 	window1: mouseVisible = False
20.0098 	EXP 	window1: mouseVisible = False
20.0267 	EXP 	window1: mouseVisible = False
20.0431 	EXP 	window1: mouseVisible = False
20.0603 	EXP 	window1: mouseVisible = False
20.0767 	EXP 	window1: mouseVisible = False
20.0931 	EXP 	window1: mouseVisible = False
20.1100 	EXP 	window1: mouseVisible = False
20.1268 	EXP 	window1: mouseVisible = False
20.1432 	EXP 	window1: mouseVisible = False
20.1601 	EXP 	window1: mouseVisible = False
20.1772 	EXP 	window1: mouseVisible = False
20.1935 	EXP 	window1: mouseVisible = False
20.2105 	EXP 	window1: mouseVisible = False
20.2268 	EXP 	window1: mouseVisible = False
20.2433 	EXP 	window1: mouseVisible = False
20.2602 	EXP 	window1: mouseVisible = False
20.2773 	EXP 	window1: mouseVisible = False
20.2935 	EXP 	window1: mouseVisible = False
20.3104 	EXP 	window1: mouseVisible = False
20.3272 	EXP 	window1: mouseVisible = False
20.3434 	EXP 	window1: mouseVisible = False
20.3603 	EXP 	window1: mouseVisible = False
20.3772 	EXP 	window1: mouseVisible = False
20.3934 	EXP 	window1: mouseVisible = False
20.4103 	EXP 	window1: mouseVisible = False
20.4274 	EXP 	window1: mouseVisible = False
20.4437 	EXP 	window1: mouseVisible = False
20.4603 	EXP 	window1: mouseVisible = False
20.4771 	EXP 	window1: mouseVisible = False
20.4935 	EXP 	window1: mouseVisible = False
20.5104 	EXP 	window1: mouseVisible = False
20.5274 	EXP 	window1: mouseVisible = False
20.5436 	EXP 	window1: mouseVisible = False
20.5604 	EXP 	window1: mouseVisible = False
20.5772 	EXP 	window1: mouseVisible = False
20.5940 	EXP 	window1: mouseVisible = False
20.6108 	EXP 	window1: mouseVisible = False
20.6279 	EXP 	window1: mouseVisible = False
20.6439 	EXP 	window1: mouseVisible = False
20.6606 	EXP 	window1: mouseVisible = False
20.6776 	EXP 	window1: mouseVisible = False
20.6937 	EXP 	window1: mouseVisible = False
20.7109 	EXP 	window1: mouseVisible = False
20.7274 	EXP 	window1: mouseVisible = False
20.7438 	EXP 	window1: mouseVisible = False
20.7610 	EXP 	window1: mouseVisible = False
20.7774 	EXP 	window1: mouseVisible = False
20.7939 	EXP 	window1: mouseVisible = False
20.8106 	EXP 	window1: mouseVisible = False
20.8270 	EXP 	window1: mouseVisible = False
20.8439 	EXP 	window1: mouseVisible = False
20.8608 	EXP 	window1: mouseVisible = False
20.8767 	EXP 	blankScreen: autoDraw = False
20.8767 	EXP 	call1: autoDraw = True
20.8767 	EXP 	call2: autoDraw = True
20.8767 	EXP 	call3: autoDraw = True
20.8767 	EXP 	call4: autoDraw = True
20.8767 	EXP 	colour1: autoDraw = True
20.8767 	EXP 	colour2: autoDraw = True
20.8767 	EXP 	colour3: autoDraw = True
20.8767 	EXP 	colour4: autoDraw = True
20.8767 	EXP 	number1: autoDraw = True
20.8767 	EXP 	number2: autoDraw = True
20.8767 	EXP 	number3: autoDraw = True
20.8767 	EXP 	number4: autoDraw = True
20.8768 	EXP 	window1: mouseVisible = False
20.8771 	EXP 	window1: mouseVisible = True
20.8939 	EXP 	window1: mouseVisible = False
20.8942 	EXP 	window1: mouseVisible = True
20.9112 	EXP 	window1: mouseVisible = False
20.9114 	EXP 	window1: mouseVisible = True
20.9282 	EXP 	window1: mouseVisible = False
20.9285 	EXP 	window1: mouseVisible = True
20.9434 	EXP 	window1: mouseVisible = False
20.9436 	EXP 	window1: mouseVisible = True
20.9610 	EXP 	window1: mouseVisible = False
20.9612 	EXP 	window1: mouseVisible = True
20.9782 	EXP 	window1: mouseVisible = False
20.9784 	EXP 	window1: mouseVisible = True
20.9940 	EXP 	window1: mouseVisible = False
20.9943 	EXP 	window1: mouseVisible = True
21.0111 	EXP 	window1: mouseVisible = False
21.0114 	EXP 	window1: mouseVisible = True
21.0282 	EXP 	window1: mouseVisible = False
21.0284 	EXP 	window1: mouseVisible = True
21.0435 	EXP 	window1: mouseVisible = False
21.0437 	EXP 	window1: mouseVisible = True
21.0612 	EXP 	window1: mouseVisible = False
21.0616 	EXP 	window1: mouseVisible = True
21.0780 	EXP 	window1: mouseVisible = False
21.0782 	EXP 	window1: mouseVisible = True
21.0936 	EXP 	window1: mouseVisible = False
21.0938 	EXP 	window1: mouseVisible = True
21.1111 	EXP 	window1: mouseVisible = False
21.1114 	EXP 	window1: mouseVisible = True
21.1274 	EXP 	window1: mouseVisible = False
21.1277 	EXP 	window1: mouseVisible = True
21.1443 	EXP 	window1: mouseVisible = False
21.1446 	EXP 	window1: mouseVisible = True
21.1610 	EXP 	window1: mouseVisible = False
21.1613 	EXP 	window1: mouseVisible = True
21.1775 	EXP 	window1: mouseVisible = False
21.1779 	EXP 	window1: mouseVisible = True
21.1938 	EXP 	window1: mouseVisible = False
21.1940 	EXP 	window1: mouseVisible = True
21.2111 	EXP 	window1: mouseVisible = False
21.2114 	EXP 	window1: mouseVisible = True
21.2274 	EXP 	window1: mouseVisible = False
21.2277 	EXP 	window1: mouseVisible = True
21.2437 	EXP 	window1: mouseVisible = False
21.2438 	EXP 	window1: mouseVisible = True
21.2609 	EXP 	window1: mouseVisible = False
21.2611 	EXP 	window1: mouseVisible = True
21.2778 	EXP 	window1: mouseVisible = False
21.2782 	EXP 	window1: mouseVisible = True
21.2939 	EXP 	window1: mouseVisible = False
21.2941 	EXP 	window1: mouseVisible = True
21.3110 	EXP 	window1: mouseVisible = False
21.3112 	EXP 	window1: mouseVisible = True
21.3275 	EXP 	window1: mouseVisible = False
21.3278 	EXP 	window1: mouseVisible = True
21.3444 	EXP 	window1: mouseVisible = False
21.3446 	EXP 	window1: mouseVisible = True
21.3612 	EXP 	window1: mouseVisible = False
21.3615 	EXP 	window1: mouseVisible = True
21.3775 	EXP 	window1: mouseVisible = False
21.3777 	EXP 	window1: mouseVisible = True
21.3941 	EXP 	window1: mouseVisible = False
21.3944 	EXP 	window1: mouseVisible = True
21.4106 	EXP 	window1: mouseVisible = False
21.4108 	EXP 	window1: mouseVisible = True
21.4271 	EXP 	window1: mouseVisible = False
21.4273 	EXP 	window1: mouseVisible = True
21.4443 	EXP 	window1: mouseVisible = False
21.4444 	EXP 	window1: mouseVisible = True
21.4608 	EXP 	window1: mouseVisible = False
21.4612 	EXP 	window1: mouseVisible = True
21.4777 	EXP 	window1: mouseVisible = False
21.4779 	EXP 	window1: mouseVisible = True
21.4945 	EXP 	window1: mouseVisible = False
21.4948 	EXP 	window1: mouseVisible = True
21.5107 	EXP 	window1: mouseVisible = False
21.5109 	EXP 	window1: mouseVisible = True
21.5278 	EXP 	window1: mouseVisible = False
21.5281 	EXP 	window1: mouseVisible = True
21.5447 	EXP 	window1: mouseVisible = False
21.5449 	EXP 	window1: mouseVisible = True
21.5613 	EXP 	window1: mouseVisible = False
21.5615 	EXP 	window1: mouseVisible = True
21.5779 	EXP 	window1: mouseVisible = False
21.5781 	EXP 	window1: mouseVisible = True
21.5948 	EXP 	window1: mouseVisible = False
21.5950 	EXP 	window1: mouseVisible = True
21.6113 	EXP 	window1: mouseVisible = False
21.6116 	EXP 	window1: mouseVisible = True
21.6276 	EXP 	window1: mouseVisible = False
21.6278 	EXP 	window1: mouseVisible = True
21.6442 	EXP 	window1: mouseVisible = False
21.6444 	EXP 	window1: mouseVisible = True
21.6611 	EXP 	window1: mouseVisible = False
21.6613 	EXP 	window1: mouseVisible = True
21.6774 	EXP 	window1: mouseVisible = False
21.6776 	EXP 	window1: mouseVisible = True
21.6947 	EXP 	window1: mouseVisible = False
21.6948 	EXP 	window1: mouseVisible = True
21.7110 	EXP 	window1: mouseVisible = False
21.7112 	EXP 	window1: mouseVisible = True
21.7277 	EXP 	window1: mouseVisible = False
21.7279 	EXP 	window1: mouseVisible = True
21.7441 	EXP 	window1: mouseVisible = False
21.7443 	EXP 	window1: mouseVisible = True
21.7609 	EXP 	window1: mouseVisible = False
21.7612 	EXP 	window1: mouseVisible = True
21.7778 	EXP 	window1: mouseVisible = False
21.7780 	EXP 	window1: mouseVisible = True
21.7949 	EXP 	window1: mouseVisible = False
21.7952 	EXP 	window1: mouseVisible = True
21.8112 	EXP 	window1: mouseVisible = False
21.8113 	EXP 	window1: mouseVisible = True
21.8279 	EXP 	window1: mouseVisible = False
21.8282 	EXP 	window1: mouseVisible = True
21.8442 	EXP 	window1: mouseVisible = False
21.8445 	EXP 	window1: mouseVisible = True
21.8613 	EXP 	window1: mouseVisible = False
21.8615 	EXP 	window1: mouseVisible = True
21.8777 	EXP 	window1: mouseVisible = False
21.8778 	EXP 	window1: mouseVisible = True
21.8943 	EXP 	window1: mouseVisible = False
21.8945 	EXP 	window1: mouseVisible = True
21.9110 	EXP 	window1: mouseVisible = False
21.9112 	EXP 	window1: mouseVisible = True
21.9278 	EXP 	window1: mouseVisible = False
21.9281 	EXP 	window1: mouseVisible = True
21.9444 	EXP 	window1: mouseVisible = False
21.9446 	EXP 	window1: mouseVisible = True
21.9616 	EXP 	window1: mouseVisible = False
21.9618 	EXP 	window1: mouseVisible = True
21.9779 	EXP 	window1: mouseVisible = False
21.9781 	EXP 	window1: mouseVisible = True
21.9945 	EXP 	window1: mouseVisible = False
21.9946 	EXP 	window1: mouseVisible = True
22.0116 	EXP 	window1: mouseVisible = False
22.0117 	EXP 	window1: mouseVisible = True
22.0283 	EXP 	window1: mouseVisible = False
22.0285 	EXP 	window1: mouseVisible = True
22.0445 	EXP 	window1: mouseVisible = False
22.0447 	EXP 	window1: mouseVisible = True
22.0619 	EXP 	window1: mouseVisible = False
22.0621 	EXP 	window1: mouseVisible = True
22.0780 	EXP 	window1: mouseVisible = False
22.0783 	EXP 	window1: mouseVisible = True
22.0944 	EXP 	window1: mouseVisible = False
22.0946 	EXP 	window1: mouseVisible = True
22.1117 	EXP 	window1: mouseVisible = False
22.1119 	EXP 	window1: mouseVisible = True
22.1281 	EXP 	window1: mouseVisible = False
22.1283 	EXP 	window1: mouseVisible = True
22.1450 	EXP 	window1: mouseVisible = False
22.1452 	EXP 	window1: mouseVisible = True
22.1616 	EXP 	window1: mouseVisible = False
22.1620 	EXP 	window1: mouseVisible = True
22.1783 	EXP 	window1: mouseVisible = False
22.1786 	EXP 	window1: mouseVisible = True
22.1948 	EXP 	window1: mouseVisible = False
22.1950 	EXP 	window1: mouseVisible = True
22.2115 	EXP 	window1: mouseVisible = False
22.2117 	EXP 	window1: mouseVisible = True
22.2280 	EXP 	window1: mouseVisible = False
22.2282 	EXP 	window1: mouseVisible = True
22.2448 	EXP 	window1: mouseVisible = False
22.2450 	EXP 	window1: mouseVisible = True
22.2621 	EXP 	window1: mouseVisible = False
22.2625 	EXP 	window1: mouseVisible = True
22.2786 	EXP 	window1: mouseVisible = False
22.2789 	EXP 	window1: mouseVisible = True
22.2952 	EXP 	window1: mouseVisible = False
22.2953 	EXP 	window1: mouseVisible = True
22.3116 	EXP 	window1: mouseVisible = False
22.3118 	EXP 	window1: mouseVisible = True
22.3284 	EXP 	window1: mouseVisible = False
22.3286 	EXP 	window1: mouseVisible = True
22.3446 	EXP 	window1: mouseVisible = False
22.3448 	EXP 	window1: mouseVisible = True
22.3616 	EXP 	window1: mouseVisible = False
22.3617 	EXP 	window1: mouseVisible = True
22.3785 	EXP 	window1: mouseVisible = False
22.3790 	EXP 	window1: mouseVisible = True
22.3953 	EXP 	window1: mouseVisible = False
22.3955 	EXP 	window1: mouseVisible = True
22.4120 	EXP 	window1: mouseVisible = False
22.4122 	EXP 	window1: mouseVisible = True
22.4283 	EXP 	window1: mouseVisible = False
22.4285 	EXP 	window1: mouseVisible = True
22.4447 	EXP 	window1: mouseVisible = False
22.4449 	EXP 	window1: mouseVisible = True
22.4622 	EXP 	window1: mouseVisible = False
22.4624 	EXP 	window1: mouseVisible = True
22.4787 	EXP 	window1: mouseVisible = False
22.4790 	EXP 	window1: mouseVisible = True
22.4955 	EXP 	window1: mouseVisible = False
22.4957 	EXP 	window1: mouseVisible = True
22.5121 	EXP 	window1: mouseVisible = False
22.5123 	EXP 	window1: mouseVisible = True
22.5284 	EXP 	window1: mouseVisible = False
22.5286 	EXP 	window1: mouseVisible = True
22.5453 	EXP 	window1: mouseVisible = False
22.5456 	EXP 	window1: mouseVisible = True
22.5618 	EXP 	window1: mouseVisible = False
22.5619 	EXP 	window1: mouseVisible = True
22.5789 	EXP 	window1: mouseVisible = False
22.5790 	EXP 	window1: mouseVisible = True
22.5951 	EXP 	window1: mouseVisible = False
22.5955 	EXP 	window1: mouseVisible = True
22.5957 	DATA 	Mouse: Left button down, pos=(1236,860)
22.6121 	EXP 	window1: mouseVisible = False
22.6123 	EXP 	window1: mouseVisible = True
22.6284 	EXP 	window1: mouseVisible = False
22.6286 	EXP 	window1: mouseVisible = True
22.6450 	EXP 	window1: mouseVisible = False
22.6452 	EXP 	window1: mouseVisible = True
22.6620 	EXP 	window1: mouseVisible = False
22.6622 	EXP 	window1: mouseVisible = True
22.6783 	EXP 	window1: mouseVisible = False
22.6785 	EXP 	window1: mouseVisible = True
22.6788 	DATA 	Mouse:  Left button up, pos=(1236,860)
22.6957 	EXP 	window1: mouseVisible = False
22.6959 	EXP 	window1: mouseVisible = True
22.7117 	EXP 	window1: mouseVisible = False
22.7119 	EXP 	window1: mouseVisible = True
22.7287 	EXP 	window1: mouseVisible = False
22.7289 	EXP 	window1: mouseVisible = True
22.7456 	EXP 	window1: mouseVisible = False
22.7459 	EXP 	window1: mouseVisible = True
22.7622 	EXP 	window1: mouseVisible = False
22.7624 	EXP 	window1: mouseVisible = True
22.7787 	EXP 	window1: mouseVisible = False
22.7789 	EXP 	window1: mouseVisible = True
22.7954 	EXP 	window1: mouseVisible = False
22.7957 	EXP 	window1: mouseVisible = True
22.8118 	EXP 	window1: mouseVisible = False
22.8121 	EXP 	window1: mouseVisible = True
22.8293 	EXP 	window1: mouseVisible = False
22.8294 	EXP 	window1: mouseVisible = True
22.8454 	EXP 	window1: mouseVisible = False
22.8457 	EXP 	window1: mouseVisible = True
22.8626 	EXP 	window1: mouseVisible = False
22.8628 	EXP 	window1: mouseVisible = True
22.8789 	EXP 	window1: mouseVisible = False
22.8791 	EXP 	window1: mouseVisible = True
22.8954 	EXP 	window1: mouseVisible = False
22.8956 	EXP 	window1: mouseVisible = True
22.9119 	EXP 	window1: mouseVisible = False
22.9122 	EXP 	window1: mouseVisible = True
22.9286 	EXP 	window1: mouseVisible = False
22.9288 	EXP 	window1: mouseVisible = True
22.9453 	EXP 	window1: mouseVisible = False
22.9455 	EXP 	window1: mouseVisible = True
22.9627 	EXP 	window1: mouseVisible = False
22.9628 	EXP 	window1: mouseVisible = True
22.9792 	EXP 	window1: mouseVisible = False
22.9794 	EXP 	window1: mouseVisible = True
22.9957 	EXP 	window1: mouseVisible = False
22.9959 	EXP 	window1: mouseVisible = True
23.0119 	EXP 	window1: mouseVisible = False
23.0121 	EXP 	window1: mouseVisible = True
23.0290 	EXP 	window1: mouseVisible = False
23.0294 	EXP 	window1: mouseVisible = True
23.0455 	EXP 	window1: mouseVisible = False
23.0457 	EXP 	window1: mouseVisible = True
23.0623 	EXP 	window1: mouseVisible = False
23.0625 	EXP 	window1: mouseVisible = True
23.0789 	EXP 	window1: mouseVisible = False
23.0792 	EXP 	window1: mouseVisible = True
23.0956 	EXP 	window1: mouseVisible = False
23.0959 	EXP 	window1: mouseVisible = True
23.1121 	EXP 	window1: mouseVisible = False
23.1122 	EXP 	window1: mouseVisible = True
23.1287 	EXP 	window1: mouseVisible = False
23.1289 	EXP 	window1: mouseVisible = True
23.1458 	EXP 	window1: mouseVisible = False
23.1461 	EXP 	window1: mouseVisible = True
23.1628 	EXP 	window1: mouseVisible = False
23.1630 	EXP 	window1: mouseVisible = True
23.1791 	EXP 	window1: mouseVisible = False
23.1793 	EXP 	window1: mouseVisible = True
23.1954 	EXP 	window1: mouseVisible = False
23.1956 	EXP 	window1: mouseVisible = True
23.2122 	EXP 	window1: mouseVisible = False
23.2124 	EXP 	window1: mouseVisible = True
23.2289 	EXP 	window1: mouseVisible = False
23.2291 	EXP 	window1: mouseVisible = True
23.2457 	EXP 	window1: mouseVisible = False
23.2460 	EXP 	window1: mouseVisible = True
23.2624 	EXP 	window1: mouseVisible = False
23.2626 	EXP 	window1: mouseVisible = True
23.2793 	EXP 	window1: mouseVisible = False
23.2794 	EXP 	window1: mouseVisible = True
23.2957 	EXP 	window1: mouseVisible = False
23.2959 	EXP 	window1: mouseVisible = True
23.3121 	EXP 	window1: mouseVisible = False
23.3123 	EXP 	window1: mouseVisible = True
23.3288 	EXP 	window1: mouseVisible = False
23.3290 	EXP 	window1: mouseVisible = True
23.3461 	EXP 	window1: mouseVisible = False
23.3464 	EXP 	window1: mouseVisible = True
23.3625 	EXP 	window1: mouseVisible = False
23.3628 	EXP 	window1: mouseVisible = True
23.3791 	EXP 	window1: mouseVisible = False
23.3793 	EXP 	window1: mouseVisible = True
23.3960 	EXP 	window1: mouseVisible = False
23.3963 	EXP 	window1: mouseVisible = True
23.4128 	EXP 	window1: mouseVisible = False
23.4131 	EXP 	window1: mouseVisible = True
23.4294 	EXP 	window1: mouseVisible = False
23.4298 	EXP 	window1: mouseVisible = True
23.4458 	EXP 	window1: mouseVisible = False
23.4460 	EXP 	window1: mouseVisible = True
23.4623 	EXP 	window1: mouseVisible = False
23.4624 	EXP 	window1: mouseVisible = True
23.4790 	EXP 	window1: mouseVisible = False
23.4791 	EXP 	window1: mouseVisible = True
23.4958 	EXP 	window1: mouseVisible = False
23.4959 	EXP 	window1: mouseVisible = True
23.5123 	EXP 	window1: mouseVisible = False
23.5125 	EXP 	window1: mouseVisible = True
23.5290 	EXP 	window1: mouseVisible = False
23.5292 	EXP 	window1: mouseVisible = True
23.5457 	EXP 	window1: mouseVisible = False
23.5458 	EXP 	window1: mouseVisible = True
23.5623 	EXP 	window1: mouseVisible = False
23.5625 	EXP 	window1: mouseVisible = True
23.5791 	EXP 	window1: mouseVisible = False
23.5794 	EXP 	window1: mouseVisible = True
23.5957 	EXP 	window1: mouseVisible = False
23.5958 	EXP 	window1: mouseVisible = True
23.6124 	EXP 	window1: mouseVisible = False
23.6126 	EXP 	window1: mouseVisible = True
23.6291 	EXP 	window1: mouseVisible = False
23.6293 	EXP 	window1: mouseVisible = True
23.6458 	EXP 	window1: mouseVisible = False
23.6459 	EXP 	window1: mouseVisible = True
23.6624 	EXP 	window1: mouseVisible = False
23.6626 	EXP 	window1: mouseVisible = True
23.6792 	EXP 	window1: mouseVisible = False
23.6794 	EXP 	window1: mouseVisible = True
23.6958 	EXP 	window1: mouseVisible = False
23.6960 	EXP 	window1: mouseVisible = True
23.7125 	EXP 	window1: mouseVisible = False
23.7127 	EXP 	window1: mouseVisible = True
23.7292 	EXP 	window1: mouseVisible = False
23.7294 	EXP 	window1: mouseVisible = True
23.7459 	EXP 	window1: mouseVisible = False
23.7461 	EXP 	window1: mouseVisible = True
23.7625 	EXP 	window1: mouseVisible = False
23.7627 	EXP 	window1: mouseVisible = True
23.7792 	EXP 	window1: mouseVisible = False
23.7794 	EXP 	window1: mouseVisible = True
23.7796 	DATA 	Mouse: Left button down, pos=(1386,582)
23.7959 	EXP 	window1: mouseVisible = False
23.7962 	EXP 	window1: mouseVisible = True
23.8126 	EXP 	window1: mouseVisible = False
23.8128 	EXP 	window1: mouseVisible = True
23.8293 	EXP 	window1: mouseVisible = False
23.8295 	EXP 	window1: mouseVisible = True
23.8460 	EXP 	window1: mouseVisible = False
23.8461 	EXP 	window1: mouseVisible = True
23.8627 	EXP 	window1: mouseVisible = False
23.8628 	EXP 	window1: mouseVisible = True
23.8793 	EXP 	window1: mouseVisible = False
23.8795 	EXP 	window1: mouseVisible = True
23.8960 	EXP 	window1: mouseVisible = False
23.8961 	EXP 	window1: mouseVisible = True
23.8964 	DATA 	Mouse:  Left button up, pos=(1384,580)
23.9127 	EXP 	window1: mouseVisible = False
23.9129 	EXP 	window1: mouseVisible = True
23.9294 	EXP 	window1: mouseVisible = False
23.9295 	EXP 	window1: mouseVisible = True
23.9460 	EXP 	window1: mouseVisible = False
23.9462 	EXP 	window1: mouseVisible = True
23.9627 	EXP 	window1: mouseVisible = False
23.9628 	EXP 	window1: mouseVisible = True
23.9794 	EXP 	window1: mouseVisible = False
23.9795 	EXP 	window1: mouseVisible = True
23.9960 	EXP 	window1: mouseVisible = False
23.9962 	EXP 	window1: mouseVisible = True
24.0127 	EXP 	window1: mouseVisible = False
24.0130 	EXP 	window1: mouseVisible = True
24.0299 	EXP 	window1: mouseVisible = False
24.0301 	EXP 	window1: mouseVisible = True
24.0465 	EXP 	window1: mouseVisible = False
24.0467 	EXP 	window1: mouseVisible = True
24.0627 	EXP 	window1: mouseVisible = False
24.0629 	EXP 	window1: mouseVisible = True
24.0797 	EXP 	window1: mouseVisible = False
24.0799 	EXP 	window1: mouseVisible = True
24.0965 	EXP 	window1: mouseVisible = False
24.0967 	EXP 	window1: mouseVisible = True
24.1130 	EXP 	window1: mouseVisible = False
24.1133 	EXP 	window1: mouseVisible = True
24.1297 	EXP 	window1: mouseVisible = False
24.1300 	EXP 	window1: mouseVisible = True
24.1468 	EXP 	window1: mouseVisible = False
24.1470 	EXP 	window1: mouseVisible = True
24.1629 	EXP 	window1: mouseVisible = False
24.1631 	EXP 	window1: mouseVisible = True
24.1797 	EXP 	window1: mouseVisible = False
24.1799 	EXP 	window1: mouseVisible = True
24.1968 	EXP 	window1: mouseVisible = False
24.1969 	EXP 	window1: mouseVisible = True
24.2131 	EXP 	window1: mouseVisible = False
24.2133 	EXP 	window1: mouseVisible = True
24.2300 	EXP 	window1: mouseVisible = False
24.2303 	EXP 	window1: mouseVisible = True
24.2465 	EXP 	window1: mouseVisible = False
24.2467 	EXP 	window1: mouseVisible = True
24.2631 	EXP 	window1: mouseVisible = False
24.2633 	EXP 	window1: mouseVisible = True
24.2802 	EXP 	window1: mouseVisible = False
24.2805 	EXP 	window1: mouseVisible = True
24.2966 	EXP 	window1: mouseVisible = False
24.2968 	EXP 	window1: mouseVisible = True
24.3131 	EXP 	window1: mouseVisible = False
24.3133 	EXP 	window1: mouseVisible = True
24.3301 	EXP 	window1: mouseVisible = False
24.3303 	EXP 	window1: mouseVisible = True
24.3471 	EXP 	window1: mouseVisible = False
24.3474 	EXP 	window1: mouseVisible = True
24.3630 	EXP 	window1: mouseVisible = False
24.3632 	EXP 	window1: mouseVisible = True
24.3805 	EXP 	window1: mouseVisible = False
24.3807 	EXP 	window1: mouseVisible = True
24.3969 	EXP 	window1: mouseVisible = False
24.3971 	EXP 	window1: mouseVisible = True
24.4131 	EXP 	window1: mouseVisible = False
24.4132 	EXP 	window1: mouseVisible = True
24.4298 	EXP 	window1: mouseVisible = False
24.4300 	EXP 	window1: mouseVisible = True
24.4467 	EXP 	window1: mouseVisible = False
24.4469 	EXP 	window1: mouseVisible = True
24.4631 	EXP 	window1: mouseVisible = False
24.4632 	EXP 	window1: mouseVisible = True
24.4802 	EXP 	window1: mouseVisible = False
24.4804 	EXP 	window1: mouseVisible = True
24.4965 	EXP 	window1: mouseVisible = False
24.4967 	EXP 	window1: mouseVisible = True
24.4969 	DATA 	Mouse: Left button down, pos=(774,1195)
24.6240 	EXP 	window1: mouseVisible = True
